[0.006s] Invoking command in '/home/jin/harco/ecvt2_ws/build/ecvt2_controller': CMAKE_PREFIX_PATH=${CMAKE_PREFIX_PATH}:/home/jin/harco/ecvt2_ws/install/ecvt2_sim:/opt/ros/humble /usr/bin/cmake /home/jin/harco/ecvt2_ws/ecvt2_controller -DCMAKE_INSTALL_PREFIX=/home/jin/harco/ecvt2_ws/install/ecvt2_controller
[0.012s] -- Found ament_cmake: 1.3.12 (/opt/ros/humble/share/ament_cmake/cmake)
[0.090s] -- Override CMake install command with custom implementation using symlinks instead of copying resources
[0.093s] -- Found rclcpp: 16.0.16 (/opt/ros/humble/share/rclcpp/cmake)
[0.109s] -- Found rosidl_generator_c: 3.1.7 (/opt/ros/humble/share/rosidl_generator_c/cmake)
[0.111s] -- Found rosidl_adapter: 3.1.7 (/opt/ros/humble/share/rosidl_adapter/cmake)
[0.116s] -- Found rosidl_generator_cpp: 3.1.7 (/opt/ros/humble/share/rosidl_generator_cpp/cmake)
[0.123s] -- Using all available rosidl_typesupport_c: rosidl_typesupport_fastrtps_c;rosidl_typesupport_introspection_c
[0.131s] -- Using all available rosidl_typesupport_cpp: rosidl_typesupport_fastrtps_cpp;rosidl_typesupport_introspection_cpp
[0.149s] -- Found rmw_implementation_cmake: 6.1.2 (/opt/ros/humble/share/rmw_implementation_cmake/cmake)
[0.150s] -- Found rmw_fastrtps_cpp: 6.2.9 (/opt/ros/humble/share/rmw_fastrtps_cpp/cmake)
[0.214s] -- Using RMW implementation 'rmw_fastrtps_cpp' as default
[0.240s] -- Found geometry_msgs: 4.9.0 (/opt/ros/humble/share/geometry_msgs/cmake)
[0.246s] -- Found sensor_msgs: 4.9.0 (/opt/ros/humble/share/sensor_msgs/cmake)
[0.259s] -- Found visualization_msgs: 4.9.0 (/opt/ros/humble/share/visualization_msgs/cmake)
[0.271s] -- Found trajectory_msgs: 4.9.0 (/opt/ros/humble/share/trajectory_msgs/cmake)
[0.282s] -- pinocchio_default FOUND. pinocchio_default at /opt/ros/humble/lib/x86_64-linux-gnu/libpinocchio_default.so
[0.282s] -- pinocchio_parsers FOUND. pinocchio_parsers at /opt/ros/humble/lib/x86_64-linux-gnu/libpinocchio_parsers.so
[0.283s] -- pinocchio_casadi not FOUND.
[0.283s] -- boost_filesystem FOUND. boost_filesystem at /usr/lib/x86_64-linux-gnu/libboost_filesystem.so
[0.288s] -- Found Boost: /usr/include (found version "1.74.0") found components: filesystem serialization 
[0.288s] CMake Warning at /opt/openrobots/lib/cmake/hpp-fcl/hpp-fclConfig.cmake:4 (message):
[0.288s]   Please update your CMake from 'hpp-fcl' to 'coal', or define
[0.289s]   COAL_DISABLE_HPP_FCL_WARNINGS
[0.289s] Call Stack (most recent call first):
[0.289s]   /usr/share/cmake-3.22/Modules/CMakeFindDependencyMacro.cmake:47 (find_package)
[0.289s]   /opt/openrobots/lib/cmake/pinocchio/pinocchioConfig.cmake:161 (find_dependency)
[0.289s]   CMakeLists.txt:20 (find_package)
[0.289s] 
[0.289s] 
[0.290s] -- coal not FOUND.
[0.293s] -- Found Boost: /usr/include (found version "1.74.0") found components: serialization filesystem 
[0.474s] -- Default C++ standard: 201703
[0.474s] -- C++ standard sufficient: Minimal required 11, currently defined: 17
[0.474s] -- CMAKE_CXX_STANDARD was not set: automatically set to currently defined standard 17
[0.475s] -- C++ standard sufficient: Minimal required 11, currently defined: 17
[0.491s] -- Found ament_lint_auto: 0.12.14 (/opt/ros/humble/share/ament_lint_auto/cmake)
[0.544s] -- Added test 'cppcheck' to perform static code analysis on C / C++ code
[0.544s] -- Configured cppcheck include dirs: $<BUILD_INTERFACE:/home/jin/harco/ecvt2_ws/ecvt2_controller/include>
[0.544s] -- Configured cppcheck exclude dirs and/or files: 
[0.545s] -- Added test 'lint_cmake' to check CMake code style
[0.545s] -- Added test 'uncrustify' to check C / C++ code style
[0.545s] -- Configured uncrustify additional arguments: 
[0.545s] -- Added test 'xmllint' to check XML markup files
[0.546s] -- Configuring done
[0.556s] CMake Warning at CMakeLists.txt:48 (add_executable):
[0.556s]   Cannot generate a safe runtime search path for target base_opt_controller
[0.556s]   because files in some directories may conflict with libraries in implicit
[0.556s]   directories:
[0.556s] 
[0.556s]     runtime library [liburdfdom_sensor.so.3.0] in /usr/lib/x86_64-linux-gnu may be hidden by files in:
[0.556s]       /opt/ros/humble/lib/x86_64-linux-gnu
[0.556s]     runtime library [liburdfdom_model_state.so.3.0] in /usr/lib/x86_64-linux-gnu may be hidden by files in:
[0.556s]       /opt/ros/humble/lib/x86_64-linux-gnu
[0.557s]     runtime library [liburdfdom_model.so.3.0] in /usr/lib/x86_64-linux-gnu may be hidden by files in:
[0.557s]       /opt/ros/humble/lib/x86_64-linux-gnu
[0.557s]     runtime library [liburdfdom_world.so.3.0] in /usr/lib/x86_64-linux-gnu may be hidden by files in:
[0.557s]       /opt/ros/humble/lib/x86_64-linux-gnu
[0.557s]     runtime library [liboctomap.so.1.9] in /usr/lib/x86_64-linux-gnu may be hidden by files in:
[0.557s]       /opt/ros/humble/lib/x86_64-linux-gnu
[0.557s]     runtime library [liboctomath.so.1.9] in /usr/lib/x86_64-linux-gnu may be hidden by files in:
[0.557s]       /opt/ros/humble/lib/x86_64-linux-gnu
[0.557s] 
[0.557s]   Some of these libraries may not be found correctly.
[0.557s] 
[0.557s] 
[0.557s] CMake Warning at CMakeLists.txt:48 (add_executable):
[0.557s]   Cannot generate a safe runtime search path for target base_opt_controller
[0.557s]   because there is a cycle in the constraint graph:
[0.558s] 
[0.558s]     dir 0 is [/usr/local/lib]
[0.558s]     dir 1 is [/opt/ros/humble/lib]
[0.558s]     dir 2 is [/opt/ros/humble/lib/x86_64-linux-gnu]
[0.558s]       dir 3 must precede it due to runtime library [libpinocchio_parsers.so.3.9.0]
[0.558s]     dir 3 is [/opt/openrobots/lib]
[0.558s]       dir 2 must precede it due to runtime library [libpinocchio_default.so.3.9.0]
[0.558s] 
[0.558s]   Some of these libraries may not be found correctly.
[0.558s] 
[0.558s] 
[0.559s] CMake Warning at CMakeLists.txt:59 (add_executable):
[0.559s]   Cannot generate a safe runtime search path for target wbc_hqp because files
[0.559s]   in some directories may conflict with libraries in implicit directories:
[0.559s] 
[0.559s]     runtime library [liburdfdom_sensor.so.3.0] in /usr/lib/x86_64-linux-gnu may be hidden by files in:
[0.559s]       /opt/ros/humble/lib/x86_64-linux-gnu
[0.559s]     runtime library [liburdfdom_model_state.so.3.0] in /usr/lib/x86_64-linux-gnu may be hidden by files in:
[0.559s]       /opt/ros/humble/lib/x86_64-linux-gnu
[0.559s]     runtime library [liburdfdom_model.so.3.0] in /usr/lib/x86_64-linux-gnu may be hidden by files in:
[0.559s]       /opt/ros/humble/lib/x86_64-linux-gnu
[0.559s]     runtime library [liburdfdom_world.so.3.0] in /usr/lib/x86_64-linux-gnu may be hidden by files in:
[0.559s]       /opt/ros/humble/lib/x86_64-linux-gnu
[0.559s]     runtime library [liboctomap.so.1.9] in /usr/lib/x86_64-linux-gnu may be hidden by files in:
[0.559s]       /opt/ros/humble/lib/x86_64-linux-gnu
[0.559s]     runtime library [liboctomath.so.1.9] in /usr/lib/x86_64-linux-gnu may be hidden by files in:
[0.559s]       /opt/ros/humble/lib/x86_64-linux-gnu
[0.559s] 
[0.559s]   Some of these libraries may not be found correctly.
[0.559s] 
[0.559s] 
[0.559s] CMake Warning at CMakeLists.txt:59 (add_executable):
[0.559s]   Cannot generate a safe runtime search path for target wbc_hqp because there
[0.559s]   is a cycle in the constraint graph:
[0.559s] 
[0.559s]     dir 0 is [/usr/local/lib]
[0.559s]     dir 1 is [/opt/ros/humble/lib]
[0.560s]     dir 2 is [/opt/ros/humble/lib/x86_64-linux-gnu]
[0.560s]       dir 3 must precede it due to runtime library [libpinocchio_parsers.so.3.9.0]
[0.560s]     dir 3 is [/opt/openrobots/lib]
[0.560s]       dir 2 must precede it due to runtime library [libpinocchio_default.so.3.9.0]
[0.560s] 
[0.560s]   Some of these libraries may not be found correctly.
[0.560s] 
[0.560s] 
[0.562s] CMake Warning at CMakeLists.txt:70 (add_executable):
[0.562s]   Cannot generate a safe runtime search path for target wbc_hqp_v2 because
[0.562s]   files in some directories may conflict with libraries in implicit
[0.562s]   directories:
[0.562s] 
[0.562s]     runtime library [liburdfdom_sensor.so.3.0] in /usr/lib/x86_64-linux-gnu may be hidden by files in:
[0.562s]       /opt/ros/humble/lib/x86_64-linux-gnu
[0.562s]     runtime library [liburdfdom_model_state.so.3.0] in /usr/lib/x86_64-linux-gnu may be hidden by files in:
[0.562s]       /opt/ros/humble/lib/x86_64-linux-gnu
[0.562s]     runtime library [liburdfdom_model.so.3.0] in /usr/lib/x86_64-linux-gnu may be hidden by files in:
[0.562s]       /opt/ros/humble/lib/x86_64-linux-gnu
[0.562s]     runtime library [liburdfdom_world.so.3.0] in /usr/lib/x86_64-linux-gnu may be hidden by files in:
[0.562s]       /opt/ros/humble/lib/x86_64-linux-gnu
[0.562s]     runtime library [liboctomap.so.1.9] in /usr/lib/x86_64-linux-gnu may be hidden by files in:
[0.562s]       /opt/ros/humble/lib/x86_64-linux-gnu
[0.562s]     runtime library [liboctomath.so.1.9] in /usr/lib/x86_64-linux-gnu may be hidden by files in:
[0.562s]       /opt/ros/humble/lib/x86_64-linux-gnu
[0.562s] 
[0.562s]   Some of these libraries may not be found correctly.
[0.562s] 
[0.562s] 
[0.562s] CMake Warning at CMakeLists.txt:70 (add_executable):
[0.562s]   Cannot generate a safe runtime search path for target wbc_hqp_v2 because
[0.562s]   there is a cycle in the constraint graph:
[0.562s] 
[0.562s]     dir 0 is [/usr/local/lib]
[0.562s]     dir 1 is [/opt/ros/humble/lib]
[0.562s]     dir 2 is [/opt/ros/humble/lib/x86_64-linux-gnu]
[0.562s]       dir 3 must precede it due to runtime library [libpinocchio_parsers.so.3.9.0]
[0.562s]     dir 3 is [/opt/openrobots/lib]
[0.562s]       dir 2 must precede it due to runtime library [libpinocchio_default.so.3.9.0]
[0.562s] 
[0.562s]   Some of these libraries may not be found correctly.
[0.562s] 
[0.562s] 
[0.564s] CMake Warning at CMakeLists.txt:82 (add_executable):
[0.564s]   Cannot generate a safe runtime search path for target wbc_hqp_v3 because
[0.564s]   files in some directories may conflict with libraries in implicit
[0.564s]   directories:
[0.564s] 
[0.564s]     runtime library [liburdfdom_sensor.so.3.0] in /usr/lib/x86_64-linux-gnu may be hidden by files in:
[0.564s]       /opt/ros/humble/lib/x86_64-linux-gnu
[0.564s]     runtime library [liburdfdom_model_state.so.3.0] in /usr/lib/x86_64-linux-gnu may be hidden by files in:
[0.564s]       /opt/ros/humble/lib/x86_64-linux-gnu
[0.565s]     runtime library [liburdfdom_model.so.3.0] in /usr/lib/x86_64-linux-gnu may be hidden by files in:
[0.565s]       /opt/ros/humble/lib/x86_64-linux-gnu
[0.565s]     runtime library [liburdfdom_world.so.3.0] in /usr/lib/x86_64-linux-gnu may be hidden by files in:
[0.565s]       /opt/ros/humble/lib/x86_64-linux-gnu
[0.565s]     runtime library [liboctomap.so.1.9] in /usr/lib/x86_64-linux-gnu may be hidden by files in:
[0.565s]       /opt/ros/humble/lib/x86_64-linux-gnu
[0.565s]     runtime library [liboctomath.so.1.9] in /usr/lib/x86_64-linux-gnu may be hidden by files in:
[0.565s]       /opt/ros/humble/lib/x86_64-linux-gnu
[0.565s] 
[0.565s]   Some of these libraries may not be found correctly.
[0.565s] 
[0.565s] 
[0.565s] CMake Warning at CMakeLists.txt:82 (add_executable):
[0.565s]   Cannot generate a safe runtime search path for target wbc_hqp_v3 because
[0.565s]   there is a cycle in the constraint graph:
[0.565s] 
[0.565s]     dir 0 is [/usr/local/lib]
[0.565s]     dir 1 is [/opt/ros/humble/lib]
[0.565s]     dir 2 is [/opt/ros/humble/lib/x86_64-linux-gnu]
[0.565s]       dir 3 must precede it due to runtime library [libpinocchio_parsers.so.3.9.0]
[0.565s]     dir 3 is [/opt/openrobots/lib]
[0.565s]       dir 2 must precede it due to runtime library [libpinocchio_default.so.3.9.0]
[0.565s] 
[0.565s]   Some of these libraries may not be found correctly.
[0.565s] 
[0.565s] 
[0.567s] CMake Warning at CMakeLists.txt:94 (add_executable):
[0.567s]   Cannot generate a safe runtime search path for target
[0.567s]   base_arm_task_controller because files in some directories may conflict
[0.567s]   with libraries in implicit directories:
[0.567s] 
[0.567s]     runtime library [liburdfdom_sensor.so.3.0] in /usr/lib/x86_64-linux-gnu may be hidden by files in:
[0.567s]       /opt/ros/humble/lib/x86_64-linux-gnu
[0.567s]     runtime library [liburdfdom_model_state.so.3.0] in /usr/lib/x86_64-linux-gnu may be hidden by files in:
[0.567s]       /opt/ros/humble/lib/x86_64-linux-gnu
[0.567s]     runtime library [liburdfdom_model.so.3.0] in /usr/lib/x86_64-linux-gnu may be hidden by files in:
[0.567s]       /opt/ros/humble/lib/x86_64-linux-gnu
[0.567s]     runtime library [liburdfdom_world.so.3.0] in /usr/lib/x86_64-linux-gnu may be hidden by files in:
[0.567s]       /opt/ros/humble/lib/x86_64-linux-gnu
[0.567s]     runtime library [liboctomap.so.1.9] in /usr/lib/x86_64-linux-gnu may be hidden by files in:
[0.567s]       /opt/ros/humble/lib/x86_64-linux-gnu
[0.567s]     runtime library [liboctomath.so.1.9] in /usr/lib/x86_64-linux-gnu may be hidden by files in:
[0.567s]       /opt/ros/humble/lib/x86_64-linux-gnu
[0.567s] 
[0.567s]   Some of these libraries may not be found correctly.
[0.567s] 
[0.567s] 
[0.567s] CMake Warning at CMakeLists.txt:94 (add_executable):
[0.567s]   Cannot generate a safe runtime search path for target
[0.567s]   base_arm_task_controller because there is a cycle in the constraint graph:
[0.567s] 
[0.567s]     dir 0 is [/usr/local/lib]
[0.567s]     dir 1 is [/opt/ros/humble/lib]
[0.568s]     dir 2 is [/opt/ros/humble/lib/x86_64-linux-gnu]
[0.568s]       dir 3 must precede it due to runtime library [libpinocchio_parsers.so.3.9.0]
[0.568s]     dir 3 is [/opt/openrobots/lib]
[0.568s]       dir 2 must precede it due to runtime library [libpinocchio_default.so.3.9.0]
[0.568s] 
[0.568s]   Some of these libraries may not be found correctly.
[0.568s] 
[0.568s] 
[0.570s] CMake Warning at CMakeLists.txt:105 (add_executable):
[0.570s]   Cannot generate a safe runtime search path for target
[0.570s]   base_arm_task_controller_v2 because files in some directories may conflict
[0.570s]   with libraries in implicit directories:
[0.570s] 
[0.570s]     runtime library [liburdfdom_sensor.so.3.0] in /usr/lib/x86_64-linux-gnu may be hidden by files in:
[0.570s]       /opt/ros/humble/lib/x86_64-linux-gnu
[0.570s]     runtime library [liburdfdom_model_state.so.3.0] in /usr/lib/x86_64-linux-gnu may be hidden by files in:
[0.570s]       /opt/ros/humble/lib/x86_64-linux-gnu
[0.570s]     runtime library [liburdfdom_model.so.3.0] in /usr/lib/x86_64-linux-gnu may be hidden by files in:
[0.570s]       /opt/ros/humble/lib/x86_64-linux-gnu
[0.570s]     runtime library [liburdfdom_world.so.3.0] in /usr/lib/x86_64-linux-gnu may be hidden by files in:
[0.570s]       /opt/ros/humble/lib/x86_64-linux-gnu
[0.570s]     runtime library [liboctomap.so.1.9] in /usr/lib/x86_64-linux-gnu may be hidden by files in:
[0.570s]       /opt/ros/humble/lib/x86_64-linux-gnu
[0.570s]     runtime library [liboctomath.so.1.9] in /usr/lib/x86_64-linux-gnu may be hidden by files in:
[0.570s]       /opt/ros/humble/lib/x86_64-linux-gnu
[0.570s] 
[0.570s]   Some of these libraries may not be found correctly.
[0.570s] 
[0.570s] 
[0.570s] CMake Warning at CMakeLists.txt:105 (add_executable):
[0.570s]   Cannot generate a safe runtime search path for target
[0.570s]   base_arm_task_controller_v2 because there is a cycle in the constraint
[0.570s]   graph:
[0.570s] 
[0.570s]     dir 0 is [/usr/local/lib]
[0.570s]     dir 1 is [/opt/ros/humble/lib]
[0.570s]     dir 2 is [/opt/ros/humble/lib/x86_64-linux-gnu]
[0.570s]       dir 3 must precede it due to runtime library [libpinocchio_parsers.so.3.9.0]
[0.570s]     dir 3 is [/opt/openrobots/lib]
[0.570s]       dir 2 must precede it due to runtime library [libpinocchio_default.so.3.9.0]
[0.570s] 
[0.570s]   Some of these libraries may not be found correctly.
[0.570s] 
[0.570s] 
[0.575s] CMake Warning at CMakeLists.txt:129 (add_executable):
[0.575s]   Cannot generate a safe runtime search path for target pin_test because
[0.575s]   files in some directories may conflict with libraries in implicit
[0.575s]   directories:
[0.575s] 
[0.575s]     runtime library [liburdfdom_sensor.so.3.0] in /usr/lib/x86_64-linux-gnu may be hidden by files in:
[0.575s]       /opt/ros/humble/lib/x86_64-linux-gnu
[0.575s]     runtime library [liburdfdom_model_state.so.3.0] in /usr/lib/x86_64-linux-gnu may be hidden by files in:
[0.575s]       /opt/ros/humble/lib/x86_64-linux-gnu
[0.576s]     runtime library [liburdfdom_model.so.3.0] in /usr/lib/x86_64-linux-gnu may be hidden by files in:
[0.576s]       /opt/ros/humble/lib/x86_64-linux-gnu
[0.576s]     runtime library [liburdfdom_world.so.3.0] in /usr/lib/x86_64-linux-gnu may be hidden by files in:
[0.576s]       /opt/ros/humble/lib/x86_64-linux-gnu
[0.576s]     runtime library [liboctomap.so.1.9] in /usr/lib/x86_64-linux-gnu may be hidden by files in:
[0.576s]       /opt/ros/humble/lib/x86_64-linux-gnu
[0.576s]     runtime library [liboctomath.so.1.9] in /usr/lib/x86_64-linux-gnu may be hidden by files in:
[0.576s]       /opt/ros/humble/lib/x86_64-linux-gnu
[0.576s] 
[0.576s]   Some of these libraries may not be found correctly.
[0.576s] 
[0.576s] 
[0.576s] CMake Warning at CMakeLists.txt:129 (add_executable):
[0.576s]   Cannot generate a safe runtime search path for target pin_test because
[0.576s]   there is a cycle in the constraint graph:
[0.576s] 
[0.576s]     dir 0 is [/opt/ros/humble/lib]
[0.576s]     dir 1 is [/opt/openrobots/lib]
[0.576s]       dir 2 must precede it due to runtime library [libpinocchio_default.so.3.9.0]
[0.576s]     dir 2 is [/opt/ros/humble/lib/x86_64-linux-gnu]
[0.576s]       dir 1 must precede it due to runtime library [libpinocchio_parsers.so.3.9.0]
[0.576s] 
[0.576s]   Some of these libraries may not be found correctly.
[0.576s] 
[0.576s] 
[0.583s] -- Generating done
[0.595s] -- Build files have been written to: /home/jin/harco/ecvt2_ws/build/ecvt2_controller
[0.601s] Invoked command in '/home/jin/harco/ecvt2_ws/build/ecvt2_controller' returned '0': CMAKE_PREFIX_PATH=${CMAKE_PREFIX_PATH}:/home/jin/harco/ecvt2_ws/install/ecvt2_sim:/opt/ros/humble /usr/bin/cmake /home/jin/harco/ecvt2_ws/ecvt2_controller -DCMAKE_INSTALL_PREFIX=/home/jin/harco/ecvt2_ws/install/ecvt2_controller
[0.602s] Invoking command in '/home/jin/harco/ecvt2_ws/build/ecvt2_controller': CMAKE_PREFIX_PATH=${CMAKE_PREFIX_PATH}:/home/jin/harco/ecvt2_ws/install/ecvt2_sim:/opt/ros/humble /usr/bin/cmake --build /home/jin/harco/ecvt2_ws/build/ecvt2_controller -- -j20 -l20
[0.631s] Consolidate compiler generated dependencies of target com_trajectory_publisher
[0.634s] Consolidate compiler generated dependencies of target wbc_hqp_lib
[0.635s] Consolidate compiler generated dependencies of target teleop_goal_publisher
[0.638s] Consolidate compiler generated dependencies of target vp_sto_global_planner_node
[0.638s] Consolidate compiler generated dependencies of target vp_sto_paper_global_planner_node
[0.638s] Consolidate compiler generated dependencies of target live_upper_dynamics_node
[0.639s] Consolidate compiler generated dependencies of target kdl_utils
[0.640s] [  7%] Built target com_trajectory_publisher
[0.642s] [ 14%] Built target wbc_hqp_lib
[0.642s] [ 21%] Built target teleop_goal_publisher
[0.651s] [ 28%] Built target live_upper_dynamics_node
[0.651s] [ 32%] Building CXX object CMakeFiles/vp_sto_global_planner_node.dir/src/vp_sto_global_planner_node.cpp.o
[0.652s] [ 39%] Built target vp_sto_paper_global_planner_node
[0.653s] [ 46%] Built target kdl_utils
[0.662s] Consolidate compiler generated dependencies of target wbc_hqp_v3
[0.662s] Consolidate compiler generated dependencies of target wbc_hqp_v2
[0.662s] Consolidate compiler generated dependencies of target wbc_hqp
[0.662s] Consolidate compiler generated dependencies of target base_arm_task_controller
[0.664s] Consolidate compiler generated dependencies of target base_opt_controller
[0.667s] Consolidate compiler generated dependencies of target base_arm_task_controller_v2
[0.670s] [ 57%] Built target wbc_hqp
[0.671s] [ 60%] Built target wbc_hqp_v3
[0.671s] [ 67%] Built target wbc_hqp_v2
[0.672s] [ 75%] Built target base_opt_controller
[0.672s] [ 82%] Built target base_arm_task_controller
[0.673s] Consolidate compiler generated dependencies of target pin_test
[0.678s] [ 89%] Built target base_arm_task_controller_v2
[0.688s] [ 96%] Built target pin_test
[3.614s] In file included from /opt/openrobots/include/hpp/fcl/config.hh:1,
[3.614s]                  from /opt/openrobots/include/pinocchio/serialization/eigen.hpp:20,
[3.614s]                  from /opt/openrobots/include/pinocchio/serialization/fwd.hpp:11,
[3.614s]                  from /opt/openrobots/include/pinocchio/multibody/joint/joint-composite.hpp:14,
[3.614s]                  from /opt/openrobots/include/pinocchio/multibody/joint/joint-generic.hpp:9,
[3.614s]                  from /opt/openrobots/include/pinocchio/multibody/model.hpp:17,
[3.614s]                  from /opt/openrobots/include/pinocchio/parsers/urdf.hpp:9,
[3.614s]                  from /home/jin/harco/ecvt2_ws/ecvt2_controller/src/vp_sto_global_planner_node.cpp:7:
[3.614s] /opt/openrobots/include/hpp/fcl/coal.hpp:12:99: note: ‘#pragma message: Please update your includes from 'hpp/fcl' to 'coal' or define COAL_DISABLE_HPP_FCL_WARNINGS’
[3.614s]    12 |     "Please update your includes from 'hpp/fcl' to 'coal' or define COAL_DISABLE_HPP_FCL_WARNINGS")
[3.614s]       |                                                                                                   ^
[39.008s] [100%] Linking CXX executable vp_sto_global_planner_node
[40.384s] [100%] Built target vp_sto_global_planner_node
[40.391s] Invoked command in '/home/jin/harco/ecvt2_ws/build/ecvt2_controller' returned '0': CMAKE_PREFIX_PATH=${CMAKE_PREFIX_PATH}:/home/jin/harco/ecvt2_ws/install/ecvt2_sim:/opt/ros/humble /usr/bin/cmake --build /home/jin/harco/ecvt2_ws/build/ecvt2_controller -- -j20 -l20
[40.397s] Invoking command in '/home/jin/harco/ecvt2_ws/build/ecvt2_controller': CMAKE_PREFIX_PATH=${CMAKE_PREFIX_PATH}:/home/jin/harco/ecvt2_ws/install/ecvt2_sim:/opt/ros/humble /usr/bin/cmake --install /home/jin/harco/ecvt2_ws/build/ecvt2_controller
[40.401s] -- Install configuration: ""
[40.401s] -- Execute custom install script
[40.402s] -- Up-to-date symlink: /home/jin/harco/ecvt2_ws/install/ecvt2_controller/lib/ecvt2_controller/teleop_goal_publisher
[40.402s] -- Up-to-date symlink: /home/jin/harco/ecvt2_ws/install/ecvt2_controller/lib/ecvt2_controller/live_upper_dynamics_node
[40.402s] -- Up-to-date symlink: /home/jin/harco/ecvt2_ws/install/ecvt2_controller/lib/ecvt2_controller/vp_sto_global_planner_node
[40.402s] -- Up-to-date symlink: /home/jin/harco/ecvt2_ws/install/ecvt2_controller/lib/ecvt2_controller/vp_sto_paper_global_planner_node
[40.402s] -- Up-to-date symlink: /home/jin/harco/ecvt2_ws/install/ecvt2_controller/include/ecvt2_controller/kdl_utils.hpp
[40.402s] -- Up-to-date symlink: /home/jin/harco/ecvt2_ws/install/ecvt2_controller/include/ecvt2_controller/wbc_hqp_lib.hpp
[40.402s] -- Up-to-date symlink: /home/jin/harco/ecvt2_ws/install/ecvt2_controller/lib/libkdl_utils.a
[40.403s] -- Up-to-date symlink: /home/jin/harco/ecvt2_ws/install/ecvt2_controller/lib/libwbc_hqp_lib.a
[40.403s] -- Up-to-date symlink: /home/jin/harco/ecvt2_ws/install/ecvt2_controller/lib/ecvt2_controller/base_opt_controller
[40.403s] -- Up-to-date symlink: /home/jin/harco/ecvt2_ws/install/ecvt2_controller/lib/ecvt2_controller/wbc_hqp
[40.403s] -- Up-to-date symlink: /home/jin/harco/ecvt2_ws/install/ecvt2_controller/lib/ecvt2_controller/wbc_hqp_v2
[40.403s] -- Up-to-date symlink: /home/jin/harco/ecvt2_ws/install/ecvt2_controller/lib/ecvt2_controller/wbc_hqp_v3
[40.403s] -- Up-to-date symlink: /home/jin/harco/ecvt2_ws/install/ecvt2_controller/lib/ecvt2_controller/base_arm_task_controller
[40.403s] -- Up-to-date symlink: /home/jin/harco/ecvt2_ws/install/ecvt2_controller/lib/ecvt2_controller/base_arm_task_controller_v2
[40.403s] -- Up-to-date symlink: /home/jin/harco/ecvt2_ws/install/ecvt2_controller/lib/ecvt2_controller/teleop_goal_publisher
[40.403s] -- Up-to-date symlink: /home/jin/harco/ecvt2_ws/install/ecvt2_controller/lib/ecvt2_controller/com_trajectory_publisher
[40.403s] -- Up-to-date symlink: /home/jin/harco/ecvt2_ws/install/ecvt2_controller/lib/ecvt2_controller/pin_test
[40.403s] -- Up-to-date symlink: /home/jin/harco/ecvt2_ws/install/ecvt2_controller/share/ament_index/resource_index/package_run_dependencies/ecvt2_controller
[40.403s] -- Up-to-date symlink: /home/jin/harco/ecvt2_ws/install/ecvt2_controller/share/ament_index/resource_index/parent_prefix_path/ecvt2_controller
[40.403s] -- Up-to-date symlink: /home/jin/harco/ecvt2_ws/install/ecvt2_controller/share/ecvt2_controller/environment/ament_prefix_path.sh
[40.403s] -- Up-to-date symlink: /home/jin/harco/ecvt2_ws/install/ecvt2_controller/share/ecvt2_controller/environment/ament_prefix_path.dsv
[40.403s] -- Up-to-date symlink: /home/jin/harco/ecvt2_ws/install/ecvt2_controller/share/ecvt2_controller/environment/path.sh
[40.403s] -- Up-to-date symlink: /home/jin/harco/ecvt2_ws/install/ecvt2_controller/share/ecvt2_controller/environment/path.dsv
[40.403s] -- Up-to-date symlink: /home/jin/harco/ecvt2_ws/install/ecvt2_controller/share/ecvt2_controller/local_setup.bash
[40.403s] -- Up-to-date symlink: /home/jin/harco/ecvt2_ws/install/ecvt2_controller/share/ecvt2_controller/local_setup.sh
[40.403s] -- Up-to-date symlink: /home/jin/harco/ecvt2_ws/install/ecvt2_controller/share/ecvt2_controller/local_setup.zsh
[40.403s] -- Up-to-date symlink: /home/jin/harco/ecvt2_ws/install/ecvt2_controller/share/ecvt2_controller/local_setup.dsv
[40.403s] -- Symlinking: /home/jin/harco/ecvt2_ws/install/ecvt2_controller/share/ecvt2_controller/package.dsv
[40.411s] -- Up-to-date symlink: /home/jin/harco/ecvt2_ws/install/ecvt2_controller/share/ament_index/resource_index/packages/ecvt2_controller
[40.411s] -- Up-to-date symlink: /home/jin/harco/ecvt2_ws/install/ecvt2_controller/share/ecvt2_controller/cmake/ecvt2_controllerConfig.cmake
[40.411s] -- Up-to-date symlink: /home/jin/harco/ecvt2_ws/install/ecvt2_controller/share/ecvt2_controller/cmake/ecvt2_controllerConfig-version.cmake
[40.411s] -- Up-to-date symlink: /home/jin/harco/ecvt2_ws/install/ecvt2_controller/share/ecvt2_controller/package.xml
[60.048s] Invoked command in '/home/jin/harco/ecvt2_ws/build/ecvt2_controller' returned '0': CMAKE_PREFIX_PATH=${CMAKE_PREFIX_PATH}:/home/jin/harco/ecvt2_ws/install/ecvt2_sim:/opt/ros/humble /usr/bin/cmake --install /home/jin/harco/ecvt2_ws/build/ecvt2_controller
