[0.006s] Invoking command in '/home/jin/harco/ecvt2_ws/build/ecvt2_controller': CMAKE_PREFIX_PATH=${CMAKE_PREFIX_PATH}:/home/jin/harco/ecvt2_ws/install/ecvt2_sim:/opt/ros/humble /usr/bin/cmake /home/jin/harco/ecvt2_ws/ecvt2_controller -DCMAKE_INSTALL_PREFIX=/home/jin/harco/ecvt2_ws/install/ecvt2_controller
[0.016s] -- Found ament_cmake: 1.3.12 (/opt/ros/humble/share/ament_cmake/cmake)
[0.109s] -- Override CMake install command with custom implementation using symlinks instead of copying resources
[0.113s] -- Found rclcpp: 16.0.16 (/opt/ros/humble/share/rclcpp/cmake)
[0.131s] -- Found rosidl_generator_c: 3.1.7 (/opt/ros/humble/share/rosidl_generator_c/cmake)
[0.133s] -- Found rosidl_adapter: 3.1.7 (/opt/ros/humble/share/rosidl_adapter/cmake)
[0.136s] -- Found rosidl_generator_cpp: 3.1.7 (/opt/ros/humble/share/rosidl_generator_cpp/cmake)
[0.141s] -- Using all available rosidl_typesupport_c: rosidl_typesupport_fastrtps_c;rosidl_typesupport_introspection_c
[0.148s] -- Using all available rosidl_typesupport_cpp: rosidl_typesupport_fastrtps_cpp;rosidl_typesupport_introspection_cpp
[0.166s] -- Found rmw_implementation_cmake: 6.1.2 (/opt/ros/humble/share/rmw_implementation_cmake/cmake)
[0.167s] -- Found rmw_fastrtps_cpp: 6.2.9 (/opt/ros/humble/share/rmw_fastrtps_cpp/cmake)
[0.238s] -- Using RMW implementation 'rmw_fastrtps_cpp' as default
[0.267s] -- Found geometry_msgs: 4.9.0 (/opt/ros/humble/share/geometry_msgs/cmake)
[0.273s] -- Found sensor_msgs: 4.9.0 (/opt/ros/humble/share/sensor_msgs/cmake)
[0.283s] -- Found visualization_msgs: 4.9.0 (/opt/ros/humble/share/visualization_msgs/cmake)
[0.293s] -- Found trajectory_msgs: 4.9.0 (/opt/ros/humble/share/trajectory_msgs/cmake)
[0.303s] -- pinocchio_default FOUND. pinocchio_default at /opt/ros/humble/lib/x86_64-linux-gnu/libpinocchio_default.so
[0.303s] -- pinocchio_parsers FOUND. pinocchio_parsers at /opt/ros/humble/lib/x86_64-linux-gnu/libpinocchio_parsers.so
[0.304s] -- pinocchio_casadi not FOUND.
[0.304s] -- boost_filesystem FOUND. boost_filesystem at /usr/lib/x86_64-linux-gnu/libboost_filesystem.so
[0.309s] -- Found Boost: /usr/include (found version "1.74.0") found components: filesystem serialization 
[0.310s] CMake Warning at /opt/openrobots/lib/cmake/hpp-fcl/hpp-fclConfig.cmake:4 (message):
[0.310s]   Please update your CMake from 'hpp-fcl' to 'coal', or define
[0.310s]   COAL_DISABLE_HPP_FCL_WARNINGS
[0.310s] Call Stack (most recent call first):
[0.310s]   /usr/share/cmake-3.22/Modules/CMakeFindDependencyMacro.cmake:47 (find_package)
[0.310s]   /opt/openrobots/lib/cmake/pinocchio/pinocchioConfig.cmake:161 (find_dependency)
[0.310s]   CMakeLists.txt:20 (find_package)
[0.310s] 
[0.310s] 
[0.311s] -- coal not FOUND.
[0.314s] -- Found Boost: /usr/include (found version "1.74.0") found components: serialization filesystem 
[0.491s] -- Default C++ standard: 201703
[0.491s] -- C++ standard sufficient: Minimal required 11, currently defined: 17
[0.491s] -- CMAKE_CXX_STANDARD was not set: automatically set to currently defined standard 17
[0.492s] -- C++ standard sufficient: Minimal required 11, currently defined: 17
[0.509s] -- Found ament_lint_auto: 0.12.14 (/opt/ros/humble/share/ament_lint_auto/cmake)
[0.566s] -- Added test 'cppcheck' to perform static code analysis on C / C++ code
[0.566s] -- Configured cppcheck include dirs: $<BUILD_INTERFACE:/home/jin/harco/ecvt2_ws/ecvt2_controller/include>
[0.566s] -- Configured cppcheck exclude dirs and/or files: 
[0.566s] -- Added test 'lint_cmake' to check CMake code style
[0.567s] -- Added test 'uncrustify' to check C / C++ code style
[0.567s] -- Configured uncrustify additional arguments: 
[0.567s] -- Added test 'xmllint' to check XML markup files
[0.567s] -- Configuring done
[0.578s] CMake Warning at CMakeLists.txt:48 (add_executable):
[0.578s]   Cannot generate a safe runtime search path for target base_opt_controller
[0.578s]   because files in some directories may conflict with libraries in implicit
[0.578s]   directories:
[0.578s] 
[0.578s]     runtime library [liburdfdom_sensor.so.3.0] in /usr/lib/x86_64-linux-gnu may be hidden by files in:
[0.578s]       /opt/ros/humble/lib/x86_64-linux-gnu
[0.578s]     runtime library [liburdfdom_model_state.so.3.0] in /usr/lib/x86_64-linux-gnu may be hidden by files in:
[0.578s]       /opt/ros/humble/lib/x86_64-linux-gnu
[0.578s]     runtime library [liburdfdom_model.so.3.0] in /usr/lib/x86_64-linux-gnu may be hidden by files in:
[0.578s]       /opt/ros/humble/lib/x86_64-linux-gnu
[0.578s]     runtime library [liburdfdom_world.so.3.0] in /usr/lib/x86_64-linux-gnu may be hidden by files in:
[0.578s]       /opt/ros/humble/lib/x86_64-linux-gnu
[0.578s]     runtime library [liboctomap.so.1.9] in /usr/lib/x86_64-linux-gnu may be hidden by files in:
[0.578s]       /opt/ros/humble/lib/x86_64-linux-gnu
[0.578s]     runtime library [liboctomath.so.1.9] in /usr/lib/x86_64-linux-gnu may be hidden by files in:
[0.578s]       /opt/ros/humble/lib/x86_64-linux-gnu
[0.578s] 
[0.578s]   Some of these libraries may not be found correctly.
[0.578s] 
[0.578s] 
[0.578s] CMake Warning at CMakeLists.txt:48 (add_executable):
[0.578s]   Cannot generate a safe runtime search path for target base_opt_controller
[0.578s]   because there is a cycle in the constraint graph:
[0.578s] 
[0.578s]     dir 0 is [/usr/local/lib]
[0.578s]     dir 1 is [/opt/ros/humble/lib]
[0.578s]     dir 2 is [/opt/ros/humble/lib/x86_64-linux-gnu]
[0.578s]       dir 3 must precede it due to runtime library [libpinocchio_parsers.so.3.9.0]
[0.578s]     dir 3 is [/opt/openrobots/lib]
[0.579s]       dir 2 must precede it due to runtime library [libpinocchio_default.so.3.9.0]
[0.579s] 
[0.579s]   Some of these libraries may not be found correctly.
[0.579s] 
[0.579s] 
[0.580s] CMake Warning at CMakeLists.txt:59 (add_executable):
[0.580s]   Cannot generate a safe runtime search path for target wbc_hqp because files
[0.581s]   in some directories may conflict with libraries in implicit directories:
[0.581s] 
[0.581s]     runtime library [liburdfdom_sensor.so.3.0] in /usr/lib/x86_64-linux-gnu may be hidden by files in:
[0.581s]       /opt/ros/humble/lib/x86_64-linux-gnu
[0.581s]     runtime library [liburdfdom_model_state.so.3.0] in /usr/lib/x86_64-linux-gnu may be hidden by files in:
[0.581s]       /opt/ros/humble/lib/x86_64-linux-gnu
[0.581s]     runtime library [liburdfdom_model.so.3.0] in /usr/lib/x86_64-linux-gnu may be hidden by files in:
[0.581s]       /opt/ros/humble/lib/x86_64-linux-gnu
[0.581s]     runtime library [liburdfdom_world.so.3.0] in /usr/lib/x86_64-linux-gnu may be hidden by files in:
[0.581s]       /opt/ros/humble/lib/x86_64-linux-gnu
[0.581s]     runtime library [liboctomap.so.1.9] in /usr/lib/x86_64-linux-gnu may be hidden by files in:
[0.581s]       /opt/ros/humble/lib/x86_64-linux-gnu
[0.581s]     runtime library [liboctomath.so.1.9] in /usr/lib/x86_64-linux-gnu may be hidden by files in:
[0.581s]       /opt/ros/humble/lib/x86_64-linux-gnu
[0.581s] 
[0.581s]   Some of these libraries may not be found correctly.
[0.581s] 
[0.581s] 
[0.581s] CMake Warning at CMakeLists.txt:59 (add_executable):
[0.581s]   Cannot generate a safe runtime search path for target wbc_hqp because there
[0.581s]   is a cycle in the constraint graph:
[0.581s] 
[0.581s]     dir 0 is [/usr/local/lib]
[0.581s]     dir 1 is [/opt/ros/humble/lib]
[0.581s]     dir 2 is [/opt/ros/humble/lib/x86_64-linux-gnu]
[0.581s]       dir 3 must precede it due to runtime library [libpinocchio_parsers.so.3.9.0]
[0.581s]     dir 3 is [/opt/openrobots/lib]
[0.581s]       dir 2 must precede it due to runtime library [libpinocchio_default.so.3.9.0]
[0.581s] 
[0.581s]   Some of these libraries may not be found correctly.
[0.581s] 
[0.581s] 
[0.583s] CMake Warning at CMakeLists.txt:70 (add_executable):
[0.583s]   Cannot generate a safe runtime search path for target wbc_hqp_v2 because
[0.583s]   files in some directories may conflict with libraries in implicit
[0.583s]   directories:
[0.583s] 
[0.583s]     runtime library [liburdfdom_sensor.so.3.0] in /usr/lib/x86_64-linux-gnu may be hidden by files in:
[0.583s]       /opt/ros/humble/lib/x86_64-linux-gnu
[0.583s]     runtime library [liburdfdom_model_state.so.3.0] in /usr/lib/x86_64-linux-gnu may be hidden by files in:
[0.583s]       /opt/ros/humble/lib/x86_64-linux-gnu
[0.583s]     runtime library [liburdfdom_model.so.3.0] in /usr/lib/x86_64-linux-gnu may be hidden by files in:
[0.583s]       /opt/ros/humble/lib/x86_64-linux-gnu
[0.583s]     runtime library [liburdfdom_world.so.3.0] in /usr/lib/x86_64-linux-gnu may be hidden by files in:
[0.583s]       /opt/ros/humble/lib/x86_64-linux-gnu
[0.583s]     runtime library [liboctomap.so.1.9] in /usr/lib/x86_64-linux-gnu may be hidden by files in:
[0.583s]       /opt/ros/humble/lib/x86_64-linux-gnu
[0.584s]     runtime library [liboctomath.so.1.9] in /usr/lib/x86_64-linux-gnu may be hidden by files in:
[0.584s]       /opt/ros/humble/lib/x86_64-linux-gnu
[0.584s] 
[0.584s]   Some of these libraries may not be found correctly.
[0.584s] 
[0.584s] 
[0.584s] CMake Warning at CMakeLists.txt:70 (add_executable):
[0.584s]   Cannot generate a safe runtime search path for target wbc_hqp_v2 because
[0.584s]   there is a cycle in the constraint graph:
[0.584s] 
[0.584s]     dir 0 is [/usr/local/lib]
[0.584s]     dir 1 is [/opt/ros/humble/lib]
[0.584s]     dir 2 is [/opt/ros/humble/lib/x86_64-linux-gnu]
[0.584s]       dir 3 must precede it due to runtime library [libpinocchio_parsers.so.3.9.0]
[0.584s]     dir 3 is [/opt/openrobots/lib]
[0.584s]       dir 2 must precede it due to runtime library [libpinocchio_default.so.3.9.0]
[0.584s] 
[0.584s]   Some of these libraries may not be found correctly.
[0.584s] 
[0.584s] 
[0.586s] CMake Warning at CMakeLists.txt:82 (add_executable):
[0.586s]   Cannot generate a safe runtime search path for target wbc_hqp_v3 because
[0.586s]   files in some directories may conflict with libraries in implicit
[0.586s]   directories:
[0.586s] 
[0.586s]     runtime library [liburdfdom_sensor.so.3.0] in /usr/lib/x86_64-linux-gnu may be hidden by files in:
[0.586s]       /opt/ros/humble/lib/x86_64-linux-gnu
[0.586s]     runtime library [liburdfdom_model_state.so.3.0] in /usr/lib/x86_64-linux-gnu may be hidden by files in:
[0.586s]       /opt/ros/humble/lib/x86_64-linux-gnu
[0.586s]     runtime library [liburdfdom_model.so.3.0] in /usr/lib/x86_64-linux-gnu may be hidden by files in:
[0.586s]       /opt/ros/humble/lib/x86_64-linux-gnu
[0.586s]     runtime library [liburdfdom_world.so.3.0] in /usr/lib/x86_64-linux-gnu may be hidden by files in:
[0.586s]       /opt/ros/humble/lib/x86_64-linux-gnu
[0.586s]     runtime library [liboctomap.so.1.9] in /usr/lib/x86_64-linux-gnu may be hidden by files in:
[0.586s]       /opt/ros/humble/lib/x86_64-linux-gnu
[0.586s]     runtime library [liboctomath.so.1.9] in /usr/lib/x86_64-linux-gnu may be hidden by files in:
[0.586s]       /opt/ros/humble/lib/x86_64-linux-gnu
[0.586s] 
[0.586s]   Some of these libraries may not be found correctly.
[0.586s] 
[0.586s] 
[0.586s] CMake Warning at CMakeLists.txt:82 (add_executable):
[0.586s]   Cannot generate a safe runtime search path for target wbc_hqp_v3 because
[0.586s]   there is a cycle in the constraint graph:
[0.586s] 
[0.586s]     dir 0 is [/usr/local/lib]
[0.586s]     dir 1 is [/opt/ros/humble/lib]
[0.586s]     dir 2 is [/opt/ros/humble/lib/x86_64-linux-gnu]
[0.586s]       dir 3 must precede it due to runtime library [libpinocchio_parsers.so.3.9.0]
[0.587s]     dir 3 is [/opt/openrobots/lib]
[0.587s]       dir 2 must precede it due to runtime library [libpinocchio_default.so.3.9.0]
[0.587s] 
[0.587s]   Some of these libraries may not be found correctly.
[0.587s] 
[0.587s] 
[0.589s] CMake Warning at CMakeLists.txt:94 (add_executable):
[0.589s]   Cannot generate a safe runtime search path for target
[0.589s]   base_arm_task_controller because files in some directories may conflict
[0.589s]   with libraries in implicit directories:
[0.589s] 
[0.589s]     runtime library [liburdfdom_sensor.so.3.0] in /usr/lib/x86_64-linux-gnu may be hidden by files in:
[0.589s]       /opt/ros/humble/lib/x86_64-linux-gnu
[0.589s]     runtime library [liburdfdom_model_state.so.3.0] in /usr/lib/x86_64-linux-gnu may be hidden by files in:
[0.589s]       /opt/ros/humble/lib/x86_64-linux-gnu
[0.589s]     runtime library [liburdfdom_model.so.3.0] in /usr/lib/x86_64-linux-gnu may be hidden by files in:
[0.589s]       /opt/ros/humble/lib/x86_64-linux-gnu
[0.589s]     runtime library [liburdfdom_world.so.3.0] in /usr/lib/x86_64-linux-gnu may be hidden by files in:
[0.589s]       /opt/ros/humble/lib/x86_64-linux-gnu
[0.589s]     runtime library [liboctomap.so.1.9] in /usr/lib/x86_64-linux-gnu may be hidden by files in:
[0.589s]       /opt/ros/humble/lib/x86_64-linux-gnu
[0.589s]     runtime library [liboctomath.so.1.9] in /usr/lib/x86_64-linux-gnu may be hidden by files in:
[0.589s]       /opt/ros/humble/lib/x86_64-linux-gnu
[0.589s] 
[0.589s]   Some of these libraries may not be found correctly.
[0.589s] 
[0.589s] 
[0.589s] CMake Warning at CMakeLists.txt:94 (add_executable):
[0.589s]   Cannot generate a safe runtime search path for target
[0.589s]   base_arm_task_controller because there is a cycle in the constraint graph:
[0.589s] 
[0.589s]     dir 0 is [/usr/local/lib]
[0.589s]     dir 1 is [/opt/ros/humble/lib]
[0.589s]     dir 2 is [/opt/ros/humble/lib/x86_64-linux-gnu]
[0.589s]       dir 3 must precede it due to runtime library [libpinocchio_parsers.so.3.9.0]
[0.589s]     dir 3 is [/opt/openrobots/lib]
[0.589s]       dir 2 must precede it due to runtime library [libpinocchio_default.so.3.9.0]
[0.589s] 
[0.589s]   Some of these libraries may not be found correctly.
[0.589s] 
[0.589s] 
[0.591s] CMake Warning at CMakeLists.txt:105 (add_executable):
[0.591s]   Cannot generate a safe runtime search path for target
[0.591s]   base_arm_task_controller_v2 because files in some directories may conflict
[0.591s]   with libraries in implicit directories:
[0.591s] 
[0.591s]     runtime library [liburdfdom_sensor.so.3.0] in /usr/lib/x86_64-linux-gnu may be hidden by files in:
[0.591s]       /opt/ros/humble/lib/x86_64-linux-gnu
[0.591s]     runtime library [liburdfdom_model_state.so.3.0] in /usr/lib/x86_64-linux-gnu may be hidden by files in:
[0.591s]       /opt/ros/humble/lib/x86_64-linux-gnu
[0.591s]     runtime library [liburdfdom_model.so.3.0] in /usr/lib/x86_64-linux-gnu may be hidden by files in:
[0.591s]       /opt/ros/humble/lib/x86_64-linux-gnu
[0.592s]     runtime library [liburdfdom_world.so.3.0] in /usr/lib/x86_64-linux-gnu may be hidden by files in:
[0.592s]       /opt/ros/humble/lib/x86_64-linux-gnu
[0.592s]     runtime library [liboctomap.so.1.9] in /usr/lib/x86_64-linux-gnu may be hidden by files in:
[0.592s]       /opt/ros/humble/lib/x86_64-linux-gnu
[0.592s]     runtime library [liboctomath.so.1.9] in /usr/lib/x86_64-linux-gnu may be hidden by files in:
[0.592s]       /opt/ros/humble/lib/x86_64-linux-gnu
[0.592s] 
[0.592s]   Some of these libraries may not be found correctly.
[0.592s] 
[0.592s] 
[0.592s] CMake Warning at CMakeLists.txt:105 (add_executable):
[0.592s]   Cannot generate a safe runtime search path for target
[0.592s]   base_arm_task_controller_v2 because there is a cycle in the constraint
[0.592s]   graph:
[0.592s] 
[0.592s]     dir 0 is [/usr/local/lib]
[0.592s]     dir 1 is [/opt/ros/humble/lib]
[0.592s]     dir 2 is [/opt/ros/humble/lib/x86_64-linux-gnu]
[0.592s]       dir 3 must precede it due to runtime library [libpinocchio_parsers.so.3.9.0]
[0.592s]     dir 3 is [/opt/openrobots/lib]
[0.592s]       dir 2 must precede it due to runtime library [libpinocchio_default.so.3.9.0]
[0.592s] 
[0.592s]   Some of these libraries may not be found correctly.
[0.592s] 
[0.592s] 
[0.597s] CMake Warning at CMakeLists.txt:129 (add_executable):
[0.597s]   Cannot generate a safe runtime search path for target pin_test because
[0.597s]   files in some directories may conflict with libraries in implicit
[0.597s]   directories:
[0.597s] 
[0.597s]     runtime library [liburdfdom_sensor.so.3.0] in /usr/lib/x86_64-linux-gnu may be hidden by files in:
[0.597s]       /opt/ros/humble/lib/x86_64-linux-gnu
[0.597s]     runtime library [liburdfdom_model_state.so.3.0] in /usr/lib/x86_64-linux-gnu may be hidden by files in:
[0.597s]       /opt/ros/humble/lib/x86_64-linux-gnu
[0.597s]     runtime library [liburdfdom_model.so.3.0] in /usr/lib/x86_64-linux-gnu may be hidden by files in:
[0.598s]       /opt/ros/humble/lib/x86_64-linux-gnu
[0.598s]     runtime library [liburdfdom_world.so.3.0] in /usr/lib/x86_64-linux-gnu may be hidden by files in:
[0.598s]       /opt/ros/humble/lib/x86_64-linux-gnu
[0.598s]     runtime library [liboctomap.so.1.9] in /usr/lib/x86_64-linux-gnu may be hidden by files in:
[0.598s]       /opt/ros/humble/lib/x86_64-linux-gnu
[0.598s]     runtime library [liboctomath.so.1.9] in /usr/lib/x86_64-linux-gnu may be hidden by files in:
[0.598s]       /opt/ros/humble/lib/x86_64-linux-gnu
[0.598s] 
[0.598s]   Some of these libraries may not be found correctly.
[0.598s] 
[0.598s] 
[0.598s] CMake Warning at CMakeLists.txt:129 (add_executable):
[0.598s]   Cannot generate a safe runtime search path for target pin_test because
[0.598s]   there is a cycle in the constraint graph:
[0.598s] 
[0.598s]     dir 0 is [/opt/ros/humble/lib]
[0.598s]     dir 1 is [/opt/openrobots/lib]
[0.598s]       dir 2 must precede it due to runtime library [libpinocchio_default.so.3.9.0]
[0.598s]     dir 2 is [/opt/ros/humble/lib/x86_64-linux-gnu]
[0.598s]       dir 1 must precede it due to runtime library [libpinocchio_parsers.so.3.9.0]
[0.598s] 
[0.598s]   Some of these libraries may not be found correctly.
[0.598s] 
[0.598s] 
[0.605s] -- Generating done
[0.618s] -- Build files have been written to: /home/jin/harco/ecvt2_ws/build/ecvt2_controller
[30.025s] Invoked command in '/home/jin/harco/ecvt2_ws/build/ecvt2_controller' returned '0': CMAKE_PREFIX_PATH=${CMAKE_PREFIX_PATH}:/home/jin/harco/ecvt2_ws/install/ecvt2_sim:/opt/ros/humble /usr/bin/cmake /home/jin/harco/ecvt2_ws/ecvt2_controller -DCMAKE_INSTALL_PREFIX=/home/jin/harco/ecvt2_ws/install/ecvt2_controller
[30.026s] Invoking command in '/home/jin/harco/ecvt2_ws/build/ecvt2_controller': CMAKE_PREFIX_PATH=${CMAKE_PREFIX_PATH}:/home/jin/harco/ecvt2_ws/install/ecvt2_sim:/opt/ros/humble /usr/bin/cmake --build /home/jin/harco/ecvt2_ws/build/ecvt2_controller -- -j20 -l20
[30.054s] Consolidate compiler generated dependencies of target wbc_hqp_lib
[30.054s] Consolidate compiler generated dependencies of target com_trajectory_publisher
[30.055s] Consolidate compiler generated dependencies of target teleop_goal_publisher
[30.060s] Consolidate compiler generated dependencies of target kdl_utils
[30.060s] Consolidate compiler generated dependencies of target vp_sto_global_planner_node
[30.060s] [  7%] Built target wbc_hqp_lib
[30.061s] [ 14%] Built target com_trajectory_publisher
[30.061s] [ 21%] Built target teleop_goal_publisher
[30.063s] Consolidate compiler generated dependencies of target vp_sto_paper_global_planner_node
[30.068s] Consolidate compiler generated dependencies of target live_upper_dynamics_node
[30.070s] [ 28%] Built target kdl_utils
[30.076s] [ 32%] Building CXX object CMakeFiles/vp_sto_global_planner_node.dir/src/vp_sto_global_planner_node.cpp.o
[30.077s] [ 39%] Built target vp_sto_paper_global_planner_node
[30.078s] Consolidate compiler generated dependencies of target wbc_hqp_v2
[30.078s] Consolidate compiler generated dependencies of target base_opt_controller
[30.078s] Consolidate compiler generated dependencies of target wbc_hqp_v3
[30.078s] Consolidate compiler generated dependencies of target base_arm_task_controller
[30.079s] Consolidate compiler generated dependencies of target base_arm_task_controller_v2
[30.081s] [ 46%] Built target live_upper_dynamics_node
[30.084s] Consolidate compiler generated dependencies of target wbc_hqp
[30.087s] [ 60%] Built target wbc_hqp_v2
[30.087s] [ 60%] Built target base_arm_task_controller_v2
[30.087s] Consolidate compiler generated dependencies of target pin_test
[30.087s] [ 67%] Built target base_arm_task_controller
[30.088s] [ 75%] Built target base_opt_controller
[30.088s] [ 82%] Built target wbc_hqp_v3
[30.093s] [ 89%] Built target wbc_hqp
[30.099s] [ 96%] Built target pin_test
[33.028s] In file included from /opt/openrobots/include/hpp/fcl/config.hh:1,
[33.028s]                  from /opt/openrobots/include/pinocchio/serialization/eigen.hpp:20,
[33.028s]                  from /opt/openrobots/include/pinocchio/serialization/fwd.hpp:11,
[33.028s]                  from /opt/openrobots/include/pinocchio/multibody/joint/joint-composite.hpp:14,
[33.028s]                  from /opt/openrobots/include/pinocchio/multibody/joint/joint-generic.hpp:9,
[33.028s]                  from /opt/openrobots/include/pinocchio/multibody/model.hpp:17,
[33.028s]                  from /opt/openrobots/include/pinocchio/parsers/urdf.hpp:9,
[33.028s]                  from /home/jin/harco/ecvt2_ws/ecvt2_controller/src/vp_sto_global_planner_node.cpp:7:
[33.029s] /opt/openrobots/include/hpp/fcl/coal.hpp:12:99: note: ‘#pragma message: Please update your includes from 'hpp/fcl' to 'coal' or define COAL_DISABLE_HPP_FCL_WARNINGS’
[33.029s]    12 |     "Please update your includes from 'hpp/fcl' to 'coal' or define COAL_DISABLE_HPP_FCL_WARNINGS")
[33.029s]       |                                                                                                   ^
[67.980s] [100%] Linking CXX executable vp_sto_global_planner_node
[69.366s] [100%] Built target vp_sto_global_planner_node
[69.373s] Invoked command in '/home/jin/harco/ecvt2_ws/build/ecvt2_controller' returned '0': CMAKE_PREFIX_PATH=${CMAKE_PREFIX_PATH}:/home/jin/harco/ecvt2_ws/install/ecvt2_sim:/opt/ros/humble /usr/bin/cmake --build /home/jin/harco/ecvt2_ws/build/ecvt2_controller -- -j20 -l20
[69.380s] Invoking command in '/home/jin/harco/ecvt2_ws/build/ecvt2_controller': CMAKE_PREFIX_PATH=${CMAKE_PREFIX_PATH}:/home/jin/harco/ecvt2_ws/install/ecvt2_sim:/opt/ros/humble /usr/bin/cmake --install /home/jin/harco/ecvt2_ws/build/ecvt2_controller
[69.384s] -- Install configuration: ""
[69.384s] -- Execute custom install script
[69.384s] -- Up-to-date symlink: /home/jin/harco/ecvt2_ws/install/ecvt2_controller/lib/ecvt2_controller/teleop_goal_publisher
[69.385s] -- Up-to-date symlink: /home/jin/harco/ecvt2_ws/install/ecvt2_controller/lib/ecvt2_controller/live_upper_dynamics_node
[69.385s] -- Up-to-date symlink: /home/jin/harco/ecvt2_ws/install/ecvt2_controller/lib/ecvt2_controller/vp_sto_global_planner_node
[69.385s] -- Up-to-date symlink: /home/jin/harco/ecvt2_ws/install/ecvt2_controller/lib/ecvt2_controller/vp_sto_paper_global_planner_node
[69.385s] -- Up-to-date symlink: /home/jin/harco/ecvt2_ws/install/ecvt2_controller/include/ecvt2_controller/kdl_utils.hpp
[69.385s] -- Up-to-date symlink: /home/jin/harco/ecvt2_ws/install/ecvt2_controller/include/ecvt2_controller/wbc_hqp_lib.hpp
[69.385s] -- Up-to-date symlink: /home/jin/harco/ecvt2_ws/install/ecvt2_controller/lib/libkdl_utils.a
[69.385s] -- Up-to-date symlink: /home/jin/harco/ecvt2_ws/install/ecvt2_controller/lib/libwbc_hqp_lib.a
[69.385s] -- Up-to-date symlink: /home/jin/harco/ecvt2_ws/install/ecvt2_controller/lib/ecvt2_controller/base_opt_controller
[69.385s] -- Up-to-date symlink: /home/jin/harco/ecvt2_ws/install/ecvt2_controller/lib/ecvt2_controller/wbc_hqp
[69.385s] -- Up-to-date symlink: /home/jin/harco/ecvt2_ws/install/ecvt2_controller/lib/ecvt2_controller/wbc_hqp_v2
[69.385s] -- Up-to-date symlink: /home/jin/harco/ecvt2_ws/install/ecvt2_controller/lib/ecvt2_controller/wbc_hqp_v3
[69.385s] -- Up-to-date symlink: /home/jin/harco/ecvt2_ws/install/ecvt2_controller/lib/ecvt2_controller/base_arm_task_controller
[69.385s] -- Up-to-date symlink: /home/jin/harco/ecvt2_ws/install/ecvt2_controller/lib/ecvt2_controller/base_arm_task_controller_v2
[69.386s] -- Up-to-date symlink: /home/jin/harco/ecvt2_ws/install/ecvt2_controller/lib/ecvt2_controller/teleop_goal_publisher
[69.386s] -- Up-to-date symlink: /home/jin/harco/ecvt2_ws/install/ecvt2_controller/lib/ecvt2_controller/com_trajectory_publisher
[69.386s] -- Up-to-date symlink: /home/jin/harco/ecvt2_ws/install/ecvt2_controller/lib/ecvt2_controller/pin_test
[69.386s] -- Up-to-date symlink: /home/jin/harco/ecvt2_ws/install/ecvt2_controller/share/ament_index/resource_index/package_run_dependencies/ecvt2_controller
[69.386s] -- Up-to-date symlink: /home/jin/harco/ecvt2_ws/install/ecvt2_controller/share/ament_index/resource_index/parent_prefix_path/ecvt2_controller
[69.386s] -- Up-to-date symlink: /home/jin/harco/ecvt2_ws/install/ecvt2_controller/share/ecvt2_controller/environment/ament_prefix_path.sh
[69.386s] -- Up-to-date symlink: /home/jin/harco/ecvt2_ws/install/ecvt2_controller/share/ecvt2_controller/environment/ament_prefix_path.dsv
[69.386s] -- Up-to-date symlink: /home/jin/harco/ecvt2_ws/install/ecvt2_controller/share/ecvt2_controller/environment/path.sh
[69.386s] -- Up-to-date symlink: /home/jin/harco/ecvt2_ws/install/ecvt2_controller/share/ecvt2_controller/environment/path.dsv
[69.386s] -- Up-to-date symlink: /home/jin/harco/ecvt2_ws/install/ecvt2_controller/share/ecvt2_controller/local_setup.bash
[69.386s] -- Up-to-date symlink: /home/jin/harco/ecvt2_ws/install/ecvt2_controller/share/ecvt2_controller/local_setup.sh
[69.386s] -- Up-to-date symlink: /home/jin/harco/ecvt2_ws/install/ecvt2_controller/share/ecvt2_controller/local_setup.zsh
[69.386s] -- Up-to-date symlink: /home/jin/harco/ecvt2_ws/install/ecvt2_controller/share/ecvt2_controller/local_setup.dsv
[69.386s] -- Symlinking: /home/jin/harco/ecvt2_ws/install/ecvt2_controller/share/ecvt2_controller/package.dsv
[69.391s] -- Up-to-date symlink: /home/jin/harco/ecvt2_ws/install/ecvt2_controller/share/ament_index/resource_index/packages/ecvt2_controller
[69.391s] -- Up-to-date symlink: /home/jin/harco/ecvt2_ws/install/ecvt2_controller/share/ecvt2_controller/cmake/ecvt2_controllerConfig.cmake
[69.391s] -- Up-to-date symlink: /home/jin/harco/ecvt2_ws/install/ecvt2_controller/share/ecvt2_controller/cmake/ecvt2_controllerConfig-version.cmake
[69.392s] -- Up-to-date symlink: /home/jin/harco/ecvt2_ws/install/ecvt2_controller/share/ecvt2_controller/package.xml
[69.392s] Invoked command in '/home/jin/harco/ecvt2_ws/build/ecvt2_controller' returned '0': CMAKE_PREFIX_PATH=${CMAKE_PREFIX_PATH}:/home/jin/harco/ecvt2_ws/install/ecvt2_sim:/opt/ros/humble /usr/bin/cmake --install /home/jin/harco/ecvt2_ws/build/ecvt2_controller
