[0.008s] Invoking command in '/home/jin/harco/ecvt2_ws/build/ecvt2_controller': CMAKE_PREFIX_PATH=/home/jin/harco/ecvt2_ws/install/ifopt:/opt/ros/humble LD_LIBRARY_PATH=/home/jin/harco/ecvt2_ws/install/ifopt/lib:${LD_LIBRARY_PATH} PKG_CONFIG_PATH=/home/jin/harco/ecvt2_ws/install/ifopt/lib/x86_64-linux-gnu/pkgconfig:/home/jin/harco/ecvt2_ws/install/ifopt/lib/pkgconfig /usr/bin/cmake --build /home/jin/harco/ecvt2_ws/build/ecvt2_controller -- -j20 -l20
[0.027s] -- Found ament_cmake: 1.3.12 (/opt/ros/humble/share/ament_cmake/cmake)
[0.109s] -- Override CMake install command with custom implementation using symlinks instead of copying resources
[0.112s] -- Found rclcpp: 16.0.16 (/opt/ros/humble/share/rclcpp/cmake)
[0.129s] -- Found rosidl_generator_c: 3.1.7 (/opt/ros/humble/share/rosidl_generator_c/cmake)
[0.130s] -- Found rosidl_adapter: 3.1.7 (/opt/ros/humble/share/rosidl_adapter/cmake)
[0.135s] -- Found rosidl_generator_cpp: 3.1.7 (/opt/ros/humble/share/rosidl_generator_cpp/cmake)
[0.144s] -- Using all available rosidl_typesupport_c: rosidl_typesupport_fastrtps_c;rosidl_typesupport_introspection_c
[0.152s] -- Using all available rosidl_typesupport_cpp: rosidl_typesupport_fastrtps_cpp;rosidl_typesupport_introspection_cpp
[0.170s] -- Found rmw_implementation_cmake: 6.1.2 (/opt/ros/humble/share/rmw_implementation_cmake/cmake)
[0.171s] -- Found rmw_fastrtps_cpp: 6.2.9 (/opt/ros/humble/share/rmw_fastrtps_cpp/cmake)
[0.239s] -- Using RMW implementation 'rmw_fastrtps_cpp' as default
[0.265s] -- Found geometry_msgs: 4.9.0 (/opt/ros/humble/share/geometry_msgs/cmake)
[0.272s] -- Found sensor_msgs: 4.9.0 (/opt/ros/humble/share/sensor_msgs/cmake)
[0.281s] -- Found visualization_msgs: 4.9.0 (/opt/ros/humble/share/visualization_msgs/cmake)
[0.291s] -- Found trajectory_msgs: 4.9.0 (/opt/ros/humble/share/trajectory_msgs/cmake)
[0.302s] -- pinocchio_default FOUND. pinocchio_default at /opt/ros/humble/lib/x86_64-linux-gnu/libpinocchio_default.so
[0.302s] -- pinocchio_parsers FOUND. pinocchio_parsers at /opt/ros/humble/lib/x86_64-linux-gnu/libpinocchio_parsers.so
[0.302s] -- pinocchio_casadi not FOUND.
[0.303s] -- boost_filesystem FOUND. boost_filesystem at /usr/lib/x86_64-linux-gnu/libboost_filesystem.so
[0.308s] -- Found Boost: /usr/include (found version "1.74.0") found components: filesystem serialization 
[0.308s] CMake Warning at /opt/openrobots/lib/cmake/hpp-fcl/hpp-fclConfig.cmake:4 (message):
[0.308s]   Please update your CMake from 'hpp-fcl' to 'coal', or define
[0.308s]   COAL_DISABLE_HPP_FCL_WARNINGS
[0.308s] Call Stack (most recent call first):
[0.308s]   /usr/share/cmake-3.22/Modules/CMakeFindDependencyMacro.cmake:47 (find_package)
[0.308s]   /opt/openrobots/lib/cmake/pinocchio/pinocchioConfig.cmake:161 (find_dependency)
[0.308s]   CMakeLists.txt:20 (find_package)
[0.308s] 
[0.308s] 
[0.309s] -- coal not FOUND.
[0.313s] -- Found Boost: /usr/include (found version "1.74.0") found components: serialization filesystem 
[0.489s] -- Default C++ standard: 201703
[0.489s] -- C++ standard sufficient: Minimal required 11, currently defined: 17
[0.489s] -- CMAKE_CXX_STANDARD was not set: automatically set to currently defined standard 17
[0.489s] -- C++ standard sufficient: Minimal required 11, currently defined: 17
[0.504s] -- Found ament_lint_auto: 0.12.14 (/opt/ros/humble/share/ament_lint_auto/cmake)
[0.558s] -- Added test 'cppcheck' to perform static code analysis on C / C++ code
[0.558s] -- Configured cppcheck include dirs: $<BUILD_INTERFACE:/home/jin/harco/ecvt2_ws/ecvt2_controller/include>
[0.559s] -- Configured cppcheck exclude dirs and/or files: 
[0.559s] -- Added test 'lint_cmake' to check CMake code style
[0.560s] -- Added test 'uncrustify' to check C / C++ code style
[0.560s] -- Configured uncrustify additional arguments: 
[0.560s] -- Added test 'xmllint' to check XML markup files
[0.560s] -- Configuring done
[0.571s] CMake Warning at CMakeLists.txt:50 (add_executable):
[0.571s]   Cannot generate a safe runtime search path for target base_opt_controller
[0.571s]   because files in some directories may conflict with libraries in implicit
[0.572s]   directories:
[0.572s] 
[0.572s]     runtime library [liburdfdom_sensor.so.3.0] in /usr/lib/x86_64-linux-gnu may be hidden by files in:
[0.572s]       /opt/ros/humble/lib/x86_64-linux-gnu
[0.572s]     runtime library [liburdfdom_model_state.so.3.0] in /usr/lib/x86_64-linux-gnu may be hidden by files in:
[0.572s]       /opt/ros/humble/lib/x86_64-linux-gnu
[0.572s]     runtime library [liburdfdom_model.so.3.0] in /usr/lib/x86_64-linux-gnu may be hidden by files in:
[0.572s]       /opt/ros/humble/lib/x86_64-linux-gnu
[0.572s]     runtime library [liburdfdom_world.so.3.0] in /usr/lib/x86_64-linux-gnu may be hidden by files in:
[0.572s]       /opt/ros/humble/lib/x86_64-linux-gnu
[0.572s]     runtime library [liboctomap.so.1.9] in /usr/lib/x86_64-linux-gnu may be hidden by files in:
[0.572s]       /opt/ros/humble/lib/x86_64-linux-gnu
[0.572s]     runtime library [liboctomath.so.1.9] in /usr/lib/x86_64-linux-gnu may be hidden by files in:
[0.572s]       /opt/ros/humble/lib/x86_64-linux-gnu
[0.572s] 
[0.572s]   Some of these libraries may not be found correctly.
[0.573s] 
[0.573s] 
[0.573s] CMake Warning at CMakeLists.txt:50 (add_executable):
[0.573s]   Cannot generate a safe runtime search path for target base_opt_controller
[0.573s]   because there is a cycle in the constraint graph:
[0.573s] 
[0.573s]     dir 0 is [/usr/local/lib]
[0.573s]     dir 1 is [/opt/ros/humble/lib]
[0.573s]     dir 2 is [/opt/ros/humble/lib/x86_64-linux-gnu]
[0.573s]       dir 3 must precede it due to runtime library [libpinocchio_parsers.so.3.9.0]
[0.573s]     dir 3 is [/opt/openrobots/lib]
[0.573s]       dir 2 must precede it due to runtime library [libpinocchio_default.so.3.9.0]
[0.573s] 
[0.573s]   Some of these libraries may not be found correctly.
[0.573s] 
[0.573s] 
[0.574s] CMake Warning at CMakeLists.txt:61 (add_executable):
[0.574s]   Cannot generate a safe runtime search path for target wbc_hqp because files
[0.574s]   in some directories may conflict with libraries in implicit directories:
[0.574s] 
[0.574s]     runtime library [liburdfdom_sensor.so.3.0] in /usr/lib/x86_64-linux-gnu may be hidden by files in:
[0.574s]       /opt/ros/humble/lib/x86_64-linux-gnu
[0.574s]     runtime library [liburdfdom_model_state.so.3.0] in /usr/lib/x86_64-linux-gnu may be hidden by files in:
[0.574s]       /opt/ros/humble/lib/x86_64-linux-gnu
[0.574s]     runtime library [liburdfdom_model.so.3.0] in /usr/lib/x86_64-linux-gnu may be hidden by files in:
[0.574s]       /opt/ros/humble/lib/x86_64-linux-gnu
[0.575s]     runtime library [liburdfdom_world.so.3.0] in /usr/lib/x86_64-linux-gnu may be hidden by files in:
[0.575s]       /opt/ros/humble/lib/x86_64-linux-gnu
[0.575s]     runtime library [liboctomap.so.1.9] in /usr/lib/x86_64-linux-gnu may be hidden by files in:
[0.575s]       /opt/ros/humble/lib/x86_64-linux-gnu
[0.575s]     runtime library [liboctomath.so.1.9] in /usr/lib/x86_64-linux-gnu may be hidden by files in:
[0.575s]       /opt/ros/humble/lib/x86_64-linux-gnu
[0.575s] 
[0.575s]   Some of these libraries may not be found correctly.
[0.575s] 
[0.575s] 
[0.575s] CMake Warning at CMakeLists.txt:61 (add_executable):
[0.575s]   Cannot generate a safe runtime search path for target wbc_hqp because there
[0.575s]   is a cycle in the constraint graph:
[0.575s] 
[0.575s]     dir 0 is [/usr/local/lib]
[0.575s]     dir 1 is [/opt/ros/humble/lib]
[0.575s]     dir 2 is [/opt/ros/humble/lib/x86_64-linux-gnu]
[0.576s]       dir 3 must precede it due to runtime library [libpinocchio_parsers.so.3.9.0]
[0.576s]     dir 3 is [/opt/openrobots/lib]
[0.576s]       dir 2 must precede it due to runtime library [libpinocchio_default.so.3.9.0]
[0.576s] 
[0.576s]   Some of these libraries may not be found correctly.
[0.576s] 
[0.576s] 
[0.577s] CMake Warning at CMakeLists.txt:72 (add_executable):
[0.577s]   Cannot generate a safe runtime search path for target wbc_hqp_v2 because
[0.577s]   files in some directories may conflict with libraries in implicit
[0.577s]   directories:
[0.577s] 
[0.577s]     runtime library [liburdfdom_sensor.so.3.0] in /usr/lib/x86_64-linux-gnu may be hidden by files in:
[0.577s]       /opt/ros/humble/lib/x86_64-linux-gnu
[0.577s]     runtime library [liburdfdom_model_state.so.3.0] in /usr/lib/x86_64-linux-gnu may be hidden by files in:
[0.577s]       /opt/ros/humble/lib/x86_64-linux-gnu
[0.577s]     runtime library [liburdfdom_model.so.3.0] in /usr/lib/x86_64-linux-gnu may be hidden by files in:
[0.577s]       /opt/ros/humble/lib/x86_64-linux-gnu
[0.577s]     runtime library [liburdfdom_world.so.3.0] in /usr/lib/x86_64-linux-gnu may be hidden by files in:
[0.577s]       /opt/ros/humble/lib/x86_64-linux-gnu
[0.577s]     runtime library [liboctomap.so.1.9] in /usr/lib/x86_64-linux-gnu may be hidden by files in:
[0.578s]       /opt/ros/humble/lib/x86_64-linux-gnu
[0.578s]     runtime library [liboctomath.so.1.9] in /usr/lib/x86_64-linux-gnu may be hidden by files in:
[0.578s]       /opt/ros/humble/lib/x86_64-linux-gnu
[0.578s] 
[0.578s]   Some of these libraries may not be found correctly.
[0.578s] 
[0.578s] 
[0.578s] CMake Warning at CMakeLists.txt:72 (add_executable):
[0.578s]   Cannot generate a safe runtime search path for target wbc_hqp_v2 because
[0.578s]   there is a cycle in the constraint graph:
[0.578s] 
[0.578s]     dir 0 is [/usr/local/lib]
[0.578s]     dir 1 is [/opt/ros/humble/lib]
[0.578s]     dir 2 is [/opt/ros/humble/lib/x86_64-linux-gnu]
[0.578s]       dir 3 must precede it due to runtime library [libpinocchio_parsers.so.3.9.0]
[0.578s]     dir 3 is [/opt/openrobots/lib]
[0.578s]       dir 2 must precede it due to runtime library [libpinocchio_default.so.3.9.0]
[0.579s] 
[0.579s]   Some of these libraries may not be found correctly.
[0.579s] 
[0.579s] 
[0.579s] CMake Warning at CMakeLists.txt:84 (add_executable):
[0.579s]   Cannot generate a safe runtime search path for target wbc_hqp_v3 because
[0.579s]   files in some directories may conflict with libraries in implicit
[0.580s]   directories:
[0.580s] 
[0.580s]     runtime library [liburdfdom_sensor.so.3.0] in /usr/lib/x86_64-linux-gnu may be hidden by files in:
[0.580s]       /opt/ros/humble/lib/x86_64-linux-gnu
[0.580s]     runtime library [liburdfdom_model_state.so.3.0] in /usr/lib/x86_64-linux-gnu may be hidden by files in:
[0.580s]       /opt/ros/humble/lib/x86_64-linux-gnu
[0.580s]     runtime library [liburdfdom_model.so.3.0] in /usr/lib/x86_64-linux-gnu may be hidden by files in:
[0.580s]       /opt/ros/humble/lib/x86_64-linux-gnu
[0.580s]     runtime library [liburdfdom_world.so.3.0] in /usr/lib/x86_64-linux-gnu may be hidden by files in:
[0.580s]       /opt/ros/humble/lib/x86_64-linux-gnu
[0.580s]     runtime library [liboctomap.so.1.9] in /usr/lib/x86_64-linux-gnu may be hidden by files in:
[0.580s]       /opt/ros/humble/lib/x86_64-linux-gnu
[0.580s]     runtime library [liboctomath.so.1.9] in /usr/lib/x86_64-linux-gnu may be hidden by files in:
[0.580s]       /opt/ros/humble/lib/x86_64-linux-gnu
[0.580s] 
[0.580s]   Some of these libraries may not be found correctly.
[0.580s] 
[0.581s] 
[0.581s] CMake Warning at CMakeLists.txt:84 (add_executable):
[0.581s]   Cannot generate a safe runtime search path for target wbc_hqp_v3 because
[0.581s]   there is a cycle in the constraint graph:
[0.581s] 
[0.581s]     dir 0 is [/usr/local/lib]
[0.581s]     dir 1 is [/opt/ros/humble/lib]
[0.581s]     dir 2 is [/opt/ros/humble/lib/x86_64-linux-gnu]
[0.581s]       dir 3 must precede it due to runtime library [libpinocchio_parsers.so.3.9.0]
[0.581s]     dir 3 is [/opt/openrobots/lib]
[0.581s]       dir 2 must precede it due to runtime library [libpinocchio_default.so.3.9.0]
[0.581s] 
[0.581s]   Some of these libraries may not be found correctly.
[0.581s] 
[0.581s] 
[0.582s] CMake Warning at CMakeLists.txt:96 (add_executable):
[0.582s]   Cannot generate a safe runtime search path for target
[0.582s]   base_arm_task_controller because files in some directories may conflict
[0.582s]   with libraries in implicit directories:
[0.582s] 
[0.582s]     runtime library [liburdfdom_sensor.so.3.0] in /usr/lib/x86_64-linux-gnu may be hidden by files in:
[0.582s]       /opt/ros/humble/lib/x86_64-linux-gnu
[0.582s]     runtime library [liburdfdom_model_state.so.3.0] in /usr/lib/x86_64-linux-gnu may be hidden by files in:
[0.582s]       /opt/ros/humble/lib/x86_64-linux-gnu
[0.582s]     runtime library [liburdfdom_model.so.3.0] in /usr/lib/x86_64-linux-gnu may be hidden by files in:
[0.583s]       /opt/ros/humble/lib/x86_64-linux-gnu
[0.583s]     runtime library [liburdfdom_world.so.3.0] in /usr/lib/x86_64-linux-gnu may be hidden by files in:
[0.583s]       /opt/ros/humble/lib/x86_64-linux-gnu
[0.583s]     runtime library [liboctomap.so.1.9] in /usr/lib/x86_64-linux-gnu may be hidden by files in:
[0.583s]       /opt/ros/humble/lib/x86_64-linux-gnu
[0.583s]     runtime library [liboctomath.so.1.9] in /usr/lib/x86_64-linux-gnu may be hidden by files in:
[0.583s]       /opt/ros/humble/lib/x86_64-linux-gnu
[0.583s] 
[0.583s]   Some of these libraries may not be found correctly.
[0.583s] 
[0.583s] 
[0.583s] CMake Warning at CMakeLists.txt:96 (add_executable):
[0.583s]   Cannot generate a safe runtime search path for target
[0.583s]   base_arm_task_controller because there is a cycle in the constraint graph:
[0.583s] 
[0.583s]     dir 0 is [/usr/local/lib]
[0.584s]     dir 1 is [/opt/ros/humble/lib]
[0.584s]     dir 2 is [/opt/ros/humble/lib/x86_64-linux-gnu]
[0.584s]       dir 3 must precede it due to runtime library [libpinocchio_parsers.so.3.9.0]
[0.584s]     dir 3 is [/opt/openrobots/lib]
[0.584s]       dir 2 must precede it due to runtime library [libpinocchio_default.so.3.9.0]
[0.584s] 
[0.584s]   Some of these libraries may not be found correctly.
[0.584s] 
[0.584s] 
[0.585s] CMake Warning at CMakeLists.txt:107 (add_executable):
[0.585s]   Cannot generate a safe runtime search path for target
[0.585s]   base_arm_task_controller_v2 because files in some directories may conflict
[0.585s]   with libraries in implicit directories:
[0.585s] 
[0.585s]     runtime library [liburdfdom_sensor.so.3.0] in /usr/lib/x86_64-linux-gnu may be hidden by files in:
[0.585s]       /opt/ros/humble/lib/x86_64-linux-gnu
[0.585s]     runtime library [liburdfdom_model_state.so.3.0] in /usr/lib/x86_64-linux-gnu may be hidden by files in:
[0.585s]       /opt/ros/humble/lib/x86_64-linux-gnu
[0.585s]     runtime library [liburdfdom_model.so.3.0] in /usr/lib/x86_64-linux-gnu may be hidden by files in:
[0.585s]       /opt/ros/humble/lib/x86_64-linux-gnu
[0.585s]     runtime library [liburdfdom_world.so.3.0] in /usr/lib/x86_64-linux-gnu may be hidden by files in:
[0.585s]       /opt/ros/humble/lib/x86_64-linux-gnu
[0.585s]     runtime library [liboctomap.so.1.9] in /usr/lib/x86_64-linux-gnu may be hidden by files in:
[0.585s]       /opt/ros/humble/lib/x86_64-linux-gnu
[0.586s]     runtime library [liboctomath.so.1.9] in /usr/lib/x86_64-linux-gnu may be hidden by files in:
[0.586s]       /opt/ros/humble/lib/x86_64-linux-gnu
[0.586s] 
[0.586s]   Some of these libraries may not be found correctly.
[0.586s] 
[0.586s] 
[0.586s] CMake Warning at CMakeLists.txt:107 (add_executable):
[0.586s]   Cannot generate a safe runtime search path for target
[0.586s]   base_arm_task_controller_v2 because there is a cycle in the constraint
[0.586s]   graph:
[0.586s] 
[0.586s]     dir 0 is [/usr/local/lib]
[0.586s]     dir 1 is [/opt/ros/humble/lib]
[0.586s]     dir 2 is [/opt/ros/humble/lib/x86_64-linux-gnu]
[0.586s]       dir 3 must precede it due to runtime library [libpinocchio_parsers.so.3.9.0]
[0.587s]     dir 3 is [/opt/openrobots/lib]
[0.587s]       dir 2 must precede it due to runtime library [libpinocchio_default.so.3.9.0]
[0.587s] 
[0.587s]   Some of these libraries may not be found correctly.
[0.587s] 
[0.587s] 
[0.587s] CMake Warning at CMakeLists.txt:118 (add_executable):
[0.587s]   Cannot generate a safe runtime search path for target
[0.587s]   base_arm_task_controller_full because files in some directories may
[0.588s]   conflict with libraries in implicit directories:
[0.588s] 
[0.588s]     runtime library [liburdfdom_sensor.so.3.0] in /usr/lib/x86_64-linux-gnu may be hidden by files in:
[0.588s]       /opt/ros/humble/lib/x86_64-linux-gnu
[0.588s]     runtime library [liburdfdom_model_state.so.3.0] in /usr/lib/x86_64-linux-gnu may be hidden by files in:
[0.588s]       /opt/ros/humble/lib/x86_64-linux-gnu
[0.588s]     runtime library [liburdfdom_model.so.3.0] in /usr/lib/x86_64-linux-gnu may be hidden by files in:
[0.588s]       /opt/ros/humble/lib/x86_64-linux-gnu
[0.588s]     runtime library [liburdfdom_world.so.3.0] in /usr/lib/x86_64-linux-gnu may be hidden by files in:
[0.588s]       /opt/ros/humble/lib/x86_64-linux-gnu
[0.588s]     runtime library [liboctomap.so.1.9] in /usr/lib/x86_64-linux-gnu may be hidden by files in:
[0.588s]       /opt/ros/humble/lib/x86_64-linux-gnu
[0.588s]     runtime library [liboctomath.so.1.9] in /usr/lib/x86_64-linux-gnu may be hidden by files in:
[0.588s]       /opt/ros/humble/lib/x86_64-linux-gnu
[0.588s] 
[0.588s]   Some of these libraries may not be found correctly.
[0.589s] 
[0.589s] 
[0.589s] CMake Warning at CMakeLists.txt:118 (add_executable):
[0.589s]   Cannot generate a safe runtime search path for target
[0.589s]   base_arm_task_controller_full because there is a cycle in the constraint
[0.589s]   graph:
[0.589s] 
[0.589s]     dir 0 is [/usr/local/lib]
[0.589s]     dir 1 is [/opt/ros/humble/lib]
[0.589s]     dir 2 is [/opt/ros/humble/lib/x86_64-linux-gnu]
[0.589s]       dir 3 must precede it due to runtime library [libpinocchio_parsers.so.3.9.0]
[0.589s]     dir 3 is [/opt/openrobots/lib]
[0.589s]       dir 2 must precede it due to runtime library [libpinocchio_default.so.3.9.0]
[0.589s] 
[0.589s]   Some of these libraries may not be found correctly.
[0.589s] 
[0.590s] 
[0.593s] CMake Warning at CMakeLists.txt:142 (add_executable):
[0.593s]   Cannot generate a safe runtime search path for target pin_test because
[0.593s]   files in some directories may conflict with libraries in implicit
[0.593s]   directories:
[0.593s] 
[0.594s]     runtime library [liburdfdom_sensor.so.3.0] in /usr/lib/x86_64-linux-gnu may be hidden by files in:
[0.594s]       /opt/ros/humble/lib/x86_64-linux-gnu
[0.594s]     runtime library [liburdfdom_model_state.so.3.0] in /usr/lib/x86_64-linux-gnu may be hidden by files in:
[0.594s]       /opt/ros/humble/lib/x86_64-linux-gnu
[0.594s]     runtime library [liburdfdom_model.so.3.0] in /usr/lib/x86_64-linux-gnu may be hidden by files in:
[0.594s]       /opt/ros/humble/lib/x86_64-linux-gnu
[0.594s]     runtime library [liburdfdom_world.so.3.0] in /usr/lib/x86_64-linux-gnu may be hidden by files in:
[0.594s]       /opt/ros/humble/lib/x86_64-linux-gnu
[0.594s]     runtime library [liboctomap.so.1.9] in /usr/lib/x86_64-linux-gnu may be hidden by files in:
[0.594s]       /opt/ros/humble/lib/x86_64-linux-gnu
[0.594s]     runtime library [liboctomath.so.1.9] in /usr/lib/x86_64-linux-gnu may be hidden by files in:
[0.594s]       /opt/ros/humble/lib/x86_64-linux-gnu
[0.594s] 
[0.594s]   Some of these libraries may not be found correctly.
[0.594s] 
[0.594s] 
[0.595s] CMake Warning at CMakeLists.txt:142 (add_executable):
[0.595s]   Cannot generate a safe runtime search path for target pin_test because
[0.595s]   there is a cycle in the constraint graph:
[0.595s] 
[0.595s]     dir 0 is [/opt/ros/humble/lib]
[0.595s]     dir 1 is [/opt/openrobots/lib]
[0.595s]       dir 2 must precede it due to runtime library [libpinocchio_default.so.3.9.0]
[0.595s]     dir 2 is [/opt/ros/humble/lib/x86_64-linux-gnu]
[0.595s]       dir 1 must precede it due to runtime library [libpinocchio_parsers.so.3.9.0]
[0.595s] 
[0.595s]   Some of these libraries may not be found correctly.
[0.595s] 
[0.595s] 
[0.604s] -- Generating done
[0.619s] -- Build files have been written to: /home/jin/harco/ecvt2_ws/build/ecvt2_controller
[0.641s] Consolidate compiler generated dependencies of target com_trajectory_publisher
[0.641s] Consolidate compiler generated dependencies of target teleop_goal_publisher
[0.644s] Consolidate compiler generated dependencies of target wbc_hqp_lib
[0.646s] Consolidate compiler generated dependencies of target kdl_utils
[0.648s] Consolidate compiler generated dependencies of target vp_sto_global_planner_full_node
[0.648s] Consolidate compiler generated dependencies of target live_upper_dynamics_node
[0.648s] Consolidate compiler generated dependencies of target vp_sto_global_planner_node
[0.648s] [  6%] Built target com_trajectory_publisher
[0.648s] [ 12%] Built target teleop_goal_publisher
[0.652s] [ 18%] Built target wbc_hqp_lib
[0.655s] Consolidate compiler generated dependencies of target vp_sto_paper_global_planner_node
[0.658s] [ 25%] Built target kdl_utils
[0.660s] [ 31%] Built target live_upper_dynamics_node
[0.660s] [ 34%] Building CXX object CMakeFiles/vp_sto_global_planner_full_node.dir/src/vp_sto_global_planner_full_node.cpp.o
[0.661s] [ 40%] Built target vp_sto_global_planner_node
[0.669s] Consolidate compiler generated dependencies of target wbc_hqp_v2
[0.669s] Consolidate compiler generated dependencies of target base_opt_controller
[0.669s] Consolidate compiler generated dependencies of target wbc_hqp_v3
[0.669s] Consolidate compiler generated dependencies of target wbc_hqp
[0.669s] Consolidate compiler generated dependencies of target base_arm_task_controller
[0.669s] Consolidate compiler generated dependencies of target base_arm_task_controller_full
[0.671s] Consolidate compiler generated dependencies of target base_arm_task_controller_v2
[0.672s] [ 46%] Built target vp_sto_paper_global_planner_node
[0.677s] [ 81%] Built target wbc_hqp_v3
[0.677s] [ 81%] Built target base_arm_task_controller_full
[0.677s] [ 81%] Built target base_arm_task_controller
[0.677s] [ 81%] Built target base_opt_controller
[0.677s] [ 81%] Built target wbc_hqp_v2
[0.677s] [ 84%] Built target wbc_hqp
[0.679s] [ 90%] Built target base_arm_task_controller_v2
[0.682s] Consolidate compiler generated dependencies of target pin_test
[0.701s] [ 96%] Built target pin_test
[3.575s] In file included from /opt/openrobots/include/hpp/fcl/config.hh:1,
[3.575s]                  from /opt/openrobots/include/pinocchio/serialization/eigen.hpp:20,
[3.575s]                  from /opt/openrobots/include/pinocchio/serialization/fwd.hpp:11,
[3.575s]                  from /opt/openrobots/include/pinocchio/multibody/joint/joint-composite.hpp:14,
[3.575s]                  from /opt/openrobots/include/pinocchio/multibody/joint/joint-generic.hpp:9,
[3.575s]                  from /opt/openrobots/include/pinocchio/multibody/model.hpp:17,
[3.575s]                  from /opt/openrobots/include/pinocchio/parsers/urdf.hpp:9,
[3.575s]                  from /home/jin/harco/ecvt2_ws/ecvt2_controller/src/vp_sto_global_planner_full_node.cpp:7:
[3.575s] /opt/openrobots/include/hpp/fcl/coal.hpp:12:99: note: ‘#pragma message: Please update your includes from 'hpp/fcl' to 'coal' or define COAL_DISABLE_HPP_FCL_WARNINGS’
[3.575s]    12 |     "Please update your includes from 'hpp/fcl' to 'coal' or define COAL_DISABLE_HPP_FCL_WARNINGS")
[3.575s]       |                                                                                                   ^
[38.545s] [100%] Linking CXX executable vp_sto_global_planner_full_node
[39.835s] [100%] Built target vp_sto_global_planner_full_node
[60.037s] Invoked command in '/home/jin/harco/ecvt2_ws/build/ecvt2_controller' returned '0': CMAKE_PREFIX_PATH=/home/jin/harco/ecvt2_ws/install/ifopt:/opt/ros/humble LD_LIBRARY_PATH=/home/jin/harco/ecvt2_ws/install/ifopt/lib:${LD_LIBRARY_PATH} PKG_CONFIG_PATH=/home/jin/harco/ecvt2_ws/install/ifopt/lib/x86_64-linux-gnu/pkgconfig:/home/jin/harco/ecvt2_ws/install/ifopt/lib/pkgconfig /usr/bin/cmake --build /home/jin/harco/ecvt2_ws/build/ecvt2_controller -- -j20 -l20
[60.045s] Invoking command in '/home/jin/harco/ecvt2_ws/build/ecvt2_controller': CMAKE_PREFIX_PATH=/home/jin/harco/ecvt2_ws/install/ifopt:/opt/ros/humble LD_LIBRARY_PATH=/home/jin/harco/ecvt2_ws/install/ifopt/lib:${LD_LIBRARY_PATH} PKG_CONFIG_PATH=/home/jin/harco/ecvt2_ws/install/ifopt/lib/x86_64-linux-gnu/pkgconfig:/home/jin/harco/ecvt2_ws/install/ifopt/lib/pkgconfig /usr/bin/cmake --install /home/jin/harco/ecvt2_ws/build/ecvt2_controller
[60.051s] -- Install configuration: ""
[60.052s] -- Execute custom install script
[60.052s] -- Up-to-date symlink: /home/jin/harco/ecvt2_ws/install/ecvt2_controller/lib/ecvt2_controller/teleop_goal_publisher
[60.052s] -- Up-to-date symlink: /home/jin/harco/ecvt2_ws/install/ecvt2_controller/lib/ecvt2_controller/live_upper_dynamics_node
[60.053s] -- Up-to-date symlink: /home/jin/harco/ecvt2_ws/install/ecvt2_controller/lib/ecvt2_controller/vp_sto_global_planner_node
[60.053s] -- Up-to-date symlink: /home/jin/harco/ecvt2_ws/install/ecvt2_controller/lib/ecvt2_controller/vp_sto_global_planner_full_node
[60.053s] -- Up-to-date symlink: /home/jin/harco/ecvt2_ws/install/ecvt2_controller/lib/ecvt2_controller/vp_sto_paper_global_planner_node
[60.053s] -- Up-to-date symlink: /home/jin/harco/ecvt2_ws/install/ecvt2_controller/include/ecvt2_controller/kdl_utils.hpp
[60.053s] -- Up-to-date symlink: /home/jin/harco/ecvt2_ws/install/ecvt2_controller/include/ecvt2_controller/wbc_hqp_lib.hpp
[60.054s] -- Up-to-date symlink: /home/jin/harco/ecvt2_ws/install/ecvt2_controller/lib/libkdl_utils.a
[60.054s] -- Up-to-date symlink: /home/jin/harco/ecvt2_ws/install/ecvt2_controller/lib/libwbc_hqp_lib.a
[60.054s] -- Up-to-date symlink: /home/jin/harco/ecvt2_ws/install/ecvt2_controller/lib/ecvt2_controller/base_opt_controller
[60.054s] -- Up-to-date symlink: /home/jin/harco/ecvt2_ws/install/ecvt2_controller/lib/ecvt2_controller/wbc_hqp
[60.054s] -- Up-to-date symlink: /home/jin/harco/ecvt2_ws/install/ecvt2_controller/lib/ecvt2_controller/wbc_hqp_v2
[60.054s] -- Up-to-date symlink: /home/jin/harco/ecvt2_ws/install/ecvt2_controller/lib/ecvt2_controller/wbc_hqp_v3
[60.054s] -- Up-to-date symlink: /home/jin/harco/ecvt2_ws/install/ecvt2_controller/lib/ecvt2_controller/base_arm_task_controller
[60.054s] -- Up-to-date symlink: /home/jin/harco/ecvt2_ws/install/ecvt2_controller/lib/ecvt2_controller/base_arm_task_controller_v2
[60.055s] -- Up-to-date symlink: /home/jin/harco/ecvt2_ws/install/ecvt2_controller/lib/ecvt2_controller/base_arm_task_controller_full
[60.055s] -- Up-to-date symlink: /home/jin/harco/ecvt2_ws/install/ecvt2_controller/lib/ecvt2_controller/teleop_goal_publisher
[60.055s] -- Up-to-date symlink: /home/jin/harco/ecvt2_ws/install/ecvt2_controller/lib/ecvt2_controller/com_trajectory_publisher
[60.055s] -- Up-to-date symlink: /home/jin/harco/ecvt2_ws/install/ecvt2_controller/lib/ecvt2_controller/pin_test
[60.055s] -- Up-to-date symlink: /home/jin/harco/ecvt2_ws/install/ecvt2_controller/share/ament_index/resource_index/package_run_dependencies/ecvt2_controller
[60.056s] -- Up-to-date symlink: /home/jin/harco/ecvt2_ws/install/ecvt2_controller/share/ament_index/resource_index/parent_prefix_path/ecvt2_controller
[60.056s] -- Up-to-date symlink: /home/jin/harco/ecvt2_ws/install/ecvt2_controller/share/ecvt2_controller/environment/ament_prefix_path.sh
[60.056s] -- Up-to-date symlink: /home/jin/harco/ecvt2_ws/install/ecvt2_controller/share/ecvt2_controller/environment/ament_prefix_path.dsv
[60.056s] -- Up-to-date symlink: /home/jin/harco/ecvt2_ws/install/ecvt2_controller/share/ecvt2_controller/environment/path.sh
[60.056s] -- Up-to-date symlink: /home/jin/harco/ecvt2_ws/install/ecvt2_controller/share/ecvt2_controller/environment/path.dsv
[60.056s] -- Up-to-date symlink: /home/jin/harco/ecvt2_ws/install/ecvt2_controller/share/ecvt2_controller/local_setup.bash
[60.056s] -- Up-to-date symlink: /home/jin/harco/ecvt2_ws/install/ecvt2_controller/share/ecvt2_controller/local_setup.sh
[60.056s] -- Up-to-date symlink: /home/jin/harco/ecvt2_ws/install/ecvt2_controller/share/ecvt2_controller/local_setup.zsh
[60.056s] -- Up-to-date symlink: /home/jin/harco/ecvt2_ws/install/ecvt2_controller/share/ecvt2_controller/local_setup.dsv
[60.057s] -- Symlinking: /home/jin/harco/ecvt2_ws/install/ecvt2_controller/share/ecvt2_controller/package.dsv
[60.062s] -- Up-to-date symlink: /home/jin/harco/ecvt2_ws/install/ecvt2_controller/share/ament_index/resource_index/packages/ecvt2_controller
[60.062s] -- Up-to-date symlink: /home/jin/harco/ecvt2_ws/install/ecvt2_controller/share/ecvt2_controller/cmake/ecvt2_controllerConfig.cmake
[60.063s] -- Up-to-date symlink: /home/jin/harco/ecvt2_ws/install/ecvt2_controller/share/ecvt2_controller/cmake/ecvt2_controllerConfig-version.cmake
[60.063s] -- Up-to-date symlink: /home/jin/harco/ecvt2_ws/install/ecvt2_controller/share/ecvt2_controller/package.xml
[60.064s] Invoked command in '/home/jin/harco/ecvt2_ws/build/ecvt2_controller' returned '0': CMAKE_PREFIX_PATH=/home/jin/harco/ecvt2_ws/install/ifopt:/opt/ros/humble LD_LIBRARY_PATH=/home/jin/harco/ecvt2_ws/install/ifopt/lib:${LD_LIBRARY_PATH} PKG_CONFIG_PATH=/home/jin/harco/ecvt2_ws/install/ifopt/lib/x86_64-linux-gnu/pkgconfig:/home/jin/harco/ecvt2_ws/install/ifopt/lib/pkgconfig /usr/bin/cmake --install /home/jin/harco/ecvt2_ws/build/ecvt2_controller
