[0.009s] Invoking command in '/home/jin/harco/ecvt2_ws/build/ecvt2_controller': CMAKE_PREFIX_PATH=${CMAKE_PREFIX_PATH}:/home/jin/harco/ecvt2_ws/install/ecvt2_sim:/opt/ros/humble /usr/bin/cmake --build /home/jin/harco/ecvt2_ws/build/ecvt2_controller -- -j20 -l20
[0.131s] [ 11%] Built target teleop_goal_publisher
[0.131s] [ 15%] Built target wbc_hqp_lib
[0.131s] [35m[1mConsolidate compiler generated dependencies of target vp_sto_global_planner_node[0m
[0.131s] [ 23%] Built target com_trajectory_publisher
[0.131s] [ 30%] Built target kdl_utils
[0.131s] [ 38%] Built target live_upper_dynamics_node
[0.131s] [ 42%] [32mBuilding CXX object CMakeFiles/vp_sto_global_planner_node.dir/src/vp_sto_global_planner_node.cpp.o[0m
[0.131s] [ 50%] Built target wbc_hqp_v2
[0.131s] [ 65%] Built target base_arm_task_controller
[0.131s] [ 65%] Built target base_arm_task_controller_v2
[0.131s] [ 73%] Built target wbc_hqp
[0.131s] [ 80%] Built target base_opt_controller
[0.131s] [ 88%] Built target wbc_hqp_v3
[0.131s] [ 96%] Built target pin_test
[3.137s] In file included from [01m[K/opt/openrobots/include/hpp/fcl/config.hh:1[m[K,
[3.137s]                  from [01m[K/opt/openrobots/include/pinocchio/serialization/eigen.hpp:20[m[K,
[3.137s]                  from [01m[K/opt/openrobots/include/pinocchio/serialization/fwd.hpp:11[m[K,
[3.138s]                  from [01m[K/opt/openrobots/include/pinocchio/multibody/joint/joint-composite.hpp:14[m[K,
[3.138s]                  from [01m[K/opt/openrobots/include/pinocchio/multibody/joint/joint-generic.hpp:9[m[K,
[3.138s]                  from [01m[K/opt/openrobots/include/pinocchio/multibody/model.hpp:17[m[K,
[3.138s]                  from [01m[K/opt/openrobots/include/pinocchio/parsers/urdf.hpp:9[m[K,
[3.138s]                  from [01m[K/home/jin/harco/ecvt2_ws/ecvt2_controller/src/vp_sto_global_planner_node.cpp:7[m[K:
[3.138s] [01m[K/opt/openrobots/include/hpp/fcl/coal.hpp:12:99:[m[K [01;36m[Knote: [m[K‘[01m[K#pragma message: Please update your includes from 'hpp/fcl' to 'coal' or define COAL_DISABLE_HPP_FCL_WARNINGS[m[K’
[3.138s]    12 |     "Please update your includes from 'hpp/fcl' to 'coal' or define COAL_DISABLE_HPP_FCL_WARNINGS"[01;36m[K)[m[K
[3.138s]       |                                                                                                   [01;36m[K^[m[K
[4.170s] [01m[K/home/jin/harco/ecvt2_ws/ecvt2_controller/src/vp_sto_global_planner_node.cpp:[m[K In member function ‘[01m[KEigen::VectorXd vpsto::CraneDynamicsModel::solveActuatedIkGoal(const VectorXd&, const string&, const Vector3d&, double, int, double, double, double) const[m[K’:
[4.170s] [01m[K/home/jin/harco/ecvt2_ws/ecvt2_controller/src/vp_sto_global_planner_node.cpp:371:18:[m[K [01;35m[Kwarning: [m[Kcomparison of integer expressions of different signedness: ‘[01m[Kconst FrameIndex[m[K’ {aka ‘[01m[Kconst long unsigned int[m[K’} and ‘[01m[Kconst int[m[K’ [[01;35m[K]8;;https://gcc.gnu.org/onlinedocs/gcc/Warning-Options.html#index-Wsign-compare-Wsign-compare]8;;[m[K]
[4.170s]   371 |     if ([01;35m[Kframe_id >= model_.nframes[m[K) {
[4.170s]       |         [01;35m[K~~~~~~~~~^~~~~~~~~~~~~~~~~[m[K
[27.667s] [100%] [32m[1mLinking CXX executable vp_sto_global_planner_node[0m
[28.743s] [100%] Built target vp_sto_global_planner_node
[28.751s] Invoked command in '/home/jin/harco/ecvt2_ws/build/ecvt2_controller' returned '0': CMAKE_PREFIX_PATH=${CMAKE_PREFIX_PATH}:/home/jin/harco/ecvt2_ws/install/ecvt2_sim:/opt/ros/humble /usr/bin/cmake --build /home/jin/harco/ecvt2_ws/build/ecvt2_controller -- -j20 -l20
[28.751s] Invoking command in '/home/jin/harco/ecvt2_ws/build/ecvt2_controller': CMAKE_PREFIX_PATH=${CMAKE_PREFIX_PATH}:/home/jin/harco/ecvt2_ws/install/ecvt2_sim:/opt/ros/humble /usr/bin/cmake --install /home/jin/harco/ecvt2_ws/build/ecvt2_controller
[28.756s] -- Install configuration: ""
[28.756s] -- Execute custom install script
[28.757s] -- Up-to-date symlink: /home/jin/harco/ecvt2_ws/install/ecvt2_controller/lib/ecvt2_controller/teleop_goal_publisher
[28.757s] -- Up-to-date symlink: /home/jin/harco/ecvt2_ws/install/ecvt2_controller/lib/ecvt2_controller/live_upper_dynamics_node
[28.757s] -- Up-to-date symlink: /home/jin/harco/ecvt2_ws/install/ecvt2_controller/lib/ecvt2_controller/vp_sto_global_planner_node
[28.757s] -- Up-to-date symlink: /home/jin/harco/ecvt2_ws/install/ecvt2_controller/include/ecvt2_controller/kdl_utils.hpp
[28.757s] -- Up-to-date symlink: /home/jin/harco/ecvt2_ws/install/ecvt2_controller/include/ecvt2_controller/wbc_hqp_lib.hpp
[28.757s] -- Up-to-date symlink: /home/jin/harco/ecvt2_ws/install/ecvt2_controller/lib/libkdl_utils.a
[28.757s] -- Up-to-date symlink: /home/jin/harco/ecvt2_ws/install/ecvt2_controller/lib/libwbc_hqp_lib.a
[28.757s] -- Up-to-date symlink: /home/jin/harco/ecvt2_ws/install/ecvt2_controller/lib/ecvt2_controller/base_opt_controller
[28.757s] -- Up-to-date symlink: /home/jin/harco/ecvt2_ws/install/ecvt2_controller/lib/ecvt2_controller/wbc_hqp
[28.757s] -- Up-to-date symlink: /home/jin/harco/ecvt2_ws/install/ecvt2_controller/lib/ecvt2_controller/wbc_hqp_v2
[28.757s] -- Up-to-date symlink: /home/jin/harco/ecvt2_ws/install/ecvt2_controller/lib/ecvt2_controller/wbc_hqp_v3
[28.757s] -- Up-to-date symlink: /home/jin/harco/ecvt2_ws/install/ecvt2_controller/lib/ecvt2_controller/base_arm_task_controller
[28.757s] -- Up-to-date symlink: /home/jin/harco/ecvt2_ws/install/ecvt2_controller/lib/ecvt2_controller/base_arm_task_controller_v2
[28.758s] -- Up-to-date symlink: /home/jin/harco/ecvt2_ws/install/ecvt2_controller/lib/ecvt2_controller/teleop_goal_publisher
[28.758s] -- Up-to-date symlink: /home/jin/harco/ecvt2_ws/install/ecvt2_controller/lib/ecvt2_controller/com_trajectory_publisher
[28.758s] -- Up-to-date symlink: /home/jin/harco/ecvt2_ws/install/ecvt2_controller/lib/ecvt2_controller/pin_test
[28.758s] -- Up-to-date symlink: /home/jin/harco/ecvt2_ws/install/ecvt2_controller/share/ament_index/resource_index/package_run_dependencies/ecvt2_controller
[28.758s] -- Up-to-date symlink: /home/jin/harco/ecvt2_ws/install/ecvt2_controller/share/ament_index/resource_index/parent_prefix_path/ecvt2_controller
[28.758s] -- Up-to-date symlink: /home/jin/harco/ecvt2_ws/install/ecvt2_controller/share/ecvt2_controller/environment/ament_prefix_path.sh
[28.758s] -- Up-to-date symlink: /home/jin/harco/ecvt2_ws/install/ecvt2_controller/share/ecvt2_controller/environment/ament_prefix_path.dsv
[28.758s] -- Up-to-date symlink: /home/jin/harco/ecvt2_ws/install/ecvt2_controller/share/ecvt2_controller/environment/path.sh
[28.758s] -- Up-to-date symlink: /home/jin/harco/ecvt2_ws/install/ecvt2_controller/share/ecvt2_controller/environment/path.dsv
[28.758s] -- Up-to-date symlink: /home/jin/harco/ecvt2_ws/install/ecvt2_controller/share/ecvt2_controller/local_setup.bash
[28.758s] -- Up-to-date symlink: /home/jin/harco/ecvt2_ws/install/ecvt2_controller/share/ecvt2_controller/local_setup.sh
[28.758s] -- Up-to-date symlink: /home/jin/harco/ecvt2_ws/install/ecvt2_controller/share/ecvt2_controller/local_setup.zsh
[28.758s] -- Up-to-date symlink: /home/jin/harco/ecvt2_ws/install/ecvt2_controller/share/ecvt2_controller/local_setup.dsv
[28.758s] -- Symlinking: /home/jin/harco/ecvt2_ws/install/ecvt2_controller/share/ecvt2_controller/package.dsv
[28.763s] -- Up-to-date symlink: /home/jin/harco/ecvt2_ws/install/ecvt2_controller/share/ament_index/resource_index/packages/ecvt2_controller
[28.763s] -- Up-to-date symlink: /home/jin/harco/ecvt2_ws/install/ecvt2_controller/share/ecvt2_controller/cmake/ecvt2_controllerConfig.cmake
[28.763s] -- Up-to-date symlink: /home/jin/harco/ecvt2_ws/install/ecvt2_controller/share/ecvt2_controller/cmake/ecvt2_controllerConfig-version.cmake
[28.763s] -- Up-to-date symlink: /home/jin/harco/ecvt2_ws/install/ecvt2_controller/share/ecvt2_controller/package.xml
[28.764s] Invoked command in '/home/jin/harco/ecvt2_ws/build/ecvt2_controller' returned '0': CMAKE_PREFIX_PATH=${CMAKE_PREFIX_PATH}:/home/jin/harco/ecvt2_ws/install/ecvt2_sim:/opt/ros/humble /usr/bin/cmake --install /home/jin/harco/ecvt2_ws/build/ecvt2_controller
