[0.009s] Invoking command in '/home/jin/harco/ecvt2_ws/build/ecvt2_controller': CMAKE_PREFIX_PATH=${CMAKE_PREFIX_PATH}:/home/jin/harco/ecvt2_ws/install/ecvt2_sim:/opt/ros/humble /usr/bin/cmake /home/jin/harco/ecvt2_ws/ecvt2_controller -DAMENT_CMAKE_SYMLINK_INSTALL=1 -DCMAKE_INSTALL_PREFIX=/home/jin/harco/ecvt2_ws/install/ecvt2_controller
[0.131s] -- Found ament_cmake: 1.3.12 (/opt/ros/humble/share/ament_cmake/cmake)
[0.131s] -- Override CMake install command with custom implementation using symlinks instead of copying resources
[0.131s] -- Found rclcpp: 16.0.16 (/opt/ros/humble/share/rclcpp/cmake)
[0.131s] -- Found rosidl_generator_c: 3.1.7 (/opt/ros/humble/share/rosidl_generator_c/cmake)
[0.131s] -- Found rosidl_adapter: 3.1.7 (/opt/ros/humble/share/rosidl_adapter/cmake)
[0.131s] -- Found rosidl_generator_cpp: 3.1.7 (/opt/ros/humble/share/rosidl_generator_cpp/cmake)
[0.132s] -- Using all available rosidl_typesupport_c: rosidl_typesupport_fastrtps_c;rosidl_typesupport_introspection_c
[0.133s] -- Using all available rosidl_typesupport_cpp: rosidl_typesupport_fastrtps_cpp;rosidl_typesupport_introspection_cpp
[0.151s] -- Found rmw_implementation_cmake: 6.1.2 (/opt/ros/humble/share/rmw_implementation_cmake/cmake)
[0.152s] -- Found rmw_fastrtps_cpp: 6.2.9 (/opt/ros/humble/share/rmw_fastrtps_cpp/cmake)
[0.212s] -- Using RMW implementation 'rmw_fastrtps_cpp' as default
[0.240s] -- Found geometry_msgs: 4.9.0 (/opt/ros/humble/share/geometry_msgs/cmake)
[0.247s] -- Found sensor_msgs: 4.9.0 (/opt/ros/humble/share/sensor_msgs/cmake)
[0.256s] -- Found visualization_msgs: 4.9.0 (/opt/ros/humble/share/visualization_msgs/cmake)
[0.267s] -- Found trajectory_msgs: 4.9.0 (/opt/ros/humble/share/trajectory_msgs/cmake)
[0.277s] -- pinocchio_default FOUND. pinocchio_default at /opt/ros/humble/lib/x86_64-linux-gnu/libpinocchio_default.so
[0.278s] -- pinocchio_parsers FOUND. pinocchio_parsers at /opt/ros/humble/lib/x86_64-linux-gnu/libpinocchio_parsers.so
[0.278s] -- pinocchio_casadi not FOUND.
[0.279s] -- boost_filesystem FOUND. boost_filesystem at /usr/lib/x86_64-linux-gnu/libboost_filesystem.so
[0.284s] -- Found Boost: /usr/include (found version "1.74.0") found components: filesystem serialization 
[0.284s] [33mCMake Warning at /opt/openrobots/lib/cmake/hpp-fcl/hpp-fclConfig.cmake:4 (message):
[0.284s]   Please update your CMake from 'hpp-fcl' to 'coal', or define
[0.284s]   COAL_DISABLE_HPP_FCL_WARNINGS
[0.284s] Call Stack (most recent call first):
[0.284s]   /usr/share/cmake-3.22/Modules/CMakeFindDependencyMacro.cmake:47 (find_package)
[0.284s]   /opt/openrobots/lib/cmake/pinocchio/pinocchioConfig.cmake:161 (find_dependency)
[0.284s]   CMakeLists.txt:20 (find_package)
[0.284s] 
[0.284s] [0m
[0.285s] -- coal not FOUND.
[0.289s] -- Found Boost: /usr/include (found version "1.74.0") found components: serialization filesystem 
[0.463s] -- Default C++ standard: 201703
[0.463s] -- C++ standard sufficient: Minimal required 11, currently defined: 17
[0.463s] -- CMAKE_CXX_STANDARD was not set: automatically set to currently defined standard 17
[0.463s] -- C++ standard sufficient: Minimal required 11, currently defined: 17
[0.476s] -- Found ament_lint_auto: 0.12.14 (/opt/ros/humble/share/ament_lint_auto/cmake)
[0.529s] -- Added test 'cppcheck' to perform static code analysis on C / C++ code
[0.529s] -- Configured cppcheck include dirs: $<BUILD_INTERFACE:/home/jin/harco/ecvt2_ws/ecvt2_controller/include>
[0.529s] -- Configured cppcheck exclude dirs and/or files: 
[0.530s] -- Added test 'lint_cmake' to check CMake code style
[0.530s] -- Added test 'uncrustify' to check C / C++ code style
[0.530s] -- Configured uncrustify additional arguments: 
[0.530s] -- Added test 'xmllint' to check XML markup files
[0.531s] -- Configuring done
[0.541s] [33mCMake Warning at CMakeLists.txt:48 (add_executable):
[0.541s]   Cannot generate a safe runtime search path for target base_opt_controller
[0.541s]   because files in some directories may conflict with libraries in implicit
[0.541s]   directories:
[0.541s] 
[0.541s]     runtime library [liburdfdom_sensor.so.3.0] in /usr/lib/x86_64-linux-gnu may be hidden by files in:
[0.541s]       /opt/ros/humble/lib/x86_64-linux-gnu
[0.541s]     runtime library [liburdfdom_model_state.so.3.0] in /usr/lib/x86_64-linux-gnu may be hidden by files in:
[0.541s]       /opt/ros/humble/lib/x86_64-linux-gnu
[0.541s]     runtime library [liburdfdom_model.so.3.0] in /usr/lib/x86_64-linux-gnu may be hidden by files in:
[0.541s]       /opt/ros/humble/lib/x86_64-linux-gnu
[0.541s]     runtime library [liburdfdom_world.so.3.0] in /usr/lib/x86_64-linux-gnu may be hidden by files in:
[0.542s]       /opt/ros/humble/lib/x86_64-linux-gnu
[0.542s]     runtime library [liboctomap.so.1.9] in /usr/lib/x86_64-linux-gnu may be hidden by files in:
[0.542s]       /opt/ros/humble/lib/x86_64-linux-gnu
[0.542s]     runtime library [liboctomath.so.1.9] in /usr/lib/x86_64-linux-gnu may be hidden by files in:
[0.542s]       /opt/ros/humble/lib/x86_64-linux-gnu
[0.542s] 
[0.542s]   Some of these libraries may not be found correctly.
[0.542s] 
[0.542s] [0m
[0.542s] [33mCMake Warning at CMakeLists.txt:48 (add_executable):
[0.542s]   Cannot generate a safe runtime search path for target base_opt_controller
[0.542s]   because there is a cycle in the constraint graph:
[0.542s] 
[0.542s]     dir 0 is [/usr/local/lib]
[0.542s]     dir 1 is [/opt/ros/humble/lib]
[0.542s]     dir 2 is [/opt/ros/humble/lib/x86_64-linux-gnu]
[0.542s]       dir 3 must precede it due to runtime library [libpinocchio_parsers.so.3.9.0]
[0.542s]     dir 3 is [/opt/openrobots/lib]
[0.542s]       dir 2 must precede it due to runtime library [libpinocchio_default.so.3.9.0]
[0.542s] 
[0.542s]   Some of these libraries may not be found correctly.
[0.542s] 
[0.542s] [0m
[0.544s] [33mCMake Warning at CMakeLists.txt:59 (add_executable):
[0.544s]   Cannot generate a safe runtime search path for target wbc_hqp because files
[0.544s]   in some directories may conflict with libraries in implicit directories:
[0.544s] 
[0.544s]     runtime library [liburdfdom_sensor.so.3.0] in /usr/lib/x86_64-linux-gnu may be hidden by files in:
[0.544s]       /opt/ros/humble/lib/x86_64-linux-gnu
[0.544s]     runtime library [liburdfdom_model_state.so.3.0] in /usr/lib/x86_64-linux-gnu may be hidden by files in:
[0.544s]       /opt/ros/humble/lib/x86_64-linux-gnu
[0.545s]     runtime library [liburdfdom_model.so.3.0] in /usr/lib/x86_64-linux-gnu may be hidden by files in:
[0.545s]       /opt/ros/humble/lib/x86_64-linux-gnu
[0.545s]     runtime library [liburdfdom_world.so.3.0] in /usr/lib/x86_64-linux-gnu may be hidden by files in:
[0.545s]       /opt/ros/humble/lib/x86_64-linux-gnu
[0.545s]     runtime library [liboctomap.so.1.9] in /usr/lib/x86_64-linux-gnu may be hidden by files in:
[0.545s]       /opt/ros/humble/lib/x86_64-linux-gnu
[0.545s]     runtime library [liboctomath.so.1.9] in /usr/lib/x86_64-linux-gnu may be hidden by files in:
[0.545s]       /opt/ros/humble/lib/x86_64-linux-gnu
[0.545s] 
[0.545s]   Some of these libraries may not be found correctly.
[0.545s] 
[0.545s] [0m
[0.545s] [33mCMake Warning at CMakeLists.txt:59 (add_executable):
[0.545s]   Cannot generate a safe runtime search path for target wbc_hqp because there
[0.545s]   is a cycle in the constraint graph:
[0.545s] 
[0.545s]     dir 0 is [/usr/local/lib]
[0.545s]     dir 1 is [/opt/ros/humble/lib]
[0.545s]     dir 2 is [/opt/ros/humble/lib/x86_64-linux-gnu]
[0.545s]       dir 3 must precede it due to runtime library [libpinocchio_parsers.so.3.9.0]
[0.545s]     dir 3 is [/opt/openrobots/lib]
[0.545s]       dir 2 must precede it due to runtime library [libpinocchio_default.so.3.9.0]
[0.545s] 
[0.545s]   Some of these libraries may not be found correctly.
[0.545s] 
[0.546s] [0m
[0.547s] [33mCMake Warning at CMakeLists.txt:70 (add_executable):
[0.547s]   Cannot generate a safe runtime search path for target wbc_hqp_v2 because
[0.548s]   files in some directories may conflict with libraries in implicit
[0.548s]   directories:
[0.548s] 
[0.548s]     runtime library [liburdfdom_sensor.so.3.0] in /usr/lib/x86_64-linux-gnu may be hidden by files in:
[0.548s]       /opt/ros/humble/lib/x86_64-linux-gnu
[0.548s]     runtime library [liburdfdom_model_state.so.3.0] in /usr/lib/x86_64-linux-gnu may be hidden by files in:
[0.548s]       /opt/ros/humble/lib/x86_64-linux-gnu
[0.548s]     runtime library [liburdfdom_model.so.3.0] in /usr/lib/x86_64-linux-gnu may be hidden by files in:
[0.548s]       /opt/ros/humble/lib/x86_64-linux-gnu
[0.548s]     runtime library [liburdfdom_world.so.3.0] in /usr/lib/x86_64-linux-gnu may be hidden by files in:
[0.548s]       /opt/ros/humble/lib/x86_64-linux-gnu
[0.548s]     runtime library [liboctomap.so.1.9] in /usr/lib/x86_64-linux-gnu may be hidden by files in:
[0.548s]       /opt/ros/humble/lib/x86_64-linux-gnu
[0.548s]     runtime library [liboctomath.so.1.9] in /usr/lib/x86_64-linux-gnu may be hidden by files in:
[0.548s]       /opt/ros/humble/lib/x86_64-linux-gnu
[0.548s] 
[0.548s]   Some of these libraries may not be found correctly.
[0.548s] 
[0.548s] [0m
[0.548s] [33mCMake Warning at CMakeLists.txt:70 (add_executable):
[0.548s]   Cannot generate a safe runtime search path for target wbc_hqp_v2 because
[0.548s]   there is a cycle in the constraint graph:
[0.548s] 
[0.548s]     dir 0 is [/usr/local/lib]
[0.548s]     dir 1 is [/opt/ros/humble/lib]
[0.549s]     dir 2 is [/opt/ros/humble/lib/x86_64-linux-gnu]
[0.549s]       dir 3 must precede it due to runtime library [libpinocchio_parsers.so.3.9.0]
[0.549s]     dir 3 is [/opt/openrobots/lib]
[0.549s]       dir 2 must precede it due to runtime library [libpinocchio_default.so.3.9.0]
[0.549s] 
[0.549s]   Some of these libraries may not be found correctly.
[0.549s] 
[0.549s] [0m
[0.551s] [33mCMake Warning at CMakeLists.txt:82 (add_executable):
[0.551s]   Cannot generate a safe runtime search path for target wbc_hqp_v3 because
[0.551s]   files in some directories may conflict with libraries in implicit
[0.551s]   directories:
[0.551s] 
[0.551s]     runtime library [liburdfdom_sensor.so.3.0] in /usr/lib/x86_64-linux-gnu may be hidden by files in:
[0.551s]       /opt/ros/humble/lib/x86_64-linux-gnu
[0.551s]     runtime library [liburdfdom_model_state.so.3.0] in /usr/lib/x86_64-linux-gnu may be hidden by files in:
[0.551s]       /opt/ros/humble/lib/x86_64-linux-gnu
[0.551s]     runtime library [liburdfdom_model.so.3.0] in /usr/lib/x86_64-linux-gnu may be hidden by files in:
[0.551s]       /opt/ros/humble/lib/x86_64-linux-gnu
[0.551s]     runtime library [liburdfdom_world.so.3.0] in /usr/lib/x86_64-linux-gnu may be hidden by files in:
[0.551s]       /opt/ros/humble/lib/x86_64-linux-gnu
[0.551s]     runtime library [liboctomap.so.1.9] in /usr/lib/x86_64-linux-gnu may be hidden by files in:
[0.551s]       /opt/ros/humble/lib/x86_64-linux-gnu
[0.551s]     runtime library [liboctomath.so.1.9] in /usr/lib/x86_64-linux-gnu may be hidden by files in:
[0.551s]       /opt/ros/humble/lib/x86_64-linux-gnu
[0.551s] 
[0.551s]   Some of these libraries may not be found correctly.
[0.551s] 
[0.551s] [0m
[0.551s] [33mCMake Warning at CMakeLists.txt:82 (add_executable):
[0.551s]   Cannot generate a safe runtime search path for target wbc_hqp_v3 because
[0.552s]   there is a cycle in the constraint graph:
[0.552s] 
[0.552s]     dir 0 is [/usr/local/lib]
[0.552s]     dir 1 is [/opt/ros/humble/lib]
[0.552s]     dir 2 is [/opt/ros/humble/lib/x86_64-linux-gnu]
[0.552s]       dir 3 must precede it due to runtime library [libpinocchio_parsers.so.3.9.0]
[0.552s]     dir 3 is [/opt/openrobots/lib]
[0.552s]       dir 2 must precede it due to runtime library [libpinocchio_default.so.3.9.0]
[0.552s] 
[0.552s]   Some of these libraries may not be found correctly.
[0.552s] 
[0.552s] [0m
[0.554s] [33mCMake Warning at CMakeLists.txt:94 (add_executable):
[0.554s]   Cannot generate a safe runtime search path for target
[0.554s]   base_arm_task_controller because files in some directories may conflict
[0.554s]   with libraries in implicit directories:
[0.554s] 
[0.554s]     runtime library [liburdfdom_sensor.so.3.0] in /usr/lib/x86_64-linux-gnu may be hidden by files in:
[0.554s]       /opt/ros/humble/lib/x86_64-linux-gnu
[0.554s]     runtime library [liburdfdom_model_state.so.3.0] in /usr/lib/x86_64-linux-gnu may be hidden by files in:
[0.554s]       /opt/ros/humble/lib/x86_64-linux-gnu
[0.554s]     runtime library [liburdfdom_model.so.3.0] in /usr/lib/x86_64-linux-gnu may be hidden by files in:
[0.554s]       /opt/ros/humble/lib/x86_64-linux-gnu
[0.554s]     runtime library [liburdfdom_world.so.3.0] in /usr/lib/x86_64-linux-gnu may be hidden by files in:
[0.554s]       /opt/ros/humble/lib/x86_64-linux-gnu
[0.554s]     runtime library [liboctomap.so.1.9] in /usr/lib/x86_64-linux-gnu may be hidden by files in:
[0.554s]       /opt/ros/humble/lib/x86_64-linux-gnu
[0.554s]     runtime library [liboctomath.so.1.9] in /usr/lib/x86_64-linux-gnu may be hidden by files in:
[0.554s]       /opt/ros/humble/lib/x86_64-linux-gnu
[0.554s] 
[0.555s]   Some of these libraries may not be found correctly.
[0.555s] 
[0.555s] [0m
[0.555s] [33mCMake Warning at CMakeLists.txt:94 (add_executable):
[0.555s]   Cannot generate a safe runtime search path for target
[0.555s]   base_arm_task_controller because there is a cycle in the constraint graph:
[0.555s] 
[0.555s]     dir 0 is [/usr/local/lib]
[0.555s]     dir 1 is [/opt/ros/humble/lib]
[0.555s]     dir 2 is [/opt/ros/humble/lib/x86_64-linux-gnu]
[0.555s]       dir 3 must precede it due to runtime library [libpinocchio_parsers.so.3.9.0]
[0.555s]     dir 3 is [/opt/openrobots/lib]
[0.555s]       dir 2 must precede it due to runtime library [libpinocchio_default.so.3.9.0]
[0.555s] 
[0.555s]   Some of these libraries may not be found correctly.
[0.555s] 
[0.555s] [0m
[0.557s] [33mCMake Warning at CMakeLists.txt:105 (add_executable):
[0.557s]   Cannot generate a safe runtime search path for target
[0.557s]   base_arm_task_controller_v2 because files in some directories may conflict
[0.557s]   with libraries in implicit directories:
[0.557s] 
[0.557s]     runtime library [liburdfdom_sensor.so.3.0] in /usr/lib/x86_64-linux-gnu may be hidden by files in:
[0.557s]       /opt/ros/humble/lib/x86_64-linux-gnu
[0.557s]     runtime library [liburdfdom_model_state.so.3.0] in /usr/lib/x86_64-linux-gnu may be hidden by files in:
[0.557s]       /opt/ros/humble/lib/x86_64-linux-gnu
[0.557s]     runtime library [liburdfdom_model.so.3.0] in /usr/lib/x86_64-linux-gnu may be hidden by files in:
[0.557s]       /opt/ros/humble/lib/x86_64-linux-gnu
[0.557s]     runtime library [liburdfdom_world.so.3.0] in /usr/lib/x86_64-linux-gnu may be hidden by files in:
[0.557s]       /opt/ros/humble/lib/x86_64-linux-gnu
[0.558s]     runtime library [liboctomap.so.1.9] in /usr/lib/x86_64-linux-gnu may be hidden by files in:
[0.558s]       /opt/ros/humble/lib/x86_64-linux-gnu
[0.558s]     runtime library [liboctomath.so.1.9] in /usr/lib/x86_64-linux-gnu may be hidden by files in:
[0.558s]       /opt/ros/humble/lib/x86_64-linux-gnu
[0.558s] 
[0.558s]   Some of these libraries may not be found correctly.
[0.558s] 
[0.558s] [0m
[0.558s] [33mCMake Warning at CMakeLists.txt:105 (add_executable):
[0.558s]   Cannot generate a safe runtime search path for target
[0.558s]   base_arm_task_controller_v2 because there is a cycle in the constraint
[0.558s]   graph:
[0.558s] 
[0.558s]     dir 0 is [/usr/local/lib]
[0.558s]     dir 1 is [/opt/ros/humble/lib]
[0.558s]     dir 2 is [/opt/ros/humble/lib/x86_64-linux-gnu]
[0.558s]       dir 3 must precede it due to runtime library [libpinocchio_parsers.so.3.9.0]
[0.558s]     dir 3 is [/opt/openrobots/lib]
[0.558s]       dir 2 must precede it due to runtime library [libpinocchio_default.so.3.9.0]
[0.558s] 
[0.558s]   Some of these libraries may not be found correctly.
[0.558s] 
[0.558s] [0m
[0.563s] [33mCMake Warning at CMakeLists.txt:129 (add_executable):
[0.563s]   Cannot generate a safe runtime search path for target pin_test because
[0.563s]   files in some directories may conflict with libraries in implicit
[0.563s]   directories:
[0.563s] 
[0.563s]     runtime library [liburdfdom_sensor.so.3.0] in /usr/lib/x86_64-linux-gnu may be hidden by files in:
[0.563s]       /opt/ros/humble/lib/x86_64-linux-gnu
[0.563s]     runtime library [liburdfdom_model_state.so.3.0] in /usr/lib/x86_64-linux-gnu may be hidden by files in:
[0.563s]       /opt/ros/humble/lib/x86_64-linux-gnu
[0.563s]     runtime library [liburdfdom_model.so.3.0] in /usr/lib/x86_64-linux-gnu may be hidden by files in:
[0.563s]       /opt/ros/humble/lib/x86_64-linux-gnu
[0.563s]     runtime library [liburdfdom_world.so.3.0] in /usr/lib/x86_64-linux-gnu may be hidden by files in:
[0.564s]       /opt/ros/humble/lib/x86_64-linux-gnu
[0.564s]     runtime library [liboctomap.so.1.9] in /usr/lib/x86_64-linux-gnu may be hidden by files in:
[0.564s]       /opt/ros/humble/lib/x86_64-linux-gnu
[0.564s]     runtime library [liboctomath.so.1.9] in /usr/lib/x86_64-linux-gnu may be hidden by files in:
[0.564s]       /opt/ros/humble/lib/x86_64-linux-gnu
[0.564s] 
[0.564s]   Some of these libraries may not be found correctly.
[0.564s] 
[0.564s] [0m
[0.564s] [33mCMake Warning at CMakeLists.txt:129 (add_executable):
[0.564s]   Cannot generate a safe runtime search path for target pin_test because
[0.564s]   there is a cycle in the constraint graph:
[0.564s] 
[0.564s]     dir 0 is [/opt/ros/humble/lib]
[0.564s]     dir 1 is [/opt/openrobots/lib]
[0.564s]       dir 2 must precede it due to runtime library [libpinocchio_default.so.3.9.0]
[0.564s]     dir 2 is [/opt/ros/humble/lib/x86_64-linux-gnu]
[0.564s]       dir 1 must precede it due to runtime library [libpinocchio_parsers.so.3.9.0]
[0.564s] 
[0.564s]   Some of these libraries may not be found correctly.
[0.564s] 
[0.564s] [0m
[0.571s] -- Generating done
[0.584s] -- Build files have been written to: /home/jin/harco/ecvt2_ws/build/ecvt2_controller
[0.589s] Invoked command in '/home/jin/harco/ecvt2_ws/build/ecvt2_controller' returned '0': CMAKE_PREFIX_PATH=${CMAKE_PREFIX_PATH}:/home/jin/harco/ecvt2_ws/install/ecvt2_sim:/opt/ros/humble /usr/bin/cmake /home/jin/harco/ecvt2_ws/ecvt2_controller -DAMENT_CMAKE_SYMLINK_INSTALL=1 -DCMAKE_INSTALL_PREFIX=/home/jin/harco/ecvt2_ws/install/ecvt2_controller
[0.590s] Invoking command in '/home/jin/harco/ecvt2_ws/build/ecvt2_controller': CMAKE_PREFIX_PATH=${CMAKE_PREFIX_PATH}:/home/jin/harco/ecvt2_ws/install/ecvt2_sim:/opt/ros/humble /usr/bin/cmake --build /home/jin/harco/ecvt2_ws/build/ecvt2_controller -- -j20 -l20
[0.616s] [35m[1mConsolidate compiler generated dependencies of target wbc_hqp_lib[0m
[0.616s] [35m[1mConsolidate compiler generated dependencies of target teleop_goal_publisher[0m
[0.617s] [35m[1mConsolidate compiler generated dependencies of target com_trajectory_publisher[0m
[0.617s] [35m[1mConsolidate compiler generated dependencies of target vp_sto_global_planner_node[0m
[0.617s] [35m[1mConsolidate compiler generated dependencies of target live_upper_dynamics_node[0m
[0.618s] [35m[1mConsolidate compiler generated dependencies of target vp_sto_paper_global_planner_node[0m
[0.620s] [35m[1mConsolidate compiler generated dependencies of target kdl_utils[0m
[0.627s] [  7%] Built target com_trajectory_publisher
[0.628s] [ 14%] Built target wbc_hqp_lib
[0.629s] [ 21%] Built target teleop_goal_publisher
[0.636s] [ 28%] Built target live_upper_dynamics_node
[0.638s] [ 35%] Built target vp_sto_paper_global_planner_node
[0.638s] [ 50%] Built target vp_sto_global_planner_node
[0.638s] [ 50%] Built target kdl_utils
[0.645s] [35m[1mConsolidate compiler generated dependencies of target base_arm_task_controller[0m
[0.645s] [35m[1mConsolidate compiler generated dependencies of target base_opt_controller[0m
[0.645s] [35m[1mConsolidate compiler generated dependencies of target wbc_hqp[0m
[0.645s] [35m[1mConsolidate compiler generated dependencies of target base_arm_task_controller_v2[0m
[0.646s] [35m[1mConsolidate compiler generated dependencies of target pin_test[0m
[0.647s] [35m[1mConsolidate compiler generated dependencies of target wbc_hqp_v2[0m
[0.647s] [35m[1mConsolidate compiler generated dependencies of target wbc_hqp_v3[0m
[0.655s] [ 64%] Built target base_arm_task_controller
[0.655s] [ 64%] Built target wbc_hqp
[0.655s] [ 71%] Built target base_arm_task_controller_v2
[0.658s] [ 78%] Built target base_opt_controller
[0.659s] [ 85%] Built target wbc_hqp_v2
[0.659s] [ 92%] Built target wbc_hqp_v3
[0.664s] [100%] Built target pin_test
[0.671s] Invoked command in '/home/jin/harco/ecvt2_ws/build/ecvt2_controller' returned '0': CMAKE_PREFIX_PATH=${CMAKE_PREFIX_PATH}:/home/jin/harco/ecvt2_ws/install/ecvt2_sim:/opt/ros/humble /usr/bin/cmake --build /home/jin/harco/ecvt2_ws/build/ecvt2_controller -- -j20 -l20
[0.672s] Invoking command in '/home/jin/harco/ecvt2_ws/build/ecvt2_controller': CMAKE_PREFIX_PATH=${CMAKE_PREFIX_PATH}:/home/jin/harco/ecvt2_ws/install/ecvt2_sim:/opt/ros/humble /usr/bin/cmake --install /home/jin/harco/ecvt2_ws/build/ecvt2_controller
[0.677s] -- Install configuration: ""
[0.678s] -- Execute custom install script
[0.678s] -- Up-to-date symlink: /home/jin/harco/ecvt2_ws/install/ecvt2_controller/lib/ecvt2_controller/teleop_goal_publisher
[0.678s] -- Up-to-date symlink: /home/jin/harco/ecvt2_ws/install/ecvt2_controller/lib/ecvt2_controller/live_upper_dynamics_node
[0.678s] -- Up-to-date symlink: /home/jin/harco/ecvt2_ws/install/ecvt2_controller/lib/ecvt2_controller/vp_sto_global_planner_node
[0.678s] -- Up-to-date symlink: /home/jin/harco/ecvt2_ws/install/ecvt2_controller/lib/ecvt2_controller/vp_sto_paper_global_planner_node
[0.678s] -- Up-to-date symlink: /home/jin/harco/ecvt2_ws/install/ecvt2_controller/include/ecvt2_controller/kdl_utils.hpp
[0.678s] -- Up-to-date symlink: /home/jin/harco/ecvt2_ws/install/ecvt2_controller/include/ecvt2_controller/wbc_hqp_lib.hpp
[0.678s] -- Up-to-date symlink: /home/jin/harco/ecvt2_ws/install/ecvt2_controller/lib/libkdl_utils.a
[0.678s] -- Up-to-date symlink: /home/jin/harco/ecvt2_ws/install/ecvt2_controller/lib/libwbc_hqp_lib.a
[0.679s] -- Up-to-date symlink: /home/jin/harco/ecvt2_ws/install/ecvt2_controller/lib/ecvt2_controller/base_opt_controller
[0.679s] -- Up-to-date symlink: /home/jin/harco/ecvt2_ws/install/ecvt2_controller/lib/ecvt2_controller/wbc_hqp
[0.679s] -- Up-to-date symlink: /home/jin/harco/ecvt2_ws/install/ecvt2_controller/lib/ecvt2_controller/wbc_hqp_v2
[0.679s] -- Up-to-date symlink: /home/jin/harco/ecvt2_ws/install/ecvt2_controller/lib/ecvt2_controller/wbc_hqp_v3
[0.679s] -- Up-to-date symlink: /home/jin/harco/ecvt2_ws/install/ecvt2_controller/lib/ecvt2_controller/base_arm_task_controller
[0.679s] -- Up-to-date symlink: /home/jin/harco/ecvt2_ws/install/ecvt2_controller/lib/ecvt2_controller/base_arm_task_controller_v2
[0.679s] -- Up-to-date symlink: /home/jin/harco/ecvt2_ws/install/ecvt2_controller/lib/ecvt2_controller/teleop_goal_publisher
[0.679s] -- Up-to-date symlink: /home/jin/harco/ecvt2_ws/install/ecvt2_controller/lib/ecvt2_controller/com_trajectory_publisher
[0.679s] -- Up-to-date symlink: /home/jin/harco/ecvt2_ws/install/ecvt2_controller/lib/ecvt2_controller/pin_test
[0.679s] -- Up-to-date symlink: /home/jin/harco/ecvt2_ws/install/ecvt2_controller/share/ament_index/resource_index/package_run_dependencies/ecvt2_controller
[0.679s] -- Up-to-date symlink: /home/jin/harco/ecvt2_ws/install/ecvt2_controller/share/ament_index/resource_index/parent_prefix_path/ecvt2_controller
[0.679s] -- Up-to-date symlink: /home/jin/harco/ecvt2_ws/install/ecvt2_controller/share/ecvt2_controller/environment/ament_prefix_path.sh
[0.679s] -- Up-to-date symlink: /home/jin/harco/ecvt2_ws/install/ecvt2_controller/share/ecvt2_controller/environment/ament_prefix_path.dsv
[0.679s] -- Up-to-date symlink: /home/jin/harco/ecvt2_ws/install/ecvt2_controller/share/ecvt2_controller/environment/path.sh
[0.679s] -- Up-to-date symlink: /home/jin/harco/ecvt2_ws/install/ecvt2_controller/share/ecvt2_controller/environment/path.dsv
[0.679s] -- Up-to-date symlink: /home/jin/harco/ecvt2_ws/install/ecvt2_controller/share/ecvt2_controller/local_setup.bash
[0.679s] -- Up-to-date symlink: /home/jin/harco/ecvt2_ws/install/ecvt2_controller/share/ecvt2_controller/local_setup.sh
[0.680s] -- Up-to-date symlink: /home/jin/harco/ecvt2_ws/install/ecvt2_controller/share/ecvt2_controller/local_setup.zsh
[0.680s] -- Up-to-date symlink: /home/jin/harco/ecvt2_ws/install/ecvt2_controller/share/ecvt2_controller/local_setup.dsv
[0.680s] -- Symlinking: /home/jin/harco/ecvt2_ws/install/ecvt2_controller/share/ecvt2_controller/package.dsv
[0.685s] -- Up-to-date symlink: /home/jin/harco/ecvt2_ws/install/ecvt2_controller/share/ament_index/resource_index/packages/ecvt2_controller
[0.685s] -- Up-to-date symlink: /home/jin/harco/ecvt2_ws/install/ecvt2_controller/share/ecvt2_controller/cmake/ecvt2_controllerConfig.cmake
[0.685s] -- Up-to-date symlink: /home/jin/harco/ecvt2_ws/install/ecvt2_controller/share/ecvt2_controller/cmake/ecvt2_controllerConfig-version.cmake
[0.685s] -- Up-to-date symlink: /home/jin/harco/ecvt2_ws/install/ecvt2_controller/share/ecvt2_controller/package.xml
[0.686s] Invoked command in '/home/jin/harco/ecvt2_ws/build/ecvt2_controller' returned '0': CMAKE_PREFIX_PATH=${CMAKE_PREFIX_PATH}:/home/jin/harco/ecvt2_ws/install/ecvt2_sim:/opt/ros/humble /usr/bin/cmake --install /home/jin/harco/ecvt2_ws/build/ecvt2_controller
