[0.010s] Invoking command in '/home/jin/harco/ecvt2_ws/build/ecvt2_controller': CMAKE_PREFIX_PATH=${CMAKE_PREFIX_PATH}:/home/jin/harco/ecvt2_ws/install/ecvt2_sim:/opt/ros/humble /usr/bin/cmake /home/jin/harco/ecvt2_ws/ecvt2_controller -DAMENT_CMAKE_SYMLINK_INSTALL=1 -DCMAKE_INSTALL_PREFIX=/home/jin/harco/ecvt2_ws/install/ecvt2_controller
[0.126s] -- Found ament_cmake: 1.3.12 (/opt/ros/humble/share/ament_cmake/cmake)
[0.126s] -- Override CMake install command with custom implementation using symlinks instead of copying resources
[0.126s] -- Found rclcpp: 16.0.16 (/opt/ros/humble/share/rclcpp/cmake)
[0.138s] -- Found rosidl_generator_c: 3.1.7 (/opt/ros/humble/share/rosidl_generator_c/cmake)
[0.140s] -- Found rosidl_adapter: 3.1.7 (/opt/ros/humble/share/rosidl_adapter/cmake)
[0.145s] -- Found rosidl_generator_cpp: 3.1.7 (/opt/ros/humble/share/rosidl_generator_cpp/cmake)
[0.153s] -- Using all available rosidl_typesupport_c: rosidl_typesupport_fastrtps_c;rosidl_typesupport_introspection_c
[0.162s] -- Using all available rosidl_typesupport_cpp: rosidl_typesupport_fastrtps_cpp;rosidl_typesupport_introspection_cpp
[0.187s] -- Found rmw_implementation_cmake: 6.1.2 (/opt/ros/humble/share/rmw_implementation_cmake/cmake)
[0.189s] -- Found rmw_fastrtps_cpp: 6.2.9 (/opt/ros/humble/share/rmw_fastrtps_cpp/cmake)
[0.259s] -- Using RMW implementation 'rmw_fastrtps_cpp' as default
[0.292s] -- Found geometry_msgs: 4.9.0 (/opt/ros/humble/share/geometry_msgs/cmake)
[0.300s] -- Found sensor_msgs: 4.9.0 (/opt/ros/humble/share/sensor_msgs/cmake)
[0.310s] -- Found visualization_msgs: 4.9.0 (/opt/ros/humble/share/visualization_msgs/cmake)
[0.322s] -- Found trajectory_msgs: 4.9.0 (/opt/ros/humble/share/trajectory_msgs/cmake)
[0.335s] -- pinocchio_default FOUND. pinocchio_default at /opt/ros/humble/lib/x86_64-linux-gnu/libpinocchio_default.so
[0.335s] -- pinocchio_parsers FOUND. pinocchio_parsers at /opt/ros/humble/lib/x86_64-linux-gnu/libpinocchio_parsers.so
[0.335s] -- pinocchio_casadi not FOUND.
[0.336s] -- boost_filesystem FOUND. boost_filesystem at /usr/lib/x86_64-linux-gnu/libboost_filesystem.so
[0.342s] -- Found Boost: /usr/include (found version "1.74.0") found components: filesystem serialization 
[0.342s] [33mCMake Warning at /opt/openrobots/lib/cmake/hpp-fcl/hpp-fclConfig.cmake:4 (message):
[0.342s]   Please update your CMake from 'hpp-fcl' to 'coal', or define
[0.342s]   COAL_DISABLE_HPP_FCL_WARNINGS
[0.342s] Call Stack (most recent call first):
[0.342s]   /usr/share/cmake-3.22/Modules/CMakeFindDependencyMacro.cmake:47 (find_package)
[0.342s]   /opt/openrobots/lib/cmake/pinocchio/pinocchioConfig.cmake:161 (find_dependency)
[0.342s]   CMakeLists.txt:20 (find_package)
[0.343s] 
[0.343s] [0m
[0.343s] -- coal not FOUND.
[0.347s] -- Found Boost: /usr/include (found version "1.74.0") found components: serialization filesystem 
[0.521s] -- Default C++ standard: 201703
[0.522s] -- C++ standard sufficient: Minimal required 11, currently defined: 17
[0.522s] -- CMAKE_CXX_STANDARD was not set: automatically set to currently defined standard 17
[0.522s] -- C++ standard sufficient: Minimal required 11, currently defined: 17
[0.535s] -- Found ament_lint_auto: 0.12.14 (/opt/ros/humble/share/ament_lint_auto/cmake)
[0.595s] -- Added test 'cppcheck' to perform static code analysis on C / C++ code
[0.595s] -- Configured cppcheck include dirs: $<BUILD_INTERFACE:/home/jin/harco/ecvt2_ws/ecvt2_controller/include>
[0.595s] -- Configured cppcheck exclude dirs and/or files: 
[0.596s] -- Added test 'lint_cmake' to check CMake code style
[0.596s] -- Added test 'uncrustify' to check C / C++ code style
[0.596s] -- Configured uncrustify additional arguments: 
[0.596s] -- Added test 'xmllint' to check XML markup files
[0.597s] -- Configuring done
[0.608s] [33mCMake Warning at CMakeLists.txt:48 (add_executable):
[0.608s]   Cannot generate a safe runtime search path for target base_opt_controller
[0.608s]   because files in some directories may conflict with libraries in implicit
[0.608s]   directories:
[0.608s] 
[0.608s]     runtime library [liburdfdom_sensor.so.3.0] in /usr/lib/x86_64-linux-gnu may be hidden by files in:
[0.608s]       /opt/ros/humble/lib/x86_64-linux-gnu
[0.608s]     runtime library [liburdfdom_model_state.so.3.0] in /usr/lib/x86_64-linux-gnu may be hidden by files in:
[0.608s]       /opt/ros/humble/lib/x86_64-linux-gnu
[0.608s]     runtime library [liburdfdom_model.so.3.0] in /usr/lib/x86_64-linux-gnu may be hidden by files in:
[0.609s]       /opt/ros/humble/lib/x86_64-linux-gnu
[0.609s]     runtime library [liburdfdom_world.so.3.0] in /usr/lib/x86_64-linux-gnu may be hidden by files in:
[0.609s]       /opt/ros/humble/lib/x86_64-linux-gnu
[0.609s]     runtime library [liboctomap.so.1.9] in /usr/lib/x86_64-linux-gnu may be hidden by files in:
[0.609s]       /opt/ros/humble/lib/x86_64-linux-gnu
[0.609s]     runtime library [liboctomath.so.1.9] in /usr/lib/x86_64-linux-gnu may be hidden by files in:
[0.609s]       /opt/ros/humble/lib/x86_64-linux-gnu
[0.609s] 
[0.609s]   Some of these libraries may not be found correctly.
[0.609s] 
[0.609s] [0m
[0.609s] [33mCMake Warning at CMakeLists.txt:48 (add_executable):
[0.609s]   Cannot generate a safe runtime search path for target base_opt_controller
[0.609s]   because there is a cycle in the constraint graph:
[0.609s] 
[0.609s]     dir 0 is [/usr/local/lib]
[0.609s]     dir 1 is [/opt/ros/humble/lib]
[0.609s]     dir 2 is [/opt/ros/humble/lib/x86_64-linux-gnu]
[0.609s]       dir 3 must precede it due to runtime library [libpinocchio_parsers.so.3.9.0]
[0.609s]     dir 3 is [/opt/openrobots/lib]
[0.609s]       dir 2 must precede it due to runtime library [libpinocchio_default.so.3.9.0]
[0.609s] 
[0.609s]   Some of these libraries may not be found correctly.
[0.609s] 
[0.609s] [0m
[0.611s] [33mCMake Warning at CMakeLists.txt:59 (add_executable):
[0.611s]   Cannot generate a safe runtime search path for target wbc_hqp because files
[0.611s]   in some directories may conflict with libraries in implicit directories:
[0.611s] 
[0.611s]     runtime library [liburdfdom_sensor.so.3.0] in /usr/lib/x86_64-linux-gnu may be hidden by files in:
[0.611s]       /opt/ros/humble/lib/x86_64-linux-gnu
[0.611s]     runtime library [liburdfdom_model_state.so.3.0] in /usr/lib/x86_64-linux-gnu may be hidden by files in:
[0.611s]       /opt/ros/humble/lib/x86_64-linux-gnu
[0.611s]     runtime library [liburdfdom_model.so.3.0] in /usr/lib/x86_64-linux-gnu may be hidden by files in:
[0.611s]       /opt/ros/humble/lib/x86_64-linux-gnu
[0.611s]     runtime library [liburdfdom_world.so.3.0] in /usr/lib/x86_64-linux-gnu may be hidden by files in:
[0.611s]       /opt/ros/humble/lib/x86_64-linux-gnu
[0.611s]     runtime library [liboctomap.so.1.9] in /usr/lib/x86_64-linux-gnu may be hidden by files in:
[0.611s]       /opt/ros/humble/lib/x86_64-linux-gnu
[0.611s]     runtime library [liboctomath.so.1.9] in /usr/lib/x86_64-linux-gnu may be hidden by files in:
[0.611s]       /opt/ros/humble/lib/x86_64-linux-gnu
[0.611s] 
[0.611s]   Some of these libraries may not be found correctly.
[0.611s] 
[0.611s] [0m
[0.611s] [33mCMake Warning at CMakeLists.txt:59 (add_executable):
[0.611s]   Cannot generate a safe runtime search path for target wbc_hqp because there
[0.611s]   is a cycle in the constraint graph:
[0.611s] 
[0.611s]     dir 0 is [/usr/local/lib]
[0.611s]     dir 1 is [/opt/ros/humble/lib]
[0.612s]     dir 2 is [/opt/ros/humble/lib/x86_64-linux-gnu]
[0.612s]       dir 3 must precede it due to runtime library [libpinocchio_parsers.so.3.9.0]
[0.612s]     dir 3 is [/opt/openrobots/lib]
[0.612s]       dir 2 must precede it due to runtime library [libpinocchio_default.so.3.9.0]
[0.612s] 
[0.612s]   Some of these libraries may not be found correctly.
[0.612s] 
[0.612s] [0m
[0.614s] [33mCMake Warning at CMakeLists.txt:70 (add_executable):
[0.614s]   Cannot generate a safe runtime search path for target wbc_hqp_v2 because
[0.614s]   files in some directories may conflict with libraries in implicit
[0.614s]   directories:
[0.614s] 
[0.614s]     runtime library [liburdfdom_sensor.so.3.0] in /usr/lib/x86_64-linux-gnu may be hidden by files in:
[0.614s]       /opt/ros/humble/lib/x86_64-linux-gnu
[0.614s]     runtime library [liburdfdom_model_state.so.3.0] in /usr/lib/x86_64-linux-gnu may be hidden by files in:
[0.614s]       /opt/ros/humble/lib/x86_64-linux-gnu
[0.614s]     runtime library [liburdfdom_model.so.3.0] in /usr/lib/x86_64-linux-gnu may be hidden by files in:
[0.614s]       /opt/ros/humble/lib/x86_64-linux-gnu
[0.614s]     runtime library [liburdfdom_world.so.3.0] in /usr/lib/x86_64-linux-gnu may be hidden by files in:
[0.614s]       /opt/ros/humble/lib/x86_64-linux-gnu
[0.614s]     runtime library [liboctomap.so.1.9] in /usr/lib/x86_64-linux-gnu may be hidden by files in:
[0.614s]       /opt/ros/humble/lib/x86_64-linux-gnu
[0.614s]     runtime library [liboctomath.so.1.9] in /usr/lib/x86_64-linux-gnu may be hidden by files in:
[0.614s]       /opt/ros/humble/lib/x86_64-linux-gnu
[0.614s] 
[0.614s]   Some of these libraries may not be found correctly.
[0.614s] 
[0.614s] [0m
[0.614s] [33mCMake Warning at CMakeLists.txt:70 (add_executable):
[0.614s]   Cannot generate a safe runtime search path for target wbc_hqp_v2 because
[0.614s]   there is a cycle in the constraint graph:
[0.614s] 
[0.614s]     dir 0 is [/usr/local/lib]
[0.614s]     dir 1 is [/opt/ros/humble/lib]
[0.614s]     dir 2 is [/opt/ros/humble/lib/x86_64-linux-gnu]
[0.614s]       dir 3 must precede it due to runtime library [libpinocchio_parsers.so.3.9.0]
[0.614s]     dir 3 is [/opt/openrobots/lib]
[0.614s]       dir 2 must precede it due to runtime library [libpinocchio_default.so.3.9.0]
[0.614s] 
[0.614s]   Some of these libraries may not be found correctly.
[0.614s] 
[0.614s] [0m
[0.616s] [33mCMake Warning at CMakeLists.txt:82 (add_executable):
[0.616s]   Cannot generate a safe runtime search path for target wbc_hqp_v3 because
[0.617s]   files in some directories may conflict with libraries in implicit
[0.617s]   directories:
[0.617s] 
[0.617s]     runtime library [liburdfdom_sensor.so.3.0] in /usr/lib/x86_64-linux-gnu may be hidden by files in:
[0.617s]       /opt/ros/humble/lib/x86_64-linux-gnu
[0.617s]     runtime library [liburdfdom_model_state.so.3.0] in /usr/lib/x86_64-linux-gnu may be hidden by files in:
[0.617s]       /opt/ros/humble/lib/x86_64-linux-gnu
[0.617s]     runtime library [liburdfdom_model.so.3.0] in /usr/lib/x86_64-linux-gnu may be hidden by files in:
[0.617s]       /opt/ros/humble/lib/x86_64-linux-gnu
[0.617s]     runtime library [liburdfdom_world.so.3.0] in /usr/lib/x86_64-linux-gnu may be hidden by files in:
[0.617s]       /opt/ros/humble/lib/x86_64-linux-gnu
[0.617s]     runtime library [liboctomap.so.1.9] in /usr/lib/x86_64-linux-gnu may be hidden by files in:
[0.617s]       /opt/ros/humble/lib/x86_64-linux-gnu
[0.617s]     runtime library [liboctomath.so.1.9] in /usr/lib/x86_64-linux-gnu may be hidden by files in:
[0.617s]       /opt/ros/humble/lib/x86_64-linux-gnu
[0.617s] 
[0.617s]   Some of these libraries may not be found correctly.
[0.617s] 
[0.617s] [0m
[0.617s] [33mCMake Warning at CMakeLists.txt:82 (add_executable):
[0.617s]   Cannot generate a safe runtime search path for target wbc_hqp_v3 because
[0.617s]   there is a cycle in the constraint graph:
[0.617s] 
[0.617s]     dir 0 is [/usr/local/lib]
[0.617s]     dir 1 is [/opt/ros/humble/lib]
[0.617s]     dir 2 is [/opt/ros/humble/lib/x86_64-linux-gnu]
[0.617s]       dir 3 must precede it due to runtime library [libpinocchio_parsers.so.3.9.0]
[0.617s]     dir 3 is [/opt/openrobots/lib]
[0.617s]       dir 2 must precede it due to runtime library [libpinocchio_default.so.3.9.0]
[0.617s] 
[0.617s]   Some of these libraries may not be found correctly.
[0.617s] 
[0.617s] [0m
[0.619s] [33mCMake Warning at CMakeLists.txt:94 (add_executable):
[0.619s]   Cannot generate a safe runtime search path for target
[0.619s]   base_arm_task_controller because files in some directories may conflict
[0.619s]   with libraries in implicit directories:
[0.619s] 
[0.619s]     runtime library [liburdfdom_sensor.so.3.0] in /usr/lib/x86_64-linux-gnu may be hidden by files in:
[0.619s]       /opt/ros/humble/lib/x86_64-linux-gnu
[0.619s]     runtime library [liburdfdom_model_state.so.3.0] in /usr/lib/x86_64-linux-gnu may be hidden by files in:
[0.619s]       /opt/ros/humble/lib/x86_64-linux-gnu
[0.619s]     runtime library [liburdfdom_model.so.3.0] in /usr/lib/x86_64-linux-gnu may be hidden by files in:
[0.619s]       /opt/ros/humble/lib/x86_64-linux-gnu
[0.619s]     runtime library [liburdfdom_world.so.3.0] in /usr/lib/x86_64-linux-gnu may be hidden by files in:
[0.619s]       /opt/ros/humble/lib/x86_64-linux-gnu
[0.619s]     runtime library [liboctomap.so.1.9] in /usr/lib/x86_64-linux-gnu may be hidden by files in:
[0.619s]       /opt/ros/humble/lib/x86_64-linux-gnu
[0.619s]     runtime library [liboctomath.so.1.9] in /usr/lib/x86_64-linux-gnu may be hidden by files in:
[0.619s]       /opt/ros/humble/lib/x86_64-linux-gnu
[0.619s] 
[0.619s]   Some of these libraries may not be found correctly.
[0.619s] 
[0.619s] [0m
[0.619s] [33mCMake Warning at CMakeLists.txt:94 (add_executable):
[0.619s]   Cannot generate a safe runtime search path for target
[0.619s]   base_arm_task_controller because there is a cycle in the constraint graph:
[0.620s] 
[0.620s]     dir 0 is [/usr/local/lib]
[0.620s]     dir 1 is [/opt/ros/humble/lib]
[0.620s]     dir 2 is [/opt/ros/humble/lib/x86_64-linux-gnu]
[0.620s]       dir 3 must precede it due to runtime library [libpinocchio_parsers.so.3.9.0]
[0.620s]     dir 3 is [/opt/openrobots/lib]
[0.620s]       dir 2 must precede it due to runtime library [libpinocchio_default.so.3.9.0]
[0.620s] 
[0.620s]   Some of these libraries may not be found correctly.
[0.620s] 
[0.620s] [0m
[0.622s] [33mCMake Warning at CMakeLists.txt:105 (add_executable):
[0.622s]   Cannot generate a safe runtime search path for target
[0.622s]   base_arm_task_controller_v2 because files in some directories may conflict
[0.622s]   with libraries in implicit directories:
[0.622s] 
[0.622s]     runtime library [liburdfdom_sensor.so.3.0] in /usr/lib/x86_64-linux-gnu may be hidden by files in:
[0.622s]       /opt/ros/humble/lib/x86_64-linux-gnu
[0.622s]     runtime library [liburdfdom_model_state.so.3.0] in /usr/lib/x86_64-linux-gnu may be hidden by files in:
[0.622s]       /opt/ros/humble/lib/x86_64-linux-gnu
[0.622s]     runtime library [liburdfdom_model.so.3.0] in /usr/lib/x86_64-linux-gnu may be hidden by files in:
[0.622s]       /opt/ros/humble/lib/x86_64-linux-gnu
[0.622s]     runtime library [liburdfdom_world.so.3.0] in /usr/lib/x86_64-linux-gnu may be hidden by files in:
[0.622s]       /opt/ros/humble/lib/x86_64-linux-gnu
[0.622s]     runtime library [liboctomap.so.1.9] in /usr/lib/x86_64-linux-gnu may be hidden by files in:
[0.622s]       /opt/ros/humble/lib/x86_64-linux-gnu
[0.622s]     runtime library [liboctomath.so.1.9] in /usr/lib/x86_64-linux-gnu may be hidden by files in:
[0.622s]       /opt/ros/humble/lib/x86_64-linux-gnu
[0.622s] 
[0.622s]   Some of these libraries may not be found correctly.
[0.622s] 
[0.622s] [0m
[0.622s] [33mCMake Warning at CMakeLists.txt:105 (add_executable):
[0.622s]   Cannot generate a safe runtime search path for target
[0.622s]   base_arm_task_controller_v2 because there is a cycle in the constraint
[0.622s]   graph:
[0.622s] 
[0.622s]     dir 0 is [/usr/local/lib]
[0.622s]     dir 1 is [/opt/ros/humble/lib]
[0.622s]     dir 2 is [/opt/ros/humble/lib/x86_64-linux-gnu]
[0.622s]       dir 3 must precede it due to runtime library [libpinocchio_parsers.so.3.9.0]
[0.622s]     dir 3 is [/opt/openrobots/lib]
[0.622s]       dir 2 must precede it due to runtime library [libpinocchio_default.so.3.9.0]
[0.622s] 
[0.622s]   Some of these libraries may not be found correctly.
[0.622s] 
[0.622s] [0m
[0.627s] [33mCMake Warning at CMakeLists.txt:129 (add_executable):
[0.627s]   Cannot generate a safe runtime search path for target pin_test because
[0.627s]   files in some directories may conflict with libraries in implicit
[0.627s]   directories:
[0.627s] 
[0.627s]     runtime library [liburdfdom_sensor.so.3.0] in /usr/lib/x86_64-linux-gnu may be hidden by files in:
[0.627s]       /opt/ros/humble/lib/x86_64-linux-gnu
[0.627s]     runtime library [liburdfdom_model_state.so.3.0] in /usr/lib/x86_64-linux-gnu may be hidden by files in:
[0.627s]       /opt/ros/humble/lib/x86_64-linux-gnu
[0.627s]     runtime library [liburdfdom_model.so.3.0] in /usr/lib/x86_64-linux-gnu may be hidden by files in:
[0.627s]       /opt/ros/humble/lib/x86_64-linux-gnu
[0.627s]     runtime library [liburdfdom_world.so.3.0] in /usr/lib/x86_64-linux-gnu may be hidden by files in:
[0.627s]       /opt/ros/humble/lib/x86_64-linux-gnu
[0.627s]     runtime library [liboctomap.so.1.9] in /usr/lib/x86_64-linux-gnu may be hidden by files in:
[0.627s]       /opt/ros/humble/lib/x86_64-linux-gnu
[0.627s]     runtime library [liboctomath.so.1.9] in /usr/lib/x86_64-linux-gnu may be hidden by files in:
[0.627s]       /opt/ros/humble/lib/x86_64-linux-gnu
[0.627s] 
[0.627s]   Some of these libraries may not be found correctly.
[0.627s] 
[0.627s] [0m
[0.627s] [33mCMake Warning at CMakeLists.txt:129 (add_executable):
[0.627s]   Cannot generate a safe runtime search path for target pin_test because
[0.627s]   there is a cycle in the constraint graph:
[0.627s] 
[0.628s]     dir 0 is [/opt/ros/humble/lib]
[0.628s]     dir 1 is [/opt/openrobots/lib]
[0.628s]       dir 2 must precede it due to runtime library [libpinocchio_default.so.3.9.0]
[0.628s]     dir 2 is [/opt/ros/humble/lib/x86_64-linux-gnu]
[0.628s]       dir 1 must precede it due to runtime library [libpinocchio_parsers.so.3.9.0]
[0.628s] 
[0.628s]   Some of these libraries may not be found correctly.
[0.628s] 
[0.628s] [0m
[0.637s] -- Generating done
[0.649s] -- Build files have been written to: /home/jin/harco/ecvt2_ws/build/ecvt2_controller
[0.656s] Invoked command in '/home/jin/harco/ecvt2_ws/build/ecvt2_controller' returned '0': CMAKE_PREFIX_PATH=${CMAKE_PREFIX_PATH}:/home/jin/harco/ecvt2_ws/install/ecvt2_sim:/opt/ros/humble /usr/bin/cmake /home/jin/harco/ecvt2_ws/ecvt2_controller -DAMENT_CMAKE_SYMLINK_INSTALL=1 -DCMAKE_INSTALL_PREFIX=/home/jin/harco/ecvt2_ws/install/ecvt2_controller
[0.657s] Invoking command in '/home/jin/harco/ecvt2_ws/build/ecvt2_controller': CMAKE_PREFIX_PATH=${CMAKE_PREFIX_PATH}:/home/jin/harco/ecvt2_ws/install/ecvt2_sim:/opt/ros/humble /usr/bin/cmake --build /home/jin/harco/ecvt2_ws/build/ecvt2_controller -- -j20 -l20
[0.680s] [35m[1mConsolidate compiler generated dependencies of target wbc_hqp_lib[0m
[0.680s] [35m[1mConsolidate compiler generated dependencies of target teleop_goal_publisher[0m
[0.681s] [35m[1mConsolidate compiler generated dependencies of target com_trajectory_publisher[0m
[0.681s] [35m[1mConsolidate compiler generated dependencies of target vp_sto_global_planner_node[0m
[0.681s] [35m[1mConsolidate compiler generated dependencies of target vp_sto_paper_global_planner_node[0m
[0.682s] [35m[1mConsolidate compiler generated dependencies of target live_upper_dynamics_node[0m
[0.682s] [35m[1mConsolidate compiler generated dependencies of target kdl_utils[0m
[0.689s] [  7%] Built target com_trajectory_publisher
[0.692s] [ 14%] Built target wbc_hqp_lib
[0.693s] [ 21%] Built target teleop_goal_publisher
[0.699s] [ 35%] Built target vp_sto_paper_global_planner_node
[0.700s] [ 35%] Built target vp_sto_global_planner_node
[0.700s] [ 42%] Built target kdl_utils
[0.702s] [ 50%] Built target live_upper_dynamics_node
[0.706s] [35m[1mConsolidate compiler generated dependencies of target wbc_hqp_v3[0m
[0.706s] [35m[1mConsolidate compiler generated dependencies of target base_opt_controller[0m
[0.706s] [35m[1mConsolidate compiler generated dependencies of target wbc_hqp_v2[0m
[0.706s] [35m[1mConsolidate compiler generated dependencies of target base_arm_task_controller_v2[0m
[0.706s] [35m[1mConsolidate compiler generated dependencies of target base_arm_task_controller[0m
[0.709s] [35m[1mConsolidate compiler generated dependencies of target wbc_hqp[0m
[0.711s] [35m[1mConsolidate compiler generated dependencies of target pin_test[0m
[0.716s] [ 71%] Built target wbc_hqp_v2
[0.716s] [ 71%] Built target base_opt_controller
[0.716s] [ 71%] Built target base_arm_task_controller_v2
[0.716s] [ 78%] Built target wbc_hqp_v3
[0.720s] [ 85%] Built target base_arm_task_controller
[0.722s] [ 92%] Built target wbc_hqp
[0.738s] [100%] Built target pin_test
[0.744s] Invoked command in '/home/jin/harco/ecvt2_ws/build/ecvt2_controller' returned '0': CMAKE_PREFIX_PATH=${CMAKE_PREFIX_PATH}:/home/jin/harco/ecvt2_ws/install/ecvt2_sim:/opt/ros/humble /usr/bin/cmake --build /home/jin/harco/ecvt2_ws/build/ecvt2_controller -- -j20 -l20
[0.745s] Invoking command in '/home/jin/harco/ecvt2_ws/build/ecvt2_controller': CMAKE_PREFIX_PATH=${CMAKE_PREFIX_PATH}:/home/jin/harco/ecvt2_ws/install/ecvt2_sim:/opt/ros/humble /usr/bin/cmake --install /home/jin/harco/ecvt2_ws/build/ecvt2_controller
[0.749s] -- Install configuration: ""
[0.749s] -- Execute custom install script
[0.749s] -- Up-to-date symlink: /home/jin/harco/ecvt2_ws/install/ecvt2_controller/lib/ecvt2_controller/teleop_goal_publisher
[0.749s] -- Up-to-date symlink: /home/jin/harco/ecvt2_ws/install/ecvt2_controller/lib/ecvt2_controller/live_upper_dynamics_node
[0.750s] -- Up-to-date symlink: /home/jin/harco/ecvt2_ws/install/ecvt2_controller/lib/ecvt2_controller/vp_sto_global_planner_node
[0.750s] -- Up-to-date symlink: /home/jin/harco/ecvt2_ws/install/ecvt2_controller/lib/ecvt2_controller/vp_sto_paper_global_planner_node
[0.750s] -- Up-to-date symlink: /home/jin/harco/ecvt2_ws/install/ecvt2_controller/include/ecvt2_controller/kdl_utils.hpp
[0.750s] -- Up-to-date symlink: /home/jin/harco/ecvt2_ws/install/ecvt2_controller/include/ecvt2_controller/wbc_hqp_lib.hpp
[0.750s] -- Up-to-date symlink: /home/jin/harco/ecvt2_ws/install/ecvt2_controller/lib/libkdl_utils.a
[0.750s] -- Up-to-date symlink: /home/jin/harco/ecvt2_ws/install/ecvt2_controller/lib/libwbc_hqp_lib.a
[0.750s] -- Up-to-date symlink: /home/jin/harco/ecvt2_ws/install/ecvt2_controller/lib/ecvt2_controller/base_opt_controller
[0.750s] -- Up-to-date symlink: /home/jin/harco/ecvt2_ws/install/ecvt2_controller/lib/ecvt2_controller/wbc_hqp
[0.750s] -- Up-to-date symlink: /home/jin/harco/ecvt2_ws/install/ecvt2_controller/lib/ecvt2_controller/wbc_hqp_v2
[0.750s] -- Up-to-date symlink: /home/jin/harco/ecvt2_ws/install/ecvt2_controller/lib/ecvt2_controller/wbc_hqp_v3
[0.750s] -- Up-to-date symlink: /home/jin/harco/ecvt2_ws/install/ecvt2_controller/lib/ecvt2_controller/base_arm_task_controller
[0.750s] -- Up-to-date symlink: /home/jin/harco/ecvt2_ws/install/ecvt2_controller/lib/ecvt2_controller/base_arm_task_controller_v2
[0.750s] -- Up-to-date symlink: /home/jin/harco/ecvt2_ws/install/ecvt2_controller/lib/ecvt2_controller/teleop_goal_publisher
[0.750s] -- Up-to-date symlink: /home/jin/harco/ecvt2_ws/install/ecvt2_controller/lib/ecvt2_controller/com_trajectory_publisher
[0.750s] -- Up-to-date symlink: /home/jin/harco/ecvt2_ws/install/ecvt2_controller/lib/ecvt2_controller/pin_test
[0.751s] -- Up-to-date symlink: /home/jin/harco/ecvt2_ws/install/ecvt2_controller/share/ament_index/resource_index/package_run_dependencies/ecvt2_controller
[0.751s] -- Up-to-date symlink: /home/jin/harco/ecvt2_ws/install/ecvt2_controller/share/ament_index/resource_index/parent_prefix_path/ecvt2_controller
[0.751s] -- Up-to-date symlink: /home/jin/harco/ecvt2_ws/install/ecvt2_controller/share/ecvt2_controller/environment/ament_prefix_path.sh
[0.751s] -- Up-to-date symlink: /home/jin/harco/ecvt2_ws/install/ecvt2_controller/share/ecvt2_controller/environment/ament_prefix_path.dsv
[0.751s] -- Up-to-date symlink: /home/jin/harco/ecvt2_ws/install/ecvt2_controller/share/ecvt2_controller/environment/path.sh
[0.751s] -- Up-to-date symlink: /home/jin/harco/ecvt2_ws/install/ecvt2_controller/share/ecvt2_controller/environment/path.dsv
[0.751s] -- Up-to-date symlink: /home/jin/harco/ecvt2_ws/install/ecvt2_controller/share/ecvt2_controller/local_setup.bash
[0.751s] -- Up-to-date symlink: /home/jin/harco/ecvt2_ws/install/ecvt2_controller/share/ecvt2_controller/local_setup.sh
[0.751s] -- Up-to-date symlink: /home/jin/harco/ecvt2_ws/install/ecvt2_controller/share/ecvt2_controller/local_setup.zsh
[0.751s] -- Up-to-date symlink: /home/jin/harco/ecvt2_ws/install/ecvt2_controller/share/ecvt2_controller/local_setup.dsv
[0.751s] -- Symlinking: /home/jin/harco/ecvt2_ws/install/ecvt2_controller/share/ecvt2_controller/package.dsv
[0.758s] -- Up-to-date symlink: /home/jin/harco/ecvt2_ws/install/ecvt2_controller/share/ament_index/resource_index/packages/ecvt2_controller
[0.758s] -- Up-to-date symlink: /home/jin/harco/ecvt2_ws/install/ecvt2_controller/share/ecvt2_controller/cmake/ecvt2_controllerConfig.cmake
[0.758s] -- Up-to-date symlink: /home/jin/harco/ecvt2_ws/install/ecvt2_controller/share/ecvt2_controller/cmake/ecvt2_controllerConfig-version.cmake
[0.758s] -- Up-to-date symlink: /home/jin/harco/ecvt2_ws/install/ecvt2_controller/share/ecvt2_controller/package.xml
[0.759s] Invoked command in '/home/jin/harco/ecvt2_ws/build/ecvt2_controller' returned '0': CMAKE_PREFIX_PATH=${CMAKE_PREFIX_PATH}:/home/jin/harco/ecvt2_ws/install/ecvt2_sim:/opt/ros/humble /usr/bin/cmake --install /home/jin/harco/ecvt2_ws/build/ecvt2_controller
