[0.006s] Invoking command in '/home/jin/harco/ecvt2_ws/build/ecvt2_controller': CMAKE_PREFIX_PATH=${CMAKE_PREFIX_PATH}:/home/jin/harco/ecvt2_ws/install/ecvt2_sim:/opt/ros/humble /usr/bin/cmake /home/jin/harco/ecvt2_ws/ecvt2_controller -DCMAKE_INSTALL_PREFIX=/home/jin/harco/ecvt2_ws/install/ecvt2_controller
[0.016s] -- Found ament_cmake: 1.3.12 (/opt/ros/humble/share/ament_cmake/cmake)
[0.105s] -- Override CMake install command with custom implementation using symlinks instead of copying resources
[0.114s] -- Found rclcpp: 16.0.16 (/opt/ros/humble/share/rclcpp/cmake)
[0.137s] -- Found rosidl_generator_c: 3.1.7 (/opt/ros/humble/share/rosidl_generator_c/cmake)
[0.138s] -- Found rosidl_adapter: 3.1.7 (/opt/ros/humble/share/rosidl_adapter/cmake)
[0.144s] -- Found rosidl_generator_cpp: 3.1.7 (/opt/ros/humble/share/rosidl_generator_cpp/cmake)
[0.151s] -- Using all available rosidl_typesupport_c: rosidl_typesupport_fastrtps_c;rosidl_typesupport_introspection_c
[0.160s] -- Using all available rosidl_typesupport_cpp: rosidl_typesupport_fastrtps_cpp;rosidl_typesupport_introspection_cpp
[0.184s] -- Found rmw_implementation_cmake: 6.1.2 (/opt/ros/humble/share/rmw_implementation_cmake/cmake)
[0.186s] -- Found rmw_fastrtps_cpp: 6.2.9 (/opt/ros/humble/share/rmw_fastrtps_cpp/cmake)
[0.252s] -- Using RMW implementation 'rmw_fastrtps_cpp' as default
[0.286s] -- Found geometry_msgs: 4.9.0 (/opt/ros/humble/share/geometry_msgs/cmake)
[0.294s] -- Found sensor_msgs: 4.9.0 (/opt/ros/humble/share/sensor_msgs/cmake)
[0.305s] -- Found visualization_msgs: 4.9.0 (/opt/ros/humble/share/visualization_msgs/cmake)
[0.318s] -- Found trajectory_msgs: 4.9.0 (/opt/ros/humble/share/trajectory_msgs/cmake)
[0.331s] -- pinocchio_default FOUND. pinocchio_default at /opt/ros/humble/lib/x86_64-linux-gnu/libpinocchio_default.so
[0.331s] -- pinocchio_parsers FOUND. pinocchio_parsers at /opt/ros/humble/lib/x86_64-linux-gnu/libpinocchio_parsers.so
[0.332s] -- pinocchio_casadi not FOUND.
[0.332s] -- boost_filesystem FOUND. boost_filesystem at /usr/lib/x86_64-linux-gnu/libboost_filesystem.so
[0.340s] -- Found Boost: /usr/include (found version "1.74.0") found components: filesystem serialization 
[0.341s] CMake Warning at /opt/openrobots/lib/cmake/hpp-fcl/hpp-fclConfig.cmake:4 (message):
[0.341s]   Please update your CMake from 'hpp-fcl' to 'coal', or define
[0.341s]   COAL_DISABLE_HPP_FCL_WARNINGS
[0.341s] Call Stack (most recent call first):
[0.341s]   /usr/share/cmake-3.22/Modules/CMakeFindDependencyMacro.cmake:47 (find_package)
[0.341s]   /opt/openrobots/lib/cmake/pinocchio/pinocchioConfig.cmake:161 (find_dependency)
[0.341s]   CMakeLists.txt:20 (find_package)
[0.341s] 
[0.341s] 
[0.342s] -- coal not FOUND.
[0.346s] -- Found Boost: /usr/include (found version "1.74.0") found components: serialization filesystem 
[0.575s] -- Default C++ standard: 201703
[0.575s] -- C++ standard sufficient: Minimal required 11, currently defined: 17
[0.575s] -- CMAKE_CXX_STANDARD was not set: automatically set to currently defined standard 17
[0.577s] -- C++ standard sufficient: Minimal required 11, currently defined: 17
[0.589s] -- Found ament_lint_auto: 0.12.14 (/opt/ros/humble/share/ament_lint_auto/cmake)
[0.644s] -- Added test 'cppcheck' to perform static code analysis on C / C++ code
[0.644s] -- Configured cppcheck include dirs: $<BUILD_INTERFACE:/home/jin/harco/ecvt2_ws/ecvt2_controller/include>
[0.644s] -- Configured cppcheck exclude dirs and/or files: 
[0.645s] -- Added test 'lint_cmake' to check CMake code style
[0.645s] -- Added test 'uncrustify' to check C / C++ code style
[0.645s] -- Configured uncrustify additional arguments: 
[0.646s] -- Added test 'xmllint' to check XML markup files
[0.646s] -- Configuring done
[0.660s] CMake Warning at CMakeLists.txt:48 (add_executable):
[0.660s]   Cannot generate a safe runtime search path for target base_opt_controller
[0.660s]   because files in some directories may conflict with libraries in implicit
[0.660s]   directories:
[0.660s] 
[0.660s]     runtime library [liburdfdom_sensor.so.3.0] in /usr/lib/x86_64-linux-gnu may be hidden by files in:
[0.660s]       /opt/ros/humble/lib/x86_64-linux-gnu
[0.661s]     runtime library [liburdfdom_model_state.so.3.0] in /usr/lib/x86_64-linux-gnu may be hidden by files in:
[0.661s]       /opt/ros/humble/lib/x86_64-linux-gnu
[0.661s]     runtime library [liburdfdom_model.so.3.0] in /usr/lib/x86_64-linux-gnu may be hidden by files in:
[0.661s]       /opt/ros/humble/lib/x86_64-linux-gnu
[0.661s]     runtime library [liburdfdom_world.so.3.0] in /usr/lib/x86_64-linux-gnu may be hidden by files in:
[0.661s]       /opt/ros/humble/lib/x86_64-linux-gnu
[0.661s]     runtime library [liboctomap.so.1.9] in /usr/lib/x86_64-linux-gnu may be hidden by files in:
[0.661s]       /opt/ros/humble/lib/x86_64-linux-gnu
[0.661s]     runtime library [liboctomath.so.1.9] in /usr/lib/x86_64-linux-gnu may be hidden by files in:
[0.661s]       /opt/ros/humble/lib/x86_64-linux-gnu
[0.661s] 
[0.661s]   Some of these libraries may not be found correctly.
[0.661s] 
[0.661s] 
[0.661s] CMake Warning at CMakeLists.txt:48 (add_executable):
[0.661s]   Cannot generate a safe runtime search path for target base_opt_controller
[0.661s]   because there is a cycle in the constraint graph:
[0.661s] 
[0.662s]     dir 0 is [/usr/local/lib]
[0.662s]     dir 1 is [/opt/ros/humble/lib]
[0.662s]     dir 2 is [/opt/ros/humble/lib/x86_64-linux-gnu]
[0.662s]       dir 3 must precede it due to runtime library [libpinocchio_parsers.so.3.9.0]
[0.662s]     dir 3 is [/opt/openrobots/lib]
[0.662s]       dir 2 must precede it due to runtime library [libpinocchio_default.so.3.9.0]
[0.662s] 
[0.662s]   Some of these libraries may not be found correctly.
[0.662s] 
[0.662s] 
[0.663s] CMake Warning at CMakeLists.txt:59 (add_executable):
[0.663s]   Cannot generate a safe runtime search path for target wbc_hqp because files
[0.663s]   in some directories may conflict with libraries in implicit directories:
[0.663s] 
[0.663s]     runtime library [liburdfdom_sensor.so.3.0] in /usr/lib/x86_64-linux-gnu may be hidden by files in:
[0.663s]       /opt/ros/humble/lib/x86_64-linux-gnu
[0.663s]     runtime library [liburdfdom_model_state.so.3.0] in /usr/lib/x86_64-linux-gnu may be hidden by files in:
[0.663s]       /opt/ros/humble/lib/x86_64-linux-gnu
[0.663s]     runtime library [liburdfdom_model.so.3.0] in /usr/lib/x86_64-linux-gnu may be hidden by files in:
[0.663s]       /opt/ros/humble/lib/x86_64-linux-gnu
[0.663s]     runtime library [liburdfdom_world.so.3.0] in /usr/lib/x86_64-linux-gnu may be hidden by files in:
[0.663s]       /opt/ros/humble/lib/x86_64-linux-gnu
[0.663s]     runtime library [liboctomap.so.1.9] in /usr/lib/x86_64-linux-gnu may be hidden by files in:
[0.663s]       /opt/ros/humble/lib/x86_64-linux-gnu
[0.663s]     runtime library [liboctomath.so.1.9] in /usr/lib/x86_64-linux-gnu may be hidden by files in:
[0.663s]       /opt/ros/humble/lib/x86_64-linux-gnu
[0.663s] 
[0.663s]   Some of these libraries may not be found correctly.
[0.663s] 
[0.663s] 
[0.663s] CMake Warning at CMakeLists.txt:59 (add_executable):
[0.663s]   Cannot generate a safe runtime search path for target wbc_hqp because there
[0.663s]   is a cycle in the constraint graph:
[0.663s] 
[0.663s]     dir 0 is [/usr/local/lib]
[0.663s]     dir 1 is [/opt/ros/humble/lib]
[0.663s]     dir 2 is [/opt/ros/humble/lib/x86_64-linux-gnu]
[0.663s]       dir 3 must precede it due to runtime library [libpinocchio_parsers.so.3.9.0]
[0.663s]     dir 3 is [/opt/openrobots/lib]
[0.663s]       dir 2 must precede it due to runtime library [libpinocchio_default.so.3.9.0]
[0.663s] 
[0.663s]   Some of these libraries may not be found correctly.
[0.663s] 
[0.663s] 
[0.665s] CMake Warning at CMakeLists.txt:70 (add_executable):
[0.665s]   Cannot generate a safe runtime search path for target wbc_hqp_v2 because
[0.665s]   files in some directories may conflict with libraries in implicit
[0.665s]   directories:
[0.665s] 
[0.666s]     runtime library [liburdfdom_sensor.so.3.0] in /usr/lib/x86_64-linux-gnu may be hidden by files in:
[0.666s]       /opt/ros/humble/lib/x86_64-linux-gnu
[0.666s]     runtime library [liburdfdom_model_state.so.3.0] in /usr/lib/x86_64-linux-gnu may be hidden by files in:
[0.666s]       /opt/ros/humble/lib/x86_64-linux-gnu
[0.666s]     runtime library [liburdfdom_model.so.3.0] in /usr/lib/x86_64-linux-gnu may be hidden by files in:
[0.666s]       /opt/ros/humble/lib/x86_64-linux-gnu
[0.666s]     runtime library [liburdfdom_world.so.3.0] in /usr/lib/x86_64-linux-gnu may be hidden by files in:
[0.666s]       /opt/ros/humble/lib/x86_64-linux-gnu
[0.666s]     runtime library [liboctomap.so.1.9] in /usr/lib/x86_64-linux-gnu may be hidden by files in:
[0.666s]       /opt/ros/humble/lib/x86_64-linux-gnu
[0.666s]     runtime library [liboctomath.so.1.9] in /usr/lib/x86_64-linux-gnu may be hidden by files in:
[0.666s]       /opt/ros/humble/lib/x86_64-linux-gnu
[0.666s] 
[0.666s]   Some of these libraries may not be found correctly.
[0.666s] 
[0.666s] 
[0.666s] CMake Warning at CMakeLists.txt:70 (add_executable):
[0.666s]   Cannot generate a safe runtime search path for target wbc_hqp_v2 because
[0.666s]   there is a cycle in the constraint graph:
[0.666s] 
[0.666s]     dir 0 is [/usr/local/lib]
[0.666s]     dir 1 is [/opt/ros/humble/lib]
[0.666s]     dir 2 is [/opt/ros/humble/lib/x86_64-linux-gnu]
[0.666s]       dir 3 must precede it due to runtime library [libpinocchio_parsers.so.3.9.0]
[0.666s]     dir 3 is [/opt/openrobots/lib]
[0.666s]       dir 2 must precede it due to runtime library [libpinocchio_default.so.3.9.0]
[0.666s] 
[0.666s]   Some of these libraries may not be found correctly.
[0.666s] 
[0.666s] 
[0.668s] CMake Warning at CMakeLists.txt:82 (add_executable):
[0.668s]   Cannot generate a safe runtime search path for target wbc_hqp_v3 because
[0.668s]   files in some directories may conflict with libraries in implicit
[0.668s]   directories:
[0.668s] 
[0.668s]     runtime library [liburdfdom_sensor.so.3.0] in /usr/lib/x86_64-linux-gnu may be hidden by files in:
[0.668s]       /opt/ros/humble/lib/x86_64-linux-gnu
[0.668s]     runtime library [liburdfdom_model_state.so.3.0] in /usr/lib/x86_64-linux-gnu may be hidden by files in:
[0.668s]       /opt/ros/humble/lib/x86_64-linux-gnu
[0.668s]     runtime library [liburdfdom_model.so.3.0] in /usr/lib/x86_64-linux-gnu may be hidden by files in:
[0.668s]       /opt/ros/humble/lib/x86_64-linux-gnu
[0.668s]     runtime library [liburdfdom_world.so.3.0] in /usr/lib/x86_64-linux-gnu may be hidden by files in:
[0.668s]       /opt/ros/humble/lib/x86_64-linux-gnu
[0.668s]     runtime library [liboctomap.so.1.9] in /usr/lib/x86_64-linux-gnu may be hidden by files in:
[0.668s]       /opt/ros/humble/lib/x86_64-linux-gnu
[0.668s]     runtime library [liboctomath.so.1.9] in /usr/lib/x86_64-linux-gnu may be hidden by files in:
[0.668s]       /opt/ros/humble/lib/x86_64-linux-gnu
[0.669s] 
[0.669s]   Some of these libraries may not be found correctly.
[0.669s] 
[0.669s] 
[0.669s] CMake Warning at CMakeLists.txt:82 (add_executable):
[0.669s]   Cannot generate a safe runtime search path for target wbc_hqp_v3 because
[0.669s]   there is a cycle in the constraint graph:
[0.669s] 
[0.669s]     dir 0 is [/usr/local/lib]
[0.669s]     dir 1 is [/opt/ros/humble/lib]
[0.669s]     dir 2 is [/opt/ros/humble/lib/x86_64-linux-gnu]
[0.669s]       dir 3 must precede it due to runtime library [libpinocchio_parsers.so.3.9.0]
[0.669s]     dir 3 is [/opt/openrobots/lib]
[0.669s]       dir 2 must precede it due to runtime library [libpinocchio_default.so.3.9.0]
[0.669s] 
[0.669s]   Some of these libraries may not be found correctly.
[0.669s] 
[0.669s] 
[0.671s] CMake Warning at CMakeLists.txt:94 (add_executable):
[0.671s]   Cannot generate a safe runtime search path for target
[0.671s]   base_arm_task_controller because files in some directories may conflict
[0.671s]   with libraries in implicit directories:
[0.671s] 
[0.671s]     runtime library [liburdfdom_sensor.so.3.0] in /usr/lib/x86_64-linux-gnu may be hidden by files in:
[0.671s]       /opt/ros/humble/lib/x86_64-linux-gnu
[0.671s]     runtime library [liburdfdom_model_state.so.3.0] in /usr/lib/x86_64-linux-gnu may be hidden by files in:
[0.671s]       /opt/ros/humble/lib/x86_64-linux-gnu
[0.671s]     runtime library [liburdfdom_model.so.3.0] in /usr/lib/x86_64-linux-gnu may be hidden by files in:
[0.671s]       /opt/ros/humble/lib/x86_64-linux-gnu
[0.671s]     runtime library [liburdfdom_world.so.3.0] in /usr/lib/x86_64-linux-gnu may be hidden by files in:
[0.671s]       /opt/ros/humble/lib/x86_64-linux-gnu
[0.671s]     runtime library [liboctomap.so.1.9] in /usr/lib/x86_64-linux-gnu may be hidden by files in:
[0.671s]       /opt/ros/humble/lib/x86_64-linux-gnu
[0.671s]     runtime library [liboctomath.so.1.9] in /usr/lib/x86_64-linux-gnu may be hidden by files in:
[0.671s]       /opt/ros/humble/lib/x86_64-linux-gnu
[0.671s] 
[0.671s]   Some of these libraries may not be found correctly.
[0.671s] 
[0.671s] 
[0.671s] CMake Warning at CMakeLists.txt:94 (add_executable):
[0.671s]   Cannot generate a safe runtime search path for target
[0.671s]   base_arm_task_controller because there is a cycle in the constraint graph:
[0.671s] 
[0.671s]     dir 0 is [/usr/local/lib]
[0.671s]     dir 1 is [/opt/ros/humble/lib]
[0.671s]     dir 2 is [/opt/ros/humble/lib/x86_64-linux-gnu]
[0.671s]       dir 3 must precede it due to runtime library [libpinocchio_parsers.so.3.9.0]
[0.671s]     dir 3 is [/opt/openrobots/lib]
[0.671s]       dir 2 must precede it due to runtime library [libpinocchio_default.so.3.9.0]
[0.671s] 
[0.671s]   Some of these libraries may not be found correctly.
[0.671s] 
[0.672s] 
[0.673s] CMake Warning at CMakeLists.txt:105 (add_executable):
[0.673s]   Cannot generate a safe runtime search path for target
[0.673s]   base_arm_task_controller_v2 because files in some directories may conflict
[0.673s]   with libraries in implicit directories:
[0.673s] 
[0.674s]     runtime library [liburdfdom_sensor.so.3.0] in /usr/lib/x86_64-linux-gnu may be hidden by files in:
[0.674s]       /opt/ros/humble/lib/x86_64-linux-gnu
[0.674s]     runtime library [liburdfdom_model_state.so.3.0] in /usr/lib/x86_64-linux-gnu may be hidden by files in:
[0.674s]       /opt/ros/humble/lib/x86_64-linux-gnu
[0.674s]     runtime library [liburdfdom_model.so.3.0] in /usr/lib/x86_64-linux-gnu may be hidden by files in:
[0.674s]       /opt/ros/humble/lib/x86_64-linux-gnu
[0.674s]     runtime library [liburdfdom_world.so.3.0] in /usr/lib/x86_64-linux-gnu may be hidden by files in:
[0.674s]       /opt/ros/humble/lib/x86_64-linux-gnu
[0.674s]     runtime library [liboctomap.so.1.9] in /usr/lib/x86_64-linux-gnu may be hidden by files in:
[0.674s]       /opt/ros/humble/lib/x86_64-linux-gnu
[0.674s]     runtime library [liboctomath.so.1.9] in /usr/lib/x86_64-linux-gnu may be hidden by files in:
[0.674s]       /opt/ros/humble/lib/x86_64-linux-gnu
[0.674s] 
[0.674s]   Some of these libraries may not be found correctly.
[0.674s] 
[0.674s] 
[0.674s] CMake Warning at CMakeLists.txt:105 (add_executable):
[0.674s]   Cannot generate a safe runtime search path for target
[0.674s]   base_arm_task_controller_v2 because there is a cycle in the constraint
[0.674s]   graph:
[0.674s] 
[0.674s]     dir 0 is [/usr/local/lib]
[0.674s]     dir 1 is [/opt/ros/humble/lib]
[0.674s]     dir 2 is [/opt/ros/humble/lib/x86_64-linux-gnu]
[0.674s]       dir 3 must precede it due to runtime library [libpinocchio_parsers.so.3.9.0]
[0.674s]     dir 3 is [/opt/openrobots/lib]
[0.674s]       dir 2 must precede it due to runtime library [libpinocchio_default.so.3.9.0]
[0.674s] 
[0.674s]   Some of these libraries may not be found correctly.
[0.674s] 
[0.674s] 
[0.679s] CMake Warning at CMakeLists.txt:129 (add_executable):
[0.679s]   Cannot generate a safe runtime search path for target pin_test because
[0.679s]   files in some directories may conflict with libraries in implicit
[0.679s]   directories:
[0.679s] 
[0.679s]     runtime library [liburdfdom_sensor.so.3.0] in /usr/lib/x86_64-linux-gnu may be hidden by files in:
[0.679s]       /opt/ros/humble/lib/x86_64-linux-gnu
[0.679s]     runtime library [liburdfdom_model_state.so.3.0] in /usr/lib/x86_64-linux-gnu may be hidden by files in:
[0.679s]       /opt/ros/humble/lib/x86_64-linux-gnu
[0.679s]     runtime library [liburdfdom_model.so.3.0] in /usr/lib/x86_64-linux-gnu may be hidden by files in:
[0.679s]       /opt/ros/humble/lib/x86_64-linux-gnu
[0.679s]     runtime library [liburdfdom_world.so.3.0] in /usr/lib/x86_64-linux-gnu may be hidden by files in:
[0.679s]       /opt/ros/humble/lib/x86_64-linux-gnu
[0.679s]     runtime library [liboctomap.so.1.9] in /usr/lib/x86_64-linux-gnu may be hidden by files in:
[0.679s]       /opt/ros/humble/lib/x86_64-linux-gnu
[0.679s]     runtime library [liboctomath.so.1.9] in /usr/lib/x86_64-linux-gnu may be hidden by files in:
[0.679s]       /opt/ros/humble/lib/x86_64-linux-gnu
[0.679s] 
[0.679s]   Some of these libraries may not be found correctly.
[0.679s] 
[0.679s] 
[0.679s] CMake Warning at CMakeLists.txt:129 (add_executable):
[0.679s]   Cannot generate a safe runtime search path for target pin_test because
[0.679s]   there is a cycle in the constraint graph:
[0.679s] 
[0.679s]     dir 0 is [/opt/ros/humble/lib]
[0.679s]     dir 1 is [/opt/openrobots/lib]
[0.679s]       dir 2 must precede it due to runtime library [libpinocchio_default.so.3.9.0]
[0.680s]     dir 2 is [/opt/ros/humble/lib/x86_64-linux-gnu]
[0.680s]       dir 1 must precede it due to runtime library [libpinocchio_parsers.so.3.9.0]
[0.680s] 
[0.680s]   Some of these libraries may not be found correctly.
[0.680s] 
[0.680s] 
[0.687s] -- Generating done
[0.699s] -- Build files have been written to: /home/jin/harco/ecvt2_ws/build/ecvt2_controller
[0.706s] Invoked command in '/home/jin/harco/ecvt2_ws/build/ecvt2_controller' returned '0': CMAKE_PREFIX_PATH=${CMAKE_PREFIX_PATH}:/home/jin/harco/ecvt2_ws/install/ecvt2_sim:/opt/ros/humble /usr/bin/cmake /home/jin/harco/ecvt2_ws/ecvt2_controller -DCMAKE_INSTALL_PREFIX=/home/jin/harco/ecvt2_ws/install/ecvt2_controller
[0.706s] Invoking command in '/home/jin/harco/ecvt2_ws/build/ecvt2_controller': CMAKE_PREFIX_PATH=${CMAKE_PREFIX_PATH}:/home/jin/harco/ecvt2_ws/install/ecvt2_sim:/opt/ros/humble /usr/bin/cmake --build /home/jin/harco/ecvt2_ws/build/ecvt2_controller -- -j20 -l20
[0.735s] Consolidate compiler generated dependencies of target wbc_hqp_lib
[0.736s] Consolidate compiler generated dependencies of target teleop_goal_publisher
[0.738s] Consolidate compiler generated dependencies of target com_trajectory_publisher
[0.741s] Consolidate compiler generated dependencies of target vp_sto_global_planner_node
[0.742s] Consolidate compiler generated dependencies of target vp_sto_paper_global_planner_node
[0.742s] Consolidate compiler generated dependencies of target live_upper_dynamics_node
[0.743s] [  7%] Built target wbc_hqp_lib
[0.744s] [ 14%] Built target com_trajectory_publisher
[0.745s] [ 21%] Built target teleop_goal_publisher
[0.746s] Consolidate compiler generated dependencies of target kdl_utils
[0.753s] [ 28%] Built target live_upper_dynamics_node
[0.754s] [ 32%] Building CXX object CMakeFiles/vp_sto_paper_global_planner_node.dir/src/vp_sto_paper_global_planner_node.cpp.o
[0.756s] [ 39%] Built target vp_sto_global_planner_node
[0.759s] [ 46%] Built target kdl_utils
[0.768s] Consolidate compiler generated dependencies of target wbc_hqp_v3
[0.768s] Consolidate compiler generated dependencies of target wbc_hqp_v2
[0.768s] Consolidate compiler generated dependencies of target base_arm_task_controller
[0.768s] Consolidate compiler generated dependencies of target wbc_hqp
[0.769s] Consolidate compiler generated dependencies of target base_opt_controller
[0.772s] Consolidate compiler generated dependencies of target pin_test
[0.773s] Consolidate compiler generated dependencies of target base_arm_task_controller_v2
[0.775s] [ 53%] Built target wbc_hqp_v2
[0.775s] [ 60%] Built target base_arm_task_controller
[0.776s] [ 67%] Built target wbc_hqp
[0.777s] [ 75%] Built target base_opt_controller
[0.779s] [ 82%] Built target wbc_hqp_v3
[0.781s] [ 89%] Built target base_arm_task_controller_v2
[0.786s] [ 96%] Built target pin_test
[3.797s] In file included from /opt/openrobots/include/hpp/fcl/config.hh:1,
[3.797s]                  from /opt/openrobots/include/pinocchio/serialization/eigen.hpp:20,
[3.797s]                  from /opt/openrobots/include/pinocchio/serialization/fwd.hpp:11,
[3.797s]                  from /opt/openrobots/include/pinocchio/multibody/joint/joint-composite.hpp:14,
[3.797s]                  from /opt/openrobots/include/pinocchio/multibody/joint/joint-generic.hpp:9,
[3.797s]                  from /opt/openrobots/include/pinocchio/multibody/model.hpp:17,
[3.797s]                  from /opt/openrobots/include/pinocchio/algorithm/joint-configuration.hpp:8,
[3.797s]                  from /home/jin/harco/ecvt2_ws/ecvt2_controller/src/vp_sto_paper_global_planner_node.cpp:7:
[3.797s] /opt/openrobots/include/hpp/fcl/coal.hpp:12:99: note: ‘#pragma message: Please update your includes from 'hpp/fcl' to 'coal' or define COAL_DISABLE_HPP_FCL_WARNINGS’
[3.797s]    12 |     "Please update your includes from 'hpp/fcl' to 'coal' or define COAL_DISABLE_HPP_FCL_WARNINGS")
[3.797s]       |                                                                                                   ^
[16.235s] [100%] Linking CXX executable vp_sto_paper_global_planner_node
[16.737s] [100%] Built target vp_sto_paper_global_planner_node
[16.744s] Invoked command in '/home/jin/harco/ecvt2_ws/build/ecvt2_controller' returned '0': CMAKE_PREFIX_PATH=${CMAKE_PREFIX_PATH}:/home/jin/harco/ecvt2_ws/install/ecvt2_sim:/opt/ros/humble /usr/bin/cmake --build /home/jin/harco/ecvt2_ws/build/ecvt2_controller -- -j20 -l20
[16.751s] Invoking command in '/home/jin/harco/ecvt2_ws/build/ecvt2_controller': CMAKE_PREFIX_PATH=${CMAKE_PREFIX_PATH}:/home/jin/harco/ecvt2_ws/install/ecvt2_sim:/opt/ros/humble /usr/bin/cmake --install /home/jin/harco/ecvt2_ws/build/ecvt2_controller
[16.756s] -- Install configuration: ""
[16.757s] -- Execute custom install script
[16.757s] -- Up-to-date symlink: /home/jin/harco/ecvt2_ws/install/ecvt2_controller/lib/ecvt2_controller/teleop_goal_publisher
[16.757s] -- Up-to-date symlink: /home/jin/harco/ecvt2_ws/install/ecvt2_controller/lib/ecvt2_controller/live_upper_dynamics_node
[16.757s] -- Up-to-date symlink: /home/jin/harco/ecvt2_ws/install/ecvt2_controller/lib/ecvt2_controller/vp_sto_global_planner_node
[16.757s] -- Up-to-date symlink: /home/jin/harco/ecvt2_ws/install/ecvt2_controller/lib/ecvt2_controller/vp_sto_paper_global_planner_node
[16.758s] -- Up-to-date symlink: /home/jin/harco/ecvt2_ws/install/ecvt2_controller/include/ecvt2_controller/kdl_utils.hpp
[16.758s] -- Up-to-date symlink: /home/jin/harco/ecvt2_ws/install/ecvt2_controller/include/ecvt2_controller/wbc_hqp_lib.hpp
[16.758s] -- Up-to-date symlink: /home/jin/harco/ecvt2_ws/install/ecvt2_controller/lib/libkdl_utils.a
[16.758s] -- Up-to-date symlink: /home/jin/harco/ecvt2_ws/install/ecvt2_controller/lib/libwbc_hqp_lib.a
[16.758s] -- Up-to-date symlink: /home/jin/harco/ecvt2_ws/install/ecvt2_controller/lib/ecvt2_controller/base_opt_controller
[16.758s] -- Up-to-date symlink: /home/jin/harco/ecvt2_ws/install/ecvt2_controller/lib/ecvt2_controller/wbc_hqp
[16.758s] -- Up-to-date symlink: /home/jin/harco/ecvt2_ws/install/ecvt2_controller/lib/ecvt2_controller/wbc_hqp_v2
[16.758s] -- Up-to-date symlink: /home/jin/harco/ecvt2_ws/install/ecvt2_controller/lib/ecvt2_controller/wbc_hqp_v3
[16.758s] -- Up-to-date symlink: /home/jin/harco/ecvt2_ws/install/ecvt2_controller/lib/ecvt2_controller/base_arm_task_controller
[16.758s] -- Up-to-date symlink: /home/jin/harco/ecvt2_ws/install/ecvt2_controller/lib/ecvt2_controller/base_arm_task_controller_v2
[16.758s] -- Up-to-date symlink: /home/jin/harco/ecvt2_ws/install/ecvt2_controller/lib/ecvt2_controller/teleop_goal_publisher
[16.758s] -- Up-to-date symlink: /home/jin/harco/ecvt2_ws/install/ecvt2_controller/lib/ecvt2_controller/com_trajectory_publisher
[16.758s] -- Up-to-date symlink: /home/jin/harco/ecvt2_ws/install/ecvt2_controller/lib/ecvt2_controller/pin_test
[16.758s] -- Up-to-date symlink: /home/jin/harco/ecvt2_ws/install/ecvt2_controller/share/ament_index/resource_index/package_run_dependencies/ecvt2_controller
[16.759s] -- Up-to-date symlink: /home/jin/harco/ecvt2_ws/install/ecvt2_controller/share/ament_index/resource_index/parent_prefix_path/ecvt2_controller
[16.759s] -- Up-to-date symlink: /home/jin/harco/ecvt2_ws/install/ecvt2_controller/share/ecvt2_controller/environment/ament_prefix_path.sh
[16.759s] -- Up-to-date symlink: /home/jin/harco/ecvt2_ws/install/ecvt2_controller/share/ecvt2_controller/environment/ament_prefix_path.dsv
[16.759s] -- Up-to-date symlink: /home/jin/harco/ecvt2_ws/install/ecvt2_controller/share/ecvt2_controller/environment/path.sh
[16.759s] -- Up-to-date symlink: /home/jin/harco/ecvt2_ws/install/ecvt2_controller/share/ecvt2_controller/environment/path.dsv
[16.759s] -- Up-to-date symlink: /home/jin/harco/ecvt2_ws/install/ecvt2_controller/share/ecvt2_controller/local_setup.bash
[16.759s] -- Up-to-date symlink: /home/jin/harco/ecvt2_ws/install/ecvt2_controller/share/ecvt2_controller/local_setup.sh
[16.759s] -- Up-to-date symlink: /home/jin/harco/ecvt2_ws/install/ecvt2_controller/share/ecvt2_controller/local_setup.zsh
[16.759s] -- Up-to-date symlink: /home/jin/harco/ecvt2_ws/install/ecvt2_controller/share/ecvt2_controller/local_setup.dsv
[16.759s] -- Symlinking: /home/jin/harco/ecvt2_ws/install/ecvt2_controller/share/ecvt2_controller/package.dsv
[16.766s] -- Up-to-date symlink: /home/jin/harco/ecvt2_ws/install/ecvt2_controller/share/ament_index/resource_index/packages/ecvt2_controller
[16.766s] -- Up-to-date symlink: /home/jin/harco/ecvt2_ws/install/ecvt2_controller/share/ecvt2_controller/cmake/ecvt2_controllerConfig.cmake
[16.766s] -- Up-to-date symlink: /home/jin/harco/ecvt2_ws/install/ecvt2_controller/share/ecvt2_controller/cmake/ecvt2_controllerConfig-version.cmake
[16.766s] -- Up-to-date symlink: /home/jin/harco/ecvt2_ws/install/ecvt2_controller/share/ecvt2_controller/package.xml
[30.012s] Invoked command in '/home/jin/harco/ecvt2_ws/build/ecvt2_controller' returned '0': CMAKE_PREFIX_PATH=${CMAKE_PREFIX_PATH}:/home/jin/harco/ecvt2_ws/install/ecvt2_sim:/opt/ros/humble /usr/bin/cmake --install /home/jin/harco/ecvt2_ws/build/ecvt2_controller
