[0.008s] Invoking command in '/home/jin/harco/ecvt2_ws/build/ecvt2_controller': CMAKE_PREFIX_PATH=/home/jin/harco/ecvt2_ws/install/ifopt:/opt/ros/humble LD_LIBRARY_PATH=/home/jin/harco/ecvt2_ws/install/ifopt/lib:${LD_LIBRARY_PATH} PKG_CONFIG_PATH=/home/jin/harco/ecvt2_ws/install/ifopt/lib/x86_64-linux-gnu/pkgconfig:/home/jin/harco/ecvt2_ws/install/ifopt/lib/pkgconfig /usr/bin/cmake --build /home/jin/harco/ecvt2_ws/build/ecvt2_controller -- -j20 -l20
[0.044s] [  6%] Built target teleop_goal_publisher
[0.044s] [ 12%] Built target wbc_hqp_lib
[0.049s] Consolidate compiler generated dependencies of target vp_sto_global_planner_full_node
[0.049s] [ 18%] Built target com_trajectory_publisher
[0.050s] [ 34%] Built target vp_sto_global_planner_node
[0.050s] [ 37%] Built target live_upper_dynamics_node
[0.050s] [ 37%] Built target vp_sto_paper_global_planner_node
[0.050s] [ 43%] Built target kdl_utils
[0.067s] [ 56%] Built target base_opt_controller
[0.067s] [ 56%] Built target base_arm_task_controller
[0.067s] [ 62%] Built target wbc_hqp
[0.067s] [ 68%] Built target wbc_hqp_v2
[0.068s] [ 75%] Built target wbc_hqp_v3
[0.068s] [ 78%] Building CXX object CMakeFiles/vp_sto_global_planner_full_node.dir/src/vp_sto_global_planner_full_node.cpp.o
[0.069s] [ 84%] Built target base_arm_task_controller_v2
[0.076s] [ 90%] Built target base_arm_task_controller_full
[0.077s] [ 96%] Built target pin_test
[3.068s] In file included from /opt/openrobots/include/hpp/fcl/config.hh:1,
[3.068s]                  from /opt/openrobots/include/pinocchio/serialization/eigen.hpp:20,
[3.068s]                  from /opt/openrobots/include/pinocchio/serialization/fwd.hpp:11,
[3.068s]                  from /opt/openrobots/include/pinocchio/multibody/joint/joint-composite.hpp:14,
[3.068s]                  from /opt/openrobots/include/pinocchio/multibody/joint/joint-generic.hpp:9,
[3.068s]                  from /opt/openrobots/include/pinocchio/multibody/model.hpp:17,
[3.068s]                  from /opt/openrobots/include/pinocchio/parsers/urdf.hpp:9,
[3.068s]                  from /home/jin/harco/ecvt2_ws/ecvt2_controller/src/vp_sto_global_planner_full_node.cpp:7:
[3.068s] /opt/openrobots/include/hpp/fcl/coal.hpp:12:99: note: ‘#pragma message: Please update your includes from 'hpp/fcl' to 'coal' or define COAL_DISABLE_HPP_FCL_WARNINGS’
[3.068s]    12 |     "Please update your includes from 'hpp/fcl' to 'coal' or define COAL_DISABLE_HPP_FCL_WARNINGS")
[3.068s]       |                                                                                                   ^
[37.651s] [100%] Linking CXX executable vp_sto_global_planner_full_node
[38.929s] [100%] Built target vp_sto_global_planner_full_node
[38.938s] Invoked command in '/home/jin/harco/ecvt2_ws/build/ecvt2_controller' returned '0': CMAKE_PREFIX_PATH=/home/jin/harco/ecvt2_ws/install/ifopt:/opt/ros/humble LD_LIBRARY_PATH=/home/jin/harco/ecvt2_ws/install/ifopt/lib:${LD_LIBRARY_PATH} PKG_CONFIG_PATH=/home/jin/harco/ecvt2_ws/install/ifopt/lib/x86_64-linux-gnu/pkgconfig:/home/jin/harco/ecvt2_ws/install/ifopt/lib/pkgconfig /usr/bin/cmake --build /home/jin/harco/ecvt2_ws/build/ecvt2_controller -- -j20 -l20
[38.944s] Invoking command in '/home/jin/harco/ecvt2_ws/build/ecvt2_controller': CMAKE_PREFIX_PATH=/home/jin/harco/ecvt2_ws/install/ifopt:/opt/ros/humble LD_LIBRARY_PATH=/home/jin/harco/ecvt2_ws/install/ifopt/lib:${LD_LIBRARY_PATH} PKG_CONFIG_PATH=/home/jin/harco/ecvt2_ws/install/ifopt/lib/x86_64-linux-gnu/pkgconfig:/home/jin/harco/ecvt2_ws/install/ifopt/lib/pkgconfig /usr/bin/cmake --install /home/jin/harco/ecvt2_ws/build/ecvt2_controller
[38.948s] -- Install configuration: ""
[38.949s] -- Execute custom install script
[38.949s] -- Up-to-date symlink: /home/jin/harco/ecvt2_ws/install/ecvt2_controller/lib/ecvt2_controller/teleop_goal_publisher
[38.949s] -- Up-to-date symlink: /home/jin/harco/ecvt2_ws/install/ecvt2_controller/lib/ecvt2_controller/live_upper_dynamics_node
[38.949s] -- Up-to-date symlink: /home/jin/harco/ecvt2_ws/install/ecvt2_controller/lib/ecvt2_controller/vp_sto_global_planner_node
[38.949s] -- Up-to-date symlink: /home/jin/harco/ecvt2_ws/install/ecvt2_controller/lib/ecvt2_controller/vp_sto_global_planner_full_node
[38.949s] -- Up-to-date symlink: /home/jin/harco/ecvt2_ws/install/ecvt2_controller/lib/ecvt2_controller/vp_sto_paper_global_planner_node
[38.949s] -- Up-to-date symlink: /home/jin/harco/ecvt2_ws/install/ecvt2_controller/include/ecvt2_controller/kdl_utils.hpp
[38.950s] -- Up-to-date symlink: /home/jin/harco/ecvt2_ws/install/ecvt2_controller/include/ecvt2_controller/wbc_hqp_lib.hpp
[38.950s] -- Up-to-date symlink: /home/jin/harco/ecvt2_ws/install/ecvt2_controller/lib/libkdl_utils.a
[38.950s] -- Up-to-date symlink: /home/jin/harco/ecvt2_ws/install/ecvt2_controller/lib/libwbc_hqp_lib.a
[38.950s] -- Up-to-date symlink: /home/jin/harco/ecvt2_ws/install/ecvt2_controller/lib/ecvt2_controller/base_opt_controller
[38.950s] -- Up-to-date symlink: /home/jin/harco/ecvt2_ws/install/ecvt2_controller/lib/ecvt2_controller/wbc_hqp
[38.950s] -- Up-to-date symlink: /home/jin/harco/ecvt2_ws/install/ecvt2_controller/lib/ecvt2_controller/wbc_hqp_v2
[38.950s] -- Up-to-date symlink: /home/jin/harco/ecvt2_ws/install/ecvt2_controller/lib/ecvt2_controller/wbc_hqp_v3
[38.950s] -- Up-to-date symlink: /home/jin/harco/ecvt2_ws/install/ecvt2_controller/lib/ecvt2_controller/base_arm_task_controller
[38.950s] -- Up-to-date symlink: /home/jin/harco/ecvt2_ws/install/ecvt2_controller/lib/ecvt2_controller/base_arm_task_controller_v2
[38.950s] -- Up-to-date symlink: /home/jin/harco/ecvt2_ws/install/ecvt2_controller/lib/ecvt2_controller/base_arm_task_controller_full
[38.950s] -- Up-to-date symlink: /home/jin/harco/ecvt2_ws/install/ecvt2_controller/lib/ecvt2_controller/teleop_goal_publisher
[38.950s] -- Up-to-date symlink: /home/jin/harco/ecvt2_ws/install/ecvt2_controller/lib/ecvt2_controller/com_trajectory_publisher
[38.950s] -- Up-to-date symlink: /home/jin/harco/ecvt2_ws/install/ecvt2_controller/lib/ecvt2_controller/pin_test
[38.951s] -- Up-to-date symlink: /home/jin/harco/ecvt2_ws/install/ecvt2_controller/share/ament_index/resource_index/package_run_dependencies/ecvt2_controller
[38.951s] -- Up-to-date symlink: /home/jin/harco/ecvt2_ws/install/ecvt2_controller/share/ament_index/resource_index/parent_prefix_path/ecvt2_controller
[38.951s] -- Up-to-date symlink: /home/jin/harco/ecvt2_ws/install/ecvt2_controller/share/ecvt2_controller/environment/ament_prefix_path.sh
[38.951s] -- Up-to-date symlink: /home/jin/harco/ecvt2_ws/install/ecvt2_controller/share/ecvt2_controller/environment/ament_prefix_path.dsv
[38.951s] -- Up-to-date symlink: /home/jin/harco/ecvt2_ws/install/ecvt2_controller/share/ecvt2_controller/environment/path.sh
[38.951s] -- Up-to-date symlink: /home/jin/harco/ecvt2_ws/install/ecvt2_controller/share/ecvt2_controller/environment/path.dsv
[38.951s] -- Up-to-date symlink: /home/jin/harco/ecvt2_ws/install/ecvt2_controller/share/ecvt2_controller/local_setup.bash
[38.951s] -- Up-to-date symlink: /home/jin/harco/ecvt2_ws/install/ecvt2_controller/share/ecvt2_controller/local_setup.sh
[38.951s] -- Up-to-date symlink: /home/jin/harco/ecvt2_ws/install/ecvt2_controller/share/ecvt2_controller/local_setup.zsh
[38.951s] -- Up-to-date symlink: /home/jin/harco/ecvt2_ws/install/ecvt2_controller/share/ecvt2_controller/local_setup.dsv
[38.951s] -- Symlinking: /home/jin/harco/ecvt2_ws/install/ecvt2_controller/share/ecvt2_controller/package.dsv
[38.957s] -- Up-to-date symlink: /home/jin/harco/ecvt2_ws/install/ecvt2_controller/share/ament_index/resource_index/packages/ecvt2_controller
[38.957s] -- Up-to-date symlink: /home/jin/harco/ecvt2_ws/install/ecvt2_controller/share/ecvt2_controller/cmake/ecvt2_controllerConfig.cmake
[38.957s] -- Up-to-date symlink: /home/jin/harco/ecvt2_ws/install/ecvt2_controller/share/ecvt2_controller/cmake/ecvt2_controllerConfig-version.cmake
[38.957s] -- Up-to-date symlink: /home/jin/harco/ecvt2_ws/install/ecvt2_controller/share/ecvt2_controller/package.xml
[38.958s] Invoked command in '/home/jin/harco/ecvt2_ws/build/ecvt2_controller' returned '0': CMAKE_PREFIX_PATH=/home/jin/harco/ecvt2_ws/install/ifopt:/opt/ros/humble LD_LIBRARY_PATH=/home/jin/harco/ecvt2_ws/install/ifopt/lib:${LD_LIBRARY_PATH} PKG_CONFIG_PATH=/home/jin/harco/ecvt2_ws/install/ifopt/lib/x86_64-linux-gnu/pkgconfig:/home/jin/harco/ecvt2_ws/install/ifopt/lib/pkgconfig /usr/bin/cmake --install /home/jin/harco/ecvt2_ws/build/ecvt2_controller
