/home/jin/harco/ecvt2_ws/install/ecvt2_sim/lib/python3.10/site-packages/ecvt2_sim/robot_node.py
/home/jin/harco/ecvt2_ws/install/ecvt2_sim/lib/python3.10/site-packages/ecvt2_sim/sin_velocity_publisher.py
/home/jin/harco/ecvt2_ws/install/ecvt2_sim/lib/python3.10/site-packages/ecvt2_sim/upper_node.py
/home/jin/harco/ecvt2_ws/install/ecvt2_sim/lib/python3.10/site-packages/ecvt2_sim/test_upper_node.py
/home/jin/harco/ecvt2_ws/install/ecvt2_sim/lib/python3.10/site-packages/ecvt2_sim/plot_passive_csv.py
/home/jin/harco/ecvt2_ws/install/ecvt2_sim/lib/python3.10/site-packages/ecvt2_sim/test_robot_node.py
/home/jin/harco/ecvt2_ws/install/ecvt2_sim/lib/python3.10/site-packages/ecvt2_sim/__init__.py
/home/jin/harco/ecvt2_ws/install/ecvt2_sim/lib/python3.10/site-packages/ecvt2_sim/plot_passive_joints.py
/home/jin/harco/ecvt2_ws/install/ecvt2_sim/lib/python3.10/site-packages/ecvt2_sim/__pycache__/robot_node.cpython-310.pyc
/home/jin/harco/ecvt2_ws/install/ecvt2_sim/lib/python3.10/site-packages/ecvt2_sim/__pycache__/sin_velocity_publisher.cpython-310.pyc
/home/jin/harco/ecvt2_ws/install/ecvt2_sim/lib/python3.10/site-packages/ecvt2_sim/__pycache__/upper_node.cpython-310.pyc
/home/jin/harco/ecvt2_ws/install/ecvt2_sim/lib/python3.10/site-packages/ecvt2_sim/__pycache__/test_upper_node.cpython-310.pyc
/home/jin/harco/ecvt2_ws/install/ecvt2_sim/lib/python3.10/site-packages/ecvt2_sim/__pycache__/plot_passive_csv.cpython-310.pyc
/home/jin/harco/ecvt2_ws/install/ecvt2_sim/lib/python3.10/site-packages/ecvt2_sim/__pycache__/test_robot_node.cpython-310.pyc
/home/jin/harco/ecvt2_ws/install/ecvt2_sim/lib/python3.10/site-packages/ecvt2_sim/__pycache__/__init__.cpython-310.pyc
/home/jin/harco/ecvt2_ws/install/ecvt2_sim/lib/python3.10/site-packages/ecvt2_sim/__pycache__/plot_passive_joints.cpython-310.pyc
/home/jin/harco/ecvt2_ws/install/ecvt2_sim/share/ament_index/resource_index/packages/ecvt2_sim
/home/jin/harco/ecvt2_ws/install/ecvt2_sim/share/ecvt2_sim/package.xml
/home/jin/harco/ecvt2_ws/install/ecvt2_sim/share/ecvt2_sim/launch/test_upper_bringup.launch.py
/home/jin/harco/ecvt2_ws/install/ecvt2_sim/share/ecvt2_sim/launch/test_full_vp_sto_bringup.launch.py
/home/jin/harco/ecvt2_ws/install/ecvt2_sim/share/ecvt2_sim/launch/test_bringup.launch.py
/home/jin/harco/ecvt2_ws/install/ecvt2_sim/share/ecvt2_sim/launch/bringup.launch.py
/home/jin/harco/ecvt2_ws/install/ecvt2_sim/share/ecvt2_sim/launch/upper_bringup.launch.py
/home/jin/harco/ecvt2_ws/install/ecvt2_sim/share/ecvt2_sim/launch/test_full_wbc_bringup.launch.py
/home/jin/harco/ecvt2_ws/install/ecvt2_sim/share/ecvt2_sim/rviz/ecvt.rviz
/home/jin/harco/ecvt2_ws/install/ecvt2_sim/share/ecvt2_sim/rviz/base_opt.rviz
/home/jin/harco/ecvt2_ws/install/ecvt2_sim/lib/python3.10/site-packages/ecvt2_sim-0.0.1-py3.10.egg-info/entry_points.txt
/home/jin/harco/ecvt2_ws/install/ecvt2_sim/lib/python3.10/site-packages/ecvt2_sim-0.0.1-py3.10.egg-info/top_level.txt
/home/jin/harco/ecvt2_ws/install/ecvt2_sim/lib/python3.10/site-packages/ecvt2_sim-0.0.1-py3.10.egg-info/SOURCES.txt
/home/jin/harco/ecvt2_ws/install/ecvt2_sim/lib/python3.10/site-packages/ecvt2_sim-0.0.1-py3.10.egg-info/dependency_links.txt
/home/jin/harco/ecvt2_ws/install/ecvt2_sim/lib/python3.10/site-packages/ecvt2_sim-0.0.1-py3.10.egg-info/requires.txt
/home/jin/harco/ecvt2_ws/install/ecvt2_sim/lib/python3.10/site-packages/ecvt2_sim-0.0.1-py3.10.egg-info/PKG-INFO
/home/jin/harco/ecvt2_ws/install/ecvt2_sim/lib/python3.10/site-packages/ecvt2_sim-0.0.1-py3.10.egg-info/zip-safe
/home/jin/harco/ecvt2_ws/install/ecvt2_sim/lib/ecvt2_sim/plot_passive_csv
/home/jin/harco/ecvt2_ws/install/ecvt2_sim/lib/ecvt2_sim/plot_passive_joints
/home/jin/harco/ecvt2_ws/install/ecvt2_sim/lib/ecvt2_sim/robot_node
/home/jin/harco/ecvt2_ws/install/ecvt2_sim/lib/ecvt2_sim/sin_velocity_publisher
/home/jin/harco/ecvt2_ws/install/ecvt2_sim/lib/ecvt2_sim/test_robot_node
/home/jin/harco/ecvt2_ws/install/ecvt2_sim/lib/ecvt2_sim/test_upper_node
/home/jin/harco/ecvt2_ws/install/ecvt2_sim/lib/ecvt2_sim/upper_node
