[0.009s] Invoking command in '/home/jin/harco/ecvt2_ws/build/ecvt2_controller': CMAKE_PREFIX_PATH=${CMAKE_PREFIX_PATH}:/home/jin/harco/ecvt2_ws/install/ecvt2_sim:/opt/ros/humble /usr/bin/cmake /home/jin/harco/ecvt2_ws/ecvt2_controller -DAMENT_CMAKE_SYMLINK_INSTALL=1 -DCMAKE_INSTALL_PREFIX=/home/jin/harco/ecvt2_ws/install/ecvt2_controller
[0.138s] -- Found ament_cmake: 1.3.12 (/opt/ros/humble/share/ament_cmake/cmake)
[0.138s] -- Override CMake install command with custom implementation using symlinks instead of copying resources
[0.138s] -- Found rclcpp: 16.0.16 (/opt/ros/humble/share/rclcpp/cmake)
[0.138s] -- Found rosidl_generator_c: 3.1.7 (/opt/ros/humble/share/rosidl_generator_c/cmake)
[0.138s] -- Found rosidl_adapter: 3.1.7 (/opt/ros/humble/share/rosidl_adapter/cmake)
[0.138s] -- Found rosidl_generator_cpp: 3.1.7 (/opt/ros/humble/share/rosidl_generator_cpp/cmake)
[0.138s] -- Using all available rosidl_typesupport_c: rosidl_typesupport_fastrtps_c;rosidl_typesupport_introspection_c
[0.138s] -- Using all available rosidl_typesupport_cpp: rosidl_typesupport_fastrtps_cpp;rosidl_typesupport_introspection_cpp
[0.147s] -- Found rmw_implementation_cmake: 6.1.2 (/opt/ros/humble/share/rmw_implementation_cmake/cmake)
[0.148s] -- Found rmw_fastrtps_cpp: 6.2.9 (/opt/ros/humble/share/rmw_fastrtps_cpp/cmake)
[0.210s] -- Using RMW implementation 'rmw_fastrtps_cpp' as default
[0.238s] -- Found geometry_msgs: 4.9.0 (/opt/ros/humble/share/geometry_msgs/cmake)
[0.244s] -- Found sensor_msgs: 4.9.0 (/opt/ros/humble/share/sensor_msgs/cmake)
[0.254s] -- Found visualization_msgs: 4.9.0 (/opt/ros/humble/share/visualization_msgs/cmake)
[0.265s] -- Found trajectory_msgs: 4.9.0 (/opt/ros/humble/share/trajectory_msgs/cmake)
[0.275s] -- pinocchio_default FOUND. pinocchio_default at /opt/ros/humble/lib/x86_64-linux-gnu/libpinocchio_default.so
[0.275s] -- pinocchio_parsers FOUND. pinocchio_parsers at /opt/ros/humble/lib/x86_64-linux-gnu/libpinocchio_parsers.so
[0.276s] -- pinocchio_casadi not FOUND.
[0.277s] -- boost_filesystem FOUND. boost_filesystem at /usr/lib/x86_64-linux-gnu/libboost_filesystem.so
[0.282s] -- Found Boost: /usr/include (found version "1.74.0") found components: filesystem serialization 
[0.282s] [33mCMake Warning at /opt/openrobots/lib/cmake/hpp-fcl/hpp-fclConfig.cmake:4 (message):
[0.282s]   Please update your CMake from 'hpp-fcl' to 'coal', or define
[0.282s]   COAL_DISABLE_HPP_FCL_WARNINGS
[0.282s] Call Stack (most recent call first):
[0.282s]   /usr/share/cmake-3.22/Modules/CMakeFindDependencyMacro.cmake:47 (find_package)
[0.282s]   /opt/openrobots/lib/cmake/pinocchio/pinocchioConfig.cmake:161 (find_dependency)
[0.283s]   CMakeLists.txt:20 (find_package)
[0.283s] 
[0.283s] [0m
[0.283s] -- coal not FOUND.
[0.287s] -- Found Boost: /usr/include (found version "1.74.0") found components: serialization filesystem 
[0.473s] -- Default C++ standard: 201703
[0.473s] -- C++ standard sufficient: Minimal required 11, currently defined: 17
[0.473s] -- CMAKE_CXX_STANDARD was not set: automatically set to currently defined standard 17
[0.474s] -- C++ standard sufficient: Minimal required 11, currently defined: 17
[0.487s] -- Found ament_lint_auto: 0.12.14 (/opt/ros/humble/share/ament_lint_auto/cmake)
[0.540s] -- Added test 'cppcheck' to perform static code analysis on C / C++ code
[0.540s] -- Configured cppcheck include dirs: $<BUILD_INTERFACE:/home/jin/harco/ecvt2_ws/ecvt2_controller/include>
[0.540s] -- Configured cppcheck exclude dirs and/or files: 
[0.540s] -- Added test 'lint_cmake' to check CMake code style
[0.541s] -- Added test 'uncrustify' to check C / C++ code style
[0.541s] -- Configured uncrustify additional arguments: 
[0.541s] -- Added test 'xmllint' to check XML markup files
[0.541s] -- Configuring done
[0.552s] [33mCMake Warning at CMakeLists.txt:48 (add_executable):
[0.552s]   Cannot generate a safe runtime search path for target base_opt_controller
[0.552s]   because files in some directories may conflict with libraries in implicit
[0.553s]   directories:
[0.553s] 
[0.553s]     runtime library [liburdfdom_sensor.so.3.0] in /usr/lib/x86_64-linux-gnu may be hidden by files in:
[0.553s]       /opt/ros/humble/lib/x86_64-linux-gnu
[0.553s]     runtime library [liburdfdom_model_state.so.3.0] in /usr/lib/x86_64-linux-gnu may be hidden by files in:
[0.553s]       /opt/ros/humble/lib/x86_64-linux-gnu
[0.553s]     runtime library [liburdfdom_model.so.3.0] in /usr/lib/x86_64-linux-gnu may be hidden by files in:
[0.553s]       /opt/ros/humble/lib/x86_64-linux-gnu
[0.553s]     runtime library [liburdfdom_world.so.3.0] in /usr/lib/x86_64-linux-gnu may be hidden by files in:
[0.553s]       /opt/ros/humble/lib/x86_64-linux-gnu
[0.553s]     runtime library [liboctomap.so.1.9] in /usr/lib/x86_64-linux-gnu may be hidden by files in:
[0.553s]       /opt/ros/humble/lib/x86_64-linux-gnu
[0.553s]     runtime library [liboctomath.so.1.9] in /usr/lib/x86_64-linux-gnu may be hidden by files in:
[0.553s]       /opt/ros/humble/lib/x86_64-linux-gnu
[0.553s] 
[0.553s]   Some of these libraries may not be found correctly.
[0.553s] 
[0.553s] [0m
[0.553s] [33mCMake Warning at CMakeLists.txt:48 (add_executable):
[0.553s]   Cannot generate a safe runtime search path for target base_opt_controller
[0.553s]   because there is a cycle in the constraint graph:
[0.553s] 
[0.553s]     dir 0 is [/usr/local/lib]
[0.553s]     dir 1 is [/opt/ros/humble/lib]
[0.553s]     dir 2 is [/opt/ros/humble/lib/x86_64-linux-gnu]
[0.553s]       dir 3 must precede it due to runtime library [libpinocchio_parsers.so.3.9.0]
[0.553s]     dir 3 is [/opt/openrobots/lib]
[0.553s]       dir 2 must precede it due to runtime library [libpinocchio_default.so.3.9.0]
[0.553s] 
[0.553s]   Some of these libraries may not be found correctly.
[0.553s] 
[0.553s] [0m
[0.555s] [33mCMake Warning at CMakeLists.txt:59 (add_executable):
[0.555s]   Cannot generate a safe runtime search path for target wbc_hqp because files
[0.555s]   in some directories may conflict with libraries in implicit directories:
[0.555s] 
[0.555s]     runtime library [liburdfdom_sensor.so.3.0] in /usr/lib/x86_64-linux-gnu may be hidden by files in:
[0.555s]       /opt/ros/humble/lib/x86_64-linux-gnu
[0.555s]     runtime library [liburdfdom_model_state.so.3.0] in /usr/lib/x86_64-linux-gnu may be hidden by files in:
[0.555s]       /opt/ros/humble/lib/x86_64-linux-gnu
[0.555s]     runtime library [liburdfdom_model.so.3.0] in /usr/lib/x86_64-linux-gnu may be hidden by files in:
[0.555s]       /opt/ros/humble/lib/x86_64-linux-gnu
[0.555s]     runtime library [liburdfdom_world.so.3.0] in /usr/lib/x86_64-linux-gnu may be hidden by files in:
[0.555s]       /opt/ros/humble/lib/x86_64-linux-gnu
[0.555s]     runtime library [liboctomap.so.1.9] in /usr/lib/x86_64-linux-gnu may be hidden by files in:
[0.555s]       /opt/ros/humble/lib/x86_64-linux-gnu
[0.555s]     runtime library [liboctomath.so.1.9] in /usr/lib/x86_64-linux-gnu may be hidden by files in:
[0.555s]       /opt/ros/humble/lib/x86_64-linux-gnu
[0.555s] 
[0.555s]   Some of these libraries may not be found correctly.
[0.555s] 
[0.555s] [0m
[0.555s] [33mCMake Warning at CMakeLists.txt:59 (add_executable):
[0.555s]   Cannot generate a safe runtime search path for target wbc_hqp because there
[0.555s]   is a cycle in the constraint graph:
[0.555s] 
[0.555s]     dir 0 is [/usr/local/lib]
[0.555s]     dir 1 is [/opt/ros/humble/lib]
[0.555s]     dir 2 is [/opt/ros/humble/lib/x86_64-linux-gnu]
[0.556s]       dir 3 must precede it due to runtime library [libpinocchio_parsers.so.3.9.0]
[0.556s]     dir 3 is [/opt/openrobots/lib]
[0.556s]       dir 2 must precede it due to runtime library [libpinocchio_default.so.3.9.0]
[0.556s] 
[0.556s]   Some of these libraries may not be found correctly.
[0.556s] 
[0.556s] [0m
[0.557s] [33mCMake Warning at CMakeLists.txt:70 (add_executable):
[0.557s]   Cannot generate a safe runtime search path for target wbc_hqp_v2 because
[0.557s]   files in some directories may conflict with libraries in implicit
[0.558s]   directories:
[0.558s] 
[0.558s]     runtime library [liburdfdom_sensor.so.3.0] in /usr/lib/x86_64-linux-gnu may be hidden by files in:
[0.558s]       /opt/ros/humble/lib/x86_64-linux-gnu
[0.558s]     runtime library [liburdfdom_model_state.so.3.0] in /usr/lib/x86_64-linux-gnu may be hidden by files in:
[0.558s]       /opt/ros/humble/lib/x86_64-linux-gnu
[0.558s]     runtime library [liburdfdom_model.so.3.0] in /usr/lib/x86_64-linux-gnu may be hidden by files in:
[0.558s]       /opt/ros/humble/lib/x86_64-linux-gnu
[0.558s]     runtime library [liburdfdom_world.so.3.0] in /usr/lib/x86_64-linux-gnu may be hidden by files in:
[0.558s]       /opt/ros/humble/lib/x86_64-linux-gnu
[0.558s]     runtime library [liboctomap.so.1.9] in /usr/lib/x86_64-linux-gnu may be hidden by files in:
[0.558s]       /opt/ros/humble/lib/x86_64-linux-gnu
[0.558s]     runtime library [liboctomath.so.1.9] in /usr/lib/x86_64-linux-gnu may be hidden by files in:
[0.558s]       /opt/ros/humble/lib/x86_64-linux-gnu
[0.558s] 
[0.558s]   Some of these libraries may not be found correctly.
[0.558s] 
[0.558s] [0m
[0.558s] [33mCMake Warning at CMakeLists.txt:70 (add_executable):
[0.558s]   Cannot generate a safe runtime search path for target wbc_hqp_v2 because
[0.558s]   there is a cycle in the constraint graph:
[0.558s] 
[0.558s]     dir 0 is [/usr/local/lib]
[0.558s]     dir 1 is [/opt/ros/humble/lib]
[0.558s]     dir 2 is [/opt/ros/humble/lib/x86_64-linux-gnu]
[0.558s]       dir 3 must precede it due to runtime library [libpinocchio_parsers.so.3.9.0]
[0.558s]     dir 3 is [/opt/openrobots/lib]
[0.558s]       dir 2 must precede it due to runtime library [libpinocchio_default.so.3.9.0]
[0.558s] 
[0.558s]   Some of these libraries may not be found correctly.
[0.558s] 
[0.558s] [0m
[0.560s] [33mCMake Warning at CMakeLists.txt:82 (add_executable):
[0.560s]   Cannot generate a safe runtime search path for target wbc_hqp_v3 because
[0.560s]   files in some directories may conflict with libraries in implicit
[0.560s]   directories:
[0.560s] 
[0.560s]     runtime library [liburdfdom_sensor.so.3.0] in /usr/lib/x86_64-linux-gnu may be hidden by files in:
[0.560s]       /opt/ros/humble/lib/x86_64-linux-gnu
[0.561s]     runtime library [liburdfdom_model_state.so.3.0] in /usr/lib/x86_64-linux-gnu may be hidden by files in:
[0.561s]       /opt/ros/humble/lib/x86_64-linux-gnu
[0.561s]     runtime library [liburdfdom_model.so.3.0] in /usr/lib/x86_64-linux-gnu may be hidden by files in:
[0.561s]       /opt/ros/humble/lib/x86_64-linux-gnu
[0.561s]     runtime library [liburdfdom_world.so.3.0] in /usr/lib/x86_64-linux-gnu may be hidden by files in:
[0.561s]       /opt/ros/humble/lib/x86_64-linux-gnu
[0.561s]     runtime library [liboctomap.so.1.9] in /usr/lib/x86_64-linux-gnu may be hidden by files in:
[0.561s]       /opt/ros/humble/lib/x86_64-linux-gnu
[0.561s]     runtime library [liboctomath.so.1.9] in /usr/lib/x86_64-linux-gnu may be hidden by files in:
[0.561s]       /opt/ros/humble/lib/x86_64-linux-gnu
[0.561s] 
[0.561s]   Some of these libraries may not be found correctly.
[0.561s] 
[0.561s] [0m
[0.561s] [33mCMake Warning at CMakeLists.txt:82 (add_executable):
[0.561s]   Cannot generate a safe runtime search path for target wbc_hqp_v3 because
[0.561s]   there is a cycle in the constraint graph:
[0.561s] 
[0.561s]     dir 0 is [/usr/local/lib]
[0.561s]     dir 1 is [/opt/ros/humble/lib]
[0.561s]     dir 2 is [/opt/ros/humble/lib/x86_64-linux-gnu]
[0.561s]       dir 3 must precede it due to runtime library [libpinocchio_parsers.so.3.9.0]
[0.561s]     dir 3 is [/opt/openrobots/lib]
[0.561s]       dir 2 must precede it due to runtime library [libpinocchio_default.so.3.9.0]
[0.561s] 
[0.561s]   Some of these libraries may not be found correctly.
[0.561s] 
[0.561s] [0m
[0.563s] [33mCMake Warning at CMakeLists.txt:94 (add_executable):
[0.563s]   Cannot generate a safe runtime search path for target
[0.563s]   base_arm_task_controller because files in some directories may conflict
[0.563s]   with libraries in implicit directories:
[0.563s] 
[0.563s]     runtime library [liburdfdom_sensor.so.3.0] in /usr/lib/x86_64-linux-gnu may be hidden by files in:
[0.563s]       /opt/ros/humble/lib/x86_64-linux-gnu
[0.563s]     runtime library [liburdfdom_model_state.so.3.0] in /usr/lib/x86_64-linux-gnu may be hidden by files in:
[0.563s]       /opt/ros/humble/lib/x86_64-linux-gnu
[0.563s]     runtime library [liburdfdom_model.so.3.0] in /usr/lib/x86_64-linux-gnu may be hidden by files in:
[0.563s]       /opt/ros/humble/lib/x86_64-linux-gnu
[0.563s]     runtime library [liburdfdom_world.so.3.0] in /usr/lib/x86_64-linux-gnu may be hidden by files in:
[0.563s]       /opt/ros/humble/lib/x86_64-linux-gnu
[0.563s]     runtime library [liboctomap.so.1.9] in /usr/lib/x86_64-linux-gnu may be hidden by files in:
[0.563s]       /opt/ros/humble/lib/x86_64-linux-gnu
[0.563s]     runtime library [liboctomath.so.1.9] in /usr/lib/x86_64-linux-gnu may be hidden by files in:
[0.563s]       /opt/ros/humble/lib/x86_64-linux-gnu
[0.563s] 
[0.563s]   Some of these libraries may not be found correctly.
[0.563s] 
[0.563s] [0m
[0.563s] [33mCMake Warning at CMakeLists.txt:94 (add_executable):
[0.563s]   Cannot generate a safe runtime search path for target
[0.564s]   base_arm_task_controller because there is a cycle in the constraint graph:
[0.564s] 
[0.564s]     dir 0 is [/usr/local/lib]
[0.564s]     dir 1 is [/opt/ros/humble/lib]
[0.564s]     dir 2 is [/opt/ros/humble/lib/x86_64-linux-gnu]
[0.564s]       dir 3 must precede it due to runtime library [libpinocchio_parsers.so.3.9.0]
[0.564s]     dir 3 is [/opt/openrobots/lib]
[0.564s]       dir 2 must precede it due to runtime library [libpinocchio_default.so.3.9.0]
[0.564s] 
[0.564s]   Some of these libraries may not be found correctly.
[0.564s] 
[0.564s] [0m
[0.566s] [33mCMake Warning at CMakeLists.txt:105 (add_executable):
[0.566s]   Cannot generate a safe runtime search path for target
[0.566s]   base_arm_task_controller_v2 because files in some directories may conflict
[0.566s]   with libraries in implicit directories:
[0.566s] 
[0.566s]     runtime library [liburdfdom_sensor.so.3.0] in /usr/lib/x86_64-linux-gnu may be hidden by files in:
[0.566s]       /opt/ros/humble/lib/x86_64-linux-gnu
[0.566s]     runtime library [liburdfdom_model_state.so.3.0] in /usr/lib/x86_64-linux-gnu may be hidden by files in:
[0.566s]       /opt/ros/humble/lib/x86_64-linux-gnu
[0.566s]     runtime library [liburdfdom_model.so.3.0] in /usr/lib/x86_64-linux-gnu may be hidden by files in:
[0.566s]       /opt/ros/humble/lib/x86_64-linux-gnu
[0.566s]     runtime library [liburdfdom_world.so.3.0] in /usr/lib/x86_64-linux-gnu may be hidden by files in:
[0.566s]       /opt/ros/humble/lib/x86_64-linux-gnu
[0.566s]     runtime library [liboctomap.so.1.9] in /usr/lib/x86_64-linux-gnu may be hidden by files in:
[0.566s]       /opt/ros/humble/lib/x86_64-linux-gnu
[0.566s]     runtime library [liboctomath.so.1.9] in /usr/lib/x86_64-linux-gnu may be hidden by files in:
[0.566s]       /opt/ros/humble/lib/x86_64-linux-gnu
[0.566s] 
[0.566s]   Some of these libraries may not be found correctly.
[0.566s] 
[0.566s] [0m
[0.566s] [33mCMake Warning at CMakeLists.txt:105 (add_executable):
[0.566s]   Cannot generate a safe runtime search path for target
[0.566s]   base_arm_task_controller_v2 because there is a cycle in the constraint
[0.566s]   graph:
[0.566s] 
[0.566s]     dir 0 is [/usr/local/lib]
[0.566s]     dir 1 is [/opt/ros/humble/lib]
[0.566s]     dir 2 is [/opt/ros/humble/lib/x86_64-linux-gnu]
[0.566s]       dir 3 must precede it due to runtime library [libpinocchio_parsers.so.3.9.0]
[0.566s]     dir 3 is [/opt/openrobots/lib]
[0.566s]       dir 2 must precede it due to runtime library [libpinocchio_default.so.3.9.0]
[0.566s] 
[0.566s]   Some of these libraries may not be found correctly.
[0.566s] 
[0.566s] [0m
[0.571s] [33mCMake Warning at CMakeLists.txt:129 (add_executable):
[0.571s]   Cannot generate a safe runtime search path for target pin_test because
[0.571s]   files in some directories may conflict with libraries in implicit
[0.571s]   directories:
[0.571s] 
[0.571s]     runtime library [liburdfdom_sensor.so.3.0] in /usr/lib/x86_64-linux-gnu may be hidden by files in:
[0.571s]       /opt/ros/humble/lib/x86_64-linux-gnu
[0.571s]     runtime library [liburdfdom_model_state.so.3.0] in /usr/lib/x86_64-linux-gnu may be hidden by files in:
[0.571s]       /opt/ros/humble/lib/x86_64-linux-gnu
[0.571s]     runtime library [liburdfdom_model.so.3.0] in /usr/lib/x86_64-linux-gnu may be hidden by files in:
[0.571s]       /opt/ros/humble/lib/x86_64-linux-gnu
[0.571s]     runtime library [liburdfdom_world.so.3.0] in /usr/lib/x86_64-linux-gnu may be hidden by files in:
[0.571s]       /opt/ros/humble/lib/x86_64-linux-gnu
[0.571s]     runtime library [liboctomap.so.1.9] in /usr/lib/x86_64-linux-gnu may be hidden by files in:
[0.571s]       /opt/ros/humble/lib/x86_64-linux-gnu
[0.571s]     runtime library [liboctomath.so.1.9] in /usr/lib/x86_64-linux-gnu may be hidden by files in:
[0.571s]       /opt/ros/humble/lib/x86_64-linux-gnu
[0.571s] 
[0.571s]   Some of these libraries may not be found correctly.
[0.571s] 
[0.571s] [0m
[0.571s] [33mCMake Warning at CMakeLists.txt:129 (add_executable):
[0.571s]   Cannot generate a safe runtime search path for target pin_test because
[0.571s]   there is a cycle in the constraint graph:
[0.571s] 
[0.571s]     dir 0 is [/opt/ros/humble/lib]
[0.571s]     dir 1 is [/opt/openrobots/lib]
[0.571s]       dir 2 must precede it due to runtime library [libpinocchio_default.so.3.9.0]
[0.571s]     dir 2 is [/opt/ros/humble/lib/x86_64-linux-gnu]
[0.571s]       dir 1 must precede it due to runtime library [libpinocchio_parsers.so.3.9.0]
[0.571s] 
[0.571s]   Some of these libraries may not be found correctly.
[0.571s] 
[0.572s] [0m
[0.578s] -- Generating done
[0.591s] -- Build files have been written to: /home/jin/harco/ecvt2_ws/build/ecvt2_controller
[0.597s] Invoked command in '/home/jin/harco/ecvt2_ws/build/ecvt2_controller' returned '0': CMAKE_PREFIX_PATH=${CMAKE_PREFIX_PATH}:/home/jin/harco/ecvt2_ws/install/ecvt2_sim:/opt/ros/humble /usr/bin/cmake /home/jin/harco/ecvt2_ws/ecvt2_controller -DAMENT_CMAKE_SYMLINK_INSTALL=1 -DCMAKE_INSTALL_PREFIX=/home/jin/harco/ecvt2_ws/install/ecvt2_controller
[0.597s] Invoking command in '/home/jin/harco/ecvt2_ws/build/ecvt2_controller': CMAKE_PREFIX_PATH=${CMAKE_PREFIX_PATH}:/home/jin/harco/ecvt2_ws/install/ecvt2_sim:/opt/ros/humble /usr/bin/cmake --build /home/jin/harco/ecvt2_ws/build/ecvt2_controller -- -j20 -l20
[0.625s] [35m[1mConsolidate compiler generated dependencies of target com_trajectory_publisher[0m
[0.625s] [35m[1mConsolidate compiler generated dependencies of target teleop_goal_publisher[0m
[0.626s] [35m[1mConsolidate compiler generated dependencies of target kdl_utils[0m
[0.626s] [35m[1mConsolidate compiler generated dependencies of target vp_sto_global_planner_node[0m
[0.626s] [35m[1mConsolidate compiler generated dependencies of target live_upper_dynamics_node[0m
[0.627s] [35m[1mConsolidate compiler generated dependencies of target wbc_hqp_lib[0m
[0.629s] [35m[1mConsolidate compiler generated dependencies of target vp_sto_paper_global_planner_node[0m
[0.635s] [  7%] Built target teleop_goal_publisher
[0.637s] [ 14%] Built target com_trajectory_publisher
[0.638s] [ 21%] Built target wbc_hqp_lib
[0.645s] [ 28%] Built target vp_sto_global_planner_node
[0.645s] [ 35%] Built target kdl_utils
[0.646s] [ 42%] Built target live_upper_dynamics_node
[0.647s] [ 50%] Built target vp_sto_paper_global_planner_node
[0.652s] [35m[1mConsolidate compiler generated dependencies of target base_opt_controller[0m
[0.652s] [35m[1mConsolidate compiler generated dependencies of target wbc_hqp_v3[0m
[0.652s] [35m[1mConsolidate compiler generated dependencies of target wbc_hqp[0m
[0.652s] [35m[1mConsolidate compiler generated dependencies of target base_arm_task_controller[0m
[0.652s] [35m[1mConsolidate compiler generated dependencies of target wbc_hqp_v2[0m
[0.652s] [35m[1mConsolidate compiler generated dependencies of target base_arm_task_controller_v2[0m
[0.653s] [35m[1mConsolidate compiler generated dependencies of target pin_test[0m
[0.663s] [ 71%] Built target base_arm_task_controller
[0.663s] [ 71%] Built target wbc_hqp_v3
[0.663s] [ 71%] Built target wbc_hqp_v2
[0.663s] [ 78%] Built target base_arm_task_controller_v2
[0.663s] [ 85%] Built target wbc_hqp
[0.667s] [ 92%] Built target base_opt_controller
[0.671s] [100%] Built target pin_test
[0.681s] Invoked command in '/home/jin/harco/ecvt2_ws/build/ecvt2_controller' returned '0': CMAKE_PREFIX_PATH=${CMAKE_PREFIX_PATH}:/home/jin/harco/ecvt2_ws/install/ecvt2_sim:/opt/ros/humble /usr/bin/cmake --build /home/jin/harco/ecvt2_ws/build/ecvt2_controller -- -j20 -l20
[0.682s] Invoking command in '/home/jin/harco/ecvt2_ws/build/ecvt2_controller': CMAKE_PREFIX_PATH=${CMAKE_PREFIX_PATH}:/home/jin/harco/ecvt2_ws/install/ecvt2_sim:/opt/ros/humble /usr/bin/cmake --install /home/jin/harco/ecvt2_ws/build/ecvt2_controller
[0.687s] -- Install configuration: ""
[0.687s] -- Execute custom install script
[0.688s] -- Up-to-date symlink: /home/jin/harco/ecvt2_ws/install/ecvt2_controller/lib/ecvt2_controller/teleop_goal_publisher
[0.688s] -- Up-to-date symlink: /home/jin/harco/ecvt2_ws/install/ecvt2_controller/lib/ecvt2_controller/live_upper_dynamics_node
[0.688s] -- Up-to-date symlink: /home/jin/harco/ecvt2_ws/install/ecvt2_controller/lib/ecvt2_controller/vp_sto_global_planner_node
[0.688s] -- Up-to-date symlink: /home/jin/harco/ecvt2_ws/install/ecvt2_controller/lib/ecvt2_controller/vp_sto_paper_global_planner_node
[0.688s] -- Up-to-date symlink: /home/jin/harco/ecvt2_ws/install/ecvt2_controller/include/ecvt2_controller/kdl_utils.hpp
[0.688s] -- Up-to-date symlink: /home/jin/harco/ecvt2_ws/install/ecvt2_controller/include/ecvt2_controller/wbc_hqp_lib.hpp
[0.689s] -- Up-to-date symlink: /home/jin/harco/ecvt2_ws/install/ecvt2_controller/lib/libkdl_utils.a
[0.689s] -- Up-to-date symlink: /home/jin/harco/ecvt2_ws/install/ecvt2_controller/lib/libwbc_hqp_lib.a
[0.689s] -- Up-to-date symlink: /home/jin/harco/ecvt2_ws/install/ecvt2_controller/lib/ecvt2_controller/base_opt_controller
[0.689s] -- Up-to-date symlink: /home/jin/harco/ecvt2_ws/install/ecvt2_controller/lib/ecvt2_controller/wbc_hqp
[0.689s] -- Up-to-date symlink: /home/jin/harco/ecvt2_ws/install/ecvt2_controller/lib/ecvt2_controller/wbc_hqp_v2
[0.689s] -- Up-to-date symlink: /home/jin/harco/ecvt2_ws/install/ecvt2_controller/lib/ecvt2_controller/wbc_hqp_v3
[0.689s] -- Up-to-date symlink: /home/jin/harco/ecvt2_ws/install/ecvt2_controller/lib/ecvt2_controller/base_arm_task_controller
[0.690s] -- Up-to-date symlink: /home/jin/harco/ecvt2_ws/install/ecvt2_controller/lib/ecvt2_controller/base_arm_task_controller_v2
[0.690s] -- Up-to-date symlink: /home/jin/harco/ecvt2_ws/install/ecvt2_controller/lib/ecvt2_controller/teleop_goal_publisher
[0.690s] -- Up-to-date symlink: /home/jin/harco/ecvt2_ws/install/ecvt2_controller/lib/ecvt2_controller/com_trajectory_publisher
[0.690s] -- Up-to-date symlink: /home/jin/harco/ecvt2_ws/install/ecvt2_controller/lib/ecvt2_controller/pin_test
[0.690s] -- Up-to-date symlink: /home/jin/harco/ecvt2_ws/install/ecvt2_controller/share/ament_index/resource_index/package_run_dependencies/ecvt2_controller
[0.690s] -- Up-to-date symlink: /home/jin/harco/ecvt2_ws/install/ecvt2_controller/share/ament_index/resource_index/parent_prefix_path/ecvt2_controller
[0.690s] -- Up-to-date symlink: /home/jin/harco/ecvt2_ws/install/ecvt2_controller/share/ecvt2_controller/environment/ament_prefix_path.sh
[0.690s] -- Up-to-date symlink: /home/jin/harco/ecvt2_ws/install/ecvt2_controller/share/ecvt2_controller/environment/ament_prefix_path.dsv
[0.691s] -- Up-to-date symlink: /home/jin/harco/ecvt2_ws/install/ecvt2_controller/share/ecvt2_controller/environment/path.sh
[0.691s] -- Up-to-date symlink: /home/jin/harco/ecvt2_ws/install/ecvt2_controller/share/ecvt2_controller/environment/path.dsv
[0.691s] -- Up-to-date symlink: /home/jin/harco/ecvt2_ws/install/ecvt2_controller/share/ecvt2_controller/local_setup.bash
[0.691s] -- Up-to-date symlink: /home/jin/harco/ecvt2_ws/install/ecvt2_controller/share/ecvt2_controller/local_setup.sh
[0.691s] -- Up-to-date symlink: /home/jin/harco/ecvt2_ws/install/ecvt2_controller/share/ecvt2_controller/local_setup.zsh
[0.691s] -- Up-to-date symlink: /home/jin/harco/ecvt2_ws/install/ecvt2_controller/share/ecvt2_controller/local_setup.dsv
[0.691s] -- Symlinking: /home/jin/harco/ecvt2_ws/install/ecvt2_controller/share/ecvt2_controller/package.dsv
[0.698s] -- Up-to-date symlink: /home/jin/harco/ecvt2_ws/install/ecvt2_controller/share/ament_index/resource_index/packages/ecvt2_controller
[0.698s] -- Up-to-date symlink: /home/jin/harco/ecvt2_ws/install/ecvt2_controller/share/ecvt2_controller/cmake/ecvt2_controllerConfig.cmake
[0.698s] -- Up-to-date symlink: /home/jin/harco/ecvt2_ws/install/ecvt2_controller/share/ecvt2_controller/cmake/ecvt2_controllerConfig-version.cmake
[0.698s] -- Up-to-date symlink: /home/jin/harco/ecvt2_ws/install/ecvt2_controller/share/ecvt2_controller/package.xml
[0.700s] Invoked command in '/home/jin/harco/ecvt2_ws/build/ecvt2_controller' returned '0': CMAKE_PREFIX_PATH=${CMAKE_PREFIX_PATH}:/home/jin/harco/ecvt2_ws/install/ecvt2_sim:/opt/ros/humble /usr/bin/cmake --install /home/jin/harco/ecvt2_ws/build/ecvt2_controller
