[0.122s] Invoking command in '/home/jin/harco/ecvt2_ws/build/forestry_robot_mjcf': CMAKE_PREFIX_PATH=${CMAKE_PREFIX_PATH}:/home/jin/harco/ecvt2_ws/install/ecvt2_sim:/opt/ros/humble /usr/bin/cmake --build /home/jin/harco/ecvt2_ws/build/forestry_robot_mjcf -- -j20 -l20
[0.150s] Invoked command in '/home/jin/harco/ecvt2_ws/build/forestry_robot_mjcf' returned '0': CMAKE_PREFIX_PATH=${CMAKE_PREFIX_PATH}:/home/jin/harco/ecvt2_ws/install/ecvt2_sim:/opt/ros/humble /usr/bin/cmake --build /home/jin/harco/ecvt2_ws/build/forestry_robot_mjcf -- -j20 -l20
[0.151s] Invoking command in '/home/jin/harco/ecvt2_ws/build/forestry_robot_mjcf': CMAKE_PREFIX_PATH=${CMAKE_PREFIX_PATH}:/home/jin/harco/ecvt2_ws/install/ecvt2_sim:/opt/ros/humble /usr/bin/cmake --install /home/jin/harco/ecvt2_ws/build/forestry_robot_mjcf
[0.155s] -- Install configuration: ""
[0.155s] -- Execute custom install script
[0.155s] -- Up-to-date symlink: /home/jin/harco/ecvt2_ws/install/forestry_robot_mjcf/share/forestry_robot_mjcf//asset/FL1.STL
[0.155s] -- Up-to-date symlink: /home/jin/harco/ecvt2_ws/install/forestry_robot_mjcf/share/forestry_robot_mjcf//asset/FL2.STL
[0.155s] -- Up-to-date symlink: /home/jin/harco/ecvt2_ws/install/forestry_robot_mjcf/share/forestry_robot_mjcf//asset/FL3.STL
[0.155s] -- Up-to-date symlink: /home/jin/harco/ecvt2_ws/install/forestry_robot_mjcf/share/forestry_robot_mjcf//asset/FL4.STL
[0.155s] -- Up-to-date symlink: /home/jin/harco/ecvt2_ws/install/forestry_robot_mjcf/share/forestry_robot_mjcf//asset/FL5.STL
[0.156s] -- Up-to-date symlink: /home/jin/harco/ecvt2_ws/install/forestry_robot_mjcf/share/forestry_robot_mjcf//asset/FLD02.STL
[0.156s] -- Up-to-date symlink: /home/jin/harco/ecvt2_ws/install/forestry_robot_mjcf/share/forestry_robot_mjcf//asset/FLD1.STL
[0.156s] -- Up-to-date symlink: /home/jin/harco/ecvt2_ws/install/forestry_robot_mjcf/share/forestry_robot_mjcf//asset/FLD12.STL
[0.156s] -- Up-to-date symlink: /home/jin/harco/ecvt2_ws/install/forestry_robot_mjcf/share/forestry_robot_mjcf//asset/FLD2.STL
[0.156s] -- Up-to-date symlink: /home/jin/harco/ecvt2_ws/install/forestry_robot_mjcf/share/forestry_robot_mjcf//asset/FLD4.STL
[0.156s] -- Up-to-date symlink: /home/jin/harco/ecvt2_ws/install/forestry_robot_mjcf/share/forestry_robot_mjcf//asset/FLW.STL
[0.156s] -- Up-to-date symlink: /home/jin/harco/ecvt2_ws/install/forestry_robot_mjcf/share/forestry_robot_mjcf//asset/FR1.STL
[0.156s] -- Up-to-date symlink: /home/jin/harco/ecvt2_ws/install/forestry_robot_mjcf/share/forestry_robot_mjcf//asset/FR2.STL
[0.156s] -- Up-to-date symlink: /home/jin/harco/ecvt2_ws/install/forestry_robot_mjcf/share/forestry_robot_mjcf//asset/FR3.STL
[0.156s] -- Up-to-date symlink: /home/jin/harco/ecvt2_ws/install/forestry_robot_mjcf/share/forestry_robot_mjcf//asset/FR4.STL
[0.156s] -- Up-to-date symlink: /home/jin/harco/ecvt2_ws/install/forestry_robot_mjcf/share/forestry_robot_mjcf//asset/FR5.STL
[0.156s] -- Up-to-date symlink: /home/jin/harco/ecvt2_ws/install/forestry_robot_mjcf/share/forestry_robot_mjcf//asset/FRD02.STL
[0.156s] -- Up-to-date symlink: /home/jin/harco/ecvt2_ws/install/forestry_robot_mjcf/share/forestry_robot_mjcf//asset/FRD1.STL
[0.156s] -- Up-to-date symlink: /home/jin/harco/ecvt2_ws/install/forestry_robot_mjcf/share/forestry_robot_mjcf//asset/FRD12.STL
[0.156s] -- Up-to-date symlink: /home/jin/harco/ecvt2_ws/install/forestry_robot_mjcf/share/forestry_robot_mjcf//asset/FRD2.STL
[0.156s] -- Up-to-date symlink: /home/jin/harco/ecvt2_ws/install/forestry_robot_mjcf/share/forestry_robot_mjcf//asset/FRD4.STL
[0.156s] -- Up-to-date symlink: /home/jin/harco/ecvt2_ws/install/forestry_robot_mjcf/share/forestry_robot_mjcf//asset/FRW.STL
[0.156s] -- Up-to-date symlink: /home/jin/harco/ecvt2_ws/install/forestry_robot_mjcf/share/forestry_robot_mjcf//asset/RL1.STL
[0.156s] -- Up-to-date symlink: /home/jin/harco/ecvt2_ws/install/forestry_robot_mjcf/share/forestry_robot_mjcf//asset/RL2.STL
[0.156s] -- Up-to-date symlink: /home/jin/harco/ecvt2_ws/install/forestry_robot_mjcf/share/forestry_robot_mjcf//asset/RL3.STL
[0.156s] -- Up-to-date symlink: /home/jin/harco/ecvt2_ws/install/forestry_robot_mjcf/share/forestry_robot_mjcf//asset/RL4.STL
[0.156s] -- Up-to-date symlink: /home/jin/harco/ecvt2_ws/install/forestry_robot_mjcf/share/forestry_robot_mjcf//asset/RL5.STL
[0.156s] -- Up-to-date symlink: /home/jin/harco/ecvt2_ws/install/forestry_robot_mjcf/share/forestry_robot_mjcf//asset/RLD02.STL
[0.156s] -- Up-to-date symlink: /home/jin/harco/ecvt2_ws/install/forestry_robot_mjcf/share/forestry_robot_mjcf//asset/RLD1.STL
[0.156s] -- Up-to-date symlink: /home/jin/harco/ecvt2_ws/install/forestry_robot_mjcf/share/forestry_robot_mjcf//asset/RLD12.STL
[0.156s] -- Up-to-date symlink: /home/jin/harco/ecvt2_ws/install/forestry_robot_mjcf/share/forestry_robot_mjcf//asset/RLD2.STL
[0.156s] -- Up-to-date symlink: /home/jin/harco/ecvt2_ws/install/forestry_robot_mjcf/share/forestry_robot_mjcf//asset/RLD4.STL
[0.157s] -- Up-to-date symlink: /home/jin/harco/ecvt2_ws/install/forestry_robot_mjcf/share/forestry_robot_mjcf//asset/RLW.STL
[0.157s] -- Up-to-date symlink: /home/jin/harco/ecvt2_ws/install/forestry_robot_mjcf/share/forestry_robot_mjcf//asset/RR1.STL
[0.157s] -- Up-to-date symlink: /home/jin/harco/ecvt2_ws/install/forestry_robot_mjcf/share/forestry_robot_mjcf//asset/RR2.STL
[0.157s] -- Up-to-date symlink: /home/jin/harco/ecvt2_ws/install/forestry_robot_mjcf/share/forestry_robot_mjcf//asset/RR3.STL
[0.157s] -- Up-to-date symlink: /home/jin/harco/ecvt2_ws/install/forestry_robot_mjcf/share/forestry_robot_mjcf//asset/RR4.STL
[0.157s] -- Up-to-date symlink: /home/jin/harco/ecvt2_ws/install/forestry_robot_mjcf/share/forestry_robot_mjcf//asset/RR5.STL
[0.157s] -- Up-to-date symlink: /home/jin/harco/ecvt2_ws/install/forestry_robot_mjcf/share/forestry_robot_mjcf//asset/RRD02.STL
[0.157s] -- Up-to-date symlink: /home/jin/harco/ecvt2_ws/install/forestry_robot_mjcf/share/forestry_robot_mjcf//asset/RRD1.STL
[0.157s] -- Up-to-date symlink: /home/jin/harco/ecvt2_ws/install/forestry_robot_mjcf/share/forestry_robot_mjcf//asset/RRD12.STL
[0.157s] -- Up-to-date symlink: /home/jin/harco/ecvt2_ws/install/forestry_robot_mjcf/share/forestry_robot_mjcf//asset/RRD2.STL
[0.157s] -- Up-to-date symlink: /home/jin/harco/ecvt2_ws/install/forestry_robot_mjcf/share/forestry_robot_mjcf//asset/RRD4.STL
[0.157s] -- Up-to-date symlink: /home/jin/harco/ecvt2_ws/install/forestry_robot_mjcf/share/forestry_robot_mjcf//asset/RRW.STL
[0.157s] -- Up-to-date symlink: /home/jin/harco/ecvt2_ws/install/forestry_robot_mjcf/share/forestry_robot_mjcf//asset/TOOL1.STL
[0.157s] -- Up-to-date symlink: /home/jin/harco/ecvt2_ws/install/forestry_robot_mjcf/share/forestry_robot_mjcf//asset/UP1.STL
[0.157s] -- Up-to-date symlink: /home/jin/harco/ecvt2_ws/install/forestry_robot_mjcf/share/forestry_robot_mjcf//asset/UP2.STL
[0.157s] -- Up-to-date symlink: /home/jin/harco/ecvt2_ws/install/forestry_robot_mjcf/share/forestry_robot_mjcf//asset/UP3.STL
[0.157s] -- Up-to-date symlink: /home/jin/harco/ecvt2_ws/install/forestry_robot_mjcf/share/forestry_robot_mjcf//asset/UP4.STL
[0.157s] -- Up-to-date symlink: /home/jin/harco/ecvt2_ws/install/forestry_robot_mjcf/share/forestry_robot_mjcf//asset/UP5.STL
[0.157s] -- Up-to-date symlink: /home/jin/harco/ecvt2_ws/install/forestry_robot_mjcf/share/forestry_robot_mjcf//asset/UP6.STL
[0.157s] -- Up-to-date symlink: /home/jin/harco/ecvt2_ws/install/forestry_robot_mjcf/share/forestry_robot_mjcf//asset/base_link.STL
[0.157s] -- Up-to-date symlink: /home/jin/harco/ecvt2_ws/install/forestry_robot_mjcf/share/forestry_robot_mjcf//xml/ecvt_v2.urdf
[0.157s] -- Up-to-date symlink: /home/jin/harco/ecvt2_ws/install/forestry_robot_mjcf/share/forestry_robot_mjcf//xml/ecvt_v2.xml
[0.157s] -- Up-to-date symlink: /home/jin/harco/ecvt2_ws/install/forestry_robot_mjcf/share/forestry_robot_mjcf//xml/ecvt_v2_simplify.urdf
[0.158s] -- Up-to-date symlink: /home/jin/harco/ecvt2_ws/install/forestry_robot_mjcf/share/forestry_robot_mjcf//xml/ecvt_v2_upper.urdf
[0.158s] -- Up-to-date symlink: /home/jin/harco/ecvt2_ws/install/forestry_robot_mjcf/share/forestry_robot_mjcf//xml/ecvt_v2_upper.xml
[0.158s] -- Up-to-date symlink: /home/jin/harco/ecvt2_ws/install/forestry_robot_mjcf/share/forestry_robot_mjcf//xml/scene.xml
[0.158s] -- Up-to-date symlink: /home/jin/harco/ecvt2_ws/install/forestry_robot_mjcf/share/forestry_robot_mjcf//xml/scene2.xml
[0.158s] -- Up-to-date symlink: /home/jin/harco/ecvt2_ws/install/forestry_robot_mjcf/share/forestry_robot_mjcf//xml/scene2_upper.xml
[0.158s] -- Up-to-date symlink: /home/jin/harco/ecvt2_ws/install/forestry_robot_mjcf/share/forestry_robot_mjcf//xml/simple_model_for_urdf.SLDASM_back.urdf
[0.158s] -- Up-to-date symlink: /home/jin/harco/ecvt2_ws/install/forestry_robot_mjcf/share/forestry_robot_mjcf//xml/test_scene.xml
[0.158s] -- Up-to-date symlink: /home/jin/harco/ecvt2_ws/install/forestry_robot_mjcf/share/forestry_robot_mjcf//xml/tire_test.xml
[0.158s] -- Up-to-date symlink: /home/jin/harco/ecvt2_ws/install/forestry_robot_mjcf/share/forestry_robot_mjcf/resource/forestry_robot_mjcf
[0.158s] -- Up-to-date symlink: /home/jin/harco/ecvt2_ws/install/forestry_robot_mjcf/share/ament_index/resource_index/package_run_dependencies/forestry_robot_mjcf
[0.158s] -- Up-to-date symlink: /home/jin/harco/ecvt2_ws/install/forestry_robot_mjcf/share/ament_index/resource_index/parent_prefix_path/forestry_robot_mjcf
[0.158s] -- Up-to-date symlink: /home/jin/harco/ecvt2_ws/install/forestry_robot_mjcf/share/forestry_robot_mjcf/environment/ament_prefix_path.sh
[0.158s] -- Up-to-date symlink: /home/jin/harco/ecvt2_ws/install/forestry_robot_mjcf/share/forestry_robot_mjcf/environment/ament_prefix_path.dsv
[0.158s] -- Up-to-date symlink: /home/jin/harco/ecvt2_ws/install/forestry_robot_mjcf/share/forestry_robot_mjcf/environment/path.sh
[0.158s] -- Up-to-date symlink: /home/jin/harco/ecvt2_ws/install/forestry_robot_mjcf/share/forestry_robot_mjcf/environment/path.dsv
[0.158s] -- Up-to-date symlink: /home/jin/harco/ecvt2_ws/install/forestry_robot_mjcf/share/forestry_robot_mjcf/local_setup.bash
[0.158s] -- Up-to-date symlink: /home/jin/harco/ecvt2_ws/install/forestry_robot_mjcf/share/forestry_robot_mjcf/local_setup.sh
[0.158s] -- Up-to-date symlink: /home/jin/harco/ecvt2_ws/install/forestry_robot_mjcf/share/forestry_robot_mjcf/local_setup.zsh
[0.159s] -- Up-to-date symlink: /home/jin/harco/ecvt2_ws/install/forestry_robot_mjcf/share/forestry_robot_mjcf/local_setup.dsv
[0.159s] -- Symlinking: /home/jin/harco/ecvt2_ws/install/forestry_robot_mjcf/share/forestry_robot_mjcf/package.dsv
[0.164s] -- Up-to-date symlink: /home/jin/harco/ecvt2_ws/install/forestry_robot_mjcf/share/ament_index/resource_index/packages/forestry_robot_mjcf
[0.164s] -- Up-to-date symlink: /home/jin/harco/ecvt2_ws/install/forestry_robot_mjcf/share/forestry_robot_mjcf/cmake/forestry_robot_mjcfConfig.cmake
[0.164s] -- Up-to-date symlink: /home/jin/harco/ecvt2_ws/install/forestry_robot_mjcf/share/forestry_robot_mjcf/cmake/forestry_robot_mjcfConfig-version.cmake
[0.164s] -- Up-to-date symlink: /home/jin/harco/ecvt2_ws/install/forestry_robot_mjcf/share/forestry_robot_mjcf/package.xml
[0.165s] Invoked command in '/home/jin/harco/ecvt2_ws/build/forestry_robot_mjcf' returned '0': CMAKE_PREFIX_PATH=${CMAKE_PREFIX_PATH}:/home/jin/harco/ecvt2_ws/install/ecvt2_sim:/opt/ros/humble /usr/bin/cmake --install /home/jin/harco/ecvt2_ws/build/forestry_robot_mjcf
