[0.088s] [34mcolcon[0m [1;30mDEBUG[0m [32mCommand line arguments: ['/usr/bin/colcon', 'build', '--symlink-install'][0m
[0.088s] [34mcolcon[0m [1;30mDEBUG[0m [32mParsed command line arguments: Namespace(log_base=None, log_level=None, verb_name='build', build_base='build', install_base='install', merge_install=False, symlink_install=True, test_result_base=None, continue_on_error=False, executor='parallel', parallel_workers=20, event_handlers=None, ignore_user_meta=False, metas=['./colcon.meta'], base_paths=['.'], packages_ignore=None, packages_ignore_regex=None, paths=None, packages_up_to=None, packages_up_to_regex=None, packages_above=None, packages_above_and_dependencies=None, packages_above_depth=None, packages_select_by_dep=None, packages_skip_by_dep=None, packages_skip_up_to=None, packages_select_build_failed=False, packages_skip_build_finished=False, packages_select_test_failures=False, packages_skip_test_passed=False, packages_select=None, packages_skip=None, packages_select_regex=None, packages_skip_regex=None, packages_start=None, packages_end=None, allow_overriding=[], cmake_args=None, cmake_target=None, cmake_target_skip_unavailable=False, cmake_clean_cache=False, cmake_clean_first=False, cmake_force_configure=False, ament_cmake_args=None, catkin_cmake_args=None, catkin_skip_building_tests=False, mixin_files=None, mixin=None, verb_parser=<colcon_mixin.mixin.mixin_argument.MixinArgumentDecorator object at 0x72d54f045d80>, verb_extension=<colcon_core.verb.build.BuildVerb object at 0x72d54f044ee0>, main=<bound method BuildVerb.main of <colcon_core.verb.build.BuildVerb object at 0x72d54f044ee0>>, mixin_verb=('build',))[0m
[0.114s] [34mcolcon.colcon_core.package_discovery[0m [1;30mLevel 1[0m discover_packages(colcon_meta) check parameters
[0.114s] [34mcolcon.colcon_core.package_discovery[0m [1;30mLevel 1[0m discover_packages(recursive) check parameters
[0.114s] [34mcolcon.colcon_core.package_discovery[0m [1;30mLevel 1[0m discover_packages(ignore) check parameters
[0.114s] [34mcolcon.colcon_core.package_discovery[0m [1;30mLevel 1[0m discover_packages(path) check parameters
[0.114s] [34mcolcon.colcon_core.package_discovery[0m [1;30mLevel 1[0m discover_packages(colcon_meta) discover
[0.114s] [34mcolcon.colcon_core.package_discovery[0m [1;30mLevel 1[0m discover_packages(recursive) discover
[0.114s] [34mcolcon.colcon_core.package_discovery[0m [1;30mINFO[0m Crawling recursively for packages in '/home/jin/harco/ecvt2_ws'
[0.114s] [34mcolcon.colcon_core.package_identification[0m [1;30mLevel 1[0m _identify(.) by extensions ['ignore', 'ignore_ament_install']
[0.114s] [34mcolcon.colcon_core.package_identification[0m [1;30mLevel 1[0m _identify(.) by extension 'ignore'
[0.114s] [34mcolcon.colcon_core.package_identification[0m [1;30mLevel 1[0m _identify(.) by extension 'ignore_ament_install'
[0.114s] [34mcolcon.colcon_core.package_identification[0m [1;30mLevel 1[0m _identify(.) by extensions ['colcon_pkg']
[0.114s] [34mcolcon.colcon_core.package_identification[0m [1;30mLevel 1[0m _identify(.) by extension 'colcon_pkg'
[0.114s] [34mcolcon.colcon_core.package_identification[0m [1;30mLevel 1[0m _identify(.) by extensions ['colcon_meta']
[0.114s] [34mcolcon.colcon_core.package_identification[0m [1;30mLevel 1[0m _identify(.) by extension 'colcon_meta'
[0.114s] [34mcolcon.colcon_core.package_identification[0m [1;30mLevel 1[0m _identify(.) by extensions ['ros']
[0.114s] [34mcolcon.colcon_core.package_identification[0m [1;30mLevel 1[0m _identify(.) by extension 'ros'
[0.131s] [34mcolcon.colcon_core.package_identification[0m [1;30mLevel 1[0m _identify(.) by extensions ['cmake', 'python']
[0.131s] [34mcolcon.colcon_core.package_identification[0m [1;30mLevel 1[0m _identify(.) by extension 'cmake'
[0.131s] [34mcolcon.colcon_core.package_identification[0m [1;30mLevel 1[0m _identify(.) by extension 'python'
[0.131s] [34mcolcon.colcon_core.package_identification[0m [1;30mLevel 1[0m _identify(.) by extensions ['python_setup_py']
[0.131s] [34mcolcon.colcon_core.package_identification[0m [1;30mLevel 1[0m _identify(.) by extension 'python_setup_py'
[0.131s] [34mcolcon.colcon_core.package_identification[0m [1;30mLevel 1[0m _identify(build) by extensions ['ignore', 'ignore_ament_install']
[0.132s] [34mcolcon.colcon_core.package_identification[0m [1;30mLevel 1[0m _identify(build) by extension 'ignore'
[0.132s] [34mcolcon.colcon_core.package_identification[0m [1;30mLevel 1[0m _identify(build) ignored
[0.132s] [34mcolcon.colcon_core.package_identification[0m [1;30mLevel 1[0m _identify(ecvt2_controller) by extensions ['ignore', 'ignore_ament_install']
[0.132s] [34mcolcon.colcon_core.package_identification[0m [1;30mLevel 1[0m _identify(ecvt2_controller) by extension 'ignore'
[0.132s] [34mcolcon.colcon_core.package_identification[0m [1;30mLevel 1[0m _identify(ecvt2_controller) by extension 'ignore_ament_install'
[0.132s] [34mcolcon.colcon_core.package_identification[0m [1;30mLevel 1[0m _identify(ecvt2_controller) by extensions ['colcon_pkg']
[0.132s] [34mcolcon.colcon_core.package_identification[0m [1;30mLevel 1[0m _identify(ecvt2_controller) by extension 'colcon_pkg'
[0.132s] [34mcolcon.colcon_core.package_identification[0m [1;30mLevel 1[0m _identify(ecvt2_controller) by extensions ['colcon_meta']
[0.132s] [34mcolcon.colcon_core.package_identification[0m [1;30mLevel 1[0m _identify(ecvt2_controller) by extension 'colcon_meta'
[0.132s] [34mcolcon.colcon_core.package_identification[0m [1;30mLevel 1[0m _identify(ecvt2_controller) by extensions ['ros']
[0.132s] [34mcolcon.colcon_core.package_identification[0m [1;30mLevel 1[0m _identify(ecvt2_controller) by extension 'ros'
[0.134s] [34mcolcon.colcon_core.package_identification[0m [1;30mDEBUG[0m [32mPackage 'ecvt2_controller' with type 'ros.ament_cmake' and name 'ecvt2_controller'[0m
[0.134s] [34mcolcon.colcon_core.package_identification[0m [1;30mLevel 1[0m _identify(ecvt2_mjcf_v2) by extensions ['ignore', 'ignore_ament_install']
[0.134s] [34mcolcon.colcon_core.package_identification[0m [1;30mLevel 1[0m _identify(ecvt2_mjcf_v2) by extension 'ignore'
[0.134s] [34mcolcon.colcon_core.package_identification[0m [1;30mLevel 1[0m _identify(ecvt2_mjcf_v2) by extension 'ignore_ament_install'
[0.134s] [34mcolcon.colcon_core.package_identification[0m [1;30mLevel 1[0m _identify(ecvt2_mjcf_v2) by extensions ['colcon_pkg']
[0.134s] [34mcolcon.colcon_core.package_identification[0m [1;30mLevel 1[0m _identify(ecvt2_mjcf_v2) by extension 'colcon_pkg'
[0.134s] [34mcolcon.colcon_core.package_identification[0m [1;30mLevel 1[0m _identify(ecvt2_mjcf_v2) by extensions ['colcon_meta']
[0.134s] [34mcolcon.colcon_core.package_identification[0m [1;30mLevel 1[0m _identify(ecvt2_mjcf_v2) by extension 'colcon_meta'
[0.134s] [34mcolcon.colcon_core.package_identification[0m [1;30mLevel 1[0m _identify(ecvt2_mjcf_v2) by extensions ['ros']
[0.134s] [34mcolcon.colcon_core.package_identification[0m [1;30mLevel 1[0m _identify(ecvt2_mjcf_v2) by extension 'ros'
[0.135s] [34mcolcon.colcon_core.package_identification[0m [1;30mDEBUG[0m [32mFailed to parse potential ROS package manifest in'ecvt2_mjcf_v2': Error(s) in package 'ecvt2_mjcf_v2/package.xml':
Package name "simple_model_for_urdf.SLDASM" does not follow naming conventions[0m
[0.135s] [34mcolcon.colcon_core.package_identification[0m [1;30mLevel 1[0m _identify(ecvt2_mjcf_v2) by extensions ['cmake', 'python']
[0.135s] [34mcolcon.colcon_core.package_identification[0m [1;30mLevel 1[0m _identify(ecvt2_mjcf_v2) by extension 'cmake'
[0.135s] [34mcolcon.colcon_core.package_identification[0m [1;30mLevel 1[0m _identify(ecvt2_mjcf_v2) by extension 'python'
[0.135s] [34mcolcon.colcon_core.package_identification[0m [1;30mLevel 1[0m _identify(ecvt2_mjcf_v2) by extensions ['python_setup_py']
[0.135s] [34mcolcon.colcon_core.package_identification[0m [1;30mLevel 1[0m _identify(ecvt2_mjcf_v2) by extension 'python_setup_py'
[0.135s] [34mcolcon.colcon_core.package_identification[0m [1;30mLevel 1[0m _identify(ecvt2_mjcf_v2/meshes) by extensions ['ignore', 'ignore_ament_install']
[0.135s] [34mcolcon.colcon_core.package_identification[0m [1;30mLevel 1[0m _identify(ecvt2_mjcf_v2/meshes) by extension 'ignore'
[0.135s] [34mcolcon.colcon_core.package_identification[0m [1;30mLevel 1[0m _identify(ecvt2_mjcf_v2/meshes) by extension 'ignore_ament_install'
[0.135s] [34mcolcon.colcon_core.package_identification[0m [1;30mLevel 1[0m _identify(ecvt2_mjcf_v2/meshes) by extensions ['colcon_pkg']
[0.135s] [34mcolcon.colcon_core.package_identification[0m [1;30mLevel 1[0m _identify(ecvt2_mjcf_v2/meshes) by extension 'colcon_pkg'
[0.135s] [34mcolcon.colcon_core.package_identification[0m [1;30mLevel 1[0m _identify(ecvt2_mjcf_v2/meshes) by extensions ['colcon_meta']
[0.135s] [34mcolcon.colcon_core.package_identification[0m [1;30mLevel 1[0m _identify(ecvt2_mjcf_v2/meshes) by extension 'colcon_meta'
[0.135s] [34mcolcon.colcon_core.package_identification[0m [1;30mLevel 1[0m _identify(ecvt2_mjcf_v2/meshes) by extensions ['ros']
[0.135s] [34mcolcon.colcon_core.package_identification[0m [1;30mLevel 1[0m _identify(ecvt2_mjcf_v2/meshes) by extension 'ros'
[0.135s] [34mcolcon.colcon_core.package_identification[0m [1;30mLevel 1[0m _identify(ecvt2_mjcf_v2/meshes) by extensions ['cmake', 'python']
[0.135s] [34mcolcon.colcon_core.package_identification[0m [1;30mLevel 1[0m _identify(ecvt2_mjcf_v2/meshes) by extension 'cmake'
[0.135s] [34mcolcon.colcon_core.package_identification[0m [1;30mLevel 1[0m _identify(ecvt2_mjcf_v2/meshes) by extension 'python'
[0.135s] [34mcolcon.colcon_core.package_identification[0m [1;30mLevel 1[0m _identify(ecvt2_mjcf_v2/meshes) by extensions ['python_setup_py']
[0.135s] [34mcolcon.colcon_core.package_identification[0m [1;30mLevel 1[0m _identify(ecvt2_mjcf_v2/meshes) by extension 'python_setup_py'
[0.136s] [34mcolcon.colcon_core.package_identification[0m [1;30mLevel 1[0m _identify(ecvt2_mjcf_v2/meshes/modified) by extensions ['ignore', 'ignore_ament_install']
[0.136s] [34mcolcon.colcon_core.package_identification[0m [1;30mLevel 1[0m _identify(ecvt2_mjcf_v2/meshes/modified) by extension 'ignore'
[0.136s] [34mcolcon.colcon_core.package_identification[0m [1;30mLevel 1[0m _identify(ecvt2_mjcf_v2/meshes/modified) by extension 'ignore_ament_install'
[0.136s] [34mcolcon.colcon_core.package_identification[0m [1;30mLevel 1[0m _identify(ecvt2_mjcf_v2/meshes/modified) by extensions ['colcon_pkg']
[0.136s] [34mcolcon.colcon_core.package_identification[0m [1;30mLevel 1[0m _identify(ecvt2_mjcf_v2/meshes/modified) by extension 'colcon_pkg'
[0.136s] [34mcolcon.colcon_core.package_identification[0m [1;30mLevel 1[0m _identify(ecvt2_mjcf_v2/meshes/modified) by extensions ['colcon_meta']
[0.136s] [34mcolcon.colcon_core.package_identification[0m [1;30mLevel 1[0m _identify(ecvt2_mjcf_v2/meshes/modified) by extension 'colcon_meta'
[0.136s] [34mcolcon.colcon_core.package_identification[0m [1;30mLevel 1[0m _identify(ecvt2_mjcf_v2/meshes/modified) by extensions ['ros']
[0.136s] [34mcolcon.colcon_core.package_identification[0m [1;30mLevel 1[0m _identify(ecvt2_mjcf_v2/meshes/modified) by extension 'ros'
[0.136s] [34mcolcon.colcon_core.package_identification[0m [1;30mLevel 1[0m _identify(ecvt2_mjcf_v2/meshes/modified) by extensions ['cmake', 'python']
[0.136s] [34mcolcon.colcon_core.package_identification[0m [1;30mLevel 1[0m _identify(ecvt2_mjcf_v2/meshes/modified) by extension 'cmake'
[0.136s] [34mcolcon.colcon_core.package_identification[0m [1;30mLevel 1[0m _identify(ecvt2_mjcf_v2/meshes/modified) by extension 'python'
[0.136s] [34mcolcon.colcon_core.package_identification[0m [1;30mLevel 1[0m _identify(ecvt2_mjcf_v2/meshes/modified) by extensions ['python_setup_py']
[0.136s] [34mcolcon.colcon_core.package_identification[0m [1;30mLevel 1[0m _identify(ecvt2_mjcf_v2/meshes/modified) by extension 'python_setup_py'
[0.136s] [34mcolcon.colcon_core.package_identification[0m [1;30mLevel 1[0m _identify(ecvt2_mjcf_v2/meshes/origin) by extensions ['ignore', 'ignore_ament_install']
[0.136s] [34mcolcon.colcon_core.package_identification[0m [1;30mLevel 1[0m _identify(ecvt2_mjcf_v2/meshes/origin) by extension 'ignore'
[0.136s] [34mcolcon.colcon_core.package_identification[0m [1;30mLevel 1[0m _identify(ecvt2_mjcf_v2/meshes/origin) by extension 'ignore_ament_install'
[0.136s] [34mcolcon.colcon_core.package_identification[0m [1;30mLevel 1[0m _identify(ecvt2_mjcf_v2/meshes/origin) by extensions ['colcon_pkg']
[0.136s] [34mcolcon.colcon_core.package_identification[0m [1;30mLevel 1[0m _identify(ecvt2_mjcf_v2/meshes/origin) by extension 'colcon_pkg'
[0.136s] [34mcolcon.colcon_core.package_identification[0m [1;30mLevel 1[0m _identify(ecvt2_mjcf_v2/meshes/origin) by extensions ['colcon_meta']
[0.136s] [34mcolcon.colcon_core.package_identification[0m [1;30mLevel 1[0m _identify(ecvt2_mjcf_v2/meshes/origin) by extension 'colcon_meta'
[0.136s] [34mcolcon.colcon_core.package_identification[0m [1;30mLevel 1[0m _identify(ecvt2_mjcf_v2/meshes/origin) by extensions ['ros']
[0.136s] [34mcolcon.colcon_core.package_identification[0m [1;30mLevel 1[0m _identify(ecvt2_mjcf_v2/meshes/origin) by extension 'ros'
[0.136s] [34mcolcon.colcon_core.package_identification[0m [1;30mLevel 1[0m _identify(ecvt2_mjcf_v2/meshes/origin) by extensions ['cmake', 'python']
[0.136s] [34mcolcon.colcon_core.package_identification[0m [1;30mLevel 1[0m _identify(ecvt2_mjcf_v2/meshes/origin) by extension 'cmake'
[0.136s] [34mcolcon.colcon_core.package_identification[0m [1;30mLevel 1[0m _identify(ecvt2_mjcf_v2/meshes/origin) by extension 'python'
[0.136s] [34mcolcon.colcon_core.package_identification[0m [1;30mLevel 1[0m _identify(ecvt2_mjcf_v2/meshes/origin) by extensions ['python_setup_py']
[0.136s] [34mcolcon.colcon_core.package_identification[0m [1;30mLevel 1[0m _identify(ecvt2_mjcf_v2/meshes/origin) by extension 'python_setup_py'
[0.136s] [34mcolcon.colcon_core.package_identification[0m [1;30mLevel 1[0m _identify(ecvt2_sim) by extensions ['ignore', 'ignore_ament_install']
[0.136s] [34mcolcon.colcon_core.package_identification[0m [1;30mLevel 1[0m _identify(ecvt2_sim) by extension 'ignore'
[0.136s] [34mcolcon.colcon_core.package_identification[0m [1;30mLevel 1[0m _identify(ecvt2_sim) by extension 'ignore_ament_install'
[0.136s] [34mcolcon.colcon_core.package_identification[0m [1;30mLevel 1[0m _identify(ecvt2_sim) by extensions ['colcon_pkg']
[0.136s] [34mcolcon.colcon_core.package_identification[0m [1;30mLevel 1[0m _identify(ecvt2_sim) by extension 'colcon_pkg'
[0.137s] [34mcolcon.colcon_core.package_identification[0m [1;30mLevel 1[0m _identify(ecvt2_sim) by extensions ['colcon_meta']
[0.137s] [34mcolcon.colcon_core.package_identification[0m [1;30mLevel 1[0m _identify(ecvt2_sim) by extension 'colcon_meta'
[0.137s] [34mcolcon.colcon_core.package_identification[0m [1;30mLevel 1[0m _identify(ecvt2_sim) by extensions ['ros']
[0.137s] [34mcolcon.colcon_core.package_identification[0m [1;30mLevel 1[0m _identify(ecvt2_sim) by extension 'ros'
[0.137s] [34mcolcon.colcon_core.package_identification[0m [1;30mDEBUG[0m [32mPackage 'ecvt2_sim' with type 'ros.ament_python' and name 'ecvt2_sim'[0m
[0.137s] [34mcolcon.colcon_core.package_identification[0m [1;30mLevel 1[0m _identify(forestry_robot_mjcf) by extensions ['ignore', 'ignore_ament_install']
[0.137s] [34mcolcon.colcon_core.package_identification[0m [1;30mLevel 1[0m _identify(forestry_robot_mjcf) by extension 'ignore'
[0.137s] [34mcolcon.colcon_core.package_identification[0m [1;30mLevel 1[0m _identify(forestry_robot_mjcf) by extension 'ignore_ament_install'
[0.137s] [34mcolcon.colcon_core.package_identification[0m [1;30mLevel 1[0m _identify(forestry_robot_mjcf) by extensions ['colcon_pkg']
[0.138s] [34mcolcon.colcon_core.package_identification[0m [1;30mLevel 1[0m _identify(forestry_robot_mjcf) by extension 'colcon_pkg'
[0.138s] [34mcolcon.colcon_core.package_identification[0m [1;30mLevel 1[0m _identify(forestry_robot_mjcf) by extensions ['colcon_meta']
[0.138s] [34mcolcon.colcon_core.package_identification[0m [1;30mLevel 1[0m _identify(forestry_robot_mjcf) by extension 'colcon_meta'
[0.138s] [34mcolcon.colcon_core.package_identification[0m [1;30mLevel 1[0m _identify(forestry_robot_mjcf) by extensions ['ros']
[0.138s] [34mcolcon.colcon_core.package_identification[0m [1;30mLevel 1[0m _identify(forestry_robot_mjcf) by extension 'ros'
[0.138s] [34mcolcon.colcon_core.package_identification[0m [1;30mDEBUG[0m [32mPackage 'forestry_robot_mjcf' with type 'ros.ament_cmake' and name 'forestry_robot_mjcf'[0m
[0.138s] [34mcolcon.colcon_core.package_identification[0m [1;30mLevel 1[0m _identify(install) by extensions ['ignore', 'ignore_ament_install']
[0.138s] [34mcolcon.colcon_core.package_identification[0m [1;30mLevel 1[0m _identify(install) by extension 'ignore'
[0.138s] [34mcolcon.colcon_core.package_identification[0m [1;30mLevel 1[0m _identify(install) ignored
[0.138s] [34mcolcon.colcon_core.package_identification[0m [1;30mLevel 1[0m _identify(log) by extensions ['ignore', 'ignore_ament_install']
[0.139s] [34mcolcon.colcon_core.package_identification[0m [1;30mLevel 1[0m _identify(log) by extension 'ignore'
[0.139s] [34mcolcon.colcon_core.package_identification[0m [1;30mLevel 1[0m _identify(log) ignored
[0.139s] [34mcolcon.colcon_core.package_identification[0m [1;30mLevel 1[0m _identify(passive_joint_figures) by extensions ['ignore', 'ignore_ament_install']
[0.139s] [34mcolcon.colcon_core.package_identification[0m [1;30mLevel 1[0m _identify(passive_joint_figures) by extension 'ignore'
[0.139s] [34mcolcon.colcon_core.package_identification[0m [1;30mLevel 1[0m _identify(passive_joint_figures) by extension 'ignore_ament_install'
[0.139s] [34mcolcon.colcon_core.package_identification[0m [1;30mLevel 1[0m _identify(passive_joint_figures) by extensions ['colcon_pkg']
[0.139s] [34mcolcon.colcon_core.package_identification[0m [1;30mLevel 1[0m _identify(passive_joint_figures) by extension 'colcon_pkg'
[0.139s] [34mcolcon.colcon_core.package_identification[0m [1;30mLevel 1[0m _identify(passive_joint_figures) by extensions ['colcon_meta']
[0.139s] [34mcolcon.colcon_core.package_identification[0m [1;30mLevel 1[0m _identify(passive_joint_figures) by extension 'colcon_meta'
[0.139s] [34mcolcon.colcon_core.package_identification[0m [1;30mLevel 1[0m _identify(passive_joint_figures) by extensions ['ros']
[0.139s] [34mcolcon.colcon_core.package_identification[0m [1;30mLevel 1[0m _identify(passive_joint_figures) by extension 'ros'
[0.139s] [34mcolcon.colcon_core.package_identification[0m [1;30mLevel 1[0m _identify(passive_joint_figures) by extensions ['cmake', 'python']
[0.139s] [34mcolcon.colcon_core.package_identification[0m [1;30mLevel 1[0m _identify(passive_joint_figures) by extension 'cmake'
[0.139s] [34mcolcon.colcon_core.package_identification[0m [1;30mLevel 1[0m _identify(passive_joint_figures) by extension 'python'
[0.139s] [34mcolcon.colcon_core.package_identification[0m [1;30mLevel 1[0m _identify(passive_joint_figures) by extensions ['python_setup_py']
[0.139s] [34mcolcon.colcon_core.package_identification[0m [1;30mLevel 1[0m _identify(passive_joint_figures) by extension 'python_setup_py'
[0.139s] [34mcolcon.colcon_core.package_discovery[0m [1;30mLevel 1[0m discover_packages(recursive) using defaults
[0.139s] [34mcolcon.colcon_core.package_discovery[0m [1;30mLevel 1[0m discover_packages(ignore) discover
[0.139s] [34mcolcon.colcon_core.package_discovery[0m [1;30mLevel 1[0m discover_packages(ignore) using defaults
[0.139s] [34mcolcon.colcon_core.package_discovery[0m [1;30mLevel 1[0m discover_packages(path) discover
[0.139s] [34mcolcon.colcon_core.package_discovery[0m [1;30mLevel 1[0m discover_packages(path) using defaults
[0.151s] [34mcolcon.colcon_core.package_discovery[0m [1;30mLevel 1[0m discover_packages(prefix_path) check parameters
[0.151s] [34mcolcon.colcon_core.package_discovery[0m [1;30mLevel 1[0m discover_packages(prefix_path) discover
[0.152s] [34mcolcon.colcon_installed_package_information.package_discovery[0m [1;30mDEBUG[0m [32mFound 3 installed packages in /home/jin/harco/ecvt2_ws/install[0m
[0.153s] [34mcolcon.colcon_installed_package_information.package_discovery[0m [1;30mDEBUG[0m [32mFound 291 installed packages in /opt/ros/humble[0m
[0.154s] [34mcolcon.colcon_core.package_discovery[0m [1;30mLevel 1[0m discover_packages(prefix_path) using defaults
[0.187s] [34mcolcon.colcon_core.verb[0m [1;30mLevel 5[0m set package 'ecvt2_controller' build argument 'cmake_args' from command line to 'None'
[0.187s] [34mcolcon.colcon_core.verb[0m [1;30mLevel 5[0m set package 'ecvt2_controller' build argument 'cmake_target' from command line to 'None'
[0.187s] [34mcolcon.colcon_core.verb[0m [1;30mLevel 5[0m set package 'ecvt2_controller' build argument 'cmake_target_skip_unavailable' from command line to 'False'
[0.187s] [34mcolcon.colcon_core.verb[0m [1;30mLevel 5[0m set package 'ecvt2_controller' build argument 'cmake_clean_cache' from command line to 'False'
[0.187s] [34mcolcon.colcon_core.verb[0m [1;30mLevel 5[0m set package 'ecvt2_controller' build argument 'cmake_clean_first' from command line to 'False'
[0.187s] [34mcolcon.colcon_core.verb[0m [1;30mLevel 5[0m set package 'ecvt2_controller' build argument 'cmake_force_configure' from command line to 'False'
[0.187s] [34mcolcon.colcon_core.verb[0m [1;30mLevel 5[0m set package 'ecvt2_controller' build argument 'ament_cmake_args' from command line to 'None'
[0.187s] [34mcolcon.colcon_core.verb[0m [1;30mLevel 5[0m set package 'ecvt2_controller' build argument 'catkin_cmake_args' from command line to 'None'
[0.187s] [34mcolcon.colcon_core.verb[0m [1;30mLevel 5[0m set package 'ecvt2_controller' build argument 'catkin_skip_building_tests' from command line to 'False'
[0.187s] [34mcolcon.colcon_core.verb[0m [1;30mDEBUG[0m [32mBuilding package 'ecvt2_controller' with the following arguments: {'ament_cmake_args': None, 'build_base': '/home/jin/harco/ecvt2_ws/build/ecvt2_controller', 'catkin_cmake_args': None, 'catkin_skip_building_tests': False, 'cmake_args': None, 'cmake_clean_cache': False, 'cmake_clean_first': False, 'cmake_force_configure': False, 'cmake_target': None, 'cmake_target_skip_unavailable': False, 'install_base': '/home/jin/harco/ecvt2_ws/install/ecvt2_controller', 'merge_install': False, 'path': '/home/jin/harco/ecvt2_ws/ecvt2_controller', 'symlink_install': True, 'test_result_base': None}[0m
[0.188s] [34mcolcon.colcon_core.verb[0m [1;30mLevel 5[0m set package 'ecvt2_sim' build argument 'cmake_args' from command line to 'None'
[0.188s] [34mcolcon.colcon_core.verb[0m [1;30mLevel 5[0m set package 'ecvt2_sim' build argument 'cmake_target' from command line to 'None'
[0.188s] [34mcolcon.colcon_core.verb[0m [1;30mLevel 5[0m set package 'ecvt2_sim' build argument 'cmake_target_skip_unavailable' from command line to 'False'
[0.188s] [34mcolcon.colcon_core.verb[0m [1;30mLevel 5[0m set package 'ecvt2_sim' build argument 'cmake_clean_cache' from command line to 'False'
[0.188s] [34mcolcon.colcon_core.verb[0m [1;30mLevel 5[0m set package 'ecvt2_sim' build argument 'cmake_clean_first' from command line to 'False'
[0.188s] [34mcolcon.colcon_core.verb[0m [1;30mLevel 5[0m set package 'ecvt2_sim' build argument 'cmake_force_configure' from command line to 'False'
[0.188s] [34mcolcon.colcon_core.verb[0m [1;30mLevel 5[0m set package 'ecvt2_sim' build argument 'ament_cmake_args' from command line to 'None'
[0.188s] [34mcolcon.colcon_core.verb[0m [1;30mLevel 5[0m set package 'ecvt2_sim' build argument 'catkin_cmake_args' from command line to 'None'
[0.188s] [34mcolcon.colcon_core.verb[0m [1;30mLevel 5[0m set package 'ecvt2_sim' build argument 'catkin_skip_building_tests' from command line to 'False'
[0.188s] [34mcolcon.colcon_core.verb[0m [1;30mDEBUG[0m [32mBuilding package 'ecvt2_sim' with the following arguments: {'ament_cmake_args': None, 'build_base': '/home/jin/harco/ecvt2_ws/build/ecvt2_sim', 'catkin_cmake_args': None, 'catkin_skip_building_tests': False, 'cmake_args': None, 'cmake_clean_cache': False, 'cmake_clean_first': False, 'cmake_force_configure': False, 'cmake_target': None, 'cmake_target_skip_unavailable': False, 'install_base': '/home/jin/harco/ecvt2_ws/install/ecvt2_sim', 'merge_install': False, 'path': '/home/jin/harco/ecvt2_ws/ecvt2_sim', 'symlink_install': True, 'test_result_base': None}[0m
[0.188s] [34mcolcon.colcon_core.verb[0m [1;30mLevel 5[0m set package 'forestry_robot_mjcf' build argument 'cmake_args' from command line to 'None'
[0.188s] [34mcolcon.colcon_core.verb[0m [1;30mLevel 5[0m set package 'forestry_robot_mjcf' build argument 'cmake_target' from command line to 'None'
[0.188s] [34mcolcon.colcon_core.verb[0m [1;30mLevel 5[0m set package 'forestry_robot_mjcf' build argument 'cmake_target_skip_unavailable' from command line to 'False'
[0.188s] [34mcolcon.colcon_core.verb[0m [1;30mLevel 5[0m set package 'forestry_robot_mjcf' build argument 'cmake_clean_cache' from command line to 'False'
[0.188s] [34mcolcon.colcon_core.verb[0m [1;30mLevel 5[0m set package 'forestry_robot_mjcf' build argument 'cmake_clean_first' from command line to 'False'
[0.188s] [34mcolcon.colcon_core.verb[0m [1;30mLevel 5[0m set package 'forestry_robot_mjcf' build argument 'cmake_force_configure' from command line to 'False'
[0.188s] [34mcolcon.colcon_core.verb[0m [1;30mLevel 5[0m set package 'forestry_robot_mjcf' build argument 'ament_cmake_args' from command line to 'None'
[0.188s] [34mcolcon.colcon_core.verb[0m [1;30mLevel 5[0m set package 'forestry_robot_mjcf' build argument 'catkin_cmake_args' from command line to 'None'
[0.188s] [34mcolcon.colcon_core.verb[0m [1;30mLevel 5[0m set package 'forestry_robot_mjcf' build argument 'catkin_skip_building_tests' from command line to 'False'
[0.188s] [34mcolcon.colcon_core.verb[0m [1;30mDEBUG[0m [32mBuilding package 'forestry_robot_mjcf' with the following arguments: {'ament_cmake_args': None, 'build_base': '/home/jin/harco/ecvt2_ws/build/forestry_robot_mjcf', 'catkin_cmake_args': None, 'catkin_skip_building_tests': False, 'cmake_args': None, 'cmake_clean_cache': False, 'cmake_clean_first': False, 'cmake_force_configure': False, 'cmake_target': None, 'cmake_target_skip_unavailable': False, 'install_base': '/home/jin/harco/ecvt2_ws/install/forestry_robot_mjcf', 'merge_install': False, 'path': '/home/jin/harco/ecvt2_ws/forestry_robot_mjcf', 'symlink_install': True, 'test_result_base': None}[0m
[0.188s] [34mcolcon.colcon_core.executor[0m [1;30mINFO[0m Executing jobs using 'parallel' executor
[0.189s] [34mcolcon.colcon_parallel_executor.executor.parallel[0m [1;30mDEBUG[0m [32mrun_until_complete[0m
[0.189s] [34mcolcon.colcon_ros.task.ament_cmake.build[0m [1;30mINFO[0m Building ROS package in '/home/jin/harco/ecvt2_ws/ecvt2_controller' with build type 'ament_cmake'
[0.189s] [34mcolcon.colcon_cmake.task.cmake.build[0m [1;30mINFO[0m Building CMake package in '/home/jin/harco/ecvt2_ws/ecvt2_controller'
[0.190s] [34mcolcon.colcon_core.plugin_system[0m [1;30mINFO[0m Skipping extension 'colcon_core.shell.bat': Not used on non-Windows systems
[0.191s] [34mcolcon.colcon_core.shell[0m [1;30mINFO[0m Skip shell extension 'powershell' for command environment: Not usable outside of PowerShell
[0.191s] [34mcolcon.colcon_core.shell[0m [1;30mDEBUG[0m [32mSkip shell extension 'dsv' for command environment[0m
[0.193s] [34mcolcon.colcon_ros.task.ament_python.build[0m [1;30mINFO[0m Building ROS package in '/home/jin/harco/ecvt2_ws/ecvt2_sim' with build type 'ament_python'
[0.193s] [34mcolcon.colcon_core.shell[0m [1;30mLevel 1[0m create_environment_hook('ecvt2_sim', 'ament_prefix_path')
[0.193s] [34mcolcon.colcon_core.shell[0m [1;30mINFO[0m Creating environment hook '/home/jin/harco/ecvt2_ws/install/ecvt2_sim/share/ecvt2_sim/hook/ament_prefix_path.ps1'
[0.194s] [34mcolcon.colcon_core.shell[0m [1;30mINFO[0m Creating environment descriptor '/home/jin/harco/ecvt2_ws/install/ecvt2_sim/share/ecvt2_sim/hook/ament_prefix_path.dsv'
[0.194s] [34mcolcon.colcon_core.shell[0m [1;30mINFO[0m Creating environment hook '/home/jin/harco/ecvt2_ws/install/ecvt2_sim/share/ecvt2_sim/hook/ament_prefix_path.sh'
[0.195s] [34mcolcon.colcon_core.shell[0m [1;30mINFO[0m Skip shell extension 'powershell' for command environment: Not usable outside of PowerShell
[0.195s] [34mcolcon.colcon_core.shell[0m [1;30mDEBUG[0m [32mSkip shell extension 'dsv' for command environment[0m
[0.197s] [34mcolcon.colcon_ros.task.ament_cmake.build[0m [1;30mINFO[0m Building ROS package in '/home/jin/harco/ecvt2_ws/forestry_robot_mjcf' with build type 'ament_cmake'
[0.197s] [34mcolcon.colcon_cmake.task.cmake.build[0m [1;30mINFO[0m Building CMake package in '/home/jin/harco/ecvt2_ws/forestry_robot_mjcf'
[0.197s] [34mcolcon.colcon_core.shell[0m [1;30mINFO[0m Skip shell extension 'powershell' for command environment: Not usable outside of PowerShell
[0.197s] [34mcolcon.colcon_core.shell[0m [1;30mDEBUG[0m [32mSkip shell extension 'dsv' for command environment[0m
[0.204s] [34mcolcon.colcon_core.event_handler.log_command[0m [1;30mDEBUG[0m [32mInvoking command in '/home/jin/harco/ecvt2_ws/build/ecvt2_controller': CMAKE_PREFIX_PATH=${CMAKE_PREFIX_PATH}:/home/jin/harco/ecvt2_ws/install/ecvt2_sim:/opt/ros/humble /usr/bin/cmake /home/jin/harco/ecvt2_ws/ecvt2_controller -DAMENT_CMAKE_SYMLINK_INSTALL=1 -DCMAKE_INSTALL_PREFIX=/home/jin/harco/ecvt2_ws/install/ecvt2_controller[0m
[0.429s] [34mcolcon.colcon_core.task.python.build[0m [1;30mINFO[0m Building Python package in '/home/jin/harco/ecvt2_ws/ecvt2_sim'
[0.431s] [34mcolcon.colcon_core.shell[0m [1;30mINFO[0m Skip shell extension 'powershell' for command environment: Not usable outside of PowerShell
[0.431s] [34mcolcon.colcon_core.shell[0m [1;30mDEBUG[0m [32mSkip shell extension 'dsv' for command environment[0m
[0.448s] [34mcolcon.colcon_core.event_handler.log_command[0m [1;30mDEBUG[0m [32mInvoking command in '/home/jin/harco/ecvt2_ws/build/forestry_robot_mjcf': CMAKE_PREFIX_PATH=${CMAKE_PREFIX_PATH}:/home/jin/harco/ecvt2_ws/install/ecvt2_sim:/opt/ros/humble /usr/bin/cmake --build /home/jin/harco/ecvt2_ws/build/forestry_robot_mjcf -- -j20 -l20[0m
[0.509s] [34mcolcon.colcon_core.event_handler.log_command[0m [1;30mDEBUG[0m [32mInvoked command in '/home/jin/harco/ecvt2_ws/build/forestry_robot_mjcf' returned '0': CMAKE_PREFIX_PATH=${CMAKE_PREFIX_PATH}:/home/jin/harco/ecvt2_ws/install/ecvt2_sim:/opt/ros/humble /usr/bin/cmake --build /home/jin/harco/ecvt2_ws/build/forestry_robot_mjcf -- -j20 -l20[0m
[0.523s] [34mcolcon.colcon_core.event_handler.log_command[0m [1;30mDEBUG[0m [32mInvoking command in '/home/jin/harco/ecvt2_ws/build/forestry_robot_mjcf': CMAKE_PREFIX_PATH=${CMAKE_PREFIX_PATH}:/home/jin/harco/ecvt2_ws/install/ecvt2_sim:/opt/ros/humble /usr/bin/cmake --install /home/jin/harco/ecvt2_ws/build/forestry_robot_mjcf[0m
[0.571s] [34mcolcon.colcon_core.environment[0m [1;30mLevel 1[0m create_environment_scripts_only(forestry_robot_mjcf)
[0.573s] [34mcolcon.colcon_core.event_handler.log_command[0m [1;30mDEBUG[0m [32mInvoked command in '/home/jin/harco/ecvt2_ws/build/forestry_robot_mjcf' returned '0': CMAKE_PREFIX_PATH=${CMAKE_PREFIX_PATH}:/home/jin/harco/ecvt2_ws/install/ecvt2_sim:/opt/ros/humble /usr/bin/cmake --install /home/jin/harco/ecvt2_ws/build/forestry_robot_mjcf[0m
[0.582s] [34mcolcon.colcon_core.environment[0m [1;30mLevel 1[0m checking '/home/jin/harco/ecvt2_ws/install/forestry_robot_mjcf' for CMake module files
[0.583s] [34mcolcon.colcon_core.environment[0m [1;30mLevel 1[0m checking '/home/jin/harco/ecvt2_ws/install/forestry_robot_mjcf' for CMake config files
[0.584s] [34mcolcon.colcon_core.shell[0m [1;30mLevel 1[0m create_environment_hook('forestry_robot_mjcf', 'cmake_prefix_path')
[0.584s] [34mcolcon.colcon_core.shell[0m [1;30mINFO[0m Creating environment hook '/home/jin/harco/ecvt2_ws/install/forestry_robot_mjcf/share/forestry_robot_mjcf/hook/cmake_prefix_path.ps1'
[0.585s] [34mcolcon.colcon_core.shell[0m [1;30mINFO[0m Creating environment descriptor '/home/jin/harco/ecvt2_ws/install/forestry_robot_mjcf/share/forestry_robot_mjcf/hook/cmake_prefix_path.dsv'
[0.586s] [34mcolcon.colcon_core.shell[0m [1;30mINFO[0m Creating environment hook '/home/jin/harco/ecvt2_ws/install/forestry_robot_mjcf/share/forestry_robot_mjcf/hook/cmake_prefix_path.sh'
[0.587s] [34mcolcon.colcon_core.environment[0m [1;30mLevel 1[0m checking '/home/jin/harco/ecvt2_ws/install/forestry_robot_mjcf/bin'
[0.587s] [34mcolcon.colcon_core.environment[0m [1;30mLevel 1[0m checking '/home/jin/harco/ecvt2_ws/install/forestry_robot_mjcf/lib/pkgconfig/forestry_robot_mjcf.pc'
[0.588s] [34mcolcon.colcon_core.environment[0m [1;30mLevel 1[0m checking '/home/jin/harco/ecvt2_ws/install/forestry_robot_mjcf/lib/python3.10/site-packages'
[0.588s] [34mcolcon.colcon_core.environment[0m [1;30mLevel 1[0m checking '/home/jin/harco/ecvt2_ws/install/forestry_robot_mjcf/bin'
[0.589s] [34mcolcon.colcon_core.shell[0m [1;30mINFO[0m Creating package script '/home/jin/harco/ecvt2_ws/install/forestry_robot_mjcf/share/forestry_robot_mjcf/package.ps1'
[0.590s] [34mcolcon.colcon_core.shell[0m [1;30mINFO[0m Creating package descriptor '/home/jin/harco/ecvt2_ws/install/forestry_robot_mjcf/share/forestry_robot_mjcf/package.dsv'
[0.591s] [34mcolcon.colcon_core.shell[0m [1;30mINFO[0m Creating package script '/home/jin/harco/ecvt2_ws/install/forestry_robot_mjcf/share/forestry_robot_mjcf/package.sh'
[0.594s] [34mcolcon.colcon_core.shell[0m [1;30mINFO[0m Creating package script '/home/jin/harco/ecvt2_ws/install/forestry_robot_mjcf/share/forestry_robot_mjcf/package.bash'
[0.596s] [34mcolcon.colcon_core.shell[0m [1;30mINFO[0m Creating package script '/home/jin/harco/ecvt2_ws/install/forestry_robot_mjcf/share/forestry_robot_mjcf/package.zsh'
[0.598s] [34mcolcon.colcon_core.environment[0m [1;30mLevel 1[0m create_file_with_runtime_dependencies(/home/jin/harco/ecvt2_ws/install/forestry_robot_mjcf/share/colcon-core/packages/forestry_robot_mjcf)
[0.599s] [34mcolcon.colcon_core.environment[0m [1;30mLevel 1[0m create_environment_scripts_only(forestry_robot_mjcf)
[0.599s] [34mcolcon.colcon_core.environment[0m [1;30mLevel 1[0m checking '/home/jin/harco/ecvt2_ws/install/forestry_robot_mjcf' for CMake module files
[0.600s] [34mcolcon.colcon_core.environment[0m [1;30mLevel 1[0m checking '/home/jin/harco/ecvt2_ws/install/forestry_robot_mjcf' for CMake config files
[0.600s] [34mcolcon.colcon_core.shell[0m [1;30mLevel 1[0m create_environment_hook('forestry_robot_mjcf', 'cmake_prefix_path')
[0.601s] [34mcolcon.colcon_core.shell[0m [1;30mINFO[0m Creating environment hook '/home/jin/harco/ecvt2_ws/install/forestry_robot_mjcf/share/forestry_robot_mjcf/hook/cmake_prefix_path.ps1'
[0.602s] [34mcolcon.colcon_core.shell[0m [1;30mINFO[0m Creating environment descriptor '/home/jin/harco/ecvt2_ws/install/forestry_robot_mjcf/share/forestry_robot_mjcf/hook/cmake_prefix_path.dsv'
[0.603s] [34mcolcon.colcon_core.shell[0m [1;30mINFO[0m Creating environment hook '/home/jin/harco/ecvt2_ws/install/forestry_robot_mjcf/share/forestry_robot_mjcf/hook/cmake_prefix_path.sh'
[0.604s] [34mcolcon.colcon_core.environment[0m [1;30mLevel 1[0m checking '/home/jin/harco/ecvt2_ws/install/forestry_robot_mjcf/bin'
[0.604s] [34mcolcon.colcon_core.environment[0m [1;30mLevel 1[0m checking '/home/jin/harco/ecvt2_ws/install/forestry_robot_mjcf/lib/pkgconfig/forestry_robot_mjcf.pc'
[0.604s] [34mcolcon.colcon_core.environment[0m [1;30mLevel 1[0m checking '/home/jin/harco/ecvt2_ws/install/forestry_robot_mjcf/lib/python3.10/site-packages'
[0.605s] [34mcolcon.colcon_core.environment[0m [1;30mLevel 1[0m checking '/home/jin/harco/ecvt2_ws/install/forestry_robot_mjcf/bin'
[0.606s] [34mcolcon.colcon_core.shell[0m [1;30mINFO[0m Creating package script '/home/jin/harco/ecvt2_ws/install/forestry_robot_mjcf/share/forestry_robot_mjcf/package.ps1'
[0.607s] [34mcolcon.colcon_core.shell[0m [1;30mINFO[0m Creating package descriptor '/home/jin/harco/ecvt2_ws/install/forestry_robot_mjcf/share/forestry_robot_mjcf/package.dsv'
[0.607s] [34mcolcon.colcon_core.shell[0m [1;30mINFO[0m Creating package script '/home/jin/harco/ecvt2_ws/install/forestry_robot_mjcf/share/forestry_robot_mjcf/package.sh'
[0.608s] [34mcolcon.colcon_core.shell[0m [1;30mINFO[0m Creating package script '/home/jin/harco/ecvt2_ws/install/forestry_robot_mjcf/share/forestry_robot_mjcf/package.bash'
[0.610s] [34mcolcon.colcon_core.shell[0m [1;30mINFO[0m Creating package script '/home/jin/harco/ecvt2_ws/install/forestry_robot_mjcf/share/forestry_robot_mjcf/package.zsh'
[0.611s] [34mcolcon.colcon_core.environment[0m [1;30mLevel 1[0m create_file_with_runtime_dependencies(/home/jin/harco/ecvt2_ws/install/forestry_robot_mjcf/share/colcon-core/packages/forestry_robot_mjcf)
[1.444s] [34mcolcon.colcon_core.task.python.build[0m [1;30mDEBUG[0m [32mWhile undoing a previous installation files outside the Python library path are being ignored: /home/jin/harco/ecvt2_ws/install/ecvt2_sim/share/ament_index/resource_index/packages/ecvt2_sim[0m
[1.444s] [34mcolcon.colcon_core.task.python.build[0m [1;30mDEBUG[0m [32mWhile undoing a previous installation files outside the Python library path are being ignored: /home/jin/harco/ecvt2_ws/install/ecvt2_sim/share/ecvt2_sim/package.xml[0m
[1.444s] [34mcolcon.colcon_core.task.python.build[0m [1;30mDEBUG[0m [32mWhile undoing a previous installation files outside the Python library path are being ignored: /home/jin/harco/ecvt2_ws/install/ecvt2_sim/share/ecvt2_sim/launch/test_upper_bringup.launch.py[0m
[1.444s] [34mcolcon.colcon_core.task.python.build[0m [1;30mDEBUG[0m [32mWhile undoing a previous installation files outside the Python library path are being ignored: /home/jin/harco/ecvt2_ws/install/ecvt2_sim/share/ecvt2_sim/launch/test_full_vp_sto_bringup.launch.py[0m
[1.444s] [34mcolcon.colcon_core.task.python.build[0m [1;30mDEBUG[0m [32mWhile undoing a previous installation files outside the Python library path are being ignored: /home/jin/harco/ecvt2_ws/install/ecvt2_sim/share/ecvt2_sim/launch/test_bringup.launch.py[0m
[1.444s] [34mcolcon.colcon_core.task.python.build[0m [1;30mDEBUG[0m [32mWhile undoing a previous installation files outside the Python library path are being ignored: /home/jin/harco/ecvt2_ws/install/ecvt2_sim/share/ecvt2_sim/launch/bringup.launch.py[0m
[1.444s] [34mcolcon.colcon_core.task.python.build[0m [1;30mDEBUG[0m [32mWhile undoing a previous installation files outside the Python library path are being ignored: /home/jin/harco/ecvt2_ws/install/ecvt2_sim/share/ecvt2_sim/launch/upper_bringup.launch.py[0m
[1.444s] [34mcolcon.colcon_core.task.python.build[0m [1;30mDEBUG[0m [32mWhile undoing a previous installation files outside the Python library path are being ignored: /home/jin/harco/ecvt2_ws/install/ecvt2_sim/share/ecvt2_sim/launch/test_full_wbc_bringup.launch.py[0m
[1.444s] [34mcolcon.colcon_core.task.python.build[0m [1;30mDEBUG[0m [32mWhile undoing a previous installation files outside the Python library path are being ignored: /home/jin/harco/ecvt2_ws/install/ecvt2_sim/share/ecvt2_sim/rviz/ecvt.rviz[0m
[1.444s] [34mcolcon.colcon_core.task.python.build[0m [1;30mDEBUG[0m [32mWhile undoing a previous installation files outside the Python library path are being ignored: /home/jin/harco/ecvt2_ws/install/ecvt2_sim/share/ecvt2_sim/rviz/base_opt.rviz[0m
[1.444s] [34mcolcon.colcon_core.task.python.build[0m [1;30mDEBUG[0m [32mWhile undoing a previous installation files outside the Python library path are being ignored: /home/jin/harco/ecvt2_ws/install/ecvt2_sim/lib/ecvt2_sim/plot_passive_csv[0m
[1.444s] [34mcolcon.colcon_core.task.python.build[0m [1;30mDEBUG[0m [32mWhile undoing a previous installation files outside the Python library path are being ignored: /home/jin/harco/ecvt2_ws/install/ecvt2_sim/lib/ecvt2_sim/plot_passive_joints[0m
[1.445s] [34mcolcon.colcon_core.task.python.build[0m [1;30mDEBUG[0m [32mWhile undoing a previous installation files outside the Python library path are being ignored: /home/jin/harco/ecvt2_ws/install/ecvt2_sim/lib/ecvt2_sim/robot_node[0m
[1.445s] [34mcolcon.colcon_core.task.python.build[0m [1;30mDEBUG[0m [32mWhile undoing a previous installation files outside the Python library path are being ignored: /home/jin/harco/ecvt2_ws/install/ecvt2_sim/lib/ecvt2_sim/sin_velocity_publisher[0m
[1.445s] [34mcolcon.colcon_core.task.python.build[0m [1;30mDEBUG[0m [32mWhile undoing a previous installation files outside the Python library path are being ignored: /home/jin/harco/ecvt2_ws/install/ecvt2_sim/lib/ecvt2_sim/test_robot_node[0m
[1.445s] [34mcolcon.colcon_core.task.python.build[0m [1;30mDEBUG[0m [32mWhile undoing a previous installation files outside the Python library path are being ignored: /home/jin/harco/ecvt2_ws/install/ecvt2_sim/lib/ecvt2_sim/test_upper_node[0m
[1.445s] [34mcolcon.colcon_core.task.python.build[0m [1;30mDEBUG[0m [32mWhile undoing a previous installation files outside the Python library path are being ignored: /home/jin/harco/ecvt2_ws/install/ecvt2_sim/lib/ecvt2_sim/upper_node[0m
[1.452s] [34mcolcon.colcon_core.event_handler.log_command[0m [1;30mDEBUG[0m [32mInvoking command in '/home/jin/harco/ecvt2_ws/build/ecvt2_sim': PYTHONPATH=/home/jin/harco/ecvt2_ws/build/ecvt2_sim/prefix_override:/usr/lib/python3/dist-packages/colcon_core/task/python/colcon_distutils_commands:/home/jin/harco/ecvt2_ws/install/ecvt2_sim/lib/python3.10/site-packages:${PYTHONPATH} /usr/bin/python3 -W ignore:setup.py install is deprecated -W ignore:easy_install command is deprecated setup.py develop --editable --build-directory /home/jin/harco/ecvt2_ws/build/ecvt2_sim/build --no-deps symlink_data --force[0m
[1.676s] [34mcolcon.colcon_core.event_handler.log_command[0m [1;30mDEBUG[0m [32mInvoked command in '/home/jin/harco/ecvt2_ws/build/ecvt2_controller' returned '0': CMAKE_PREFIX_PATH=${CMAKE_PREFIX_PATH}:/home/jin/harco/ecvt2_ws/install/ecvt2_sim:/opt/ros/humble /usr/bin/cmake /home/jin/harco/ecvt2_ws/ecvt2_controller -DAMENT_CMAKE_SYMLINK_INSTALL=1 -DCMAKE_INSTALL_PREFIX=/home/jin/harco/ecvt2_ws/install/ecvt2_controller[0m
[1.677s] [34mcolcon.colcon_core.event_handler.log_command[0m [1;30mDEBUG[0m [32mInvoking command in '/home/jin/harco/ecvt2_ws/build/ecvt2_controller': CMAKE_PREFIX_PATH=${CMAKE_PREFIX_PATH}:/home/jin/harco/ecvt2_ws/install/ecvt2_sim:/opt/ros/humble /usr/bin/cmake --build /home/jin/harco/ecvt2_ws/build/ecvt2_controller -- -j20 -l20[0m
[2.181s] [34mcolcon.colcon_core.shell[0m [1;30mLevel 1[0m create_environment_hook('ecvt2_sim', 'pythonpath_develop')
[2.182s] [34mcolcon.colcon_core.shell[0m [1;30mINFO[0m Creating environment hook '/home/jin/harco/ecvt2_ws/build/ecvt2_sim/share/ecvt2_sim/hook/pythonpath_develop.ps1'
[2.182s] [34mcolcon.colcon_core.event_handler.log_command[0m [1;30mDEBUG[0m [32mInvoked command in '/home/jin/harco/ecvt2_ws/build/ecvt2_sim' returned '0': PYTHONPATH=/home/jin/harco/ecvt2_ws/build/ecvt2_sim/prefix_override:/usr/lib/python3/dist-packages/colcon_core/task/python/colcon_distutils_commands:/home/jin/harco/ecvt2_ws/install/ecvt2_sim/lib/python3.10/site-packages:${PYTHONPATH} /usr/bin/python3 -W ignore:setup.py install is deprecated -W ignore:easy_install command is deprecated setup.py develop --editable --build-directory /home/jin/harco/ecvt2_ws/build/ecvt2_sim/build --no-deps symlink_data --force[0m
[2.182s] [34mcolcon.colcon_core.shell[0m [1;30mINFO[0m Creating environment descriptor '/home/jin/harco/ecvt2_ws/build/ecvt2_sim/share/ecvt2_sim/hook/pythonpath_develop.dsv'
[2.183s] [34mcolcon.colcon_core.shell[0m [1;30mINFO[0m Creating environment hook '/home/jin/harco/ecvt2_ws/build/ecvt2_sim/share/ecvt2_sim/hook/pythonpath_develop.sh'
[2.183s] [34mcolcon.colcon_core.environment[0m [1;30mLevel 1[0m checking '/home/jin/harco/ecvt2_ws/install/ecvt2_sim' for CMake module files
[2.184s] [34mcolcon.colcon_core.environment[0m [1;30mLevel 1[0m checking '/home/jin/harco/ecvt2_ws/install/ecvt2_sim' for CMake config files
[2.184s] [34mcolcon.colcon_core.environment[0m [1;30mLevel 1[0m checking '/home/jin/harco/ecvt2_ws/install/ecvt2_sim/lib'
[2.184s] [34mcolcon.colcon_core.environment[0m [1;30mLevel 1[0m checking '/home/jin/harco/ecvt2_ws/install/ecvt2_sim/bin'
[2.185s] [34mcolcon.colcon_core.environment[0m [1;30mLevel 1[0m checking '/home/jin/harco/ecvt2_ws/install/ecvt2_sim/lib/pkgconfig/ecvt2_sim.pc'
[2.185s] [34mcolcon.colcon_core.environment[0m [1;30mLevel 1[0m checking '/home/jin/harco/ecvt2_ws/install/ecvt2_sim/lib/python3.10/site-packages'
[2.185s] [34mcolcon.colcon_core.shell[0m [1;30mLevel 1[0m create_environment_hook('ecvt2_sim', 'pythonpath')
[2.185s] [34mcolcon.colcon_core.shell[0m [1;30mINFO[0m Creating environment hook '/home/jin/harco/ecvt2_ws/install/ecvt2_sim/share/ecvt2_sim/hook/pythonpath.ps1'
[2.185s] [34mcolcon.colcon_core.shell[0m [1;30mINFO[0m Creating environment descriptor '/home/jin/harco/ecvt2_ws/install/ecvt2_sim/share/ecvt2_sim/hook/pythonpath.dsv'
[2.186s] [34mcolcon.colcon_core.shell[0m [1;30mINFO[0m Creating environment hook '/home/jin/harco/ecvt2_ws/install/ecvt2_sim/share/ecvt2_sim/hook/pythonpath.sh'
[2.187s] [34mcolcon.colcon_core.environment[0m [1;30mLevel 1[0m checking '/home/jin/harco/ecvt2_ws/install/ecvt2_sim/bin'
[2.187s] [34mcolcon.colcon_core.environment[0m [1;30mLevel 1[0m create_environment_scripts_only(ecvt2_sim)
[2.187s] [34mcolcon.colcon_core.shell[0m [1;30mINFO[0m Creating package script '/home/jin/harco/ecvt2_ws/install/ecvt2_sim/share/ecvt2_sim/package.ps1'
[2.187s] [34mcolcon.colcon_core.shell[0m [1;30mINFO[0m Creating package descriptor '/home/jin/harco/ecvt2_ws/install/ecvt2_sim/share/ecvt2_sim/package.dsv'
[2.188s] [34mcolcon.colcon_core.shell[0m [1;30mINFO[0m Creating package script '/home/jin/harco/ecvt2_ws/install/ecvt2_sim/share/ecvt2_sim/package.sh'
[2.188s] [34mcolcon.colcon_core.shell[0m [1;30mINFO[0m Creating package script '/home/jin/harco/ecvt2_ws/install/ecvt2_sim/share/ecvt2_sim/package.bash'
[2.189s] [34mcolcon.colcon_core.shell[0m [1;30mINFO[0m Creating package script '/home/jin/harco/ecvt2_ws/install/ecvt2_sim/share/ecvt2_sim/package.zsh'
[2.189s] [34mcolcon.colcon_core.environment[0m [1;30mLevel 1[0m create_file_with_runtime_dependencies(/home/jin/harco/ecvt2_ws/install/ecvt2_sim/share/colcon-core/packages/ecvt2_sim)
[58.272s] [34mcolcon.colcon_core.event_handler.log_command[0m [1;30mDEBUG[0m [32mInvoked command in '/home/jin/harco/ecvt2_ws/build/ecvt2_controller' returned '0': CMAKE_PREFIX_PATH=${CMAKE_PREFIX_PATH}:/home/jin/harco/ecvt2_ws/install/ecvt2_sim:/opt/ros/humble /usr/bin/cmake --build /home/jin/harco/ecvt2_ws/build/ecvt2_controller -- -j20 -l20[0m
[58.273s] [34mcolcon.colcon_core.event_handler.log_command[0m [1;30mDEBUG[0m [32mInvoking command in '/home/jin/harco/ecvt2_ws/build/ecvt2_controller': CMAKE_PREFIX_PATH=${CMAKE_PREFIX_PATH}:/home/jin/harco/ecvt2_ws/install/ecvt2_sim:/opt/ros/humble /usr/bin/cmake --install /home/jin/harco/ecvt2_ws/build/ecvt2_controller[0m
[58.285s] [34mcolcon.colcon_core.environment[0m [1;30mLevel 1[0m create_environment_scripts_only(ecvt2_controller)
[58.285s] [34mcolcon.colcon_core.environment[0m [1;30mLevel 1[0m checking '/home/jin/harco/ecvt2_ws/install/ecvt2_controller' for CMake module files
[58.285s] [34mcolcon.colcon_core.event_handler.log_command[0m [1;30mDEBUG[0m [32mInvoked command in '/home/jin/harco/ecvt2_ws/build/ecvt2_controller' returned '0': CMAKE_PREFIX_PATH=${CMAKE_PREFIX_PATH}:/home/jin/harco/ecvt2_ws/install/ecvt2_sim:/opt/ros/humble /usr/bin/cmake --install /home/jin/harco/ecvt2_ws/build/ecvt2_controller[0m
[58.286s] [34mcolcon.colcon_core.environment[0m [1;30mLevel 1[0m checking '/home/jin/harco/ecvt2_ws/install/ecvt2_controller' for CMake config files
[58.286s] [34mcolcon.colcon_core.shell[0m [1;30mLevel 1[0m create_environment_hook('ecvt2_controller', 'cmake_prefix_path')
[58.286s] [34mcolcon.colcon_core.shell[0m [1;30mINFO[0m Creating environment hook '/home/jin/harco/ecvt2_ws/install/ecvt2_controller/share/ecvt2_controller/hook/cmake_prefix_path.ps1'
[58.286s] [34mcolcon.colcon_core.shell[0m [1;30mINFO[0m Creating environment descriptor '/home/jin/harco/ecvt2_ws/install/ecvt2_controller/share/ecvt2_controller/hook/cmake_prefix_path.dsv'
[58.286s] [34mcolcon.colcon_core.shell[0m [1;30mINFO[0m Creating environment hook '/home/jin/harco/ecvt2_ws/install/ecvt2_controller/share/ecvt2_controller/hook/cmake_prefix_path.sh'
[58.287s] [34mcolcon.colcon_core.environment[0m [1;30mLevel 1[0m checking '/home/jin/harco/ecvt2_ws/install/ecvt2_controller/lib'
[58.287s] [34mcolcon.colcon_core.environment[0m [1;30mLevel 1[0m checking '/home/jin/harco/ecvt2_ws/install/ecvt2_controller/bin'
[58.287s] [34mcolcon.colcon_core.environment[0m [1;30mLevel 1[0m checking '/home/jin/harco/ecvt2_ws/install/ecvt2_controller/lib/pkgconfig/ecvt2_controller.pc'
[58.287s] [34mcolcon.colcon_core.environment[0m [1;30mLevel 1[0m checking '/home/jin/harco/ecvt2_ws/install/ecvt2_controller/lib/python3.10/site-packages'
[58.287s] [34mcolcon.colcon_core.environment[0m [1;30mLevel 1[0m checking '/home/jin/harco/ecvt2_ws/install/ecvt2_controller/bin'
[58.287s] [34mcolcon.colcon_core.shell[0m [1;30mINFO[0m Creating package script '/home/jin/harco/ecvt2_ws/install/ecvt2_controller/share/ecvt2_controller/package.ps1'
[58.287s] [34mcolcon.colcon_core.shell[0m [1;30mINFO[0m Creating package descriptor '/home/jin/harco/ecvt2_ws/install/ecvt2_controller/share/ecvt2_controller/package.dsv'
[58.288s] [34mcolcon.colcon_core.shell[0m [1;30mINFO[0m Creating package script '/home/jin/harco/ecvt2_ws/install/ecvt2_controller/share/ecvt2_controller/package.sh'
[58.288s] [34mcolcon.colcon_core.shell[0m [1;30mINFO[0m Creating package script '/home/jin/harco/ecvt2_ws/install/ecvt2_controller/share/ecvt2_controller/package.bash'
[58.288s] [34mcolcon.colcon_core.shell[0m [1;30mINFO[0m Creating package script '/home/jin/harco/ecvt2_ws/install/ecvt2_controller/share/ecvt2_controller/package.zsh'
[58.288s] [34mcolcon.colcon_core.environment[0m [1;30mLevel 1[0m create_file_with_runtime_dependencies(/home/jin/harco/ecvt2_ws/install/ecvt2_controller/share/colcon-core/packages/ecvt2_controller)
[58.288s] [34mcolcon.colcon_core.environment[0m [1;30mLevel 1[0m create_environment_scripts_only(ecvt2_controller)
[58.289s] [34mcolcon.colcon_core.environment[0m [1;30mLevel 1[0m checking '/home/jin/harco/ecvt2_ws/install/ecvt2_controller' for CMake module files
[58.289s] [34mcolcon.colcon_core.environment[0m [1;30mLevel 1[0m checking '/home/jin/harco/ecvt2_ws/install/ecvt2_controller' for CMake config files
[58.289s] [34mcolcon.colcon_core.shell[0m [1;30mLevel 1[0m create_environment_hook('ecvt2_controller', 'cmake_prefix_path')
[58.289s] [34mcolcon.colcon_core.shell[0m [1;30mINFO[0m Creating environment hook '/home/jin/harco/ecvt2_ws/install/ecvt2_controller/share/ecvt2_controller/hook/cmake_prefix_path.ps1'
[58.289s] [34mcolcon.colcon_core.shell[0m [1;30mINFO[0m Creating environment descriptor '/home/jin/harco/ecvt2_ws/install/ecvt2_controller/share/ecvt2_controller/hook/cmake_prefix_path.dsv'
[58.289s] [34mcolcon.colcon_core.shell[0m [1;30mINFO[0m Creating environment hook '/home/jin/harco/ecvt2_ws/install/ecvt2_controller/share/ecvt2_controller/hook/cmake_prefix_path.sh'
[58.290s] [34mcolcon.colcon_core.environment[0m [1;30mLevel 1[0m checking '/home/jin/harco/ecvt2_ws/install/ecvt2_controller/lib'
[58.290s] [34mcolcon.colcon_core.environment[0m [1;30mLevel 1[0m checking '/home/jin/harco/ecvt2_ws/install/ecvt2_controller/bin'
[58.290s] [34mcolcon.colcon_core.environment[0m [1;30mLevel 1[0m checking '/home/jin/harco/ecvt2_ws/install/ecvt2_controller/lib/pkgconfig/ecvt2_controller.pc'
[58.290s] [34mcolcon.colcon_core.environment[0m [1;30mLevel 1[0m checking '/home/jin/harco/ecvt2_ws/install/ecvt2_controller/lib/python3.10/site-packages'
[58.290s] [34mcolcon.colcon_core.environment[0m [1;30mLevel 1[0m checking '/home/jin/harco/ecvt2_ws/install/ecvt2_controller/bin'
[58.290s] [34mcolcon.colcon_core.shell[0m [1;30mINFO[0m Creating package script '/home/jin/harco/ecvt2_ws/install/ecvt2_controller/share/ecvt2_controller/package.ps1'
[58.290s] [34mcolcon.colcon_core.shell[0m [1;30mINFO[0m Creating package descriptor '/home/jin/harco/ecvt2_ws/install/ecvt2_controller/share/ecvt2_controller/package.dsv'
[58.291s] [34mcolcon.colcon_core.shell[0m [1;30mINFO[0m Creating package script '/home/jin/harco/ecvt2_ws/install/ecvt2_controller/share/ecvt2_controller/package.sh'
[58.291s] [34mcolcon.colcon_core.shell[0m [1;30mINFO[0m Creating package script '/home/jin/harco/ecvt2_ws/install/ecvt2_controller/share/ecvt2_controller/package.bash'
[58.291s] [34mcolcon.colcon_core.shell[0m [1;30mINFO[0m Creating package script '/home/jin/harco/ecvt2_ws/install/ecvt2_controller/share/ecvt2_controller/package.zsh'
[58.291s] [34mcolcon.colcon_core.environment[0m [1;30mLevel 1[0m create_file_with_runtime_dependencies(/home/jin/harco/ecvt2_ws/install/ecvt2_controller/share/colcon-core/packages/ecvt2_controller)
[58.291s] [34mcolcon.colcon_parallel_executor.executor.parallel[0m [1;30mDEBUG[0m [32mclosing loop[0m
[58.292s] [34mcolcon.colcon_parallel_executor.executor.parallel[0m [1;30mDEBUG[0m [32mloop closed[0m
[58.292s] [34mcolcon.colcon_parallel_executor.executor.parallel[0m [1;30mDEBUG[0m [32mrun_until_complete finished with '0'[0m
[58.292s] [34mcolcon.colcon_core.event_reactor[0m [1;30mDEBUG[0m [32mjoining thread[0m
[58.294s] [34mcolcon.colcon_core.plugin_system[0m [1;30mINFO[0m Skipping extension 'colcon_notification.desktop_notification.terminal_notifier': Not used on non-Darwin systems
[58.295s] [34mcolcon.colcon_core.plugin_system[0m [1;30mINFO[0m Skipping extension 'colcon_notification.desktop_notification.win32': Not used on non-Windows systems
[58.295s] [34mcolcon.colcon_notification.desktop_notification[0m [1;30mINFO[0m Sending desktop notification using 'notify2'
[58.301s] [34mcolcon.colcon_core.event_reactor[0m [1;30mDEBUG[0m [32mjoined thread[0m
[58.301s] [34mcolcon.colcon_core.shell[0m [1;30mINFO[0m Creating prefix script '/home/jin/harco/ecvt2_ws/install/local_setup.ps1'
[58.302s] [34mcolcon.colcon_core.shell[0m [1;30mINFO[0m Creating prefix util module '/home/jin/harco/ecvt2_ws/install/_local_setup_util_ps1.py'
[58.303s] [34mcolcon.colcon_core.shell[0m [1;30mINFO[0m Creating prefix chain script '/home/jin/harco/ecvt2_ws/install/setup.ps1'
[58.304s] [34mcolcon.colcon_core.shell[0m [1;30mINFO[0m Creating prefix script '/home/jin/harco/ecvt2_ws/install/local_setup.sh'
[58.305s] [34mcolcon.colcon_core.shell[0m [1;30mINFO[0m Creating prefix util module '/home/jin/harco/ecvt2_ws/install/_local_setup_util_sh.py'
[58.305s] [34mcolcon.colcon_core.shell[0m [1;30mINFO[0m Creating prefix chain script '/home/jin/harco/ecvt2_ws/install/setup.sh'
[58.305s] [34mcolcon.colcon_core.shell[0m [1;30mINFO[0m Creating prefix script '/home/jin/harco/ecvt2_ws/install/local_setup.bash'
[58.306s] [34mcolcon.colcon_core.shell[0m [1;30mINFO[0m Creating prefix chain script '/home/jin/harco/ecvt2_ws/install/setup.bash'
[58.306s] [34mcolcon.colcon_core.shell[0m [1;30mINFO[0m Creating prefix script '/home/jin/harco/ecvt2_ws/install/local_setup.zsh'
[58.306s] [34mcolcon.colcon_core.shell[0m [1;30mINFO[0m Creating prefix chain script '/home/jin/harco/ecvt2_ws/install/setup.zsh'
