-- The C compiler identification is GNU 11.4.0
-- The CXX compiler identification is GNU 11.4.0
-- Detecting C compiler ABI info
-- Detecting C compiler ABI info - done
-- Check for working C compiler: /usr/bin/cc - skipped
-- Detecting C compile features
-- Detecting C compile features - done
-- Detecting CXX compiler ABI info
-- Detecting CXX compiler ABI info - done
-- Check for working CXX compiler: /usr/bin/c++ - skipped
-- Detecting CXX compile features
-- Detecting CXX compile features - done
-- CMAKE_BUILD_TYPE not set to Release -> impacts performance
-- Checking for module 'ipopt>=3.11.9'
--   Found ipopt, version 3.11.9
-- Found IPOPT: /usr/lib/libipopt.so;/usr/lib/x86_64-linux-gnu/libdmumps_seq.so;/usr/lib/x86_64-linux-gnu/libblas.so;/usr/lib/x86_64-linux-gnu/liblapack.so;/usr/lib/x86_64-linux-gnu/libblas.so;/usr/lib/x86_64-linux-gnu/libdmumps_seq.so;/usr/lib/x86_64-linux-gnu/libdl.a;/usr/lib/gcc/x86_64-linux-gnu/11/libgfortran.so;/usr/lib/x86_64-linux-gnu/libm.so;/usr/lib/gcc/x86_64-linux-gnu/11/libquadmath.so;/usr/lib/x86_64-linux-gnu/libblas.so;/usr/lib/x86_64-linux-gnu/libm.so;/usr/lib/x86_64-linux-gnu/libdl.a (Required is at least version "3.11.9") 
-- Configuring done
-- Generating done
-- Build files have been written to: /home/jin/harco/ecvt2_ws/build/ifopt
[  8%] Building CXX object ifopt_core/CMakeFiles/ifopt_core.dir/src/problem.cc.o
[ 16%] Building CXX object ifopt_core/CMakeFiles/ifopt_core.dir/src/composite.cc.o
[ 25%] Building CXX object ifopt_core/CMakeFiles/ifopt_core.dir/src/leaves.cc.o
[ 33%] Linking CXX shared library libifopt_core.so
[ 33%] Built target ifopt_core
[ 50%] Building CXX object ifopt_ipopt/CMakeFiles/ifopt_ipopt.dir/src/ipopt_adapter.cc.o
[ 50%] Building CXX object ifopt_core/CMakeFiles/ifopt_core-test.dir/test/composite_test.cc.o
[ 58%] Building CXX object ifopt_ipopt/CMakeFiles/ifopt_ipopt.dir/src/ipopt_solver.cc.o
[ 66%] Building CXX object ifopt_core/CMakeFiles/ifopt_core-test.dir/test/problem_test.cc.o
[ 75%] Linking CXX shared library libifopt_ipopt.so
[ 75%] Built target ifopt_ipopt
[ 83%] Building CXX object ifopt_ipopt/CMakeFiles/ifopt_ipopt-example.dir/test/ex_test_ipopt.cc.o
[ 91%] Linking CXX executable ifopt_core-test
[ 91%] Built target ifopt_core-test
[100%] Linking CXX executable ifopt_ipopt-example
[100%] Built target ifopt_ipopt-example
-- Install configuration: ""
-- Installing: /home/jin/harco/ecvt2_ws/install/ifopt/share/ifopt/cmake/ifopt-config.cmake
-- Installing: /home/jin/harco/ecvt2_ws/install/ifopt/share/ifopt/cmake/ifopt-config-version.cmake
-- Installing: /home/jin/harco/ecvt2_ws/install/ifopt/share/ifopt/package.xml
-- Installing: /home/jin/harco/ecvt2_ws/install/ifopt/lib/libifopt_core.so
-- Set runtime path of "/home/jin/harco/ecvt2_ws/install/ifopt/lib/libifopt_core.so" to "/home/jin/harco/ecvt2_ws/install/ifopt/lib"
-- Installing: /home/jin/harco/ecvt2_ws/install/ifopt/include/ifopt
-- Installing: /home/jin/harco/ecvt2_ws/install/ifopt/include/ifopt/cost_term.h
-- Installing: /home/jin/harco/ecvt2_ws/install/ifopt/include/ifopt/problem.h
-- Installing: /home/jin/harco/ecvt2_ws/install/ifopt/include/ifopt/bounds.h
-- Installing: /home/jin/harco/ecvt2_ws/install/ifopt/include/ifopt/composite.h
-- Installing: /home/jin/harco/ecvt2_ws/install/ifopt/include/ifopt/constraint_set.h
-- Installing: /home/jin/harco/ecvt2_ws/install/ifopt/include/ifopt/variable_set.h
-- Installing: /home/jin/harco/ecvt2_ws/install/ifopt/include/ifopt/solver.h
-- Installing: /home/jin/harco/ecvt2_ws/install/ifopt/include/ifopt/test_vars_constr_cost.h
-- Installing: /home/jin/harco/ecvt2_ws/install/ifopt/share/ifopt/cmake/ifopt_core-targets.cmake
-- Installing: /home/jin/harco/ecvt2_ws/install/ifopt/share/ifopt/cmake/ifopt_core-targets-noconfig.cmake
-- Installing: /home/jin/harco/ecvt2_ws/install/ifopt/lib/ifopt/ifopt_core-test
-- Set runtime path of "/home/jin/harco/ecvt2_ws/install/ifopt/lib/ifopt/ifopt_core-test" to "/home/jin/harco/ecvt2_ws/install/ifopt/lib"
-- Installing: /home/jin/harco/ecvt2_ws/install/ifopt/lib/libifopt_ipopt.so
-- Set runtime path of "/home/jin/harco/ecvt2_ws/install/ifopt/lib/libifopt_ipopt.so" to "/home/jin/harco/ecvt2_ws/install/ifopt/lib"
-- Installing: /home/jin/harco/ecvt2_ws/install/ifopt/lib/ifopt/ifopt_ipopt-example
-- Set runtime path of "/home/jin/harco/ecvt2_ws/install/ifopt/lib/ifopt/ifopt_ipopt-example" to "/home/jin/harco/ecvt2_ws/install/ifopt/lib"
-- Up-to-date: /home/jin/harco/ecvt2_ws/install/ifopt/include/ifopt
-- Installing: /home/jin/harco/ecvt2_ws/install/ifopt/include/ifopt/ipopt_adapter.h
-- Installing: /home/jin/harco/ecvt2_ws/install/ifopt/include/ifopt/ipopt_solver.h
-- Installing: /home/jin/harco/ecvt2_ws/install/ifopt/share/ifopt/cmake/ifopt_ipopt-targets.cmake
-- Installing: /home/jin/harco/ecvt2_ws/install/ifopt/share/ifopt/cmake/ifopt_ipopt-targets-noconfig.cmake
