[0.016s] Invoking command in '/home/jin/harco/ecvt2_ws/build/ifopt': CMAKE_PREFIX_PATH=/opt/ros/humble /usr/bin/cmake /home/jin/harco/ecvt2_ws/src/ifopt -DBUILD_SNOPT=OFF -DCMAKE_INSTALL_PREFIX=/home/jin/harco/ecvt2_ws/install/ifopt
[0.340s] -- The C compiler identification is GNU 11.4.0
[0.340s] -- The CXX compiler identification is GNU 11.4.0
[0.341s] -- Detecting C compiler ABI info
[0.356s] -- Detecting C compiler ABI info - done
[0.370s] -- Check for working C compiler: /usr/bin/cc - skipped
[0.370s] -- Detecting C compile features
[0.370s] -- Detecting C compile features - done
[0.383s] -- Detecting CXX compiler ABI info
[0.551s] -- Detecting CXX compiler ABI info - done
[0.568s] -- Check for working CXX compiler: /usr/bin/c++ - skipped
[0.568s] -- Detecting CXX compile features
[0.568s] -- Detecting CXX compile features - done
[0.574s] -- CMAKE_BUILD_TYPE not set to Release -> impacts performance
[0.904s] -- Checking for module 'ipopt>=3.11.9'
[0.928s] --   Found ipopt, version 3.11.9
[1.013s] -- Found IPOPT: /usr/lib/libipopt.so;/usr/lib/x86_64-linux-gnu/libdmumps_seq.so;/usr/lib/x86_64-linux-gnu/libblas.so;/usr/lib/x86_64-linux-gnu/liblapack.so;/usr/lib/x86_64-linux-gnu/libblas.so;/usr/lib/x86_64-linux-gnu/libdmumps_seq.so;/usr/lib/x86_64-linux-gnu/libdl.a;/usr/lib/gcc/x86_64-linux-gnu/11/libgfortran.so;/usr/lib/x86_64-linux-gnu/libm.so;/usr/lib/gcc/x86_64-linux-gnu/11/libquadmath.so;/usr/lib/x86_64-linux-gnu/libblas.so;/usr/lib/x86_64-linux-gnu/libm.so;/usr/lib/x86_64-linux-gnu/libdl.a (Required is at least version "3.11.9") 
[1.015s] -- Configuring done
[1.028s] -- Generating done
[1.033s] -- Build files have been written to: /home/jin/harco/ecvt2_ws/build/ifopt
[1.045s] Invoked command in '/home/jin/harco/ecvt2_ws/build/ifopt' returned '0': CMAKE_PREFIX_PATH=/opt/ros/humble /usr/bin/cmake /home/jin/harco/ecvt2_ws/src/ifopt -DBUILD_SNOPT=OFF -DCMAKE_INSTALL_PREFIX=/home/jin/harco/ecvt2_ws/install/ifopt
[1.046s] Invoking command in '/home/jin/harco/ecvt2_ws/build/ifopt': CMAKE_PREFIX_PATH=/opt/ros/humble /usr/bin/cmake --build /home/jin/harco/ecvt2_ws/build/ifopt -- -j20 -l20
[1.088s] [  8%] Building CXX object ifopt_core/CMakeFiles/ifopt_core.dir/src/problem.cc.o
[1.088s] [ 16%] Building CXX object ifopt_core/CMakeFiles/ifopt_core.dir/src/composite.cc.o
[1.092s] [ 25%] Building CXX object ifopt_core/CMakeFiles/ifopt_core.dir/src/leaves.cc.o
[3.258s] [ 33%] Linking CXX shared library libifopt_core.so
[3.497s] [ 33%] Built target ifopt_core
[3.537s] [ 50%] Building CXX object ifopt_ipopt/CMakeFiles/ifopt_ipopt.dir/src/ipopt_adapter.cc.o
[3.539s] [ 50%] Building CXX object ifopt_core/CMakeFiles/ifopt_core-test.dir/test/composite_test.cc.o
[3.540s] [ 58%] Building CXX object ifopt_ipopt/CMakeFiles/ifopt_ipopt.dir/src/ipopt_solver.cc.o
[3.542s] [ 66%] Building CXX object ifopt_core/CMakeFiles/ifopt_core-test.dir/test/problem_test.cc.o
[5.366s] [ 75%] Linking CXX shared library libifopt_ipopt.so
[5.435s] [ 75%] Built target ifopt_ipopt
[5.449s] [ 83%] Building CXX object ifopt_ipopt/CMakeFiles/ifopt_ipopt-example.dir/test/ex_test_ipopt.cc.o
[5.780s] [ 91%] Linking CXX executable ifopt_core-test
[5.917s] [ 91%] Built target ifopt_core-test
[7.320s] [100%] Linking CXX executable ifopt_ipopt-example
[7.529s] [100%] Built target ifopt_ipopt-example
[33.309s] Invoked command in '/home/jin/harco/ecvt2_ws/build/ifopt' returned '0': CMAKE_PREFIX_PATH=/opt/ros/humble /usr/bin/cmake --build /home/jin/harco/ecvt2_ws/build/ifopt -- -j20 -l20
[33.327s] Invoking command in '/home/jin/harco/ecvt2_ws/build/ifopt': CMAKE_PREFIX_PATH=/opt/ros/humble /usr/bin/cmake --install /home/jin/harco/ecvt2_ws/build/ifopt
[33.338s] -- Install configuration: ""
[33.341s] -- Installing: /home/jin/harco/ecvt2_ws/install/ifopt/share/ifopt/cmake/ifopt-config.cmake
[33.341s] -- Installing: /home/jin/harco/ecvt2_ws/install/ifopt/share/ifopt/cmake/ifopt-config-version.cmake
[33.341s] -- Installing: /home/jin/harco/ecvt2_ws/install/ifopt/share/ifopt/package.xml
[33.341s] -- Installing: /home/jin/harco/ecvt2_ws/install/ifopt/lib/libifopt_core.so
[33.341s] -- Set runtime path of "/home/jin/harco/ecvt2_ws/install/ifopt/lib/libifopt_core.so" to "/home/jin/harco/ecvt2_ws/install/ifopt/lib"
[33.341s] -- Installing: /home/jin/harco/ecvt2_ws/install/ifopt/include/ifopt
[33.346s] -- Installing: /home/jin/harco/ecvt2_ws/install/ifopt/include/ifopt/cost_term.h
[33.346s] -- Installing: /home/jin/harco/ecvt2_ws/install/ifopt/include/ifopt/problem.h
[33.346s] -- Installing: /home/jin/harco/ecvt2_ws/install/ifopt/include/ifopt/bounds.h
[33.346s] -- Installing: /home/jin/harco/ecvt2_ws/install/ifopt/include/ifopt/composite.h
[33.346s] -- Installing: /home/jin/harco/ecvt2_ws/install/ifopt/include/ifopt/constraint_set.h
[33.346s] -- Installing: /home/jin/harco/ecvt2_ws/install/ifopt/include/ifopt/variable_set.h
[33.346s] -- Installing: /home/jin/harco/ecvt2_ws/install/ifopt/include/ifopt/solver.h
[33.346s] -- Installing: /home/jin/harco/ecvt2_ws/install/ifopt/include/ifopt/test_vars_constr_cost.h
[33.347s] -- Installing: /home/jin/harco/ecvt2_ws/install/ifopt/share/ifopt/cmake/ifopt_core-targets.cmake
[33.347s] -- Installing: /home/jin/harco/ecvt2_ws/install/ifopt/share/ifopt/cmake/ifopt_core-targets-noconfig.cmake
[33.347s] -- Installing: /home/jin/harco/ecvt2_ws/install/ifopt/lib/ifopt/ifopt_core-test
[33.347s] -- Set runtime path of "/home/jin/harco/ecvt2_ws/install/ifopt/lib/ifopt/ifopt_core-test" to "/home/jin/harco/ecvt2_ws/install/ifopt/lib"
[33.347s] -- Installing: /home/jin/harco/ecvt2_ws/install/ifopt/lib/libifopt_ipopt.so
[33.351s] -- Set runtime path of "/home/jin/harco/ecvt2_ws/install/ifopt/lib/libifopt_ipopt.so" to "/home/jin/harco/ecvt2_ws/install/ifopt/lib"
[33.356s] -- Installing: /home/jin/harco/ecvt2_ws/install/ifopt/lib/ifopt/ifopt_ipopt-example
[33.356s] -- Set runtime path of "/home/jin/harco/ecvt2_ws/install/ifopt/lib/ifopt/ifopt_ipopt-example" to "/home/jin/harco/ecvt2_ws/install/ifopt/lib"
[33.356s] -- Up-to-date: /home/jin/harco/ecvt2_ws/install/ifopt/include/ifopt
[33.356s] -- Installing: /home/jin/harco/ecvt2_ws/install/ifopt/include/ifopt/ipopt_adapter.h
[33.357s] -- Installing: /home/jin/harco/ecvt2_ws/install/ifopt/include/ifopt/ipopt_solver.h
[33.357s] -- Installing: /home/jin/harco/ecvt2_ws/install/ifopt/share/ifopt/cmake/ifopt_ipopt-targets.cmake
[33.357s] -- Installing: /home/jin/harco/ecvt2_ws/install/ifopt/share/ifopt/cmake/ifopt_ipopt-targets-noconfig.cmake
[33.358s] Invoked command in '/home/jin/harco/ecvt2_ws/build/ifopt' returned '0': CMAKE_PREFIX_PATH=/opt/ros/humble /usr/bin/cmake --install /home/jin/harco/ecvt2_ws/build/ifopt
