[0.011s] Invoking command in '/home/jin/harco/ecvt2_ws/build/ecvt2_controller': CMAKE_PREFIX_PATH=/opt/ros/humble /usr/bin/cmake /home/jin/harco/ecvt2_ws/ecvt2_controller -DCMAKE_INSTALL_PREFIX=/home/jin/harco/ecvt2_ws/install/ecvt2_controller
[0.149s] -- Found ament_cmake: 1.3.12 (/opt/ros/humble/share/ament_cmake/cmake)
[0.149s] -- Override CMake install command with custom implementation using symlinks instead of copying resources
[0.149s] -- Found rclcpp: 16.0.16 (/opt/ros/humble/share/rclcpp/cmake)
[0.160s] -- Found rosidl_generator_c: 3.1.7 (/opt/ros/humble/share/rosidl_generator_c/cmake)
[0.162s] -- Found rosidl_adapter: 3.1.7 (/opt/ros/humble/share/rosidl_adapter/cmake)
[0.167s] -- Found rosidl_generator_cpp: 3.1.7 (/opt/ros/humble/share/rosidl_generator_cpp/cmake)
[0.175s] -- Using all available rosidl_typesupport_c: rosidl_typesupport_fastrtps_c;rosidl_typesupport_introspection_c
[0.184s] -- Using all available rosidl_typesupport_cpp: rosidl_typesupport_fastrtps_cpp;rosidl_typesupport_introspection_cpp
[0.209s] -- Found rmw_implementation_cmake: 6.1.2 (/opt/ros/humble/share/rmw_implementation_cmake/cmake)
[0.210s] -- Found rmw_fastrtps_cpp: 6.2.9 (/opt/ros/humble/share/rmw_fastrtps_cpp/cmake)
[0.278s] -- Using RMW implementation 'rmw_fastrtps_cpp' as default
[0.323s] -- Found geometry_msgs: 4.9.0 (/opt/ros/humble/share/geometry_msgs/cmake)
[0.334s] -- Found sensor_msgs: 4.9.0 (/opt/ros/humble/share/sensor_msgs/cmake)
[0.345s] -- Found visualization_msgs: 4.9.0 (/opt/ros/humble/share/visualization_msgs/cmake)
[0.357s] -- Found trajectory_msgs: 4.9.0 (/opt/ros/humble/share/trajectory_msgs/cmake)
[0.371s] -- pinocchio_default FOUND. pinocchio_default at /opt/ros/humble/lib/x86_64-linux-gnu/libpinocchio_default.so
[0.371s] -- pinocchio_parsers FOUND. pinocchio_parsers at /opt/ros/humble/lib/x86_64-linux-gnu/libpinocchio_parsers.so
[0.372s] -- pinocchio_casadi not FOUND.
[0.373s] -- boost_filesystem FOUND. boost_filesystem at /usr/lib/x86_64-linux-gnu/libboost_filesystem.so
[0.380s] -- Found Boost: /usr/include (found version "1.74.0") found components: filesystem serialization 
[0.381s] CMake Warning at /opt/openrobots/lib/cmake/hpp-fcl/hpp-fclConfig.cmake:4 (message):
[0.381s]   Please update your CMake from 'hpp-fcl' to 'coal', or define
[0.381s]   COAL_DISABLE_HPP_FCL_WARNINGS
[0.381s] Call Stack (most recent call first):
[0.381s]   /usr/share/cmake-3.22/Modules/CMakeFindDependencyMacro.cmake:47 (find_package)
[0.381s]   /opt/openrobots/lib/cmake/pinocchio/pinocchioConfig.cmake:161 (find_dependency)
[0.381s]   CMakeLists.txt:20 (find_package)
[0.381s] 
[0.381s] 
[0.382s] -- coal not FOUND.
[0.386s] -- Found Boost: /usr/include (found version "1.74.0") found components: serialization filesystem 
[0.631s] -- Default C++ standard: 201703
[0.631s] -- C++ standard sufficient: Minimal required 11, currently defined: 17
[0.631s] -- CMAKE_CXX_STANDARD was not set: automatically set to currently defined standard 17
[0.633s] -- C++ standard sufficient: Minimal required 11, currently defined: 17
[0.648s] -- Found ament_lint_auto: 0.12.14 (/opt/ros/humble/share/ament_lint_auto/cmake)
[0.710s] -- Added test 'cppcheck' to perform static code analysis on C / C++ code
[0.710s] -- Configured cppcheck include dirs: $<BUILD_INTERFACE:/home/jin/harco/ecvt2_ws/ecvt2_controller/include>
[0.710s] -- Configured cppcheck exclude dirs and/or files: 
[0.711s] -- Added test 'lint_cmake' to check CMake code style
[0.711s] -- Added test 'uncrustify' to check C / C++ code style
[0.711s] -- Configured uncrustify additional arguments: 
[0.712s] -- Added test 'xmllint' to check XML markup files
[0.712s] -- Configuring done
[0.726s] CMake Warning at CMakeLists.txt:48 (add_executable):
[0.727s]   Cannot generate a safe runtime search path for target base_opt_controller
[0.727s]   because files in some directories may conflict with libraries in implicit
[0.727s]   directories:
[0.727s] 
[0.727s]     runtime library [liburdfdom_sensor.so.3.0] in /usr/lib/x86_64-linux-gnu may be hidden by files in:
[0.727s]       /opt/ros/humble/lib/x86_64-linux-gnu
[0.727s]     runtime library [liburdfdom_model_state.so.3.0] in /usr/lib/x86_64-linux-gnu may be hidden by files in:
[0.727s]       /opt/ros/humble/lib/x86_64-linux-gnu
[0.727s]     runtime library [liburdfdom_model.so.3.0] in /usr/lib/x86_64-linux-gnu may be hidden by files in:
[0.727s]       /opt/ros/humble/lib/x86_64-linux-gnu
[0.727s]     runtime library [liburdfdom_world.so.3.0] in /usr/lib/x86_64-linux-gnu may be hidden by files in:
[0.727s]       /opt/ros/humble/lib/x86_64-linux-gnu
[0.727s]     runtime library [liboctomap.so.1.9] in /usr/lib/x86_64-linux-gnu may be hidden by files in:
[0.727s]       /opt/ros/humble/lib/x86_64-linux-gnu
[0.727s]     runtime library [liboctomath.so.1.9] in /usr/lib/x86_64-linux-gnu may be hidden by files in:
[0.727s]       /opt/ros/humble/lib/x86_64-linux-gnu
[0.727s] 
[0.727s]   Some of these libraries may not be found correctly.
[0.727s] 
[0.727s] 
[0.727s] CMake Warning at CMakeLists.txt:48 (add_executable):
[0.727s]   Cannot generate a safe runtime search path for target base_opt_controller
[0.727s]   because there is a cycle in the constraint graph:
[0.727s] 
[0.727s]     dir 0 is [/usr/local/lib]
[0.727s]     dir 1 is [/opt/ros/humble/lib]
[0.727s]     dir 2 is [/opt/ros/humble/lib/x86_64-linux-gnu]
[0.727s]       dir 3 must precede it due to runtime library [libpinocchio_parsers.so.3.9.0]
[0.727s]     dir 3 is [/opt/openrobots/lib]
[0.727s]       dir 2 must precede it due to runtime library [libpinocchio_default.so.3.9.0]
[0.727s] 
[0.727s]   Some of these libraries may not be found correctly.
[0.727s] 
[0.727s] 
[0.729s] CMake Warning at CMakeLists.txt:59 (add_executable):
[0.729s]   Cannot generate a safe runtime search path for target wbc_hqp because files
[0.729s]   in some directories may conflict with libraries in implicit directories:
[0.729s] 
[0.729s]     runtime library [liburdfdom_sensor.so.3.0] in /usr/lib/x86_64-linux-gnu may be hidden by files in:
[0.729s]       /opt/ros/humble/lib/x86_64-linux-gnu
[0.729s]     runtime library [liburdfdom_model_state.so.3.0] in /usr/lib/x86_64-linux-gnu may be hidden by files in:
[0.729s]       /opt/ros/humble/lib/x86_64-linux-gnu
[0.729s]     runtime library [liburdfdom_model.so.3.0] in /usr/lib/x86_64-linux-gnu may be hidden by files in:
[0.729s]       /opt/ros/humble/lib/x86_64-linux-gnu
[0.729s]     runtime library [liburdfdom_world.so.3.0] in /usr/lib/x86_64-linux-gnu may be hidden by files in:
[0.730s]       /opt/ros/humble/lib/x86_64-linux-gnu
[0.730s]     runtime library [liboctomap.so.1.9] in /usr/lib/x86_64-linux-gnu may be hidden by files in:
[0.730s]       /opt/ros/humble/lib/x86_64-linux-gnu
[0.730s]     runtime library [liboctomath.so.1.9] in /usr/lib/x86_64-linux-gnu may be hidden by files in:
[0.730s]       /opt/ros/humble/lib/x86_64-linux-gnu
[0.730s] 
[0.730s]   Some of these libraries may not be found correctly.
[0.730s] 
[0.730s] 
[0.730s] CMake Warning at CMakeLists.txt:59 (add_executable):
[0.730s]   Cannot generate a safe runtime search path for target wbc_hqp because there
[0.730s]   is a cycle in the constraint graph:
[0.730s] 
[0.730s]     dir 0 is [/usr/local/lib]
[0.730s]     dir 1 is [/opt/ros/humble/lib]
[0.730s]     dir 2 is [/opt/ros/humble/lib/x86_64-linux-gnu]
[0.730s]       dir 3 must precede it due to runtime library [libpinocchio_parsers.so.3.9.0]
[0.730s]     dir 3 is [/opt/openrobots/lib]
[0.730s]       dir 2 must precede it due to runtime library [libpinocchio_default.so.3.9.0]
[0.730s] 
[0.730s]   Some of these libraries may not be found correctly.
[0.730s] 
[0.730s] 
[0.732s] CMake Warning at CMakeLists.txt:70 (add_executable):
[0.732s]   Cannot generate a safe runtime search path for target wbc_hqp_v2 because
[0.732s]   files in some directories may conflict with libraries in implicit
[0.732s]   directories:
[0.732s] 
[0.732s]     runtime library [liburdfdom_sensor.so.3.0] in /usr/lib/x86_64-linux-gnu may be hidden by files in:
[0.732s]       /opt/ros/humble/lib/x86_64-linux-gnu
[0.732s]     runtime library [liburdfdom_model_state.so.3.0] in /usr/lib/x86_64-linux-gnu may be hidden by files in:
[0.732s]       /opt/ros/humble/lib/x86_64-linux-gnu
[0.732s]     runtime library [liburdfdom_model.so.3.0] in /usr/lib/x86_64-linux-gnu may be hidden by files in:
[0.732s]       /opt/ros/humble/lib/x86_64-linux-gnu
[0.732s]     runtime library [liburdfdom_world.so.3.0] in /usr/lib/x86_64-linux-gnu may be hidden by files in:
[0.732s]       /opt/ros/humble/lib/x86_64-linux-gnu
[0.732s]     runtime library [liboctomap.so.1.9] in /usr/lib/x86_64-linux-gnu may be hidden by files in:
[0.732s]       /opt/ros/humble/lib/x86_64-linux-gnu
[0.732s]     runtime library [liboctomath.so.1.9] in /usr/lib/x86_64-linux-gnu may be hidden by files in:
[0.732s]       /opt/ros/humble/lib/x86_64-linux-gnu
[0.733s] 
[0.733s]   Some of these libraries may not be found correctly.
[0.733s] 
[0.733s] 
[0.733s] CMake Warning at CMakeLists.txt:70 (add_executable):
[0.733s]   Cannot generate a safe runtime search path for target wbc_hqp_v2 because
[0.733s]   there is a cycle in the constraint graph:
[0.733s] 
[0.733s]     dir 0 is [/usr/local/lib]
[0.733s]     dir 1 is [/opt/ros/humble/lib]
[0.733s]     dir 2 is [/opt/ros/humble/lib/x86_64-linux-gnu]
[0.733s]       dir 3 must precede it due to runtime library [libpinocchio_parsers.so.3.9.0]
[0.733s]     dir 3 is [/opt/openrobots/lib]
[0.733s]       dir 2 must precede it due to runtime library [libpinocchio_default.so.3.9.0]
[0.733s] 
[0.733s]   Some of these libraries may not be found correctly.
[0.733s] 
[0.733s] 
[0.737s] CMake Warning at CMakeLists.txt:82 (add_executable):
[0.738s]   Cannot generate a safe runtime search path for target wbc_hqp_v3 because
[0.738s]   files in some directories may conflict with libraries in implicit
[0.738s]   directories:
[0.738s] 
[0.738s]     runtime library [liburdfdom_sensor.so.3.0] in /usr/lib/x86_64-linux-gnu may be hidden by files in:
[0.738s]       /opt/ros/humble/lib/x86_64-linux-gnu
[0.738s]     runtime library [liburdfdom_model_state.so.3.0] in /usr/lib/x86_64-linux-gnu may be hidden by files in:
[0.738s]       /opt/ros/humble/lib/x86_64-linux-gnu
[0.738s]     runtime library [liburdfdom_model.so.3.0] in /usr/lib/x86_64-linux-gnu may be hidden by files in:
[0.738s]       /opt/ros/humble/lib/x86_64-linux-gnu
[0.738s]     runtime library [liburdfdom_world.so.3.0] in /usr/lib/x86_64-linux-gnu may be hidden by files in:
[0.738s]       /opt/ros/humble/lib/x86_64-linux-gnu
[0.738s]     runtime library [liboctomap.so.1.9] in /usr/lib/x86_64-linux-gnu may be hidden by files in:
[0.738s]       /opt/ros/humble/lib/x86_64-linux-gnu
[0.738s]     runtime library [liboctomath.so.1.9] in /usr/lib/x86_64-linux-gnu may be hidden by files in:
[0.738s]       /opt/ros/humble/lib/x86_64-linux-gnu
[0.738s] 
[0.738s]   Some of these libraries may not be found correctly.
[0.738s] 
[0.738s] 
[0.738s] CMake Warning at CMakeLists.txt:82 (add_executable):
[0.738s]   Cannot generate a safe runtime search path for target wbc_hqp_v3 because
[0.738s]   there is a cycle in the constraint graph:
[0.738s] 
[0.738s]     dir 0 is [/usr/local/lib]
[0.738s]     dir 1 is [/opt/ros/humble/lib]
[0.738s]     dir 2 is [/opt/ros/humble/lib/x86_64-linux-gnu]
[0.738s]       dir 3 must precede it due to runtime library [libpinocchio_parsers.so.3.9.0]
[0.738s]     dir 3 is [/opt/openrobots/lib]
[0.738s]       dir 2 must precede it due to runtime library [libpinocchio_default.so.3.9.0]
[0.738s] 
[0.738s]   Some of these libraries may not be found correctly.
[0.738s] 
[0.738s] 
[0.742s] CMake Warning at CMakeLists.txt:94 (add_executable):
[0.742s]   Cannot generate a safe runtime search path for target
[0.742s]   base_arm_task_controller because files in some directories may conflict
[0.742s]   with libraries in implicit directories:
[0.742s] 
[0.742s]     runtime library [liburdfdom_sensor.so.3.0] in /usr/lib/x86_64-linux-gnu may be hidden by files in:
[0.743s]       /opt/ros/humble/lib/x86_64-linux-gnu
[0.743s]     runtime library [liburdfdom_model_state.so.3.0] in /usr/lib/x86_64-linux-gnu may be hidden by files in:
[0.743s]       /opt/ros/humble/lib/x86_64-linux-gnu
[0.743s]     runtime library [liburdfdom_model.so.3.0] in /usr/lib/x86_64-linux-gnu may be hidden by files in:
[0.743s]       /opt/ros/humble/lib/x86_64-linux-gnu
[0.743s]     runtime library [liburdfdom_world.so.3.0] in /usr/lib/x86_64-linux-gnu may be hidden by files in:
[0.743s]       /opt/ros/humble/lib/x86_64-linux-gnu
[0.743s]     runtime library [liboctomap.so.1.9] in /usr/lib/x86_64-linux-gnu may be hidden by files in:
[0.743s]       /opt/ros/humble/lib/x86_64-linux-gnu
[0.743s]     runtime library [liboctomath.so.1.9] in /usr/lib/x86_64-linux-gnu may be hidden by files in:
[0.743s]       /opt/ros/humble/lib/x86_64-linux-gnu
[0.743s] 
[0.743s]   Some of these libraries may not be found correctly.
[0.743s] 
[0.743s] 
[0.743s] CMake Warning at CMakeLists.txt:94 (add_executable):
[0.743s]   Cannot generate a safe runtime search path for target
[0.743s]   base_arm_task_controller because there is a cycle in the constraint graph:
[0.743s] 
[0.743s]     dir 0 is [/usr/local/lib]
[0.743s]     dir 1 is [/opt/ros/humble/lib]
[0.743s]     dir 2 is [/opt/ros/humble/lib/x86_64-linux-gnu]
[0.743s]       dir 3 must precede it due to runtime library [libpinocchio_parsers.so.3.9.0]
[0.743s]     dir 3 is [/opt/openrobots/lib]
[0.743s]       dir 2 must precede it due to runtime library [libpinocchio_default.so.3.9.0]
[0.743s] 
[0.743s]   Some of these libraries may not be found correctly.
[0.743s] 
[0.743s] 
[0.747s] CMake Warning at CMakeLists.txt:105 (add_executable):
[0.748s]   Cannot generate a safe runtime search path for target
[0.748s]   base_arm_task_controller_v2 because files in some directories may conflict
[0.748s]   with libraries in implicit directories:
[0.748s] 
[0.748s]     runtime library [liburdfdom_sensor.so.3.0] in /usr/lib/x86_64-linux-gnu may be hidden by files in:
[0.748s]       /opt/ros/humble/lib/x86_64-linux-gnu
[0.748s]     runtime library [liburdfdom_model_state.so.3.0] in /usr/lib/x86_64-linux-gnu may be hidden by files in:
[0.748s]       /opt/ros/humble/lib/x86_64-linux-gnu
[0.748s]     runtime library [liburdfdom_model.so.3.0] in /usr/lib/x86_64-linux-gnu may be hidden by files in:
[0.748s]       /opt/ros/humble/lib/x86_64-linux-gnu
[0.748s]     runtime library [liburdfdom_world.so.3.0] in /usr/lib/x86_64-linux-gnu may be hidden by files in:
[0.748s]       /opt/ros/humble/lib/x86_64-linux-gnu
[0.748s]     runtime library [liboctomap.so.1.9] in /usr/lib/x86_64-linux-gnu may be hidden by files in:
[0.748s]       /opt/ros/humble/lib/x86_64-linux-gnu
[0.748s]     runtime library [liboctomath.so.1.9] in /usr/lib/x86_64-linux-gnu may be hidden by files in:
[0.748s]       /opt/ros/humble/lib/x86_64-linux-gnu
[0.748s] 
[0.748s]   Some of these libraries may not be found correctly.
[0.748s] 
[0.748s] 
[0.748s] CMake Warning at CMakeLists.txt:105 (add_executable):
[0.748s]   Cannot generate a safe runtime search path for target
[0.748s]   base_arm_task_controller_v2 because there is a cycle in the constraint
[0.748s]   graph:
[0.748s] 
[0.748s]     dir 0 is [/usr/local/lib]
[0.748s]     dir 1 is [/opt/ros/humble/lib]
[0.748s]     dir 2 is [/opt/ros/humble/lib/x86_64-linux-gnu]
[0.748s]       dir 3 must precede it due to runtime library [libpinocchio_parsers.so.3.9.0]
[0.748s]     dir 3 is [/opt/openrobots/lib]
[0.748s]       dir 2 must precede it due to runtime library [libpinocchio_default.so.3.9.0]
[0.748s] 
[0.748s]   Some of these libraries may not be found correctly.
[0.748s] 
[0.748s] 
[0.755s] CMake Warning at CMakeLists.txt:129 (add_executable):
[0.755s]   Cannot generate a safe runtime search path for target pin_test because
[0.755s]   files in some directories may conflict with libraries in implicit
[0.755s]   directories:
[0.755s] 
[0.755s]     runtime library [liburdfdom_sensor.so.3.0] in /usr/lib/x86_64-linux-gnu may be hidden by files in:
[0.755s]       /opt/ros/humble/lib/x86_64-linux-gnu
[0.755s]     runtime library [liburdfdom_model_state.so.3.0] in /usr/lib/x86_64-linux-gnu may be hidden by files in:
[0.755s]       /opt/ros/humble/lib/x86_64-linux-gnu
[0.755s]     runtime library [liburdfdom_model.so.3.0] in /usr/lib/x86_64-linux-gnu may be hidden by files in:
[0.755s]       /opt/ros/humble/lib/x86_64-linux-gnu
[0.755s]     runtime library [liburdfdom_world.so.3.0] in /usr/lib/x86_64-linux-gnu may be hidden by files in:
[0.755s]       /opt/ros/humble/lib/x86_64-linux-gnu
[0.755s]     runtime library [liboctomap.so.1.9] in /usr/lib/x86_64-linux-gnu may be hidden by files in:
[0.755s]       /opt/ros/humble/lib/x86_64-linux-gnu
[0.755s]     runtime library [liboctomath.so.1.9] in /usr/lib/x86_64-linux-gnu may be hidden by files in:
[0.755s]       /opt/ros/humble/lib/x86_64-linux-gnu
[0.756s] 
[0.756s]   Some of these libraries may not be found correctly.
[0.756s] 
[0.756s] 
[0.756s] CMake Warning at CMakeLists.txt:129 (add_executable):
[0.756s]   Cannot generate a safe runtime search path for target pin_test because
[0.756s]   there is a cycle in the constraint graph:
[0.756s] 
[0.756s]     dir 0 is [/opt/ros/humble/lib]
[0.756s]     dir 1 is [/opt/openrobots/lib]
[0.756s]       dir 2 must precede it due to runtime library [libpinocchio_default.so.3.9.0]
[0.756s]     dir 2 is [/opt/ros/humble/lib/x86_64-linux-gnu]
[0.756s]       dir 1 must precede it due to runtime library [libpinocchio_parsers.so.3.9.0]
[0.756s] 
[0.756s]   Some of these libraries may not be found correctly.
[0.756s] 
[0.756s] 
[0.762s] -- Generating done
[0.773s] -- Build files have been written to: /home/jin/harco/ecvt2_ws/build/ecvt2_controller
[0.824s] Invoked command in '/home/jin/harco/ecvt2_ws/build/ecvt2_controller' returned '0': CMAKE_PREFIX_PATH=/opt/ros/humble /usr/bin/cmake /home/jin/harco/ecvt2_ws/ecvt2_controller -DCMAKE_INSTALL_PREFIX=/home/jin/harco/ecvt2_ws/install/ecvt2_controller
[0.825s] Invoking command in '/home/jin/harco/ecvt2_ws/build/ecvt2_controller': CMAKE_PREFIX_PATH=/opt/ros/humble /usr/bin/cmake --build /home/jin/harco/ecvt2_ws/build/ecvt2_controller -- -j20 -l20
[0.853s] Consolidate compiler generated dependencies of target com_trajectory_publisher
[0.853s] Consolidate compiler generated dependencies of target teleop_goal_publisher
[0.857s] Consolidate compiler generated dependencies of target wbc_hqp_lib
[0.858s] Consolidate compiler generated dependencies of target kdl_utils
[0.859s] Consolidate compiler generated dependencies of target vp_sto_global_planner_node
[0.859s] Consolidate compiler generated dependencies of target live_upper_dynamics_node
[0.864s] [  7%] Built target wbc_hqp_lib
[0.871s] [ 15%] Built target com_trajectory_publisher
[0.872s] [ 23%] Built target teleop_goal_publisher
[0.872s] [ 30%] Built target kdl_utils
[0.878s] [ 38%] Built target live_upper_dynamics_node
[0.878s] [ 42%] Building CXX object CMakeFiles/vp_sto_global_planner_node.dir/src/vp_sto_global_planner_node.cpp.o
[0.881s] Consolidate compiler generated dependencies of target wbc_hqp_v3
[0.881s] Consolidate compiler generated dependencies of target wbc_hqp_v2
[0.881s] Consolidate compiler generated dependencies of target base_opt_controller
[0.881s] Consolidate compiler generated dependencies of target wbc_hqp
[0.882s] Consolidate compiler generated dependencies of target base_arm_task_controller
[0.882s] Consolidate compiler generated dependencies of target base_arm_task_controller_v2
[0.886s] Consolidate compiler generated dependencies of target pin_test
[0.891s] [ 69%] Built target wbc_hqp_v2
[0.891s] [ 69%] Built target wbc_hqp_v3
[0.891s] [ 69%] Built target wbc_hqp
[0.891s] [ 76%] Built target base_opt_controller
[0.891s] [ 88%] Built target base_arm_task_controller
[0.891s] [ 88%] Built target base_arm_task_controller_v2
[0.904s] [ 96%] Built target pin_test
[4.205s] In file included from /opt/openrobots/include/hpp/fcl/config.hh:1,
[4.205s]                  from /opt/openrobots/include/pinocchio/serialization/eigen.hpp:20,
[4.205s]                  from /opt/openrobots/include/pinocchio/serialization/fwd.hpp:11,
[4.205s]                  from /opt/openrobots/include/pinocchio/multibody/joint/joint-composite.hpp:14,
[4.205s]                  from /opt/openrobots/include/pinocchio/multibody/joint/joint-generic.hpp:9,
[4.205s]                  from /opt/openrobots/include/pinocchio/multibody/model.hpp:17,
[4.205s]                  from /opt/openrobots/include/pinocchio/parsers/urdf.hpp:9,
[4.205s]                  from /home/jin/harco/ecvt2_ws/ecvt2_controller/src/vp_sto_global_planner_node.cpp:7:
[4.205s] /opt/openrobots/include/hpp/fcl/coal.hpp:12:99: note: ‘#pragma message: Please update your includes from 'hpp/fcl' to 'coal' or define COAL_DISABLE_HPP_FCL_WARNINGS’
[4.205s]    12 |     "Please update your includes from 'hpp/fcl' to 'coal' or define COAL_DISABLE_HPP_FCL_WARNINGS")
[4.205s]       |                                                                                                   ^
[39.602s] [100%] Linking CXX executable vp_sto_global_planner_node
[41.024s] [100%] Built target vp_sto_global_planner_node
[41.032s] Invoked command in '/home/jin/harco/ecvt2_ws/build/ecvt2_controller' returned '0': CMAKE_PREFIX_PATH=/opt/ros/humble /usr/bin/cmake --build /home/jin/harco/ecvt2_ws/build/ecvt2_controller -- -j20 -l20
[41.038s] Invoking command in '/home/jin/harco/ecvt2_ws/build/ecvt2_controller': CMAKE_PREFIX_PATH=/opt/ros/humble /usr/bin/cmake --install /home/jin/harco/ecvt2_ws/build/ecvt2_controller
[41.044s] -- Install configuration: ""
[41.044s] -- Execute custom install script
[41.045s] -- Up-to-date symlink: /home/jin/harco/ecvt2_ws/install/ecvt2_controller/lib/ecvt2_controller/teleop_goal_publisher
[41.045s] -- Up-to-date symlink: /home/jin/harco/ecvt2_ws/install/ecvt2_controller/lib/ecvt2_controller/live_upper_dynamics_node
[41.045s] -- Up-to-date symlink: /home/jin/harco/ecvt2_ws/install/ecvt2_controller/lib/ecvt2_controller/vp_sto_global_planner_node
[41.045s] -- Up-to-date symlink: /home/jin/harco/ecvt2_ws/install/ecvt2_controller/include/ecvt2_controller/kdl_utils.hpp
[41.046s] -- Up-to-date symlink: /home/jin/harco/ecvt2_ws/install/ecvt2_controller/include/ecvt2_controller/wbc_hqp_lib.hpp
[41.046s] -- Up-to-date symlink: /home/jin/harco/ecvt2_ws/install/ecvt2_controller/lib/libkdl_utils.a
[41.046s] -- Up-to-date symlink: /home/jin/harco/ecvt2_ws/install/ecvt2_controller/lib/libwbc_hqp_lib.a
[41.046s] -- Up-to-date symlink: /home/jin/harco/ecvt2_ws/install/ecvt2_controller/lib/ecvt2_controller/base_opt_controller
[41.046s] -- Up-to-date symlink: /home/jin/harco/ecvt2_ws/install/ecvt2_controller/lib/ecvt2_controller/wbc_hqp
[41.046s] -- Up-to-date symlink: /home/jin/harco/ecvt2_ws/install/ecvt2_controller/lib/ecvt2_controller/wbc_hqp_v2
[41.046s] -- Up-to-date symlink: /home/jin/harco/ecvt2_ws/install/ecvt2_controller/lib/ecvt2_controller/wbc_hqp_v3
[41.046s] -- Up-to-date symlink: /home/jin/harco/ecvt2_ws/install/ecvt2_controller/lib/ecvt2_controller/base_arm_task_controller
[41.047s] -- Up-to-date symlink: /home/jin/harco/ecvt2_ws/install/ecvt2_controller/lib/ecvt2_controller/base_arm_task_controller_v2
[41.047s] -- Up-to-date symlink: /home/jin/harco/ecvt2_ws/install/ecvt2_controller/lib/ecvt2_controller/teleop_goal_publisher
[41.047s] -- Up-to-date symlink: /home/jin/harco/ecvt2_ws/install/ecvt2_controller/lib/ecvt2_controller/com_trajectory_publisher
[41.047s] -- Up-to-date symlink: /home/jin/harco/ecvt2_ws/install/ecvt2_controller/lib/ecvt2_controller/pin_test
[41.047s] -- Up-to-date symlink: /home/jin/harco/ecvt2_ws/install/ecvt2_controller/share/ament_index/resource_index/package_run_dependencies/ecvt2_controller
[41.047s] -- Up-to-date symlink: /home/jin/harco/ecvt2_ws/install/ecvt2_controller/share/ament_index/resource_index/parent_prefix_path/ecvt2_controller
[41.047s] -- Up-to-date symlink: /home/jin/harco/ecvt2_ws/install/ecvt2_controller/share/ecvt2_controller/environment/ament_prefix_path.sh
[41.047s] -- Up-to-date symlink: /home/jin/harco/ecvt2_ws/install/ecvt2_controller/share/ecvt2_controller/environment/ament_prefix_path.dsv
[41.047s] -- Up-to-date symlink: /home/jin/harco/ecvt2_ws/install/ecvt2_controller/share/ecvt2_controller/environment/path.sh
[41.047s] -- Up-to-date symlink: /home/jin/harco/ecvt2_ws/install/ecvt2_controller/share/ecvt2_controller/environment/path.dsv
[41.047s] -- Up-to-date symlink: /home/jin/harco/ecvt2_ws/install/ecvt2_controller/share/ecvt2_controller/local_setup.bash
[41.047s] -- Up-to-date symlink: /home/jin/harco/ecvt2_ws/install/ecvt2_controller/share/ecvt2_controller/local_setup.sh
[41.047s] -- Up-to-date symlink: /home/jin/harco/ecvt2_ws/install/ecvt2_controller/share/ecvt2_controller/local_setup.zsh
[41.047s] -- Up-to-date symlink: /home/jin/harco/ecvt2_ws/install/ecvt2_controller/share/ecvt2_controller/local_setup.dsv
[41.047s] -- Symlinking: /home/jin/harco/ecvt2_ws/install/ecvt2_controller/share/ecvt2_controller/package.dsv
[41.052s] -- Up-to-date symlink: /home/jin/harco/ecvt2_ws/install/ecvt2_controller/share/ament_index/resource_index/packages/ecvt2_controller
[41.052s] -- Up-to-date symlink: /home/jin/harco/ecvt2_ws/install/ecvt2_controller/share/ecvt2_controller/cmake/ecvt2_controllerConfig.cmake
[41.052s] -- Up-to-date symlink: /home/jin/harco/ecvt2_ws/install/ecvt2_controller/share/ecvt2_controller/cmake/ecvt2_controllerConfig-version.cmake
[41.052s] -- Up-to-date symlink: /home/jin/harco/ecvt2_ws/install/ecvt2_controller/share/ecvt2_controller/package.xml
[41.053s] Invoked command in '/home/jin/harco/ecvt2_ws/build/ecvt2_controller' returned '0': CMAKE_PREFIX_PATH=/opt/ros/humble /usr/bin/cmake --install /home/jin/harco/ecvt2_ws/build/ecvt2_controller
