[0.025s] Invoking command in '/home/jin/harco/ecvt2_ws/build/ecvt2_controller': CMAKE_PREFIX_PATH=/home/jin/harco/ecvt2_ws/install/ifopt:/opt/ros/humble LD_LIBRARY_PATH=/home/jin/harco/ecvt2_ws/install/ifopt/lib:${LD_LIBRARY_PATH} PKG_CONFIG_PATH=/home/jin/harco/ecvt2_ws/install/ifopt/lib/x86_64-linux-gnu/pkgconfig:/home/jin/harco/ecvt2_ws/install/ifopt/lib/pkgconfig /usr/bin/cmake /home/jin/harco/ecvt2_ws/ecvt2_controller -DBUILD_SNOPT=OFF -DCMAKE_INSTALL_PREFIX=/home/jin/harco/ecvt2_ws/install/ecvt2_controller
[0.050s] -- Found ament_cmake: 1.3.12 (/opt/ros/humble/share/ament_cmake/cmake)
[0.291s] -- Override CMake install command with custom implementation using symlinks instead of copying resources
[0.298s] -- Found rclcpp: 16.0.16 (/opt/ros/humble/share/rclcpp/cmake)
[0.322s] -- Found rosidl_generator_c: 3.1.7 (/opt/ros/humble/share/rosidl_generator_c/cmake)
[0.324s] -- Found rosidl_adapter: 3.1.7 (/opt/ros/humble/share/rosidl_adapter/cmake)
[0.328s] -- Found rosidl_generator_cpp: 3.1.7 (/opt/ros/humble/share/rosidl_generator_cpp/cmake)
[0.334s] -- Using all available rosidl_typesupport_c: rosidl_typesupport_fastrtps_c;rosidl_typesupport_introspection_c
[0.342s] -- Using all available rosidl_typesupport_cpp: rosidl_typesupport_fastrtps_cpp;rosidl_typesupport_introspection_cpp
[0.362s] -- Found rmw_implementation_cmake: 6.1.2 (/opt/ros/humble/share/rmw_implementation_cmake/cmake)
[0.363s] -- Found rmw_fastrtps_cpp: 6.2.9 (/opt/ros/humble/share/rmw_fastrtps_cpp/cmake)
[0.437s] -- Using RMW implementation 'rmw_fastrtps_cpp' as default
[0.479s] -- Found geometry_msgs: 4.9.0 (/opt/ros/humble/share/geometry_msgs/cmake)
[0.488s] -- Found sensor_msgs: 4.9.0 (/opt/ros/humble/share/sensor_msgs/cmake)
[0.508s] -- Found visualization_msgs: 4.9.0 (/opt/ros/humble/share/visualization_msgs/cmake)
[0.530s] -- Found trajectory_msgs: 4.9.0 (/opt/ros/humble/share/trajectory_msgs/cmake)
[0.552s] -- pinocchio_default FOUND. pinocchio_default at /opt/ros/humble/lib/x86_64-linux-gnu/libpinocchio_default.so
[0.552s] -- pinocchio_parsers FOUND. pinocchio_parsers at /opt/ros/humble/lib/x86_64-linux-gnu/libpinocchio_parsers.so
[0.553s] -- pinocchio_casadi not FOUND.
[0.554s] -- boost_filesystem FOUND. boost_filesystem at /usr/lib/x86_64-linux-gnu/libboost_filesystem.so
[0.568s] -- Found Boost: /usr/include (found version "1.74.0") found components: filesystem serialization 
[0.568s] CMake Warning at /opt/openrobots/lib/cmake/hpp-fcl/hpp-fclConfig.cmake:4 (message):
[0.568s]   Please update your CMake from 'hpp-fcl' to 'coal', or define
[0.568s]   COAL_DISABLE_HPP_FCL_WARNINGS
[0.568s] Call Stack (most recent call first):
[0.568s]   /usr/share/cmake-3.22/Modules/CMakeFindDependencyMacro.cmake:47 (find_package)
[0.568s]   /opt/openrobots/lib/cmake/pinocchio/pinocchioConfig.cmake:161 (find_dependency)
[0.568s]   CMakeLists.txt:20 (find_package)
[0.568s] 
[0.568s] 
[0.571s] -- coal not FOUND.
[0.576s] -- Found Boost: /usr/include (found version "1.74.0") found components: serialization filesystem 
[1.220s] -- Default C++ standard: 201703
[1.220s] -- C++ standard sufficient: Minimal required 11, currently defined: 17
[1.220s] -- CMAKE_CXX_STANDARD was not set: automatically set to currently defined standard 17
[1.220s] -- C++ standard sufficient: Minimal required 11, currently defined: 17
[1.283s] -- Found ament_lint_auto: 0.12.14 (/opt/ros/humble/share/ament_lint_auto/cmake)
[1.437s] -- Added test 'cppcheck' to perform static code analysis on C / C++ code
[1.438s] -- Configured cppcheck include dirs: $<BUILD_INTERFACE:/home/jin/harco/ecvt2_ws/ecvt2_controller/include>
[1.439s] -- Configured cppcheck exclude dirs and/or files: 
[1.439s] -- Added test 'lint_cmake' to check CMake code style
[1.440s] -- Added test 'uncrustify' to check C / C++ code style
[1.440s] -- Configured uncrustify additional arguments: 
[1.440s] -- Added test 'xmllint' to check XML markup files
[1.442s] -- Configuring done
[1.456s] CMake Warning at CMakeLists.txt:49 (add_executable):
[1.456s]   Cannot generate a safe runtime search path for target base_opt_controller
[1.456s]   because files in some directories may conflict with libraries in implicit
[1.456s]   directories:
[1.456s] 
[1.456s]     runtime library [liburdfdom_sensor.so.3.0] in /usr/lib/x86_64-linux-gnu may be hidden by files in:
[1.456s]       /opt/ros/humble/lib/x86_64-linux-gnu
[1.456s]     runtime library [liburdfdom_model_state.so.3.0] in /usr/lib/x86_64-linux-gnu may be hidden by files in:
[1.456s]       /opt/ros/humble/lib/x86_64-linux-gnu
[1.456s]     runtime library [liburdfdom_model.so.3.0] in /usr/lib/x86_64-linux-gnu may be hidden by files in:
[1.457s]       /opt/ros/humble/lib/x86_64-linux-gnu
[1.457s]     runtime library [liburdfdom_world.so.3.0] in /usr/lib/x86_64-linux-gnu may be hidden by files in:
[1.457s]       /opt/ros/humble/lib/x86_64-linux-gnu
[1.457s]     runtime library [liboctomap.so.1.9] in /usr/lib/x86_64-linux-gnu may be hidden by files in:
[1.457s]       /opt/ros/humble/lib/x86_64-linux-gnu
[1.457s]     runtime library [liboctomath.so.1.9] in /usr/lib/x86_64-linux-gnu may be hidden by files in:
[1.457s]       /opt/ros/humble/lib/x86_64-linux-gnu
[1.457s] 
[1.457s]   Some of these libraries may not be found correctly.
[1.457s] 
[1.457s] 
[1.457s] CMake Warning at CMakeLists.txt:49 (add_executable):
[1.457s]   Cannot generate a safe runtime search path for target base_opt_controller
[1.457s]   because there is a cycle in the constraint graph:
[1.457s] 
[1.457s]     dir 0 is [/usr/local/lib]
[1.457s]     dir 1 is [/opt/ros/humble/lib]
[1.457s]     dir 2 is [/opt/ros/humble/lib/x86_64-linux-gnu]
[1.457s]       dir 3 must precede it due to runtime library [libpinocchio_parsers.so.3.9.0]
[1.457s]     dir 3 is [/opt/openrobots/lib]
[1.458s]       dir 2 must precede it due to runtime library [libpinocchio_default.so.3.9.0]
[1.458s] 
[1.458s]   Some of these libraries may not be found correctly.
[1.458s] 
[1.458s] 
[1.461s] CMake Warning at CMakeLists.txt:60 (add_executable):
[1.461s]   Cannot generate a safe runtime search path for target wbc_hqp because files
[1.461s]   in some directories may conflict with libraries in implicit directories:
[1.461s] 
[1.461s]     runtime library [liburdfdom_sensor.so.3.0] in /usr/lib/x86_64-linux-gnu may be hidden by files in:
[1.461s]       /opt/ros/humble/lib/x86_64-linux-gnu
[1.461s]     runtime library [liburdfdom_model_state.so.3.0] in /usr/lib/x86_64-linux-gnu may be hidden by files in:
[1.461s]       /opt/ros/humble/lib/x86_64-linux-gnu
[1.461s]     runtime library [liburdfdom_model.so.3.0] in /usr/lib/x86_64-linux-gnu may be hidden by files in:
[1.461s]       /opt/ros/humble/lib/x86_64-linux-gnu
[1.461s]     runtime library [liburdfdom_world.so.3.0] in /usr/lib/x86_64-linux-gnu may be hidden by files in:
[1.462s]       /opt/ros/humble/lib/x86_64-linux-gnu
[1.462s]     runtime library [liboctomap.so.1.9] in /usr/lib/x86_64-linux-gnu may be hidden by files in:
[1.462s]       /opt/ros/humble/lib/x86_64-linux-gnu
[1.462s]     runtime library [liboctomath.so.1.9] in /usr/lib/x86_64-linux-gnu may be hidden by files in:
[1.462s]       /opt/ros/humble/lib/x86_64-linux-gnu
[1.462s] 
[1.462s]   Some of these libraries may not be found correctly.
[1.462s] 
[1.462s] 
[1.462s] CMake Warning at CMakeLists.txt:60 (add_executable):
[1.462s]   Cannot generate a safe runtime search path for target wbc_hqp because there
[1.462s]   is a cycle in the constraint graph:
[1.462s] 
[1.462s]     dir 0 is [/usr/local/lib]
[1.462s]     dir 1 is [/opt/ros/humble/lib]
[1.462s]     dir 2 is [/opt/ros/humble/lib/x86_64-linux-gnu]
[1.462s]       dir 3 must precede it due to runtime library [libpinocchio_parsers.so.3.9.0]
[1.462s]     dir 3 is [/opt/openrobots/lib]
[1.462s]       dir 2 must precede it due to runtime library [libpinocchio_default.so.3.9.0]
[1.462s] 
[1.462s]   Some of these libraries may not be found correctly.
[1.463s] 
[1.463s] 
[1.466s] CMake Warning at CMakeLists.txt:71 (add_executable):
[1.466s]   Cannot generate a safe runtime search path for target wbc_hqp_v2 because
[1.466s]   files in some directories may conflict with libraries in implicit
[1.466s]   directories:
[1.466s] 
[1.466s]     runtime library [liburdfdom_sensor.so.3.0] in /usr/lib/x86_64-linux-gnu may be hidden by files in:
[1.466s]       /opt/ros/humble/lib/x86_64-linux-gnu
[1.466s]     runtime library [liburdfdom_model_state.so.3.0] in /usr/lib/x86_64-linux-gnu may be hidden by files in:
[1.467s]       /opt/ros/humble/lib/x86_64-linux-gnu
[1.467s]     runtime library [liburdfdom_model.so.3.0] in /usr/lib/x86_64-linux-gnu may be hidden by files in:
[1.467s]       /opt/ros/humble/lib/x86_64-linux-gnu
[1.467s]     runtime library [liburdfdom_world.so.3.0] in /usr/lib/x86_64-linux-gnu may be hidden by files in:
[1.467s]       /opt/ros/humble/lib/x86_64-linux-gnu
[1.467s]     runtime library [liboctomap.so.1.9] in /usr/lib/x86_64-linux-gnu may be hidden by files in:
[1.467s]       /opt/ros/humble/lib/x86_64-linux-gnu
[1.467s]     runtime library [liboctomath.so.1.9] in /usr/lib/x86_64-linux-gnu may be hidden by files in:
[1.467s]       /opt/ros/humble/lib/x86_64-linux-gnu
[1.467s] 
[1.467s]   Some of these libraries may not be found correctly.
[1.467s] 
[1.468s] 
[1.468s] CMake Warning at CMakeLists.txt:71 (add_executable):
[1.468s]   Cannot generate a safe runtime search path for target wbc_hqp_v2 because
[1.468s]   there is a cycle in the constraint graph:
[1.468s] 
[1.468s]     dir 0 is [/usr/local/lib]
[1.468s]     dir 1 is [/opt/ros/humble/lib]
[1.468s]     dir 2 is [/opt/ros/humble/lib/x86_64-linux-gnu]
[1.468s]       dir 3 must precede it due to runtime library [libpinocchio_parsers.so.3.9.0]
[1.468s]     dir 3 is [/opt/openrobots/lib]
[1.468s]       dir 2 must precede it due to runtime library [libpinocchio_default.so.3.9.0]
[1.468s] 
[1.468s]   Some of these libraries may not be found correctly.
[1.468s] 
[1.468s] 
[1.471s] CMake Warning at CMakeLists.txt:83 (add_executable):
[1.471s]   Cannot generate a safe runtime search path for target wbc_hqp_v3 because
[1.471s]   files in some directories may conflict with libraries in implicit
[1.471s]   directories:
[1.471s] 
[1.471s]     runtime library [liburdfdom_sensor.so.3.0] in /usr/lib/x86_64-linux-gnu may be hidden by files in:
[1.471s]       /opt/ros/humble/lib/x86_64-linux-gnu
[1.471s]     runtime library [liburdfdom_model_state.so.3.0] in /usr/lib/x86_64-linux-gnu may be hidden by files in:
[1.471s]       /opt/ros/humble/lib/x86_64-linux-gnu
[1.471s]     runtime library [liburdfdom_model.so.3.0] in /usr/lib/x86_64-linux-gnu may be hidden by files in:
[1.471s]       /opt/ros/humble/lib/x86_64-linux-gnu
[1.471s]     runtime library [liburdfdom_world.so.3.0] in /usr/lib/x86_64-linux-gnu may be hidden by files in:
[1.471s]       /opt/ros/humble/lib/x86_64-linux-gnu
[1.471s]     runtime library [liboctomap.so.1.9] in /usr/lib/x86_64-linux-gnu may be hidden by files in:
[1.471s]       /opt/ros/humble/lib/x86_64-linux-gnu
[1.471s]     runtime library [liboctomath.so.1.9] in /usr/lib/x86_64-linux-gnu may be hidden by files in:
[1.471s]       /opt/ros/humble/lib/x86_64-linux-gnu
[1.471s] 
[1.471s]   Some of these libraries may not be found correctly.
[1.472s] 
[1.472s] 
[1.472s] CMake Warning at CMakeLists.txt:83 (add_executable):
[1.472s]   Cannot generate a safe runtime search path for target wbc_hqp_v3 because
[1.472s]   there is a cycle in the constraint graph:
[1.472s] 
[1.472s]     dir 0 is [/usr/local/lib]
[1.472s]     dir 1 is [/opt/ros/humble/lib]
[1.472s]     dir 2 is [/opt/ros/humble/lib/x86_64-linux-gnu]
[1.472s]       dir 3 must precede it due to runtime library [libpinocchio_parsers.so.3.9.0]
[1.472s]     dir 3 is [/opt/openrobots/lib]
[1.472s]       dir 2 must precede it due to runtime library [libpinocchio_default.so.3.9.0]
[1.472s] 
[1.472s]   Some of these libraries may not be found correctly.
[1.472s] 
[1.472s] 
[1.476s] CMake Warning at CMakeLists.txt:95 (add_executable):
[1.476s]   Cannot generate a safe runtime search path for target
[1.476s]   base_arm_task_controller because files in some directories may conflict
[1.476s]   with libraries in implicit directories:
[1.477s] 
[1.477s]     runtime library [liburdfdom_sensor.so.3.0] in /usr/lib/x86_64-linux-gnu may be hidden by files in:
[1.477s]       /opt/ros/humble/lib/x86_64-linux-gnu
[1.477s]     runtime library [liburdfdom_model_state.so.3.0] in /usr/lib/x86_64-linux-gnu may be hidden by files in:
[1.477s]       /opt/ros/humble/lib/x86_64-linux-gnu
[1.477s]     runtime library [liburdfdom_model.so.3.0] in /usr/lib/x86_64-linux-gnu may be hidden by files in:
[1.477s]       /opt/ros/humble/lib/x86_64-linux-gnu
[1.477s]     runtime library [liburdfdom_world.so.3.0] in /usr/lib/x86_64-linux-gnu may be hidden by files in:
[1.477s]       /opt/ros/humble/lib/x86_64-linux-gnu
[1.477s]     runtime library [liboctomap.so.1.9] in /usr/lib/x86_64-linux-gnu may be hidden by files in:
[1.477s]       /opt/ros/humble/lib/x86_64-linux-gnu
[1.478s]     runtime library [liboctomath.so.1.9] in /usr/lib/x86_64-linux-gnu may be hidden by files in:
[1.478s]       /opt/ros/humble/lib/x86_64-linux-gnu
[1.478s] 
[1.478s]   Some of these libraries may not be found correctly.
[1.478s] 
[1.478s] 
[1.478s] CMake Warning at CMakeLists.txt:95 (add_executable):
[1.478s]   Cannot generate a safe runtime search path for target
[1.478s]   base_arm_task_controller because there is a cycle in the constraint graph:
[1.478s] 
[1.478s]     dir 0 is [/usr/local/lib]
[1.478s]     dir 1 is [/opt/ros/humble/lib]
[1.478s]     dir 2 is [/opt/ros/humble/lib/x86_64-linux-gnu]
[1.478s]       dir 3 must precede it due to runtime library [libpinocchio_parsers.so.3.9.0]
[1.479s]     dir 3 is [/opt/openrobots/lib]
[1.479s]       dir 2 must precede it due to runtime library [libpinocchio_default.so.3.9.0]
[1.479s] 
[1.479s]   Some of these libraries may not be found correctly.
[1.479s] 
[1.479s] 
[1.480s] CMake Warning at CMakeLists.txt:106 (add_executable):
[1.480s]   Cannot generate a safe runtime search path for target
[1.480s]   base_arm_task_controller_v2 because files in some directories may conflict
[1.480s]   with libraries in implicit directories:
[1.480s] 
[1.481s]     runtime library [liburdfdom_sensor.so.3.0] in /usr/lib/x86_64-linux-gnu may be hidden by files in:
[1.481s]       /opt/ros/humble/lib/x86_64-linux-gnu
[1.481s]     runtime library [liburdfdom_model_state.so.3.0] in /usr/lib/x86_64-linux-gnu may be hidden by files in:
[1.481s]       /opt/ros/humble/lib/x86_64-linux-gnu
[1.481s]     runtime library [liburdfdom_model.so.3.0] in /usr/lib/x86_64-linux-gnu may be hidden by files in:
[1.481s]       /opt/ros/humble/lib/x86_64-linux-gnu
[1.481s]     runtime library [liburdfdom_world.so.3.0] in /usr/lib/x86_64-linux-gnu may be hidden by files in:
[1.481s]       /opt/ros/humble/lib/x86_64-linux-gnu
[1.481s]     runtime library [liboctomap.so.1.9] in /usr/lib/x86_64-linux-gnu may be hidden by files in:
[1.481s]       /opt/ros/humble/lib/x86_64-linux-gnu
[1.481s]     runtime library [liboctomath.so.1.9] in /usr/lib/x86_64-linux-gnu may be hidden by files in:
[1.481s]       /opt/ros/humble/lib/x86_64-linux-gnu
[1.481s] 
[1.481s]   Some of these libraries may not be found correctly.
[1.482s] 
[1.482s] 
[1.482s] CMake Warning at CMakeLists.txt:106 (add_executable):
[1.482s]   Cannot generate a safe runtime search path for target
[1.482s]   base_arm_task_controller_v2 because there is a cycle in the constraint
[1.482s]   graph:
[1.482s] 
[1.482s]     dir 0 is [/usr/local/lib]
[1.482s]     dir 1 is [/opt/ros/humble/lib]
[1.482s]     dir 2 is [/opt/ros/humble/lib/x86_64-linux-gnu]
[1.482s]       dir 3 must precede it due to runtime library [libpinocchio_parsers.so.3.9.0]
[1.482s]     dir 3 is [/opt/openrobots/lib]
[1.482s]       dir 2 must precede it due to runtime library [libpinocchio_default.so.3.9.0]
[1.482s] 
[1.482s]   Some of these libraries may not be found correctly.
[1.482s] 
[1.482s] 
[1.484s] CMake Warning at CMakeLists.txt:117 (add_executable):
[1.484s]   Cannot generate a safe runtime search path for target
[1.484s]   base_arm_task_controller_full because files in some directories may
[1.484s]   conflict with libraries in implicit directories:
[1.484s] 
[1.484s]     runtime library [liburdfdom_sensor.so.3.0] in /usr/lib/x86_64-linux-gnu may be hidden by files in:
[1.484s]       /opt/ros/humble/lib/x86_64-linux-gnu
[1.484s]     runtime library [liburdfdom_model_state.so.3.0] in /usr/lib/x86_64-linux-gnu may be hidden by files in:
[1.484s]       /opt/ros/humble/lib/x86_64-linux-gnu
[1.484s]     runtime library [liburdfdom_model.so.3.0] in /usr/lib/x86_64-linux-gnu may be hidden by files in:
[1.484s]       /opt/ros/humble/lib/x86_64-linux-gnu
[1.484s]     runtime library [liburdfdom_world.so.3.0] in /usr/lib/x86_64-linux-gnu may be hidden by files in:
[1.484s]       /opt/ros/humble/lib/x86_64-linux-gnu
[1.484s]     runtime library [liboctomap.so.1.9] in /usr/lib/x86_64-linux-gnu may be hidden by files in:
[1.484s]       /opt/ros/humble/lib/x86_64-linux-gnu
[1.484s]     runtime library [liboctomath.so.1.9] in /usr/lib/x86_64-linux-gnu may be hidden by files in:
[1.484s]       /opt/ros/humble/lib/x86_64-linux-gnu
[1.484s] 
[1.484s]   Some of these libraries may not be found correctly.
[1.484s] 
[1.484s] 
[1.484s] CMake Warning at CMakeLists.txt:117 (add_executable):
[1.484s]   Cannot generate a safe runtime search path for target
[1.484s]   base_arm_task_controller_full because there is a cycle in the constraint
[1.485s]   graph:
[1.485s] 
[1.485s]     dir 0 is [/usr/local/lib]
[1.485s]     dir 1 is [/opt/ros/humble/lib]
[1.485s]     dir 2 is [/opt/ros/humble/lib/x86_64-linux-gnu]
[1.485s]       dir 3 must precede it due to runtime library [libpinocchio_parsers.so.3.9.0]
[1.485s]     dir 3 is [/opt/openrobots/lib]
[1.485s]       dir 2 must precede it due to runtime library [libpinocchio_default.so.3.9.0]
[1.485s] 
[1.485s]   Some of these libraries may not be found correctly.
[1.485s] 
[1.485s] 
[1.491s] CMake Warning at CMakeLists.txt:141 (add_executable):
[1.491s]   Cannot generate a safe runtime search path for target pin_test because
[1.491s]   files in some directories may conflict with libraries in implicit
[1.491s]   directories:
[1.491s] 
[1.491s]     runtime library [liburdfdom_sensor.so.3.0] in /usr/lib/x86_64-linux-gnu may be hidden by files in:
[1.492s]       /opt/ros/humble/lib/x86_64-linux-gnu
[1.492s]     runtime library [liburdfdom_model_state.so.3.0] in /usr/lib/x86_64-linux-gnu may be hidden by files in:
[1.492s]       /opt/ros/humble/lib/x86_64-linux-gnu
[1.492s]     runtime library [liburdfdom_model.so.3.0] in /usr/lib/x86_64-linux-gnu may be hidden by files in:
[1.492s]       /opt/ros/humble/lib/x86_64-linux-gnu
[1.492s]     runtime library [liburdfdom_world.so.3.0] in /usr/lib/x86_64-linux-gnu may be hidden by files in:
[1.492s]       /opt/ros/humble/lib/x86_64-linux-gnu
[1.492s]     runtime library [liboctomap.so.1.9] in /usr/lib/x86_64-linux-gnu may be hidden by files in:
[1.492s]       /opt/ros/humble/lib/x86_64-linux-gnu
[1.492s]     runtime library [liboctomath.so.1.9] in /usr/lib/x86_64-linux-gnu may be hidden by files in:
[1.492s]       /opt/ros/humble/lib/x86_64-linux-gnu
[1.492s] 
[1.492s]   Some of these libraries may not be found correctly.
[1.492s] 
[1.493s] 
[1.493s] CMake Warning at CMakeLists.txt:141 (add_executable):
[1.493s]   Cannot generate a safe runtime search path for target pin_test because
[1.493s]   there is a cycle in the constraint graph:
[1.493s] 
[1.493s]     dir 0 is [/opt/ros/humble/lib]
[1.493s]     dir 1 is [/opt/openrobots/lib]
[1.493s]       dir 2 must precede it due to runtime library [libpinocchio_default.so.3.9.0]
[1.493s]     dir 2 is [/opt/ros/humble/lib/x86_64-linux-gnu]
[1.493s]       dir 1 must precede it due to runtime library [libpinocchio_parsers.so.3.9.0]
[1.493s] 
[1.493s]   Some of these libraries may not be found correctly.
[1.493s] 
[1.493s] 
[1.504s] -- Generating done
[1.506s] CMake Warning:
[1.506s]   Manually-specified variables were not used by the project:
[1.506s] 
[1.506s]     BUILD_SNOPT
[1.506s] 
[1.506s] 
[1.522s] -- Build files have been written to: /home/jin/harco/ecvt2_ws/build/ecvt2_controller
[1.530s] Invoked command in '/home/jin/harco/ecvt2_ws/build/ecvt2_controller' returned '0': CMAKE_PREFIX_PATH=/home/jin/harco/ecvt2_ws/install/ifopt:/opt/ros/humble LD_LIBRARY_PATH=/home/jin/harco/ecvt2_ws/install/ifopt/lib:${LD_LIBRARY_PATH} PKG_CONFIG_PATH=/home/jin/harco/ecvt2_ws/install/ifopt/lib/x86_64-linux-gnu/pkgconfig:/home/jin/harco/ecvt2_ws/install/ifopt/lib/pkgconfig /usr/bin/cmake /home/jin/harco/ecvt2_ws/ecvt2_controller -DBUILD_SNOPT=OFF -DCMAKE_INSTALL_PREFIX=/home/jin/harco/ecvt2_ws/install/ecvt2_controller
[1.532s] Invoking command in '/home/jin/harco/ecvt2_ws/build/ecvt2_controller': CMAKE_PREFIX_PATH=/home/jin/harco/ecvt2_ws/install/ifopt:/opt/ros/humble LD_LIBRARY_PATH=/home/jin/harco/ecvt2_ws/install/ifopt/lib:${LD_LIBRARY_PATH} PKG_CONFIG_PATH=/home/jin/harco/ecvt2_ws/install/ifopt/lib/x86_64-linux-gnu/pkgconfig:/home/jin/harco/ecvt2_ws/install/ifopt/lib/pkgconfig /usr/bin/cmake --build /home/jin/harco/ecvt2_ws/build/ecvt2_controller -- -j20 -l20
[1.572s] Consolidate compiler generated dependencies of target kdl_utils
[1.589s] [  6%] Built target kdl_utils
[1.616s] Consolidate compiler generated dependencies of target vp_sto_paper_global_planner_node
[1.665s] [ 12%] Built target vp_sto_paper_global_planner_node
[1.718s] Consolidate compiler generated dependencies of target pin_test
[1.764s] [ 18%] Built target pin_test
[1.799s] Consolidate compiler generated dependencies of target base_arm_task_controller
[1.828s] [ 25%] Built target base_arm_task_controller
[1.866s] Consolidate compiler generated dependencies of target wbc_hqp
[1.901s] [ 31%] Built target wbc_hqp
[1.936s] Consolidate compiler generated dependencies of target base_opt_controller
[1.969s] [ 37%] Built target base_opt_controller
[2.027s] Consolidate compiler generated dependencies of target vp_sto_global_planner_full_node
[2.077s] [ 40%] Building CXX object CMakeFiles/vp_sto_global_planner_full_node.dir/src/vp_sto_global_planner_full_node.cpp.o
[8.182s] In file included from /opt/openrobots/include/hpp/fcl/config.hh:1,
[8.182s]                  from /opt/openrobots/include/pinocchio/serialization/eigen.hpp:20,
[8.182s]                  from /opt/openrobots/include/pinocchio/serialization/fwd.hpp:11,
[8.182s]                  from /opt/openrobots/include/pinocchio/multibody/joint/joint-composite.hpp:14,
[8.182s]                  from /opt/openrobots/include/pinocchio/multibody/joint/joint-generic.hpp:9,
[8.182s]                  from /opt/openrobots/include/pinocchio/multibody/model.hpp:17,
[8.183s]                  from /opt/openrobots/include/pinocchio/parsers/urdf.hpp:9,
[8.183s]                  from /home/jin/harco/ecvt2_ws/ecvt2_controller/src/vp_sto_global_planner_full_node.cpp:7:
[8.183s] /opt/openrobots/include/hpp/fcl/coal.hpp:12:99: note: ‘#pragma message: Please update your includes from 'hpp/fcl' to 'coal' or define COAL_DISABLE_HPP_FCL_WARNINGS’
[8.183s]    12 |     "Please update your includes from 'hpp/fcl' to 'coal' or define COAL_DISABLE_HPP_FCL_WARNINGS")
[8.183s]       |                                                                                                   ^
[74.436s] [ 43%] Linking CXX executable vp_sto_global_planner_full_node
[76.974s] [ 43%] Built target vp_sto_global_planner_full_node
[76.994s] Consolidate compiler generated dependencies of target vp_sto_global_planner_node
[77.010s] [ 50%] Built target vp_sto_global_planner_node
[77.038s] Consolidate compiler generated dependencies of target live_upper_dynamics_node
[77.062s] [ 56%] Built target live_upper_dynamics_node
[77.078s] Consolidate compiler generated dependencies of target com_trajectory_publisher
[77.087s] [ 62%] Built target com_trajectory_publisher
[77.096s] Consolidate compiler generated dependencies of target teleop_goal_publisher
[77.105s] [ 68%] Built target teleop_goal_publisher
[77.114s] Consolidate compiler generated dependencies of target wbc_hqp_lib
[77.122s] [ 75%] Built target wbc_hqp_lib
[77.135s] Consolidate compiler generated dependencies of target wbc_hqp_v2
[77.147s] [ 81%] Built target wbc_hqp_v2
[77.160s] Consolidate compiler generated dependencies of target base_arm_task_controller_full
[77.172s] [ 87%] Built target base_arm_task_controller_full
[77.185s] Consolidate compiler generated dependencies of target base_arm_task_controller_v2
[77.197s] [ 93%] Built target base_arm_task_controller_v2
[77.208s] Consolidate compiler generated dependencies of target wbc_hqp_v3
[77.220s] [100%] Built target wbc_hqp_v3
[77.227s] Invoked command in '/home/jin/harco/ecvt2_ws/build/ecvt2_controller' returned '0': CMAKE_PREFIX_PATH=/home/jin/harco/ecvt2_ws/install/ifopt:/opt/ros/humble LD_LIBRARY_PATH=/home/jin/harco/ecvt2_ws/install/ifopt/lib:${LD_LIBRARY_PATH} PKG_CONFIG_PATH=/home/jin/harco/ecvt2_ws/install/ifopt/lib/x86_64-linux-gnu/pkgconfig:/home/jin/harco/ecvt2_ws/install/ifopt/lib/pkgconfig /usr/bin/cmake --build /home/jin/harco/ecvt2_ws/build/ecvt2_controller -- -j20 -l20
[77.228s] Invoking command in '/home/jin/harco/ecvt2_ws/build/ecvt2_controller': CMAKE_PREFIX_PATH=/home/jin/harco/ecvt2_ws/install/ifopt:/opt/ros/humble LD_LIBRARY_PATH=/home/jin/harco/ecvt2_ws/install/ifopt/lib:${LD_LIBRARY_PATH} PKG_CONFIG_PATH=/home/jin/harco/ecvt2_ws/install/ifopt/lib/x86_64-linux-gnu/pkgconfig:/home/jin/harco/ecvt2_ws/install/ifopt/lib/pkgconfig /usr/bin/cmake --install /home/jin/harco/ecvt2_ws/build/ecvt2_controller
[77.233s] -- Install configuration: ""
[77.234s] -- Execute custom install script
[77.234s] -- Up-to-date symlink: /home/jin/harco/ecvt2_ws/install/ecvt2_controller/lib/ecvt2_controller/teleop_goal_publisher
[77.234s] -- Up-to-date symlink: /home/jin/harco/ecvt2_ws/install/ecvt2_controller/lib/ecvt2_controller/live_upper_dynamics_node
[77.234s] -- Up-to-date symlink: /home/jin/harco/ecvt2_ws/install/ecvt2_controller/lib/ecvt2_controller/vp_sto_global_planner_node
[77.234s] -- Up-to-date symlink: /home/jin/harco/ecvt2_ws/install/ecvt2_controller/lib/ecvt2_controller/vp_sto_global_planner_full_node
[77.234s] -- Up-to-date symlink: /home/jin/harco/ecvt2_ws/install/ecvt2_controller/lib/ecvt2_controller/vp_sto_paper_global_planner_node
[77.234s] -- Up-to-date symlink: /home/jin/harco/ecvt2_ws/install/ecvt2_controller/include/ecvt2_controller/kdl_utils.hpp
[77.235s] -- Up-to-date symlink: /home/jin/harco/ecvt2_ws/install/ecvt2_controller/include/ecvt2_controller/wbc_hqp_lib.hpp
[77.235s] -- Up-to-date symlink: /home/jin/harco/ecvt2_ws/install/ecvt2_controller/lib/libkdl_utils.a
[77.235s] -- Up-to-date symlink: /home/jin/harco/ecvt2_ws/install/ecvt2_controller/lib/libwbc_hqp_lib.a
[77.235s] -- Up-to-date symlink: /home/jin/harco/ecvt2_ws/install/ecvt2_controller/lib/ecvt2_controller/base_opt_controller
[77.235s] -- Up-to-date symlink: /home/jin/harco/ecvt2_ws/install/ecvt2_controller/lib/ecvt2_controller/wbc_hqp
[77.235s] -- Up-to-date symlink: /home/jin/harco/ecvt2_ws/install/ecvt2_controller/lib/ecvt2_controller/wbc_hqp_v2
[77.235s] -- Up-to-date symlink: /home/jin/harco/ecvt2_ws/install/ecvt2_controller/lib/ecvt2_controller/wbc_hqp_v3
[77.235s] -- Up-to-date symlink: /home/jin/harco/ecvt2_ws/install/ecvt2_controller/lib/ecvt2_controller/base_arm_task_controller
[77.235s] -- Up-to-date symlink: /home/jin/harco/ecvt2_ws/install/ecvt2_controller/lib/ecvt2_controller/base_arm_task_controller_v2
[77.235s] -- Up-to-date symlink: /home/jin/harco/ecvt2_ws/install/ecvt2_controller/lib/ecvt2_controller/base_arm_task_controller_full
[77.236s] -- Up-to-date symlink: /home/jin/harco/ecvt2_ws/install/ecvt2_controller/lib/ecvt2_controller/teleop_goal_publisher
[77.236s] -- Up-to-date symlink: /home/jin/harco/ecvt2_ws/install/ecvt2_controller/lib/ecvt2_controller/com_trajectory_publisher
[77.236s] -- Up-to-date symlink: /home/jin/harco/ecvt2_ws/install/ecvt2_controller/lib/ecvt2_controller/pin_test
[77.236s] -- Up-to-date symlink: /home/jin/harco/ecvt2_ws/install/ecvt2_controller/share/ament_index/resource_index/package_run_dependencies/ecvt2_controller
[77.236s] -- Up-to-date symlink: /home/jin/harco/ecvt2_ws/install/ecvt2_controller/share/ament_index/resource_index/parent_prefix_path/ecvt2_controller
[77.236s] -- Up-to-date symlink: /home/jin/harco/ecvt2_ws/install/ecvt2_controller/share/ecvt2_controller/environment/ament_prefix_path.sh
[77.236s] -- Up-to-date symlink: /home/jin/harco/ecvt2_ws/install/ecvt2_controller/share/ecvt2_controller/environment/ament_prefix_path.dsv
[77.236s] -- Up-to-date symlink: /home/jin/harco/ecvt2_ws/install/ecvt2_controller/share/ecvt2_controller/environment/path.sh
[77.237s] -- Up-to-date symlink: /home/jin/harco/ecvt2_ws/install/ecvt2_controller/share/ecvt2_controller/environment/path.dsv
[77.237s] -- Up-to-date symlink: /home/jin/harco/ecvt2_ws/install/ecvt2_controller/share/ecvt2_controller/local_setup.bash
[77.237s] -- Up-to-date symlink: /home/jin/harco/ecvt2_ws/install/ecvt2_controller/share/ecvt2_controller/local_setup.sh
[77.237s] -- Up-to-date symlink: /home/jin/harco/ecvt2_ws/install/ecvt2_controller/share/ecvt2_controller/local_setup.zsh
[77.237s] -- Up-to-date symlink: /home/jin/harco/ecvt2_ws/install/ecvt2_controller/share/ecvt2_controller/local_setup.dsv
[77.237s] -- Symlinking: /home/jin/harco/ecvt2_ws/install/ecvt2_controller/share/ecvt2_controller/package.dsv
[77.247s] -- Up-to-date symlink: /home/jin/harco/ecvt2_ws/install/ecvt2_controller/share/ament_index/resource_index/packages/ecvt2_controller
[77.247s] -- Up-to-date symlink: /home/jin/harco/ecvt2_ws/install/ecvt2_controller/share/ecvt2_controller/cmake/ecvt2_controllerConfig.cmake
[77.247s] -- Up-to-date symlink: /home/jin/harco/ecvt2_ws/install/ecvt2_controller/share/ecvt2_controller/cmake/ecvt2_controllerConfig-version.cmake
[77.247s] -- Up-to-date symlink: /home/jin/harco/ecvt2_ws/install/ecvt2_controller/share/ecvt2_controller/package.xml
[90.076s] Invoked command in '/home/jin/harco/ecvt2_ws/build/ecvt2_controller' returned '0': CMAKE_PREFIX_PATH=/home/jin/harco/ecvt2_ws/install/ifopt:/opt/ros/humble LD_LIBRARY_PATH=/home/jin/harco/ecvt2_ws/install/ifopt/lib:${LD_LIBRARY_PATH} PKG_CONFIG_PATH=/home/jin/harco/ecvt2_ws/install/ifopt/lib/x86_64-linux-gnu/pkgconfig:/home/jin/harco/ecvt2_ws/install/ifopt/lib/pkgconfig /usr/bin/cmake --install /home/jin/harco/ecvt2_ws/build/ecvt2_controller
