[0.140s] colcon DEBUG Command line arguments: ['/usr/bin/colcon', 'build', '--packages-select', 'ecvt2_controller']
[0.140s] colcon DEBUG Parsed command line arguments: Namespace(log_base=None, log_level=None, verb_name='build', build_base='build', install_base='install', merge_install=False, symlink_install=False, test_result_base=None, continue_on_error=False, executor='parallel', parallel_workers=20, event_handlers=None, ignore_user_meta=False, metas=['./colcon.meta'], base_paths=['.'], packages_ignore=None, packages_ignore_regex=None, paths=None, packages_up_to=None, packages_up_to_regex=None, packages_above=None, packages_above_and_dependencies=None, packages_above_depth=None, packages_select_by_dep=None, packages_skip_by_dep=None, packages_skip_up_to=None, packages_select_build_failed=False, packages_skip_build_finished=False, packages_select_test_failures=False, packages_skip_test_passed=False, packages_select=['ecvt2_controller'], packages_skip=None, packages_select_regex=None, packages_skip_regex=None, packages_start=None, packages_end=None, allow_overriding=[], cmake_args=None, cmake_target=None, cmake_target_skip_unavailable=False, cmake_clean_cache=False, cmake_clean_first=False, cmake_force_configure=False, ament_cmake_args=None, catkin_cmake_args=None, catkin_skip_building_tests=False, mixin_files=None, mixin=None, verb_parser=<colcon_mixin.mixin.mixin_argument.MixinArgumentDecorator object at 0x7e5c9133a470>, verb_extension=<colcon_core.verb.build.BuildVerb object at 0x7e5c913395d0>, main=<bound method BuildVerb.main of <colcon_core.verb.build.BuildVerb object at 0x7e5c913395d0>>, mixin_verb=('build',))
[0.186s] colcon.colcon_core.package_discovery Level 1 discover_packages(colcon_meta) check parameters
[0.187s] colcon.colcon_core.package_discovery Level 1 discover_packages(recursive) check parameters
[0.187s] colcon.colcon_core.package_discovery Level 1 discover_packages(ignore) check parameters
[0.187s] colcon.colcon_core.package_discovery Level 1 discover_packages(path) check parameters
[0.187s] colcon.colcon_core.package_discovery Level 1 discover_packages(colcon_meta) discover
[0.187s] colcon.colcon_core.package_discovery Level 1 discover_packages(recursive) discover
[0.187s] colcon.colcon_core.package_discovery INFO Crawling recursively for packages in '/home/jin/harco/ecvt2_ws'
[0.187s] colcon.colcon_core.package_identification Level 1 _identify(.) by extensions ['ignore', 'ignore_ament_install']
[0.188s] colcon.colcon_core.package_identification Level 1 _identify(.) by extension 'ignore'
[0.188s] colcon.colcon_core.package_identification Level 1 _identify(.) by extension 'ignore_ament_install'
[0.188s] colcon.colcon_core.package_identification Level 1 _identify(.) by extensions ['colcon_pkg']
[0.188s] colcon.colcon_core.package_identification Level 1 _identify(.) by extension 'colcon_pkg'
[0.188s] colcon.colcon_core.package_identification Level 1 _identify(.) by extensions ['colcon_meta']
[0.188s] colcon.colcon_core.package_identification Level 1 _identify(.) by extension 'colcon_meta'
[0.188s] colcon.colcon_core.package_identification Level 1 _identify(.) by extensions ['ros']
[0.188s] colcon.colcon_core.package_identification Level 1 _identify(.) by extension 'ros'
[0.218s] colcon.colcon_core.package_identification Level 1 _identify(.) by extensions ['cmake', 'python']
[0.218s] colcon.colcon_core.package_identification Level 1 _identify(.) by extension 'cmake'
[0.218s] colcon.colcon_core.package_identification Level 1 _identify(.) by extension 'python'
[0.218s] colcon.colcon_core.package_identification Level 1 _identify(.) by extensions ['python_setup_py']
[0.219s] colcon.colcon_core.package_identification Level 1 _identify(.) by extension 'python_setup_py'
[0.219s] colcon.colcon_core.package_identification Level 1 _identify(build) by extensions ['ignore', 'ignore_ament_install']
[0.219s] colcon.colcon_core.package_identification Level 1 _identify(build) by extension 'ignore'
[0.219s] colcon.colcon_core.package_identification Level 1 _identify(build) ignored
[0.219s] colcon.colcon_core.package_identification Level 1 _identify(ecvt2_controller) by extensions ['ignore', 'ignore_ament_install']
[0.220s] colcon.colcon_core.package_identification Level 1 _identify(ecvt2_controller) by extension 'ignore'
[0.220s] colcon.colcon_core.package_identification Level 1 _identify(ecvt2_controller) by extension 'ignore_ament_install'
[0.220s] colcon.colcon_core.package_identification Level 1 _identify(ecvt2_controller) by extensions ['colcon_pkg']
[0.220s] colcon.colcon_core.package_identification Level 1 _identify(ecvt2_controller) by extension 'colcon_pkg'
[0.220s] colcon.colcon_core.package_identification Level 1 _identify(ecvt2_controller) by extensions ['colcon_meta']
[0.220s] colcon.colcon_core.package_identification Level 1 _identify(ecvt2_controller) by extension 'colcon_meta'
[0.220s] colcon.colcon_core.package_identification Level 1 _identify(ecvt2_controller) by extensions ['ros']
[0.220s] colcon.colcon_core.package_identification Level 1 _identify(ecvt2_controller) by extension 'ros'
[0.224s] colcon.colcon_core.package_identification DEBUG Package 'ecvt2_controller' with type 'ros.ament_cmake' and name 'ecvt2_controller'
[0.224s] colcon.colcon_core.package_identification Level 1 _identify(ecvt2_mjcf_v2) by extensions ['ignore', 'ignore_ament_install']
[0.224s] colcon.colcon_core.package_identification Level 1 _identify(ecvt2_mjcf_v2) by extension 'ignore'
[0.225s] colcon.colcon_core.package_identification Level 1 _identify(ecvt2_mjcf_v2) by extension 'ignore_ament_install'
[0.225s] colcon.colcon_core.package_identification Level 1 _identify(ecvt2_mjcf_v2) by extensions ['colcon_pkg']
[0.225s] colcon.colcon_core.package_identification Level 1 _identify(ecvt2_mjcf_v2) by extension 'colcon_pkg'
[0.225s] colcon.colcon_core.package_identification Level 1 _identify(ecvt2_mjcf_v2) by extensions ['colcon_meta']
[0.225s] colcon.colcon_core.package_identification Level 1 _identify(ecvt2_mjcf_v2) by extension 'colcon_meta'
[0.225s] colcon.colcon_core.package_identification Level 1 _identify(ecvt2_mjcf_v2) by extensions ['ros']
[0.225s] colcon.colcon_core.package_identification Level 1 _identify(ecvt2_mjcf_v2) by extension 'ros'
[0.227s] colcon.colcon_core.package_identification DEBUG Failed to parse potential ROS package manifest in'ecvt2_mjcf_v2': Error(s) in package 'ecvt2_mjcf_v2/package.xml':
Package name "simple_model_for_urdf.SLDASM" does not follow naming conventions
[0.227s] colcon.colcon_core.package_identification Level 1 _identify(ecvt2_mjcf_v2) by extensions ['cmake', 'python']
[0.227s] colcon.colcon_core.package_identification Level 1 _identify(ecvt2_mjcf_v2) by extension 'cmake'
[0.227s] colcon.colcon_core.package_identification Level 1 _identify(ecvt2_mjcf_v2) by extension 'python'
[0.227s] colcon.colcon_core.package_identification Level 1 _identify(ecvt2_mjcf_v2) by extensions ['python_setup_py']
[0.227s] colcon.colcon_core.package_identification Level 1 _identify(ecvt2_mjcf_v2) by extension 'python_setup_py'
[0.228s] colcon.colcon_core.package_identification Level 1 _identify(ecvt2_mjcf_v2/meshes) by extensions ['ignore', 'ignore_ament_install']
[0.228s] colcon.colcon_core.package_identification Level 1 _identify(ecvt2_mjcf_v2/meshes) by extension 'ignore'
[0.228s] colcon.colcon_core.package_identification Level 1 _identify(ecvt2_mjcf_v2/meshes) by extension 'ignore_ament_install'
[0.228s] colcon.colcon_core.package_identification Level 1 _identify(ecvt2_mjcf_v2/meshes) by extensions ['colcon_pkg']
[0.228s] colcon.colcon_core.package_identification Level 1 _identify(ecvt2_mjcf_v2/meshes) by extension 'colcon_pkg'
[0.228s] colcon.colcon_core.package_identification Level 1 _identify(ecvt2_mjcf_v2/meshes) by extensions ['colcon_meta']
[0.228s] colcon.colcon_core.package_identification Level 1 _identify(ecvt2_mjcf_v2/meshes) by extension 'colcon_meta'
[0.228s] colcon.colcon_core.package_identification Level 1 _identify(ecvt2_mjcf_v2/meshes) by extensions ['ros']
[0.229s] colcon.colcon_core.package_identification Level 1 _identify(ecvt2_mjcf_v2/meshes) by extension 'ros'
[0.229s] colcon.colcon_core.package_identification Level 1 _identify(ecvt2_mjcf_v2/meshes) by extensions ['cmake', 'python']
[0.229s] colcon.colcon_core.package_identification Level 1 _identify(ecvt2_mjcf_v2/meshes) by extension 'cmake'
[0.229s] colcon.colcon_core.package_identification Level 1 _identify(ecvt2_mjcf_v2/meshes) by extension 'python'
[0.229s] colcon.colcon_core.package_identification Level 1 _identify(ecvt2_mjcf_v2/meshes) by extensions ['python_setup_py']
[0.229s] colcon.colcon_core.package_identification Level 1 _identify(ecvt2_mjcf_v2/meshes) by extension 'python_setup_py'
[0.229s] colcon.colcon_core.package_identification Level 1 _identify(ecvt2_mjcf_v2/meshes/modified) by extensions ['ignore', 'ignore_ament_install']
[0.229s] colcon.colcon_core.package_identification Level 1 _identify(ecvt2_mjcf_v2/meshes/modified) by extension 'ignore'
[0.229s] colcon.colcon_core.package_identification Level 1 _identify(ecvt2_mjcf_v2/meshes/modified) by extension 'ignore_ament_install'
[0.229s] colcon.colcon_core.package_identification Level 1 _identify(ecvt2_mjcf_v2/meshes/modified) by extensions ['colcon_pkg']
[0.229s] colcon.colcon_core.package_identification Level 1 _identify(ecvt2_mjcf_v2/meshes/modified) by extension 'colcon_pkg'
[0.229s] colcon.colcon_core.package_identification Level 1 _identify(ecvt2_mjcf_v2/meshes/modified) by extensions ['colcon_meta']
[0.229s] colcon.colcon_core.package_identification Level 1 _identify(ecvt2_mjcf_v2/meshes/modified) by extension 'colcon_meta'
[0.229s] colcon.colcon_core.package_identification Level 1 _identify(ecvt2_mjcf_v2/meshes/modified) by extensions ['ros']
[0.229s] colcon.colcon_core.package_identification Level 1 _identify(ecvt2_mjcf_v2/meshes/modified) by extension 'ros'
[0.229s] colcon.colcon_core.package_identification Level 1 _identify(ecvt2_mjcf_v2/meshes/modified) by extensions ['cmake', 'python']
[0.229s] colcon.colcon_core.package_identification Level 1 _identify(ecvt2_mjcf_v2/meshes/modified) by extension 'cmake'
[0.229s] colcon.colcon_core.package_identification Level 1 _identify(ecvt2_mjcf_v2/meshes/modified) by extension 'python'
[0.230s] colcon.colcon_core.package_identification Level 1 _identify(ecvt2_mjcf_v2/meshes/modified) by extensions ['python_setup_py']
[0.230s] colcon.colcon_core.package_identification Level 1 _identify(ecvt2_mjcf_v2/meshes/modified) by extension 'python_setup_py'
[0.230s] colcon.colcon_core.package_identification Level 1 _identify(ecvt2_mjcf_v2/meshes/origin) by extensions ['ignore', 'ignore_ament_install']
[0.230s] colcon.colcon_core.package_identification Level 1 _identify(ecvt2_mjcf_v2/meshes/origin) by extension 'ignore'
[0.230s] colcon.colcon_core.package_identification Level 1 _identify(ecvt2_mjcf_v2/meshes/origin) by extension 'ignore_ament_install'
[0.230s] colcon.colcon_core.package_identification Level 1 _identify(ecvt2_mjcf_v2/meshes/origin) by extensions ['colcon_pkg']
[0.230s] colcon.colcon_core.package_identification Level 1 _identify(ecvt2_mjcf_v2/meshes/origin) by extension 'colcon_pkg'
[0.230s] colcon.colcon_core.package_identification Level 1 _identify(ecvt2_mjcf_v2/meshes/origin) by extensions ['colcon_meta']
[0.230s] colcon.colcon_core.package_identification Level 1 _identify(ecvt2_mjcf_v2/meshes/origin) by extension 'colcon_meta'
[0.230s] colcon.colcon_core.package_identification Level 1 _identify(ecvt2_mjcf_v2/meshes/origin) by extensions ['ros']
[0.230s] colcon.colcon_core.package_identification Level 1 _identify(ecvt2_mjcf_v2/meshes/origin) by extension 'ros'
[0.230s] colcon.colcon_core.package_identification Level 1 _identify(ecvt2_mjcf_v2/meshes/origin) by extensions ['cmake', 'python']
[0.230s] colcon.colcon_core.package_identification Level 1 _identify(ecvt2_mjcf_v2/meshes/origin) by extension 'cmake'
[0.230s] colcon.colcon_core.package_identification Level 1 _identify(ecvt2_mjcf_v2/meshes/origin) by extension 'python'
[0.230s] colcon.colcon_core.package_identification Level 1 _identify(ecvt2_mjcf_v2/meshes/origin) by extensions ['python_setup_py']
[0.231s] colcon.colcon_core.package_identification Level 1 _identify(ecvt2_mjcf_v2/meshes/origin) by extension 'python_setup_py'
[0.231s] colcon.colcon_core.package_identification Level 1 _identify(ecvt2_sim) by extensions ['ignore', 'ignore_ament_install']
[0.231s] colcon.colcon_core.package_identification Level 1 _identify(ecvt2_sim) by extension 'ignore'
[0.231s] colcon.colcon_core.package_identification Level 1 _identify(ecvt2_sim) by extension 'ignore_ament_install'
[0.231s] colcon.colcon_core.package_identification Level 1 _identify(ecvt2_sim) by extensions ['colcon_pkg']
[0.231s] colcon.colcon_core.package_identification Level 1 _identify(ecvt2_sim) by extension 'colcon_pkg'
[0.231s] colcon.colcon_core.package_identification Level 1 _identify(ecvt2_sim) by extensions ['colcon_meta']
[0.232s] colcon.colcon_core.package_identification Level 1 _identify(ecvt2_sim) by extension 'colcon_meta'
[0.232s] colcon.colcon_core.package_identification Level 1 _identify(ecvt2_sim) by extensions ['ros']
[0.232s] colcon.colcon_core.package_identification Level 1 _identify(ecvt2_sim) by extension 'ros'
[0.233s] colcon.colcon_core.package_identification DEBUG Package 'ecvt2_sim' with type 'ros.ament_python' and name 'ecvt2_sim'
[0.233s] colcon.colcon_core.package_identification Level 1 _identify(forestry_robot_mjcf) by extensions ['ignore', 'ignore_ament_install']
[0.234s] colcon.colcon_core.package_identification Level 1 _identify(forestry_robot_mjcf) by extension 'ignore'
[0.234s] colcon.colcon_core.package_identification Level 1 _identify(forestry_robot_mjcf) by extension 'ignore_ament_install'
[0.234s] colcon.colcon_core.package_identification Level 1 _identify(forestry_robot_mjcf) by extensions ['colcon_pkg']
[0.234s] colcon.colcon_core.package_identification Level 1 _identify(forestry_robot_mjcf) by extension 'colcon_pkg'
[0.234s] colcon.colcon_core.package_identification Level 1 _identify(forestry_robot_mjcf) by extensions ['colcon_meta']
[0.234s] colcon.colcon_core.package_identification Level 1 _identify(forestry_robot_mjcf) by extension 'colcon_meta'
[0.234s] colcon.colcon_core.package_identification Level 1 _identify(forestry_robot_mjcf) by extensions ['ros']
[0.234s] colcon.colcon_core.package_identification Level 1 _identify(forestry_robot_mjcf) by extension 'ros'
[0.236s] colcon.colcon_core.package_identification DEBUG Package 'forestry_robot_mjcf' with type 'ros.ament_cmake' and name 'forestry_robot_mjcf'
[0.236s] colcon.colcon_core.package_identification Level 1 _identify(install) by extensions ['ignore', 'ignore_ament_install']
[0.236s] colcon.colcon_core.package_identification Level 1 _identify(install) by extension 'ignore'
[0.236s] colcon.colcon_core.package_identification Level 1 _identify(install) ignored
[0.236s] colcon.colcon_core.package_identification Level 1 _identify(log) by extensions ['ignore', 'ignore_ament_install']
[0.236s] colcon.colcon_core.package_identification Level 1 _identify(log) by extension 'ignore'
[0.237s] colcon.colcon_core.package_identification Level 1 _identify(log) ignored
[0.237s] colcon.colcon_core.package_discovery Level 1 discover_packages(recursive) using defaults
[0.237s] colcon.colcon_core.package_discovery Level 1 discover_packages(ignore) discover
[0.237s] colcon.colcon_core.package_discovery Level 1 discover_packages(ignore) using defaults
[0.237s] colcon.colcon_core.package_discovery Level 1 discover_packages(path) discover
[0.237s] colcon.colcon_core.package_discovery Level 1 discover_packages(path) using defaults
[0.253s] colcon.colcon_core.package_selection INFO Skipping not selected package 'ecvt2_sim' in 'ecvt2_sim'
[0.253s] colcon.colcon_core.package_selection INFO Skipping not selected package 'forestry_robot_mjcf' in 'forestry_robot_mjcf'
[0.253s] colcon.colcon_core.package_discovery Level 1 discover_packages(prefix_path) check parameters
[0.253s] colcon.colcon_core.package_discovery Level 1 discover_packages(prefix_path) discover
[0.254s] colcon.colcon_installed_package_information.package_discovery DEBUG Found 3 installed packages in /home/jin/harco/ecvt2_ws/install
[0.255s] colcon.colcon_installed_package_information.package_discovery DEBUG Found 291 installed packages in /opt/ros/humble
[0.256s] colcon.colcon_core.package_discovery Level 1 discover_packages(prefix_path) using defaults
[0.289s] colcon.colcon_core.verb Level 5 set package 'ecvt2_controller' build argument 'cmake_args' from command line to 'None'
[0.290s] colcon.colcon_core.verb Level 5 set package 'ecvt2_controller' build argument 'cmake_target' from command line to 'None'
[0.290s] colcon.colcon_core.verb Level 5 set package 'ecvt2_controller' build argument 'cmake_target_skip_unavailable' from command line to 'False'
[0.290s] colcon.colcon_core.verb Level 5 set package 'ecvt2_controller' build argument 'cmake_clean_cache' from command line to 'False'
[0.290s] colcon.colcon_core.verb Level 5 set package 'ecvt2_controller' build argument 'cmake_clean_first' from command line to 'False'
[0.290s] colcon.colcon_core.verb Level 5 set package 'ecvt2_controller' build argument 'cmake_force_configure' from command line to 'False'
[0.290s] colcon.colcon_core.verb Level 5 set package 'ecvt2_controller' build argument 'ament_cmake_args' from command line to 'None'
[0.290s] colcon.colcon_core.verb Level 5 set package 'ecvt2_controller' build argument 'catkin_cmake_args' from command line to 'None'
[0.290s] colcon.colcon_core.verb Level 5 set package 'ecvt2_controller' build argument 'catkin_skip_building_tests' from command line to 'False'
[0.290s] colcon.colcon_core.verb DEBUG Building package 'ecvt2_controller' with the following arguments: {'ament_cmake_args': None, 'build_base': '/home/jin/harco/ecvt2_ws/build/ecvt2_controller', 'catkin_cmake_args': None, 'catkin_skip_building_tests': False, 'cmake_args': None, 'cmake_clean_cache': False, 'cmake_clean_first': False, 'cmake_force_configure': False, 'cmake_target': None, 'cmake_target_skip_unavailable': False, 'install_base': '/home/jin/harco/ecvt2_ws/install/ecvt2_controller', 'merge_install': False, 'path': '/home/jin/harco/ecvt2_ws/ecvt2_controller', 'symlink_install': False, 'test_result_base': None}
[0.290s] colcon.colcon_core.executor INFO Executing jobs using 'parallel' executor
[0.291s] colcon.colcon_parallel_executor.executor.parallel DEBUG run_until_complete
[0.291s] colcon.colcon_ros.task.ament_cmake.build INFO Building ROS package in '/home/jin/harco/ecvt2_ws/ecvt2_controller' with build type 'ament_cmake'
[0.291s] colcon.colcon_cmake.task.cmake.build INFO Building CMake package in '/home/jin/harco/ecvt2_ws/ecvt2_controller'
[0.292s] colcon.colcon_core.plugin_system INFO Skipping extension 'colcon_core.shell.bat': Not used on non-Windows systems
[0.292s] colcon.colcon_core.shell INFO Skip shell extension 'powershell' for command environment: Not usable outside of PowerShell
[0.292s] colcon.colcon_core.shell DEBUG Skip shell extension 'dsv' for command environment
[0.300s] colcon.colcon_core.event_handler.log_command DEBUG Invoking command in '/home/jin/harco/ecvt2_ws/build/ecvt2_controller': CMAKE_PREFIX_PATH=${CMAKE_PREFIX_PATH}:/home/jin/harco/ecvt2_ws/install/ecvt2_sim:/opt/ros/humble /usr/bin/cmake --build /home/jin/harco/ecvt2_ws/build/ecvt2_controller -- -j20 -l20
[90.360s] colcon.colcon_core.event_handler.log_command DEBUG Invoked command in '/home/jin/harco/ecvt2_ws/build/ecvt2_controller' returned '0': CMAKE_PREFIX_PATH=${CMAKE_PREFIX_PATH}:/home/jin/harco/ecvt2_ws/install/ecvt2_sim:/opt/ros/humble /usr/bin/cmake --build /home/jin/harco/ecvt2_ws/build/ecvt2_controller -- -j20 -l20
[90.370s] colcon.colcon_core.event_handler.log_command DEBUG Invoking command in '/home/jin/harco/ecvt2_ws/build/ecvt2_controller': CMAKE_PREFIX_PATH=${CMAKE_PREFIX_PATH}:/home/jin/harco/ecvt2_ws/install/ecvt2_sim:/opt/ros/humble /usr/bin/cmake --install /home/jin/harco/ecvt2_ws/build/ecvt2_controller
[120.389s] colcon.colcon_core.environment Level 1 create_environment_scripts_only(ecvt2_controller)
[120.389s] colcon.colcon_core.event_handler.log_command DEBUG Invoked command in '/home/jin/harco/ecvt2_ws/build/ecvt2_controller' returned '0': CMAKE_PREFIX_PATH=${CMAKE_PREFIX_PATH}:/home/jin/harco/ecvt2_ws/install/ecvt2_sim:/opt/ros/humble /usr/bin/cmake --install /home/jin/harco/ecvt2_ws/build/ecvt2_controller
[120.393s] colcon.colcon_core.environment Level 1 checking '/home/jin/harco/ecvt2_ws/install/ecvt2_controller' for CMake module files
[120.394s] colcon.colcon_core.environment Level 1 checking '/home/jin/harco/ecvt2_ws/install/ecvt2_controller' for CMake config files
[120.395s] colcon.colcon_core.shell Level 1 create_environment_hook('ecvt2_controller', 'cmake_prefix_path')
[120.395s] colcon.colcon_core.shell INFO Creating environment hook '/home/jin/harco/ecvt2_ws/install/ecvt2_controller/share/ecvt2_controller/hook/cmake_prefix_path.ps1'
[120.396s] colcon.colcon_core.shell INFO Creating environment descriptor '/home/jin/harco/ecvt2_ws/install/ecvt2_controller/share/ecvt2_controller/hook/cmake_prefix_path.dsv'
[120.396s] colcon.colcon_core.shell INFO Creating environment hook '/home/jin/harco/ecvt2_ws/install/ecvt2_controller/share/ecvt2_controller/hook/cmake_prefix_path.sh'
[120.398s] colcon.colcon_core.environment Level 1 checking '/home/jin/harco/ecvt2_ws/install/ecvt2_controller/lib'
[120.398s] colcon.colcon_core.environment Level 1 checking '/home/jin/harco/ecvt2_ws/install/ecvt2_controller/bin'
[120.398s] colcon.colcon_core.environment Level 1 checking '/home/jin/harco/ecvt2_ws/install/ecvt2_controller/lib/pkgconfig/ecvt2_controller.pc'
[120.399s] colcon.colcon_core.environment Level 1 checking '/home/jin/harco/ecvt2_ws/install/ecvt2_controller/lib/python3.10/site-packages'
[120.399s] colcon.colcon_core.environment Level 1 checking '/home/jin/harco/ecvt2_ws/install/ecvt2_controller/bin'
[120.399s] colcon.colcon_core.shell INFO Creating package script '/home/jin/harco/ecvt2_ws/install/ecvt2_controller/share/ecvt2_controller/package.ps1'
[120.400s] colcon.colcon_core.shell INFO Creating package descriptor '/home/jin/harco/ecvt2_ws/install/ecvt2_controller/share/ecvt2_controller/package.dsv'
[120.402s] colcon.colcon_core.shell INFO Creating package script '/home/jin/harco/ecvt2_ws/install/ecvt2_controller/share/ecvt2_controller/package.sh'
[120.403s] colcon.colcon_core.shell INFO Creating package script '/home/jin/harco/ecvt2_ws/install/ecvt2_controller/share/ecvt2_controller/package.bash'
[120.404s] colcon.colcon_core.shell INFO Creating package script '/home/jin/harco/ecvt2_ws/install/ecvt2_controller/share/ecvt2_controller/package.zsh'
[120.405s] colcon.colcon_core.environment Level 1 create_file_with_runtime_dependencies(/home/jin/harco/ecvt2_ws/install/ecvt2_controller/share/colcon-core/packages/ecvt2_controller)
[120.406s] colcon.colcon_core.environment Level 1 create_environment_scripts_only(ecvt2_controller)
[120.406s] colcon.colcon_core.environment Level 1 checking '/home/jin/harco/ecvt2_ws/install/ecvt2_controller' for CMake module files
[120.407s] colcon.colcon_core.environment Level 1 checking '/home/jin/harco/ecvt2_ws/install/ecvt2_controller' for CMake config files
[120.408s] colcon.colcon_core.shell Level 1 create_environment_hook('ecvt2_controller', 'cmake_prefix_path')
[120.408s] colcon.colcon_core.shell INFO Creating environment hook '/home/jin/harco/ecvt2_ws/install/ecvt2_controller/share/ecvt2_controller/hook/cmake_prefix_path.ps1'
[120.409s] colcon.colcon_core.shell INFO Creating environment descriptor '/home/jin/harco/ecvt2_ws/install/ecvt2_controller/share/ecvt2_controller/hook/cmake_prefix_path.dsv'
[120.409s] colcon.colcon_core.shell INFO Creating environment hook '/home/jin/harco/ecvt2_ws/install/ecvt2_controller/share/ecvt2_controller/hook/cmake_prefix_path.sh'
[120.410s] colcon.colcon_core.environment Level 1 checking '/home/jin/harco/ecvt2_ws/install/ecvt2_controller/lib'
[120.410s] colcon.colcon_core.environment Level 1 checking '/home/jin/harco/ecvt2_ws/install/ecvt2_controller/bin'
[120.410s] colcon.colcon_core.environment Level 1 checking '/home/jin/harco/ecvt2_ws/install/ecvt2_controller/lib/pkgconfig/ecvt2_controller.pc'
[120.411s] colcon.colcon_core.environment Level 1 checking '/home/jin/harco/ecvt2_ws/install/ecvt2_controller/lib/python3.10/site-packages'
[120.411s] colcon.colcon_core.environment Level 1 checking '/home/jin/harco/ecvt2_ws/install/ecvt2_controller/bin'
[120.412s] colcon.colcon_core.shell INFO Creating package script '/home/jin/harco/ecvt2_ws/install/ecvt2_controller/share/ecvt2_controller/package.ps1'
[120.412s] colcon.colcon_core.shell INFO Creating package descriptor '/home/jin/harco/ecvt2_ws/install/ecvt2_controller/share/ecvt2_controller/package.dsv'
[120.413s] colcon.colcon_core.shell INFO Creating package script '/home/jin/harco/ecvt2_ws/install/ecvt2_controller/share/ecvt2_controller/package.sh'
[120.414s] colcon.colcon_core.shell INFO Creating package script '/home/jin/harco/ecvt2_ws/install/ecvt2_controller/share/ecvt2_controller/package.bash'
[120.414s] colcon.colcon_core.shell INFO Creating package script '/home/jin/harco/ecvt2_ws/install/ecvt2_controller/share/ecvt2_controller/package.zsh'
[120.415s] colcon.colcon_core.environment Level 1 create_file_with_runtime_dependencies(/home/jin/harco/ecvt2_ws/install/ecvt2_controller/share/colcon-core/packages/ecvt2_controller)
[120.417s] colcon.colcon_parallel_executor.executor.parallel DEBUG closing loop
[120.417s] colcon.colcon_parallel_executor.executor.parallel DEBUG loop closed
[120.417s] colcon.colcon_parallel_executor.executor.parallel DEBUG run_until_complete finished with '0'
[120.417s] colcon.colcon_core.event_reactor DEBUG joining thread
[120.423s] colcon.colcon_core.plugin_system INFO Skipping extension 'colcon_notification.desktop_notification.terminal_notifier': Not used on non-Darwin systems
[120.423s] colcon.colcon_core.plugin_system INFO Skipping extension 'colcon_notification.desktop_notification.win32': Not used on non-Windows systems
[120.423s] colcon.colcon_notification.desktop_notification INFO Sending desktop notification using 'notify2'
[120.423s] colcon.colcon_notification.desktop_notification.notify2 DEBUG Failed to initialize notify2: org.freedesktop.DBus.Error.AccessDenied: Failed to connect to socket /run/user/1000/bus: Operation not permitted
[120.423s] colcon.colcon_core.event_reactor DEBUG joined thread
[120.424s] colcon.colcon_core.shell INFO Creating prefix script '/home/jin/harco/ecvt2_ws/install/local_setup.ps1'
[120.425s] colcon.colcon_core.shell INFO Creating prefix util module '/home/jin/harco/ecvt2_ws/install/_local_setup_util_ps1.py'
[120.427s] colcon.colcon_core.shell INFO Creating prefix chain script '/home/jin/harco/ecvt2_ws/install/setup.ps1'
[120.428s] colcon.colcon_core.shell INFO Creating prefix script '/home/jin/harco/ecvt2_ws/install/local_setup.sh'
[120.429s] colcon.colcon_core.shell INFO Creating prefix util module '/home/jin/harco/ecvt2_ws/install/_local_setup_util_sh.py'
[120.430s] colcon.colcon_core.shell INFO Creating prefix chain script '/home/jin/harco/ecvt2_ws/install/setup.sh'
[120.431s] colcon.colcon_core.shell INFO Creating prefix script '/home/jin/harco/ecvt2_ws/install/local_setup.bash'
[120.432s] colcon.colcon_core.shell INFO Creating prefix chain script '/home/jin/harco/ecvt2_ws/install/setup.bash'
[120.434s] colcon.colcon_core.shell INFO Creating prefix script '/home/jin/harco/ecvt2_ws/install/local_setup.zsh'
[120.435s] colcon.colcon_core.shell INFO Creating prefix chain script '/home/jin/harco/ecvt2_ws/install/setup.zsh'
