[0.005s] Invoking command in '/home/jin/harco/ecvt2_ws/build/ecvt2_controller': CMAKE_PREFIX_PATH=/opt/ros/humble /usr/bin/cmake /home/jin/harco/ecvt2_ws/ecvt2_controller -DCMAKE_INSTALL_PREFIX=/home/jin/harco/ecvt2_ws/install/ecvt2_controller
[0.018s] -- Found ament_cmake: 1.3.12 (/opt/ros/humble/share/ament_cmake/cmake)
[0.099s] -- Override CMake install command with custom implementation using symlinks instead of copying resources
[0.110s] -- Found rclcpp: 16.0.16 (/opt/ros/humble/share/rclcpp/cmake)
[0.133s] -- Found rosidl_generator_c: 3.1.7 (/opt/ros/humble/share/rosidl_generator_c/cmake)
[0.135s] -- Found rosidl_adapter: 3.1.7 (/opt/ros/humble/share/rosidl_adapter/cmake)
[0.140s] -- Found rosidl_generator_cpp: 3.1.7 (/opt/ros/humble/share/rosidl_generator_cpp/cmake)
[0.149s] -- Using all available rosidl_typesupport_c: rosidl_typesupport_fastrtps_c;rosidl_typesupport_introspection_c
[0.159s] -- Using all available rosidl_typesupport_cpp: rosidl_typesupport_fastrtps_cpp;rosidl_typesupport_introspection_cpp
[0.186s] -- Found rmw_implementation_cmake: 6.1.2 (/opt/ros/humble/share/rmw_implementation_cmake/cmake)
[0.188s] -- Found rmw_fastrtps_cpp: 6.2.9 (/opt/ros/humble/share/rmw_fastrtps_cpp/cmake)
[0.260s] -- Using RMW implementation 'rmw_fastrtps_cpp' as default
[0.294s] -- Found geometry_msgs: 4.9.0 (/opt/ros/humble/share/geometry_msgs/cmake)
[0.302s] -- Found sensor_msgs: 4.9.0 (/opt/ros/humble/share/sensor_msgs/cmake)
[0.313s] -- Found visualization_msgs: 4.9.0 (/opt/ros/humble/share/visualization_msgs/cmake)
[0.324s] -- Found trajectory_msgs: 4.9.0 (/opt/ros/humble/share/trajectory_msgs/cmake)
[0.338s] -- pinocchio_default FOUND. pinocchio_default at /opt/ros/humble/lib/x86_64-linux-gnu/libpinocchio_default.so
[0.338s] -- pinocchio_parsers FOUND. pinocchio_parsers at /opt/ros/humble/lib/x86_64-linux-gnu/libpinocchio_parsers.so
[0.339s] -- pinocchio_casadi not FOUND.
[0.340s] -- boost_filesystem FOUND. boost_filesystem at /usr/lib/x86_64-linux-gnu/libboost_filesystem.so
[0.346s] -- Found Boost: /usr/include (found version "1.74.0") found components: filesystem serialization 
[0.346s] CMake Warning at /opt/openrobots/lib/cmake/hpp-fcl/hpp-fclConfig.cmake:4 (message):
[0.346s]   Please update your CMake from 'hpp-fcl' to 'coal', or define
[0.346s]   COAL_DISABLE_HPP_FCL_WARNINGS
[0.346s] Call Stack (most recent call first):
[0.346s]   /usr/share/cmake-3.22/Modules/CMakeFindDependencyMacro.cmake:47 (find_package)
[0.346s]   /opt/openrobots/lib/cmake/pinocchio/pinocchioConfig.cmake:161 (find_dependency)
[0.346s]   CMakeLists.txt:20 (find_package)
[0.346s] 
[0.347s] 
[0.347s] -- coal not FOUND.
[0.351s] -- Found Boost: /usr/include (found version "1.74.0") found components: serialization filesystem 
[0.524s] -- Default C++ standard: 201703
[0.524s] -- C++ standard sufficient: Minimal required 11, currently defined: 17
[0.524s] -- CMAKE_CXX_STANDARD was not set: automatically set to currently defined standard 17
[0.525s] -- C++ standard sufficient: Minimal required 11, currently defined: 17
[0.537s] -- Found ament_lint_auto: 0.12.14 (/opt/ros/humble/share/ament_lint_auto/cmake)
[0.591s] -- Added test 'cppcheck' to perform static code analysis on C / C++ code
[0.592s] -- Configured cppcheck include dirs: $<BUILD_INTERFACE:/home/jin/harco/ecvt2_ws/ecvt2_controller/include>
[0.592s] -- Configured cppcheck exclude dirs and/or files: 
[0.592s] -- Added test 'lint_cmake' to check CMake code style
[0.593s] -- Added test 'uncrustify' to check C / C++ code style
[0.593s] -- Configured uncrustify additional arguments: 
[0.593s] -- Added test 'xmllint' to check XML markup files
[0.594s] -- Configuring done
[0.605s] CMake Warning at CMakeLists.txt:48 (add_executable):
[0.605s]   Cannot generate a safe runtime search path for target base_opt_controller
[0.605s]   because files in some directories may conflict with libraries in implicit
[0.605s]   directories:
[0.605s] 
[0.605s]     runtime library [liburdfdom_sensor.so.3.0] in /usr/lib/x86_64-linux-gnu may be hidden by files in:
[0.605s]       /opt/ros/humble/lib/x86_64-linux-gnu
[0.605s]     runtime library [liburdfdom_model_state.so.3.0] in /usr/lib/x86_64-linux-gnu may be hidden by files in:
[0.605s]       /opt/ros/humble/lib/x86_64-linux-gnu
[0.605s]     runtime library [liburdfdom_model.so.3.0] in /usr/lib/x86_64-linux-gnu may be hidden by files in:
[0.605s]       /opt/ros/humble/lib/x86_64-linux-gnu
[0.605s]     runtime library [liburdfdom_world.so.3.0] in /usr/lib/x86_64-linux-gnu may be hidden by files in:
[0.605s]       /opt/ros/humble/lib/x86_64-linux-gnu
[0.605s]     runtime library [liboctomap.so.1.9] in /usr/lib/x86_64-linux-gnu may be hidden by files in:
[0.605s]       /opt/ros/humble/lib/x86_64-linux-gnu
[0.605s]     runtime library [liboctomath.so.1.9] in /usr/lib/x86_64-linux-gnu may be hidden by files in:
[0.605s]       /opt/ros/humble/lib/x86_64-linux-gnu
[0.605s] 
[0.605s]   Some of these libraries may not be found correctly.
[0.605s] 
[0.605s] 
[0.605s] CMake Warning at CMakeLists.txt:48 (add_executable):
[0.605s]   Cannot generate a safe runtime search path for target base_opt_controller
[0.605s]   because there is a cycle in the constraint graph:
[0.605s] 
[0.606s]     dir 0 is [/usr/local/lib]
[0.606s]     dir 1 is [/opt/ros/humble/lib]
[0.606s]     dir 2 is [/opt/ros/humble/lib/x86_64-linux-gnu]
[0.606s]       dir 3 must precede it due to runtime library [libpinocchio_parsers.so.3.9.0]
[0.606s]     dir 3 is [/opt/openrobots/lib]
[0.606s]       dir 2 must precede it due to runtime library [libpinocchio_default.so.3.9.0]
[0.606s] 
[0.606s]   Some of these libraries may not be found correctly.
[0.606s] 
[0.606s] 
[0.608s] CMake Warning at CMakeLists.txt:59 (add_executable):
[0.608s]   Cannot generate a safe runtime search path for target wbc_hqp because files
[0.608s]   in some directories may conflict with libraries in implicit directories:
[0.608s] 
[0.608s]     runtime library [liburdfdom_sensor.so.3.0] in /usr/lib/x86_64-linux-gnu may be hidden by files in:
[0.608s]       /opt/ros/humble/lib/x86_64-linux-gnu
[0.608s]     runtime library [liburdfdom_model_state.so.3.0] in /usr/lib/x86_64-linux-gnu may be hidden by files in:
[0.608s]       /opt/ros/humble/lib/x86_64-linux-gnu
[0.608s]     runtime library [liburdfdom_model.so.3.0] in /usr/lib/x86_64-linux-gnu may be hidden by files in:
[0.608s]       /opt/ros/humble/lib/x86_64-linux-gnu
[0.608s]     runtime library [liburdfdom_world.so.3.0] in /usr/lib/x86_64-linux-gnu may be hidden by files in:
[0.608s]       /opt/ros/humble/lib/x86_64-linux-gnu
[0.608s]     runtime library [liboctomap.so.1.9] in /usr/lib/x86_64-linux-gnu may be hidden by files in:
[0.608s]       /opt/ros/humble/lib/x86_64-linux-gnu
[0.608s]     runtime library [liboctomath.so.1.9] in /usr/lib/x86_64-linux-gnu may be hidden by files in:
[0.608s]       /opt/ros/humble/lib/x86_64-linux-gnu
[0.608s] 
[0.608s]   Some of these libraries may not be found correctly.
[0.608s] 
[0.608s] 
[0.608s] CMake Warning at CMakeLists.txt:59 (add_executable):
[0.608s]   Cannot generate a safe runtime search path for target wbc_hqp because there
[0.608s]   is a cycle in the constraint graph:
[0.608s] 
[0.608s]     dir 0 is [/usr/local/lib]
[0.608s]     dir 1 is [/opt/ros/humble/lib]
[0.608s]     dir 2 is [/opt/ros/humble/lib/x86_64-linux-gnu]
[0.608s]       dir 3 must precede it due to runtime library [libpinocchio_parsers.so.3.9.0]
[0.608s]     dir 3 is [/opt/openrobots/lib]
[0.608s]       dir 2 must precede it due to runtime library [libpinocchio_default.so.3.9.0]
[0.608s] 
[0.608s]   Some of these libraries may not be found correctly.
[0.608s] 
[0.608s] 
[0.610s] CMake Warning at CMakeLists.txt:70 (add_executable):
[0.610s]   Cannot generate a safe runtime search path for target wbc_hqp_v2 because
[0.610s]   files in some directories may conflict with libraries in implicit
[0.610s]   directories:
[0.610s] 
[0.610s]     runtime library [liburdfdom_sensor.so.3.0] in /usr/lib/x86_64-linux-gnu may be hidden by files in:
[0.610s]       /opt/ros/humble/lib/x86_64-linux-gnu
[0.610s]     runtime library [liburdfdom_model_state.so.3.0] in /usr/lib/x86_64-linux-gnu may be hidden by files in:
[0.611s]       /opt/ros/humble/lib/x86_64-linux-gnu
[0.611s]     runtime library [liburdfdom_model.so.3.0] in /usr/lib/x86_64-linux-gnu may be hidden by files in:
[0.611s]       /opt/ros/humble/lib/x86_64-linux-gnu
[0.611s]     runtime library [liburdfdom_world.so.3.0] in /usr/lib/x86_64-linux-gnu may be hidden by files in:
[0.611s]       /opt/ros/humble/lib/x86_64-linux-gnu
[0.611s]     runtime library [liboctomap.so.1.9] in /usr/lib/x86_64-linux-gnu may be hidden by files in:
[0.611s]       /opt/ros/humble/lib/x86_64-linux-gnu
[0.611s]     runtime library [liboctomath.so.1.9] in /usr/lib/x86_64-linux-gnu may be hidden by files in:
[0.611s]       /opt/ros/humble/lib/x86_64-linux-gnu
[0.611s] 
[0.611s]   Some of these libraries may not be found correctly.
[0.611s] 
[0.611s] 
[0.611s] CMake Warning at CMakeLists.txt:70 (add_executable):
[0.611s]   Cannot generate a safe runtime search path for target wbc_hqp_v2 because
[0.611s]   there is a cycle in the constraint graph:
[0.611s] 
[0.611s]     dir 0 is [/usr/local/lib]
[0.611s]     dir 1 is [/opt/ros/humble/lib]
[0.611s]     dir 2 is [/opt/ros/humble/lib/x86_64-linux-gnu]
[0.611s]       dir 3 must precede it due to runtime library [libpinocchio_parsers.so.3.9.0]
[0.611s]     dir 3 is [/opt/openrobots/lib]
[0.611s]       dir 2 must precede it due to runtime library [libpinocchio_default.so.3.9.0]
[0.611s] 
[0.611s]   Some of these libraries may not be found correctly.
[0.611s] 
[0.611s] 
[0.613s] CMake Warning at CMakeLists.txt:82 (add_executable):
[0.613s]   Cannot generate a safe runtime search path for target wbc_hqp_v3 because
[0.613s]   files in some directories may conflict with libraries in implicit
[0.613s]   directories:
[0.613s] 
[0.613s]     runtime library [liburdfdom_sensor.so.3.0] in /usr/lib/x86_64-linux-gnu may be hidden by files in:
[0.613s]       /opt/ros/humble/lib/x86_64-linux-gnu
[0.613s]     runtime library [liburdfdom_model_state.so.3.0] in /usr/lib/x86_64-linux-gnu may be hidden by files in:
[0.613s]       /opt/ros/humble/lib/x86_64-linux-gnu
[0.613s]     runtime library [liburdfdom_model.so.3.0] in /usr/lib/x86_64-linux-gnu may be hidden by files in:
[0.613s]       /opt/ros/humble/lib/x86_64-linux-gnu
[0.613s]     runtime library [liburdfdom_world.so.3.0] in /usr/lib/x86_64-linux-gnu may be hidden by files in:
[0.613s]       /opt/ros/humble/lib/x86_64-linux-gnu
[0.613s]     runtime library [liboctomap.so.1.9] in /usr/lib/x86_64-linux-gnu may be hidden by files in:
[0.613s]       /opt/ros/humble/lib/x86_64-linux-gnu
[0.613s]     runtime library [liboctomath.so.1.9] in /usr/lib/x86_64-linux-gnu may be hidden by files in:
[0.613s]       /opt/ros/humble/lib/x86_64-linux-gnu
[0.613s] 
[0.613s]   Some of these libraries may not be found correctly.
[0.613s] 
[0.613s] 
[0.613s] CMake Warning at CMakeLists.txt:82 (add_executable):
[0.613s]   Cannot generate a safe runtime search path for target wbc_hqp_v3 because
[0.613s]   there is a cycle in the constraint graph:
[0.614s] 
[0.614s]     dir 0 is [/usr/local/lib]
[0.614s]     dir 1 is [/opt/ros/humble/lib]
[0.614s]     dir 2 is [/opt/ros/humble/lib/x86_64-linux-gnu]
[0.614s]       dir 3 must precede it due to runtime library [libpinocchio_parsers.so.3.9.0]
[0.614s]     dir 3 is [/opt/openrobots/lib]
[0.614s]       dir 2 must precede it due to runtime library [libpinocchio_default.so.3.9.0]
[0.614s] 
[0.614s]   Some of these libraries may not be found correctly.
[0.614s] 
[0.614s] 
[0.616s] CMake Warning at CMakeLists.txt:94 (add_executable):
[0.616s]   Cannot generate a safe runtime search path for target
[0.616s]   base_arm_task_controller because files in some directories may conflict
[0.616s]   with libraries in implicit directories:
[0.616s] 
[0.616s]     runtime library [liburdfdom_sensor.so.3.0] in /usr/lib/x86_64-linux-gnu may be hidden by files in:
[0.616s]       /opt/ros/humble/lib/x86_64-linux-gnu
[0.616s]     runtime library [liburdfdom_model_state.so.3.0] in /usr/lib/x86_64-linux-gnu may be hidden by files in:
[0.616s]       /opt/ros/humble/lib/x86_64-linux-gnu
[0.616s]     runtime library [liburdfdom_model.so.3.0] in /usr/lib/x86_64-linux-gnu may be hidden by files in:
[0.616s]       /opt/ros/humble/lib/x86_64-linux-gnu
[0.616s]     runtime library [liburdfdom_world.so.3.0] in /usr/lib/x86_64-linux-gnu may be hidden by files in:
[0.616s]       /opt/ros/humble/lib/x86_64-linux-gnu
[0.616s]     runtime library [liboctomap.so.1.9] in /usr/lib/x86_64-linux-gnu may be hidden by files in:
[0.616s]       /opt/ros/humble/lib/x86_64-linux-gnu
[0.616s]     runtime library [liboctomath.so.1.9] in /usr/lib/x86_64-linux-gnu may be hidden by files in:
[0.616s]       /opt/ros/humble/lib/x86_64-linux-gnu
[0.616s] 
[0.617s]   Some of these libraries may not be found correctly.
[0.617s] 
[0.617s] 
[0.617s] CMake Warning at CMakeLists.txt:94 (add_executable):
[0.617s]   Cannot generate a safe runtime search path for target
[0.617s]   base_arm_task_controller because there is a cycle in the constraint graph:
[0.617s] 
[0.617s]     dir 0 is [/usr/local/lib]
[0.617s]     dir 1 is [/opt/ros/humble/lib]
[0.617s]     dir 2 is [/opt/ros/humble/lib/x86_64-linux-gnu]
[0.617s]       dir 3 must precede it due to runtime library [libpinocchio_parsers.so.3.9.0]
[0.617s]     dir 3 is [/opt/openrobots/lib]
[0.617s]       dir 2 must precede it due to runtime library [libpinocchio_default.so.3.9.0]
[0.617s] 
[0.617s]   Some of these libraries may not be found correctly.
[0.617s] 
[0.617s] 
[0.619s] CMake Warning at CMakeLists.txt:105 (add_executable):
[0.619s]   Cannot generate a safe runtime search path for target
[0.619s]   base_arm_task_controller_v2 because files in some directories may conflict
[0.619s]   with libraries in implicit directories:
[0.619s] 
[0.619s]     runtime library [liburdfdom_sensor.so.3.0] in /usr/lib/x86_64-linux-gnu may be hidden by files in:
[0.619s]       /opt/ros/humble/lib/x86_64-linux-gnu
[0.619s]     runtime library [liburdfdom_model_state.so.3.0] in /usr/lib/x86_64-linux-gnu may be hidden by files in:
[0.619s]       /opt/ros/humble/lib/x86_64-linux-gnu
[0.619s]     runtime library [liburdfdom_model.so.3.0] in /usr/lib/x86_64-linux-gnu may be hidden by files in:
[0.619s]       /opt/ros/humble/lib/x86_64-linux-gnu
[0.619s]     runtime library [liburdfdom_world.so.3.0] in /usr/lib/x86_64-linux-gnu may be hidden by files in:
[0.619s]       /opt/ros/humble/lib/x86_64-linux-gnu
[0.619s]     runtime library [liboctomap.so.1.9] in /usr/lib/x86_64-linux-gnu may be hidden by files in:
[0.619s]       /opt/ros/humble/lib/x86_64-linux-gnu
[0.619s]     runtime library [liboctomath.so.1.9] in /usr/lib/x86_64-linux-gnu may be hidden by files in:
[0.619s]       /opt/ros/humble/lib/x86_64-linux-gnu
[0.619s] 
[0.619s]   Some of these libraries may not be found correctly.
[0.619s] 
[0.619s] 
[0.619s] CMake Warning at CMakeLists.txt:105 (add_executable):
[0.619s]   Cannot generate a safe runtime search path for target
[0.619s]   base_arm_task_controller_v2 because there is a cycle in the constraint
[0.619s]   graph:
[0.619s] 
[0.619s]     dir 0 is [/usr/local/lib]
[0.619s]     dir 1 is [/opt/ros/humble/lib]
[0.619s]     dir 2 is [/opt/ros/humble/lib/x86_64-linux-gnu]
[0.620s]       dir 3 must precede it due to runtime library [libpinocchio_parsers.so.3.9.0]
[0.620s]     dir 3 is [/opt/openrobots/lib]
[0.620s]       dir 2 must precede it due to runtime library [libpinocchio_default.so.3.9.0]
[0.620s] 
[0.620s]   Some of these libraries may not be found correctly.
[0.620s] 
[0.620s] 
[0.624s] CMake Warning at CMakeLists.txt:129 (add_executable):
[0.624s]   Cannot generate a safe runtime search path for target pin_test because
[0.624s]   files in some directories may conflict with libraries in implicit
[0.624s]   directories:
[0.624s] 
[0.624s]     runtime library [liburdfdom_sensor.so.3.0] in /usr/lib/x86_64-linux-gnu may be hidden by files in:
[0.624s]       /opt/ros/humble/lib/x86_64-linux-gnu
[0.624s]     runtime library [liburdfdom_model_state.so.3.0] in /usr/lib/x86_64-linux-gnu may be hidden by files in:
[0.624s]       /opt/ros/humble/lib/x86_64-linux-gnu
[0.624s]     runtime library [liburdfdom_model.so.3.0] in /usr/lib/x86_64-linux-gnu may be hidden by files in:
[0.624s]       /opt/ros/humble/lib/x86_64-linux-gnu
[0.624s]     runtime library [liburdfdom_world.so.3.0] in /usr/lib/x86_64-linux-gnu may be hidden by files in:
[0.624s]       /opt/ros/humble/lib/x86_64-linux-gnu
[0.624s]     runtime library [liboctomap.so.1.9] in /usr/lib/x86_64-linux-gnu may be hidden by files in:
[0.624s]       /opt/ros/humble/lib/x86_64-linux-gnu
[0.625s]     runtime library [liboctomath.so.1.9] in /usr/lib/x86_64-linux-gnu may be hidden by files in:
[0.625s]       /opt/ros/humble/lib/x86_64-linux-gnu
[0.625s] 
[0.625s]   Some of these libraries may not be found correctly.
[0.625s] 
[0.625s] 
[0.625s] CMake Warning at CMakeLists.txt:129 (add_executable):
[0.625s]   Cannot generate a safe runtime search path for target pin_test because
[0.625s]   there is a cycle in the constraint graph:
[0.625s] 
[0.625s]     dir 0 is [/opt/ros/humble/lib]
[0.625s]     dir 1 is [/opt/openrobots/lib]
[0.625s]       dir 2 must precede it due to runtime library [libpinocchio_default.so.3.9.0]
[0.625s]     dir 2 is [/opt/ros/humble/lib/x86_64-linux-gnu]
[0.625s]       dir 1 must precede it due to runtime library [libpinocchio_parsers.so.3.9.0]
[0.625s] 
[0.625s]   Some of these libraries may not be found correctly.
[0.625s] 
[0.625s] 
[0.632s] -- Generating done
[0.644s] -- Build files have been written to: /home/jin/harco/ecvt2_ws/build/ecvt2_controller
[30.029s] Invoked command in '/home/jin/harco/ecvt2_ws/build/ecvt2_controller' returned '0': CMAKE_PREFIX_PATH=/opt/ros/humble /usr/bin/cmake /home/jin/harco/ecvt2_ws/ecvt2_controller -DCMAKE_INSTALL_PREFIX=/home/jin/harco/ecvt2_ws/install/ecvt2_controller
[30.030s] Invoking command in '/home/jin/harco/ecvt2_ws/build/ecvt2_controller': CMAKE_PREFIX_PATH=/opt/ros/humble /usr/bin/cmake --build /home/jin/harco/ecvt2_ws/build/ecvt2_controller -- -j20 -l20
[30.058s] Consolidate compiler generated dependencies of target wbc_hqp_lib
[30.059s] Consolidate compiler generated dependencies of target com_trajectory_publisher
[30.063s] Consolidate compiler generated dependencies of target teleop_goal_publisher
[30.064s] Consolidate compiler generated dependencies of target kdl_utils
[30.064s] [  7%] Built target wbc_hqp_lib
[30.065s] Consolidate compiler generated dependencies of target vp_sto_global_planner_node
[30.065s] [ 14%] Built target com_trajectory_publisher
[30.065s] Consolidate compiler generated dependencies of target vp_sto_paper_global_planner_node
[30.070s] Consolidate compiler generated dependencies of target live_upper_dynamics_node
[30.070s] [ 21%] Built target teleop_goal_publisher
[30.076s] [ 28%] Built target vp_sto_paper_global_planner_node
[30.078s] [ 32%] Building CXX object CMakeFiles/vp_sto_global_planner_node.dir/src/vp_sto_global_planner_node.cpp.o
[30.079s] [ 39%] Built target kdl_utils
[30.085s] [ 46%] Built target live_upper_dynamics_node
[30.087s] Consolidate compiler generated dependencies of target wbc_hqp_v2
[30.087s] Consolidate compiler generated dependencies of target wbc_hqp_v3
[30.087s] Consolidate compiler generated dependencies of target wbc_hqp
[30.088s] Consolidate compiler generated dependencies of target base_arm_task_controller
[30.088s] Consolidate compiler generated dependencies of target base_arm_task_controller_v2
[30.090s] Consolidate compiler generated dependencies of target base_opt_controller
[30.095s] [ 75%] Built target base_arm_task_controller
[30.095s] [ 75%] Built target wbc_hqp_v3
[30.095s] [ 75%] Built target wbc_hqp
[30.095s] [ 75%] Built target base_arm_task_controller_v2
[30.098s] [ 82%] Built target wbc_hqp_v2
[30.098s] [ 89%] Built target base_opt_controller
[30.101s] Consolidate compiler generated dependencies of target pin_test
[30.116s] [ 96%] Built target pin_test
[32.882s] In file included from /opt/openrobots/include/hpp/fcl/config.hh:1,
[32.882s]                  from /opt/openrobots/include/pinocchio/serialization/eigen.hpp:20,
[32.882s]                  from /opt/openrobots/include/pinocchio/serialization/fwd.hpp:11,
[32.882s]                  from /opt/openrobots/include/pinocchio/multibody/joint/joint-composite.hpp:14,
[32.883s]                  from /opt/openrobots/include/pinocchio/multibody/joint/joint-generic.hpp:9,
[32.883s]                  from /opt/openrobots/include/pinocchio/multibody/model.hpp:17,
[32.883s]                  from /opt/openrobots/include/pinocchio/parsers/urdf.hpp:9,
[32.883s]                  from /home/jin/harco/ecvt2_ws/ecvt2_controller/src/vp_sto_global_planner_node.cpp:7:
[32.883s] /opt/openrobots/include/hpp/fcl/coal.hpp:12:99: note: ‘#pragma message: Please update your includes from 'hpp/fcl' to 'coal' or define COAL_DISABLE_HPP_FCL_WARNINGS’
[32.883s]    12 |     "Please update your includes from 'hpp/fcl' to 'coal' or define COAL_DISABLE_HPP_FCL_WARNINGS")
[32.883s]       |                                                                                                   ^
[65.415s] [100%] Linking CXX executable vp_sto_global_planner_node
[66.737s] [100%] Built target vp_sto_global_planner_node
[66.745s] Invoked command in '/home/jin/harco/ecvt2_ws/build/ecvt2_controller' returned '0': CMAKE_PREFIX_PATH=/opt/ros/humble /usr/bin/cmake --build /home/jin/harco/ecvt2_ws/build/ecvt2_controller -- -j20 -l20
[66.751s] Invoking command in '/home/jin/harco/ecvt2_ws/build/ecvt2_controller': CMAKE_PREFIX_PATH=/opt/ros/humble /usr/bin/cmake --install /home/jin/harco/ecvt2_ws/build/ecvt2_controller
[66.754s] -- Install configuration: ""
[66.755s] -- Execute custom install script
[66.755s] -- Up-to-date symlink: /home/jin/harco/ecvt2_ws/install/ecvt2_controller/lib/ecvt2_controller/teleop_goal_publisher
[66.755s] -- Up-to-date symlink: /home/jin/harco/ecvt2_ws/install/ecvt2_controller/lib/ecvt2_controller/live_upper_dynamics_node
[66.755s] -- Up-to-date symlink: /home/jin/harco/ecvt2_ws/install/ecvt2_controller/lib/ecvt2_controller/vp_sto_global_planner_node
[66.755s] -- Up-to-date symlink: /home/jin/harco/ecvt2_ws/install/ecvt2_controller/lib/ecvt2_controller/vp_sto_paper_global_planner_node
[66.755s] -- Up-to-date symlink: /home/jin/harco/ecvt2_ws/install/ecvt2_controller/include/ecvt2_controller/kdl_utils.hpp
[66.755s] -- Up-to-date symlink: /home/jin/harco/ecvt2_ws/install/ecvt2_controller/include/ecvt2_controller/wbc_hqp_lib.hpp
[66.755s] -- Up-to-date symlink: /home/jin/harco/ecvt2_ws/install/ecvt2_controller/lib/libkdl_utils.a
[66.755s] -- Up-to-date symlink: /home/jin/harco/ecvt2_ws/install/ecvt2_controller/lib/libwbc_hqp_lib.a
[66.756s] -- Up-to-date symlink: /home/jin/harco/ecvt2_ws/install/ecvt2_controller/lib/ecvt2_controller/base_opt_controller
[66.756s] -- Up-to-date symlink: /home/jin/harco/ecvt2_ws/install/ecvt2_controller/lib/ecvt2_controller/wbc_hqp
[66.756s] -- Up-to-date symlink: /home/jin/harco/ecvt2_ws/install/ecvt2_controller/lib/ecvt2_controller/wbc_hqp_v2
[66.756s] -- Up-to-date symlink: /home/jin/harco/ecvt2_ws/install/ecvt2_controller/lib/ecvt2_controller/wbc_hqp_v3
[66.756s] -- Up-to-date symlink: /home/jin/harco/ecvt2_ws/install/ecvt2_controller/lib/ecvt2_controller/base_arm_task_controller
[66.756s] -- Up-to-date symlink: /home/jin/harco/ecvt2_ws/install/ecvt2_controller/lib/ecvt2_controller/base_arm_task_controller_v2
[66.756s] -- Up-to-date symlink: /home/jin/harco/ecvt2_ws/install/ecvt2_controller/lib/ecvt2_controller/teleop_goal_publisher
[66.756s] -- Up-to-date symlink: /home/jin/harco/ecvt2_ws/install/ecvt2_controller/lib/ecvt2_controller/com_trajectory_publisher
[66.756s] -- Up-to-date symlink: /home/jin/harco/ecvt2_ws/install/ecvt2_controller/lib/ecvt2_controller/pin_test
[66.756s] -- Up-to-date symlink: /home/jin/harco/ecvt2_ws/install/ecvt2_controller/share/ament_index/resource_index/package_run_dependencies/ecvt2_controller
[66.756s] -- Up-to-date symlink: /home/jin/harco/ecvt2_ws/install/ecvt2_controller/share/ament_index/resource_index/parent_prefix_path/ecvt2_controller
[66.756s] -- Up-to-date symlink: /home/jin/harco/ecvt2_ws/install/ecvt2_controller/share/ecvt2_controller/environment/ament_prefix_path.sh
[66.756s] -- Up-to-date symlink: /home/jin/harco/ecvt2_ws/install/ecvt2_controller/share/ecvt2_controller/environment/ament_prefix_path.dsv
[66.756s] -- Up-to-date symlink: /home/jin/harco/ecvt2_ws/install/ecvt2_controller/share/ecvt2_controller/environment/path.sh
[66.756s] -- Up-to-date symlink: /home/jin/harco/ecvt2_ws/install/ecvt2_controller/share/ecvt2_controller/environment/path.dsv
[66.756s] -- Up-to-date symlink: /home/jin/harco/ecvt2_ws/install/ecvt2_controller/share/ecvt2_controller/local_setup.bash
[66.756s] -- Up-to-date symlink: /home/jin/harco/ecvt2_ws/install/ecvt2_controller/share/ecvt2_controller/local_setup.sh
[66.757s] -- Up-to-date symlink: /home/jin/harco/ecvt2_ws/install/ecvt2_controller/share/ecvt2_controller/local_setup.zsh
[66.757s] -- Up-to-date symlink: /home/jin/harco/ecvt2_ws/install/ecvt2_controller/share/ecvt2_controller/local_setup.dsv
[66.757s] -- Symlinking: /home/jin/harco/ecvt2_ws/install/ecvt2_controller/share/ecvt2_controller/package.dsv
[66.762s] -- Up-to-date symlink: /home/jin/harco/ecvt2_ws/install/ecvt2_controller/share/ament_index/resource_index/packages/ecvt2_controller
[66.762s] -- Up-to-date symlink: /home/jin/harco/ecvt2_ws/install/ecvt2_controller/share/ecvt2_controller/cmake/ecvt2_controllerConfig.cmake
[66.762s] -- Up-to-date symlink: /home/jin/harco/ecvt2_ws/install/ecvt2_controller/share/ecvt2_controller/cmake/ecvt2_controllerConfig-version.cmake
[66.762s] -- Up-to-date symlink: /home/jin/harco/ecvt2_ws/install/ecvt2_controller/share/ecvt2_controller/package.xml
[90.065s] Invoked command in '/home/jin/harco/ecvt2_ws/build/ecvt2_controller' returned '0': CMAKE_PREFIX_PATH=/opt/ros/humble /usr/bin/cmake --install /home/jin/harco/ecvt2_ws/build/ecvt2_controller
