[0.009s] Invoking command in '/home/jin/harco/ecvt2_ws/build/ecvt2_controller': CMAKE_PREFIX_PATH=${CMAKE_PREFIX_PATH}:/home/jin/harco/ecvt2_ws/install/ecvt2_sim:/opt/ros/humble /usr/bin/cmake /home/jin/harco/ecvt2_ws/ecvt2_controller -DAMENT_CMAKE_SYMLINK_INSTALL=1 -DCMAKE_INSTALL_PREFIX=/home/jin/harco/ecvt2_ws/install/ecvt2_controller
[0.126s] -- Found ament_cmake: 1.3.12 (/opt/ros/humble/share/ament_cmake/cmake)
[0.126s] -- Override CMake install command with custom implementation using symlinks instead of copying resources
[0.126s] -- Found rclcpp: 16.0.16 (/opt/ros/humble/share/rclcpp/cmake)
[0.126s] -- Found rosidl_generator_c: 3.1.7 (/opt/ros/humble/share/rosidl_generator_c/cmake)
[0.126s] -- Found rosidl_adapter: 3.1.7 (/opt/ros/humble/share/rosidl_adapter/cmake)
[0.126s] -- Found rosidl_generator_cpp: 3.1.7 (/opt/ros/humble/share/rosidl_generator_cpp/cmake)
[0.126s] -- Using all available rosidl_typesupport_c: rosidl_typesupport_fastrtps_c;rosidl_typesupport_introspection_c
[0.133s] -- Using all available rosidl_typesupport_cpp: rosidl_typesupport_fastrtps_cpp;rosidl_typesupport_introspection_cpp
[0.151s] -- Found rmw_implementation_cmake: 6.1.2 (/opt/ros/humble/share/rmw_implementation_cmake/cmake)
[0.152s] -- Found rmw_fastrtps_cpp: 6.2.9 (/opt/ros/humble/share/rmw_fastrtps_cpp/cmake)
[0.213s] -- Using RMW implementation 'rmw_fastrtps_cpp' as default
[0.239s] -- Found geometry_msgs: 4.9.0 (/opt/ros/humble/share/geometry_msgs/cmake)
[0.247s] -- Found sensor_msgs: 4.9.0 (/opt/ros/humble/share/sensor_msgs/cmake)
[0.257s] -- Found visualization_msgs: 4.9.0 (/opt/ros/humble/share/visualization_msgs/cmake)
[0.267s] -- Found trajectory_msgs: 4.9.0 (/opt/ros/humble/share/trajectory_msgs/cmake)
[0.278s] -- pinocchio_default FOUND. pinocchio_default at /opt/ros/humble/lib/x86_64-linux-gnu/libpinocchio_default.so
[0.278s] -- pinocchio_parsers FOUND. pinocchio_parsers at /opt/ros/humble/lib/x86_64-linux-gnu/libpinocchio_parsers.so
[0.279s] -- pinocchio_casadi not FOUND.
[0.279s] -- boost_filesystem FOUND. boost_filesystem at /usr/lib/x86_64-linux-gnu/libboost_filesystem.so
[0.284s] -- Found Boost: /usr/include (found version "1.74.0") found components: filesystem serialization 
[0.284s] [33mCMake Warning at /opt/openrobots/lib/cmake/hpp-fcl/hpp-fclConfig.cmake:4 (message):
[0.285s]   Please update your CMake from 'hpp-fcl' to 'coal', or define
[0.285s]   COAL_DISABLE_HPP_FCL_WARNINGS
[0.285s] Call Stack (most recent call first):
[0.285s]   /usr/share/cmake-3.22/Modules/CMakeFindDependencyMacro.cmake:47 (find_package)
[0.285s]   /opt/openrobots/lib/cmake/pinocchio/pinocchioConfig.cmake:161 (find_dependency)
[0.285s]   CMakeLists.txt:20 (find_package)
[0.285s] 
[0.285s] [0m
[0.285s] -- coal not FOUND.
[0.289s] -- Found Boost: /usr/include (found version "1.74.0") found components: serialization filesystem 
[0.467s] -- Default C++ standard: 201703
[0.467s] -- C++ standard sufficient: Minimal required 11, currently defined: 17
[0.467s] -- CMAKE_CXX_STANDARD was not set: automatically set to currently defined standard 17
[0.468s] -- C++ standard sufficient: Minimal required 11, currently defined: 17
[0.480s] -- Found ament_lint_auto: 0.12.14 (/opt/ros/humble/share/ament_lint_auto/cmake)
[0.542s] -- Added test 'cppcheck' to perform static code analysis on C / C++ code
[0.543s] -- Configured cppcheck include dirs: $<BUILD_INTERFACE:/home/jin/harco/ecvt2_ws/ecvt2_controller/include>
[0.543s] -- Configured cppcheck exclude dirs and/or files: 
[0.543s] -- Added test 'lint_cmake' to check CMake code style
[0.544s] -- Added test 'uncrustify' to check C / C++ code style
[0.544s] -- Configured uncrustify additional arguments: 
[0.544s] -- Added test 'xmllint' to check XML markup files
[0.544s] -- Configuring done
[0.554s] [33mCMake Warning at CMakeLists.txt:48 (add_executable):
[0.554s]   Cannot generate a safe runtime search path for target base_opt_controller
[0.554s]   because files in some directories may conflict with libraries in implicit
[0.554s]   directories:
[0.554s] 
[0.555s]     runtime library [liburdfdom_sensor.so.3.0] in /usr/lib/x86_64-linux-gnu may be hidden by files in:
[0.555s]       /opt/ros/humble/lib/x86_64-linux-gnu
[0.555s]     runtime library [liburdfdom_model_state.so.3.0] in /usr/lib/x86_64-linux-gnu may be hidden by files in:
[0.555s]       /opt/ros/humble/lib/x86_64-linux-gnu
[0.555s]     runtime library [liburdfdom_model.so.3.0] in /usr/lib/x86_64-linux-gnu may be hidden by files in:
[0.555s]       /opt/ros/humble/lib/x86_64-linux-gnu
[0.555s]     runtime library [liburdfdom_world.so.3.0] in /usr/lib/x86_64-linux-gnu may be hidden by files in:
[0.555s]       /opt/ros/humble/lib/x86_64-linux-gnu
[0.555s]     runtime library [liboctomap.so.1.9] in /usr/lib/x86_64-linux-gnu may be hidden by files in:
[0.555s]       /opt/ros/humble/lib/x86_64-linux-gnu
[0.555s]     runtime library [liboctomath.so.1.9] in /usr/lib/x86_64-linux-gnu may be hidden by files in:
[0.555s]       /opt/ros/humble/lib/x86_64-linux-gnu
[0.555s] 
[0.555s]   Some of these libraries may not be found correctly.
[0.555s] 
[0.555s] [0m
[0.555s] [33mCMake Warning at CMakeLists.txt:48 (add_executable):
[0.555s]   Cannot generate a safe runtime search path for target base_opt_controller
[0.555s]   because there is a cycle in the constraint graph:
[0.555s] 
[0.555s]     dir 0 is [/usr/local/lib]
[0.555s]     dir 1 is [/opt/ros/humble/lib]
[0.555s]     dir 2 is [/opt/ros/humble/lib/x86_64-linux-gnu]
[0.556s]       dir 3 must precede it due to runtime library [libpinocchio_parsers.so.3.9.0]
[0.556s]     dir 3 is [/opt/openrobots/lib]
[0.556s]       dir 2 must precede it due to runtime library [libpinocchio_default.so.3.9.0]
[0.556s] 
[0.556s]   Some of these libraries may not be found correctly.
[0.556s] 
[0.556s] [0m
[0.557s] [33mCMake Warning at CMakeLists.txt:59 (add_executable):
[0.557s]   Cannot generate a safe runtime search path for target wbc_hqp because files
[0.557s]   in some directories may conflict with libraries in implicit directories:
[0.557s] 
[0.557s]     runtime library [liburdfdom_sensor.so.3.0] in /usr/lib/x86_64-linux-gnu may be hidden by files in:
[0.557s]       /opt/ros/humble/lib/x86_64-linux-gnu
[0.557s]     runtime library [liburdfdom_model_state.so.3.0] in /usr/lib/x86_64-linux-gnu may be hidden by files in:
[0.557s]       /opt/ros/humble/lib/x86_64-linux-gnu
[0.557s]     runtime library [liburdfdom_model.so.3.0] in /usr/lib/x86_64-linux-gnu may be hidden by files in:
[0.557s]       /opt/ros/humble/lib/x86_64-linux-gnu
[0.557s]     runtime library [liburdfdom_world.so.3.0] in /usr/lib/x86_64-linux-gnu may be hidden by files in:
[0.557s]       /opt/ros/humble/lib/x86_64-linux-gnu
[0.557s]     runtime library [liboctomap.so.1.9] in /usr/lib/x86_64-linux-gnu may be hidden by files in:
[0.557s]       /opt/ros/humble/lib/x86_64-linux-gnu
[0.557s]     runtime library [liboctomath.so.1.9] in /usr/lib/x86_64-linux-gnu may be hidden by files in:
[0.557s]       /opt/ros/humble/lib/x86_64-linux-gnu
[0.557s] 
[0.557s]   Some of these libraries may not be found correctly.
[0.557s] 
[0.557s] [0m
[0.557s] [33mCMake Warning at CMakeLists.txt:59 (add_executable):
[0.557s]   Cannot generate a safe runtime search path for target wbc_hqp because there
[0.557s]   is a cycle in the constraint graph:
[0.557s] 
[0.557s]     dir 0 is [/usr/local/lib]
[0.557s]     dir 1 is [/opt/ros/humble/lib]
[0.557s]     dir 2 is [/opt/ros/humble/lib/x86_64-linux-gnu]
[0.557s]       dir 3 must precede it due to runtime library [libpinocchio_parsers.so.3.9.0]
[0.557s]     dir 3 is [/opt/openrobots/lib]
[0.557s]       dir 2 must precede it due to runtime library [libpinocchio_default.so.3.9.0]
[0.557s] 
[0.557s]   Some of these libraries may not be found correctly.
[0.557s] 
[0.557s] [0m
[0.559s] [33mCMake Warning at CMakeLists.txt:70 (add_executable):
[0.559s]   Cannot generate a safe runtime search path for target wbc_hqp_v2 because
[0.559s]   files in some directories may conflict with libraries in implicit
[0.559s]   directories:
[0.559s] 
[0.559s]     runtime library [liburdfdom_sensor.so.3.0] in /usr/lib/x86_64-linux-gnu may be hidden by files in:
[0.559s]       /opt/ros/humble/lib/x86_64-linux-gnu
[0.560s]     runtime library [liburdfdom_model_state.so.3.0] in /usr/lib/x86_64-linux-gnu may be hidden by files in:
[0.560s]       /opt/ros/humble/lib/x86_64-linux-gnu
[0.560s]     runtime library [liburdfdom_model.so.3.0] in /usr/lib/x86_64-linux-gnu may be hidden by files in:
[0.560s]       /opt/ros/humble/lib/x86_64-linux-gnu
[0.560s]     runtime library [liburdfdom_world.so.3.0] in /usr/lib/x86_64-linux-gnu may be hidden by files in:
[0.560s]       /opt/ros/humble/lib/x86_64-linux-gnu
[0.560s]     runtime library [liboctomap.so.1.9] in /usr/lib/x86_64-linux-gnu may be hidden by files in:
[0.560s]       /opt/ros/humble/lib/x86_64-linux-gnu
[0.560s]     runtime library [liboctomath.so.1.9] in /usr/lib/x86_64-linux-gnu may be hidden by files in:
[0.560s]       /opt/ros/humble/lib/x86_64-linux-gnu
[0.560s] 
[0.560s]   Some of these libraries may not be found correctly.
[0.560s] 
[0.560s] [0m
[0.560s] [33mCMake Warning at CMakeLists.txt:70 (add_executable):
[0.560s]   Cannot generate a safe runtime search path for target wbc_hqp_v2 because
[0.560s]   there is a cycle in the constraint graph:
[0.560s] 
[0.560s]     dir 0 is [/usr/local/lib]
[0.560s]     dir 1 is [/opt/ros/humble/lib]
[0.560s]     dir 2 is [/opt/ros/humble/lib/x86_64-linux-gnu]
[0.560s]       dir 3 must precede it due to runtime library [libpinocchio_parsers.so.3.9.0]
[0.560s]     dir 3 is [/opt/openrobots/lib]
[0.560s]       dir 2 must precede it due to runtime library [libpinocchio_default.so.3.9.0]
[0.560s] 
[0.560s]   Some of these libraries may not be found correctly.
[0.560s] 
[0.560s] [0m
[0.562s] [33mCMake Warning at CMakeLists.txt:82 (add_executable):
[0.562s]   Cannot generate a safe runtime search path for target wbc_hqp_v3 because
[0.562s]   files in some directories may conflict with libraries in implicit
[0.562s]   directories:
[0.562s] 
[0.562s]     runtime library [liburdfdom_sensor.so.3.0] in /usr/lib/x86_64-linux-gnu may be hidden by files in:
[0.562s]       /opt/ros/humble/lib/x86_64-linux-gnu
[0.562s]     runtime library [liburdfdom_model_state.so.3.0] in /usr/lib/x86_64-linux-gnu may be hidden by files in:
[0.562s]       /opt/ros/humble/lib/x86_64-linux-gnu
[0.562s]     runtime library [liburdfdom_model.so.3.0] in /usr/lib/x86_64-linux-gnu may be hidden by files in:
[0.562s]       /opt/ros/humble/lib/x86_64-linux-gnu
[0.562s]     runtime library [liburdfdom_world.so.3.0] in /usr/lib/x86_64-linux-gnu may be hidden by files in:
[0.562s]       /opt/ros/humble/lib/x86_64-linux-gnu
[0.562s]     runtime library [liboctomap.so.1.9] in /usr/lib/x86_64-linux-gnu may be hidden by files in:
[0.562s]       /opt/ros/humble/lib/x86_64-linux-gnu
[0.562s]     runtime library [liboctomath.so.1.9] in /usr/lib/x86_64-linux-gnu may be hidden by files in:
[0.562s]       /opt/ros/humble/lib/x86_64-linux-gnu
[0.562s] 
[0.562s]   Some of these libraries may not be found correctly.
[0.562s] 
[0.562s] [0m
[0.562s] [33mCMake Warning at CMakeLists.txt:82 (add_executable):
[0.562s]   Cannot generate a safe runtime search path for target wbc_hqp_v3 because
[0.562s]   there is a cycle in the constraint graph:
[0.562s] 
[0.562s]     dir 0 is [/usr/local/lib]
[0.562s]     dir 1 is [/opt/ros/humble/lib]
[0.563s]     dir 2 is [/opt/ros/humble/lib/x86_64-linux-gnu]
[0.563s]       dir 3 must precede it due to runtime library [libpinocchio_parsers.so.3.9.0]
[0.563s]     dir 3 is [/opt/openrobots/lib]
[0.563s]       dir 2 must precede it due to runtime library [libpinocchio_default.so.3.9.0]
[0.563s] 
[0.563s]   Some of these libraries may not be found correctly.
[0.563s] 
[0.563s] [0m
[0.565s] [33mCMake Warning at CMakeLists.txt:94 (add_executable):
[0.565s]   Cannot generate a safe runtime search path for target
[0.565s]   base_arm_task_controller because files in some directories may conflict
[0.565s]   with libraries in implicit directories:
[0.565s] 
[0.565s]     runtime library [liburdfdom_sensor.so.3.0] in /usr/lib/x86_64-linux-gnu may be hidden by files in:
[0.565s]       /opt/ros/humble/lib/x86_64-linux-gnu
[0.565s]     runtime library [liburdfdom_model_state.so.3.0] in /usr/lib/x86_64-linux-gnu may be hidden by files in:
[0.565s]       /opt/ros/humble/lib/x86_64-linux-gnu
[0.565s]     runtime library [liburdfdom_model.so.3.0] in /usr/lib/x86_64-linux-gnu may be hidden by files in:
[0.565s]       /opt/ros/humble/lib/x86_64-linux-gnu
[0.565s]     runtime library [liburdfdom_world.so.3.0] in /usr/lib/x86_64-linux-gnu may be hidden by files in:
[0.565s]       /opt/ros/humble/lib/x86_64-linux-gnu
[0.565s]     runtime library [liboctomap.so.1.9] in /usr/lib/x86_64-linux-gnu may be hidden by files in:
[0.565s]       /opt/ros/humble/lib/x86_64-linux-gnu
[0.565s]     runtime library [liboctomath.so.1.9] in /usr/lib/x86_64-linux-gnu may be hidden by files in:
[0.565s]       /opt/ros/humble/lib/x86_64-linux-gnu
[0.565s] 
[0.565s]   Some of these libraries may not be found correctly.
[0.565s] 
[0.565s] [0m
[0.565s] [33mCMake Warning at CMakeLists.txt:94 (add_executable):
[0.565s]   Cannot generate a safe runtime search path for target
[0.565s]   base_arm_task_controller because there is a cycle in the constraint graph:
[0.565s] 
[0.565s]     dir 0 is [/usr/local/lib]
[0.565s]     dir 1 is [/opt/ros/humble/lib]
[0.565s]     dir 2 is [/opt/ros/humble/lib/x86_64-linux-gnu]
[0.565s]       dir 3 must precede it due to runtime library [libpinocchio_parsers.so.3.9.0]
[0.565s]     dir 3 is [/opt/openrobots/lib]
[0.565s]       dir 2 must precede it due to runtime library [libpinocchio_default.so.3.9.0]
[0.565s] 
[0.565s]   Some of these libraries may not be found correctly.
[0.565s] 
[0.565s] [0m
[0.567s] [33mCMake Warning at CMakeLists.txt:105 (add_executable):
[0.567s]   Cannot generate a safe runtime search path for target
[0.567s]   base_arm_task_controller_v2 because files in some directories may conflict
[0.567s]   with libraries in implicit directories:
[0.567s] 
[0.567s]     runtime library [liburdfdom_sensor.so.3.0] in /usr/lib/x86_64-linux-gnu may be hidden by files in:
[0.567s]       /opt/ros/humble/lib/x86_64-linux-gnu
[0.567s]     runtime library [liburdfdom_model_state.so.3.0] in /usr/lib/x86_64-linux-gnu may be hidden by files in:
[0.567s]       /opt/ros/humble/lib/x86_64-linux-gnu
[0.567s]     runtime library [liburdfdom_model.so.3.0] in /usr/lib/x86_64-linux-gnu may be hidden by files in:
[0.567s]       /opt/ros/humble/lib/x86_64-linux-gnu
[0.568s]     runtime library [liburdfdom_world.so.3.0] in /usr/lib/x86_64-linux-gnu may be hidden by files in:
[0.568s]       /opt/ros/humble/lib/x86_64-linux-gnu
[0.568s]     runtime library [liboctomap.so.1.9] in /usr/lib/x86_64-linux-gnu may be hidden by files in:
[0.568s]       /opt/ros/humble/lib/x86_64-linux-gnu
[0.568s]     runtime library [liboctomath.so.1.9] in /usr/lib/x86_64-linux-gnu may be hidden by files in:
[0.568s]       /opt/ros/humble/lib/x86_64-linux-gnu
[0.568s] 
[0.568s]   Some of these libraries may not be found correctly.
[0.568s] 
[0.568s] [0m
[0.568s] [33mCMake Warning at CMakeLists.txt:105 (add_executable):
[0.568s]   Cannot generate a safe runtime search path for target
[0.568s]   base_arm_task_controller_v2 because there is a cycle in the constraint
[0.568s]   graph:
[0.568s] 
[0.568s]     dir 0 is [/usr/local/lib]
[0.568s]     dir 1 is [/opt/ros/humble/lib]
[0.568s]     dir 2 is [/opt/ros/humble/lib/x86_64-linux-gnu]
[0.568s]       dir 3 must precede it due to runtime library [libpinocchio_parsers.so.3.9.0]
[0.568s]     dir 3 is [/opt/openrobots/lib]
[0.568s]       dir 2 must precede it due to runtime library [libpinocchio_default.so.3.9.0]
[0.568s] 
[0.568s]   Some of these libraries may not be found correctly.
[0.568s] 
[0.568s] [0m
[0.573s] [33mCMake Warning at CMakeLists.txt:129 (add_executable):
[0.573s]   Cannot generate a safe runtime search path for target pin_test because
[0.573s]   files in some directories may conflict with libraries in implicit
[0.573s]   directories:
[0.573s] 
[0.573s]     runtime library [liburdfdom_sensor.so.3.0] in /usr/lib/x86_64-linux-gnu may be hidden by files in:
[0.573s]       /opt/ros/humble/lib/x86_64-linux-gnu
[0.573s]     runtime library [liburdfdom_model_state.so.3.0] in /usr/lib/x86_64-linux-gnu may be hidden by files in:
[0.573s]       /opt/ros/humble/lib/x86_64-linux-gnu
[0.573s]     runtime library [liburdfdom_model.so.3.0] in /usr/lib/x86_64-linux-gnu may be hidden by files in:
[0.573s]       /opt/ros/humble/lib/x86_64-linux-gnu
[0.573s]     runtime library [liburdfdom_world.so.3.0] in /usr/lib/x86_64-linux-gnu may be hidden by files in:
[0.573s]       /opt/ros/humble/lib/x86_64-linux-gnu
[0.573s]     runtime library [liboctomap.so.1.9] in /usr/lib/x86_64-linux-gnu may be hidden by files in:
[0.573s]       /opt/ros/humble/lib/x86_64-linux-gnu
[0.573s]     runtime library [liboctomath.so.1.9] in /usr/lib/x86_64-linux-gnu may be hidden by files in:
[0.573s]       /opt/ros/humble/lib/x86_64-linux-gnu
[0.573s] 
[0.573s]   Some of these libraries may not be found correctly.
[0.573s] 
[0.573s] [0m
[0.573s] [33mCMake Warning at CMakeLists.txt:129 (add_executable):
[0.573s]   Cannot generate a safe runtime search path for target pin_test because
[0.573s]   there is a cycle in the constraint graph:
[0.573s] 
[0.573s]     dir 0 is [/opt/ros/humble/lib]
[0.573s]     dir 1 is [/opt/openrobots/lib]
[0.573s]       dir 2 must precede it due to runtime library [libpinocchio_default.so.3.9.0]
[0.573s]     dir 2 is [/opt/ros/humble/lib/x86_64-linux-gnu]
[0.573s]       dir 1 must precede it due to runtime library [libpinocchio_parsers.so.3.9.0]
[0.573s] 
[0.573s]   Some of these libraries may not be found correctly.
[0.573s] 
[0.573s] [0m
[0.581s] -- Generating done
[0.593s] -- Build files have been written to: /home/jin/harco/ecvt2_ws/build/ecvt2_controller
[0.599s] Invoked command in '/home/jin/harco/ecvt2_ws/build/ecvt2_controller' returned '0': CMAKE_PREFIX_PATH=${CMAKE_PREFIX_PATH}:/home/jin/harco/ecvt2_ws/install/ecvt2_sim:/opt/ros/humble /usr/bin/cmake /home/jin/harco/ecvt2_ws/ecvt2_controller -DAMENT_CMAKE_SYMLINK_INSTALL=1 -DCMAKE_INSTALL_PREFIX=/home/jin/harco/ecvt2_ws/install/ecvt2_controller
[0.601s] Invoking command in '/home/jin/harco/ecvt2_ws/build/ecvt2_controller': CMAKE_PREFIX_PATH=${CMAKE_PREFIX_PATH}:/home/jin/harco/ecvt2_ws/install/ecvt2_sim:/opt/ros/humble /usr/bin/cmake --build /home/jin/harco/ecvt2_ws/build/ecvt2_controller -- -j20 -l20
[0.628s] [35m[1mConsolidate compiler generated dependencies of target wbc_hqp_lib[0m
[0.628s] [35m[1mConsolidate compiler generated dependencies of target com_trajectory_publisher[0m
[0.628s] [35m[1mConsolidate compiler generated dependencies of target kdl_utils[0m
[0.629s] [35m[1mConsolidate compiler generated dependencies of target vp_sto_global_planner_node[0m
[0.629s] [35m[1mConsolidate compiler generated dependencies of target live_upper_dynamics_node[0m
[0.632s] [35m[1mConsolidate compiler generated dependencies of target teleop_goal_publisher[0m
[0.633s] [35m[1mConsolidate compiler generated dependencies of target vp_sto_paper_global_planner_node[0m
[0.637s] [ 10%] Built target wbc_hqp_lib
[0.637s] [ 14%] Built target com_trajectory_publisher
[0.643s] [ 21%] Built target teleop_goal_publisher
[0.645s] [ 28%] Built target kdl_utils
[0.649s] [ 35%] Built target live_upper_dynamics_node
[0.651s] [ 39%] [32mBuilding CXX object CMakeFiles/vp_sto_global_planner_node.dir/src/vp_sto_global_planner_node.cpp.o[0m
[0.652s] [35m[1mConsolidate compiler generated dependencies of target wbc_hqp_v2[0m
[0.652s] [35m[1mConsolidate compiler generated dependencies of target base_arm_task_controller_v2[0m
[0.652s] [35m[1mConsolidate compiler generated dependencies of target base_opt_controller[0m
[0.653s] [35m[1mConsolidate compiler generated dependencies of target wbc_hqp_v3[0m
[0.653s] [35m[1mConsolidate compiler generated dependencies of target pin_test[0m
[0.653s] [35m[1mConsolidate compiler generated dependencies of target wbc_hqp[0m
[0.654s] [35m[1mConsolidate compiler generated dependencies of target base_arm_task_controller[0m
[0.661s] [ 46%] Built target vp_sto_paper_global_planner_node
[0.662s] [ 60%] Built target base_arm_task_controller_v2
[0.662s] [ 60%] Built target wbc_hqp_v2
[0.664s] [ 75%] Built target wbc_hqp_v3
[0.664s] [ 75%] Built target base_opt_controller
[0.667s] [ 82%] Built target wbc_hqp
[0.672s] [ 89%] Built target base_arm_task_controller
[0.674s] [ 96%] Built target pin_test
[3.606s] In file included from [01m[K/opt/openrobots/include/hpp/fcl/config.hh:1[m[K,
[3.606s]                  from [01m[K/opt/openrobots/include/pinocchio/serialization/eigen.hpp:20[m[K,
[3.607s]                  from [01m[K/opt/openrobots/include/pinocchio/serialization/fwd.hpp:11[m[K,
[3.607s]                  from [01m[K/opt/openrobots/include/pinocchio/multibody/joint/joint-composite.hpp:14[m[K,
[3.607s]                  from [01m[K/opt/openrobots/include/pinocchio/multibody/joint/joint-generic.hpp:9[m[K,
[3.607s]                  from [01m[K/opt/openrobots/include/pinocchio/multibody/model.hpp:17[m[K,
[3.607s]                  from [01m[K/opt/openrobots/include/pinocchio/parsers/urdf.hpp:9[m[K,
[3.607s]                  from [01m[K/home/jin/harco/ecvt2_ws/ecvt2_controller/src/vp_sto_global_planner_node.cpp:7[m[K:
[3.607s] [01m[K/opt/openrobots/include/hpp/fcl/coal.hpp:12:99:[m[K [01;36m[Knote: [m[K‘[01m[K#pragma message: Please update your includes from 'hpp/fcl' to 'coal' or define COAL_DISABLE_HPP_FCL_WARNINGS[m[K’
[3.607s]    12 |     "Please update your includes from 'hpp/fcl' to 'coal' or define COAL_DISABLE_HPP_FCL_WARNINGS"[01;36m[K)[m[K
[3.607s]       |                                                                                                   [01;36m[K^[m[K
[36.348s] [100%] [32m[1mLinking CXX executable vp_sto_global_planner_node[0m
[37.735s] [100%] Built target vp_sto_global_planner_node
[37.743s] Invoked command in '/home/jin/harco/ecvt2_ws/build/ecvt2_controller' returned '0': CMAKE_PREFIX_PATH=${CMAKE_PREFIX_PATH}:/home/jin/harco/ecvt2_ws/install/ecvt2_sim:/opt/ros/humble /usr/bin/cmake --build /home/jin/harco/ecvt2_ws/build/ecvt2_controller -- -j20 -l20
[37.745s] Invoking command in '/home/jin/harco/ecvt2_ws/build/ecvt2_controller': CMAKE_PREFIX_PATH=${CMAKE_PREFIX_PATH}:/home/jin/harco/ecvt2_ws/install/ecvt2_sim:/opt/ros/humble /usr/bin/cmake --install /home/jin/harco/ecvt2_ws/build/ecvt2_controller
[37.750s] -- Install configuration: ""
[37.751s] -- Execute custom install script
[37.751s] -- Up-to-date symlink: /home/jin/harco/ecvt2_ws/install/ecvt2_controller/lib/ecvt2_controller/teleop_goal_publisher
[37.751s] -- Up-to-date symlink: /home/jin/harco/ecvt2_ws/install/ecvt2_controller/lib/ecvt2_controller/live_upper_dynamics_node
[37.751s] -- Up-to-date symlink: /home/jin/harco/ecvt2_ws/install/ecvt2_controller/lib/ecvt2_controller/vp_sto_global_planner_node
[37.751s] -- Up-to-date symlink: /home/jin/harco/ecvt2_ws/install/ecvt2_controller/lib/ecvt2_controller/vp_sto_paper_global_planner_node
[37.751s] -- Up-to-date symlink: /home/jin/harco/ecvt2_ws/install/ecvt2_controller/include/ecvt2_controller/kdl_utils.hpp
[37.751s] -- Up-to-date symlink: /home/jin/harco/ecvt2_ws/install/ecvt2_controller/include/ecvt2_controller/wbc_hqp_lib.hpp
[37.751s] -- Up-to-date symlink: /home/jin/harco/ecvt2_ws/install/ecvt2_controller/lib/libkdl_utils.a
[37.751s] -- Up-to-date symlink: /home/jin/harco/ecvt2_ws/install/ecvt2_controller/lib/libwbc_hqp_lib.a
[37.752s] -- Up-to-date symlink: /home/jin/harco/ecvt2_ws/install/ecvt2_controller/lib/ecvt2_controller/base_opt_controller
[37.752s] -- Up-to-date symlink: /home/jin/harco/ecvt2_ws/install/ecvt2_controller/lib/ecvt2_controller/wbc_hqp
[37.752s] -- Up-to-date symlink: /home/jin/harco/ecvt2_ws/install/ecvt2_controller/lib/ecvt2_controller/wbc_hqp_v2
[37.752s] -- Up-to-date symlink: /home/jin/harco/ecvt2_ws/install/ecvt2_controller/lib/ecvt2_controller/wbc_hqp_v3
[37.752s] -- Up-to-date symlink: /home/jin/harco/ecvt2_ws/install/ecvt2_controller/lib/ecvt2_controller/base_arm_task_controller
[37.752s] -- Up-to-date symlink: /home/jin/harco/ecvt2_ws/install/ecvt2_controller/lib/ecvt2_controller/base_arm_task_controller_v2
[37.752s] -- Up-to-date symlink: /home/jin/harco/ecvt2_ws/install/ecvt2_controller/lib/ecvt2_controller/teleop_goal_publisher
[37.752s] -- Up-to-date symlink: /home/jin/harco/ecvt2_ws/install/ecvt2_controller/lib/ecvt2_controller/com_trajectory_publisher
[37.752s] -- Up-to-date symlink: /home/jin/harco/ecvt2_ws/install/ecvt2_controller/lib/ecvt2_controller/pin_test
[37.752s] -- Up-to-date symlink: /home/jin/harco/ecvt2_ws/install/ecvt2_controller/share/ament_index/resource_index/package_run_dependencies/ecvt2_controller
[37.752s] -- Up-to-date symlink: /home/jin/harco/ecvt2_ws/install/ecvt2_controller/share/ament_index/resource_index/parent_prefix_path/ecvt2_controller
[37.752s] -- Up-to-date symlink: /home/jin/harco/ecvt2_ws/install/ecvt2_controller/share/ecvt2_controller/environment/ament_prefix_path.sh
[37.752s] -- Up-to-date symlink: /home/jin/harco/ecvt2_ws/install/ecvt2_controller/share/ecvt2_controller/environment/ament_prefix_path.dsv
[37.753s] -- Up-to-date symlink: /home/jin/harco/ecvt2_ws/install/ecvt2_controller/share/ecvt2_controller/environment/path.sh
[37.753s] -- Up-to-date symlink: /home/jin/harco/ecvt2_ws/install/ecvt2_controller/share/ecvt2_controller/environment/path.dsv
[37.753s] -- Up-to-date symlink: /home/jin/harco/ecvt2_ws/install/ecvt2_controller/share/ecvt2_controller/local_setup.bash
[37.753s] -- Up-to-date symlink: /home/jin/harco/ecvt2_ws/install/ecvt2_controller/share/ecvt2_controller/local_setup.sh
[37.753s] -- Up-to-date symlink: /home/jin/harco/ecvt2_ws/install/ecvt2_controller/share/ecvt2_controller/local_setup.zsh
[37.753s] -- Up-to-date symlink: /home/jin/harco/ecvt2_ws/install/ecvt2_controller/share/ecvt2_controller/local_setup.dsv
[37.753s] -- Symlinking: /home/jin/harco/ecvt2_ws/install/ecvt2_controller/share/ecvt2_controller/package.dsv
[37.757s] -- Up-to-date symlink: /home/jin/harco/ecvt2_ws/install/ecvt2_controller/share/ament_index/resource_index/packages/ecvt2_controller
[37.757s] -- Up-to-date symlink: /home/jin/harco/ecvt2_ws/install/ecvt2_controller/share/ecvt2_controller/cmake/ecvt2_controllerConfig.cmake
[37.757s] -- Up-to-date symlink: /home/jin/harco/ecvt2_ws/install/ecvt2_controller/share/ecvt2_controller/cmake/ecvt2_controllerConfig-version.cmake
[37.757s] -- Up-to-date symlink: /home/jin/harco/ecvt2_ws/install/ecvt2_controller/share/ecvt2_controller/package.xml
[37.758s] Invoked command in '/home/jin/harco/ecvt2_ws/build/ecvt2_controller' returned '0': CMAKE_PREFIX_PATH=${CMAKE_PREFIX_PATH}:/home/jin/harco/ecvt2_ws/install/ecvt2_sim:/opt/ros/humble /usr/bin/cmake --install /home/jin/harco/ecvt2_ws/build/ecvt2_controller
