[0.006s] Invoking command in '/home/jin/harco/ecvt2_ws/build/ecvt2_controller': CMAKE_PREFIX_PATH=/opt/ros/humble /usr/bin/cmake /home/jin/harco/ecvt2_ws/ecvt2_controller -DCMAKE_INSTALL_PREFIX=/home/jin/harco/ecvt2_ws/install/ecvt2_controller
[0.125s] -- Found ament_cmake: 1.3.12 (/opt/ros/humble/share/ament_cmake/cmake)
[0.125s] -- Override CMake install command with custom implementation using symlinks instead of copying resources
[0.125s] -- Found rclcpp: 16.0.16 (/opt/ros/humble/share/rclcpp/cmake)
[0.125s] -- Found rosidl_generator_c: 3.1.7 (/opt/ros/humble/share/rosidl_generator_c/cmake)
[0.125s] -- Found rosidl_adapter: 3.1.7 (/opt/ros/humble/share/rosidl_adapter/cmake)
[0.125s] -- Found rosidl_generator_cpp: 3.1.7 (/opt/ros/humble/share/rosidl_generator_cpp/cmake)
[0.125s] -- Using all available rosidl_typesupport_c: rosidl_typesupport_fastrtps_c;rosidl_typesupport_introspection_c
[0.129s] -- Using all available rosidl_typesupport_cpp: rosidl_typesupport_fastrtps_cpp;rosidl_typesupport_introspection_cpp
[0.146s] -- Found rmw_implementation_cmake: 6.1.2 (/opt/ros/humble/share/rmw_implementation_cmake/cmake)
[0.147s] -- Found rmw_fastrtps_cpp: 6.2.9 (/opt/ros/humble/share/rmw_fastrtps_cpp/cmake)
[0.213s] -- Using RMW implementation 'rmw_fastrtps_cpp' as default
[0.240s] -- Found geometry_msgs: 4.9.0 (/opt/ros/humble/share/geometry_msgs/cmake)
[0.247s] -- Found sensor_msgs: 4.9.0 (/opt/ros/humble/share/sensor_msgs/cmake)
[0.256s] -- Found visualization_msgs: 4.9.0 (/opt/ros/humble/share/visualization_msgs/cmake)
[0.267s] -- Found trajectory_msgs: 4.9.0 (/opt/ros/humble/share/trajectory_msgs/cmake)
[0.277s] -- pinocchio_default FOUND. pinocchio_default at /opt/ros/humble/lib/x86_64-linux-gnu/libpinocchio_default.so
[0.277s] -- pinocchio_parsers FOUND. pinocchio_parsers at /opt/ros/humble/lib/x86_64-linux-gnu/libpinocchio_parsers.so
[0.278s] -- pinocchio_casadi not FOUND.
[0.279s] -- boost_filesystem FOUND. boost_filesystem at /usr/lib/x86_64-linux-gnu/libboost_filesystem.so
[0.284s] -- Found Boost: /usr/include (found version "1.74.0") found components: filesystem serialization 
[0.285s] CMake Warning at /opt/openrobots/lib/cmake/hpp-fcl/hpp-fclConfig.cmake:4 (message):
[0.285s]   Please update your CMake from 'hpp-fcl' to 'coal', or define
[0.285s]   COAL_DISABLE_HPP_FCL_WARNINGS
[0.285s] Call Stack (most recent call first):
[0.285s]   /usr/share/cmake-3.22/Modules/CMakeFindDependencyMacro.cmake:47 (find_package)
[0.285s]   /opt/openrobots/lib/cmake/pinocchio/pinocchioConfig.cmake:161 (find_dependency)
[0.285s]   CMakeLists.txt:20 (find_package)
[0.285s] 
[0.285s] 
[0.286s] -- coal not FOUND.
[0.289s] -- Found Boost: /usr/include (found version "1.74.0") found components: serialization filesystem 
[0.465s] -- Default C++ standard: 201703
[0.465s] -- C++ standard sufficient: Minimal required 11, currently defined: 17
[0.465s] -- CMAKE_CXX_STANDARD was not set: automatically set to currently defined standard 17
[0.465s] -- C++ standard sufficient: Minimal required 11, currently defined: 17
[0.478s] -- Found ament_lint_auto: 0.12.14 (/opt/ros/humble/share/ament_lint_auto/cmake)
[0.532s] -- Added test 'cppcheck' to perform static code analysis on C / C++ code
[0.532s] -- Configured cppcheck include dirs: $<BUILD_INTERFACE:/home/jin/harco/ecvt2_ws/ecvt2_controller/include>
[0.532s] -- Configured cppcheck exclude dirs and/or files: 
[0.532s] -- Added test 'lint_cmake' to check CMake code style
[0.533s] -- Added test 'uncrustify' to check C / C++ code style
[0.533s] -- Configured uncrustify additional arguments: 
[0.533s] -- Added test 'xmllint' to check XML markup files
[0.534s] -- Configuring done
[0.544s] CMake Warning at CMakeLists.txt:48 (add_executable):
[0.545s]   Cannot generate a safe runtime search path for target base_opt_controller
[0.545s]   because files in some directories may conflict with libraries in implicit
[0.545s]   directories:
[0.545s] 
[0.545s]     runtime library [liburdfdom_sensor.so.3.0] in /usr/lib/x86_64-linux-gnu may be hidden by files in:
[0.545s]       /opt/ros/humble/lib/x86_64-linux-gnu
[0.545s]     runtime library [liburdfdom_model_state.so.3.0] in /usr/lib/x86_64-linux-gnu may be hidden by files in:
[0.545s]       /opt/ros/humble/lib/x86_64-linux-gnu
[0.545s]     runtime library [liburdfdom_model.so.3.0] in /usr/lib/x86_64-linux-gnu may be hidden by files in:
[0.545s]       /opt/ros/humble/lib/x86_64-linux-gnu
[0.545s]     runtime library [liburdfdom_world.so.3.0] in /usr/lib/x86_64-linux-gnu may be hidden by files in:
[0.545s]       /opt/ros/humble/lib/x86_64-linux-gnu
[0.545s]     runtime library [liboctomap.so.1.9] in /usr/lib/x86_64-linux-gnu may be hidden by files in:
[0.545s]       /opt/ros/humble/lib/x86_64-linux-gnu
[0.545s]     runtime library [liboctomath.so.1.9] in /usr/lib/x86_64-linux-gnu may be hidden by files in:
[0.545s]       /opt/ros/humble/lib/x86_64-linux-gnu
[0.545s] 
[0.545s]   Some of these libraries may not be found correctly.
[0.545s] 
[0.545s] 
[0.545s] CMake Warning at CMakeLists.txt:48 (add_executable):
[0.545s]   Cannot generate a safe runtime search path for target base_opt_controller
[0.545s]   because there is a cycle in the constraint graph:
[0.545s] 
[0.545s]     dir 0 is [/usr/local/lib]
[0.545s]     dir 1 is [/opt/ros/humble/lib]
[0.545s]     dir 2 is [/opt/ros/humble/lib/x86_64-linux-gnu]
[0.545s]       dir 3 must precede it due to runtime library [libpinocchio_parsers.so.3.9.0]
[0.545s]     dir 3 is [/opt/openrobots/lib]
[0.545s]       dir 2 must precede it due to runtime library [libpinocchio_default.so.3.9.0]
[0.545s] 
[0.545s]   Some of these libraries may not be found correctly.
[0.545s] 
[0.545s] 
[0.547s] CMake Warning at CMakeLists.txt:59 (add_executable):
[0.547s]   Cannot generate a safe runtime search path for target wbc_hqp because files
[0.547s]   in some directories may conflict with libraries in implicit directories:
[0.547s] 
[0.547s]     runtime library [liburdfdom_sensor.so.3.0] in /usr/lib/x86_64-linux-gnu may be hidden by files in:
[0.547s]       /opt/ros/humble/lib/x86_64-linux-gnu
[0.547s]     runtime library [liburdfdom_model_state.so.3.0] in /usr/lib/x86_64-linux-gnu may be hidden by files in:
[0.547s]       /opt/ros/humble/lib/x86_64-linux-gnu
[0.547s]     runtime library [liburdfdom_model.so.3.0] in /usr/lib/x86_64-linux-gnu may be hidden by files in:
[0.547s]       /opt/ros/humble/lib/x86_64-linux-gnu
[0.547s]     runtime library [liburdfdom_world.so.3.0] in /usr/lib/x86_64-linux-gnu may be hidden by files in:
[0.547s]       /opt/ros/humble/lib/x86_64-linux-gnu
[0.547s]     runtime library [liboctomap.so.1.9] in /usr/lib/x86_64-linux-gnu may be hidden by files in:
[0.547s]       /opt/ros/humble/lib/x86_64-linux-gnu
[0.547s]     runtime library [liboctomath.so.1.9] in /usr/lib/x86_64-linux-gnu may be hidden by files in:
[0.547s]       /opt/ros/humble/lib/x86_64-linux-gnu
[0.548s] 
[0.548s]   Some of these libraries may not be found correctly.
[0.548s] 
[0.548s] 
[0.548s] CMake Warning at CMakeLists.txt:59 (add_executable):
[0.548s]   Cannot generate a safe runtime search path for target wbc_hqp because there
[0.548s]   is a cycle in the constraint graph:
[0.548s] 
[0.548s]     dir 0 is [/usr/local/lib]
[0.548s]     dir 1 is [/opt/ros/humble/lib]
[0.548s]     dir 2 is [/opt/ros/humble/lib/x86_64-linux-gnu]
[0.548s]       dir 3 must precede it due to runtime library [libpinocchio_parsers.so.3.9.0]
[0.548s]     dir 3 is [/opt/openrobots/lib]
[0.548s]       dir 2 must precede it due to runtime library [libpinocchio_default.so.3.9.0]
[0.548s] 
[0.548s]   Some of these libraries may not be found correctly.
[0.548s] 
[0.548s] 
[0.550s] CMake Warning at CMakeLists.txt:70 (add_executable):
[0.550s]   Cannot generate a safe runtime search path for target wbc_hqp_v2 because
[0.550s]   files in some directories may conflict with libraries in implicit
[0.550s]   directories:
[0.550s] 
[0.550s]     runtime library [liburdfdom_sensor.so.3.0] in /usr/lib/x86_64-linux-gnu may be hidden by files in:
[0.550s]       /opt/ros/humble/lib/x86_64-linux-gnu
[0.550s]     runtime library [liburdfdom_model_state.so.3.0] in /usr/lib/x86_64-linux-gnu may be hidden by files in:
[0.550s]       /opt/ros/humble/lib/x86_64-linux-gnu
[0.550s]     runtime library [liburdfdom_model.so.3.0] in /usr/lib/x86_64-linux-gnu may be hidden by files in:
[0.550s]       /opt/ros/humble/lib/x86_64-linux-gnu
[0.550s]     runtime library [liburdfdom_world.so.3.0] in /usr/lib/x86_64-linux-gnu may be hidden by files in:
[0.550s]       /opt/ros/humble/lib/x86_64-linux-gnu
[0.550s]     runtime library [liboctomap.so.1.9] in /usr/lib/x86_64-linux-gnu may be hidden by files in:
[0.550s]       /opt/ros/humble/lib/x86_64-linux-gnu
[0.550s]     runtime library [liboctomath.so.1.9] in /usr/lib/x86_64-linux-gnu may be hidden by files in:
[0.550s]       /opt/ros/humble/lib/x86_64-linux-gnu
[0.550s] 
[0.550s]   Some of these libraries may not be found correctly.
[0.550s] 
[0.550s] 
[0.550s] CMake Warning at CMakeLists.txt:70 (add_executable):
[0.550s]   Cannot generate a safe runtime search path for target wbc_hqp_v2 because
[0.550s]   there is a cycle in the constraint graph:
[0.550s] 
[0.550s]     dir 0 is [/usr/local/lib]
[0.550s]     dir 1 is [/opt/ros/humble/lib]
[0.550s]     dir 2 is [/opt/ros/humble/lib/x86_64-linux-gnu]
[0.550s]       dir 3 must precede it due to runtime library [libpinocchio_parsers.so.3.9.0]
[0.550s]     dir 3 is [/opt/openrobots/lib]
[0.550s]       dir 2 must precede it due to runtime library [libpinocchio_default.so.3.9.0]
[0.550s] 
[0.550s]   Some of these libraries may not be found correctly.
[0.550s] 
[0.551s] 
[0.552s] CMake Warning at CMakeLists.txt:82 (add_executable):
[0.553s]   Cannot generate a safe runtime search path for target wbc_hqp_v3 because
[0.553s]   files in some directories may conflict with libraries in implicit
[0.553s]   directories:
[0.553s] 
[0.553s]     runtime library [liburdfdom_sensor.so.3.0] in /usr/lib/x86_64-linux-gnu may be hidden by files in:
[0.553s]       /opt/ros/humble/lib/x86_64-linux-gnu
[0.553s]     runtime library [liburdfdom_model_state.so.3.0] in /usr/lib/x86_64-linux-gnu may be hidden by files in:
[0.553s]       /opt/ros/humble/lib/x86_64-linux-gnu
[0.553s]     runtime library [liburdfdom_model.so.3.0] in /usr/lib/x86_64-linux-gnu may be hidden by files in:
[0.553s]       /opt/ros/humble/lib/x86_64-linux-gnu
[0.553s]     runtime library [liburdfdom_world.so.3.0] in /usr/lib/x86_64-linux-gnu may be hidden by files in:
[0.553s]       /opt/ros/humble/lib/x86_64-linux-gnu
[0.553s]     runtime library [liboctomap.so.1.9] in /usr/lib/x86_64-linux-gnu may be hidden by files in:
[0.553s]       /opt/ros/humble/lib/x86_64-linux-gnu
[0.553s]     runtime library [liboctomath.so.1.9] in /usr/lib/x86_64-linux-gnu may be hidden by files in:
[0.553s]       /opt/ros/humble/lib/x86_64-linux-gnu
[0.554s] 
[0.554s]   Some of these libraries may not be found correctly.
[0.554s] 
[0.554s] 
[0.554s] CMake Warning at CMakeLists.txt:82 (add_executable):
[0.554s]   Cannot generate a safe runtime search path for target wbc_hqp_v3 because
[0.554s]   there is a cycle in the constraint graph:
[0.554s] 
[0.554s]     dir 0 is [/usr/local/lib]
[0.554s]     dir 1 is [/opt/ros/humble/lib]
[0.554s]     dir 2 is [/opt/ros/humble/lib/x86_64-linux-gnu]
[0.554s]       dir 3 must precede it due to runtime library [libpinocchio_parsers.so.3.9.0]
[0.554s]     dir 3 is [/opt/openrobots/lib]
[0.554s]       dir 2 must precede it due to runtime library [libpinocchio_default.so.3.9.0]
[0.554s] 
[0.554s]   Some of these libraries may not be found correctly.
[0.554s] 
[0.554s] 
[0.555s] CMake Warning at CMakeLists.txt:94 (add_executable):
[0.555s]   Cannot generate a safe runtime search path for target
[0.555s]   base_arm_task_controller because files in some directories may conflict
[0.555s]   with libraries in implicit directories:
[0.555s] 
[0.555s]     runtime library [liburdfdom_sensor.so.3.0] in /usr/lib/x86_64-linux-gnu may be hidden by files in:
[0.555s]       /opt/ros/humble/lib/x86_64-linux-gnu
[0.555s]     runtime library [liburdfdom_model_state.so.3.0] in /usr/lib/x86_64-linux-gnu may be hidden by files in:
[0.556s]       /opt/ros/humble/lib/x86_64-linux-gnu
[0.556s]     runtime library [liburdfdom_model.so.3.0] in /usr/lib/x86_64-linux-gnu may be hidden by files in:
[0.556s]       /opt/ros/humble/lib/x86_64-linux-gnu
[0.556s]     runtime library [liburdfdom_world.so.3.0] in /usr/lib/x86_64-linux-gnu may be hidden by files in:
[0.556s]       /opt/ros/humble/lib/x86_64-linux-gnu
[0.556s]     runtime library [liboctomap.so.1.9] in /usr/lib/x86_64-linux-gnu may be hidden by files in:
[0.556s]       /opt/ros/humble/lib/x86_64-linux-gnu
[0.556s]     runtime library [liboctomath.so.1.9] in /usr/lib/x86_64-linux-gnu may be hidden by files in:
[0.556s]       /opt/ros/humble/lib/x86_64-linux-gnu
[0.556s] 
[0.556s]   Some of these libraries may not be found correctly.
[0.556s] 
[0.556s] 
[0.556s] CMake Warning at CMakeLists.txt:94 (add_executable):
[0.556s]   Cannot generate a safe runtime search path for target
[0.556s]   base_arm_task_controller because there is a cycle in the constraint graph:
[0.556s] 
[0.557s]     dir 0 is [/usr/local/lib]
[0.557s]     dir 1 is [/opt/ros/humble/lib]
[0.557s]     dir 2 is [/opt/ros/humble/lib/x86_64-linux-gnu]
[0.557s]       dir 3 must precede it due to runtime library [libpinocchio_parsers.so.3.9.0]
[0.557s]     dir 3 is [/opt/openrobots/lib]
[0.557s]       dir 2 must precede it due to runtime library [libpinocchio_default.so.3.9.0]
[0.557s] 
[0.557s]   Some of these libraries may not be found correctly.
[0.557s] 
[0.557s] 
[0.558s] CMake Warning at CMakeLists.txt:105 (add_executable):
[0.558s]   Cannot generate a safe runtime search path for target
[0.558s]   base_arm_task_controller_v2 because files in some directories may conflict
[0.558s]   with libraries in implicit directories:
[0.558s] 
[0.558s]     runtime library [liburdfdom_sensor.so.3.0] in /usr/lib/x86_64-linux-gnu may be hidden by files in:
[0.558s]       /opt/ros/humble/lib/x86_64-linux-gnu
[0.558s]     runtime library [liburdfdom_model_state.so.3.0] in /usr/lib/x86_64-linux-gnu may be hidden by files in:
[0.558s]       /opt/ros/humble/lib/x86_64-linux-gnu
[0.558s]     runtime library [liburdfdom_model.so.3.0] in /usr/lib/x86_64-linux-gnu may be hidden by files in:
[0.558s]       /opt/ros/humble/lib/x86_64-linux-gnu
[0.558s]     runtime library [liburdfdom_world.so.3.0] in /usr/lib/x86_64-linux-gnu may be hidden by files in:
[0.558s]       /opt/ros/humble/lib/x86_64-linux-gnu
[0.559s]     runtime library [liboctomap.so.1.9] in /usr/lib/x86_64-linux-gnu may be hidden by files in:
[0.559s]       /opt/ros/humble/lib/x86_64-linux-gnu
[0.559s]     runtime library [liboctomath.so.1.9] in /usr/lib/x86_64-linux-gnu may be hidden by files in:
[0.559s]       /opt/ros/humble/lib/x86_64-linux-gnu
[0.559s] 
[0.559s]   Some of these libraries may not be found correctly.
[0.559s] 
[0.559s] 
[0.559s] CMake Warning at CMakeLists.txt:105 (add_executable):
[0.559s]   Cannot generate a safe runtime search path for target
[0.559s]   base_arm_task_controller_v2 because there is a cycle in the constraint
[0.559s]   graph:
[0.559s] 
[0.559s]     dir 0 is [/usr/local/lib]
[0.559s]     dir 1 is [/opt/ros/humble/lib]
[0.559s]     dir 2 is [/opt/ros/humble/lib/x86_64-linux-gnu]
[0.560s]       dir 3 must precede it due to runtime library [libpinocchio_parsers.so.3.9.0]
[0.560s]     dir 3 is [/opt/openrobots/lib]
[0.560s]       dir 2 must precede it due to runtime library [libpinocchio_default.so.3.9.0]
[0.560s] 
[0.560s]   Some of these libraries may not be found correctly.
[0.560s] 
[0.560s] 
[0.561s] CMake Warning at CMakeLists.txt:116 (add_executable):
[0.561s]   Cannot generate a safe runtime search path for target
[0.561s]   base_arm_task_controller_full because files in some directories may
[0.561s]   conflict with libraries in implicit directories:
[0.561s] 
[0.561s]     runtime library [liburdfdom_sensor.so.3.0] in /usr/lib/x86_64-linux-gnu may be hidden by files in:
[0.561s]       /opt/ros/humble/lib/x86_64-linux-gnu
[0.561s]     runtime library [liburdfdom_model_state.so.3.0] in /usr/lib/x86_64-linux-gnu may be hidden by files in:
[0.561s]       /opt/ros/humble/lib/x86_64-linux-gnu
[0.561s]     runtime library [liburdfdom_model.so.3.0] in /usr/lib/x86_64-linux-gnu may be hidden by files in:
[0.561s]       /opt/ros/humble/lib/x86_64-linux-gnu
[0.561s]     runtime library [liburdfdom_world.so.3.0] in /usr/lib/x86_64-linux-gnu may be hidden by files in:
[0.561s]       /opt/ros/humble/lib/x86_64-linux-gnu
[0.561s]     runtime library [liboctomap.so.1.9] in /usr/lib/x86_64-linux-gnu may be hidden by files in:
[0.561s]       /opt/ros/humble/lib/x86_64-linux-gnu
[0.561s]     runtime library [liboctomath.so.1.9] in /usr/lib/x86_64-linux-gnu may be hidden by files in:
[0.561s]       /opt/ros/humble/lib/x86_64-linux-gnu
[0.561s] 
[0.561s]   Some of these libraries may not be found correctly.
[0.561s] 
[0.561s] 
[0.561s] CMake Warning at CMakeLists.txt:116 (add_executable):
[0.561s]   Cannot generate a safe runtime search path for target
[0.561s]   base_arm_task_controller_full because there is a cycle in the constraint
[0.561s]   graph:
[0.561s] 
[0.561s]     dir 0 is [/usr/local/lib]
[0.561s]     dir 1 is [/opt/ros/humble/lib]
[0.561s]     dir 2 is [/opt/ros/humble/lib/x86_64-linux-gnu]
[0.561s]       dir 3 must precede it due to runtime library [libpinocchio_parsers.so.3.9.0]
[0.561s]     dir 3 is [/opt/openrobots/lib]
[0.561s]       dir 2 must precede it due to runtime library [libpinocchio_default.so.3.9.0]
[0.561s] 
[0.561s]   Some of these libraries may not be found correctly.
[0.562s] 
[0.562s] 
[0.566s] CMake Warning at CMakeLists.txt:140 (add_executable):
[0.566s]   Cannot generate a safe runtime search path for target pin_test because
[0.566s]   files in some directories may conflict with libraries in implicit
[0.566s]   directories:
[0.566s] 
[0.567s]     runtime library [liburdfdom_sensor.so.3.0] in /usr/lib/x86_64-linux-gnu may be hidden by files in:
[0.567s]       /opt/ros/humble/lib/x86_64-linux-gnu
[0.567s]     runtime library [liburdfdom_model_state.so.3.0] in /usr/lib/x86_64-linux-gnu may be hidden by files in:
[0.567s]       /opt/ros/humble/lib/x86_64-linux-gnu
[0.567s]     runtime library [liburdfdom_model.so.3.0] in /usr/lib/x86_64-linux-gnu may be hidden by files in:
[0.567s]       /opt/ros/humble/lib/x86_64-linux-gnu
[0.567s]     runtime library [liburdfdom_world.so.3.0] in /usr/lib/x86_64-linux-gnu may be hidden by files in:
[0.567s]       /opt/ros/humble/lib/x86_64-linux-gnu
[0.567s]     runtime library [liboctomap.so.1.9] in /usr/lib/x86_64-linux-gnu may be hidden by files in:
[0.567s]       /opt/ros/humble/lib/x86_64-linux-gnu
[0.567s]     runtime library [liboctomath.so.1.9] in /usr/lib/x86_64-linux-gnu may be hidden by files in:
[0.567s]       /opt/ros/humble/lib/x86_64-linux-gnu
[0.567s] 
[0.567s]   Some of these libraries may not be found correctly.
[0.567s] 
[0.567s] 
[0.568s] CMake Warning at CMakeLists.txt:140 (add_executable):
[0.568s]   Cannot generate a safe runtime search path for target pin_test because
[0.568s]   there is a cycle in the constraint graph:
[0.568s] 
[0.568s]     dir 0 is [/opt/ros/humble/lib]
[0.568s]     dir 1 is [/opt/openrobots/lib]
[0.568s]       dir 2 must precede it due to runtime library [libpinocchio_default.so.3.9.0]
[0.568s]     dir 2 is [/opt/ros/humble/lib/x86_64-linux-gnu]
[0.568s]       dir 1 must precede it due to runtime library [libpinocchio_parsers.so.3.9.0]
[0.568s] 
[0.568s]   Some of these libraries may not be found correctly.
[0.568s] 
[0.568s] 
[0.577s] -- Generating done
[0.591s] -- Build files have been written to: /home/jin/harco/ecvt2_ws/build/ecvt2_controller
[0.597s] Invoked command in '/home/jin/harco/ecvt2_ws/build/ecvt2_controller' returned '0': CMAKE_PREFIX_PATH=/opt/ros/humble /usr/bin/cmake /home/jin/harco/ecvt2_ws/ecvt2_controller -DCMAKE_INSTALL_PREFIX=/home/jin/harco/ecvt2_ws/install/ecvt2_controller
[0.599s] Invoking command in '/home/jin/harco/ecvt2_ws/build/ecvt2_controller': CMAKE_PREFIX_PATH=/opt/ros/humble /usr/bin/cmake --build /home/jin/harco/ecvt2_ws/build/ecvt2_controller -- -j20 -l20
[0.630s] Consolidate compiler generated dependencies of target wbc_hqp_lib
[0.631s] Consolidate compiler generated dependencies of target com_trajectory_publisher
[0.632s] Consolidate compiler generated dependencies of target teleop_goal_publisher
[0.633s] [  3%] Building CXX object CMakeFiles/vp_sto_global_planner_full_node.dir/src/vp_sto_global_planner_full_node.cpp.o
[0.635s] Consolidate compiler generated dependencies of target kdl_utils
[0.636s] Consolidate compiler generated dependencies of target vp_sto_paper_global_planner_node
[0.636s] Consolidate compiler generated dependencies of target vp_sto_global_planner_node
[0.636s] Consolidate compiler generated dependencies of target live_upper_dynamics_node
[0.637s] [  9%] Built target wbc_hqp_lib
[0.638s] [ 15%] Built target com_trajectory_publisher
[0.642s] [ 21%] Built target teleop_goal_publisher
[0.648s] [ 31%] Built target kdl_utils
[0.648s] [ 34%] Built target vp_sto_global_planner_node
[0.650s] [ 40%] Built target vp_sto_paper_global_planner_node
[0.650s] [ 46%] Built target live_upper_dynamics_node
[0.658s] Consolidate compiler generated dependencies of target base_arm_task_controller
[0.658s] Consolidate compiler generated dependencies of target wbc_hqp
[0.660s] Consolidate compiler generated dependencies of target wbc_hqp_v3
[0.660s] Consolidate compiler generated dependencies of target base_opt_controller
[0.662s] Consolidate compiler generated dependencies of target wbc_hqp_v2
[0.663s] Consolidate compiler generated dependencies of target base_arm_task_controller_full
[0.663s] Consolidate compiler generated dependencies of target base_arm_task_controller_v2
[0.666s] [ 53%] Built target wbc_hqp
[0.668s] [ 59%] Built target base_arm_task_controller
[0.670s] [ 65%] Built target base_opt_controller
[0.670s] [ 71%] Built target wbc_hqp_v3
[0.671s] [ 78%] Built target base_arm_task_controller_full
[0.672s] Consolidate compiler generated dependencies of target pin_test
[0.674s] [ 90%] Built target base_arm_task_controller_v2
[0.674s] [ 90%] Built target wbc_hqp_v2
[0.686s] [ 96%] Built target pin_test
[3.616s] In file included from /opt/openrobots/include/hpp/fcl/config.hh:1,
[3.616s]                  from /opt/openrobots/include/pinocchio/serialization/eigen.hpp:20,
[3.616s]                  from /opt/openrobots/include/pinocchio/serialization/fwd.hpp:11,
[3.616s]                  from /opt/openrobots/include/pinocchio/multibody/joint/joint-composite.hpp:14,
[3.617s]                  from /opt/openrobots/include/pinocchio/multibody/joint/joint-generic.hpp:9,
[3.617s]                  from /opt/openrobots/include/pinocchio/multibody/model.hpp:17,
[3.617s]                  from /opt/openrobots/include/pinocchio/parsers/urdf.hpp:9,
[3.617s]                  from /home/jin/harco/ecvt2_ws/ecvt2_controller/src/vp_sto_global_planner_full_node.cpp:7:
[3.617s] /opt/openrobots/include/hpp/fcl/coal.hpp:12:99: note: ‘#pragma message: Please update your includes from 'hpp/fcl' to 'coal' or define COAL_DISABLE_HPP_FCL_WARNINGS’
[3.617s]    12 |     "Please update your includes from 'hpp/fcl' to 'coal' or define COAL_DISABLE_HPP_FCL_WARNINGS")
[3.617s]       |                                                                                                   ^
[47.796s] [100%] Linking CXX executable vp_sto_global_planner_full_node
[49.236s] [100%] Built target vp_sto_global_planner_full_node
[49.244s] Invoked command in '/home/jin/harco/ecvt2_ws/build/ecvt2_controller' returned '0': CMAKE_PREFIX_PATH=/opt/ros/humble /usr/bin/cmake --build /home/jin/harco/ecvt2_ws/build/ecvt2_controller -- -j20 -l20
[49.250s] Invoking command in '/home/jin/harco/ecvt2_ws/build/ecvt2_controller': CMAKE_PREFIX_PATH=/opt/ros/humble /usr/bin/cmake --install /home/jin/harco/ecvt2_ws/build/ecvt2_controller
[49.255s] -- Install configuration: ""
[49.255s] -- Execute custom install script
[49.255s] -- Up-to-date symlink: /home/jin/harco/ecvt2_ws/install/ecvt2_controller/lib/ecvt2_controller/teleop_goal_publisher
[49.256s] -- Up-to-date symlink: /home/jin/harco/ecvt2_ws/install/ecvt2_controller/lib/ecvt2_controller/live_upper_dynamics_node
[49.256s] -- Up-to-date symlink: /home/jin/harco/ecvt2_ws/install/ecvt2_controller/lib/ecvt2_controller/vp_sto_global_planner_node
[49.256s] -- Symlinking: /home/jin/harco/ecvt2_ws/install/ecvt2_controller/lib/ecvt2_controller/vp_sto_global_planner_full_node
[49.261s] -- Up-to-date symlink: /home/jin/harco/ecvt2_ws/install/ecvt2_controller/lib/ecvt2_controller/vp_sto_paper_global_planner_node
[49.261s] -- Up-to-date symlink: /home/jin/harco/ecvt2_ws/install/ecvt2_controller/include/ecvt2_controller/kdl_utils.hpp
[49.261s] -- Up-to-date symlink: /home/jin/harco/ecvt2_ws/install/ecvt2_controller/include/ecvt2_controller/wbc_hqp_lib.hpp
[49.261s] -- Up-to-date symlink: /home/jin/harco/ecvt2_ws/install/ecvt2_controller/lib/libkdl_utils.a
[49.261s] -- Up-to-date symlink: /home/jin/harco/ecvt2_ws/install/ecvt2_controller/lib/libwbc_hqp_lib.a
[49.261s] -- Up-to-date symlink: /home/jin/harco/ecvt2_ws/install/ecvt2_controller/lib/ecvt2_controller/base_opt_controller
[49.261s] -- Up-to-date symlink: /home/jin/harco/ecvt2_ws/install/ecvt2_controller/lib/ecvt2_controller/wbc_hqp
[49.262s] -- Up-to-date symlink: /home/jin/harco/ecvt2_ws/install/ecvt2_controller/lib/ecvt2_controller/wbc_hqp_v2
[49.262s] -- Up-to-date symlink: /home/jin/harco/ecvt2_ws/install/ecvt2_controller/lib/ecvt2_controller/wbc_hqp_v3
[49.262s] -- Up-to-date symlink: /home/jin/harco/ecvt2_ws/install/ecvt2_controller/lib/ecvt2_controller/base_arm_task_controller
[49.262s] -- Up-to-date symlink: /home/jin/harco/ecvt2_ws/install/ecvt2_controller/lib/ecvt2_controller/base_arm_task_controller_v2
[49.262s] -- Up-to-date symlink: /home/jin/harco/ecvt2_ws/install/ecvt2_controller/lib/ecvt2_controller/base_arm_task_controller_full
[49.262s] -- Up-to-date symlink: /home/jin/harco/ecvt2_ws/install/ecvt2_controller/lib/ecvt2_controller/teleop_goal_publisher
[49.262s] -- Up-to-date symlink: /home/jin/harco/ecvt2_ws/install/ecvt2_controller/lib/ecvt2_controller/com_trajectory_publisher
[49.262s] -- Up-to-date symlink: /home/jin/harco/ecvt2_ws/install/ecvt2_controller/lib/ecvt2_controller/pin_test
[49.262s] -- Up-to-date symlink: /home/jin/harco/ecvt2_ws/install/ecvt2_controller/share/ament_index/resource_index/package_run_dependencies/ecvt2_controller
[49.262s] -- Up-to-date symlink: /home/jin/harco/ecvt2_ws/install/ecvt2_controller/share/ament_index/resource_index/parent_prefix_path/ecvt2_controller
[49.262s] -- Up-to-date symlink: /home/jin/harco/ecvt2_ws/install/ecvt2_controller/share/ecvt2_controller/environment/ament_prefix_path.sh
[49.262s] -- Up-to-date symlink: /home/jin/harco/ecvt2_ws/install/ecvt2_controller/share/ecvt2_controller/environment/ament_prefix_path.dsv
[49.262s] -- Up-to-date symlink: /home/jin/harco/ecvt2_ws/install/ecvt2_controller/share/ecvt2_controller/environment/path.sh
[49.262s] -- Up-to-date symlink: /home/jin/harco/ecvt2_ws/install/ecvt2_controller/share/ecvt2_controller/environment/path.dsv
[49.262s] -- Up-to-date symlink: /home/jin/harco/ecvt2_ws/install/ecvt2_controller/share/ecvt2_controller/local_setup.bash
[49.262s] -- Up-to-date symlink: /home/jin/harco/ecvt2_ws/install/ecvt2_controller/share/ecvt2_controller/local_setup.sh
[49.263s] -- Up-to-date symlink: /home/jin/harco/ecvt2_ws/install/ecvt2_controller/share/ecvt2_controller/local_setup.zsh
[49.263s] -- Up-to-date symlink: /home/jin/harco/ecvt2_ws/install/ecvt2_controller/share/ecvt2_controller/local_setup.dsv
[49.263s] -- Symlinking: /home/jin/harco/ecvt2_ws/install/ecvt2_controller/share/ecvt2_controller/package.dsv
[49.267s] -- Up-to-date symlink: /home/jin/harco/ecvt2_ws/install/ecvt2_controller/share/ament_index/resource_index/packages/ecvt2_controller
[49.268s] -- Up-to-date symlink: /home/jin/harco/ecvt2_ws/install/ecvt2_controller/share/ecvt2_controller/cmake/ecvt2_controllerConfig.cmake
[49.268s] -- Up-to-date symlink: /home/jin/harco/ecvt2_ws/install/ecvt2_controller/share/ecvt2_controller/cmake/ecvt2_controllerConfig-version.cmake
[49.268s] -- Up-to-date symlink: /home/jin/harco/ecvt2_ws/install/ecvt2_controller/share/ecvt2_controller/package.xml
[49.269s] Invoked command in '/home/jin/harco/ecvt2_ws/build/ecvt2_controller' returned '0': CMAKE_PREFIX_PATH=/opt/ros/humble /usr/bin/cmake --install /home/jin/harco/ecvt2_ws/build/ecvt2_controller
