[0.008s] Invoking command in '/home/jin/harco/ecvt2_ws/build/ecvt2_controller': CMAKE_PREFIX_PATH=/home/jin/harco/ecvt2_ws/install/ifopt:/opt/ros/humble LD_LIBRARY_PATH=/home/jin/harco/ecvt2_ws/install/ifopt/lib:${LD_LIBRARY_PATH} PKG_CONFIG_PATH=/home/jin/harco/ecvt2_ws/install/ifopt/lib/x86_64-linux-gnu/pkgconfig:/home/jin/harco/ecvt2_ws/install/ifopt/lib/pkgconfig /usr/bin/cmake --build /home/jin/harco/ecvt2_ws/build/ecvt2_controller -- -j20 -l20
[0.043s] [  6%] Built target wbc_hqp_lib
[0.049s] [ 12%] Built target com_trajectory_publisher
[0.049s] Consolidate compiler generated dependencies of target vp_sto_global_planner_full_node
[0.051s] [ 18%] Built target vp_sto_paper_global_planner_node
[0.051s] [ 25%] Built target live_upper_dynamics_node
[0.051s] [ 37%] Built target kdl_utils
[0.051s] [ 37%] Built target teleop_goal_publisher
[0.052s] [ 43%] Built target vp_sto_global_planner_node
[0.066s] [ 46%] Building CXX object CMakeFiles/vp_sto_global_planner_full_node.dir/src/vp_sto_global_planner_full_node.cpp.o
[0.069s] [ 59%] Built target wbc_hqp_v2
[0.069s] [ 59%] Built target base_opt_controller
[0.071s] [ 65%] Built target base_arm_task_controller_v2
[0.071s] [ 71%] Built target wbc_hqp_v3
[0.072s] [ 78%] Built target wbc_hqp
[0.072s] [ 84%] Built target base_arm_task_controller_full
[0.072s] [ 90%] Built target base_arm_task_controller
[0.079s] [ 96%] Built target pin_test
[3.124s] In file included from /opt/openrobots/include/hpp/fcl/config.hh:1,
[3.124s]                  from /opt/openrobots/include/pinocchio/serialization/eigen.hpp:20,
[3.124s]                  from /opt/openrobots/include/pinocchio/serialization/fwd.hpp:11,
[3.124s]                  from /opt/openrobots/include/pinocchio/multibody/joint/joint-composite.hpp:14,
[3.124s]                  from /opt/openrobots/include/pinocchio/multibody/joint/joint-generic.hpp:9,
[3.124s]                  from /opt/openrobots/include/pinocchio/multibody/model.hpp:17,
[3.124s]                  from /opt/openrobots/include/pinocchio/parsers/urdf.hpp:9,
[3.124s]                  from /home/jin/harco/ecvt2_ws/ecvt2_controller/src/vp_sto_global_planner_full_node.cpp:7:
[3.124s] /opt/openrobots/include/hpp/fcl/coal.hpp:12:99: note: ‘#pragma message: Please update your includes from 'hpp/fcl' to 'coal' or define COAL_DISABLE_HPP_FCL_WARNINGS’
[3.124s]    12 |     "Please update your includes from 'hpp/fcl' to 'coal' or define COAL_DISABLE_HPP_FCL_WARNINGS")
[3.124s]       |                                                                                                   ^
[39.184s] [100%] Linking CXX executable vp_sto_global_planner_full_node
[40.540s] [100%] Built target vp_sto_global_planner_full_node
[40.546s] Invoked command in '/home/jin/harco/ecvt2_ws/build/ecvt2_controller' returned '0': CMAKE_PREFIX_PATH=/home/jin/harco/ecvt2_ws/install/ifopt:/opt/ros/humble LD_LIBRARY_PATH=/home/jin/harco/ecvt2_ws/install/ifopt/lib:${LD_LIBRARY_PATH} PKG_CONFIG_PATH=/home/jin/harco/ecvt2_ws/install/ifopt/lib/x86_64-linux-gnu/pkgconfig:/home/jin/harco/ecvt2_ws/install/ifopt/lib/pkgconfig /usr/bin/cmake --build /home/jin/harco/ecvt2_ws/build/ecvt2_controller -- -j20 -l20
[40.552s] Invoking command in '/home/jin/harco/ecvt2_ws/build/ecvt2_controller': CMAKE_PREFIX_PATH=/home/jin/harco/ecvt2_ws/install/ifopt:/opt/ros/humble LD_LIBRARY_PATH=/home/jin/harco/ecvt2_ws/install/ifopt/lib:${LD_LIBRARY_PATH} PKG_CONFIG_PATH=/home/jin/harco/ecvt2_ws/install/ifopt/lib/x86_64-linux-gnu/pkgconfig:/home/jin/harco/ecvt2_ws/install/ifopt/lib/pkgconfig /usr/bin/cmake --install /home/jin/harco/ecvt2_ws/build/ecvt2_controller
[40.557s] -- Install configuration: ""
[40.557s] -- Execute custom install script
[40.557s] -- Up-to-date symlink: /home/jin/harco/ecvt2_ws/install/ecvt2_controller/lib/ecvt2_controller/teleop_goal_publisher
[40.557s] -- Up-to-date symlink: /home/jin/harco/ecvt2_ws/install/ecvt2_controller/lib/ecvt2_controller/live_upper_dynamics_node
[40.557s] -- Up-to-date symlink: /home/jin/harco/ecvt2_ws/install/ecvt2_controller/lib/ecvt2_controller/vp_sto_global_planner_node
[40.557s] -- Up-to-date symlink: /home/jin/harco/ecvt2_ws/install/ecvt2_controller/lib/ecvt2_controller/vp_sto_global_planner_full_node
[40.558s] -- Up-to-date symlink: /home/jin/harco/ecvt2_ws/install/ecvt2_controller/lib/ecvt2_controller/vp_sto_paper_global_planner_node
[40.558s] -- Up-to-date symlink: /home/jin/harco/ecvt2_ws/install/ecvt2_controller/include/ecvt2_controller/kdl_utils.hpp
[40.558s] -- Up-to-date symlink: /home/jin/harco/ecvt2_ws/install/ecvt2_controller/include/ecvt2_controller/wbc_hqp_lib.hpp
[40.558s] -- Up-to-date symlink: /home/jin/harco/ecvt2_ws/install/ecvt2_controller/lib/libkdl_utils.a
[40.558s] -- Up-to-date symlink: /home/jin/harco/ecvt2_ws/install/ecvt2_controller/lib/libwbc_hqp_lib.a
[40.558s] -- Up-to-date symlink: /home/jin/harco/ecvt2_ws/install/ecvt2_controller/lib/ecvt2_controller/base_opt_controller
[40.558s] -- Up-to-date symlink: /home/jin/harco/ecvt2_ws/install/ecvt2_controller/lib/ecvt2_controller/wbc_hqp
[40.558s] -- Up-to-date symlink: /home/jin/harco/ecvt2_ws/install/ecvt2_controller/lib/ecvt2_controller/wbc_hqp_v2
[40.558s] -- Up-to-date symlink: /home/jin/harco/ecvt2_ws/install/ecvt2_controller/lib/ecvt2_controller/wbc_hqp_v3
[40.558s] -- Up-to-date symlink: /home/jin/harco/ecvt2_ws/install/ecvt2_controller/lib/ecvt2_controller/base_arm_task_controller
[40.559s] -- Up-to-date symlink: /home/jin/harco/ecvt2_ws/install/ecvt2_controller/lib/ecvt2_controller/base_arm_task_controller_v2
[40.559s] -- Up-to-date symlink: /home/jin/harco/ecvt2_ws/install/ecvt2_controller/lib/ecvt2_controller/base_arm_task_controller_full
[40.559s] -- Up-to-date symlink: /home/jin/harco/ecvt2_ws/install/ecvt2_controller/lib/ecvt2_controller/teleop_goal_publisher
[40.559s] -- Up-to-date symlink: /home/jin/harco/ecvt2_ws/install/ecvt2_controller/lib/ecvt2_controller/com_trajectory_publisher
[40.559s] -- Up-to-date symlink: /home/jin/harco/ecvt2_ws/install/ecvt2_controller/lib/ecvt2_controller/pin_test
[40.559s] -- Up-to-date symlink: /home/jin/harco/ecvt2_ws/install/ecvt2_controller/share/ament_index/resource_index/package_run_dependencies/ecvt2_controller
[40.559s] -- Up-to-date symlink: /home/jin/harco/ecvt2_ws/install/ecvt2_controller/share/ament_index/resource_index/parent_prefix_path/ecvt2_controller
[40.559s] -- Up-to-date symlink: /home/jin/harco/ecvt2_ws/install/ecvt2_controller/share/ecvt2_controller/environment/ament_prefix_path.sh
[40.559s] -- Up-to-date symlink: /home/jin/harco/ecvt2_ws/install/ecvt2_controller/share/ecvt2_controller/environment/ament_prefix_path.dsv
[40.559s] -- Up-to-date symlink: /home/jin/harco/ecvt2_ws/install/ecvt2_controller/share/ecvt2_controller/environment/path.sh
[40.559s] -- Up-to-date symlink: /home/jin/harco/ecvt2_ws/install/ecvt2_controller/share/ecvt2_controller/environment/path.dsv
[40.559s] -- Up-to-date symlink: /home/jin/harco/ecvt2_ws/install/ecvt2_controller/share/ecvt2_controller/local_setup.bash
[40.559s] -- Up-to-date symlink: /home/jin/harco/ecvt2_ws/install/ecvt2_controller/share/ecvt2_controller/local_setup.sh
[40.560s] -- Up-to-date symlink: /home/jin/harco/ecvt2_ws/install/ecvt2_controller/share/ecvt2_controller/local_setup.zsh
[40.560s] -- Up-to-date symlink: /home/jin/harco/ecvt2_ws/install/ecvt2_controller/share/ecvt2_controller/local_setup.dsv
[40.560s] -- Symlinking: /home/jin/harco/ecvt2_ws/install/ecvt2_controller/share/ecvt2_controller/package.dsv
[40.565s] -- Up-to-date symlink: /home/jin/harco/ecvt2_ws/install/ecvt2_controller/share/ament_index/resource_index/packages/ecvt2_controller
[40.565s] -- Up-to-date symlink: /home/jin/harco/ecvt2_ws/install/ecvt2_controller/share/ecvt2_controller/cmake/ecvt2_controllerConfig.cmake
[40.565s] -- Up-to-date symlink: /home/jin/harco/ecvt2_ws/install/ecvt2_controller/share/ecvt2_controller/cmake/ecvt2_controllerConfig-version.cmake
[40.565s] -- Up-to-date symlink: /home/jin/harco/ecvt2_ws/install/ecvt2_controller/share/ecvt2_controller/package.xml
[40.567s] Invoked command in '/home/jin/harco/ecvt2_ws/build/ecvt2_controller' returned '0': CMAKE_PREFIX_PATH=/home/jin/harco/ecvt2_ws/install/ifopt:/opt/ros/humble LD_LIBRARY_PATH=/home/jin/harco/ecvt2_ws/install/ifopt/lib:${LD_LIBRARY_PATH} PKG_CONFIG_PATH=/home/jin/harco/ecvt2_ws/install/ifopt/lib/x86_64-linux-gnu/pkgconfig:/home/jin/harco/ecvt2_ws/install/ifopt/lib/pkgconfig /usr/bin/cmake --install /home/jin/harco/ecvt2_ws/build/ecvt2_controller
