[0.009s] Invoking command in '/home/jin/harco/ecvt2_ws/build/ecvt2_controller': CMAKE_PREFIX_PATH=${CMAKE_PREFIX_PATH}:/home/jin/harco/ecvt2_ws/install/ecvt2_sim:/opt/ros/humble /usr/bin/cmake /home/jin/harco/ecvt2_ws/ecvt2_controller -DAMENT_CMAKE_SYMLINK_INSTALL=1 -DCMAKE_INSTALL_PREFIX=/home/jin/harco/ecvt2_ws/install/ecvt2_controller
[0.127s] -- Found ament_cmake: 1.3.12 (/opt/ros/humble/share/ament_cmake/cmake)
[0.127s] -- Override CMake install command with custom implementation using symlinks instead of copying resources
[0.128s] -- Found rclcpp: 16.0.16 (/opt/ros/humble/share/rclcpp/cmake)
[0.128s] -- Found rosidl_generator_c: 3.1.7 (/opt/ros/humble/share/rosidl_generator_c/cmake)
[0.128s] -- Found rosidl_adapter: 3.1.7 (/opt/ros/humble/share/rosidl_adapter/cmake)
[0.130s] -- Found rosidl_generator_cpp: 3.1.7 (/opt/ros/humble/share/rosidl_generator_cpp/cmake)
[0.134s] -- Using all available rosidl_typesupport_c: rosidl_typesupport_fastrtps_c;rosidl_typesupport_introspection_c
[0.141s] -- Using all available rosidl_typesupport_cpp: rosidl_typesupport_fastrtps_cpp;rosidl_typesupport_introspection_cpp
[0.158s] -- Found rmw_implementation_cmake: 6.1.2 (/opt/ros/humble/share/rmw_implementation_cmake/cmake)
[0.159s] -- Found rmw_fastrtps_cpp: 6.2.9 (/opt/ros/humble/share/rmw_fastrtps_cpp/cmake)
[0.216s] -- Using RMW implementation 'rmw_fastrtps_cpp' as default
[0.242s] -- Found geometry_msgs: 4.9.0 (/opt/ros/humble/share/geometry_msgs/cmake)
[0.248s] -- Found sensor_msgs: 4.9.0 (/opt/ros/humble/share/sensor_msgs/cmake)
[0.257s] -- Found visualization_msgs: 4.9.0 (/opt/ros/humble/share/visualization_msgs/cmake)
[0.267s] -- Found trajectory_msgs: 4.9.0 (/opt/ros/humble/share/trajectory_msgs/cmake)
[0.277s] -- pinocchio_default FOUND. pinocchio_default at /opt/ros/humble/lib/x86_64-linux-gnu/libpinocchio_default.so
[0.277s] -- pinocchio_parsers FOUND. pinocchio_parsers at /opt/ros/humble/lib/x86_64-linux-gnu/libpinocchio_parsers.so
[0.277s] -- pinocchio_casadi not FOUND.
[0.278s] -- boost_filesystem FOUND. boost_filesystem at /usr/lib/x86_64-linux-gnu/libboost_filesystem.so
[0.282s] -- Found Boost: /usr/include (found version "1.74.0") found components: filesystem serialization 
[0.283s] [33mCMake Warning at /opt/openrobots/lib/cmake/hpp-fcl/hpp-fclConfig.cmake:4 (message):
[0.283s]   Please update your CMake from 'hpp-fcl' to 'coal', or define
[0.283s]   COAL_DISABLE_HPP_FCL_WARNINGS
[0.283s] Call Stack (most recent call first):
[0.283s]   /usr/share/cmake-3.22/Modules/CMakeFindDependencyMacro.cmake:47 (find_package)
[0.283s]   /opt/openrobots/lib/cmake/pinocchio/pinocchioConfig.cmake:161 (find_dependency)
[0.283s]   CMakeLists.txt:20 (find_package)
[0.283s] 
[0.283s] [0m
[0.284s] -- coal not FOUND.
[0.287s] -- Found Boost: /usr/include (found version "1.74.0") found components: serialization filesystem 
[0.455s] -- Default C++ standard: 201703
[0.456s] -- C++ standard sufficient: Minimal required 11, currently defined: 17
[0.456s] -- CMAKE_CXX_STANDARD was not set: automatically set to currently defined standard 17
[0.456s] -- C++ standard sufficient: Minimal required 11, currently defined: 17
[0.474s] -- Found ament_lint_auto: 0.12.14 (/opt/ros/humble/share/ament_lint_auto/cmake)
[0.526s] -- Added test 'cppcheck' to perform static code analysis on C / C++ code
[0.526s] -- Configured cppcheck include dirs: $<BUILD_INTERFACE:/home/jin/harco/ecvt2_ws/ecvt2_controller/include>
[0.527s] -- Configured cppcheck exclude dirs and/or files: 
[0.527s] -- Added test 'lint_cmake' to check CMake code style
[0.527s] -- Added test 'uncrustify' to check C / C++ code style
[0.527s] -- Configured uncrustify additional arguments: 
[0.528s] -- Added test 'xmllint' to check XML markup files
[0.528s] -- Configuring done
[0.537s] [33mCMake Warning at CMakeLists.txt:48 (add_executable):
[0.538s]   Cannot generate a safe runtime search path for target base_opt_controller
[0.538s]   because files in some directories may conflict with libraries in implicit
[0.538s]   directories:
[0.538s] 
[0.538s]     runtime library [liburdfdom_sensor.so.3.0] in /usr/lib/x86_64-linux-gnu may be hidden by files in:
[0.538s]       /opt/ros/humble/lib/x86_64-linux-gnu
[0.538s]     runtime library [liburdfdom_model_state.so.3.0] in /usr/lib/x86_64-linux-gnu may be hidden by files in:
[0.538s]       /opt/ros/humble/lib/x86_64-linux-gnu
[0.538s]     runtime library [liburdfdom_model.so.3.0] in /usr/lib/x86_64-linux-gnu may be hidden by files in:
[0.538s]       /opt/ros/humble/lib/x86_64-linux-gnu
[0.538s]     runtime library [liburdfdom_world.so.3.0] in /usr/lib/x86_64-linux-gnu may be hidden by files in:
[0.538s]       /opt/ros/humble/lib/x86_64-linux-gnu
[0.538s]     runtime library [liboctomap.so.1.9] in /usr/lib/x86_64-linux-gnu may be hidden by files in:
[0.538s]       /opt/ros/humble/lib/x86_64-linux-gnu
[0.538s]     runtime library [liboctomath.so.1.9] in /usr/lib/x86_64-linux-gnu may be hidden by files in:
[0.538s]       /opt/ros/humble/lib/x86_64-linux-gnu
[0.538s] 
[0.538s]   Some of these libraries may not be found correctly.
[0.539s] 
[0.539s] [0m
[0.539s] [33mCMake Warning at CMakeLists.txt:48 (add_executable):
[0.539s]   Cannot generate a safe runtime search path for target base_opt_controller
[0.539s]   because there is a cycle in the constraint graph:
[0.539s] 
[0.539s]     dir 0 is [/usr/local/lib]
[0.539s]     dir 1 is [/opt/ros/humble/lib]
[0.539s]     dir 2 is [/opt/ros/humble/lib/x86_64-linux-gnu]
[0.539s]       dir 3 must precede it due to runtime library [libpinocchio_parsers.so.3.9.0]
[0.539s]     dir 3 is [/opt/openrobots/lib]
[0.539s]       dir 2 must precede it due to runtime library [libpinocchio_default.so.3.9.0]
[0.539s] 
[0.539s]   Some of these libraries may not be found correctly.
[0.539s] 
[0.539s] [0m
[0.540s] [33mCMake Warning at CMakeLists.txt:59 (add_executable):
[0.540s]   Cannot generate a safe runtime search path for target wbc_hqp because files
[0.540s]   in some directories may conflict with libraries in implicit directories:
[0.540s] 
[0.540s]     runtime library [liburdfdom_sensor.so.3.0] in /usr/lib/x86_64-linux-gnu may be hidden by files in:
[0.540s]       /opt/ros/humble/lib/x86_64-linux-gnu
[0.540s]     runtime library [liburdfdom_model_state.so.3.0] in /usr/lib/x86_64-linux-gnu may be hidden by files in:
[0.540s]       /opt/ros/humble/lib/x86_64-linux-gnu
[0.540s]     runtime library [liburdfdom_model.so.3.0] in /usr/lib/x86_64-linux-gnu may be hidden by files in:
[0.540s]       /opt/ros/humble/lib/x86_64-linux-gnu
[0.540s]     runtime library [liburdfdom_world.so.3.0] in /usr/lib/x86_64-linux-gnu may be hidden by files in:
[0.540s]       /opt/ros/humble/lib/x86_64-linux-gnu
[0.540s]     runtime library [liboctomap.so.1.9] in /usr/lib/x86_64-linux-gnu may be hidden by files in:
[0.540s]       /opt/ros/humble/lib/x86_64-linux-gnu
[0.540s]     runtime library [liboctomath.so.1.9] in /usr/lib/x86_64-linux-gnu may be hidden by files in:
[0.540s]       /opt/ros/humble/lib/x86_64-linux-gnu
[0.540s] 
[0.540s]   Some of these libraries may not be found correctly.
[0.540s] 
[0.540s] [0m
[0.540s] [33mCMake Warning at CMakeLists.txt:59 (add_executable):
[0.540s]   Cannot generate a safe runtime search path for target wbc_hqp because there
[0.540s]   is a cycle in the constraint graph:
[0.540s] 
[0.541s]     dir 0 is [/usr/local/lib]
[0.541s]     dir 1 is [/opt/ros/humble/lib]
[0.541s]     dir 2 is [/opt/ros/humble/lib/x86_64-linux-gnu]
[0.541s]       dir 3 must precede it due to runtime library [libpinocchio_parsers.so.3.9.0]
[0.541s]     dir 3 is [/opt/openrobots/lib]
[0.541s]       dir 2 must precede it due to runtime library [libpinocchio_default.so.3.9.0]
[0.541s] 
[0.541s]   Some of these libraries may not be found correctly.
[0.541s] 
[0.541s] [0m
[0.542s] [33mCMake Warning at CMakeLists.txt:70 (add_executable):
[0.542s]   Cannot generate a safe runtime search path for target wbc_hqp_v2 because
[0.542s]   files in some directories may conflict with libraries in implicit
[0.542s]   directories:
[0.543s] 
[0.543s]     runtime library [liburdfdom_sensor.so.3.0] in /usr/lib/x86_64-linux-gnu may be hidden by files in:
[0.543s]       /opt/ros/humble/lib/x86_64-linux-gnu
[0.543s]     runtime library [liburdfdom_model_state.so.3.0] in /usr/lib/x86_64-linux-gnu may be hidden by files in:
[0.543s]       /opt/ros/humble/lib/x86_64-linux-gnu
[0.543s]     runtime library [liburdfdom_model.so.3.0] in /usr/lib/x86_64-linux-gnu may be hidden by files in:
[0.543s]       /opt/ros/humble/lib/x86_64-linux-gnu
[0.543s]     runtime library [liburdfdom_world.so.3.0] in /usr/lib/x86_64-linux-gnu may be hidden by files in:
[0.543s]       /opt/ros/humble/lib/x86_64-linux-gnu
[0.543s]     runtime library [liboctomap.so.1.9] in /usr/lib/x86_64-linux-gnu may be hidden by files in:
[0.543s]       /opt/ros/humble/lib/x86_64-linux-gnu
[0.543s]     runtime library [liboctomath.so.1.9] in /usr/lib/x86_64-linux-gnu may be hidden by files in:
[0.543s]       /opt/ros/humble/lib/x86_64-linux-gnu
[0.543s] 
[0.543s]   Some of these libraries may not be found correctly.
[0.543s] 
[0.543s] [0m
[0.543s] [33mCMake Warning at CMakeLists.txt:70 (add_executable):
[0.543s]   Cannot generate a safe runtime search path for target wbc_hqp_v2 because
[0.543s]   there is a cycle in the constraint graph:
[0.543s] 
[0.543s]     dir 0 is [/usr/local/lib]
[0.543s]     dir 1 is [/opt/ros/humble/lib]
[0.543s]     dir 2 is [/opt/ros/humble/lib/x86_64-linux-gnu]
[0.543s]       dir 3 must precede it due to runtime library [libpinocchio_parsers.so.3.9.0]
[0.543s]     dir 3 is [/opt/openrobots/lib]
[0.543s]       dir 2 must precede it due to runtime library [libpinocchio_default.so.3.9.0]
[0.543s] 
[0.543s]   Some of these libraries may not be found correctly.
[0.543s] 
[0.543s] [0m
[0.545s] [33mCMake Warning at CMakeLists.txt:82 (add_executable):
[0.545s]   Cannot generate a safe runtime search path for target wbc_hqp_v3 because
[0.545s]   files in some directories may conflict with libraries in implicit
[0.545s]   directories:
[0.545s] 
[0.545s]     runtime library [liburdfdom_sensor.so.3.0] in /usr/lib/x86_64-linux-gnu may be hidden by files in:
[0.545s]       /opt/ros/humble/lib/x86_64-linux-gnu
[0.545s]     runtime library [liburdfdom_model_state.so.3.0] in /usr/lib/x86_64-linux-gnu may be hidden by files in:
[0.545s]       /opt/ros/humble/lib/x86_64-linux-gnu
[0.545s]     runtime library [liburdfdom_model.so.3.0] in /usr/lib/x86_64-linux-gnu may be hidden by files in:
[0.545s]       /opt/ros/humble/lib/x86_64-linux-gnu
[0.545s]     runtime library [liburdfdom_world.so.3.0] in /usr/lib/x86_64-linux-gnu may be hidden by files in:
[0.545s]       /opt/ros/humble/lib/x86_64-linux-gnu
[0.545s]     runtime library [liboctomap.so.1.9] in /usr/lib/x86_64-linux-gnu may be hidden by files in:
[0.545s]       /opt/ros/humble/lib/x86_64-linux-gnu
[0.545s]     runtime library [liboctomath.so.1.9] in /usr/lib/x86_64-linux-gnu may be hidden by files in:
[0.545s]       /opt/ros/humble/lib/x86_64-linux-gnu
[0.545s] 
[0.545s]   Some of these libraries may not be found correctly.
[0.545s] 
[0.545s] [0m
[0.545s] [33mCMake Warning at CMakeLists.txt:82 (add_executable):
[0.545s]   Cannot generate a safe runtime search path for target wbc_hqp_v3 because
[0.545s]   there is a cycle in the constraint graph:
[0.545s] 
[0.545s]     dir 0 is [/usr/local/lib]
[0.545s]     dir 1 is [/opt/ros/humble/lib]
[0.546s]     dir 2 is [/opt/ros/humble/lib/x86_64-linux-gnu]
[0.546s]       dir 3 must precede it due to runtime library [libpinocchio_parsers.so.3.9.0]
[0.546s]     dir 3 is [/opt/openrobots/lib]
[0.546s]       dir 2 must precede it due to runtime library [libpinocchio_default.so.3.9.0]
[0.546s] 
[0.546s]   Some of these libraries may not be found correctly.
[0.546s] 
[0.546s] [0m
[0.547s] [33mCMake Warning at CMakeLists.txt:94 (add_executable):
[0.547s]   Cannot generate a safe runtime search path for target
[0.547s]   base_arm_task_controller because files in some directories may conflict
[0.547s]   with libraries in implicit directories:
[0.547s] 
[0.547s]     runtime library [liburdfdom_sensor.so.3.0] in /usr/lib/x86_64-linux-gnu may be hidden by files in:
[0.547s]       /opt/ros/humble/lib/x86_64-linux-gnu
[0.547s]     runtime library [liburdfdom_model_state.so.3.0] in /usr/lib/x86_64-linux-gnu may be hidden by files in:
[0.548s]       /opt/ros/humble/lib/x86_64-linux-gnu
[0.548s]     runtime library [liburdfdom_model.so.3.0] in /usr/lib/x86_64-linux-gnu may be hidden by files in:
[0.548s]       /opt/ros/humble/lib/x86_64-linux-gnu
[0.548s]     runtime library [liburdfdom_world.so.3.0] in /usr/lib/x86_64-linux-gnu may be hidden by files in:
[0.548s]       /opt/ros/humble/lib/x86_64-linux-gnu
[0.548s]     runtime library [liboctomap.so.1.9] in /usr/lib/x86_64-linux-gnu may be hidden by files in:
[0.548s]       /opt/ros/humble/lib/x86_64-linux-gnu
[0.548s]     runtime library [liboctomath.so.1.9] in /usr/lib/x86_64-linux-gnu may be hidden by files in:
[0.548s]       /opt/ros/humble/lib/x86_64-linux-gnu
[0.548s] 
[0.548s]   Some of these libraries may not be found correctly.
[0.548s] 
[0.548s] [0m
[0.548s] [33mCMake Warning at CMakeLists.txt:94 (add_executable):
[0.548s]   Cannot generate a safe runtime search path for target
[0.548s]   base_arm_task_controller because there is a cycle in the constraint graph:
[0.548s] 
[0.548s]     dir 0 is [/usr/local/lib]
[0.548s]     dir 1 is [/opt/ros/humble/lib]
[0.548s]     dir 2 is [/opt/ros/humble/lib/x86_64-linux-gnu]
[0.548s]       dir 3 must precede it due to runtime library [libpinocchio_parsers.so.3.9.0]
[0.548s]     dir 3 is [/opt/openrobots/lib]
[0.548s]       dir 2 must precede it due to runtime library [libpinocchio_default.so.3.9.0]
[0.548s] 
[0.548s]   Some of these libraries may not be found correctly.
[0.548s] 
[0.548s] [0m
[0.550s] [33mCMake Warning at CMakeLists.txt:105 (add_executable):
[0.550s]   Cannot generate a safe runtime search path for target
[0.550s]   base_arm_task_controller_v2 because files in some directories may conflict
[0.550s]   with libraries in implicit directories:
[0.550s] 
[0.550s]     runtime library [liburdfdom_sensor.so.3.0] in /usr/lib/x86_64-linux-gnu may be hidden by files in:
[0.550s]       /opt/ros/humble/lib/x86_64-linux-gnu
[0.550s]     runtime library [liburdfdom_model_state.so.3.0] in /usr/lib/x86_64-linux-gnu may be hidden by files in:
[0.550s]       /opt/ros/humble/lib/x86_64-linux-gnu
[0.550s]     runtime library [liburdfdom_model.so.3.0] in /usr/lib/x86_64-linux-gnu may be hidden by files in:
[0.550s]       /opt/ros/humble/lib/x86_64-linux-gnu
[0.550s]     runtime library [liburdfdom_world.so.3.0] in /usr/lib/x86_64-linux-gnu may be hidden by files in:
[0.550s]       /opt/ros/humble/lib/x86_64-linux-gnu
[0.550s]     runtime library [liboctomap.so.1.9] in /usr/lib/x86_64-linux-gnu may be hidden by files in:
[0.550s]       /opt/ros/humble/lib/x86_64-linux-gnu
[0.550s]     runtime library [liboctomath.so.1.9] in /usr/lib/x86_64-linux-gnu may be hidden by files in:
[0.550s]       /opt/ros/humble/lib/x86_64-linux-gnu
[0.550s] 
[0.550s]   Some of these libraries may not be found correctly.
[0.550s] 
[0.550s] [0m
[0.550s] [33mCMake Warning at CMakeLists.txt:105 (add_executable):
[0.550s]   Cannot generate a safe runtime search path for target
[0.550s]   base_arm_task_controller_v2 because there is a cycle in the constraint
[0.550s]   graph:
[0.550s] 
[0.550s]     dir 0 is [/usr/local/lib]
[0.550s]     dir 1 is [/opt/ros/humble/lib]
[0.550s]     dir 2 is [/opt/ros/humble/lib/x86_64-linux-gnu]
[0.550s]       dir 3 must precede it due to runtime library [libpinocchio_parsers.so.3.9.0]
[0.551s]     dir 3 is [/opt/openrobots/lib]
[0.551s]       dir 2 must precede it due to runtime library [libpinocchio_default.so.3.9.0]
[0.551s] 
[0.551s]   Some of these libraries may not be found correctly.
[0.551s] 
[0.551s] [0m
[0.555s] [33mCMake Warning at CMakeLists.txt:129 (add_executable):
[0.555s]   Cannot generate a safe runtime search path for target pin_test because
[0.555s]   files in some directories may conflict with libraries in implicit
[0.555s]   directories:
[0.555s] 
[0.555s]     runtime library [liburdfdom_sensor.so.3.0] in /usr/lib/x86_64-linux-gnu may be hidden by files in:
[0.555s]       /opt/ros/humble/lib/x86_64-linux-gnu
[0.555s]     runtime library [liburdfdom_model_state.so.3.0] in /usr/lib/x86_64-linux-gnu may be hidden by files in:
[0.555s]       /opt/ros/humble/lib/x86_64-linux-gnu
[0.555s]     runtime library [liburdfdom_model.so.3.0] in /usr/lib/x86_64-linux-gnu may be hidden by files in:
[0.555s]       /opt/ros/humble/lib/x86_64-linux-gnu
[0.555s]     runtime library [liburdfdom_world.so.3.0] in /usr/lib/x86_64-linux-gnu may be hidden by files in:
[0.555s]       /opt/ros/humble/lib/x86_64-linux-gnu
[0.555s]     runtime library [liboctomap.so.1.9] in /usr/lib/x86_64-linux-gnu may be hidden by files in:
[0.555s]       /opt/ros/humble/lib/x86_64-linux-gnu
[0.555s]     runtime library [liboctomath.so.1.9] in /usr/lib/x86_64-linux-gnu may be hidden by files in:
[0.555s]       /opt/ros/humble/lib/x86_64-linux-gnu
[0.555s] 
[0.555s]   Some of these libraries may not be found correctly.
[0.555s] 
[0.555s] [0m
[0.555s] [33mCMake Warning at CMakeLists.txt:129 (add_executable):
[0.555s]   Cannot generate a safe runtime search path for target pin_test because
[0.555s]   there is a cycle in the constraint graph:
[0.555s] 
[0.555s]     dir 0 is [/opt/ros/humble/lib]
[0.555s]     dir 1 is [/opt/openrobots/lib]
[0.555s]       dir 2 must precede it due to runtime library [libpinocchio_default.so.3.9.0]
[0.555s]     dir 2 is [/opt/ros/humble/lib/x86_64-linux-gnu]
[0.555s]       dir 1 must precede it due to runtime library [libpinocchio_parsers.so.3.9.0]
[0.555s] 
[0.555s]   Some of these libraries may not be found correctly.
[0.556s] 
[0.556s] [0m
[0.560s] -- Generating done
[0.571s] -- Build files have been written to: /home/jin/harco/ecvt2_ws/build/ecvt2_controller
[0.576s] Invoked command in '/home/jin/harco/ecvt2_ws/build/ecvt2_controller' returned '0': CMAKE_PREFIX_PATH=${CMAKE_PREFIX_PATH}:/home/jin/harco/ecvt2_ws/install/ecvt2_sim:/opt/ros/humble /usr/bin/cmake /home/jin/harco/ecvt2_ws/ecvt2_controller -DAMENT_CMAKE_SYMLINK_INSTALL=1 -DCMAKE_INSTALL_PREFIX=/home/jin/harco/ecvt2_ws/install/ecvt2_controller
[0.577s] Invoking command in '/home/jin/harco/ecvt2_ws/build/ecvt2_controller': CMAKE_PREFIX_PATH=${CMAKE_PREFIX_PATH}:/home/jin/harco/ecvt2_ws/install/ecvt2_sim:/opt/ros/humble /usr/bin/cmake --build /home/jin/harco/ecvt2_ws/build/ecvt2_controller -- -j20 -l20
[0.604s] [35m[1mConsolidate compiler generated dependencies of target com_trajectory_publisher[0m
[0.605s] [35m[1mConsolidate compiler generated dependencies of target kdl_utils[0m
[0.605s] [35m[1mConsolidate compiler generated dependencies of target live_upper_dynamics_node[0m
[0.605s] [35m[1mConsolidate compiler generated dependencies of target vp_sto_global_planner_node[0m
[0.606s] [35m[1mConsolidate compiler generated dependencies of target wbc_hqp_lib[0m
[0.606s] [35m[1mConsolidate compiler generated dependencies of target teleop_goal_publisher[0m
[0.616s] [  7%] Built target wbc_hqp_lib
[0.616s] [ 15%] Built target com_trajectory_publisher
[0.620s] [ 23%] Built target teleop_goal_publisher
[0.623s] [ 30%] Built target live_upper_dynamics_node
[0.623s] [ 38%] Built target kdl_utils
[0.627s] [ 42%] [32mBuilding CXX object CMakeFiles/vp_sto_global_planner_node.dir/src/vp_sto_global_planner_node.cpp.o[0m
[0.629s] [35m[1mConsolidate compiler generated dependencies of target wbc_hqp_v2[0m
[0.629s] [35m[1mConsolidate compiler generated dependencies of target base_opt_controller[0m
[0.630s] [35m[1mConsolidate compiler generated dependencies of target wbc_hqp[0m
[0.630s] [35m[1mConsolidate compiler generated dependencies of target base_arm_task_controller[0m
[0.630s] [35m[1mConsolidate compiler generated dependencies of target wbc_hqp_v3[0m
[0.631s] [35m[1mConsolidate compiler generated dependencies of target pin_test[0m
[0.632s] [35m[1mConsolidate compiler generated dependencies of target base_arm_task_controller_v2[0m
[0.640s] [ 73%] Built target wbc_hqp_v3
[0.640s] [ 73%] Built target wbc_hqp
[0.640s] [ 73%] Built target base_arm_task_controller
[0.640s] [ 73%] Built target base_opt_controller
[0.641s] [ 80%] Built target wbc_hqp_v2
[0.645s] [ 88%] Built target base_arm_task_controller_v2
[0.654s] [ 96%] Built target pin_test
[3.314s] In file included from [01m[K/opt/openrobots/include/hpp/fcl/config.hh:1[m[K,
[3.314s]                  from [01m[K/opt/openrobots/include/pinocchio/serialization/eigen.hpp:20[m[K,
[3.314s]                  from [01m[K/opt/openrobots/include/pinocchio/serialization/fwd.hpp:11[m[K,
[3.314s]                  from [01m[K/opt/openrobots/include/pinocchio/multibody/joint/joint-composite.hpp:14[m[K,
[3.314s]                  from [01m[K/opt/openrobots/include/pinocchio/multibody/joint/joint-generic.hpp:9[m[K,
[3.314s]                  from [01m[K/opt/openrobots/include/pinocchio/multibody/model.hpp:17[m[K,
[3.314s]                  from [01m[K/opt/openrobots/include/pinocchio/parsers/urdf.hpp:9[m[K,
[3.314s]                  from [01m[K/home/jin/harco/ecvt2_ws/ecvt2_controller/src/vp_sto_global_planner_node.cpp:7[m[K:
[3.314s] [01m[K/opt/openrobots/include/hpp/fcl/coal.hpp:12:99:[m[K [01;36m[Knote: [m[K‘[01m[K#pragma message: Please update your includes from 'hpp/fcl' to 'coal' or define COAL_DISABLE_HPP_FCL_WARNINGS[m[K’
[3.314s]    12 |     "Please update your includes from 'hpp/fcl' to 'coal' or define COAL_DISABLE_HPP_FCL_WARNINGS"[01;36m[K)[m[K
[3.314s]       |                                                                                                   [01;36m[K^[m[K
[33.681s] [100%] [32m[1mLinking CXX executable vp_sto_global_planner_node[0m
[34.939s] [100%] Built target vp_sto_global_planner_node
[34.948s] Invoked command in '/home/jin/harco/ecvt2_ws/build/ecvt2_controller' returned '0': CMAKE_PREFIX_PATH=${CMAKE_PREFIX_PATH}:/home/jin/harco/ecvt2_ws/install/ecvt2_sim:/opt/ros/humble /usr/bin/cmake --build /home/jin/harco/ecvt2_ws/build/ecvt2_controller -- -j20 -l20
[34.948s] Invoking command in '/home/jin/harco/ecvt2_ws/build/ecvt2_controller': CMAKE_PREFIX_PATH=${CMAKE_PREFIX_PATH}:/home/jin/harco/ecvt2_ws/install/ecvt2_sim:/opt/ros/humble /usr/bin/cmake --install /home/jin/harco/ecvt2_ws/build/ecvt2_controller
[34.954s] -- Install configuration: ""
[34.954s] -- Execute custom install script
[34.954s] -- Up-to-date symlink: /home/jin/harco/ecvt2_ws/install/ecvt2_controller/lib/ecvt2_controller/teleop_goal_publisher
[34.954s] -- Up-to-date symlink: /home/jin/harco/ecvt2_ws/install/ecvt2_controller/lib/ecvt2_controller/live_upper_dynamics_node
[34.954s] -- Up-to-date symlink: /home/jin/harco/ecvt2_ws/install/ecvt2_controller/lib/ecvt2_controller/vp_sto_global_planner_node
[34.954s] -- Up-to-date symlink: /home/jin/harco/ecvt2_ws/install/ecvt2_controller/include/ecvt2_controller/kdl_utils.hpp
[34.954s] -- Up-to-date symlink: /home/jin/harco/ecvt2_ws/install/ecvt2_controller/include/ecvt2_controller/wbc_hqp_lib.hpp
[34.954s] -- Up-to-date symlink: /home/jin/harco/ecvt2_ws/install/ecvt2_controller/lib/libkdl_utils.a
[34.955s] -- Up-to-date symlink: /home/jin/harco/ecvt2_ws/install/ecvt2_controller/lib/libwbc_hqp_lib.a
[34.955s] -- Up-to-date symlink: /home/jin/harco/ecvt2_ws/install/ecvt2_controller/lib/ecvt2_controller/base_opt_controller
[34.955s] -- Up-to-date symlink: /home/jin/harco/ecvt2_ws/install/ecvt2_controller/lib/ecvt2_controller/wbc_hqp
[34.955s] -- Up-to-date symlink: /home/jin/harco/ecvt2_ws/install/ecvt2_controller/lib/ecvt2_controller/wbc_hqp_v2
[34.955s] -- Up-to-date symlink: /home/jin/harco/ecvt2_ws/install/ecvt2_controller/lib/ecvt2_controller/wbc_hqp_v3
[34.955s] -- Up-to-date symlink: /home/jin/harco/ecvt2_ws/install/ecvt2_controller/lib/ecvt2_controller/base_arm_task_controller
[34.955s] -- Up-to-date symlink: /home/jin/harco/ecvt2_ws/install/ecvt2_controller/lib/ecvt2_controller/base_arm_task_controller_v2
[34.955s] -- Up-to-date symlink: /home/jin/harco/ecvt2_ws/install/ecvt2_controller/lib/ecvt2_controller/teleop_goal_publisher
[34.955s] -- Up-to-date symlink: /home/jin/harco/ecvt2_ws/install/ecvt2_controller/lib/ecvt2_controller/com_trajectory_publisher
[34.955s] -- Up-to-date symlink: /home/jin/harco/ecvt2_ws/install/ecvt2_controller/lib/ecvt2_controller/pin_test
[34.955s] -- Up-to-date symlink: /home/jin/harco/ecvt2_ws/install/ecvt2_controller/share/ament_index/resource_index/package_run_dependencies/ecvt2_controller
[34.955s] -- Up-to-date symlink: /home/jin/harco/ecvt2_ws/install/ecvt2_controller/share/ament_index/resource_index/parent_prefix_path/ecvt2_controller
[34.955s] -- Up-to-date symlink: /home/jin/harco/ecvt2_ws/install/ecvt2_controller/share/ecvt2_controller/environment/ament_prefix_path.sh
[34.955s] -- Up-to-date symlink: /home/jin/harco/ecvt2_ws/install/ecvt2_controller/share/ecvt2_controller/environment/ament_prefix_path.dsv
[34.955s] -- Up-to-date symlink: /home/jin/harco/ecvt2_ws/install/ecvt2_controller/share/ecvt2_controller/environment/path.sh
[34.955s] -- Up-to-date symlink: /home/jin/harco/ecvt2_ws/install/ecvt2_controller/share/ecvt2_controller/environment/path.dsv
[34.955s] -- Up-to-date symlink: /home/jin/harco/ecvt2_ws/install/ecvt2_controller/share/ecvt2_controller/local_setup.bash
[34.955s] -- Up-to-date symlink: /home/jin/harco/ecvt2_ws/install/ecvt2_controller/share/ecvt2_controller/local_setup.sh
[34.956s] -- Up-to-date symlink: /home/jin/harco/ecvt2_ws/install/ecvt2_controller/share/ecvt2_controller/local_setup.zsh
[34.956s] -- Up-to-date symlink: /home/jin/harco/ecvt2_ws/install/ecvt2_controller/share/ecvt2_controller/local_setup.dsv
[34.956s] -- Symlinking: /home/jin/harco/ecvt2_ws/install/ecvt2_controller/share/ecvt2_controller/package.dsv
[34.960s] -- Up-to-date symlink: /home/jin/harco/ecvt2_ws/install/ecvt2_controller/share/ament_index/resource_index/packages/ecvt2_controller
[34.960s] -- Up-to-date symlink: /home/jin/harco/ecvt2_ws/install/ecvt2_controller/share/ecvt2_controller/cmake/ecvt2_controllerConfig.cmake
[34.960s] -- Up-to-date symlink: /home/jin/harco/ecvt2_ws/install/ecvt2_controller/share/ecvt2_controller/cmake/ecvt2_controllerConfig-version.cmake
[34.960s] -- Up-to-date symlink: /home/jin/harco/ecvt2_ws/install/ecvt2_controller/share/ecvt2_controller/package.xml
[34.961s] Invoked command in '/home/jin/harco/ecvt2_ws/build/ecvt2_controller' returned '0': CMAKE_PREFIX_PATH=${CMAKE_PREFIX_PATH}:/home/jin/harco/ecvt2_ws/install/ecvt2_sim:/opt/ros/humble /usr/bin/cmake --install /home/jin/harco/ecvt2_ws/build/ecvt2_controller
