[0.124s] Invoking command in '/home/jin/harco/ecvt2_ws/build/ecvt2_controller': CMAKE_PREFIX_PATH=/home/jin/harco/ecvt2_ws/install/ifopt:/opt/ros/humble LD_LIBRARY_PATH=/home/jin/harco/ecvt2_ws/install/ifopt/lib:${LD_LIBRARY_PATH} PKG_CONFIG_PATH=/home/jin/harco/ecvt2_ws/install/ifopt/lib/x86_64-linux-gnu/pkgconfig:/home/jin/harco/ecvt2_ws/install/ifopt/lib/pkgconfig /usr/bin/cmake /home/jin/harco/ecvt2_ws/ecvt2_controller -DCMAKE_INSTALL_PREFIX=/home/jin/harco/ecvt2_ws/install/ecvt2_controller
[0.130s] -- Found ament_cmake: 1.3.12 (/opt/ros/humble/share/ament_cmake/cmake)
[0.208s] -- Override CMake install command with custom implementation using symlinks instead of copying resources
[0.212s] -- Found rclcpp: 16.0.16 (/opt/ros/humble/share/rclcpp/cmake)
[0.229s] -- Found rosidl_generator_c: 3.1.7 (/opt/ros/humble/share/rosidl_generator_c/cmake)
[0.230s] -- Found rosidl_adapter: 3.1.7 (/opt/ros/humble/share/rosidl_adapter/cmake)
[0.233s] -- Found rosidl_generator_cpp: 3.1.7 (/opt/ros/humble/share/rosidl_generator_cpp/cmake)
[0.239s] -- Using all available rosidl_typesupport_c: rosidl_typesupport_fastrtps_c;rosidl_typesupport_introspection_c
[0.245s] -- Using all available rosidl_typesupport_cpp: rosidl_typesupport_fastrtps_cpp;rosidl_typesupport_introspection_cpp
[0.262s] -- Found rmw_implementation_cmake: 6.1.2 (/opt/ros/humble/share/rmw_implementation_cmake/cmake)
[0.263s] -- Found rmw_fastrtps_cpp: 6.2.9 (/opt/ros/humble/share/rmw_fastrtps_cpp/cmake)
[0.323s] -- Using RMW implementation 'rmw_fastrtps_cpp' as default
[0.349s] -- Found geometry_msgs: 4.9.0 (/opt/ros/humble/share/geometry_msgs/cmake)
[0.356s] -- Found sensor_msgs: 4.9.0 (/opt/ros/humble/share/sensor_msgs/cmake)
[0.365s] -- Found visualization_msgs: 4.9.0 (/opt/ros/humble/share/visualization_msgs/cmake)
[0.375s] -- Found trajectory_msgs: 4.9.0 (/opt/ros/humble/share/trajectory_msgs/cmake)
[0.385s] -- pinocchio_default FOUND. pinocchio_default at /opt/ros/humble/lib/x86_64-linux-gnu/libpinocchio_default.so
[0.385s] -- pinocchio_parsers FOUND. pinocchio_parsers at /opt/ros/humble/lib/x86_64-linux-gnu/libpinocchio_parsers.so
[0.386s] -- pinocchio_casadi not FOUND.
[0.387s] -- boost_filesystem FOUND. boost_filesystem at /usr/lib/x86_64-linux-gnu/libboost_filesystem.so
[0.392s] -- Found Boost: /usr/include (found version "1.74.0") found components: filesystem serialization 
[0.392s] CMake Warning at /opt/openrobots/lib/cmake/hpp-fcl/hpp-fclConfig.cmake:4 (message):
[0.392s]   Please update your CMake from 'hpp-fcl' to 'coal', or define
[0.392s]   COAL_DISABLE_HPP_FCL_WARNINGS
[0.392s] Call Stack (most recent call first):
[0.392s]   /usr/share/cmake-3.22/Modules/CMakeFindDependencyMacro.cmake:47 (find_package)
[0.392s]   /opt/openrobots/lib/cmake/pinocchio/pinocchioConfig.cmake:161 (find_dependency)
[0.392s]   CMakeLists.txt:20 (find_package)
[0.393s] 
[0.393s] 
[0.393s] -- coal not FOUND.
[0.397s] -- Found Boost: /usr/include (found version "1.74.0") found components: serialization filesystem 
[0.588s] -- Default C++ standard: 201703
[0.588s] -- C++ standard sufficient: Minimal required 11, currently defined: 17
[0.588s] -- CMAKE_CXX_STANDARD was not set: automatically set to currently defined standard 17
[0.589s] -- C++ standard sufficient: Minimal required 11, currently defined: 17
[0.606s] -- Found ament_lint_auto: 0.12.14 (/opt/ros/humble/share/ament_lint_auto/cmake)
[0.660s] -- Added test 'cppcheck' to perform static code analysis on C / C++ code
[0.660s] -- Configured cppcheck include dirs: $<BUILD_INTERFACE:/home/jin/harco/ecvt2_ws/ecvt2_controller/include>
[0.660s] -- Configured cppcheck exclude dirs and/or files: 
[0.660s] -- Added test 'lint_cmake' to check CMake code style
[0.661s] -- Added test 'uncrustify' to check C / C++ code style
[0.661s] -- Configured uncrustify additional arguments: 
[0.661s] -- Added test 'xmllint' to check XML markup files
[0.661s] -- Configuring done
[0.672s] CMake Warning at CMakeLists.txt:49 (add_executable):
[0.672s]   Cannot generate a safe runtime search path for target base_opt_controller
[0.672s]   because files in some directories may conflict with libraries in implicit
[0.672s]   directories:
[0.673s] 
[0.673s]     runtime library [liburdfdom_sensor.so.3.0] in /usr/lib/x86_64-linux-gnu may be hidden by files in:
[0.673s]       /opt/ros/humble/lib/x86_64-linux-gnu
[0.673s]     runtime library [liburdfdom_model_state.so.3.0] in /usr/lib/x86_64-linux-gnu may be hidden by files in:
[0.673s]       /opt/ros/humble/lib/x86_64-linux-gnu
[0.673s]     runtime library [liburdfdom_model.so.3.0] in /usr/lib/x86_64-linux-gnu may be hidden by files in:
[0.673s]       /opt/ros/humble/lib/x86_64-linux-gnu
[0.673s]     runtime library [liburdfdom_world.so.3.0] in /usr/lib/x86_64-linux-gnu may be hidden by files in:
[0.673s]       /opt/ros/humble/lib/x86_64-linux-gnu
[0.673s]     runtime library [liboctomap.so.1.9] in /usr/lib/x86_64-linux-gnu may be hidden by files in:
[0.673s]       /opt/ros/humble/lib/x86_64-linux-gnu
[0.673s]     runtime library [liboctomath.so.1.9] in /usr/lib/x86_64-linux-gnu may be hidden by files in:
[0.673s]       /opt/ros/humble/lib/x86_64-linux-gnu
[0.673s] 
[0.673s]   Some of these libraries may not be found correctly.
[0.673s] 
[0.673s] 
[0.673s] CMake Warning at CMakeLists.txt:49 (add_executable):
[0.673s]   Cannot generate a safe runtime search path for target base_opt_controller
[0.673s]   because there is a cycle in the constraint graph:
[0.673s] 
[0.673s]     dir 0 is [/usr/local/lib]
[0.673s]     dir 1 is [/opt/ros/humble/lib]
[0.673s]     dir 2 is [/opt/ros/humble/lib/x86_64-linux-gnu]
[0.673s]       dir 3 must precede it due to runtime library [libpinocchio_parsers.so.3.9.0]
[0.673s]     dir 3 is [/opt/openrobots/lib]
[0.673s]       dir 2 must precede it due to runtime library [libpinocchio_default.so.3.9.0]
[0.673s] 
[0.673s]   Some of these libraries may not be found correctly.
[0.673s] 
[0.673s] 
[0.675s] CMake Warning at CMakeLists.txt:60 (add_executable):
[0.675s]   Cannot generate a safe runtime search path for target wbc_hqp because files
[0.675s]   in some directories may conflict with libraries in implicit directories:
[0.676s] 
[0.676s]     runtime library [liburdfdom_sensor.so.3.0] in /usr/lib/x86_64-linux-gnu may be hidden by files in:
[0.676s]       /opt/ros/humble/lib/x86_64-linux-gnu
[0.676s]     runtime library [liburdfdom_model_state.so.3.0] in /usr/lib/x86_64-linux-gnu may be hidden by files in:
[0.676s]       /opt/ros/humble/lib/x86_64-linux-gnu
[0.676s]     runtime library [liburdfdom_model.so.3.0] in /usr/lib/x86_64-linux-gnu may be hidden by files in:
[0.676s]       /opt/ros/humble/lib/x86_64-linux-gnu
[0.676s]     runtime library [liburdfdom_world.so.3.0] in /usr/lib/x86_64-linux-gnu may be hidden by files in:
[0.676s]       /opt/ros/humble/lib/x86_64-linux-gnu
[0.676s]     runtime library [liboctomap.so.1.9] in /usr/lib/x86_64-linux-gnu may be hidden by files in:
[0.676s]       /opt/ros/humble/lib/x86_64-linux-gnu
[0.676s]     runtime library [liboctomath.so.1.9] in /usr/lib/x86_64-linux-gnu may be hidden by files in:
[0.676s]       /opt/ros/humble/lib/x86_64-linux-gnu
[0.676s] 
[0.676s]   Some of these libraries may not be found correctly.
[0.676s] 
[0.676s] 
[0.676s] CMake Warning at CMakeLists.txt:60 (add_executable):
[0.676s]   Cannot generate a safe runtime search path for target wbc_hqp because there
[0.676s]   is a cycle in the constraint graph:
[0.676s] 
[0.676s]     dir 0 is [/usr/local/lib]
[0.676s]     dir 1 is [/opt/ros/humble/lib]
[0.676s]     dir 2 is [/opt/ros/humble/lib/x86_64-linux-gnu]
[0.676s]       dir 3 must precede it due to runtime library [libpinocchio_parsers.so.3.9.0]
[0.676s]     dir 3 is [/opt/openrobots/lib]
[0.676s]       dir 2 must precede it due to runtime library [libpinocchio_default.so.3.9.0]
[0.676s] 
[0.676s]   Some of these libraries may not be found correctly.
[0.676s] 
[0.676s] 
[0.678s] CMake Warning at CMakeLists.txt:71 (add_executable):
[0.678s]   Cannot generate a safe runtime search path for target wbc_hqp_v2 because
[0.678s]   files in some directories may conflict with libraries in implicit
[0.679s]   directories:
[0.679s] 
[0.679s]     runtime library [liburdfdom_sensor.so.3.0] in /usr/lib/x86_64-linux-gnu may be hidden by files in:
[0.679s]       /opt/ros/humble/lib/x86_64-linux-gnu
[0.679s]     runtime library [liburdfdom_model_state.so.3.0] in /usr/lib/x86_64-linux-gnu may be hidden by files in:
[0.679s]       /opt/ros/humble/lib/x86_64-linux-gnu
[0.679s]     runtime library [liburdfdom_model.so.3.0] in /usr/lib/x86_64-linux-gnu may be hidden by files in:
[0.679s]       /opt/ros/humble/lib/x86_64-linux-gnu
[0.679s]     runtime library [liburdfdom_world.so.3.0] in /usr/lib/x86_64-linux-gnu may be hidden by files in:
[0.679s]       /opt/ros/humble/lib/x86_64-linux-gnu
[0.679s]     runtime library [liboctomap.so.1.9] in /usr/lib/x86_64-linux-gnu may be hidden by files in:
[0.679s]       /opt/ros/humble/lib/x86_64-linux-gnu
[0.679s]     runtime library [liboctomath.so.1.9] in /usr/lib/x86_64-linux-gnu may be hidden by files in:
[0.679s]       /opt/ros/humble/lib/x86_64-linux-gnu
[0.679s] 
[0.679s]   Some of these libraries may not be found correctly.
[0.679s] 
[0.679s] 
[0.679s] CMake Warning at CMakeLists.txt:71 (add_executable):
[0.679s]   Cannot generate a safe runtime search path for target wbc_hqp_v2 because
[0.679s]   there is a cycle in the constraint graph:
[0.679s] 
[0.679s]     dir 0 is [/usr/local/lib]
[0.679s]     dir 1 is [/opt/ros/humble/lib]
[0.679s]     dir 2 is [/opt/ros/humble/lib/x86_64-linux-gnu]
[0.679s]       dir 3 must precede it due to runtime library [libpinocchio_parsers.so.3.9.0]
[0.679s]     dir 3 is [/opt/openrobots/lib]
[0.679s]       dir 2 must precede it due to runtime library [libpinocchio_default.so.3.9.0]
[0.679s] 
[0.679s]   Some of these libraries may not be found correctly.
[0.679s] 
[0.679s] 
[0.681s] CMake Warning at CMakeLists.txt:83 (add_executable):
[0.681s]   Cannot generate a safe runtime search path for target wbc_hqp_v3 because
[0.681s]   files in some directories may conflict with libraries in implicit
[0.681s]   directories:
[0.681s] 
[0.681s]     runtime library [liburdfdom_sensor.so.3.0] in /usr/lib/x86_64-linux-gnu may be hidden by files in:
[0.681s]       /opt/ros/humble/lib/x86_64-linux-gnu
[0.681s]     runtime library [liburdfdom_model_state.so.3.0] in /usr/lib/x86_64-linux-gnu may be hidden by files in:
[0.681s]       /opt/ros/humble/lib/x86_64-linux-gnu
[0.681s]     runtime library [liburdfdom_model.so.3.0] in /usr/lib/x86_64-linux-gnu may be hidden by files in:
[0.681s]       /opt/ros/humble/lib/x86_64-linux-gnu
[0.681s]     runtime library [liburdfdom_world.so.3.0] in /usr/lib/x86_64-linux-gnu may be hidden by files in:
[0.682s]       /opt/ros/humble/lib/x86_64-linux-gnu
[0.682s]     runtime library [liboctomap.so.1.9] in /usr/lib/x86_64-linux-gnu may be hidden by files in:
[0.682s]       /opt/ros/humble/lib/x86_64-linux-gnu
[0.682s]     runtime library [liboctomath.so.1.9] in /usr/lib/x86_64-linux-gnu may be hidden by files in:
[0.682s]       /opt/ros/humble/lib/x86_64-linux-gnu
[0.682s] 
[0.682s]   Some of these libraries may not be found correctly.
[0.682s] 
[0.682s] 
[0.682s] CMake Warning at CMakeLists.txt:83 (add_executable):
[0.682s]   Cannot generate a safe runtime search path for target wbc_hqp_v3 because
[0.682s]   there is a cycle in the constraint graph:
[0.682s] 
[0.682s]     dir 0 is [/usr/local/lib]
[0.682s]     dir 1 is [/opt/ros/humble/lib]
[0.682s]     dir 2 is [/opt/ros/humble/lib/x86_64-linux-gnu]
[0.682s]       dir 3 must precede it due to runtime library [libpinocchio_parsers.so.3.9.0]
[0.682s]     dir 3 is [/opt/openrobots/lib]
[0.682s]       dir 2 must precede it due to runtime library [libpinocchio_default.so.3.9.0]
[0.682s] 
[0.682s]   Some of these libraries may not be found correctly.
[0.682s] 
[0.682s] 
[0.684s] CMake Warning at CMakeLists.txt:95 (add_executable):
[0.684s]   Cannot generate a safe runtime search path for target
[0.684s]   base_arm_task_controller because files in some directories may conflict
[0.684s]   with libraries in implicit directories:
[0.684s] 
[0.684s]     runtime library [liburdfdom_sensor.so.3.0] in /usr/lib/x86_64-linux-gnu may be hidden by files in:
[0.684s]       /opt/ros/humble/lib/x86_64-linux-gnu
[0.684s]     runtime library [liburdfdom_model_state.so.3.0] in /usr/lib/x86_64-linux-gnu may be hidden by files in:
[0.684s]       /opt/ros/humble/lib/x86_64-linux-gnu
[0.684s]     runtime library [liburdfdom_model.so.3.0] in /usr/lib/x86_64-linux-gnu may be hidden by files in:
[0.684s]       /opt/ros/humble/lib/x86_64-linux-gnu
[0.684s]     runtime library [liburdfdom_world.so.3.0] in /usr/lib/x86_64-linux-gnu may be hidden by files in:
[0.684s]       /opt/ros/humble/lib/x86_64-linux-gnu
[0.684s]     runtime library [liboctomap.so.1.9] in /usr/lib/x86_64-linux-gnu may be hidden by files in:
[0.684s]       /opt/ros/humble/lib/x86_64-linux-gnu
[0.684s]     runtime library [liboctomath.so.1.9] in /usr/lib/x86_64-linux-gnu may be hidden by files in:
[0.684s]       /opt/ros/humble/lib/x86_64-linux-gnu
[0.684s] 
[0.684s]   Some of these libraries may not be found correctly.
[0.684s] 
[0.684s] 
[0.685s] CMake Warning at CMakeLists.txt:95 (add_executable):
[0.685s]   Cannot generate a safe runtime search path for target
[0.685s]   base_arm_task_controller because there is a cycle in the constraint graph:
[0.685s] 
[0.685s]     dir 0 is [/usr/local/lib]
[0.685s]     dir 1 is [/opt/ros/humble/lib]
[0.685s]     dir 2 is [/opt/ros/humble/lib/x86_64-linux-gnu]
[0.685s]       dir 3 must precede it due to runtime library [libpinocchio_parsers.so.3.9.0]
[0.685s]     dir 3 is [/opt/openrobots/lib]
[0.685s]       dir 2 must precede it due to runtime library [libpinocchio_default.so.3.9.0]
[0.685s] 
[0.685s]   Some of these libraries may not be found correctly.
[0.685s] 
[0.685s] 
[0.687s] CMake Warning at CMakeLists.txt:106 (add_executable):
[0.687s]   Cannot generate a safe runtime search path for target
[0.687s]   base_arm_task_controller_v2 because files in some directories may conflict
[0.687s]   with libraries in implicit directories:
[0.687s] 
[0.687s]     runtime library [liburdfdom_sensor.so.3.0] in /usr/lib/x86_64-linux-gnu may be hidden by files in:
[0.687s]       /opt/ros/humble/lib/x86_64-linux-gnu
[0.687s]     runtime library [liburdfdom_model_state.so.3.0] in /usr/lib/x86_64-linux-gnu may be hidden by files in:
[0.687s]       /opt/ros/humble/lib/x86_64-linux-gnu
[0.687s]     runtime library [liburdfdom_model.so.3.0] in /usr/lib/x86_64-linux-gnu may be hidden by files in:
[0.687s]       /opt/ros/humble/lib/x86_64-linux-gnu
[0.687s]     runtime library [liburdfdom_world.so.3.0] in /usr/lib/x86_64-linux-gnu may be hidden by files in:
[0.687s]       /opt/ros/humble/lib/x86_64-linux-gnu
[0.687s]     runtime library [liboctomap.so.1.9] in /usr/lib/x86_64-linux-gnu may be hidden by files in:
[0.687s]       /opt/ros/humble/lib/x86_64-linux-gnu
[0.687s]     runtime library [liboctomath.so.1.9] in /usr/lib/x86_64-linux-gnu may be hidden by files in:
[0.687s]       /opt/ros/humble/lib/x86_64-linux-gnu
[0.687s] 
[0.687s]   Some of these libraries may not be found correctly.
[0.687s] 
[0.687s] 
[0.687s] CMake Warning at CMakeLists.txt:106 (add_executable):
[0.687s]   Cannot generate a safe runtime search path for target
[0.687s]   base_arm_task_controller_v2 because there is a cycle in the constraint
[0.687s]   graph:
[0.687s] 
[0.687s]     dir 0 is [/usr/local/lib]
[0.687s]     dir 1 is [/opt/ros/humble/lib]
[0.688s]     dir 2 is [/opt/ros/humble/lib/x86_64-linux-gnu]
[0.688s]       dir 3 must precede it due to runtime library [libpinocchio_parsers.so.3.9.0]
[0.688s]     dir 3 is [/opt/openrobots/lib]
[0.688s]       dir 2 must precede it due to runtime library [libpinocchio_default.so.3.9.0]
[0.688s] 
[0.688s]   Some of these libraries may not be found correctly.
[0.688s] 
[0.688s] 
[0.690s] CMake Warning at CMakeLists.txt:117 (add_executable):
[0.690s]   Cannot generate a safe runtime search path for target
[0.690s]   base_arm_task_controller_full because files in some directories may
[0.690s]   conflict with libraries in implicit directories:
[0.690s] 
[0.690s]     runtime library [liburdfdom_sensor.so.3.0] in /usr/lib/x86_64-linux-gnu may be hidden by files in:
[0.690s]       /opt/ros/humble/lib/x86_64-linux-gnu
[0.690s]     runtime library [liburdfdom_model_state.so.3.0] in /usr/lib/x86_64-linux-gnu may be hidden by files in:
[0.690s]       /opt/ros/humble/lib/x86_64-linux-gnu
[0.690s]     runtime library [liburdfdom_model.so.3.0] in /usr/lib/x86_64-linux-gnu may be hidden by files in:
[0.690s]       /opt/ros/humble/lib/x86_64-linux-gnu
[0.690s]     runtime library [liburdfdom_world.so.3.0] in /usr/lib/x86_64-linux-gnu may be hidden by files in:
[0.690s]       /opt/ros/humble/lib/x86_64-linux-gnu
[0.690s]     runtime library [liboctomap.so.1.9] in /usr/lib/x86_64-linux-gnu may be hidden by files in:
[0.690s]       /opt/ros/humble/lib/x86_64-linux-gnu
[0.690s]     runtime library [liboctomath.so.1.9] in /usr/lib/x86_64-linux-gnu may be hidden by files in:
[0.690s]       /opt/ros/humble/lib/x86_64-linux-gnu
[0.690s] 
[0.690s]   Some of these libraries may not be found correctly.
[0.690s] 
[0.690s] 
[0.690s] CMake Warning at CMakeLists.txt:117 (add_executable):
[0.690s]   Cannot generate a safe runtime search path for target
[0.691s]   base_arm_task_controller_full because there is a cycle in the constraint
[0.691s]   graph:
[0.691s] 
[0.691s]     dir 0 is [/usr/local/lib]
[0.691s]     dir 1 is [/opt/ros/humble/lib]
[0.691s]     dir 2 is [/opt/ros/humble/lib/x86_64-linux-gnu]
[0.691s]       dir 3 must precede it due to runtime library [libpinocchio_parsers.so.3.9.0]
[0.691s]     dir 3 is [/opt/openrobots/lib]
[0.691s]       dir 2 must precede it due to runtime library [libpinocchio_default.so.3.9.0]
[0.691s] 
[0.691s]   Some of these libraries may not be found correctly.
[0.691s] 
[0.691s] 
[0.696s] CMake Warning at CMakeLists.txt:141 (add_executable):
[0.696s]   Cannot generate a safe runtime search path for target pin_test because
[0.696s]   files in some directories may conflict with libraries in implicit
[0.696s]   directories:
[0.696s] 
[0.696s]     runtime library [liburdfdom_sensor.so.3.0] in /usr/lib/x86_64-linux-gnu may be hidden by files in:
[0.696s]       /opt/ros/humble/lib/x86_64-linux-gnu
[0.696s]     runtime library [liburdfdom_model_state.so.3.0] in /usr/lib/x86_64-linux-gnu may be hidden by files in:
[0.696s]       /opt/ros/humble/lib/x86_64-linux-gnu
[0.696s]     runtime library [liburdfdom_model.so.3.0] in /usr/lib/x86_64-linux-gnu may be hidden by files in:
[0.696s]       /opt/ros/humble/lib/x86_64-linux-gnu
[0.696s]     runtime library [liburdfdom_world.so.3.0] in /usr/lib/x86_64-linux-gnu may be hidden by files in:
[0.696s]       /opt/ros/humble/lib/x86_64-linux-gnu
[0.696s]     runtime library [liboctomap.so.1.9] in /usr/lib/x86_64-linux-gnu may be hidden by files in:
[0.696s]       /opt/ros/humble/lib/x86_64-linux-gnu
[0.696s]     runtime library [liboctomath.so.1.9] in /usr/lib/x86_64-linux-gnu may be hidden by files in:
[0.696s]       /opt/ros/humble/lib/x86_64-linux-gnu
[0.696s] 
[0.696s]   Some of these libraries may not be found correctly.
[0.696s] 
[0.696s] 
[0.696s] CMake Warning at CMakeLists.txt:141 (add_executable):
[0.696s]   Cannot generate a safe runtime search path for target pin_test because
[0.696s]   there is a cycle in the constraint graph:
[0.696s] 
[0.696s]     dir 0 is [/opt/ros/humble/lib]
[0.696s]     dir 1 is [/opt/openrobots/lib]
[0.696s]       dir 2 must precede it due to runtime library [libpinocchio_default.so.3.9.0]
[0.696s]     dir 2 is [/opt/ros/humble/lib/x86_64-linux-gnu]
[0.696s]       dir 1 must precede it due to runtime library [libpinocchio_parsers.so.3.9.0]
[0.696s] 
[0.696s]   Some of these libraries may not be found correctly.
[0.697s] 
[0.697s] 
[0.706s] -- Generating done
[0.721s] -- Build files have been written to: /home/jin/harco/ecvt2_ws/build/ecvt2_controller
[0.728s] Invoked command in '/home/jin/harco/ecvt2_ws/build/ecvt2_controller' returned '0': CMAKE_PREFIX_PATH=/home/jin/harco/ecvt2_ws/install/ifopt:/opt/ros/humble LD_LIBRARY_PATH=/home/jin/harco/ecvt2_ws/install/ifopt/lib:${LD_LIBRARY_PATH} PKG_CONFIG_PATH=/home/jin/harco/ecvt2_ws/install/ifopt/lib/x86_64-linux-gnu/pkgconfig:/home/jin/harco/ecvt2_ws/install/ifopt/lib/pkgconfig /usr/bin/cmake /home/jin/harco/ecvt2_ws/ecvt2_controller -DCMAKE_INSTALL_PREFIX=/home/jin/harco/ecvt2_ws/install/ecvt2_controller
[0.729s] Invoking command in '/home/jin/harco/ecvt2_ws/build/ecvt2_controller': CMAKE_PREFIX_PATH=/home/jin/harco/ecvt2_ws/install/ifopt:/opt/ros/humble LD_LIBRARY_PATH=/home/jin/harco/ecvt2_ws/install/ifopt/lib:${LD_LIBRARY_PATH} PKG_CONFIG_PATH=/home/jin/harco/ecvt2_ws/install/ifopt/lib/x86_64-linux-gnu/pkgconfig:/home/jin/harco/ecvt2_ws/install/ifopt/lib/pkgconfig /usr/bin/cmake --build /home/jin/harco/ecvt2_ws/build/ecvt2_controller -- -j20 -l20
[0.759s] Consolidate compiler generated dependencies of target com_trajectory_publisher
[0.759s] Consolidate compiler generated dependencies of target wbc_hqp_lib
[0.760s] Consolidate compiler generated dependencies of target teleop_goal_publisher
[0.767s] Consolidate compiler generated dependencies of target vp_sto_global_planner_full_node
[0.767s] [  6%] Built target com_trajectory_publisher
[0.769s] [ 12%] Built target wbc_hqp_lib
[0.769s] Consolidate compiler generated dependencies of target vp_sto_global_planner_node
[0.770s] [ 18%] Built target teleop_goal_publisher
[0.771s] Consolidate compiler generated dependencies of target vp_sto_paper_global_planner_node
[0.772s] Consolidate compiler generated dependencies of target kdl_utils
[0.772s] Consolidate compiler generated dependencies of target live_upper_dynamics_node
[0.783s] [ 28%] Built target vp_sto_global_planner_node
[0.783s] [ 28%] Building CXX object CMakeFiles/vp_sto_global_planner_full_node.dir/src/vp_sto_global_planner_full_node.cpp.o
[0.784s] [ 34%] Built target vp_sto_paper_global_planner_node
[0.784s] [ 40%] Built target kdl_utils
[0.786s] [ 46%] Built target live_upper_dynamics_node
[0.794s] Consolidate compiler generated dependencies of target wbc_hqp_v3
[0.794s] Consolidate compiler generated dependencies of target wbc_hqp_v2
[0.795s] Consolidate compiler generated dependencies of target base_arm_task_controller
[0.795s] Consolidate compiler generated dependencies of target base_arm_task_controller_v2
[0.795s] Consolidate compiler generated dependencies of target wbc_hqp
[0.798s] Consolidate compiler generated dependencies of target base_opt_controller
[0.798s] Consolidate compiler generated dependencies of target base_arm_task_controller_full
[0.803s] [ 53%] Built target wbc_hqp_v2
[0.803s] [ 62%] Built target base_arm_task_controller
[0.803s] [ 65%] Built target base_arm_task_controller_v2
[0.804s] [ 71%] Built target wbc_hqp_v3
[0.804s] [ 78%] Built target wbc_hqp
[0.808s] [ 87%] Built target base_arm_task_controller_full
[0.808s] [ 90%] Built target base_opt_controller
[0.808s] Consolidate compiler generated dependencies of target pin_test
[0.823s] [ 96%] Built target pin_test
[3.792s] In file included from /opt/openrobots/include/hpp/fcl/config.hh:1,
[3.792s]                  from /opt/openrobots/include/pinocchio/serialization/eigen.hpp:20,
[3.792s]                  from /opt/openrobots/include/pinocchio/serialization/fwd.hpp:11,
[3.792s]                  from /opt/openrobots/include/pinocchio/multibody/joint/joint-composite.hpp:14,
[3.792s]                  from /opt/openrobots/include/pinocchio/multibody/joint/joint-generic.hpp:9,
[3.792s]                  from /opt/openrobots/include/pinocchio/multibody/model.hpp:17,
[3.792s]                  from /opt/openrobots/include/pinocchio/parsers/urdf.hpp:9,
[3.792s]                  from /home/jin/harco/ecvt2_ws/ecvt2_controller/src/vp_sto_global_planner_full_node.cpp:7:
[3.792s] /opt/openrobots/include/hpp/fcl/coal.hpp:12:99: note: ‘#pragma message: Please update your includes from 'hpp/fcl' to 'coal' or define COAL_DISABLE_HPP_FCL_WARNINGS’
[3.792s]    12 |     "Please update your includes from 'hpp/fcl' to 'coal' or define COAL_DISABLE_HPP_FCL_WARNINGS")
[3.792s]       |                                                                                                   ^
[36.113s] [100%] Linking CXX executable vp_sto_global_planner_full_node
[37.450s] [100%] Built target vp_sto_global_planner_full_node
[37.458s] Invoked command in '/home/jin/harco/ecvt2_ws/build/ecvt2_controller' returned '0': CMAKE_PREFIX_PATH=/home/jin/harco/ecvt2_ws/install/ifopt:/opt/ros/humble LD_LIBRARY_PATH=/home/jin/harco/ecvt2_ws/install/ifopt/lib:${LD_LIBRARY_PATH} PKG_CONFIG_PATH=/home/jin/harco/ecvt2_ws/install/ifopt/lib/x86_64-linux-gnu/pkgconfig:/home/jin/harco/ecvt2_ws/install/ifopt/lib/pkgconfig /usr/bin/cmake --build /home/jin/harco/ecvt2_ws/build/ecvt2_controller -- -j20 -l20
[37.465s] Invoking command in '/home/jin/harco/ecvt2_ws/build/ecvt2_controller': CMAKE_PREFIX_PATH=/home/jin/harco/ecvt2_ws/install/ifopt:/opt/ros/humble LD_LIBRARY_PATH=/home/jin/harco/ecvt2_ws/install/ifopt/lib:${LD_LIBRARY_PATH} PKG_CONFIG_PATH=/home/jin/harco/ecvt2_ws/install/ifopt/lib/x86_64-linux-gnu/pkgconfig:/home/jin/harco/ecvt2_ws/install/ifopt/lib/pkgconfig /usr/bin/cmake --install /home/jin/harco/ecvt2_ws/build/ecvt2_controller
[37.470s] -- Install configuration: ""
[37.470s] -- Execute custom install script
[37.470s] -- Up-to-date symlink: /home/jin/harco/ecvt2_ws/install/ecvt2_controller/lib/ecvt2_controller/teleop_goal_publisher
[37.470s] -- Up-to-date symlink: /home/jin/harco/ecvt2_ws/install/ecvt2_controller/lib/ecvt2_controller/live_upper_dynamics_node
[37.471s] -- Up-to-date symlink: /home/jin/harco/ecvt2_ws/install/ecvt2_controller/lib/ecvt2_controller/vp_sto_global_planner_node
[37.471s] -- Up-to-date symlink: /home/jin/harco/ecvt2_ws/install/ecvt2_controller/lib/ecvt2_controller/vp_sto_global_planner_full_node
[37.471s] -- Up-to-date symlink: /home/jin/harco/ecvt2_ws/install/ecvt2_controller/lib/ecvt2_controller/vp_sto_paper_global_planner_node
[37.471s] -- Up-to-date symlink: /home/jin/harco/ecvt2_ws/install/ecvt2_controller/include/ecvt2_controller/kdl_utils.hpp
[37.471s] -- Up-to-date symlink: /home/jin/harco/ecvt2_ws/install/ecvt2_controller/include/ecvt2_controller/wbc_hqp_lib.hpp
[37.471s] -- Up-to-date symlink: /home/jin/harco/ecvt2_ws/install/ecvt2_controller/lib/libkdl_utils.a
[37.471s] -- Up-to-date symlink: /home/jin/harco/ecvt2_ws/install/ecvt2_controller/lib/libwbc_hqp_lib.a
[37.471s] -- Up-to-date symlink: /home/jin/harco/ecvt2_ws/install/ecvt2_controller/lib/ecvt2_controller/base_opt_controller
[37.471s] -- Up-to-date symlink: /home/jin/harco/ecvt2_ws/install/ecvt2_controller/lib/ecvt2_controller/wbc_hqp
[37.471s] -- Up-to-date symlink: /home/jin/harco/ecvt2_ws/install/ecvt2_controller/lib/ecvt2_controller/wbc_hqp_v2
[37.472s] -- Up-to-date symlink: /home/jin/harco/ecvt2_ws/install/ecvt2_controller/lib/ecvt2_controller/wbc_hqp_v3
[37.472s] -- Up-to-date symlink: /home/jin/harco/ecvt2_ws/install/ecvt2_controller/lib/ecvt2_controller/base_arm_task_controller
[37.472s] -- Up-to-date symlink: /home/jin/harco/ecvt2_ws/install/ecvt2_controller/lib/ecvt2_controller/base_arm_task_controller_v2
[37.472s] -- Up-to-date symlink: /home/jin/harco/ecvt2_ws/install/ecvt2_controller/lib/ecvt2_controller/base_arm_task_controller_full
[37.472s] -- Up-to-date symlink: /home/jin/harco/ecvt2_ws/install/ecvt2_controller/lib/ecvt2_controller/teleop_goal_publisher
[37.472s] -- Up-to-date symlink: /home/jin/harco/ecvt2_ws/install/ecvt2_controller/lib/ecvt2_controller/com_trajectory_publisher
[37.472s] -- Up-to-date symlink: /home/jin/harco/ecvt2_ws/install/ecvt2_controller/lib/ecvt2_controller/pin_test
[37.472s] -- Up-to-date symlink: /home/jin/harco/ecvt2_ws/install/ecvt2_controller/share/ament_index/resource_index/package_run_dependencies/ecvt2_controller
[37.472s] -- Up-to-date symlink: /home/jin/harco/ecvt2_ws/install/ecvt2_controller/share/ament_index/resource_index/parent_prefix_path/ecvt2_controller
[37.472s] -- Up-to-date symlink: /home/jin/harco/ecvt2_ws/install/ecvt2_controller/share/ecvt2_controller/environment/ament_prefix_path.sh
[37.472s] -- Up-to-date symlink: /home/jin/harco/ecvt2_ws/install/ecvt2_controller/share/ecvt2_controller/environment/ament_prefix_path.dsv
[37.472s] -- Up-to-date symlink: /home/jin/harco/ecvt2_ws/install/ecvt2_controller/share/ecvt2_controller/environment/path.sh
[37.472s] -- Up-to-date symlink: /home/jin/harco/ecvt2_ws/install/ecvt2_controller/share/ecvt2_controller/environment/path.dsv
[37.473s] -- Up-to-date symlink: /home/jin/harco/ecvt2_ws/install/ecvt2_controller/share/ecvt2_controller/local_setup.bash
[37.473s] -- Up-to-date symlink: /home/jin/harco/ecvt2_ws/install/ecvt2_controller/share/ecvt2_controller/local_setup.sh
[37.473s] -- Up-to-date symlink: /home/jin/harco/ecvt2_ws/install/ecvt2_controller/share/ecvt2_controller/local_setup.zsh
[37.473s] -- Up-to-date symlink: /home/jin/harco/ecvt2_ws/install/ecvt2_controller/share/ecvt2_controller/local_setup.dsv
[37.473s] -- Symlinking: /home/jin/harco/ecvt2_ws/install/ecvt2_controller/share/ecvt2_controller/package.dsv
[37.477s] -- Up-to-date symlink: /home/jin/harco/ecvt2_ws/install/ecvt2_controller/share/ament_index/resource_index/packages/ecvt2_controller
[37.477s] -- Up-to-date symlink: /home/jin/harco/ecvt2_ws/install/ecvt2_controller/share/ecvt2_controller/cmake/ecvt2_controllerConfig.cmake
[37.477s] -- Up-to-date symlink: /home/jin/harco/ecvt2_ws/install/ecvt2_controller/share/ecvt2_controller/cmake/ecvt2_controllerConfig-version.cmake
[37.478s] -- Up-to-date symlink: /home/jin/harco/ecvt2_ws/install/ecvt2_controller/share/ecvt2_controller/package.xml
[37.479s] Invoked command in '/home/jin/harco/ecvt2_ws/build/ecvt2_controller' returned '0': CMAKE_PREFIX_PATH=/home/jin/harco/ecvt2_ws/install/ifopt:/opt/ros/humble LD_LIBRARY_PATH=/home/jin/harco/ecvt2_ws/install/ifopt/lib:${LD_LIBRARY_PATH} PKG_CONFIG_PATH=/home/jin/harco/ecvt2_ws/install/ifopt/lib/x86_64-linux-gnu/pkgconfig:/home/jin/harco/ecvt2_ws/install/ifopt/lib/pkgconfig /usr/bin/cmake --install /home/jin/harco/ecvt2_ws/build/ecvt2_controller
