[0.415s] Invoking command in '/home/jin/harco/ecvt2_ws/build/ecvt2_sim': PYTHONPATH=/home/jin/harco/ecvt2_ws/build/ecvt2_sim/prefix_override:/usr/lib/python3/dist-packages/colcon_core/task/python/colcon_distutils_commands:/home/jin/harco/ecvt2_ws/install/ecvt2_sim/lib/python3.10/site-packages:${PYTHONPATH} /usr/bin/python3 -W ignore:setup.py install is deprecated -W ignore:easy_install command is deprecated setup.py develop --editable --build-directory /home/jin/harco/ecvt2_ws/build/ecvt2_sim/build --no-deps symlink_data
[0.591s] running develop
[0.705s] running egg_info
[0.713s] writing ecvt2_sim.egg-info/PKG-INFO
[0.714s] writing dependency_links to ecvt2_sim.egg-info/dependency_links.txt
[0.714s] writing entry points to ecvt2_sim.egg-info/entry_points.txt
[0.714s] writing requirements to ecvt2_sim.egg-info/requires.txt
[0.714s] writing top-level names to ecvt2_sim.egg-info/top_level.txt
[0.731s] reading manifest file 'ecvt2_sim.egg-info/SOURCES.txt'
[0.732s] writing manifest file 'ecvt2_sim.egg-info/SOURCES.txt'
[0.768s] running build_ext
[0.768s] Creating /home/jin/harco/ecvt2_ws/install/ecvt2_sim/lib/python3.10/site-packages/ecvt2-sim.egg-link (link to .)
[0.769s] Installing robot_node script to /home/jin/harco/ecvt2_ws/install/ecvt2_sim/lib/ecvt2_sim
[0.769s] Installing sin_velocity_publisher script to /home/jin/harco/ecvt2_ws/install/ecvt2_sim/lib/ecvt2_sim
[0.769s] Installing test_robot_node script to /home/jin/harco/ecvt2_ws/install/ecvt2_sim/lib/ecvt2_sim
[0.769s] Installing upper_node script to /home/jin/harco/ecvt2_ws/install/ecvt2_sim/lib/ecvt2_sim
[0.769s] 
[0.769s] Installed /home/jin/harco/ecvt2_ws/build/ecvt2_sim
[0.769s] running symlink_data
[0.770s] symbolically linking /home/jin/harco/ecvt2_ws/build/ecvt2_sim/launch/test_upper_bringup.launch.py -> /home/jin/harco/ecvt2_ws/install/ecvt2_sim/share/ecvt2_sim/launch
[0.790s] Invoked command in '/home/jin/harco/ecvt2_ws/build/ecvt2_sim' returned '0': PYTHONPATH=/home/jin/harco/ecvt2_ws/build/ecvt2_sim/prefix_override:/usr/lib/python3/dist-packages/colcon_core/task/python/colcon_distutils_commands:/home/jin/harco/ecvt2_ws/install/ecvt2_sim/lib/python3.10/site-packages:${PYTHONPATH} /usr/bin/python3 -W ignore:setup.py install is deprecated -W ignore:easy_install command is deprecated setup.py develop --editable --build-directory /home/jin/harco/ecvt2_ws/build/ecvt2_sim/build --no-deps symlink_data
