[0.006s] Invoking command in '/home/jin/harco/ecvt2_ws/build/ecvt2_controller': CMAKE_PREFIX_PATH=${CMAKE_PREFIX_PATH}:/home/jin/harco/ecvt2_ws/install/ecvt2_sim:/opt/ros/humble /usr/bin/cmake --build /home/jin/harco/ecvt2_ws/build/ecvt2_controller -- -j20 -l20
[0.039s] [  6%] Built target wbc_hqp_lib
[0.040s] [ 12%] Built target com_trajectory_publisher
[0.041s] [ 18%] Built target teleop_goal_publisher
[0.042s] [35m[1mConsolidate compiler generated dependencies of target vp_sto_global_planner_full_node[0m
[0.048s] [ 31%] Built target kdl_utils
[0.048s] [ 31%] Built target live_upper_dynamics_node
[0.049s] [ 37%] Built target vp_sto_global_planner_node
[0.055s] [ 43%] Built target vp_sto_paper_global_planner_node
[0.065s] [ 59%] Built target base_opt_controller
[0.065s] [ 59%] Built target wbc_hqp_v3
[0.065s] [ 62%] Built target base_arm_task_controller_full
[0.066s] [ 68%] Built target wbc_hqp_v2
[0.066s] [ 75%] Built target base_arm_task_controller_v2
[0.066s] [ 81%] Built target base_arm_task_controller
[0.066s] [ 84%] [32mBuilding CXX object CMakeFiles/vp_sto_global_planner_full_node.dir/src/vp_sto_global_planner_full_node.cpp.o[0m
[0.068s] [ 90%] Built target wbc_hqp
[0.075s] [ 96%] Built target pin_test
[3.055s] In file included from [01m[K/opt/openrobots/include/hpp/fcl/config.hh:1[m[K,
[3.055s]                  from [01m[K/opt/openrobots/include/pinocchio/serialization/eigen.hpp:20[m[K,
[3.055s]                  from [01m[K/opt/openrobots/include/pinocchio/serialization/fwd.hpp:11[m[K,
[3.055s]                  from [01m[K/opt/openrobots/include/pinocchio/multibody/joint/joint-composite.hpp:14[m[K,
[3.055s]                  from [01m[K/opt/openrobots/include/pinocchio/multibody/joint/joint-generic.hpp:9[m[K,
[3.055s]                  from [01m[K/opt/openrobots/include/pinocchio/multibody/model.hpp:17[m[K,
[3.055s]                  from [01m[K/opt/openrobots/include/pinocchio/parsers/urdf.hpp:9[m[K,
[3.055s]                  from [01m[K/home/jin/harco/ecvt2_ws/ecvt2_controller/src/vp_sto_global_planner_full_node.cpp:7[m[K:
[3.055s] [01m[K/opt/openrobots/include/hpp/fcl/coal.hpp:12:99:[m[K [01;36m[Knote: [m[K‘[01m[K#pragma message: Please update your includes from 'hpp/fcl' to 'coal' or define COAL_DISABLE_HPP_FCL_WARNINGS[m[K’
[3.055s]    12 |     "Please update your includes from 'hpp/fcl' to 'coal' or define COAL_DISABLE_HPP_FCL_WARNINGS"[01;36m[K)[m[K
[3.055s]       |                                                                                                   [01;36m[K^[m[K
[4.834s] [01m[K/home/jin/harco/ecvt2_ws/ecvt2_controller/src/vp_sto_global_planner_full_node.cpp:[m[K In member function ‘[01m[Kvirtual ifopt::Component::VecBound vpsto::FootContactConstraint::GetBounds() const[m[K’:
[4.835s] [01m[K/home/jin/harco/ecvt2_ws/ecvt2_controller/src/vp_sto_global_planner_full_node.cpp:1477:18:[m[K [01;31m[Kerror: [m[K‘[01m[KBound[m[K’ is not a member of ‘[01m[Kifopt[m[K’; did you mean ‘[01m[KBounds[m[K’?
[4.835s]  1477 |       b = ifopt::[01;31m[KBound[m[K(0.0, 0.0);
[4.835s]       |                  [01;31m[K^~~~~[m[K
[4.835s]       |                  [32m[KBounds[m[K
[23.690s] gmake[2]: *** [CMakeFiles/vp_sto_global_planner_full_node.dir/build.make:76: CMakeFiles/vp_sto_global_planner_full_node.dir/src/vp_sto_global_planner_full_node.cpp.o] Error 1
[23.690s] gmake[1]: *** [CMakeFiles/Makefile2:535: CMakeFiles/vp_sto_global_planner_full_node.dir/all] Error 2
[23.690s] gmake: *** [Makefile:146: all] Error 2
[23.691s] Invoked command in '/home/jin/harco/ecvt2_ws/build/ecvt2_controller' returned '2': CMAKE_PREFIX_PATH=${CMAKE_PREFIX_PATH}:/home/jin/harco/ecvt2_ws/install/ecvt2_sim:/opt/ros/humble /usr/bin/cmake --build /home/jin/harco/ecvt2_ws/build/ecvt2_controller -- -j20 -l20
