[1.259s] Invoking command in '/home/jin/harco/ecvt2_ws/build/ecvt2_sim': PYTHONPATH=/home/jin/harco/ecvt2_ws/build/ecvt2_sim/prefix_override:/usr/lib/python3/dist-packages/colcon_core/task/python/colcon_distutils_commands:/home/jin/harco/ecvt2_ws/install/ecvt2_sim/lib/python3.10/site-packages:${PYTHONPATH} /usr/bin/python3 -W ignore:setup.py install is deprecated -W ignore:easy_install command is deprecated setup.py develop --editable --build-directory /home/jin/harco/ecvt2_ws/build/ecvt2_sim/build --no-deps symlink_data --force
[1.590s] running develop
[1.820s] running egg_info
[1.835s] writing ecvt2_sim.egg-info/PKG-INFO
[1.836s] writing dependency_links to ecvt2_sim.egg-info/dependency_links.txt
[1.836s] writing entry points to ecvt2_sim.egg-info/entry_points.txt
[1.836s] writing requirements to ecvt2_sim.egg-info/requires.txt
[1.836s] writing top-level names to ecvt2_sim.egg-info/top_level.txt
[1.870s] reading manifest file 'ecvt2_sim.egg-info/SOURCES.txt'
[1.871s] writing manifest file 'ecvt2_sim.egg-info/SOURCES.txt'
[1.941s] running build_ext
[1.942s] Creating /home/jin/harco/ecvt2_ws/install/ecvt2_sim/lib/python3.10/site-packages/ecvt2-sim.egg-link (link to .)
[1.942s] Installing plot_passive_csv script to /home/jin/harco/ecvt2_ws/install/ecvt2_sim/lib/ecvt2_sim
[1.943s] Installing plot_passive_joints script to /home/jin/harco/ecvt2_ws/install/ecvt2_sim/lib/ecvt2_sim
[1.943s] Installing robot_node script to /home/jin/harco/ecvt2_ws/install/ecvt2_sim/lib/ecvt2_sim
[1.943s] Installing sin_velocity_publisher script to /home/jin/harco/ecvt2_ws/install/ecvt2_sim/lib/ecvt2_sim
[1.943s] Installing test_robot_node script to /home/jin/harco/ecvt2_ws/install/ecvt2_sim/lib/ecvt2_sim
[1.943s] Installing test_upper_node script to /home/jin/harco/ecvt2_ws/install/ecvt2_sim/lib/ecvt2_sim
[1.943s] Installing upper_node script to /home/jin/harco/ecvt2_ws/install/ecvt2_sim/lib/ecvt2_sim
[1.943s] 
[1.944s] Installed /home/jin/harco/ecvt2_ws/build/ecvt2_sim
[1.944s] running symlink_data
[1.944s] symbolically linking /home/jin/harco/ecvt2_ws/build/ecvt2_sim/resource/ecvt2_sim -> /home/jin/harco/ecvt2_ws/install/ecvt2_sim/share/ament_index/resource_index/packages
[1.944s] symbolically linking /home/jin/harco/ecvt2_ws/build/ecvt2_sim/package.xml -> /home/jin/harco/ecvt2_ws/install/ecvt2_sim/share/ecvt2_sim
[1.944s] symbolically linking /home/jin/harco/ecvt2_ws/build/ecvt2_sim/launch/test_upper_bringup.launch.py -> /home/jin/harco/ecvt2_ws/install/ecvt2_sim/share/ecvt2_sim/launch
[1.946s] symbolically linking /home/jin/harco/ecvt2_ws/build/ecvt2_sim/launch/test_full_vp_sto_bringup.launch.py -> /home/jin/harco/ecvt2_ws/install/ecvt2_sim/share/ecvt2_sim/launch
[1.946s] symbolically linking /home/jin/harco/ecvt2_ws/build/ecvt2_sim/launch/test_bringup.launch.py -> /home/jin/harco/ecvt2_ws/install/ecvt2_sim/share/ecvt2_sim/launch
[1.946s] symbolically linking /home/jin/harco/ecvt2_ws/build/ecvt2_sim/launch/bringup.launch.py -> /home/jin/harco/ecvt2_ws/install/ecvt2_sim/share/ecvt2_sim/launch
[1.946s] symbolically linking /home/jin/harco/ecvt2_ws/build/ecvt2_sim/launch/upper_bringup.launch.py -> /home/jin/harco/ecvt2_ws/install/ecvt2_sim/share/ecvt2_sim/launch
[1.946s] symbolically linking /home/jin/harco/ecvt2_ws/build/ecvt2_sim/launch/test_full_wbc_bringup.launch.py -> /home/jin/harco/ecvt2_ws/install/ecvt2_sim/share/ecvt2_sim/launch
[1.946s] symbolically linking /home/jin/harco/ecvt2_ws/build/ecvt2_sim/rviz/ecvt.rviz -> /home/jin/harco/ecvt2_ws/install/ecvt2_sim/share/ecvt2_sim/rviz
[1.946s] symbolically linking /home/jin/harco/ecvt2_ws/build/ecvt2_sim/rviz/base_opt.rviz -> /home/jin/harco/ecvt2_ws/install/ecvt2_sim/share/ecvt2_sim/rviz
[1.989s] Invoked command in '/home/jin/harco/ecvt2_ws/build/ecvt2_sim' returned '0': PYTHONPATH=/home/jin/harco/ecvt2_ws/build/ecvt2_sim/prefix_override:/usr/lib/python3/dist-packages/colcon_core/task/python/colcon_distutils_commands:/home/jin/harco/ecvt2_ws/install/ecvt2_sim/lib/python3.10/site-packages:${PYTHONPATH} /usr/bin/python3 -W ignore:setup.py install is deprecated -W ignore:easy_install command is deprecated setup.py develop --editable --build-directory /home/jin/harco/ecvt2_ws/build/ecvt2_sim/build --no-deps symlink_data --force
