-- The C compiler identification is GNU 11.4.0
-- The CXX compiler identification is GNU 11.4.0
-- Detecting C compiler ABI info
-- Detecting C compiler ABI info - done
-- Check for working C compiler: /usr/bin/cc - skipped
-- Detecting C compile features
-- Detecting C compile features - done
-- Detecting CXX compiler ABI info
-- Detecting CXX compiler ABI info - done
-- Check for working CXX compiler: /usr/bin/c++ - skipped
-- Detecting CXX compile features
-- Detecting CXX compile features - done
-- Found ament_cmake: 1.3.12 (/opt/ros/humble/share/ament_cmake/cmake)
-- Found Python3: /usr/bin/python3 (found version "3.10.12") found components: Interpreter 
-- Override CMake install command with custom implementation using symlinks instead of copying resources
-- Found ament_lint_auto: 0.12.14 (/opt/ros/humble/share/ament_lint_auto/cmake)
-- Added test 'lint_cmake' to check CMake code style
-- Added test 'xmllint' to check XML markup files
-- Configuring done
-- Generating done
-- Build files have been written to: /home/jin/harco/ecvt2_ws/build/forestry_robot_mjcf
-- Install configuration: ""
-- Execute custom install script
-- Symlinking: /home/jin/harco/ecvt2_ws/install/forestry_robot_mjcf/share/forestry_robot_mjcf//asset/FL1.STL
-- Symlinking: /home/jin/harco/ecvt2_ws/install/forestry_robot_mjcf/share/forestry_robot_mjcf//asset/FL2.STL
-- Symlinking: /home/jin/harco/ecvt2_ws/install/forestry_robot_mjcf/share/forestry_robot_mjcf//asset/FL3.STL
-- Symlinking: /home/jin/harco/ecvt2_ws/install/forestry_robot_mjcf/share/forestry_robot_mjcf//asset/FL4.STL
-- Symlinking: /home/jin/harco/ecvt2_ws/install/forestry_robot_mjcf/share/forestry_robot_mjcf//asset/FL5.STL
-- Symlinking: /home/jin/harco/ecvt2_ws/install/forestry_robot_mjcf/share/forestry_robot_mjcf//asset/FLD02.STL
-- Symlinking: /home/jin/harco/ecvt2_ws/install/forestry_robot_mjcf/share/forestry_robot_mjcf//asset/FLD1.STL
-- Symlinking: /home/jin/harco/ecvt2_ws/install/forestry_robot_mjcf/share/forestry_robot_mjcf//asset/FLD12.STL
-- Symlinking: /home/jin/harco/ecvt2_ws/install/forestry_robot_mjcf/share/forestry_robot_mjcf//asset/FLD2.STL
-- Symlinking: /home/jin/harco/ecvt2_ws/install/forestry_robot_mjcf/share/forestry_robot_mjcf//asset/FLD4.STL
-- Symlinking: /home/jin/harco/ecvt2_ws/install/forestry_robot_mjcf/share/forestry_robot_mjcf//asset/FLW.STL
-- Symlinking: /home/jin/harco/ecvt2_ws/install/forestry_robot_mjcf/share/forestry_robot_mjcf//asset/FR1.STL
-- Symlinking: /home/jin/harco/ecvt2_ws/install/forestry_robot_mjcf/share/forestry_robot_mjcf//asset/FR2.STL
-- Symlinking: /home/jin/harco/ecvt2_ws/install/forestry_robot_mjcf/share/forestry_robot_mjcf//asset/FR3.STL
-- Symlinking: /home/jin/harco/ecvt2_ws/install/forestry_robot_mjcf/share/forestry_robot_mjcf//asset/FR4.STL
-- Symlinking: /home/jin/harco/ecvt2_ws/install/forestry_robot_mjcf/share/forestry_robot_mjcf//asset/FR5.STL
-- Symlinking: /home/jin/harco/ecvt2_ws/install/forestry_robot_mjcf/share/forestry_robot_mjcf//asset/FRD02.STL
-- Symlinking: /home/jin/harco/ecvt2_ws/install/forestry_robot_mjcf/share/forestry_robot_mjcf//asset/FRD1.STL
-- Symlinking: /home/jin/harco/ecvt2_ws/install/forestry_robot_mjcf/share/forestry_robot_mjcf//asset/FRD12.STL
-- Symlinking: /home/jin/harco/ecvt2_ws/install/forestry_robot_mjcf/share/forestry_robot_mjcf//asset/FRD2.STL
-- Symlinking: /home/jin/harco/ecvt2_ws/install/forestry_robot_mjcf/share/forestry_robot_mjcf//asset/FRD4.STL
-- Symlinking: /home/jin/harco/ecvt2_ws/install/forestry_robot_mjcf/share/forestry_robot_mjcf//asset/FRW.STL
-- Symlinking: /home/jin/harco/ecvt2_ws/install/forestry_robot_mjcf/share/forestry_robot_mjcf//asset/RL1.STL
-- Symlinking: /home/jin/harco/ecvt2_ws/install/forestry_robot_mjcf/share/forestry_robot_mjcf//asset/RL2.STL
-- Symlinking: /home/jin/harco/ecvt2_ws/install/forestry_robot_mjcf/share/forestry_robot_mjcf//asset/RL3.STL
-- Symlinking: /home/jin/harco/ecvt2_ws/install/forestry_robot_mjcf/share/forestry_robot_mjcf//asset/RL4.STL
-- Symlinking: /home/jin/harco/ecvt2_ws/install/forestry_robot_mjcf/share/forestry_robot_mjcf//asset/RL5.STL
-- Symlinking: /home/jin/harco/ecvt2_ws/install/forestry_robot_mjcf/share/forestry_robot_mjcf//asset/RLD02.STL
-- Symlinking: /home/jin/harco/ecvt2_ws/install/forestry_robot_mjcf/share/forestry_robot_mjcf//asset/RLD1.STL
-- Symlinking: /home/jin/harco/ecvt2_ws/install/forestry_robot_mjcf/share/forestry_robot_mjcf//asset/RLD12.STL
-- Symlinking: /home/jin/harco/ecvt2_ws/install/forestry_robot_mjcf/share/forestry_robot_mjcf//asset/RLD2.STL
-- Symlinking: /home/jin/harco/ecvt2_ws/install/forestry_robot_mjcf/share/forestry_robot_mjcf//asset/RLD4.STL
-- Symlinking: /home/jin/harco/ecvt2_ws/install/forestry_robot_mjcf/share/forestry_robot_mjcf//asset/RLW.STL
-- Symlinking: /home/jin/harco/ecvt2_ws/install/forestry_robot_mjcf/share/forestry_robot_mjcf//asset/RR1.STL
-- Symlinking: /home/jin/harco/ecvt2_ws/install/forestry_robot_mjcf/share/forestry_robot_mjcf//asset/RR2.STL
-- Symlinking: /home/jin/harco/ecvt2_ws/install/forestry_robot_mjcf/share/forestry_robot_mjcf//asset/RR3.STL
-- Symlinking: /home/jin/harco/ecvt2_ws/install/forestry_robot_mjcf/share/forestry_robot_mjcf//asset/RR4.STL
-- Symlinking: /home/jin/harco/ecvt2_ws/install/forestry_robot_mjcf/share/forestry_robot_mjcf//asset/RR5.STL
-- Symlinking: /home/jin/harco/ecvt2_ws/install/forestry_robot_mjcf/share/forestry_robot_mjcf//asset/RRD02.STL
-- Symlinking: /home/jin/harco/ecvt2_ws/install/forestry_robot_mjcf/share/forestry_robot_mjcf//asset/RRD1.STL
-- Symlinking: /home/jin/harco/ecvt2_ws/install/forestry_robot_mjcf/share/forestry_robot_mjcf//asset/RRD12.STL
-- Symlinking: /home/jin/harco/ecvt2_ws/install/forestry_robot_mjcf/share/forestry_robot_mjcf//asset/RRD2.STL
-- Symlinking: /home/jin/harco/ecvt2_ws/install/forestry_robot_mjcf/share/forestry_robot_mjcf//asset/RRD4.STL
-- Symlinking: /home/jin/harco/ecvt2_ws/install/forestry_robot_mjcf/share/forestry_robot_mjcf//asset/RRW.STL
-- Symlinking: /home/jin/harco/ecvt2_ws/install/forestry_robot_mjcf/share/forestry_robot_mjcf//asset/TOOL1.STL
-- Symlinking: /home/jin/harco/ecvt2_ws/install/forestry_robot_mjcf/share/forestry_robot_mjcf//asset/UP1.STL
-- Symlinking: /home/jin/harco/ecvt2_ws/install/forestry_robot_mjcf/share/forestry_robot_mjcf//asset/UP2.STL
-- Symlinking: /home/jin/harco/ecvt2_ws/install/forestry_robot_mjcf/share/forestry_robot_mjcf//asset/UP3.STL
-- Symlinking: /home/jin/harco/ecvt2_ws/install/forestry_robot_mjcf/share/forestry_robot_mjcf//asset/UP4.STL
-- Symlinking: /home/jin/harco/ecvt2_ws/install/forestry_robot_mjcf/share/forestry_robot_mjcf//asset/UP5.STL
-- Symlinking: /home/jin/harco/ecvt2_ws/install/forestry_robot_mjcf/share/forestry_robot_mjcf//asset/UP6.STL
-- Symlinking: /home/jin/harco/ecvt2_ws/install/forestry_robot_mjcf/share/forestry_robot_mjcf//asset/base_link.STL
-- Symlinking: /home/jin/harco/ecvt2_ws/install/forestry_robot_mjcf/share/forestry_robot_mjcf//xml/ecvt_v2.urdf
-- Symlinking: /home/jin/harco/ecvt2_ws/install/forestry_robot_mjcf/share/forestry_robot_mjcf//xml/ecvt_v2.xml
-- Symlinking: /home/jin/harco/ecvt2_ws/install/forestry_robot_mjcf/share/forestry_robot_mjcf//xml/ecvt_v2_simplify.urdf
-- Symlinking: /home/jin/harco/ecvt2_ws/install/forestry_robot_mjcf/share/forestry_robot_mjcf//xml/ecvt_v2_upper.urdf
-- Symlinking: /home/jin/harco/ecvt2_ws/install/forestry_robot_mjcf/share/forestry_robot_mjcf//xml/ecvt_v2_upper.xml
-- Symlinking: /home/jin/harco/ecvt2_ws/install/forestry_robot_mjcf/share/forestry_robot_mjcf//xml/scene.xml
-- Symlinking: /home/jin/harco/ecvt2_ws/install/forestry_robot_mjcf/share/forestry_robot_mjcf//xml/scene2.xml
-- Symlinking: /home/jin/harco/ecvt2_ws/install/forestry_robot_mjcf/share/forestry_robot_mjcf//xml/scene2_upper.xml
-- Symlinking: /home/jin/harco/ecvt2_ws/install/forestry_robot_mjcf/share/forestry_robot_mjcf//xml/simple_model_for_urdf.SLDASM_back.urdf
-- Symlinking: /home/jin/harco/ecvt2_ws/install/forestry_robot_mjcf/share/forestry_robot_mjcf//xml/test_scene.xml
-- Symlinking: /home/jin/harco/ecvt2_ws/install/forestry_robot_mjcf/share/forestry_robot_mjcf//xml/tire_test.xml
-- Symlinking: /home/jin/harco/ecvt2_ws/install/forestry_robot_mjcf/share/forestry_robot_mjcf/resource/forestry_robot_mjcf
-- Symlinking: /home/jin/harco/ecvt2_ws/install/forestry_robot_mjcf/share/ament_index/resource_index/package_run_dependencies/forestry_robot_mjcf
-- Symlinking: /home/jin/harco/ecvt2_ws/install/forestry_robot_mjcf/share/ament_index/resource_index/parent_prefix_path/forestry_robot_mjcf
-- Symlinking: /home/jin/harco/ecvt2_ws/install/forestry_robot_mjcf/share/forestry_robot_mjcf/environment/ament_prefix_path.sh
-- Symlinking: /home/jin/harco/ecvt2_ws/install/forestry_robot_mjcf/share/forestry_robot_mjcf/environment/ament_prefix_path.dsv
-- Symlinking: /home/jin/harco/ecvt2_ws/install/forestry_robot_mjcf/share/forestry_robot_mjcf/environment/path.sh
-- Symlinking: /home/jin/harco/ecvt2_ws/install/forestry_robot_mjcf/share/forestry_robot_mjcf/environment/path.dsv
-- Symlinking: /home/jin/harco/ecvt2_ws/install/forestry_robot_mjcf/share/forestry_robot_mjcf/local_setup.bash
-- Symlinking: /home/jin/harco/ecvt2_ws/install/forestry_robot_mjcf/share/forestry_robot_mjcf/local_setup.sh
-- Symlinking: /home/jin/harco/ecvt2_ws/install/forestry_robot_mjcf/share/forestry_robot_mjcf/local_setup.zsh
-- Symlinking: /home/jin/harco/ecvt2_ws/install/forestry_robot_mjcf/share/forestry_robot_mjcf/local_setup.dsv
-- Symlinking: /home/jin/harco/ecvt2_ws/install/forestry_robot_mjcf/share/forestry_robot_mjcf/package.dsv
-- Symlinking: /home/jin/harco/ecvt2_ws/install/forestry_robot_mjcf/share/ament_index/resource_index/packages/forestry_robot_mjcf
-- Symlinking: /home/jin/harco/ecvt2_ws/install/forestry_robot_mjcf/share/forestry_robot_mjcf/cmake/forestry_robot_mjcfConfig.cmake
-- Symlinking: /home/jin/harco/ecvt2_ws/install/forestry_robot_mjcf/share/forestry_robot_mjcf/cmake/forestry_robot_mjcfConfig-version.cmake
-- Symlinking: /home/jin/harco/ecvt2_ws/install/forestry_robot_mjcf/share/forestry_robot_mjcf/package.xml
