[0.120s] Invoking command in '/home/jin/harco/ecvt2_ws/build/forestry_robot_mjcf': CMAKE_PREFIX_PATH=/opt/ros/humble /usr/bin/cmake /home/jin/harco/ecvt2_ws/forestry_robot_mjcf -DAMENT_CMAKE_SYMLINK_INSTALL=1 -DCMAKE_INSTALL_PREFIX=/home/jin/harco/ecvt2_ws/install/forestry_robot_mjcf
[0.150s] -- The C compiler identification is GNU 11.4.0
[0.181s] -- The CXX compiler identification is GNU 11.4.0
[0.185s] -- Detecting C compiler ABI info
[0.229s] -- Detecting C compiler ABI info - done
[0.233s] -- Check for working C compiler: /usr/bin/cc - skipped
[0.233s] -- Detecting C compile features
[0.233s] -- Detecting C compile features - done
[0.235s] -- Detecting CXX compiler ABI info
[0.284s] -- Detecting CXX compiler ABI info - done
[0.289s] -- Check for working CXX compiler: /usr/bin/c++ - skipped
[0.289s] -- Detecting CXX compile features
[0.289s] -- Detecting CXX compile features - done
[0.290s] -- Found ament_cmake: 1.3.12 (/opt/ros/humble/share/ament_cmake/cmake)
[0.513s] -- Found Python3: /usr/bin/python3 (found version "3.10.12") found components: Interpreter 
[0.554s] -- Override CMake install command with custom implementation using symlinks instead of copying resources
[0.564s] -- Found ament_lint_auto: 0.12.14 (/opt/ros/humble/share/ament_lint_auto/cmake)
[0.622s] -- Added test 'lint_cmake' to check CMake code style
[0.624s] -- Added test 'xmllint' to check XML markup files
[0.625s] -- Configuring done
[0.626s] -- Generating done
[0.627s] -- Build files have been written to: /home/jin/harco/ecvt2_ws/build/forestry_robot_mjcf
[0.629s] Invoked command in '/home/jin/harco/ecvt2_ws/build/forestry_robot_mjcf' returned '0': CMAKE_PREFIX_PATH=/opt/ros/humble /usr/bin/cmake /home/jin/harco/ecvt2_ws/forestry_robot_mjcf -DAMENT_CMAKE_SYMLINK_INSTALL=1 -DCMAKE_INSTALL_PREFIX=/home/jin/harco/ecvt2_ws/install/forestry_robot_mjcf
[0.630s] Invoking command in '/home/jin/harco/ecvt2_ws/build/forestry_robot_mjcf': CMAKE_PREFIX_PATH=/opt/ros/humble /usr/bin/cmake --build /home/jin/harco/ecvt2_ws/build/forestry_robot_mjcf -- -j20 -l20
[0.653s] Invoked command in '/home/jin/harco/ecvt2_ws/build/forestry_robot_mjcf' returned '0': CMAKE_PREFIX_PATH=/opt/ros/humble /usr/bin/cmake --build /home/jin/harco/ecvt2_ws/build/forestry_robot_mjcf -- -j20 -l20
[0.658s] Invoking command in '/home/jin/harco/ecvt2_ws/build/forestry_robot_mjcf': CMAKE_PREFIX_PATH=/opt/ros/humble /usr/bin/cmake --install /home/jin/harco/ecvt2_ws/build/forestry_robot_mjcf
[0.661s] -- Install configuration: ""
[0.661s] -- Execute custom install script
[0.662s] -- Symlinking: /home/jin/harco/ecvt2_ws/install/forestry_robot_mjcf/share/forestry_robot_mjcf//asset/FL1.STL
[0.666s] -- Symlinking: /home/jin/harco/ecvt2_ws/install/forestry_robot_mjcf/share/forestry_robot_mjcf//asset/FL2.STL
[0.672s] -- Symlinking: /home/jin/harco/ecvt2_ws/install/forestry_robot_mjcf/share/forestry_robot_mjcf//asset/FL3.STL
[0.676s] -- Symlinking: /home/jin/harco/ecvt2_ws/install/forestry_robot_mjcf/share/forestry_robot_mjcf//asset/FL4.STL
[0.681s] -- Symlinking: /home/jin/harco/ecvt2_ws/install/forestry_robot_mjcf/share/forestry_robot_mjcf//asset/FL5.STL
[0.688s] -- Symlinking: /home/jin/harco/ecvt2_ws/install/forestry_robot_mjcf/share/forestry_robot_mjcf//asset/FLD02.STL
[0.694s] -- Symlinking: /home/jin/harco/ecvt2_ws/install/forestry_robot_mjcf/share/forestry_robot_mjcf//asset/FLD1.STL
[0.698s] -- Symlinking: /home/jin/harco/ecvt2_ws/install/forestry_robot_mjcf/share/forestry_robot_mjcf//asset/FLD12.STL
[0.702s] -- Symlinking: /home/jin/harco/ecvt2_ws/install/forestry_robot_mjcf/share/forestry_robot_mjcf//asset/FLD2.STL
[0.706s] -- Symlinking: /home/jin/harco/ecvt2_ws/install/forestry_robot_mjcf/share/forestry_robot_mjcf//asset/FLD4.STL
[0.712s] -- Symlinking: /home/jin/harco/ecvt2_ws/install/forestry_robot_mjcf/share/forestry_robot_mjcf//asset/FLW.STL
[0.716s] -- Symlinking: /home/jin/harco/ecvt2_ws/install/forestry_robot_mjcf/share/forestry_robot_mjcf//asset/FR1.STL
[0.720s] -- Symlinking: /home/jin/harco/ecvt2_ws/install/forestry_robot_mjcf/share/forestry_robot_mjcf//asset/FR2.STL
[0.725s] -- Symlinking: /home/jin/harco/ecvt2_ws/install/forestry_robot_mjcf/share/forestry_robot_mjcf//asset/FR3.STL
[0.731s] -- Symlinking: /home/jin/harco/ecvt2_ws/install/forestry_robot_mjcf/share/forestry_robot_mjcf//asset/FR4.STL
[0.736s] -- Symlinking: /home/jin/harco/ecvt2_ws/install/forestry_robot_mjcf/share/forestry_robot_mjcf//asset/FR5.STL
[0.742s] -- Symlinking: /home/jin/harco/ecvt2_ws/install/forestry_robot_mjcf/share/forestry_robot_mjcf//asset/FRD02.STL
[0.747s] -- Symlinking: /home/jin/harco/ecvt2_ws/install/forestry_robot_mjcf/share/forestry_robot_mjcf//asset/FRD1.STL
[0.751s] -- Symlinking: /home/jin/harco/ecvt2_ws/install/forestry_robot_mjcf/share/forestry_robot_mjcf//asset/FRD12.STL
[0.756s] -- Symlinking: /home/jin/harco/ecvt2_ws/install/forestry_robot_mjcf/share/forestry_robot_mjcf//asset/FRD2.STL
[0.760s] -- Symlinking: /home/jin/harco/ecvt2_ws/install/forestry_robot_mjcf/share/forestry_robot_mjcf//asset/FRD4.STL
[0.765s] -- Symlinking: /home/jin/harco/ecvt2_ws/install/forestry_robot_mjcf/share/forestry_robot_mjcf//asset/FRW.STL
[0.769s] -- Symlinking: /home/jin/harco/ecvt2_ws/install/forestry_robot_mjcf/share/forestry_robot_mjcf//asset/RL1.STL
[0.773s] -- Symlinking: /home/jin/harco/ecvt2_ws/install/forestry_robot_mjcf/share/forestry_robot_mjcf//asset/RL2.STL
[0.777s] -- Symlinking: /home/jin/harco/ecvt2_ws/install/forestry_robot_mjcf/share/forestry_robot_mjcf//asset/RL3.STL
[0.782s] -- Symlinking: /home/jin/harco/ecvt2_ws/install/forestry_robot_mjcf/share/forestry_robot_mjcf//asset/RL4.STL
[0.786s] -- Symlinking: /home/jin/harco/ecvt2_ws/install/forestry_robot_mjcf/share/forestry_robot_mjcf//asset/RL5.STL
[0.790s] -- Symlinking: /home/jin/harco/ecvt2_ws/install/forestry_robot_mjcf/share/forestry_robot_mjcf//asset/RLD02.STL
[0.796s] -- Symlinking: /home/jin/harco/ecvt2_ws/install/forestry_robot_mjcf/share/forestry_robot_mjcf//asset/RLD1.STL
[0.799s] -- Symlinking: /home/jin/harco/ecvt2_ws/install/forestry_robot_mjcf/share/forestry_robot_mjcf//asset/RLD12.STL
[0.804s] -- Symlinking: /home/jin/harco/ecvt2_ws/install/forestry_robot_mjcf/share/forestry_robot_mjcf//asset/RLD2.STL
[0.809s] -- Symlinking: /home/jin/harco/ecvt2_ws/install/forestry_robot_mjcf/share/forestry_robot_mjcf//asset/RLD4.STL
[0.813s] -- Symlinking: /home/jin/harco/ecvt2_ws/install/forestry_robot_mjcf/share/forestry_robot_mjcf//asset/RLW.STL
[0.818s] -- Symlinking: /home/jin/harco/ecvt2_ws/install/forestry_robot_mjcf/share/forestry_robot_mjcf//asset/RR1.STL
[0.824s] -- Symlinking: /home/jin/harco/ecvt2_ws/install/forestry_robot_mjcf/share/forestry_robot_mjcf//asset/RR2.STL
[0.829s] -- Symlinking: /home/jin/harco/ecvt2_ws/install/forestry_robot_mjcf/share/forestry_robot_mjcf//asset/RR3.STL
[0.833s] -- Symlinking: /home/jin/harco/ecvt2_ws/install/forestry_robot_mjcf/share/forestry_robot_mjcf//asset/RR4.STL
[0.837s] -- Symlinking: /home/jin/harco/ecvt2_ws/install/forestry_robot_mjcf/share/forestry_robot_mjcf//asset/RR5.STL
[0.842s] -- Symlinking: /home/jin/harco/ecvt2_ws/install/forestry_robot_mjcf/share/forestry_robot_mjcf//asset/RRD02.STL
[0.846s] -- Symlinking: /home/jin/harco/ecvt2_ws/install/forestry_robot_mjcf/share/forestry_robot_mjcf//asset/RRD1.STL
[0.850s] -- Symlinking: /home/jin/harco/ecvt2_ws/install/forestry_robot_mjcf/share/forestry_robot_mjcf//asset/RRD12.STL
[0.854s] -- Symlinking: /home/jin/harco/ecvt2_ws/install/forestry_robot_mjcf/share/forestry_robot_mjcf//asset/RRD2.STL
[0.859s] -- Symlinking: /home/jin/harco/ecvt2_ws/install/forestry_robot_mjcf/share/forestry_robot_mjcf//asset/RRD4.STL
[0.863s] -- Symlinking: /home/jin/harco/ecvt2_ws/install/forestry_robot_mjcf/share/forestry_robot_mjcf//asset/RRW.STL
[0.868s] -- Symlinking: /home/jin/harco/ecvt2_ws/install/forestry_robot_mjcf/share/forestry_robot_mjcf//asset/TOOL1.STL
[0.874s] -- Symlinking: /home/jin/harco/ecvt2_ws/install/forestry_robot_mjcf/share/forestry_robot_mjcf//asset/UP1.STL
[0.878s] -- Symlinking: /home/jin/harco/ecvt2_ws/install/forestry_robot_mjcf/share/forestry_robot_mjcf//asset/UP2.STL
[0.882s] -- Symlinking: /home/jin/harco/ecvt2_ws/install/forestry_robot_mjcf/share/forestry_robot_mjcf//asset/UP3.STL
[0.888s] -- Symlinking: /home/jin/harco/ecvt2_ws/install/forestry_robot_mjcf/share/forestry_robot_mjcf//asset/UP4.STL
[0.892s] -- Symlinking: /home/jin/harco/ecvt2_ws/install/forestry_robot_mjcf/share/forestry_robot_mjcf//asset/UP5.STL
[0.896s] -- Symlinking: /home/jin/harco/ecvt2_ws/install/forestry_robot_mjcf/share/forestry_robot_mjcf//asset/UP6.STL
[0.901s] -- Symlinking: /home/jin/harco/ecvt2_ws/install/forestry_robot_mjcf/share/forestry_robot_mjcf//asset/base_link.STL
[0.906s] -- Symlinking: /home/jin/harco/ecvt2_ws/install/forestry_robot_mjcf/share/forestry_robot_mjcf//xml/ecvt_v2.urdf
[0.910s] -- Symlinking: /home/jin/harco/ecvt2_ws/install/forestry_robot_mjcf/share/forestry_robot_mjcf//xml/ecvt_v2.xml
[0.915s] -- Symlinking: /home/jin/harco/ecvt2_ws/install/forestry_robot_mjcf/share/forestry_robot_mjcf//xml/ecvt_v2_simplify.urdf
[0.922s] -- Symlinking: /home/jin/harco/ecvt2_ws/install/forestry_robot_mjcf/share/forestry_robot_mjcf//xml/ecvt_v2_upper.urdf
[0.926s] -- Symlinking: /home/jin/harco/ecvt2_ws/install/forestry_robot_mjcf/share/forestry_robot_mjcf//xml/ecvt_v2_upper.xml
[0.930s] -- Symlinking: /home/jin/harco/ecvt2_ws/install/forestry_robot_mjcf/share/forestry_robot_mjcf//xml/scene.xml
[0.935s] -- Symlinking: /home/jin/harco/ecvt2_ws/install/forestry_robot_mjcf/share/forestry_robot_mjcf//xml/scene2.xml
[0.940s] -- Symlinking: /home/jin/harco/ecvt2_ws/install/forestry_robot_mjcf/share/forestry_robot_mjcf//xml/scene2_upper.xml
[0.944s] -- Symlinking: /home/jin/harco/ecvt2_ws/install/forestry_robot_mjcf/share/forestry_robot_mjcf//xml/simple_model_for_urdf.SLDASM_back.urdf
[0.948s] -- Symlinking: /home/jin/harco/ecvt2_ws/install/forestry_robot_mjcf/share/forestry_robot_mjcf//xml/test_scene.xml
[0.954s] -- Symlinking: /home/jin/harco/ecvt2_ws/install/forestry_robot_mjcf/share/forestry_robot_mjcf//xml/tire_test.xml
[0.959s] -- Symlinking: /home/jin/harco/ecvt2_ws/install/forestry_robot_mjcf/share/forestry_robot_mjcf/resource/forestry_robot_mjcf
[0.965s] -- Symlinking: /home/jin/harco/ecvt2_ws/install/forestry_robot_mjcf/share/ament_index/resource_index/package_run_dependencies/forestry_robot_mjcf
[0.970s] -- Symlinking: /home/jin/harco/ecvt2_ws/install/forestry_robot_mjcf/share/ament_index/resource_index/parent_prefix_path/forestry_robot_mjcf
[0.974s] -- Symlinking: /home/jin/harco/ecvt2_ws/install/forestry_robot_mjcf/share/forestry_robot_mjcf/environment/ament_prefix_path.sh
[0.979s] -- Symlinking: /home/jin/harco/ecvt2_ws/install/forestry_robot_mjcf/share/forestry_robot_mjcf/environment/ament_prefix_path.dsv
[0.983s] -- Symlinking: /home/jin/harco/ecvt2_ws/install/forestry_robot_mjcf/share/forestry_robot_mjcf/environment/path.sh
[0.988s] -- Symlinking: /home/jin/harco/ecvt2_ws/install/forestry_robot_mjcf/share/forestry_robot_mjcf/environment/path.dsv
[0.992s] -- Symlinking: /home/jin/harco/ecvt2_ws/install/forestry_robot_mjcf/share/forestry_robot_mjcf/local_setup.bash
[0.996s] -- Symlinking: /home/jin/harco/ecvt2_ws/install/forestry_robot_mjcf/share/forestry_robot_mjcf/local_setup.sh
[1.002s] -- Symlinking: /home/jin/harco/ecvt2_ws/install/forestry_robot_mjcf/share/forestry_robot_mjcf/local_setup.zsh
[1.006s] -- Symlinking: /home/jin/harco/ecvt2_ws/install/forestry_robot_mjcf/share/forestry_robot_mjcf/local_setup.dsv
[1.010s] -- Symlinking: /home/jin/harco/ecvt2_ws/install/forestry_robot_mjcf/share/forestry_robot_mjcf/package.dsv
[1.014s] -- Symlinking: /home/jin/harco/ecvt2_ws/install/forestry_robot_mjcf/share/ament_index/resource_index/packages/forestry_robot_mjcf
[1.019s] -- Symlinking: /home/jin/harco/ecvt2_ws/install/forestry_robot_mjcf/share/forestry_robot_mjcf/cmake/forestry_robot_mjcfConfig.cmake
[1.023s] -- Symlinking: /home/jin/harco/ecvt2_ws/install/forestry_robot_mjcf/share/forestry_robot_mjcf/cmake/forestry_robot_mjcfConfig-version.cmake
[1.028s] -- Symlinking: /home/jin/harco/ecvt2_ws/install/forestry_robot_mjcf/share/forestry_robot_mjcf/package.xml
