[0.007s] Invoking command in '/home/jin/harco/ecvt2_ws/build/ecvt2_controller': CMAKE_PREFIX_PATH=/opt/ros/humble /usr/bin/cmake /home/jin/harco/ecvt2_ws/ecvt2_controller -DCMAKE_INSTALL_PREFIX=/home/jin/harco/ecvt2_ws/install/ecvt2_controller
[0.126s] -- Found ament_cmake: 1.3.12 (/opt/ros/humble/share/ament_cmake/cmake)
[0.126s] -- Override CMake install command with custom implementation using symlinks instead of copying resources
[0.126s] -- Found rclcpp: 16.0.16 (/opt/ros/humble/share/rclcpp/cmake)
[0.126s] -- Found rosidl_generator_c: 3.1.7 (/opt/ros/humble/share/rosidl_generator_c/cmake)
[0.127s] -- Found rosidl_adapter: 3.1.7 (/opt/ros/humble/share/rosidl_adapter/cmake)
[0.127s] -- Found rosidl_generator_cpp: 3.1.7 (/opt/ros/humble/share/rosidl_generator_cpp/cmake)
[0.127s] -- Using all available rosidl_typesupport_c: rosidl_typesupport_fastrtps_c;rosidl_typesupport_introspection_c
[0.127s] -- Using all available rosidl_typesupport_cpp: rosidl_typesupport_fastrtps_cpp;rosidl_typesupport_introspection_cpp
[0.143s] -- Found rmw_implementation_cmake: 6.1.2 (/opt/ros/humble/share/rmw_implementation_cmake/cmake)
[0.144s] -- Found rmw_fastrtps_cpp: 6.2.9 (/opt/ros/humble/share/rmw_fastrtps_cpp/cmake)
[0.209s] -- Using RMW implementation 'rmw_fastrtps_cpp' as default
[0.234s] -- Found geometry_msgs: 4.9.0 (/opt/ros/humble/share/geometry_msgs/cmake)
[0.241s] -- Found sensor_msgs: 4.9.0 (/opt/ros/humble/share/sensor_msgs/cmake)
[0.249s] -- Found visualization_msgs: 4.9.0 (/opt/ros/humble/share/visualization_msgs/cmake)
[0.259s] -- Found trajectory_msgs: 4.9.0 (/opt/ros/humble/share/trajectory_msgs/cmake)
[0.269s] -- pinocchio_default FOUND. pinocchio_default at /opt/ros/humble/lib/x86_64-linux-gnu/libpinocchio_default.so
[0.269s] -- pinocchio_parsers FOUND. pinocchio_parsers at /opt/ros/humble/lib/x86_64-linux-gnu/libpinocchio_parsers.so
[0.270s] -- pinocchio_casadi not FOUND.
[0.270s] -- boost_filesystem FOUND. boost_filesystem at /usr/lib/x86_64-linux-gnu/libboost_filesystem.so
[0.275s] -- Found Boost: /usr/include (found version "1.74.0") found components: filesystem serialization 
[0.275s] CMake Warning at /opt/openrobots/lib/cmake/hpp-fcl/hpp-fclConfig.cmake:4 (message):
[0.276s]   Please update your CMake from 'hpp-fcl' to 'coal', or define
[0.276s]   COAL_DISABLE_HPP_FCL_WARNINGS
[0.276s] Call Stack (most recent call first):
[0.276s]   /usr/share/cmake-3.22/Modules/CMakeFindDependencyMacro.cmake:47 (find_package)
[0.276s]   /opt/openrobots/lib/cmake/pinocchio/pinocchioConfig.cmake:161 (find_dependency)
[0.276s]   CMakeLists.txt:20 (find_package)
[0.276s] 
[0.276s] 
[0.276s] -- coal not FOUND.
[0.280s] -- Found Boost: /usr/include (found version "1.74.0") found components: serialization filesystem 
[0.448s] -- Default C++ standard: 201703
[0.448s] -- C++ standard sufficient: Minimal required 11, currently defined: 17
[0.448s] -- CMAKE_CXX_STANDARD was not set: automatically set to currently defined standard 17
[0.449s] -- C++ standard sufficient: Minimal required 11, currently defined: 17
[0.459s] -- Found ament_lint_auto: 0.12.14 (/opt/ros/humble/share/ament_lint_auto/cmake)
[0.515s] -- Added test 'cppcheck' to perform static code analysis on C / C++ code
[0.515s] -- Configured cppcheck include dirs: $<BUILD_INTERFACE:/home/jin/harco/ecvt2_ws/ecvt2_controller/include>
[0.515s] -- Configured cppcheck exclude dirs and/or files: 
[0.516s] -- Added test 'lint_cmake' to check CMake code style
[0.517s] -- Added test 'uncrustify' to check C / C++ code style
[0.517s] -- Configured uncrustify additional arguments: 
[0.517s] -- Added test 'xmllint' to check XML markup files
[0.518s] -- Configuring done
[0.530s] CMake Warning at CMakeLists.txt:48 (add_executable):
[0.530s]   Cannot generate a safe runtime search path for target base_opt_controller
[0.530s]   because files in some directories may conflict with libraries in implicit
[0.530s]   directories:
[0.530s] 
[0.530s]     runtime library [liburdfdom_sensor.so.3.0] in /usr/lib/x86_64-linux-gnu may be hidden by files in:
[0.531s]       /opt/ros/humble/lib/x86_64-linux-gnu
[0.531s]     runtime library [liburdfdom_model_state.so.3.0] in /usr/lib/x86_64-linux-gnu may be hidden by files in:
[0.531s]       /opt/ros/humble/lib/x86_64-linux-gnu
[0.531s]     runtime library [liburdfdom_model.so.3.0] in /usr/lib/x86_64-linux-gnu may be hidden by files in:
[0.531s]       /opt/ros/humble/lib/x86_64-linux-gnu
[0.531s]     runtime library [liburdfdom_world.so.3.0] in /usr/lib/x86_64-linux-gnu may be hidden by files in:
[0.531s]       /opt/ros/humble/lib/x86_64-linux-gnu
[0.531s]     runtime library [liboctomap.so.1.9] in /usr/lib/x86_64-linux-gnu may be hidden by files in:
[0.531s]       /opt/ros/humble/lib/x86_64-linux-gnu
[0.531s]     runtime library [liboctomath.so.1.9] in /usr/lib/x86_64-linux-gnu may be hidden by files in:
[0.531s]       /opt/ros/humble/lib/x86_64-linux-gnu
[0.531s] 
[0.531s]   Some of these libraries may not be found correctly.
[0.531s] 
[0.531s] 
[0.531s] CMake Warning at CMakeLists.txt:48 (add_executable):
[0.532s]   Cannot generate a safe runtime search path for target base_opt_controller
[0.532s]   because there is a cycle in the constraint graph:
[0.532s] 
[0.532s]     dir 0 is [/usr/local/lib]
[0.532s]     dir 1 is [/opt/ros/humble/lib]
[0.532s]     dir 2 is [/opt/ros/humble/lib/x86_64-linux-gnu]
[0.532s]       dir 3 must precede it due to runtime library [libpinocchio_parsers.so.3.9.0]
[0.532s]     dir 3 is [/opt/openrobots/lib]
[0.532s]       dir 2 must precede it due to runtime library [libpinocchio_default.so.3.9.0]
[0.532s] 
[0.532s]   Some of these libraries may not be found correctly.
[0.532s] 
[0.532s] 
[0.534s] CMake Warning at CMakeLists.txt:59 (add_executable):
[0.534s]   Cannot generate a safe runtime search path for target wbc_hqp because files
[0.534s]   in some directories may conflict with libraries in implicit directories:
[0.534s] 
[0.534s]     runtime library [liburdfdom_sensor.so.3.0] in /usr/lib/x86_64-linux-gnu may be hidden by files in:
[0.534s]       /opt/ros/humble/lib/x86_64-linux-gnu
[0.534s]     runtime library [liburdfdom_model_state.so.3.0] in /usr/lib/x86_64-linux-gnu may be hidden by files in:
[0.534s]       /opt/ros/humble/lib/x86_64-linux-gnu
[0.534s]     runtime library [liburdfdom_model.so.3.0] in /usr/lib/x86_64-linux-gnu may be hidden by files in:
[0.535s]       /opt/ros/humble/lib/x86_64-linux-gnu
[0.535s]     runtime library [liburdfdom_world.so.3.0] in /usr/lib/x86_64-linux-gnu may be hidden by files in:
[0.535s]       /opt/ros/humble/lib/x86_64-linux-gnu
[0.535s]     runtime library [liboctomap.so.1.9] in /usr/lib/x86_64-linux-gnu may be hidden by files in:
[0.535s]       /opt/ros/humble/lib/x86_64-linux-gnu
[0.535s]     runtime library [liboctomath.so.1.9] in /usr/lib/x86_64-linux-gnu may be hidden by files in:
[0.535s]       /opt/ros/humble/lib/x86_64-linux-gnu
[0.535s] 
[0.535s]   Some of these libraries may not be found correctly.
[0.535s] 
[0.535s] 
[0.535s] CMake Warning at CMakeLists.txt:59 (add_executable):
[0.535s]   Cannot generate a safe runtime search path for target wbc_hqp because there
[0.535s]   is a cycle in the constraint graph:
[0.535s] 
[0.535s]     dir 0 is [/usr/local/lib]
[0.535s]     dir 1 is [/opt/ros/humble/lib]
[0.536s]     dir 2 is [/opt/ros/humble/lib/x86_64-linux-gnu]
[0.536s]       dir 3 must precede it due to runtime library [libpinocchio_parsers.so.3.9.0]
[0.536s]     dir 3 is [/opt/openrobots/lib]
[0.536s]       dir 2 must precede it due to runtime library [libpinocchio_default.so.3.9.0]
[0.536s] 
[0.536s]   Some of these libraries may not be found correctly.
[0.536s] 
[0.536s] 
[0.537s] CMake Warning at CMakeLists.txt:70 (add_executable):
[0.537s]   Cannot generate a safe runtime search path for target wbc_hqp_v2 because
[0.537s]   files in some directories may conflict with libraries in implicit
[0.537s]   directories:
[0.537s] 
[0.537s]     runtime library [liburdfdom_sensor.so.3.0] in /usr/lib/x86_64-linux-gnu may be hidden by files in:
[0.538s]       /opt/ros/humble/lib/x86_64-linux-gnu
[0.538s]     runtime library [liburdfdom_model_state.so.3.0] in /usr/lib/x86_64-linux-gnu may be hidden by files in:
[0.538s]       /opt/ros/humble/lib/x86_64-linux-gnu
[0.538s]     runtime library [liburdfdom_model.so.3.0] in /usr/lib/x86_64-linux-gnu may be hidden by files in:
[0.538s]       /opt/ros/humble/lib/x86_64-linux-gnu
[0.538s]     runtime library [liburdfdom_world.so.3.0] in /usr/lib/x86_64-linux-gnu may be hidden by files in:
[0.538s]       /opt/ros/humble/lib/x86_64-linux-gnu
[0.538s]     runtime library [liboctomap.so.1.9] in /usr/lib/x86_64-linux-gnu may be hidden by files in:
[0.538s]       /opt/ros/humble/lib/x86_64-linux-gnu
[0.538s]     runtime library [liboctomath.so.1.9] in /usr/lib/x86_64-linux-gnu may be hidden by files in:
[0.538s]       /opt/ros/humble/lib/x86_64-linux-gnu
[0.538s] 
[0.538s]   Some of these libraries may not be found correctly.
[0.538s] 
[0.538s] 
[0.538s] CMake Warning at CMakeLists.txt:70 (add_executable):
[0.538s]   Cannot generate a safe runtime search path for target wbc_hqp_v2 because
[0.538s]   there is a cycle in the constraint graph:
[0.538s] 
[0.539s]     dir 0 is [/usr/local/lib]
[0.539s]     dir 1 is [/opt/ros/humble/lib]
[0.539s]     dir 2 is [/opt/ros/humble/lib/x86_64-linux-gnu]
[0.539s]       dir 3 must precede it due to runtime library [libpinocchio_parsers.so.3.9.0]
[0.539s]     dir 3 is [/opt/openrobots/lib]
[0.539s]       dir 2 must precede it due to runtime library [libpinocchio_default.so.3.9.0]
[0.539s] 
[0.539s]   Some of these libraries may not be found correctly.
[0.539s] 
[0.539s] 
[0.540s] CMake Warning at CMakeLists.txt:82 (add_executable):
[0.540s]   Cannot generate a safe runtime search path for target wbc_hqp_v3 because
[0.540s]   files in some directories may conflict with libraries in implicit
[0.540s]   directories:
[0.540s] 
[0.540s]     runtime library [liburdfdom_sensor.so.3.0] in /usr/lib/x86_64-linux-gnu may be hidden by files in:
[0.540s]       /opt/ros/humble/lib/x86_64-linux-gnu
[0.540s]     runtime library [liburdfdom_model_state.so.3.0] in /usr/lib/x86_64-linux-gnu may be hidden by files in:
[0.540s]       /opt/ros/humble/lib/x86_64-linux-gnu
[0.540s]     runtime library [liburdfdom_model.so.3.0] in /usr/lib/x86_64-linux-gnu may be hidden by files in:
[0.540s]       /opt/ros/humble/lib/x86_64-linux-gnu
[0.541s]     runtime library [liburdfdom_world.so.3.0] in /usr/lib/x86_64-linux-gnu may be hidden by files in:
[0.541s]       /opt/ros/humble/lib/x86_64-linux-gnu
[0.541s]     runtime library [liboctomap.so.1.9] in /usr/lib/x86_64-linux-gnu may be hidden by files in:
[0.541s]       /opt/ros/humble/lib/x86_64-linux-gnu
[0.541s]     runtime library [liboctomath.so.1.9] in /usr/lib/x86_64-linux-gnu may be hidden by files in:
[0.541s]       /opt/ros/humble/lib/x86_64-linux-gnu
[0.541s] 
[0.541s]   Some of these libraries may not be found correctly.
[0.541s] 
[0.541s] 
[0.541s] CMake Warning at CMakeLists.txt:82 (add_executable):
[0.541s]   Cannot generate a safe runtime search path for target wbc_hqp_v3 because
[0.541s]   there is a cycle in the constraint graph:
[0.541s] 
[0.541s]     dir 0 is [/usr/local/lib]
[0.541s]     dir 1 is [/opt/ros/humble/lib]
[0.541s]     dir 2 is [/opt/ros/humble/lib/x86_64-linux-gnu]
[0.541s]       dir 3 must precede it due to runtime library [libpinocchio_parsers.so.3.9.0]
[0.541s]     dir 3 is [/opt/openrobots/lib]
[0.542s]       dir 2 must precede it due to runtime library [libpinocchio_default.so.3.9.0]
[0.542s] 
[0.542s]   Some of these libraries may not be found correctly.
[0.542s] 
[0.542s] 
[0.542s] CMake Warning at CMakeLists.txt:94 (add_executable):
[0.542s]   Cannot generate a safe runtime search path for target
[0.543s]   base_arm_task_controller because files in some directories may conflict
[0.543s]   with libraries in implicit directories:
[0.543s] 
[0.543s]     runtime library [liburdfdom_sensor.so.3.0] in /usr/lib/x86_64-linux-gnu may be hidden by files in:
[0.543s]       /opt/ros/humble/lib/x86_64-linux-gnu
[0.543s]     runtime library [liburdfdom_model_state.so.3.0] in /usr/lib/x86_64-linux-gnu may be hidden by files in:
[0.543s]       /opt/ros/humble/lib/x86_64-linux-gnu
[0.543s]     runtime library [liburdfdom_model.so.3.0] in /usr/lib/x86_64-linux-gnu may be hidden by files in:
[0.543s]       /opt/ros/humble/lib/x86_64-linux-gnu
[0.543s]     runtime library [liburdfdom_world.so.3.0] in /usr/lib/x86_64-linux-gnu may be hidden by files in:
[0.543s]       /opt/ros/humble/lib/x86_64-linux-gnu
[0.543s]     runtime library [liboctomap.so.1.9] in /usr/lib/x86_64-linux-gnu may be hidden by files in:
[0.543s]       /opt/ros/humble/lib/x86_64-linux-gnu
[0.543s]     runtime library [liboctomath.so.1.9] in /usr/lib/x86_64-linux-gnu may be hidden by files in:
[0.543s]       /opt/ros/humble/lib/x86_64-linux-gnu
[0.543s] 
[0.543s]   Some of these libraries may not be found correctly.
[0.543s] 
[0.544s] 
[0.544s] CMake Warning at CMakeLists.txt:94 (add_executable):
[0.544s]   Cannot generate a safe runtime search path for target
[0.544s]   base_arm_task_controller because there is a cycle in the constraint graph:
[0.544s] 
[0.544s]     dir 0 is [/usr/local/lib]
[0.544s]     dir 1 is [/opt/ros/humble/lib]
[0.544s]     dir 2 is [/opt/ros/humble/lib/x86_64-linux-gnu]
[0.544s]       dir 3 must precede it due to runtime library [libpinocchio_parsers.so.3.9.0]
[0.544s]     dir 3 is [/opt/openrobots/lib]
[0.544s]       dir 2 must precede it due to runtime library [libpinocchio_default.so.3.9.0]
[0.544s] 
[0.544s]   Some of these libraries may not be found correctly.
[0.544s] 
[0.544s] 
[0.545s] CMake Warning at CMakeLists.txt:105 (add_executable):
[0.545s]   Cannot generate a safe runtime search path for target
[0.545s]   base_arm_task_controller_v2 because files in some directories may conflict
[0.545s]   with libraries in implicit directories:
[0.545s] 
[0.545s]     runtime library [liburdfdom_sensor.so.3.0] in /usr/lib/x86_64-linux-gnu may be hidden by files in:
[0.545s]       /opt/ros/humble/lib/x86_64-linux-gnu
[0.545s]     runtime library [liburdfdom_model_state.so.3.0] in /usr/lib/x86_64-linux-gnu may be hidden by files in:
[0.545s]       /opt/ros/humble/lib/x86_64-linux-gnu
[0.545s]     runtime library [liburdfdom_model.so.3.0] in /usr/lib/x86_64-linux-gnu may be hidden by files in:
[0.545s]       /opt/ros/humble/lib/x86_64-linux-gnu
[0.545s]     runtime library [liburdfdom_world.so.3.0] in /usr/lib/x86_64-linux-gnu may be hidden by files in:
[0.545s]       /opt/ros/humble/lib/x86_64-linux-gnu
[0.545s]     runtime library [liboctomap.so.1.9] in /usr/lib/x86_64-linux-gnu may be hidden by files in:
[0.545s]       /opt/ros/humble/lib/x86_64-linux-gnu
[0.545s]     runtime library [liboctomath.so.1.9] in /usr/lib/x86_64-linux-gnu may be hidden by files in:
[0.545s]       /opt/ros/humble/lib/x86_64-linux-gnu
[0.545s] 
[0.545s]   Some of these libraries may not be found correctly.
[0.545s] 
[0.546s] 
[0.546s] CMake Warning at CMakeLists.txt:105 (add_executable):
[0.546s]   Cannot generate a safe runtime search path for target
[0.546s]   base_arm_task_controller_v2 because there is a cycle in the constraint
[0.546s]   graph:
[0.546s] 
[0.546s]     dir 0 is [/usr/local/lib]
[0.546s]     dir 1 is [/opt/ros/humble/lib]
[0.546s]     dir 2 is [/opt/ros/humble/lib/x86_64-linux-gnu]
[0.546s]       dir 3 must precede it due to runtime library [libpinocchio_parsers.so.3.9.0]
[0.546s]     dir 3 is [/opt/openrobots/lib]
[0.546s]       dir 2 must precede it due to runtime library [libpinocchio_default.so.3.9.0]
[0.546s] 
[0.546s]   Some of these libraries may not be found correctly.
[0.546s] 
[0.546s] 
[0.550s] CMake Warning at CMakeLists.txt:129 (add_executable):
[0.550s]   Cannot generate a safe runtime search path for target pin_test because
[0.550s]   files in some directories may conflict with libraries in implicit
[0.550s]   directories:
[0.550s] 
[0.550s]     runtime library [liburdfdom_sensor.so.3.0] in /usr/lib/x86_64-linux-gnu may be hidden by files in:
[0.550s]       /opt/ros/humble/lib/x86_64-linux-gnu
[0.550s]     runtime library [liburdfdom_model_state.so.3.0] in /usr/lib/x86_64-linux-gnu may be hidden by files in:
[0.550s]       /opt/ros/humble/lib/x86_64-linux-gnu
[0.550s]     runtime library [liburdfdom_model.so.3.0] in /usr/lib/x86_64-linux-gnu may be hidden by files in:
[0.550s]       /opt/ros/humble/lib/x86_64-linux-gnu
[0.550s]     runtime library [liburdfdom_world.so.3.0] in /usr/lib/x86_64-linux-gnu may be hidden by files in:
[0.550s]       /opt/ros/humble/lib/x86_64-linux-gnu
[0.550s]     runtime library [liboctomap.so.1.9] in /usr/lib/x86_64-linux-gnu may be hidden by files in:
[0.550s]       /opt/ros/humble/lib/x86_64-linux-gnu
[0.550s]     runtime library [liboctomath.so.1.9] in /usr/lib/x86_64-linux-gnu may be hidden by files in:
[0.550s]       /opt/ros/humble/lib/x86_64-linux-gnu
[0.550s] 
[0.550s]   Some of these libraries may not be found correctly.
[0.550s] 
[0.551s] 
[0.551s] CMake Warning at CMakeLists.txt:129 (add_executable):
[0.551s]   Cannot generate a safe runtime search path for target pin_test because
[0.551s]   there is a cycle in the constraint graph:
[0.551s] 
[0.551s]     dir 0 is [/opt/ros/humble/lib]
[0.551s]     dir 1 is [/opt/openrobots/lib]
[0.551s]       dir 2 must precede it due to runtime library [libpinocchio_default.so.3.9.0]
[0.551s]     dir 2 is [/opt/ros/humble/lib/x86_64-linux-gnu]
[0.551s]       dir 1 must precede it due to runtime library [libpinocchio_parsers.so.3.9.0]
[0.551s] 
[0.551s]   Some of these libraries may not be found correctly.
[0.551s] 
[0.551s] 
[0.555s] -- Generating done
[0.566s] -- Build files have been written to: /home/jin/harco/ecvt2_ws/build/ecvt2_controller
[0.612s] Invoked command in '/home/jin/harco/ecvt2_ws/build/ecvt2_controller' returned '0': CMAKE_PREFIX_PATH=/opt/ros/humble /usr/bin/cmake /home/jin/harco/ecvt2_ws/ecvt2_controller -DCMAKE_INSTALL_PREFIX=/home/jin/harco/ecvt2_ws/install/ecvt2_controller
[0.613s] Invoking command in '/home/jin/harco/ecvt2_ws/build/ecvt2_controller': CMAKE_PREFIX_PATH=/opt/ros/humble /usr/bin/cmake --build /home/jin/harco/ecvt2_ws/build/ecvt2_controller -- -j20 -l20
[0.642s] Consolidate compiler generated dependencies of target com_trajectory_publisher
[0.642s] Consolidate compiler generated dependencies of target teleop_goal_publisher
[0.646s] Consolidate compiler generated dependencies of target wbc_hqp_lib
[0.646s] Consolidate compiler generated dependencies of target kdl_utils
[0.648s] Consolidate compiler generated dependencies of target live_upper_dynamics_node
[0.648s] Consolidate compiler generated dependencies of target vp_sto_global_planner_node
[0.649s] [  7%] Built target teleop_goal_publisher
[0.652s] [ 15%] Built target wbc_hqp_lib
[0.653s] [ 23%] Built target com_trajectory_publisher
[0.659s] [ 30%] Built target kdl_utils
[0.662s] [ 38%] Built target live_upper_dynamics_node
[0.662s] [ 42%] Building CXX object CMakeFiles/vp_sto_global_planner_node.dir/src/vp_sto_global_planner_node.cpp.o
[0.668s] Consolidate compiler generated dependencies of target wbc_hqp_v2
[0.668s] Consolidate compiler generated dependencies of target wbc_hqp_v3
[0.668s] Consolidate compiler generated dependencies of target wbc_hqp
[0.668s] Consolidate compiler generated dependencies of target base_arm_task_controller
[0.670s] Consolidate compiler generated dependencies of target base_opt_controller
[0.671s] Consolidate compiler generated dependencies of target base_arm_task_controller_v2
[0.673s] Consolidate compiler generated dependencies of target pin_test
[0.676s] [ 61%] Built target wbc_hqp_v2
[0.676s] [ 61%] Built target wbc_hqp
[0.676s] [ 65%] Built target base_arm_task_controller
[0.678s] [ 73%] Built target wbc_hqp_v3
[0.680s] [ 80%] Built target base_opt_controller
[0.681s] [ 88%] Built target base_arm_task_controller_v2
[0.687s] [ 96%] Built target pin_test
[3.528s] In file included from /opt/openrobots/include/hpp/fcl/config.hh:1,
[3.528s]                  from /opt/openrobots/include/pinocchio/serialization/eigen.hpp:20,
[3.528s]                  from /opt/openrobots/include/pinocchio/serialization/fwd.hpp:11,
[3.528s]                  from /opt/openrobots/include/pinocchio/multibody/joint/joint-composite.hpp:14,
[3.528s]                  from /opt/openrobots/include/pinocchio/multibody/joint/joint-generic.hpp:9,
[3.528s]                  from /opt/openrobots/include/pinocchio/multibody/model.hpp:17,
[3.528s]                  from /opt/openrobots/include/pinocchio/parsers/urdf.hpp:9,
[3.528s]                  from /home/jin/harco/ecvt2_ws/ecvt2_controller/src/vp_sto_global_planner_node.cpp:7:
[3.528s] /opt/openrobots/include/hpp/fcl/coal.hpp:12:99: note: ‘#pragma message: Please update your includes from 'hpp/fcl' to 'coal' or define COAL_DISABLE_HPP_FCL_WARNINGS’
[3.528s]    12 |     "Please update your includes from 'hpp/fcl' to 'coal' or define COAL_DISABLE_HPP_FCL_WARNINGS")
[3.528s]       |                                                                                                   ^
[36.339s] [100%] Linking CXX executable vp_sto_global_planner_node
[37.653s] [100%] Built target vp_sto_global_planner_node
[37.662s] Invoked command in '/home/jin/harco/ecvt2_ws/build/ecvt2_controller' returned '0': CMAKE_PREFIX_PATH=/opt/ros/humble /usr/bin/cmake --build /home/jin/harco/ecvt2_ws/build/ecvt2_controller -- -j20 -l20
[37.670s] Invoking command in '/home/jin/harco/ecvt2_ws/build/ecvt2_controller': CMAKE_PREFIX_PATH=/opt/ros/humble /usr/bin/cmake --install /home/jin/harco/ecvt2_ws/build/ecvt2_controller
[37.674s] -- Install configuration: ""
[37.674s] -- Execute custom install script
[37.674s] -- Up-to-date symlink: /home/jin/harco/ecvt2_ws/install/ecvt2_controller/lib/ecvt2_controller/teleop_goal_publisher
[37.674s] -- Up-to-date symlink: /home/jin/harco/ecvt2_ws/install/ecvt2_controller/lib/ecvt2_controller/live_upper_dynamics_node
[37.674s] -- Up-to-date symlink: /home/jin/harco/ecvt2_ws/install/ecvt2_controller/lib/ecvt2_controller/vp_sto_global_planner_node
[37.675s] -- Up-to-date symlink: /home/jin/harco/ecvt2_ws/install/ecvt2_controller/include/ecvt2_controller/kdl_utils.hpp
[37.675s] -- Up-to-date symlink: /home/jin/harco/ecvt2_ws/install/ecvt2_controller/include/ecvt2_controller/wbc_hqp_lib.hpp
[37.675s] -- Up-to-date symlink: /home/jin/harco/ecvt2_ws/install/ecvt2_controller/lib/libkdl_utils.a
[37.675s] -- Up-to-date symlink: /home/jin/harco/ecvt2_ws/install/ecvt2_controller/lib/libwbc_hqp_lib.a
[37.675s] -- Up-to-date symlink: /home/jin/harco/ecvt2_ws/install/ecvt2_controller/lib/ecvt2_controller/base_opt_controller
[37.675s] -- Up-to-date symlink: /home/jin/harco/ecvt2_ws/install/ecvt2_controller/lib/ecvt2_controller/wbc_hqp
[37.675s] -- Up-to-date symlink: /home/jin/harco/ecvt2_ws/install/ecvt2_controller/lib/ecvt2_controller/wbc_hqp_v2
[37.675s] -- Up-to-date symlink: /home/jin/harco/ecvt2_ws/install/ecvt2_controller/lib/ecvt2_controller/wbc_hqp_v3
[37.675s] -- Up-to-date symlink: /home/jin/harco/ecvt2_ws/install/ecvt2_controller/lib/ecvt2_controller/base_arm_task_controller
[37.675s] -- Up-to-date symlink: /home/jin/harco/ecvt2_ws/install/ecvt2_controller/lib/ecvt2_controller/base_arm_task_controller_v2
[37.675s] -- Up-to-date symlink: /home/jin/harco/ecvt2_ws/install/ecvt2_controller/lib/ecvt2_controller/teleop_goal_publisher
[37.675s] -- Up-to-date symlink: /home/jin/harco/ecvt2_ws/install/ecvt2_controller/lib/ecvt2_controller/com_trajectory_publisher
[37.675s] -- Up-to-date symlink: /home/jin/harco/ecvt2_ws/install/ecvt2_controller/lib/ecvt2_controller/pin_test
[37.675s] -- Up-to-date symlink: /home/jin/harco/ecvt2_ws/install/ecvt2_controller/share/ament_index/resource_index/package_run_dependencies/ecvt2_controller
[37.675s] -- Up-to-date symlink: /home/jin/harco/ecvt2_ws/install/ecvt2_controller/share/ament_index/resource_index/parent_prefix_path/ecvt2_controller
[37.675s] -- Up-to-date symlink: /home/jin/harco/ecvt2_ws/install/ecvt2_controller/share/ecvt2_controller/environment/ament_prefix_path.sh
[37.676s] -- Up-to-date symlink: /home/jin/harco/ecvt2_ws/install/ecvt2_controller/share/ecvt2_controller/environment/ament_prefix_path.dsv
[37.676s] -- Up-to-date symlink: /home/jin/harco/ecvt2_ws/install/ecvt2_controller/share/ecvt2_controller/environment/path.sh
[37.676s] -- Up-to-date symlink: /home/jin/harco/ecvt2_ws/install/ecvt2_controller/share/ecvt2_controller/environment/path.dsv
[37.676s] -- Up-to-date symlink: /home/jin/harco/ecvt2_ws/install/ecvt2_controller/share/ecvt2_controller/local_setup.bash
[37.676s] -- Up-to-date symlink: /home/jin/harco/ecvt2_ws/install/ecvt2_controller/share/ecvt2_controller/local_setup.sh
[37.676s] -- Up-to-date symlink: /home/jin/harco/ecvt2_ws/install/ecvt2_controller/share/ecvt2_controller/local_setup.zsh
[37.676s] -- Up-to-date symlink: /home/jin/harco/ecvt2_ws/install/ecvt2_controller/share/ecvt2_controller/local_setup.dsv
[37.676s] -- Symlinking: /home/jin/harco/ecvt2_ws/install/ecvt2_controller/share/ecvt2_controller/package.dsv
[37.683s] -- Up-to-date symlink: /home/jin/harco/ecvt2_ws/install/ecvt2_controller/share/ament_index/resource_index/packages/ecvt2_controller
[37.683s] -- Up-to-date symlink: /home/jin/harco/ecvt2_ws/install/ecvt2_controller/share/ecvt2_controller/cmake/ecvt2_controllerConfig.cmake
[37.683s] -- Up-to-date symlink: /home/jin/harco/ecvt2_ws/install/ecvt2_controller/share/ecvt2_controller/cmake/ecvt2_controllerConfig-version.cmake
[37.683s] -- Up-to-date symlink: /home/jin/harco/ecvt2_ws/install/ecvt2_controller/share/ecvt2_controller/package.xml
[61.085s] Invoked command in '/home/jin/harco/ecvt2_ws/build/ecvt2_controller' returned '0': CMAKE_PREFIX_PATH=/opt/ros/humble /usr/bin/cmake --install /home/jin/harco/ecvt2_ws/build/ecvt2_controller
