[0.014s] Invoking command in '/home/jin/harco/ecvt2_ws/build/ecvt2_controller': CMAKE_PREFIX_PATH=${CMAKE_PREFIX_PATH}:/home/jin/harco/ecvt2_ws/install/ecvt2_sim:/opt/ros/humble /usr/bin/cmake /home/jin/harco/ecvt2_ws/ecvt2_controller -DAMENT_CMAKE_SYMLINK_INSTALL=1 -DCMAKE_INSTALL_PREFIX=/home/jin/harco/ecvt2_ws/install/ecvt2_controller
[0.251s] -- Found ament_cmake: 1.3.12 (/opt/ros/humble/share/ament_cmake/cmake)
[0.251s] -- Override CMake install command with custom implementation using symlinks instead of copying resources
[0.251s] -- Found rclcpp: 16.0.16 (/opt/ros/humble/share/rclcpp/cmake)
[0.251s] -- Found rosidl_generator_c: 3.1.7 (/opt/ros/humble/share/rosidl_generator_c/cmake)
[0.251s] -- Found rosidl_adapter: 3.1.7 (/opt/ros/humble/share/rosidl_adapter/cmake)
[0.251s] -- Found rosidl_generator_cpp: 3.1.7 (/opt/ros/humble/share/rosidl_generator_cpp/cmake)
[0.252s] -- Using all available rosidl_typesupport_c: rosidl_typesupport_fastrtps_c;rosidl_typesupport_introspection_c
[0.252s] -- Using all available rosidl_typesupport_cpp: rosidl_typesupport_fastrtps_cpp;rosidl_typesupport_introspection_cpp
[0.252s] -- Found rmw_implementation_cmake: 6.1.2 (/opt/ros/humble/share/rmw_implementation_cmake/cmake)
[0.252s] -- Found rmw_fastrtps_cpp: 6.2.9 (/opt/ros/humble/share/rmw_fastrtps_cpp/cmake)
[0.394s] -- Using RMW implementation 'rmw_fastrtps_cpp' as default
[0.496s] -- Found geometry_msgs: 4.9.0 (/opt/ros/humble/share/geometry_msgs/cmake)
[0.517s] -- Found sensor_msgs: 4.9.0 (/opt/ros/humble/share/sensor_msgs/cmake)
[0.551s] -- Found visualization_msgs: 4.9.0 (/opt/ros/humble/share/visualization_msgs/cmake)
[0.589s] -- Found trajectory_msgs: 4.9.0 (/opt/ros/humble/share/trajectory_msgs/cmake)
[0.628s] -- pinocchio_default FOUND. pinocchio_default at /opt/ros/humble/lib/x86_64-linux-gnu/libpinocchio_default.so
[0.628s] -- pinocchio_parsers FOUND. pinocchio_parsers at /opt/ros/humble/lib/x86_64-linux-gnu/libpinocchio_parsers.so
[0.629s] -- pinocchio_casadi not FOUND.
[0.631s] -- boost_filesystem FOUND. boost_filesystem at /usr/lib/x86_64-linux-gnu/libboost_filesystem.so
[0.645s] -- Found Boost: /usr/include (found version "1.74.0") found components: filesystem serialization 
[0.648s] [33mCMake Warning at /opt/openrobots/lib/cmake/hpp-fcl/hpp-fclConfig.cmake:4 (message):
[0.648s]   Please update your CMake from 'hpp-fcl' to 'coal', or define
[0.648s]   COAL_DISABLE_HPP_FCL_WARNINGS
[0.648s] Call Stack (most recent call first):
[0.648s]   /usr/share/cmake-3.22/Modules/CMakeFindDependencyMacro.cmake:47 (find_package)
[0.648s]   /opt/openrobots/lib/cmake/pinocchio/pinocchioConfig.cmake:161 (find_dependency)
[0.649s]   CMakeLists.txt:20 (find_package)
[0.649s] 
[0.649s] [0m
[0.655s] -- coal not FOUND.
[0.661s] -- Found Boost: /usr/include (found version "1.74.0") found components: serialization filesystem 
[1.248s] -- Default C++ standard: 201703
[1.248s] -- C++ standard sufficient: Minimal required 11, currently defined: 17
[1.248s] -- CMAKE_CXX_STANDARD was not set: automatically set to currently defined standard 17
[1.248s] -- C++ standard sufficient: Minimal required 11, currently defined: 17
[1.274s] -- Found ament_lint_auto: 0.12.14 (/opt/ros/humble/share/ament_lint_auto/cmake)
[1.381s] -- Added test 'cppcheck' to perform static code analysis on C / C++ code
[1.382s] -- Configured cppcheck include dirs: $<BUILD_INTERFACE:/home/jin/harco/ecvt2_ws/ecvt2_controller/include>
[1.382s] -- Configured cppcheck exclude dirs and/or files: 
[1.382s] -- Added test 'lint_cmake' to check CMake code style
[1.383s] -- Added test 'uncrustify' to check C / C++ code style
[1.383s] -- Configured uncrustify additional arguments: 
[1.386s] -- Added test 'xmllint' to check XML markup files
[1.386s] -- Configuring done
[1.402s] [33mCMake Warning at CMakeLists.txt:48 (add_executable):
[1.402s]   Cannot generate a safe runtime search path for target base_opt_controller
[1.402s]   because files in some directories may conflict with libraries in implicit
[1.402s]   directories:
[1.402s] 
[1.402s]     runtime library [liburdfdom_sensor.so.3.0] in /usr/lib/x86_64-linux-gnu may be hidden by files in:
[1.402s]       /opt/ros/humble/lib/x86_64-linux-gnu
[1.402s]     runtime library [liburdfdom_model_state.so.3.0] in /usr/lib/x86_64-linux-gnu may be hidden by files in:
[1.402s]       /opt/ros/humble/lib/x86_64-linux-gnu
[1.402s]     runtime library [liburdfdom_model.so.3.0] in /usr/lib/x86_64-linux-gnu may be hidden by files in:
[1.402s]       /opt/ros/humble/lib/x86_64-linux-gnu
[1.402s]     runtime library [liburdfdom_world.so.3.0] in /usr/lib/x86_64-linux-gnu may be hidden by files in:
[1.402s]       /opt/ros/humble/lib/x86_64-linux-gnu
[1.402s]     runtime library [liboctomap.so.1.9] in /usr/lib/x86_64-linux-gnu may be hidden by files in:
[1.402s]       /opt/ros/humble/lib/x86_64-linux-gnu
[1.402s]     runtime library [liboctomath.so.1.9] in /usr/lib/x86_64-linux-gnu may be hidden by files in:
[1.402s]       /opt/ros/humble/lib/x86_64-linux-gnu
[1.402s] 
[1.403s]   Some of these libraries may not be found correctly.
[1.403s] 
[1.403s] [0m
[1.403s] [33mCMake Warning at CMakeLists.txt:48 (add_executable):
[1.403s]   Cannot generate a safe runtime search path for target base_opt_controller
[1.403s]   because there is a cycle in the constraint graph:
[1.403s] 
[1.403s]     dir 0 is [/usr/local/lib]
[1.403s]     dir 1 is [/opt/ros/humble/lib]
[1.403s]     dir 2 is [/opt/ros/humble/lib/x86_64-linux-gnu]
[1.403s]       dir 3 must precede it due to runtime library [libpinocchio_parsers.so.3.9.0]
[1.403s]     dir 3 is [/opt/openrobots/lib]
[1.403s]       dir 2 must precede it due to runtime library [libpinocchio_default.so.3.9.0]
[1.403s] 
[1.403s]   Some of these libraries may not be found correctly.
[1.403s] 
[1.403s] [0m
[1.408s] [33mCMake Warning at CMakeLists.txt:59 (add_executable):
[1.408s]   Cannot generate a safe runtime search path for target wbc_hqp because files
[1.408s]   in some directories may conflict with libraries in implicit directories:
[1.408s] 
[1.408s]     runtime library [liburdfdom_sensor.so.3.0] in /usr/lib/x86_64-linux-gnu may be hidden by files in:
[1.408s]       /opt/ros/humble/lib/x86_64-linux-gnu
[1.408s]     runtime library [liburdfdom_model_state.so.3.0] in /usr/lib/x86_64-linux-gnu may be hidden by files in:
[1.408s]       /opt/ros/humble/lib/x86_64-linux-gnu
[1.408s]     runtime library [liburdfdom_model.so.3.0] in /usr/lib/x86_64-linux-gnu may be hidden by files in:
[1.408s]       /opt/ros/humble/lib/x86_64-linux-gnu
[1.409s]     runtime library [liburdfdom_world.so.3.0] in /usr/lib/x86_64-linux-gnu may be hidden by files in:
[1.409s]       /opt/ros/humble/lib/x86_64-linux-gnu
[1.409s]     runtime library [liboctomap.so.1.9] in /usr/lib/x86_64-linux-gnu may be hidden by files in:
[1.409s]       /opt/ros/humble/lib/x86_64-linux-gnu
[1.409s]     runtime library [liboctomath.so.1.9] in /usr/lib/x86_64-linux-gnu may be hidden by files in:
[1.409s]       /opt/ros/humble/lib/x86_64-linux-gnu
[1.409s] 
[1.409s]   Some of these libraries may not be found correctly.
[1.409s] 
[1.409s] [0m
[1.409s] [33mCMake Warning at CMakeLists.txt:59 (add_executable):
[1.409s]   Cannot generate a safe runtime search path for target wbc_hqp because there
[1.409s]   is a cycle in the constraint graph:
[1.409s] 
[1.409s]     dir 0 is [/usr/local/lib]
[1.409s]     dir 1 is [/opt/ros/humble/lib]
[1.409s]     dir 2 is [/opt/ros/humble/lib/x86_64-linux-gnu]
[1.409s]       dir 3 must precede it due to runtime library [libpinocchio_parsers.so.3.9.0]
[1.409s]     dir 3 is [/opt/openrobots/lib]
[1.409s]       dir 2 must precede it due to runtime library [libpinocchio_default.so.3.9.0]
[1.409s] 
[1.409s]   Some of these libraries may not be found correctly.
[1.409s] 
[1.410s] [0m
[1.411s] [33mCMake Warning at CMakeLists.txt:70 (add_executable):
[1.411s]   Cannot generate a safe runtime search path for target wbc_hqp_v2 because
[1.411s]   files in some directories may conflict with libraries in implicit
[1.411s]   directories:
[1.411s] 
[1.411s]     runtime library [liburdfdom_sensor.so.3.0] in /usr/lib/x86_64-linux-gnu may be hidden by files in:
[1.411s]       /opt/ros/humble/lib/x86_64-linux-gnu
[1.411s]     runtime library [liburdfdom_model_state.so.3.0] in /usr/lib/x86_64-linux-gnu may be hidden by files in:
[1.411s]       /opt/ros/humble/lib/x86_64-linux-gnu
[1.411s]     runtime library [liburdfdom_model.so.3.0] in /usr/lib/x86_64-linux-gnu may be hidden by files in:
[1.411s]       /opt/ros/humble/lib/x86_64-linux-gnu
[1.411s]     runtime library [liburdfdom_world.so.3.0] in /usr/lib/x86_64-linux-gnu may be hidden by files in:
[1.411s]       /opt/ros/humble/lib/x86_64-linux-gnu
[1.411s]     runtime library [liboctomap.so.1.9] in /usr/lib/x86_64-linux-gnu may be hidden by files in:
[1.411s]       /opt/ros/humble/lib/x86_64-linux-gnu
[1.412s]     runtime library [liboctomath.so.1.9] in /usr/lib/x86_64-linux-gnu may be hidden by files in:
[1.412s]       /opt/ros/humble/lib/x86_64-linux-gnu
[1.412s] 
[1.412s]   Some of these libraries may not be found correctly.
[1.412s] 
[1.412s] [0m
[1.412s] [33mCMake Warning at CMakeLists.txt:70 (add_executable):
[1.412s]   Cannot generate a safe runtime search path for target wbc_hqp_v2 because
[1.412s]   there is a cycle in the constraint graph:
[1.412s] 
[1.412s]     dir 0 is [/usr/local/lib]
[1.412s]     dir 1 is [/opt/ros/humble/lib]
[1.412s]     dir 2 is [/opt/ros/humble/lib/x86_64-linux-gnu]
[1.412s]       dir 3 must precede it due to runtime library [libpinocchio_parsers.so.3.9.0]
[1.412s]     dir 3 is [/opt/openrobots/lib]
[1.412s]       dir 2 must precede it due to runtime library [libpinocchio_default.so.3.9.0]
[1.412s] 
[1.412s]   Some of these libraries may not be found correctly.
[1.412s] 
[1.412s] [0m
[1.416s] [33mCMake Warning at CMakeLists.txt:82 (add_executable):
[1.416s]   Cannot generate a safe runtime search path for target wbc_hqp_v3 because
[1.416s]   files in some directories may conflict with libraries in implicit
[1.416s]   directories:
[1.416s] 
[1.416s]     runtime library [liburdfdom_sensor.so.3.0] in /usr/lib/x86_64-linux-gnu may be hidden by files in:
[1.416s]       /opt/ros/humble/lib/x86_64-linux-gnu
[1.416s]     runtime library [liburdfdom_model_state.so.3.0] in /usr/lib/x86_64-linux-gnu may be hidden by files in:
[1.416s]       /opt/ros/humble/lib/x86_64-linux-gnu
[1.416s]     runtime library [liburdfdom_model.so.3.0] in /usr/lib/x86_64-linux-gnu may be hidden by files in:
[1.416s]       /opt/ros/humble/lib/x86_64-linux-gnu
[1.416s]     runtime library [liburdfdom_world.so.3.0] in /usr/lib/x86_64-linux-gnu may be hidden by files in:
[1.416s]       /opt/ros/humble/lib/x86_64-linux-gnu
[1.416s]     runtime library [liboctomap.so.1.9] in /usr/lib/x86_64-linux-gnu may be hidden by files in:
[1.416s]       /opt/ros/humble/lib/x86_64-linux-gnu
[1.417s]     runtime library [liboctomath.so.1.9] in /usr/lib/x86_64-linux-gnu may be hidden by files in:
[1.417s]       /opt/ros/humble/lib/x86_64-linux-gnu
[1.417s] 
[1.417s]   Some of these libraries may not be found correctly.
[1.417s] 
[1.417s] [0m
[1.417s] [33mCMake Warning at CMakeLists.txt:82 (add_executable):
[1.417s]   Cannot generate a safe runtime search path for target wbc_hqp_v3 because
[1.417s]   there is a cycle in the constraint graph:
[1.417s] 
[1.417s]     dir 0 is [/usr/local/lib]
[1.417s]     dir 1 is [/opt/ros/humble/lib]
[1.417s]     dir 2 is [/opt/ros/humble/lib/x86_64-linux-gnu]
[1.417s]       dir 3 must precede it due to runtime library [libpinocchio_parsers.so.3.9.0]
[1.417s]     dir 3 is [/opt/openrobots/lib]
[1.417s]       dir 2 must precede it due to runtime library [libpinocchio_default.so.3.9.0]
[1.417s] 
[1.417s]   Some of these libraries may not be found correctly.
[1.417s] 
[1.417s] [0m
[1.423s] [33mCMake Warning at CMakeLists.txt:94 (add_executable):
[1.423s]   Cannot generate a safe runtime search path for target
[1.423s]   base_arm_task_controller because files in some directories may conflict
[1.423s]   with libraries in implicit directories:
[1.423s] 
[1.423s]     runtime library [liburdfdom_sensor.so.3.0] in /usr/lib/x86_64-linux-gnu may be hidden by files in:
[1.423s]       /opt/ros/humble/lib/x86_64-linux-gnu
[1.423s]     runtime library [liburdfdom_model_state.so.3.0] in /usr/lib/x86_64-linux-gnu may be hidden by files in:
[1.423s]       /opt/ros/humble/lib/x86_64-linux-gnu
[1.423s]     runtime library [liburdfdom_model.so.3.0] in /usr/lib/x86_64-linux-gnu may be hidden by files in:
[1.423s]       /opt/ros/humble/lib/x86_64-linux-gnu
[1.423s]     runtime library [liburdfdom_world.so.3.0] in /usr/lib/x86_64-linux-gnu may be hidden by files in:
[1.424s]       /opt/ros/humble/lib/x86_64-linux-gnu
[1.424s]     runtime library [liboctomap.so.1.9] in /usr/lib/x86_64-linux-gnu may be hidden by files in:
[1.424s]       /opt/ros/humble/lib/x86_64-linux-gnu
[1.424s]     runtime library [liboctomath.so.1.9] in /usr/lib/x86_64-linux-gnu may be hidden by files in:
[1.424s]       /opt/ros/humble/lib/x86_64-linux-gnu
[1.424s] 
[1.424s]   Some of these libraries may not be found correctly.
[1.424s] 
[1.424s] [0m
[1.424s] [33mCMake Warning at CMakeLists.txt:94 (add_executable):
[1.424s]   Cannot generate a safe runtime search path for target
[1.424s]   base_arm_task_controller because there is a cycle in the constraint graph:
[1.424s] 
[1.424s]     dir 0 is [/usr/local/lib]
[1.424s]     dir 1 is [/opt/ros/humble/lib]
[1.424s]     dir 2 is [/opt/ros/humble/lib/x86_64-linux-gnu]
[1.424s]       dir 3 must precede it due to runtime library [libpinocchio_parsers.so.3.9.0]
[1.424s]     dir 3 is [/opt/openrobots/lib]
[1.424s]       dir 2 must precede it due to runtime library [libpinocchio_default.so.3.9.0]
[1.424s] 
[1.424s]   Some of these libraries may not be found correctly.
[1.424s] 
[1.425s] [0m
[1.426s] [33mCMake Warning at CMakeLists.txt:105 (add_executable):
[1.426s]   Cannot generate a safe runtime search path for target
[1.426s]   base_arm_task_controller_v2 because files in some directories may conflict
[1.426s]   with libraries in implicit directories:
[1.426s] 
[1.426s]     runtime library [liburdfdom_sensor.so.3.0] in /usr/lib/x86_64-linux-gnu may be hidden by files in:
[1.426s]       /opt/ros/humble/lib/x86_64-linux-gnu
[1.426s]     runtime library [liburdfdom_model_state.so.3.0] in /usr/lib/x86_64-linux-gnu may be hidden by files in:
[1.426s]       /opt/ros/humble/lib/x86_64-linux-gnu
[1.426s]     runtime library [liburdfdom_model.so.3.0] in /usr/lib/x86_64-linux-gnu may be hidden by files in:
[1.426s]       /opt/ros/humble/lib/x86_64-linux-gnu
[1.426s]     runtime library [liburdfdom_world.so.3.0] in /usr/lib/x86_64-linux-gnu may be hidden by files in:
[1.426s]       /opt/ros/humble/lib/x86_64-linux-gnu
[1.426s]     runtime library [liboctomap.so.1.9] in /usr/lib/x86_64-linux-gnu may be hidden by files in:
[1.427s]       /opt/ros/humble/lib/x86_64-linux-gnu
[1.427s]     runtime library [liboctomath.so.1.9] in /usr/lib/x86_64-linux-gnu may be hidden by files in:
[1.427s]       /opt/ros/humble/lib/x86_64-linux-gnu
[1.427s] 
[1.427s]   Some of these libraries may not be found correctly.
[1.427s] 
[1.427s] [0m
[1.427s] [33mCMake Warning at CMakeLists.txt:105 (add_executable):
[1.427s]   Cannot generate a safe runtime search path for target
[1.427s]   base_arm_task_controller_v2 because there is a cycle in the constraint
[1.427s]   graph:
[1.427s] 
[1.427s]     dir 0 is [/usr/local/lib]
[1.427s]     dir 1 is [/opt/ros/humble/lib]
[1.427s]     dir 2 is [/opt/ros/humble/lib/x86_64-linux-gnu]
[1.427s]       dir 3 must precede it due to runtime library [libpinocchio_parsers.so.3.9.0]
[1.427s]     dir 3 is [/opt/openrobots/lib]
[1.427s]       dir 2 must precede it due to runtime library [libpinocchio_default.so.3.9.0]
[1.427s] 
[1.427s]   Some of these libraries may not be found correctly.
[1.427s] 
[1.427s] [0m
[1.431s] [33mCMake Warning at CMakeLists.txt:116 (add_executable):
[1.431s]   Cannot generate a safe runtime search path for target
[1.431s]   base_arm_task_controller_full because files in some directories may
[1.431s]   conflict with libraries in implicit directories:
[1.431s] 
[1.431s]     runtime library [liburdfdom_sensor.so.3.0] in /usr/lib/x86_64-linux-gnu may be hidden by files in:
[1.431s]       /opt/ros/humble/lib/x86_64-linux-gnu
[1.431s]     runtime library [liburdfdom_model_state.so.3.0] in /usr/lib/x86_64-linux-gnu may be hidden by files in:
[1.431s]       /opt/ros/humble/lib/x86_64-linux-gnu
[1.431s]     runtime library [liburdfdom_model.so.3.0] in /usr/lib/x86_64-linux-gnu may be hidden by files in:
[1.431s]       /opt/ros/humble/lib/x86_64-linux-gnu
[1.431s]     runtime library [liburdfdom_world.so.3.0] in /usr/lib/x86_64-linux-gnu may be hidden by files in:
[1.431s]       /opt/ros/humble/lib/x86_64-linux-gnu
[1.432s]     runtime library [liboctomap.so.1.9] in /usr/lib/x86_64-linux-gnu may be hidden by files in:
[1.432s]       /opt/ros/humble/lib/x86_64-linux-gnu
[1.432s]     runtime library [liboctomath.so.1.9] in /usr/lib/x86_64-linux-gnu may be hidden by files in:
[1.432s]       /opt/ros/humble/lib/x86_64-linux-gnu
[1.432s] 
[1.432s]   Some of these libraries may not be found correctly.
[1.432s] 
[1.432s] [0m
[1.432s] [33mCMake Warning at CMakeLists.txt:116 (add_executable):
[1.432s]   Cannot generate a safe runtime search path for target
[1.432s]   base_arm_task_controller_full because there is a cycle in the constraint
[1.432s]   graph:
[1.432s] 
[1.432s]     dir 0 is [/usr/local/lib]
[1.432s]     dir 1 is [/opt/ros/humble/lib]
[1.432s]     dir 2 is [/opt/ros/humble/lib/x86_64-linux-gnu]
[1.432s]       dir 3 must precede it due to runtime library [libpinocchio_parsers.so.3.9.0]
[1.432s]     dir 3 is [/opt/openrobots/lib]
[1.432s]       dir 2 must precede it due to runtime library [libpinocchio_default.so.3.9.0]
[1.432s] 
[1.432s]   Some of these libraries may not be found correctly.
[1.432s] 
[1.432s] [0m
[1.440s] [33mCMake Warning at CMakeLists.txt:140 (add_executable):
[1.440s]   Cannot generate a safe runtime search path for target pin_test because
[1.440s]   files in some directories may conflict with libraries in implicit
[1.440s]   directories:
[1.440s] 
[1.440s]     runtime library [liburdfdom_sensor.so.3.0] in /usr/lib/x86_64-linux-gnu may be hidden by files in:
[1.440s]       /opt/ros/humble/lib/x86_64-linux-gnu
[1.440s]     runtime library [liburdfdom_model_state.so.3.0] in /usr/lib/x86_64-linux-gnu may be hidden by files in:
[1.440s]       /opt/ros/humble/lib/x86_64-linux-gnu
[1.440s]     runtime library [liburdfdom_model.so.3.0] in /usr/lib/x86_64-linux-gnu may be hidden by files in:
[1.440s]       /opt/ros/humble/lib/x86_64-linux-gnu
[1.440s]     runtime library [liburdfdom_world.so.3.0] in /usr/lib/x86_64-linux-gnu may be hidden by files in:
[1.440s]       /opt/ros/humble/lib/x86_64-linux-gnu
[1.440s]     runtime library [liboctomap.so.1.9] in /usr/lib/x86_64-linux-gnu may be hidden by files in:
[1.440s]       /opt/ros/humble/lib/x86_64-linux-gnu
[1.440s]     runtime library [liboctomath.so.1.9] in /usr/lib/x86_64-linux-gnu may be hidden by files in:
[1.440s]       /opt/ros/humble/lib/x86_64-linux-gnu
[1.440s] 
[1.440s]   Some of these libraries may not be found correctly.
[1.441s] 
[1.441s] [0m
[1.441s] [33mCMake Warning at CMakeLists.txt:140 (add_executable):
[1.441s]   Cannot generate a safe runtime search path for target pin_test because
[1.441s]   there is a cycle in the constraint graph:
[1.441s] 
[1.441s]     dir 0 is [/opt/ros/humble/lib]
[1.441s]     dir 1 is [/opt/openrobots/lib]
[1.441s]       dir 2 must precede it due to runtime library [libpinocchio_default.so.3.9.0]
[1.441s]     dir 2 is [/opt/ros/humble/lib/x86_64-linux-gnu]
[1.441s]       dir 1 must precede it due to runtime library [libpinocchio_parsers.so.3.9.0]
[1.441s] 
[1.441s]   Some of these libraries may not be found correctly.
[1.441s] 
[1.441s] [0m
[1.454s] -- Generating done
[1.474s] -- Build files have been written to: /home/jin/harco/ecvt2_ws/build/ecvt2_controller
[1.487s] Invoked command in '/home/jin/harco/ecvt2_ws/build/ecvt2_controller' returned '0': CMAKE_PREFIX_PATH=${CMAKE_PREFIX_PATH}:/home/jin/harco/ecvt2_ws/install/ecvt2_sim:/opt/ros/humble /usr/bin/cmake /home/jin/harco/ecvt2_ws/ecvt2_controller -DAMENT_CMAKE_SYMLINK_INSTALL=1 -DCMAKE_INSTALL_PREFIX=/home/jin/harco/ecvt2_ws/install/ecvt2_controller
[1.487s] Invoking command in '/home/jin/harco/ecvt2_ws/build/ecvt2_controller': CMAKE_PREFIX_PATH=${CMAKE_PREFIX_PATH}:/home/jin/harco/ecvt2_ws/install/ecvt2_sim:/opt/ros/humble /usr/bin/cmake --build /home/jin/harco/ecvt2_ws/build/ecvt2_controller -- -j20 -l20
[1.534s] [35m[1mConsolidate compiler generated dependencies of target teleop_goal_publisher[0m
[1.534s] [35m[1mConsolidate compiler generated dependencies of target vp_sto_paper_global_planner_node[0m
[1.535s] [35m[1mConsolidate compiler generated dependencies of target com_trajectory_publisher[0m
[1.536s] [35m[1mConsolidate compiler generated dependencies of target vp_sto_global_planner_full_node[0m
[1.536s] [35m[1mConsolidate compiler generated dependencies of target vp_sto_global_planner_node[0m
[1.536s] [35m[1mConsolidate compiler generated dependencies of target kdl_utils[0m
[1.539s] [35m[1mConsolidate compiler generated dependencies of target wbc_hqp_lib[0m
[1.550s] [35m[1mConsolidate compiler generated dependencies of target live_upper_dynamics_node[0m
[1.561s] [  6%] Built target wbc_hqp_lib
[1.564s] [ 12%] Built target com_trajectory_publisher
[1.572s] [ 18%] Built target teleop_goal_publisher
[1.573s] [ 25%] Built target vp_sto_paper_global_planner_node
[1.593s] [ 31%] Built target kdl_utils
[1.597s] [ 37%] Built target vp_sto_global_planner_full_node
[1.605s] [35m[1mConsolidate compiler generated dependencies of target base_opt_controller[0m
[1.611s] [35m[1mConsolidate compiler generated dependencies of target wbc_hqp_v2[0m
[1.612s] [ 40%] [32mBuilding CXX object CMakeFiles/vp_sto_global_planner_node.dir/src/vp_sto_global_planner_node.cpp.o[0m
[1.614s] [35m[1mConsolidate compiler generated dependencies of target wbc_hqp[0m
[1.617s] [35m[1mConsolidate compiler generated dependencies of target wbc_hqp_v3[0m
[1.617s] [35m[1mConsolidate compiler generated dependencies of target base_arm_task_controller_v2[0m
[1.617s] [ 46%] Built target live_upper_dynamics_node
[1.626s] [35m[1mConsolidate compiler generated dependencies of target base_arm_task_controller_full[0m
[1.626s] [35m[1mConsolidate compiler generated dependencies of target base_arm_task_controller[0m
[1.634s] [ 53%] Built target base_opt_controller
[1.636s] [35m[1mConsolidate compiler generated dependencies of target pin_test[0m
[1.637s] [ 59%] Built target wbc_hqp_v2
[1.644s] [ 65%] Built target wbc_hqp
[1.655s] [ 71%] Built target base_arm_task_controller_v2
[1.662s] [ 78%] Built target wbc_hqp_v3
[1.662s] [ 84%] Built target base_arm_task_controller_full
[1.665s] [ 90%] Built target base_arm_task_controller
[1.691s] [ 96%] Built target pin_test
[6.749s] In file included from [01m[K/opt/openrobots/include/hpp/fcl/config.hh:1[m[K,
[6.749s]                  from [01m[K/opt/openrobots/include/pinocchio/serialization/eigen.hpp:20[m[K,
[6.749s]                  from [01m[K/opt/openrobots/include/pinocchio/serialization/fwd.hpp:11[m[K,
[6.749s]                  from [01m[K/opt/openrobots/include/pinocchio/multibody/joint/joint-composite.hpp:14[m[K,
[6.749s]                  from [01m[K/opt/openrobots/include/pinocchio/multibody/joint/joint-generic.hpp:9[m[K,
[6.749s]                  from [01m[K/opt/openrobots/include/pinocchio/multibody/model.hpp:17[m[K,
[6.750s]                  from [01m[K/opt/openrobots/include/pinocchio/parsers/urdf.hpp:9[m[K,
[6.750s]                  from [01m[K/home/jin/harco/ecvt2_ws/ecvt2_controller/src/vp_sto_global_planner_node.cpp:7[m[K:
[6.750s] [01m[K/opt/openrobots/include/hpp/fcl/coal.hpp:12:99:[m[K [01;36m[Knote: [m[K‘[01m[K#pragma message: Please update your includes from 'hpp/fcl' to 'coal' or define COAL_DISABLE_HPP_FCL_WARNINGS[m[K’
[6.750s]    12 |     "Please update your includes from 'hpp/fcl' to 'coal' or define COAL_DISABLE_HPP_FCL_WARNINGS"[01;36m[K)[m[K
[6.750s]       |                                                                                                   [01;36m[K^[m[K
[54.054s] [100%] [32m[1mLinking CXX executable vp_sto_global_planner_node[0m
[58.076s] [100%] Built target vp_sto_global_planner_node
[58.083s] Invoked command in '/home/jin/harco/ecvt2_ws/build/ecvt2_controller' returned '0': CMAKE_PREFIX_PATH=${CMAKE_PREFIX_PATH}:/home/jin/harco/ecvt2_ws/install/ecvt2_sim:/opt/ros/humble /usr/bin/cmake --build /home/jin/harco/ecvt2_ws/build/ecvt2_controller -- -j20 -l20
[58.084s] Invoking command in '/home/jin/harco/ecvt2_ws/build/ecvt2_controller': CMAKE_PREFIX_PATH=${CMAKE_PREFIX_PATH}:/home/jin/harco/ecvt2_ws/install/ecvt2_sim:/opt/ros/humble /usr/bin/cmake --install /home/jin/harco/ecvt2_ws/build/ecvt2_controller
[58.088s] -- Install configuration: ""
[58.088s] -- Execute custom install script
[58.088s] -- Up-to-date symlink: /home/jin/harco/ecvt2_ws/install/ecvt2_controller/lib/ecvt2_controller/teleop_goal_publisher
[58.088s] -- Up-to-date symlink: /home/jin/harco/ecvt2_ws/install/ecvt2_controller/lib/ecvt2_controller/live_upper_dynamics_node
[58.088s] -- Up-to-date symlink: /home/jin/harco/ecvt2_ws/install/ecvt2_controller/lib/ecvt2_controller/vp_sto_global_planner_node
[58.088s] -- Up-to-date symlink: /home/jin/harco/ecvt2_ws/install/ecvt2_controller/lib/ecvt2_controller/vp_sto_global_planner_full_node
[58.089s] -- Up-to-date symlink: /home/jin/harco/ecvt2_ws/install/ecvt2_controller/lib/ecvt2_controller/vp_sto_paper_global_planner_node
[58.089s] -- Up-to-date symlink: /home/jin/harco/ecvt2_ws/install/ecvt2_controller/include/ecvt2_controller/kdl_utils.hpp
[58.089s] -- Up-to-date symlink: /home/jin/harco/ecvt2_ws/install/ecvt2_controller/include/ecvt2_controller/wbc_hqp_lib.hpp
[58.089s] -- Up-to-date symlink: /home/jin/harco/ecvt2_ws/install/ecvt2_controller/lib/libkdl_utils.a
[58.089s] -- Up-to-date symlink: /home/jin/harco/ecvt2_ws/install/ecvt2_controller/lib/libwbc_hqp_lib.a
[58.089s] -- Up-to-date symlink: /home/jin/harco/ecvt2_ws/install/ecvt2_controller/lib/ecvt2_controller/base_opt_controller
[58.089s] -- Up-to-date symlink: /home/jin/harco/ecvt2_ws/install/ecvt2_controller/lib/ecvt2_controller/wbc_hqp
[58.089s] -- Up-to-date symlink: /home/jin/harco/ecvt2_ws/install/ecvt2_controller/lib/ecvt2_controller/wbc_hqp_v2
[58.089s] -- Up-to-date symlink: /home/jin/harco/ecvt2_ws/install/ecvt2_controller/lib/ecvt2_controller/wbc_hqp_v3
[58.089s] -- Up-to-date symlink: /home/jin/harco/ecvt2_ws/install/ecvt2_controller/lib/ecvt2_controller/base_arm_task_controller
[58.089s] -- Up-to-date symlink: /home/jin/harco/ecvt2_ws/install/ecvt2_controller/lib/ecvt2_controller/base_arm_task_controller_v2
[58.089s] -- Up-to-date symlink: /home/jin/harco/ecvt2_ws/install/ecvt2_controller/lib/ecvt2_controller/base_arm_task_controller_full
[58.089s] -- Up-to-date symlink: /home/jin/harco/ecvt2_ws/install/ecvt2_controller/lib/ecvt2_controller/teleop_goal_publisher
[58.089s] -- Up-to-date symlink: /home/jin/harco/ecvt2_ws/install/ecvt2_controller/lib/ecvt2_controller/com_trajectory_publisher
[58.090s] -- Up-to-date symlink: /home/jin/harco/ecvt2_ws/install/ecvt2_controller/lib/ecvt2_controller/pin_test
[58.090s] -- Up-to-date symlink: /home/jin/harco/ecvt2_ws/install/ecvt2_controller/share/ament_index/resource_index/package_run_dependencies/ecvt2_controller
[58.090s] -- Up-to-date symlink: /home/jin/harco/ecvt2_ws/install/ecvt2_controller/share/ament_index/resource_index/parent_prefix_path/ecvt2_controller
[58.090s] -- Up-to-date symlink: /home/jin/harco/ecvt2_ws/install/ecvt2_controller/share/ecvt2_controller/environment/ament_prefix_path.sh
[58.090s] -- Up-to-date symlink: /home/jin/harco/ecvt2_ws/install/ecvt2_controller/share/ecvt2_controller/environment/ament_prefix_path.dsv
[58.090s] -- Up-to-date symlink: /home/jin/harco/ecvt2_ws/install/ecvt2_controller/share/ecvt2_controller/environment/path.sh
[58.090s] -- Up-to-date symlink: /home/jin/harco/ecvt2_ws/install/ecvt2_controller/share/ecvt2_controller/environment/path.dsv
[58.090s] -- Up-to-date symlink: /home/jin/harco/ecvt2_ws/install/ecvt2_controller/share/ecvt2_controller/local_setup.bash
[58.090s] -- Up-to-date symlink: /home/jin/harco/ecvt2_ws/install/ecvt2_controller/share/ecvt2_controller/local_setup.sh
[58.090s] -- Up-to-date symlink: /home/jin/harco/ecvt2_ws/install/ecvt2_controller/share/ecvt2_controller/local_setup.zsh
[58.090s] -- Up-to-date symlink: /home/jin/harco/ecvt2_ws/install/ecvt2_controller/share/ecvt2_controller/local_setup.dsv
[58.090s] -- Symlinking: /home/jin/harco/ecvt2_ws/install/ecvt2_controller/share/ecvt2_controller/package.dsv
[58.094s] -- Up-to-date symlink: /home/jin/harco/ecvt2_ws/install/ecvt2_controller/share/ament_index/resource_index/packages/ecvt2_controller
[58.095s] -- Up-to-date symlink: /home/jin/harco/ecvt2_ws/install/ecvt2_controller/share/ecvt2_controller/cmake/ecvt2_controllerConfig.cmake
[58.095s] -- Up-to-date symlink: /home/jin/harco/ecvt2_ws/install/ecvt2_controller/share/ecvt2_controller/cmake/ecvt2_controllerConfig-version.cmake
[58.095s] -- Up-to-date symlink: /home/jin/harco/ecvt2_ws/install/ecvt2_controller/share/ecvt2_controller/package.xml
[58.096s] Invoked command in '/home/jin/harco/ecvt2_ws/build/ecvt2_controller' returned '0': CMAKE_PREFIX_PATH=${CMAKE_PREFIX_PATH}:/home/jin/harco/ecvt2_ws/install/ecvt2_sim:/opt/ros/humble /usr/bin/cmake --install /home/jin/harco/ecvt2_ws/build/ecvt2_controller
