[0.011s] Invoking command in '/home/jin/harco/ecvt2_ws/build/ecvt2_controller': CMAKE_PREFIX_PATH=${CMAKE_PREFIX_PATH}:/home/jin/harco/ecvt2_ws/install/ecvt2_sim:/opt/ros/humble /usr/bin/cmake /home/jin/harco/ecvt2_ws/ecvt2_controller -DAMENT_CMAKE_SYMLINK_INSTALL=1 -DCMAKE_INSTALL_PREFIX=/home/jin/harco/ecvt2_ws/install/ecvt2_controller
[0.136s] -- Found ament_cmake: 1.3.12 (/opt/ros/humble/share/ament_cmake/cmake)
[0.136s] -- Override CMake install command with custom implementation using symlinks instead of copying resources
[0.136s] -- Found rclcpp: 16.0.16 (/opt/ros/humble/share/rclcpp/cmake)
[0.136s] -- Found rosidl_generator_c: 3.1.7 (/opt/ros/humble/share/rosidl_generator_c/cmake)
[0.138s] -- Found rosidl_adapter: 3.1.7 (/opt/ros/humble/share/rosidl_adapter/cmake)
[0.138s] -- Found rosidl_generator_cpp: 3.1.7 (/opt/ros/humble/share/rosidl_generator_cpp/cmake)
[0.138s] -- Using all available rosidl_typesupport_c: rosidl_typesupport_fastrtps_c;rosidl_typesupport_introspection_c
[0.138s] -- Using all available rosidl_typesupport_cpp: rosidl_typesupport_fastrtps_cpp;rosidl_typesupport_introspection_cpp
[0.152s] -- Found rmw_implementation_cmake: 6.1.2 (/opt/ros/humble/share/rmw_implementation_cmake/cmake)
[0.153s] -- Found rmw_fastrtps_cpp: 6.2.9 (/opt/ros/humble/share/rmw_fastrtps_cpp/cmake)
[0.217s] -- Using RMW implementation 'rmw_fastrtps_cpp' as default
[0.245s] -- Found geometry_msgs: 4.9.0 (/opt/ros/humble/share/geometry_msgs/cmake)
[0.252s] -- Found sensor_msgs: 4.9.0 (/opt/ros/humble/share/sensor_msgs/cmake)
[0.261s] -- Found visualization_msgs: 4.9.0 (/opt/ros/humble/share/visualization_msgs/cmake)
[0.271s] -- Found trajectory_msgs: 4.9.0 (/opt/ros/humble/share/trajectory_msgs/cmake)
[0.283s] -- pinocchio_default FOUND. pinocchio_default at /opt/ros/humble/lib/x86_64-linux-gnu/libpinocchio_default.so
[0.283s] -- pinocchio_parsers FOUND. pinocchio_parsers at /opt/ros/humble/lib/x86_64-linux-gnu/libpinocchio_parsers.so
[0.283s] -- pinocchio_casadi not FOUND.
[0.284s] -- boost_filesystem FOUND. boost_filesystem at /usr/lib/x86_64-linux-gnu/libboost_filesystem.so
[0.289s] -- Found Boost: /usr/include (found version "1.74.0") found components: filesystem serialization 
[0.289s] [33mCMake Warning at /opt/openrobots/lib/cmake/hpp-fcl/hpp-fclConfig.cmake:4 (message):
[0.289s]   Please update your CMake from 'hpp-fcl' to 'coal', or define
[0.289s]   COAL_DISABLE_HPP_FCL_WARNINGS
[0.289s] Call Stack (most recent call first):
[0.290s]   /usr/share/cmake-3.22/Modules/CMakeFindDependencyMacro.cmake:47 (find_package)
[0.290s]   /opt/openrobots/lib/cmake/pinocchio/pinocchioConfig.cmake:161 (find_dependency)
[0.290s]   CMakeLists.txt:20 (find_package)
[0.290s] 
[0.290s] [0m
[0.290s] -- coal not FOUND.
[0.294s] -- Found Boost: /usr/include (found version "1.74.0") found components: serialization filesystem 
[0.476s] -- Default C++ standard: 201703
[0.476s] -- C++ standard sufficient: Minimal required 11, currently defined: 17
[0.476s] -- CMAKE_CXX_STANDARD was not set: automatically set to currently defined standard 17
[0.477s] -- C++ standard sufficient: Minimal required 11, currently defined: 17
[0.491s] -- Found ament_lint_auto: 0.12.14 (/opt/ros/humble/share/ament_lint_auto/cmake)
[0.552s] -- Added test 'cppcheck' to perform static code analysis on C / C++ code
[0.552s] -- Configured cppcheck include dirs: $<BUILD_INTERFACE:/home/jin/harco/ecvt2_ws/ecvt2_controller/include>
[0.552s] -- Configured cppcheck exclude dirs and/or files: 
[0.552s] -- Added test 'lint_cmake' to check CMake code style
[0.553s] -- Added test 'uncrustify' to check C / C++ code style
[0.553s] -- Configured uncrustify additional arguments: 
[0.553s] -- Added test 'xmllint' to check XML markup files
[0.553s] -- Configuring done
[0.564s] [33mCMake Warning at CMakeLists.txt:48 (add_executable):
[0.564s]   Cannot generate a safe runtime search path for target base_opt_controller
[0.564s]   because files in some directories may conflict with libraries in implicit
[0.564s]   directories:
[0.564s] 
[0.564s]     runtime library [liburdfdom_sensor.so.3.0] in /usr/lib/x86_64-linux-gnu may be hidden by files in:
[0.564s]       /opt/ros/humble/lib/x86_64-linux-gnu
[0.564s]     runtime library [liburdfdom_model_state.so.3.0] in /usr/lib/x86_64-linux-gnu may be hidden by files in:
[0.564s]       /opt/ros/humble/lib/x86_64-linux-gnu
[0.565s]     runtime library [liburdfdom_model.so.3.0] in /usr/lib/x86_64-linux-gnu may be hidden by files in:
[0.565s]       /opt/ros/humble/lib/x86_64-linux-gnu
[0.565s]     runtime library [liburdfdom_world.so.3.0] in /usr/lib/x86_64-linux-gnu may be hidden by files in:
[0.565s]       /opt/ros/humble/lib/x86_64-linux-gnu
[0.565s]     runtime library [liboctomap.so.1.9] in /usr/lib/x86_64-linux-gnu may be hidden by files in:
[0.565s]       /opt/ros/humble/lib/x86_64-linux-gnu
[0.565s]     runtime library [liboctomath.so.1.9] in /usr/lib/x86_64-linux-gnu may be hidden by files in:
[0.565s]       /opt/ros/humble/lib/x86_64-linux-gnu
[0.565s] 
[0.565s]   Some of these libraries may not be found correctly.
[0.565s] 
[0.565s] [0m
[0.565s] [33mCMake Warning at CMakeLists.txt:48 (add_executable):
[0.565s]   Cannot generate a safe runtime search path for target base_opt_controller
[0.565s]   because there is a cycle in the constraint graph:
[0.565s] 
[0.565s]     dir 0 is [/usr/local/lib]
[0.565s]     dir 1 is [/opt/ros/humble/lib]
[0.566s]     dir 2 is [/opt/ros/humble/lib/x86_64-linux-gnu]
[0.566s]       dir 3 must precede it due to runtime library [libpinocchio_parsers.so.3.9.0]
[0.566s]     dir 3 is [/opt/openrobots/lib]
[0.566s]       dir 2 must precede it due to runtime library [libpinocchio_default.so.3.9.0]
[0.566s] 
[0.566s]   Some of these libraries may not be found correctly.
[0.566s] 
[0.566s] [0m
[0.566s] [33mCMake Warning at CMakeLists.txt:59 (add_executable):
[0.566s]   Cannot generate a safe runtime search path for target wbc_hqp because files
[0.567s]   in some directories may conflict with libraries in implicit directories:
[0.567s] 
[0.567s]     runtime library [liburdfdom_sensor.so.3.0] in /usr/lib/x86_64-linux-gnu may be hidden by files in:
[0.567s]       /opt/ros/humble/lib/x86_64-linux-gnu
[0.567s]     runtime library [liburdfdom_model_state.so.3.0] in /usr/lib/x86_64-linux-gnu may be hidden by files in:
[0.567s]       /opt/ros/humble/lib/x86_64-linux-gnu
[0.567s]     runtime library [liburdfdom_model.so.3.0] in /usr/lib/x86_64-linux-gnu may be hidden by files in:
[0.567s]       /opt/ros/humble/lib/x86_64-linux-gnu
[0.567s]     runtime library [liburdfdom_world.so.3.0] in /usr/lib/x86_64-linux-gnu may be hidden by files in:
[0.567s]       /opt/ros/humble/lib/x86_64-linux-gnu
[0.567s]     runtime library [liboctomap.so.1.9] in /usr/lib/x86_64-linux-gnu may be hidden by files in:
[0.567s]       /opt/ros/humble/lib/x86_64-linux-gnu
[0.567s]     runtime library [liboctomath.so.1.9] in /usr/lib/x86_64-linux-gnu may be hidden by files in:
[0.567s]       /opt/ros/humble/lib/x86_64-linux-gnu
[0.567s] 
[0.567s]   Some of these libraries may not be found correctly.
[0.567s] 
[0.567s] [0m
[0.568s] [33mCMake Warning at CMakeLists.txt:59 (add_executable):
[0.568s]   Cannot generate a safe runtime search path for target wbc_hqp because there
[0.568s]   is a cycle in the constraint graph:
[0.568s] 
[0.568s]     dir 0 is [/usr/local/lib]
[0.568s]     dir 1 is [/opt/ros/humble/lib]
[0.568s]     dir 2 is [/opt/ros/humble/lib/x86_64-linux-gnu]
[0.568s]       dir 3 must precede it due to runtime library [libpinocchio_parsers.so.3.9.0]
[0.568s]     dir 3 is [/opt/openrobots/lib]
[0.568s]       dir 2 must precede it due to runtime library [libpinocchio_default.so.3.9.0]
[0.568s] 
[0.568s]   Some of these libraries may not be found correctly.
[0.568s] 
[0.568s] [0m
[0.569s] [33mCMake Warning at CMakeLists.txt:70 (add_executable):
[0.569s]   Cannot generate a safe runtime search path for target wbc_hqp_v2 because
[0.569s]   files in some directories may conflict with libraries in implicit
[0.569s]   directories:
[0.569s] 
[0.569s]     runtime library [liburdfdom_sensor.so.3.0] in /usr/lib/x86_64-linux-gnu may be hidden by files in:
[0.569s]       /opt/ros/humble/lib/x86_64-linux-gnu
[0.569s]     runtime library [liburdfdom_model_state.so.3.0] in /usr/lib/x86_64-linux-gnu may be hidden by files in:
[0.569s]       /opt/ros/humble/lib/x86_64-linux-gnu
[0.569s]     runtime library [liburdfdom_model.so.3.0] in /usr/lib/x86_64-linux-gnu may be hidden by files in:
[0.569s]       /opt/ros/humble/lib/x86_64-linux-gnu
[0.569s]     runtime library [liburdfdom_world.so.3.0] in /usr/lib/x86_64-linux-gnu may be hidden by files in:
[0.569s]       /opt/ros/humble/lib/x86_64-linux-gnu
[0.569s]     runtime library [liboctomap.so.1.9] in /usr/lib/x86_64-linux-gnu may be hidden by files in:
[0.569s]       /opt/ros/humble/lib/x86_64-linux-gnu
[0.569s]     runtime library [liboctomath.so.1.9] in /usr/lib/x86_64-linux-gnu may be hidden by files in:
[0.569s]       /opt/ros/humble/lib/x86_64-linux-gnu
[0.569s] 
[0.569s]   Some of these libraries may not be found correctly.
[0.569s] 
[0.569s] [0m
[0.569s] [33mCMake Warning at CMakeLists.txt:70 (add_executable):
[0.570s]   Cannot generate a safe runtime search path for target wbc_hqp_v2 because
[0.570s]   there is a cycle in the constraint graph:
[0.570s] 
[0.570s]     dir 0 is [/usr/local/lib]
[0.570s]     dir 1 is [/opt/ros/humble/lib]
[0.570s]     dir 2 is [/opt/ros/humble/lib/x86_64-linux-gnu]
[0.570s]       dir 3 must precede it due to runtime library [libpinocchio_parsers.so.3.9.0]
[0.570s]     dir 3 is [/opt/openrobots/lib]
[0.570s]       dir 2 must precede it due to runtime library [libpinocchio_default.so.3.9.0]
[0.570s] 
[0.570s]   Some of these libraries may not be found correctly.
[0.570s] 
[0.570s] [0m
[0.572s] [33mCMake Warning at CMakeLists.txt:82 (add_executable):
[0.572s]   Cannot generate a safe runtime search path for target wbc_hqp_v3 because
[0.572s]   files in some directories may conflict with libraries in implicit
[0.572s]   directories:
[0.572s] 
[0.572s]     runtime library [liburdfdom_sensor.so.3.0] in /usr/lib/x86_64-linux-gnu may be hidden by files in:
[0.572s]       /opt/ros/humble/lib/x86_64-linux-gnu
[0.572s]     runtime library [liburdfdom_model_state.so.3.0] in /usr/lib/x86_64-linux-gnu may be hidden by files in:
[0.572s]       /opt/ros/humble/lib/x86_64-linux-gnu
[0.572s]     runtime library [liburdfdom_model.so.3.0] in /usr/lib/x86_64-linux-gnu may be hidden by files in:
[0.572s]       /opt/ros/humble/lib/x86_64-linux-gnu
[0.572s]     runtime library [liburdfdom_world.so.3.0] in /usr/lib/x86_64-linux-gnu may be hidden by files in:
[0.572s]       /opt/ros/humble/lib/x86_64-linux-gnu
[0.572s]     runtime library [liboctomap.so.1.9] in /usr/lib/x86_64-linux-gnu may be hidden by files in:
[0.572s]       /opt/ros/humble/lib/x86_64-linux-gnu
[0.572s]     runtime library [liboctomath.so.1.9] in /usr/lib/x86_64-linux-gnu may be hidden by files in:
[0.572s]       /opt/ros/humble/lib/x86_64-linux-gnu
[0.572s] 
[0.572s]   Some of these libraries may not be found correctly.
[0.572s] 
[0.573s] [0m
[0.573s] [33mCMake Warning at CMakeLists.txt:82 (add_executable):
[0.573s]   Cannot generate a safe runtime search path for target wbc_hqp_v3 because
[0.573s]   there is a cycle in the constraint graph:
[0.573s] 
[0.573s]     dir 0 is [/usr/local/lib]
[0.573s]     dir 1 is [/opt/ros/humble/lib]
[0.573s]     dir 2 is [/opt/ros/humble/lib/x86_64-linux-gnu]
[0.573s]       dir 3 must precede it due to runtime library [libpinocchio_parsers.so.3.9.0]
[0.573s]     dir 3 is [/opt/openrobots/lib]
[0.573s]       dir 2 must precede it due to runtime library [libpinocchio_default.so.3.9.0]
[0.573s] 
[0.573s]   Some of these libraries may not be found correctly.
[0.573s] 
[0.573s] [0m
[0.575s] [33mCMake Warning at CMakeLists.txt:94 (add_executable):
[0.575s]   Cannot generate a safe runtime search path for target
[0.575s]   base_arm_task_controller because files in some directories may conflict
[0.575s]   with libraries in implicit directories:
[0.575s] 
[0.575s]     runtime library [liburdfdom_sensor.so.3.0] in /usr/lib/x86_64-linux-gnu may be hidden by files in:
[0.575s]       /opt/ros/humble/lib/x86_64-linux-gnu
[0.575s]     runtime library [liburdfdom_model_state.so.3.0] in /usr/lib/x86_64-linux-gnu may be hidden by files in:
[0.575s]       /opt/ros/humble/lib/x86_64-linux-gnu
[0.575s]     runtime library [liburdfdom_model.so.3.0] in /usr/lib/x86_64-linux-gnu may be hidden by files in:
[0.575s]       /opt/ros/humble/lib/x86_64-linux-gnu
[0.575s]     runtime library [liburdfdom_world.so.3.0] in /usr/lib/x86_64-linux-gnu may be hidden by files in:
[0.575s]       /opt/ros/humble/lib/x86_64-linux-gnu
[0.575s]     runtime library [liboctomap.so.1.9] in /usr/lib/x86_64-linux-gnu may be hidden by files in:
[0.575s]       /opt/ros/humble/lib/x86_64-linux-gnu
[0.575s]     runtime library [liboctomath.so.1.9] in /usr/lib/x86_64-linux-gnu may be hidden by files in:
[0.576s]       /opt/ros/humble/lib/x86_64-linux-gnu
[0.576s] 
[0.576s]   Some of these libraries may not be found correctly.
[0.576s] 
[0.576s] [0m
[0.576s] [33mCMake Warning at CMakeLists.txt:94 (add_executable):
[0.576s]   Cannot generate a safe runtime search path for target
[0.576s]   base_arm_task_controller because there is a cycle in the constraint graph:
[0.576s] 
[0.576s]     dir 0 is [/usr/local/lib]
[0.576s]     dir 1 is [/opt/ros/humble/lib]
[0.576s]     dir 2 is [/opt/ros/humble/lib/x86_64-linux-gnu]
[0.576s]       dir 3 must precede it due to runtime library [libpinocchio_parsers.so.3.9.0]
[0.576s]     dir 3 is [/opt/openrobots/lib]
[0.576s]       dir 2 must precede it due to runtime library [libpinocchio_default.so.3.9.0]
[0.576s] 
[0.576s]   Some of these libraries may not be found correctly.
[0.576s] 
[0.576s] [0m
[0.578s] [33mCMake Warning at CMakeLists.txt:105 (add_executable):
[0.578s]   Cannot generate a safe runtime search path for target
[0.578s]   base_arm_task_controller_v2 because files in some directories may conflict
[0.578s]   with libraries in implicit directories:
[0.578s] 
[0.578s]     runtime library [liburdfdom_sensor.so.3.0] in /usr/lib/x86_64-linux-gnu may be hidden by files in:
[0.578s]       /opt/ros/humble/lib/x86_64-linux-gnu
[0.578s]     runtime library [liburdfdom_model_state.so.3.0] in /usr/lib/x86_64-linux-gnu may be hidden by files in:
[0.578s]       /opt/ros/humble/lib/x86_64-linux-gnu
[0.578s]     runtime library [liburdfdom_model.so.3.0] in /usr/lib/x86_64-linux-gnu may be hidden by files in:
[0.578s]       /opt/ros/humble/lib/x86_64-linux-gnu
[0.578s]     runtime library [liburdfdom_world.so.3.0] in /usr/lib/x86_64-linux-gnu may be hidden by files in:
[0.578s]       /opt/ros/humble/lib/x86_64-linux-gnu
[0.578s]     runtime library [liboctomap.so.1.9] in /usr/lib/x86_64-linux-gnu may be hidden by files in:
[0.578s]       /opt/ros/humble/lib/x86_64-linux-gnu
[0.578s]     runtime library [liboctomath.so.1.9] in /usr/lib/x86_64-linux-gnu may be hidden by files in:
[0.578s]       /opt/ros/humble/lib/x86_64-linux-gnu
[0.578s] 
[0.578s]   Some of these libraries may not be found correctly.
[0.578s] 
[0.578s] [0m
[0.578s] [33mCMake Warning at CMakeLists.txt:105 (add_executable):
[0.578s]   Cannot generate a safe runtime search path for target
[0.578s]   base_arm_task_controller_v2 because there is a cycle in the constraint
[0.578s]   graph:
[0.578s] 
[0.579s]     dir 0 is [/usr/local/lib]
[0.579s]     dir 1 is [/opt/ros/humble/lib]
[0.579s]     dir 2 is [/opt/ros/humble/lib/x86_64-linux-gnu]
[0.579s]       dir 3 must precede it due to runtime library [libpinocchio_parsers.so.3.9.0]
[0.579s]     dir 3 is [/opt/openrobots/lib]
[0.579s]       dir 2 must precede it due to runtime library [libpinocchio_default.so.3.9.0]
[0.579s] 
[0.579s]   Some of these libraries may not be found correctly.
[0.579s] 
[0.579s] [0m
[0.583s] [33mCMake Warning at CMakeLists.txt:129 (add_executable):
[0.583s]   Cannot generate a safe runtime search path for target pin_test because
[0.583s]   files in some directories may conflict with libraries in implicit
[0.583s]   directories:
[0.583s] 
[0.583s]     runtime library [liburdfdom_sensor.so.3.0] in /usr/lib/x86_64-linux-gnu may be hidden by files in:
[0.583s]       /opt/ros/humble/lib/x86_64-linux-gnu
[0.583s]     runtime library [liburdfdom_model_state.so.3.0] in /usr/lib/x86_64-linux-gnu may be hidden by files in:
[0.583s]       /opt/ros/humble/lib/x86_64-linux-gnu
[0.584s]     runtime library [liburdfdom_model.so.3.0] in /usr/lib/x86_64-linux-gnu may be hidden by files in:
[0.584s]       /opt/ros/humble/lib/x86_64-linux-gnu
[0.584s]     runtime library [liburdfdom_world.so.3.0] in /usr/lib/x86_64-linux-gnu may be hidden by files in:
[0.584s]       /opt/ros/humble/lib/x86_64-linux-gnu
[0.584s]     runtime library [liboctomap.so.1.9] in /usr/lib/x86_64-linux-gnu may be hidden by files in:
[0.584s]       /opt/ros/humble/lib/x86_64-linux-gnu
[0.584s]     runtime library [liboctomath.so.1.9] in /usr/lib/x86_64-linux-gnu may be hidden by files in:
[0.584s]       /opt/ros/humble/lib/x86_64-linux-gnu
[0.584s] 
[0.584s]   Some of these libraries may not be found correctly.
[0.584s] 
[0.584s] [0m
[0.584s] [33mCMake Warning at CMakeLists.txt:129 (add_executable):
[0.584s]   Cannot generate a safe runtime search path for target pin_test because
[0.584s]   there is a cycle in the constraint graph:
[0.584s] 
[0.584s]     dir 0 is [/opt/ros/humble/lib]
[0.584s]     dir 1 is [/opt/openrobots/lib]
[0.584s]       dir 2 must precede it due to runtime library [libpinocchio_default.so.3.9.0]
[0.584s]     dir 2 is [/opt/ros/humble/lib/x86_64-linux-gnu]
[0.584s]       dir 1 must precede it due to runtime library [libpinocchio_parsers.so.3.9.0]
[0.584s] 
[0.584s]   Some of these libraries may not be found correctly.
[0.584s] 
[0.584s] [0m
[0.591s] -- Generating done
[0.603s] -- Build files have been written to: /home/jin/harco/ecvt2_ws/build/ecvt2_controller
[0.609s] Invoked command in '/home/jin/harco/ecvt2_ws/build/ecvt2_controller' returned '0': CMAKE_PREFIX_PATH=${CMAKE_PREFIX_PATH}:/home/jin/harco/ecvt2_ws/install/ecvt2_sim:/opt/ros/humble /usr/bin/cmake /home/jin/harco/ecvt2_ws/ecvt2_controller -DAMENT_CMAKE_SYMLINK_INSTALL=1 -DCMAKE_INSTALL_PREFIX=/home/jin/harco/ecvt2_ws/install/ecvt2_controller
[0.610s] Invoking command in '/home/jin/harco/ecvt2_ws/build/ecvt2_controller': CMAKE_PREFIX_PATH=${CMAKE_PREFIX_PATH}:/home/jin/harco/ecvt2_ws/install/ecvt2_sim:/opt/ros/humble /usr/bin/cmake --build /home/jin/harco/ecvt2_ws/build/ecvt2_controller -- -j20 -l20
[0.637s] [35m[1mConsolidate compiler generated dependencies of target com_trajectory_publisher[0m
[0.637s] [35m[1mConsolidate compiler generated dependencies of target teleop_goal_publisher[0m
[0.638s] [35m[1mConsolidate compiler generated dependencies of target vp_sto_global_planner_node[0m
[0.638s] [35m[1mConsolidate compiler generated dependencies of target live_upper_dynamics_node[0m
[0.638s] [35m[1mConsolidate compiler generated dependencies of target vp_sto_paper_global_planner_node[0m
[0.639s] [35m[1mConsolidate compiler generated dependencies of target wbc_hqp_lib[0m
[0.641s] [35m[1mConsolidate compiler generated dependencies of target kdl_utils[0m
[0.646s] [ 14%] Built target com_trajectory_publisher
[0.646s] [ 14%] Built target teleop_goal_publisher
[0.650s] [ 21%] Built target wbc_hqp_lib
[0.658s] [ 25%] [32mBuilding CXX object CMakeFiles/vp_sto_global_planner_node.dir/src/vp_sto_global_planner_node.cpp.o[0m
[0.659s] [ 39%] Built target live_upper_dynamics_node
[0.659s] [ 39%] Built target vp_sto_paper_global_planner_node
[0.662s] [ 46%] Built target kdl_utils
[0.668s] [35m[1mConsolidate compiler generated dependencies of target wbc_hqp_v2[0m
[0.668s] [35m[1mConsolidate compiler generated dependencies of target wbc_hqp_v3[0m
[0.668s] [35m[1mConsolidate compiler generated dependencies of target base_arm_task_controller[0m
[0.668s] [35m[1mConsolidate compiler generated dependencies of target base_opt_controller[0m
[0.669s] [35m[1mConsolidate compiler generated dependencies of target pin_test[0m
[0.671s] [35m[1mConsolidate compiler generated dependencies of target wbc_hqp[0m
[0.671s] [35m[1mConsolidate compiler generated dependencies of target base_arm_task_controller_v2[0m
[0.679s] [ 75%] Built target base_opt_controller
[0.679s] [ 75%] Built target base_arm_task_controller
[0.679s] [ 75%] Built target wbc_hqp_v3
[0.679s] [ 75%] Built target wbc_hqp_v2
[0.686s] [ 82%] Built target base_arm_task_controller_v2
[0.688s] [ 89%] Built target pin_test
[0.689s] [ 96%] Built target wbc_hqp
[3.637s] In file included from [01m[K/opt/openrobots/include/hpp/fcl/config.hh:1[m[K,
[3.637s]                  from [01m[K/opt/openrobots/include/pinocchio/serialization/eigen.hpp:20[m[K,
[3.637s]                  from [01m[K/opt/openrobots/include/pinocchio/serialization/fwd.hpp:11[m[K,
[3.637s]                  from [01m[K/opt/openrobots/include/pinocchio/multibody/joint/joint-composite.hpp:14[m[K,
[3.637s]                  from [01m[K/opt/openrobots/include/pinocchio/multibody/joint/joint-generic.hpp:9[m[K,
[3.637s]                  from [01m[K/opt/openrobots/include/pinocchio/multibody/model.hpp:17[m[K,
[3.637s]                  from [01m[K/opt/openrobots/include/pinocchio/parsers/urdf.hpp:9[m[K,
[3.637s]                  from [01m[K/home/jin/harco/ecvt2_ws/ecvt2_controller/src/vp_sto_global_planner_node.cpp:7[m[K:
[3.637s] [01m[K/opt/openrobots/include/hpp/fcl/coal.hpp:12:99:[m[K [01;36m[Knote: [m[K‘[01m[K#pragma message: Please update your includes from 'hpp/fcl' to 'coal' or define COAL_DISABLE_HPP_FCL_WARNINGS[m[K’
[3.637s]    12 |     "Please update your includes from 'hpp/fcl' to 'coal' or define COAL_DISABLE_HPP_FCL_WARNINGS"[01;36m[K)[m[K
[3.637s]       |                                                                                                   [01;36m[K^[m[K
[40.335s] [100%] [32m[1mLinking CXX executable vp_sto_global_planner_node[0m
[41.750s] [100%] Built target vp_sto_global_planner_node
[41.760s] Invoked command in '/home/jin/harco/ecvt2_ws/build/ecvt2_controller' returned '0': CMAKE_PREFIX_PATH=${CMAKE_PREFIX_PATH}:/home/jin/harco/ecvt2_ws/install/ecvt2_sim:/opt/ros/humble /usr/bin/cmake --build /home/jin/harco/ecvt2_ws/build/ecvt2_controller -- -j20 -l20
[41.760s] Invoking command in '/home/jin/harco/ecvt2_ws/build/ecvt2_controller': CMAKE_PREFIX_PATH=${CMAKE_PREFIX_PATH}:/home/jin/harco/ecvt2_ws/install/ecvt2_sim:/opt/ros/humble /usr/bin/cmake --install /home/jin/harco/ecvt2_ws/build/ecvt2_controller
[41.765s] -- Install configuration: ""
[41.765s] -- Execute custom install script
[41.766s] -- Up-to-date symlink: /home/jin/harco/ecvt2_ws/install/ecvt2_controller/lib/ecvt2_controller/teleop_goal_publisher
[41.766s] -- Up-to-date symlink: /home/jin/harco/ecvt2_ws/install/ecvt2_controller/lib/ecvt2_controller/live_upper_dynamics_node
[41.766s] -- Up-to-date symlink: /home/jin/harco/ecvt2_ws/install/ecvt2_controller/lib/ecvt2_controller/vp_sto_global_planner_node
[41.766s] -- Up-to-date symlink: /home/jin/harco/ecvt2_ws/install/ecvt2_controller/lib/ecvt2_controller/vp_sto_paper_global_planner_node
[41.766s] -- Up-to-date symlink: /home/jin/harco/ecvt2_ws/install/ecvt2_controller/include/ecvt2_controller/kdl_utils.hpp
[41.766s] -- Up-to-date symlink: /home/jin/harco/ecvt2_ws/install/ecvt2_controller/include/ecvt2_controller/wbc_hqp_lib.hpp
[41.766s] -- Up-to-date symlink: /home/jin/harco/ecvt2_ws/install/ecvt2_controller/lib/libkdl_utils.a
[41.766s] -- Up-to-date symlink: /home/jin/harco/ecvt2_ws/install/ecvt2_controller/lib/libwbc_hqp_lib.a
[41.766s] -- Up-to-date symlink: /home/jin/harco/ecvt2_ws/install/ecvt2_controller/lib/ecvt2_controller/base_opt_controller
[41.766s] -- Up-to-date symlink: /home/jin/harco/ecvt2_ws/install/ecvt2_controller/lib/ecvt2_controller/wbc_hqp
[41.766s] -- Up-to-date symlink: /home/jin/harco/ecvt2_ws/install/ecvt2_controller/lib/ecvt2_controller/wbc_hqp_v2
[41.767s] -- Up-to-date symlink: /home/jin/harco/ecvt2_ws/install/ecvt2_controller/lib/ecvt2_controller/wbc_hqp_v3
[41.767s] -- Up-to-date symlink: /home/jin/harco/ecvt2_ws/install/ecvt2_controller/lib/ecvt2_controller/base_arm_task_controller
[41.767s] -- Up-to-date symlink: /home/jin/harco/ecvt2_ws/install/ecvt2_controller/lib/ecvt2_controller/base_arm_task_controller_v2
[41.767s] -- Up-to-date symlink: /home/jin/harco/ecvt2_ws/install/ecvt2_controller/lib/ecvt2_controller/teleop_goal_publisher
[41.767s] -- Up-to-date symlink: /home/jin/harco/ecvt2_ws/install/ecvt2_controller/lib/ecvt2_controller/com_trajectory_publisher
[41.767s] -- Up-to-date symlink: /home/jin/harco/ecvt2_ws/install/ecvt2_controller/lib/ecvt2_controller/pin_test
[41.767s] -- Up-to-date symlink: /home/jin/harco/ecvt2_ws/install/ecvt2_controller/share/ament_index/resource_index/package_run_dependencies/ecvt2_controller
[41.767s] -- Up-to-date symlink: /home/jin/harco/ecvt2_ws/install/ecvt2_controller/share/ament_index/resource_index/parent_prefix_path/ecvt2_controller
[41.767s] -- Up-to-date symlink: /home/jin/harco/ecvt2_ws/install/ecvt2_controller/share/ecvt2_controller/environment/ament_prefix_path.sh
[41.767s] -- Up-to-date symlink: /home/jin/harco/ecvt2_ws/install/ecvt2_controller/share/ecvt2_controller/environment/ament_prefix_path.dsv
[41.767s] -- Up-to-date symlink: /home/jin/harco/ecvt2_ws/install/ecvt2_controller/share/ecvt2_controller/environment/path.sh
[41.767s] -- Up-to-date symlink: /home/jin/harco/ecvt2_ws/install/ecvt2_controller/share/ecvt2_controller/environment/path.dsv
[41.767s] -- Up-to-date symlink: /home/jin/harco/ecvt2_ws/install/ecvt2_controller/share/ecvt2_controller/local_setup.bash
[41.767s] -- Up-to-date symlink: /home/jin/harco/ecvt2_ws/install/ecvt2_controller/share/ecvt2_controller/local_setup.sh
[41.767s] -- Up-to-date symlink: /home/jin/harco/ecvt2_ws/install/ecvt2_controller/share/ecvt2_controller/local_setup.zsh
[41.767s] -- Up-to-date symlink: /home/jin/harco/ecvt2_ws/install/ecvt2_controller/share/ecvt2_controller/local_setup.dsv
[41.767s] -- Symlinking: /home/jin/harco/ecvt2_ws/install/ecvt2_controller/share/ecvt2_controller/package.dsv
[41.775s] -- Up-to-date symlink: /home/jin/harco/ecvt2_ws/install/ecvt2_controller/share/ament_index/resource_index/packages/ecvt2_controller
[41.775s] -- Up-to-date symlink: /home/jin/harco/ecvt2_ws/install/ecvt2_controller/share/ecvt2_controller/cmake/ecvt2_controllerConfig.cmake
[41.775s] -- Up-to-date symlink: /home/jin/harco/ecvt2_ws/install/ecvt2_controller/share/ecvt2_controller/cmake/ecvt2_controllerConfig-version.cmake
[41.775s] -- Up-to-date symlink: /home/jin/harco/ecvt2_ws/install/ecvt2_controller/share/ecvt2_controller/package.xml
[41.776s] Invoked command in '/home/jin/harco/ecvt2_ws/build/ecvt2_controller' returned '0': CMAKE_PREFIX_PATH=${CMAKE_PREFIX_PATH}:/home/jin/harco/ecvt2_ws/install/ecvt2_sim:/opt/ros/humble /usr/bin/cmake --install /home/jin/harco/ecvt2_ws/build/ecvt2_controller
