[0.863s] Invoking command in '/home/jin/harco/ecvt2_ws/ecvt2_sim': PYTHONPATH=/home/jin/harco/ecvt2_ws/build/ecvt2_sim/prefix_override:/usr/lib/python3/dist-packages/colcon_core/task/python/colcon_distutils_commands:/home/jin/harco/ecvt2_ws/install/ecvt2_sim/lib/python3.10/site-packages:${PYTHONPATH} /usr/bin/python3 -W ignore:setup.py install is deprecated -W ignore:easy_install command is deprecated setup.py egg_info --egg-base ../build/ecvt2_sim build --build-base /home/jin/harco/ecvt2_ws/build/ecvt2_sim/build install --record /home/jin/harco/ecvt2_ws/build/ecvt2_sim/install.log --single-version-externally-managed install_data
[1.148s] running egg_info
[1.164s] writing ../build/ecvt2_sim/ecvt2_sim.egg-info/PKG-INFO
[1.165s] writing dependency_links to ../build/ecvt2_sim/ecvt2_sim.egg-info/dependency_links.txt
[1.166s] writing entry points to ../build/ecvt2_sim/ecvt2_sim.egg-info/entry_points.txt
[1.166s] writing requirements to ../build/ecvt2_sim/ecvt2_sim.egg-info/requires.txt
[1.166s] writing top-level names to ../build/ecvt2_sim/ecvt2_sim.egg-info/top_level.txt
[1.209s] reading manifest file '../build/ecvt2_sim/ecvt2_sim.egg-info/SOURCES.txt'
[1.211s] writing manifest file '../build/ecvt2_sim/ecvt2_sim.egg-info/SOURCES.txt'
[1.211s] running build
[1.211s] running build_py
[1.211s] copying ecvt2_sim/robot_node.py -> /home/jin/harco/ecvt2_ws/build/ecvt2_sim/build/lib/ecvt2_sim
[1.212s] copying ecvt2_sim/sin_velocity_publisher.py -> /home/jin/harco/ecvt2_ws/build/ecvt2_sim/build/lib/ecvt2_sim
[1.212s] copying ecvt2_sim/upper_node.py -> /home/jin/harco/ecvt2_ws/build/ecvt2_sim/build/lib/ecvt2_sim
[1.212s] copying ecvt2_sim/test_upper_node.py -> /home/jin/harco/ecvt2_ws/build/ecvt2_sim/build/lib/ecvt2_sim
[1.213s] copying ecvt2_sim/plot_passive_csv.py -> /home/jin/harco/ecvt2_ws/build/ecvt2_sim/build/lib/ecvt2_sim
[1.213s] copying ecvt2_sim/test_robot_node.py -> /home/jin/harco/ecvt2_ws/build/ecvt2_sim/build/lib/ecvt2_sim
[1.213s] copying ecvt2_sim/__init__.py -> /home/jin/harco/ecvt2_ws/build/ecvt2_sim/build/lib/ecvt2_sim
[1.213s] copying ecvt2_sim/plot_passive_joints.py -> /home/jin/harco/ecvt2_ws/build/ecvt2_sim/build/lib/ecvt2_sim
[1.216s] running install
[1.221s] running install_lib
[1.241s] copying /home/jin/harco/ecvt2_ws/build/ecvt2_sim/build/lib/ecvt2_sim/plot_passive_csv.py -> /home/jin/harco/ecvt2_ws/install/ecvt2_sim/lib/python3.10/site-packages/ecvt2_sim
[1.242s] byte-compiling /home/jin/harco/ecvt2_ws/install/ecvt2_sim/lib/python3.10/site-packages/ecvt2_sim/plot_passive_csv.py to plot_passive_csv.cpython-310.pyc
[1.245s] running install_data
[1.245s] copying resource/ecvt2_sim -> /home/jin/harco/ecvt2_ws/install/ecvt2_sim/share/ament_index/resource_index/packages
[1.245s] copying package.xml -> /home/jin/harco/ecvt2_ws/install/ecvt2_sim/share/ecvt2_sim
[1.246s] copying launch/test_upper_bringup.launch.py -> /home/jin/harco/ecvt2_ws/install/ecvt2_sim/share/ecvt2_sim/launch
[1.246s] copying launch/test_bringup.launch.py -> /home/jin/harco/ecvt2_ws/install/ecvt2_sim/share/ecvt2_sim/launch
[1.246s] copying launch/bringup.launch.py -> /home/jin/harco/ecvt2_ws/install/ecvt2_sim/share/ecvt2_sim/launch
[1.246s] copying launch/upper_bringup.launch.py -> /home/jin/harco/ecvt2_ws/install/ecvt2_sim/share/ecvt2_sim/launch
[1.246s] copying rviz/ecvt.rviz -> /home/jin/harco/ecvt2_ws/install/ecvt2_sim/share/ecvt2_sim/rviz
[1.247s] copying rviz/base_opt.rviz -> /home/jin/harco/ecvt2_ws/install/ecvt2_sim/share/ecvt2_sim/rviz
[1.247s] running install_egg_info
[1.261s] removing '/home/jin/harco/ecvt2_ws/install/ecvt2_sim/lib/python3.10/site-packages/ecvt2_sim-0.0.1-py3.10.egg-info' (and everything under it)
[1.261s] Copying ../build/ecvt2_sim/ecvt2_sim.egg-info to /home/jin/harco/ecvt2_ws/install/ecvt2_sim/lib/python3.10/site-packages/ecvt2_sim-0.0.1-py3.10.egg-info
[1.261s] running install_scripts
[1.421s] Installing plot_passive_csv script to /home/jin/harco/ecvt2_ws/install/ecvt2_sim/lib/ecvt2_sim
[1.421s] Installing plot_passive_joints script to /home/jin/harco/ecvt2_ws/install/ecvt2_sim/lib/ecvt2_sim
[1.422s] Installing robot_node script to /home/jin/harco/ecvt2_ws/install/ecvt2_sim/lib/ecvt2_sim
[1.422s] Installing sin_velocity_publisher script to /home/jin/harco/ecvt2_ws/install/ecvt2_sim/lib/ecvt2_sim
[1.422s] Installing test_robot_node script to /home/jin/harco/ecvt2_ws/install/ecvt2_sim/lib/ecvt2_sim
[1.424s] Installing test_upper_node script to /home/jin/harco/ecvt2_ws/install/ecvt2_sim/lib/ecvt2_sim
[1.424s] Installing upper_node script to /home/jin/harco/ecvt2_ws/install/ecvt2_sim/lib/ecvt2_sim
[1.424s] writing list of installed files to '/home/jin/harco/ecvt2_ws/build/ecvt2_sim/install.log'
[1.452s] Invoked command in '/home/jin/harco/ecvt2_ws/ecvt2_sim' returned '0': PYTHONPATH=/home/jin/harco/ecvt2_ws/build/ecvt2_sim/prefix_override:/usr/lib/python3/dist-packages/colcon_core/task/python/colcon_distutils_commands:/home/jin/harco/ecvt2_ws/install/ecvt2_sim/lib/python3.10/site-packages:${PYTHONPATH} /usr/bin/python3 -W ignore:setup.py install is deprecated -W ignore:easy_install command is deprecated setup.py egg_info --egg-base ../build/ecvt2_sim build --build-base /home/jin/harco/ecvt2_ws/build/ecvt2_sim/build install --record /home/jin/harco/ecvt2_ws/build/ecvt2_sim/install.log --single-version-externally-managed install_data
