-- Install configuration: ""
-- Execute custom install script
-- Up-to-date symlink: /home/jin/harco/ecvt2_ws/install/forestry_robot_mjcf/share/forestry_robot_mjcf//asset/FL1.STL
-- Up-to-date symlink: /home/jin/harco/ecvt2_ws/install/forestry_robot_mjcf/share/forestry_robot_mjcf//asset/FL2.STL
-- Up-to-date symlink: /home/jin/harco/ecvt2_ws/install/forestry_robot_mjcf/share/forestry_robot_mjcf//asset/FL3.STL
-- Up-to-date symlink: /home/jin/harco/ecvt2_ws/install/forestry_robot_mjcf/share/forestry_robot_mjcf//asset/FL4.STL
-- Up-to-date symlink: /home/jin/harco/ecvt2_ws/install/forestry_robot_mjcf/share/forestry_robot_mjcf//asset/FL5.STL
-- Up-to-date symlink: /home/jin/harco/ecvt2_ws/install/forestry_robot_mjcf/share/forestry_robot_mjcf//asset/FLD02.STL
-- Up-to-date symlink: /home/jin/harco/ecvt2_ws/install/forestry_robot_mjcf/share/forestry_robot_mjcf//asset/FLD1.STL
-- Up-to-date symlink: /home/jin/harco/ecvt2_ws/install/forestry_robot_mjcf/share/forestry_robot_mjcf//asset/FLD12.STL
-- Up-to-date symlink: /home/jin/harco/ecvt2_ws/install/forestry_robot_mjcf/share/forestry_robot_mjcf//asset/FLD2.STL
-- Up-to-date symlink: /home/jin/harco/ecvt2_ws/install/forestry_robot_mjcf/share/forestry_robot_mjcf//asset/FLD4.STL
-- Up-to-date symlink: /home/jin/harco/ecvt2_ws/install/forestry_robot_mjcf/share/forestry_robot_mjcf//asset/FLW.STL
-- Up-to-date symlink: /home/jin/harco/ecvt2_ws/install/forestry_robot_mjcf/share/forestry_robot_mjcf//asset/FR1.STL
-- Up-to-date symlink: /home/jin/harco/ecvt2_ws/install/forestry_robot_mjcf/share/forestry_robot_mjcf//asset/FR2.STL
-- Up-to-date symlink: /home/jin/harco/ecvt2_ws/install/forestry_robot_mjcf/share/forestry_robot_mjcf//asset/FR3.STL
-- Up-to-date symlink: /home/jin/harco/ecvt2_ws/install/forestry_robot_mjcf/share/forestry_robot_mjcf//asset/FR4.STL
-- Up-to-date symlink: /home/jin/harco/ecvt2_ws/install/forestry_robot_mjcf/share/forestry_robot_mjcf//asset/FR5.STL
-- Up-to-date symlink: /home/jin/harco/ecvt2_ws/install/forestry_robot_mjcf/share/forestry_robot_mjcf//asset/FRD02.STL
-- Up-to-date symlink: /home/jin/harco/ecvt2_ws/install/forestry_robot_mjcf/share/forestry_robot_mjcf//asset/FRD1.STL
-- Up-to-date symlink: /home/jin/harco/ecvt2_ws/install/forestry_robot_mjcf/share/forestry_robot_mjcf//asset/FRD12.STL
-- Up-to-date symlink: /home/jin/harco/ecvt2_ws/install/forestry_robot_mjcf/share/forestry_robot_mjcf//asset/FRD2.STL
-- Up-to-date symlink: /home/jin/harco/ecvt2_ws/install/forestry_robot_mjcf/share/forestry_robot_mjcf//asset/FRD4.STL
-- Up-to-date symlink: /home/jin/harco/ecvt2_ws/install/forestry_robot_mjcf/share/forestry_robot_mjcf//asset/FRW.STL
-- Up-to-date symlink: /home/jin/harco/ecvt2_ws/install/forestry_robot_mjcf/share/forestry_robot_mjcf//asset/RL1.STL
-- Up-to-date symlink: /home/jin/harco/ecvt2_ws/install/forestry_robot_mjcf/share/forestry_robot_mjcf//asset/RL2.STL
-- Up-to-date symlink: /home/jin/harco/ecvt2_ws/install/forestry_robot_mjcf/share/forestry_robot_mjcf//asset/RL3.STL
-- Up-to-date symlink: /home/jin/harco/ecvt2_ws/install/forestry_robot_mjcf/share/forestry_robot_mjcf//asset/RL4.STL
-- Up-to-date symlink: /home/jin/harco/ecvt2_ws/install/forestry_robot_mjcf/share/forestry_robot_mjcf//asset/RL5.STL
-- Up-to-date symlink: /home/jin/harco/ecvt2_ws/install/forestry_robot_mjcf/share/forestry_robot_mjcf//asset/RLD02.STL
-- Up-to-date symlink: /home/jin/harco/ecvt2_ws/install/forestry_robot_mjcf/share/forestry_robot_mjcf//asset/RLD1.STL
-- Up-to-date symlink: /home/jin/harco/ecvt2_ws/install/forestry_robot_mjcf/share/forestry_robot_mjcf//asset/RLD12.STL
-- Up-to-date symlink: /home/jin/harco/ecvt2_ws/install/forestry_robot_mjcf/share/forestry_robot_mjcf//asset/RLD2.STL
-- Up-to-date symlink: /home/jin/harco/ecvt2_ws/install/forestry_robot_mjcf/share/forestry_robot_mjcf//asset/RLD4.STL
-- Up-to-date symlink: /home/jin/harco/ecvt2_ws/install/forestry_robot_mjcf/share/forestry_robot_mjcf//asset/RLW.STL
-- Up-to-date symlink: /home/jin/harco/ecvt2_ws/install/forestry_robot_mjcf/share/forestry_robot_mjcf//asset/RR1.STL
-- Up-to-date symlink: /home/jin/harco/ecvt2_ws/install/forestry_robot_mjcf/share/forestry_robot_mjcf//asset/RR2.STL
-- Up-to-date symlink: /home/jin/harco/ecvt2_ws/install/forestry_robot_mjcf/share/forestry_robot_mjcf//asset/RR3.STL
-- Up-to-date symlink: /home/jin/harco/ecvt2_ws/install/forestry_robot_mjcf/share/forestry_robot_mjcf//asset/RR4.STL
-- Up-to-date symlink: /home/jin/harco/ecvt2_ws/install/forestry_robot_mjcf/share/forestry_robot_mjcf//asset/RR5.STL
-- Up-to-date symlink: /home/jin/harco/ecvt2_ws/install/forestry_robot_mjcf/share/forestry_robot_mjcf//asset/RRD02.STL
-- Up-to-date symlink: /home/jin/harco/ecvt2_ws/install/forestry_robot_mjcf/share/forestry_robot_mjcf//asset/RRD1.STL
-- Up-to-date symlink: /home/jin/harco/ecvt2_ws/install/forestry_robot_mjcf/share/forestry_robot_mjcf//asset/RRD12.STL
-- Up-to-date symlink: /home/jin/harco/ecvt2_ws/install/forestry_robot_mjcf/share/forestry_robot_mjcf//asset/RRD2.STL
-- Up-to-date symlink: /home/jin/harco/ecvt2_ws/install/forestry_robot_mjcf/share/forestry_robot_mjcf//asset/RRD4.STL
-- Up-to-date symlink: /home/jin/harco/ecvt2_ws/install/forestry_robot_mjcf/share/forestry_robot_mjcf//asset/RRW.STL
-- Up-to-date symlink: /home/jin/harco/ecvt2_ws/install/forestry_robot_mjcf/share/forestry_robot_mjcf//asset/TOOL1.STL
-- Up-to-date symlink: /home/jin/harco/ecvt2_ws/install/forestry_robot_mjcf/share/forestry_robot_mjcf//asset/UP1.STL
-- Up-to-date symlink: /home/jin/harco/ecvt2_ws/install/forestry_robot_mjcf/share/forestry_robot_mjcf//asset/UP2.STL
-- Up-to-date symlink: /home/jin/harco/ecvt2_ws/install/forestry_robot_mjcf/share/forestry_robot_mjcf//asset/UP3.STL
-- Up-to-date symlink: /home/jin/harco/ecvt2_ws/install/forestry_robot_mjcf/share/forestry_robot_mjcf//asset/UP4.STL
-- Up-to-date symlink: /home/jin/harco/ecvt2_ws/install/forestry_robot_mjcf/share/forestry_robot_mjcf//asset/UP5.STL
-- Up-to-date symlink: /home/jin/harco/ecvt2_ws/install/forestry_robot_mjcf/share/forestry_robot_mjcf//asset/UP6.STL
-- Up-to-date symlink: /home/jin/harco/ecvt2_ws/install/forestry_robot_mjcf/share/forestry_robot_mjcf//asset/base_link.STL
-- Up-to-date symlink: /home/jin/harco/ecvt2_ws/install/forestry_robot_mjcf/share/forestry_robot_mjcf//xml/ecvt_v2.urdf
-- Up-to-date symlink: /home/jin/harco/ecvt2_ws/install/forestry_robot_mjcf/share/forestry_robot_mjcf//xml/ecvt_v2.xml
-- Up-to-date symlink: /home/jin/harco/ecvt2_ws/install/forestry_robot_mjcf/share/forestry_robot_mjcf//xml/ecvt_v2_simplify.urdf
-- Up-to-date symlink: /home/jin/harco/ecvt2_ws/install/forestry_robot_mjcf/share/forestry_robot_mjcf//xml/ecvt_v2_upper.urdf
-- Up-to-date symlink: /home/jin/harco/ecvt2_ws/install/forestry_robot_mjcf/share/forestry_robot_mjcf//xml/ecvt_v2_upper.xml
-- Up-to-date symlink: /home/jin/harco/ecvt2_ws/install/forestry_robot_mjcf/share/forestry_robot_mjcf//xml/scene.xml
-- Up-to-date symlink: /home/jin/harco/ecvt2_ws/install/forestry_robot_mjcf/share/forestry_robot_mjcf//xml/scene2.xml
-- Up-to-date symlink: /home/jin/harco/ecvt2_ws/install/forestry_robot_mjcf/share/forestry_robot_mjcf//xml/scene2_upper.xml
-- Up-to-date symlink: /home/jin/harco/ecvt2_ws/install/forestry_robot_mjcf/share/forestry_robot_mjcf//xml/simple_model_for_urdf.SLDASM_back.urdf
-- Up-to-date symlink: /home/jin/harco/ecvt2_ws/install/forestry_robot_mjcf/share/forestry_robot_mjcf//xml/test_scene.xml
-- Up-to-date symlink: /home/jin/harco/ecvt2_ws/install/forestry_robot_mjcf/share/forestry_robot_mjcf//xml/tire_test.xml
-- Up-to-date symlink: /home/jin/harco/ecvt2_ws/install/forestry_robot_mjcf/share/forestry_robot_mjcf/resource/forestry_robot_mjcf
-- Up-to-date symlink: /home/jin/harco/ecvt2_ws/install/forestry_robot_mjcf/share/ament_index/resource_index/package_run_dependencies/forestry_robot_mjcf
-- Up-to-date symlink: /home/jin/harco/ecvt2_ws/install/forestry_robot_mjcf/share/ament_index/resource_index/parent_prefix_path/forestry_robot_mjcf
-- Up-to-date symlink: /home/jin/harco/ecvt2_ws/install/forestry_robot_mjcf/share/forestry_robot_mjcf/environment/ament_prefix_path.sh
-- Up-to-date symlink: /home/jin/harco/ecvt2_ws/install/forestry_robot_mjcf/share/forestry_robot_mjcf/environment/ament_prefix_path.dsv
-- Up-to-date symlink: /home/jin/harco/ecvt2_ws/install/forestry_robot_mjcf/share/forestry_robot_mjcf/environment/path.sh
-- Up-to-date symlink: /home/jin/harco/ecvt2_ws/install/forestry_robot_mjcf/share/forestry_robot_mjcf/environment/path.dsv
-- Up-to-date symlink: /home/jin/harco/ecvt2_ws/install/forestry_robot_mjcf/share/forestry_robot_mjcf/local_setup.bash
-- Up-to-date symlink: /home/jin/harco/ecvt2_ws/install/forestry_robot_mjcf/share/forestry_robot_mjcf/local_setup.sh
-- Up-to-date symlink: /home/jin/harco/ecvt2_ws/install/forestry_robot_mjcf/share/forestry_robot_mjcf/local_setup.zsh
-- Up-to-date symlink: /home/jin/harco/ecvt2_ws/install/forestry_robot_mjcf/share/forestry_robot_mjcf/local_setup.dsv
-- Up-to-date symlink: /home/jin/harco/ecvt2_ws/install/forestry_robot_mjcf/share/forestry_robot_mjcf/package.dsv
-- Up-to-date symlink: /home/jin/harco/ecvt2_ws/install/forestry_robot_mjcf/share/ament_index/resource_index/packages/forestry_robot_mjcf
-- Up-to-date symlink: /home/jin/harco/ecvt2_ws/install/forestry_robot_mjcf/share/forestry_robot_mjcf/cmake/forestry_robot_mjcfConfig.cmake
-- Up-to-date symlink: /home/jin/harco/ecvt2_ws/install/forestry_robot_mjcf/share/forestry_robot_mjcf/cmake/forestry_robot_mjcfConfig-version.cmake
-- Up-to-date symlink: /home/jin/harco/ecvt2_ws/install/forestry_robot_mjcf/share/forestry_robot_mjcf/package.xml
