[0.013s] Invoking command in '/home/jin/harco/ecvt2_ws/build/ecvt2_controller': CMAKE_PREFIX_PATH=${CMAKE_PREFIX_PATH}:/home/jin/harco/ecvt2_ws/install/ecvt2_sim:/opt/ros/humble /usr/bin/cmake /home/jin/harco/ecvt2_ws/ecvt2_controller -DAMENT_CMAKE_SYMLINK_INSTALL=1 -DCMAKE_INSTALL_PREFIX=/home/jin/harco/ecvt2_ws/install/ecvt2_controller
[0.135s] -- Found ament_cmake: 1.3.12 (/opt/ros/humble/share/ament_cmake/cmake)
[0.135s] -- Override CMake install command with custom implementation using symlinks instead of copying resources
[0.135s] -- Found rclcpp: 16.0.16 (/opt/ros/humble/share/rclcpp/cmake)
[0.135s] -- Found rosidl_generator_c: 3.1.7 (/opt/ros/humble/share/rosidl_generator_c/cmake)
[0.135s] -- Found rosidl_adapter: 3.1.7 (/opt/ros/humble/share/rosidl_adapter/cmake)
[0.137s] -- Found rosidl_generator_cpp: 3.1.7 (/opt/ros/humble/share/rosidl_generator_cpp/cmake)
[0.141s] -- Using all available rosidl_typesupport_c: rosidl_typesupport_fastrtps_c;rosidl_typesupport_introspection_c
[0.148s] -- Using all available rosidl_typesupport_cpp: rosidl_typesupport_fastrtps_cpp;rosidl_typesupport_introspection_cpp
[0.166s] -- Found rmw_implementation_cmake: 6.1.2 (/opt/ros/humble/share/rmw_implementation_cmake/cmake)
[0.166s] -- Found rmw_fastrtps_cpp: 6.2.9 (/opt/ros/humble/share/rmw_fastrtps_cpp/cmake)
[0.232s] -- Using RMW implementation 'rmw_fastrtps_cpp' as default
[0.259s] -- Found geometry_msgs: 4.9.0 (/opt/ros/humble/share/geometry_msgs/cmake)
[0.266s] -- Found sensor_msgs: 4.9.0 (/opt/ros/humble/share/sensor_msgs/cmake)
[0.275s] -- Found visualization_msgs: 4.9.0 (/opt/ros/humble/share/visualization_msgs/cmake)
[0.286s] -- Found trajectory_msgs: 4.9.0 (/opt/ros/humble/share/trajectory_msgs/cmake)
[0.296s] -- pinocchio_default FOUND. pinocchio_default at /opt/ros/humble/lib/x86_64-linux-gnu/libpinocchio_default.so
[0.296s] -- pinocchio_parsers FOUND. pinocchio_parsers at /opt/ros/humble/lib/x86_64-linux-gnu/libpinocchio_parsers.so
[0.296s] -- pinocchio_casadi not FOUND.
[0.297s] -- boost_filesystem FOUND. boost_filesystem at /usr/lib/x86_64-linux-gnu/libboost_filesystem.so
[0.302s] -- Found Boost: /usr/include (found version "1.74.0") found components: filesystem serialization 
[0.303s] [33mCMake Warning at /opt/openrobots/lib/cmake/hpp-fcl/hpp-fclConfig.cmake:4 (message):
[0.303s]   Please update your CMake from 'hpp-fcl' to 'coal', or define
[0.303s]   COAL_DISABLE_HPP_FCL_WARNINGS
[0.303s] Call Stack (most recent call first):
[0.303s]   /usr/share/cmake-3.22/Modules/CMakeFindDependencyMacro.cmake:47 (find_package)
[0.303s]   /opt/openrobots/lib/cmake/pinocchio/pinocchioConfig.cmake:161 (find_dependency)
[0.303s]   CMakeLists.txt:20 (find_package)
[0.303s] 
[0.303s] [0m
[0.303s] -- coal not FOUND.
[0.308s] -- Found Boost: /usr/include (found version "1.74.0") found components: serialization filesystem 
[0.482s] -- Default C++ standard: 201703
[0.482s] -- C++ standard sufficient: Minimal required 11, currently defined: 17
[0.482s] -- CMAKE_CXX_STANDARD was not set: automatically set to currently defined standard 17
[0.483s] -- C++ standard sufficient: Minimal required 11, currently defined: 17
[0.496s] -- Found ament_lint_auto: 0.12.14 (/opt/ros/humble/share/ament_lint_auto/cmake)
[0.548s] -- Added test 'cppcheck' to perform static code analysis on C / C++ code
[0.548s] -- Configured cppcheck include dirs: $<BUILD_INTERFACE:/home/jin/harco/ecvt2_ws/ecvt2_controller/include>
[0.549s] -- Configured cppcheck exclude dirs and/or files: 
[0.549s] -- Added test 'lint_cmake' to check CMake code style
[0.549s] -- Added test 'uncrustify' to check C / C++ code style
[0.549s] -- Configured uncrustify additional arguments: 
[0.549s] -- Added test 'xmllint' to check XML markup files
[0.550s] -- Configuring done
[0.560s] [33mCMake Warning at CMakeLists.txt:48 (add_executable):
[0.560s]   Cannot generate a safe runtime search path for target base_opt_controller
[0.560s]   because files in some directories may conflict with libraries in implicit
[0.560s]   directories:
[0.560s] 
[0.560s]     runtime library [liburdfdom_sensor.so.3.0] in /usr/lib/x86_64-linux-gnu may be hidden by files in:
[0.560s]       /opt/ros/humble/lib/x86_64-linux-gnu
[0.560s]     runtime library [liburdfdom_model_state.so.3.0] in /usr/lib/x86_64-linux-gnu may be hidden by files in:
[0.560s]       /opt/ros/humble/lib/x86_64-linux-gnu
[0.560s]     runtime library [liburdfdom_model.so.3.0] in /usr/lib/x86_64-linux-gnu may be hidden by files in:
[0.560s]       /opt/ros/humble/lib/x86_64-linux-gnu
[0.560s]     runtime library [liburdfdom_world.so.3.0] in /usr/lib/x86_64-linux-gnu may be hidden by files in:
[0.560s]       /opt/ros/humble/lib/x86_64-linux-gnu
[0.560s]     runtime library [liboctomap.so.1.9] in /usr/lib/x86_64-linux-gnu may be hidden by files in:
[0.560s]       /opt/ros/humble/lib/x86_64-linux-gnu
[0.560s]     runtime library [liboctomath.so.1.9] in /usr/lib/x86_64-linux-gnu may be hidden by files in:
[0.560s]       /opt/ros/humble/lib/x86_64-linux-gnu
[0.560s] 
[0.560s]   Some of these libraries may not be found correctly.
[0.560s] 
[0.560s] [0m
[0.560s] [33mCMake Warning at CMakeLists.txt:48 (add_executable):
[0.560s]   Cannot generate a safe runtime search path for target base_opt_controller
[0.560s]   because there is a cycle in the constraint graph:
[0.560s] 
[0.560s]     dir 0 is [/usr/local/lib]
[0.560s]     dir 1 is [/opt/ros/humble/lib]
[0.560s]     dir 2 is [/opt/ros/humble/lib/x86_64-linux-gnu]
[0.560s]       dir 3 must precede it due to runtime library [libpinocchio_parsers.so.3.9.0]
[0.560s]     dir 3 is [/opt/openrobots/lib]
[0.561s]       dir 2 must precede it due to runtime library [libpinocchio_default.so.3.9.0]
[0.561s] 
[0.561s]   Some of these libraries may not be found correctly.
[0.561s] 
[0.561s] [0m
[0.562s] [33mCMake Warning at CMakeLists.txt:59 (add_executable):
[0.562s]   Cannot generate a safe runtime search path for target wbc_hqp because files
[0.562s]   in some directories may conflict with libraries in implicit directories:
[0.562s] 
[0.563s]     runtime library [liburdfdom_sensor.so.3.0] in /usr/lib/x86_64-linux-gnu may be hidden by files in:
[0.563s]       /opt/ros/humble/lib/x86_64-linux-gnu
[0.563s]     runtime library [liburdfdom_model_state.so.3.0] in /usr/lib/x86_64-linux-gnu may be hidden by files in:
[0.563s]       /opt/ros/humble/lib/x86_64-linux-gnu
[0.563s]     runtime library [liburdfdom_model.so.3.0] in /usr/lib/x86_64-linux-gnu may be hidden by files in:
[0.563s]       /opt/ros/humble/lib/x86_64-linux-gnu
[0.563s]     runtime library [liburdfdom_world.so.3.0] in /usr/lib/x86_64-linux-gnu may be hidden by files in:
[0.563s]       /opt/ros/humble/lib/x86_64-linux-gnu
[0.563s]     runtime library [liboctomap.so.1.9] in /usr/lib/x86_64-linux-gnu may be hidden by files in:
[0.563s]       /opt/ros/humble/lib/x86_64-linux-gnu
[0.563s]     runtime library [liboctomath.so.1.9] in /usr/lib/x86_64-linux-gnu may be hidden by files in:
[0.563s]       /opt/ros/humble/lib/x86_64-linux-gnu
[0.563s] 
[0.563s]   Some of these libraries may not be found correctly.
[0.563s] 
[0.563s] [0m
[0.563s] [33mCMake Warning at CMakeLists.txt:59 (add_executable):
[0.563s]   Cannot generate a safe runtime search path for target wbc_hqp because there
[0.563s]   is a cycle in the constraint graph:
[0.563s] 
[0.563s]     dir 0 is [/usr/local/lib]
[0.563s]     dir 1 is [/opt/ros/humble/lib]
[0.563s]     dir 2 is [/opt/ros/humble/lib/x86_64-linux-gnu]
[0.563s]       dir 3 must precede it due to runtime library [libpinocchio_parsers.so.3.9.0]
[0.563s]     dir 3 is [/opt/openrobots/lib]
[0.563s]       dir 2 must precede it due to runtime library [libpinocchio_default.so.3.9.0]
[0.563s] 
[0.563s]   Some of these libraries may not be found correctly.
[0.563s] 
[0.563s] [0m
[0.565s] [33mCMake Warning at CMakeLists.txt:70 (add_executable):
[0.565s]   Cannot generate a safe runtime search path for target wbc_hqp_v2 because
[0.565s]   files in some directories may conflict with libraries in implicit
[0.565s]   directories:
[0.565s] 
[0.565s]     runtime library [liburdfdom_sensor.so.3.0] in /usr/lib/x86_64-linux-gnu may be hidden by files in:
[0.565s]       /opt/ros/humble/lib/x86_64-linux-gnu
[0.565s]     runtime library [liburdfdom_model_state.so.3.0] in /usr/lib/x86_64-linux-gnu may be hidden by files in:
[0.565s]       /opt/ros/humble/lib/x86_64-linux-gnu
[0.565s]     runtime library [liburdfdom_model.so.3.0] in /usr/lib/x86_64-linux-gnu may be hidden by files in:
[0.565s]       /opt/ros/humble/lib/x86_64-linux-gnu
[0.565s]     runtime library [liburdfdom_world.so.3.0] in /usr/lib/x86_64-linux-gnu may be hidden by files in:
[0.565s]       /opt/ros/humble/lib/x86_64-linux-gnu
[0.565s]     runtime library [liboctomap.so.1.9] in /usr/lib/x86_64-linux-gnu may be hidden by files in:
[0.565s]       /opt/ros/humble/lib/x86_64-linux-gnu
[0.566s]     runtime library [liboctomath.so.1.9] in /usr/lib/x86_64-linux-gnu may be hidden by files in:
[0.566s]       /opt/ros/humble/lib/x86_64-linux-gnu
[0.566s] 
[0.566s]   Some of these libraries may not be found correctly.
[0.566s] 
[0.566s] [0m
[0.566s] [33mCMake Warning at CMakeLists.txt:70 (add_executable):
[0.566s]   Cannot generate a safe runtime search path for target wbc_hqp_v2 because
[0.566s]   there is a cycle in the constraint graph:
[0.566s] 
[0.566s]     dir 0 is [/usr/local/lib]
[0.566s]     dir 1 is [/opt/ros/humble/lib]
[0.566s]     dir 2 is [/opt/ros/humble/lib/x86_64-linux-gnu]
[0.566s]       dir 3 must precede it due to runtime library [libpinocchio_parsers.so.3.9.0]
[0.566s]     dir 3 is [/opt/openrobots/lib]
[0.566s]       dir 2 must precede it due to runtime library [libpinocchio_default.so.3.9.0]
[0.566s] 
[0.566s]   Some of these libraries may not be found correctly.
[0.566s] 
[0.566s] [0m
[0.568s] [33mCMake Warning at CMakeLists.txt:82 (add_executable):
[0.568s]   Cannot generate a safe runtime search path for target wbc_hqp_v3 because
[0.568s]   files in some directories may conflict with libraries in implicit
[0.568s]   directories:
[0.568s] 
[0.568s]     runtime library [liburdfdom_sensor.so.3.0] in /usr/lib/x86_64-linux-gnu may be hidden by files in:
[0.568s]       /opt/ros/humble/lib/x86_64-linux-gnu
[0.568s]     runtime library [liburdfdom_model_state.so.3.0] in /usr/lib/x86_64-linux-gnu may be hidden by files in:
[0.568s]       /opt/ros/humble/lib/x86_64-linux-gnu
[0.568s]     runtime library [liburdfdom_model.so.3.0] in /usr/lib/x86_64-linux-gnu may be hidden by files in:
[0.568s]       /opt/ros/humble/lib/x86_64-linux-gnu
[0.568s]     runtime library [liburdfdom_world.so.3.0] in /usr/lib/x86_64-linux-gnu may be hidden by files in:
[0.568s]       /opt/ros/humble/lib/x86_64-linux-gnu
[0.568s]     runtime library [liboctomap.so.1.9] in /usr/lib/x86_64-linux-gnu may be hidden by files in:
[0.568s]       /opt/ros/humble/lib/x86_64-linux-gnu
[0.568s]     runtime library [liboctomath.so.1.9] in /usr/lib/x86_64-linux-gnu may be hidden by files in:
[0.568s]       /opt/ros/humble/lib/x86_64-linux-gnu
[0.568s] 
[0.568s]   Some of these libraries may not be found correctly.
[0.568s] 
[0.568s] [0m
[0.568s] [33mCMake Warning at CMakeLists.txt:82 (add_executable):
[0.568s]   Cannot generate a safe runtime search path for target wbc_hqp_v3 because
[0.568s]   there is a cycle in the constraint graph:
[0.568s] 
[0.568s]     dir 0 is [/usr/local/lib]
[0.568s]     dir 1 is [/opt/ros/humble/lib]
[0.568s]     dir 2 is [/opt/ros/humble/lib/x86_64-linux-gnu]
[0.568s]       dir 3 must precede it due to runtime library [libpinocchio_parsers.so.3.9.0]
[0.568s]     dir 3 is [/opt/openrobots/lib]
[0.568s]       dir 2 must precede it due to runtime library [libpinocchio_default.so.3.9.0]
[0.568s] 
[0.569s]   Some of these libraries may not be found correctly.
[0.569s] 
[0.569s] [0m
[0.570s] [33mCMake Warning at CMakeLists.txt:94 (add_executable):
[0.570s]   Cannot generate a safe runtime search path for target
[0.570s]   base_arm_task_controller because files in some directories may conflict
[0.570s]   with libraries in implicit directories:
[0.570s] 
[0.571s]     runtime library [liburdfdom_sensor.so.3.0] in /usr/lib/x86_64-linux-gnu may be hidden by files in:
[0.571s]       /opt/ros/humble/lib/x86_64-linux-gnu
[0.571s]     runtime library [liburdfdom_model_state.so.3.0] in /usr/lib/x86_64-linux-gnu may be hidden by files in:
[0.571s]       /opt/ros/humble/lib/x86_64-linux-gnu
[0.571s]     runtime library [liburdfdom_model.so.3.0] in /usr/lib/x86_64-linux-gnu may be hidden by files in:
[0.571s]       /opt/ros/humble/lib/x86_64-linux-gnu
[0.571s]     runtime library [liburdfdom_world.so.3.0] in /usr/lib/x86_64-linux-gnu may be hidden by files in:
[0.571s]       /opt/ros/humble/lib/x86_64-linux-gnu
[0.571s]     runtime library [liboctomap.so.1.9] in /usr/lib/x86_64-linux-gnu may be hidden by files in:
[0.571s]       /opt/ros/humble/lib/x86_64-linux-gnu
[0.571s]     runtime library [liboctomath.so.1.9] in /usr/lib/x86_64-linux-gnu may be hidden by files in:
[0.571s]       /opt/ros/humble/lib/x86_64-linux-gnu
[0.571s] 
[0.571s]   Some of these libraries may not be found correctly.
[0.571s] 
[0.571s] [0m
[0.571s] [33mCMake Warning at CMakeLists.txt:94 (add_executable):
[0.571s]   Cannot generate a safe runtime search path for target
[0.571s]   base_arm_task_controller because there is a cycle in the constraint graph:
[0.571s] 
[0.571s]     dir 0 is [/usr/local/lib]
[0.571s]     dir 1 is [/opt/ros/humble/lib]
[0.571s]     dir 2 is [/opt/ros/humble/lib/x86_64-linux-gnu]
[0.571s]       dir 3 must precede it due to runtime library [libpinocchio_parsers.so.3.9.0]
[0.571s]     dir 3 is [/opt/openrobots/lib]
[0.571s]       dir 2 must precede it due to runtime library [libpinocchio_default.so.3.9.0]
[0.571s] 
[0.571s]   Some of these libraries may not be found correctly.
[0.571s] 
[0.571s] [0m
[0.573s] [33mCMake Warning at CMakeLists.txt:105 (add_executable):
[0.573s]   Cannot generate a safe runtime search path for target
[0.573s]   base_arm_task_controller_v2 because files in some directories may conflict
[0.573s]   with libraries in implicit directories:
[0.573s] 
[0.573s]     runtime library [liburdfdom_sensor.so.3.0] in /usr/lib/x86_64-linux-gnu may be hidden by files in:
[0.573s]       /opt/ros/humble/lib/x86_64-linux-gnu
[0.573s]     runtime library [liburdfdom_model_state.so.3.0] in /usr/lib/x86_64-linux-gnu may be hidden by files in:
[0.573s]       /opt/ros/humble/lib/x86_64-linux-gnu
[0.573s]     runtime library [liburdfdom_model.so.3.0] in /usr/lib/x86_64-linux-gnu may be hidden by files in:
[0.573s]       /opt/ros/humble/lib/x86_64-linux-gnu
[0.573s]     runtime library [liburdfdom_world.so.3.0] in /usr/lib/x86_64-linux-gnu may be hidden by files in:
[0.573s]       /opt/ros/humble/lib/x86_64-linux-gnu
[0.573s]     runtime library [liboctomap.so.1.9] in /usr/lib/x86_64-linux-gnu may be hidden by files in:
[0.573s]       /opt/ros/humble/lib/x86_64-linux-gnu
[0.573s]     runtime library [liboctomath.so.1.9] in /usr/lib/x86_64-linux-gnu may be hidden by files in:
[0.573s]       /opt/ros/humble/lib/x86_64-linux-gnu
[0.573s] 
[0.573s]   Some of these libraries may not be found correctly.
[0.573s] 
[0.574s] [0m
[0.574s] [33mCMake Warning at CMakeLists.txt:105 (add_executable):
[0.574s]   Cannot generate a safe runtime search path for target
[0.574s]   base_arm_task_controller_v2 because there is a cycle in the constraint
[0.574s]   graph:
[0.574s] 
[0.574s]     dir 0 is [/usr/local/lib]
[0.574s]     dir 1 is [/opt/ros/humble/lib]
[0.574s]     dir 2 is [/opt/ros/humble/lib/x86_64-linux-gnu]
[0.574s]       dir 3 must precede it due to runtime library [libpinocchio_parsers.so.3.9.0]
[0.574s]     dir 3 is [/opt/openrobots/lib]
[0.574s]       dir 2 must precede it due to runtime library [libpinocchio_default.so.3.9.0]
[0.574s] 
[0.574s]   Some of these libraries may not be found correctly.
[0.574s] 
[0.574s] [0m
[0.578s] [33mCMake Warning at CMakeLists.txt:129 (add_executable):
[0.578s]   Cannot generate a safe runtime search path for target pin_test because
[0.578s]   files in some directories may conflict with libraries in implicit
[0.578s]   directories:
[0.578s] 
[0.578s]     runtime library [liburdfdom_sensor.so.3.0] in /usr/lib/x86_64-linux-gnu may be hidden by files in:
[0.578s]       /opt/ros/humble/lib/x86_64-linux-gnu
[0.578s]     runtime library [liburdfdom_model_state.so.3.0] in /usr/lib/x86_64-linux-gnu may be hidden by files in:
[0.578s]       /opt/ros/humble/lib/x86_64-linux-gnu
[0.578s]     runtime library [liburdfdom_model.so.3.0] in /usr/lib/x86_64-linux-gnu may be hidden by files in:
[0.578s]       /opt/ros/humble/lib/x86_64-linux-gnu
[0.578s]     runtime library [liburdfdom_world.so.3.0] in /usr/lib/x86_64-linux-gnu may be hidden by files in:
[0.579s]       /opt/ros/humble/lib/x86_64-linux-gnu
[0.579s]     runtime library [liboctomap.so.1.9] in /usr/lib/x86_64-linux-gnu may be hidden by files in:
[0.579s]       /opt/ros/humble/lib/x86_64-linux-gnu
[0.579s]     runtime library [liboctomath.so.1.9] in /usr/lib/x86_64-linux-gnu may be hidden by files in:
[0.579s]       /opt/ros/humble/lib/x86_64-linux-gnu
[0.579s] 
[0.579s]   Some of these libraries may not be found correctly.
[0.579s] 
[0.579s] [0m
[0.579s] [33mCMake Warning at CMakeLists.txt:129 (add_executable):
[0.579s]   Cannot generate a safe runtime search path for target pin_test because
[0.579s]   there is a cycle in the constraint graph:
[0.579s] 
[0.579s]     dir 0 is [/opt/ros/humble/lib]
[0.579s]     dir 1 is [/opt/openrobots/lib]
[0.579s]       dir 2 must precede it due to runtime library [libpinocchio_default.so.3.9.0]
[0.579s]     dir 2 is [/opt/ros/humble/lib/x86_64-linux-gnu]
[0.579s]       dir 1 must precede it due to runtime library [libpinocchio_parsers.so.3.9.0]
[0.579s] 
[0.579s]   Some of these libraries may not be found correctly.
[0.579s] 
[0.579s] [0m
[0.583s] -- Generating done
[0.595s] -- Build files have been written to: /home/jin/harco/ecvt2_ws/build/ecvt2_controller
[0.601s] Invoked command in '/home/jin/harco/ecvt2_ws/build/ecvt2_controller' returned '0': CMAKE_PREFIX_PATH=${CMAKE_PREFIX_PATH}:/home/jin/harco/ecvt2_ws/install/ecvt2_sim:/opt/ros/humble /usr/bin/cmake /home/jin/harco/ecvt2_ws/ecvt2_controller -DAMENT_CMAKE_SYMLINK_INSTALL=1 -DCMAKE_INSTALL_PREFIX=/home/jin/harco/ecvt2_ws/install/ecvt2_controller
[0.602s] Invoking command in '/home/jin/harco/ecvt2_ws/build/ecvt2_controller': CMAKE_PREFIX_PATH=${CMAKE_PREFIX_PATH}:/home/jin/harco/ecvt2_ws/install/ecvt2_sim:/opt/ros/humble /usr/bin/cmake --build /home/jin/harco/ecvt2_ws/build/ecvt2_controller -- -j20 -l20
[0.628s] [35m[1mConsolidate compiler generated dependencies of target com_trajectory_publisher[0m
[0.628s] [35m[1mConsolidate compiler generated dependencies of target teleop_goal_publisher[0m
[0.629s] [35m[1mConsolidate compiler generated dependencies of target vp_sto_global_planner_node[0m
[0.629s] [35m[1mConsolidate compiler generated dependencies of target live_upper_dynamics_node[0m
[0.630s] [35m[1mConsolidate compiler generated dependencies of target wbc_hqp_lib[0m
[0.631s] [35m[1mConsolidate compiler generated dependencies of target kdl_utils[0m
[0.637s] [ 11%] Built target teleop_goal_publisher
[0.637s] [ 15%] Built target com_trajectory_publisher
[0.640s] [ 23%] Built target wbc_hqp_lib
[0.648s] [ 26%] [32mBuilding CXX object CMakeFiles/vp_sto_global_planner_node.dir/src/vp_sto_global_planner_node.cpp.o[0m
[0.648s] [ 34%] Built target live_upper_dynamics_node
[0.653s] [ 42%] Built target kdl_utils
[0.659s] [35m[1mConsolidate compiler generated dependencies of target wbc_hqp_v2[0m
[0.660s] [35m[1mConsolidate compiler generated dependencies of target wbc_hqp_v3[0m
[0.660s] [35m[1mConsolidate compiler generated dependencies of target wbc_hqp[0m
[0.660s] [35m[1mConsolidate compiler generated dependencies of target base_opt_controller[0m
[0.660s] [35m[1mConsolidate compiler generated dependencies of target base_arm_task_controller[0m
[0.661s] [35m[1mConsolidate compiler generated dependencies of target base_arm_task_controller_v2[0m
[0.665s] [35m[1mConsolidate compiler generated dependencies of target pin_test[0m
[0.670s] [ 76%] Built target wbc_hqp_v3
[0.670s] [ 76%] Built target base_opt_controller
[0.670s] [ 76%] Built target wbc_hqp_v2
[0.670s] [ 76%] Built target wbc_hqp
[0.670s] [ 80%] Built target base_arm_task_controller
[0.674s] [ 88%] Built target base_arm_task_controller_v2
[0.691s] [ 96%] Built target pin_test
[3.570s] In file included from [01m[K/opt/openrobots/include/hpp/fcl/config.hh:1[m[K,
[3.571s]                  from [01m[K/opt/openrobots/include/pinocchio/serialization/eigen.hpp:20[m[K,
[3.571s]                  from [01m[K/opt/openrobots/include/pinocchio/serialization/fwd.hpp:11[m[K,
[3.571s]                  from [01m[K/opt/openrobots/include/pinocchio/multibody/joint/joint-composite.hpp:14[m[K,
[3.571s]                  from [01m[K/opt/openrobots/include/pinocchio/multibody/joint/joint-generic.hpp:9[m[K,
[3.571s]                  from [01m[K/opt/openrobots/include/pinocchio/multibody/model.hpp:17[m[K,
[3.571s]                  from [01m[K/opt/openrobots/include/pinocchio/parsers/urdf.hpp:9[m[K,
[3.571s]                  from [01m[K/home/jin/harco/ecvt2_ws/ecvt2_controller/src/vp_sto_global_planner_node.cpp:7[m[K:
[3.571s] [01m[K/opt/openrobots/include/hpp/fcl/coal.hpp:12:99:[m[K [01;36m[Knote: [m[K‘[01m[K#pragma message: Please update your includes from 'hpp/fcl' to 'coal' or define COAL_DISABLE_HPP_FCL_WARNINGS[m[K’
[3.571s]    12 |     "Please update your includes from 'hpp/fcl' to 'coal' or define COAL_DISABLE_HPP_FCL_WARNINGS"[01;36m[K)[m[K
[3.571s]       |                                                                                                   [01;36m[K^[m[K
[35.940s] [100%] [32m[1mLinking CXX executable vp_sto_global_planner_node[0m
[37.316s] [100%] Built target vp_sto_global_planner_node
[37.322s] Invoked command in '/home/jin/harco/ecvt2_ws/build/ecvt2_controller' returned '0': CMAKE_PREFIX_PATH=${CMAKE_PREFIX_PATH}:/home/jin/harco/ecvt2_ws/install/ecvt2_sim:/opt/ros/humble /usr/bin/cmake --build /home/jin/harco/ecvt2_ws/build/ecvt2_controller -- -j20 -l20
[37.323s] Invoking command in '/home/jin/harco/ecvt2_ws/build/ecvt2_controller': CMAKE_PREFIX_PATH=${CMAKE_PREFIX_PATH}:/home/jin/harco/ecvt2_ws/install/ecvt2_sim:/opt/ros/humble /usr/bin/cmake --install /home/jin/harco/ecvt2_ws/build/ecvt2_controller
[37.327s] -- Install configuration: ""
[37.327s] -- Execute custom install script
[37.327s] -- Up-to-date symlink: /home/jin/harco/ecvt2_ws/install/ecvt2_controller/lib/ecvt2_controller/teleop_goal_publisher
[37.327s] -- Up-to-date symlink: /home/jin/harco/ecvt2_ws/install/ecvt2_controller/lib/ecvt2_controller/live_upper_dynamics_node
[37.327s] -- Up-to-date symlink: /home/jin/harco/ecvt2_ws/install/ecvt2_controller/lib/ecvt2_controller/vp_sto_global_planner_node
[37.328s] -- Up-to-date symlink: /home/jin/harco/ecvt2_ws/install/ecvt2_controller/include/ecvt2_controller/kdl_utils.hpp
[37.328s] -- Up-to-date symlink: /home/jin/harco/ecvt2_ws/install/ecvt2_controller/include/ecvt2_controller/wbc_hqp_lib.hpp
[37.328s] -- Up-to-date symlink: /home/jin/harco/ecvt2_ws/install/ecvt2_controller/lib/libkdl_utils.a
[37.328s] -- Up-to-date symlink: /home/jin/harco/ecvt2_ws/install/ecvt2_controller/lib/libwbc_hqp_lib.a
[37.328s] -- Up-to-date symlink: /home/jin/harco/ecvt2_ws/install/ecvt2_controller/lib/ecvt2_controller/base_opt_controller
[37.328s] -- Up-to-date symlink: /home/jin/harco/ecvt2_ws/install/ecvt2_controller/lib/ecvt2_controller/wbc_hqp
[37.328s] -- Up-to-date symlink: /home/jin/harco/ecvt2_ws/install/ecvt2_controller/lib/ecvt2_controller/wbc_hqp_v2
[37.328s] -- Up-to-date symlink: /home/jin/harco/ecvt2_ws/install/ecvt2_controller/lib/ecvt2_controller/wbc_hqp_v3
[37.328s] -- Up-to-date symlink: /home/jin/harco/ecvt2_ws/install/ecvt2_controller/lib/ecvt2_controller/base_arm_task_controller
[37.328s] -- Up-to-date symlink: /home/jin/harco/ecvt2_ws/install/ecvt2_controller/lib/ecvt2_controller/base_arm_task_controller_v2
[37.328s] -- Up-to-date symlink: /home/jin/harco/ecvt2_ws/install/ecvt2_controller/lib/ecvt2_controller/teleop_goal_publisher
[37.328s] -- Up-to-date symlink: /home/jin/harco/ecvt2_ws/install/ecvt2_controller/lib/ecvt2_controller/com_trajectory_publisher
[37.328s] -- Up-to-date symlink: /home/jin/harco/ecvt2_ws/install/ecvt2_controller/lib/ecvt2_controller/pin_test
[37.329s] -- Up-to-date symlink: /home/jin/harco/ecvt2_ws/install/ecvt2_controller/share/ament_index/resource_index/package_run_dependencies/ecvt2_controller
[37.329s] -- Up-to-date symlink: /home/jin/harco/ecvt2_ws/install/ecvt2_controller/share/ament_index/resource_index/parent_prefix_path/ecvt2_controller
[37.329s] -- Up-to-date symlink: /home/jin/harco/ecvt2_ws/install/ecvt2_controller/share/ecvt2_controller/environment/ament_prefix_path.sh
[37.329s] -- Up-to-date symlink: /home/jin/harco/ecvt2_ws/install/ecvt2_controller/share/ecvt2_controller/environment/ament_prefix_path.dsv
[37.329s] -- Up-to-date symlink: /home/jin/harco/ecvt2_ws/install/ecvt2_controller/share/ecvt2_controller/environment/path.sh
[37.329s] -- Up-to-date symlink: /home/jin/harco/ecvt2_ws/install/ecvt2_controller/share/ecvt2_controller/environment/path.dsv
[37.329s] -- Up-to-date symlink: /home/jin/harco/ecvt2_ws/install/ecvt2_controller/share/ecvt2_controller/local_setup.bash
[37.329s] -- Up-to-date symlink: /home/jin/harco/ecvt2_ws/install/ecvt2_controller/share/ecvt2_controller/local_setup.sh
[37.329s] -- Up-to-date symlink: /home/jin/harco/ecvt2_ws/install/ecvt2_controller/share/ecvt2_controller/local_setup.zsh
[37.329s] -- Up-to-date symlink: /home/jin/harco/ecvt2_ws/install/ecvt2_controller/share/ecvt2_controller/local_setup.dsv
[37.329s] -- Symlinking: /home/jin/harco/ecvt2_ws/install/ecvt2_controller/share/ecvt2_controller/package.dsv
[37.333s] -- Up-to-date symlink: /home/jin/harco/ecvt2_ws/install/ecvt2_controller/share/ament_index/resource_index/packages/ecvt2_controller
[37.333s] -- Up-to-date symlink: /home/jin/harco/ecvt2_ws/install/ecvt2_controller/share/ecvt2_controller/cmake/ecvt2_controllerConfig.cmake
[37.333s] -- Up-to-date symlink: /home/jin/harco/ecvt2_ws/install/ecvt2_controller/share/ecvt2_controller/cmake/ecvt2_controllerConfig-version.cmake
[37.333s] -- Up-to-date symlink: /home/jin/harco/ecvt2_ws/install/ecvt2_controller/share/ecvt2_controller/package.xml
[37.335s] Invoked command in '/home/jin/harco/ecvt2_ws/build/ecvt2_controller' returned '0': CMAKE_PREFIX_PATH=${CMAKE_PREFIX_PATH}:/home/jin/harco/ecvt2_ws/install/ecvt2_sim:/opt/ros/humble /usr/bin/cmake --install /home/jin/harco/ecvt2_ws/build/ecvt2_controller
