[0.123s] Invoking command in '/home/jin/harco/ecvt2_ws/build/forestry_robot_mjcf': CMAKE_PREFIX_PATH=${CMAKE_PREFIX_PATH}:/home/jin/harco/ecvt2_ws/install/ecvt2_sim:/opt/ros/humble /usr/bin/cmake /home/jin/harco/ecvt2_ws/forestry_robot_mjcf -DAMENT_CMAKE_SYMLINK_INSTALL=1 -DCMAKE_INSTALL_PREFIX=/home/jin/harco/ecvt2_ws/install/forestry_robot_mjcf
[0.153s] -- The C compiler identification is GNU 11.4.0
[0.185s] -- The CXX compiler identification is GNU 11.4.0
[0.189s] -- Detecting C compiler ABI info
[0.229s] -- Detecting C compiler ABI info - done
[0.234s] -- Check for working C compiler: /usr/bin/cc - skipped
[0.234s] -- Detecting C compile features
[0.234s] -- Detecting C compile features - done
[0.236s] -- Detecting CXX compiler ABI info
[0.285s] -- Detecting CXX compiler ABI info - done
[0.289s] -- Check for working CXX compiler: /usr/bin/c++ - skipped
[0.289s] -- Detecting CXX compile features
[0.290s] -- Detecting CXX compile features - done
[0.291s] -- Found ament_cmake: 1.3.12 (/opt/ros/humble/share/ament_cmake/cmake)
[0.526s] -- Found Python3: /usr/bin/python3 (found version "3.10.12") found components: Interpreter 
[0.568s] -- Override CMake install command with custom implementation using symlinks instead of copying resources
[0.580s] -- Found ament_lint_auto: 0.12.14 (/opt/ros/humble/share/ament_lint_auto/cmake)
[0.645s] -- Added test 'lint_cmake' to check CMake code style
[0.646s] -- Added test 'xmllint' to check XML markup files
[0.647s] -- Configuring done
[0.648s] -- Generating done
[0.649s] -- Build files have been written to: /home/jin/harco/ecvt2_ws/build/forestry_robot_mjcf
[0.652s] Invoked command in '/home/jin/harco/ecvt2_ws/build/forestry_robot_mjcf' returned '0': CMAKE_PREFIX_PATH=${CMAKE_PREFIX_PATH}:/home/jin/harco/ecvt2_ws/install/ecvt2_sim:/opt/ros/humble /usr/bin/cmake /home/jin/harco/ecvt2_ws/forestry_robot_mjcf -DAMENT_CMAKE_SYMLINK_INSTALL=1 -DCMAKE_INSTALL_PREFIX=/home/jin/harco/ecvt2_ws/install/forestry_robot_mjcf
[0.653s] Invoking command in '/home/jin/harco/ecvt2_ws/build/forestry_robot_mjcf': CMAKE_PREFIX_PATH=${CMAKE_PREFIX_PATH}:/home/jin/harco/ecvt2_ws/install/ecvt2_sim:/opt/ros/humble /usr/bin/cmake --build /home/jin/harco/ecvt2_ws/build/forestry_robot_mjcf -- -j20 -l20
[0.676s] Invoked command in '/home/jin/harco/ecvt2_ws/build/forestry_robot_mjcf' returned '0': CMAKE_PREFIX_PATH=${CMAKE_PREFIX_PATH}:/home/jin/harco/ecvt2_ws/install/ecvt2_sim:/opt/ros/humble /usr/bin/cmake --build /home/jin/harco/ecvt2_ws/build/forestry_robot_mjcf -- -j20 -l20
[0.682s] Invoking command in '/home/jin/harco/ecvt2_ws/build/forestry_robot_mjcf': CMAKE_PREFIX_PATH=${CMAKE_PREFIX_PATH}:/home/jin/harco/ecvt2_ws/install/ecvt2_sim:/opt/ros/humble /usr/bin/cmake --install /home/jin/harco/ecvt2_ws/build/forestry_robot_mjcf
[0.686s] -- Install configuration: ""
[0.686s] -- Execute custom install script
[0.687s] -- Symlinking: /home/jin/harco/ecvt2_ws/install/forestry_robot_mjcf/share/forestry_robot_mjcf//asset/FL1.STL
[0.692s] -- Symlinking: /home/jin/harco/ecvt2_ws/install/forestry_robot_mjcf/share/forestry_robot_mjcf//asset/FL2.STL
[0.699s] -- Symlinking: /home/jin/harco/ecvt2_ws/install/forestry_robot_mjcf/share/forestry_robot_mjcf//asset/FL3.STL
[0.703s] -- Symlinking: /home/jin/harco/ecvt2_ws/install/forestry_robot_mjcf/share/forestry_robot_mjcf//asset/FL4.STL
[0.708s] -- Symlinking: /home/jin/harco/ecvt2_ws/install/forestry_robot_mjcf/share/forestry_robot_mjcf//asset/FL5.STL
[0.713s] -- Symlinking: /home/jin/harco/ecvt2_ws/install/forestry_robot_mjcf/share/forestry_robot_mjcf//asset/FLD02.STL
[0.719s] -- Symlinking: /home/jin/harco/ecvt2_ws/install/forestry_robot_mjcf/share/forestry_robot_mjcf//asset/FLD1.STL
[0.725s] -- Symlinking: /home/jin/harco/ecvt2_ws/install/forestry_robot_mjcf/share/forestry_robot_mjcf//asset/FLD12.STL
[0.733s] -- Symlinking: /home/jin/harco/ecvt2_ws/install/forestry_robot_mjcf/share/forestry_robot_mjcf//asset/FLD2.STL
[0.739s] -- Symlinking: /home/jin/harco/ecvt2_ws/install/forestry_robot_mjcf/share/forestry_robot_mjcf//asset/FLD4.STL
[0.744s] -- Symlinking: /home/jin/harco/ecvt2_ws/install/forestry_robot_mjcf/share/forestry_robot_mjcf//asset/FLW.STL
[0.749s] -- Symlinking: /home/jin/harco/ecvt2_ws/install/forestry_robot_mjcf/share/forestry_robot_mjcf//asset/FR1.STL
[0.753s] -- Symlinking: /home/jin/harco/ecvt2_ws/install/forestry_robot_mjcf/share/forestry_robot_mjcf//asset/FR2.STL
[0.758s] -- Symlinking: /home/jin/harco/ecvt2_ws/install/forestry_robot_mjcf/share/forestry_robot_mjcf//asset/FR3.STL
[0.763s] -- Symlinking: /home/jin/harco/ecvt2_ws/install/forestry_robot_mjcf/share/forestry_robot_mjcf//asset/FR4.STL
[0.768s] -- Symlinking: /home/jin/harco/ecvt2_ws/install/forestry_robot_mjcf/share/forestry_robot_mjcf//asset/FR5.STL
[0.773s] -- Symlinking: /home/jin/harco/ecvt2_ws/install/forestry_robot_mjcf/share/forestry_robot_mjcf//asset/FRD02.STL
[0.779s] -- Symlinking: /home/jin/harco/ecvt2_ws/install/forestry_robot_mjcf/share/forestry_robot_mjcf//asset/FRD1.STL
[0.786s] -- Symlinking: /home/jin/harco/ecvt2_ws/install/forestry_robot_mjcf/share/forestry_robot_mjcf//asset/FRD12.STL
[0.791s] -- Symlinking: /home/jin/harco/ecvt2_ws/install/forestry_robot_mjcf/share/forestry_robot_mjcf//asset/FRD2.STL
[0.796s] -- Symlinking: /home/jin/harco/ecvt2_ws/install/forestry_robot_mjcf/share/forestry_robot_mjcf//asset/FRD4.STL
[0.800s] -- Symlinking: /home/jin/harco/ecvt2_ws/install/forestry_robot_mjcf/share/forestry_robot_mjcf//asset/FRW.STL
[0.804s] -- Symlinking: /home/jin/harco/ecvt2_ws/install/forestry_robot_mjcf/share/forestry_robot_mjcf//asset/RL1.STL
[0.809s] -- Symlinking: /home/jin/harco/ecvt2_ws/install/forestry_robot_mjcf/share/forestry_robot_mjcf//asset/RL2.STL
[0.814s] -- Symlinking: /home/jin/harco/ecvt2_ws/install/forestry_robot_mjcf/share/forestry_robot_mjcf//asset/RL3.STL
[0.819s] -- Symlinking: /home/jin/harco/ecvt2_ws/install/forestry_robot_mjcf/share/forestry_robot_mjcf//asset/RL4.STL
[0.825s] -- Symlinking: /home/jin/harco/ecvt2_ws/install/forestry_robot_mjcf/share/forestry_robot_mjcf//asset/RL5.STL
[0.829s] -- Symlinking: /home/jin/harco/ecvt2_ws/install/forestry_robot_mjcf/share/forestry_robot_mjcf//asset/RLD02.STL
[0.834s] -- Symlinking: /home/jin/harco/ecvt2_ws/install/forestry_robot_mjcf/share/forestry_robot_mjcf//asset/RLD1.STL
[0.840s] -- Symlinking: /home/jin/harco/ecvt2_ws/install/forestry_robot_mjcf/share/forestry_robot_mjcf//asset/RLD12.STL
[0.844s] -- Symlinking: /home/jin/harco/ecvt2_ws/install/forestry_robot_mjcf/share/forestry_robot_mjcf//asset/RLD2.STL
[0.849s] -- Symlinking: /home/jin/harco/ecvt2_ws/install/forestry_robot_mjcf/share/forestry_robot_mjcf//asset/RLD4.STL
[0.854s] -- Symlinking: /home/jin/harco/ecvt2_ws/install/forestry_robot_mjcf/share/forestry_robot_mjcf//asset/RLW.STL
[0.859s] -- Symlinking: /home/jin/harco/ecvt2_ws/install/forestry_robot_mjcf/share/forestry_robot_mjcf//asset/RR1.STL
[0.863s] -- Symlinking: /home/jin/harco/ecvt2_ws/install/forestry_robot_mjcf/share/forestry_robot_mjcf//asset/RR2.STL
[0.869s] -- Symlinking: /home/jin/harco/ecvt2_ws/install/forestry_robot_mjcf/share/forestry_robot_mjcf//asset/RR3.STL
[0.874s] -- Symlinking: /home/jin/harco/ecvt2_ws/install/forestry_robot_mjcf/share/forestry_robot_mjcf//asset/RR4.STL
[0.879s] -- Symlinking: /home/jin/harco/ecvt2_ws/install/forestry_robot_mjcf/share/forestry_robot_mjcf//asset/RR5.STL
[0.884s] -- Symlinking: /home/jin/harco/ecvt2_ws/install/forestry_robot_mjcf/share/forestry_robot_mjcf//asset/RRD02.STL
[0.888s] -- Symlinking: /home/jin/harco/ecvt2_ws/install/forestry_robot_mjcf/share/forestry_robot_mjcf//asset/RRD1.STL
[0.893s] -- Symlinking: /home/jin/harco/ecvt2_ws/install/forestry_robot_mjcf/share/forestry_robot_mjcf//asset/RRD12.STL
[0.898s] -- Symlinking: /home/jin/harco/ecvt2_ws/install/forestry_robot_mjcf/share/forestry_robot_mjcf//asset/RRD2.STL
[0.903s] -- Symlinking: /home/jin/harco/ecvt2_ws/install/forestry_robot_mjcf/share/forestry_robot_mjcf//asset/RRD4.STL
[0.907s] -- Symlinking: /home/jin/harco/ecvt2_ws/install/forestry_robot_mjcf/share/forestry_robot_mjcf//asset/RRW.STL
[0.911s] -- Symlinking: /home/jin/harco/ecvt2_ws/install/forestry_robot_mjcf/share/forestry_robot_mjcf//asset/TOOL1.STL
[0.915s] -- Symlinking: /home/jin/harco/ecvt2_ws/install/forestry_robot_mjcf/share/forestry_robot_mjcf//asset/UP1.STL
[0.922s] -- Symlinking: /home/jin/harco/ecvt2_ws/install/forestry_robot_mjcf/share/forestry_robot_mjcf//asset/UP2.STL
[0.927s] -- Symlinking: /home/jin/harco/ecvt2_ws/install/forestry_robot_mjcf/share/forestry_robot_mjcf//asset/UP3.STL
[0.931s] -- Symlinking: /home/jin/harco/ecvt2_ws/install/forestry_robot_mjcf/share/forestry_robot_mjcf//asset/UP4.STL
[0.937s] -- Symlinking: /home/jin/harco/ecvt2_ws/install/forestry_robot_mjcf/share/forestry_robot_mjcf//asset/UP5.STL
[0.942s] -- Symlinking: /home/jin/harco/ecvt2_ws/install/forestry_robot_mjcf/share/forestry_robot_mjcf//asset/UP6.STL
[0.947s] -- Symlinking: /home/jin/harco/ecvt2_ws/install/forestry_robot_mjcf/share/forestry_robot_mjcf//asset/base_link.STL
[0.952s] -- Symlinking: /home/jin/harco/ecvt2_ws/install/forestry_robot_mjcf/share/forestry_robot_mjcf//xml/ecvt_v2.urdf
[0.956s] -- Symlinking: /home/jin/harco/ecvt2_ws/install/forestry_robot_mjcf/share/forestry_robot_mjcf//xml/ecvt_v2.xml
[0.961s] -- Symlinking: /home/jin/harco/ecvt2_ws/install/forestry_robot_mjcf/share/forestry_robot_mjcf//xml/ecvt_v2_simplify.urdf
[0.965s] -- Symlinking: /home/jin/harco/ecvt2_ws/install/forestry_robot_mjcf/share/forestry_robot_mjcf//xml/ecvt_v2_upper.urdf
[0.971s] -- Symlinking: /home/jin/harco/ecvt2_ws/install/forestry_robot_mjcf/share/forestry_robot_mjcf//xml/ecvt_v2_upper.xml
[0.976s] -- Symlinking: /home/jin/harco/ecvt2_ws/install/forestry_robot_mjcf/share/forestry_robot_mjcf//xml/scene.xml
[0.981s] -- Symlinking: /home/jin/harco/ecvt2_ws/install/forestry_robot_mjcf/share/forestry_robot_mjcf//xml/scene2.xml
[0.985s] -- Symlinking: /home/jin/harco/ecvt2_ws/install/forestry_robot_mjcf/share/forestry_robot_mjcf//xml/scene2_upper.xml
[0.991s] -- Symlinking: /home/jin/harco/ecvt2_ws/install/forestry_robot_mjcf/share/forestry_robot_mjcf//xml/simple_model_for_urdf.SLDASM_back.urdf
[0.996s] -- Symlinking: /home/jin/harco/ecvt2_ws/install/forestry_robot_mjcf/share/forestry_robot_mjcf//xml/test_scene.xml
[1.002s] -- Symlinking: /home/jin/harco/ecvt2_ws/install/forestry_robot_mjcf/share/forestry_robot_mjcf//xml/tire_test.xml
[1.007s] -- Symlinking: /home/jin/harco/ecvt2_ws/install/forestry_robot_mjcf/share/forestry_robot_mjcf/resource/forestry_robot_mjcf
[1.012s] -- Symlinking: /home/jin/harco/ecvt2_ws/install/forestry_robot_mjcf/share/ament_index/resource_index/package_run_dependencies/forestry_robot_mjcf
[1.016s] -- Symlinking: /home/jin/harco/ecvt2_ws/install/forestry_robot_mjcf/share/ament_index/resource_index/parent_prefix_path/forestry_robot_mjcf
[1.021s] -- Symlinking: /home/jin/harco/ecvt2_ws/install/forestry_robot_mjcf/share/forestry_robot_mjcf/environment/ament_prefix_path.sh
[1.025s] -- Symlinking: /home/jin/harco/ecvt2_ws/install/forestry_robot_mjcf/share/forestry_robot_mjcf/environment/ament_prefix_path.dsv
[1.031s] -- Symlinking: /home/jin/harco/ecvt2_ws/install/forestry_robot_mjcf/share/forestry_robot_mjcf/environment/path.sh
[1.037s] -- Symlinking: /home/jin/harco/ecvt2_ws/install/forestry_robot_mjcf/share/forestry_robot_mjcf/environment/path.dsv
[1.041s] -- Symlinking: /home/jin/harco/ecvt2_ws/install/forestry_robot_mjcf/share/forestry_robot_mjcf/local_setup.bash
[1.046s] -- Symlinking: /home/jin/harco/ecvt2_ws/install/forestry_robot_mjcf/share/forestry_robot_mjcf/local_setup.sh
[1.053s] -- Symlinking: /home/jin/harco/ecvt2_ws/install/forestry_robot_mjcf/share/forestry_robot_mjcf/local_setup.zsh
[1.058s] -- Symlinking: /home/jin/harco/ecvt2_ws/install/forestry_robot_mjcf/share/forestry_robot_mjcf/local_setup.dsv
[1.064s] -- Symlinking: /home/jin/harco/ecvt2_ws/install/forestry_robot_mjcf/share/forestry_robot_mjcf/package.dsv
[1.071s] -- Symlinking: /home/jin/harco/ecvt2_ws/install/forestry_robot_mjcf/share/ament_index/resource_index/packages/forestry_robot_mjcf
[1.078s] -- Symlinking: /home/jin/harco/ecvt2_ws/install/forestry_robot_mjcf/share/forestry_robot_mjcf/cmake/forestry_robot_mjcfConfig.cmake
[1.084s] -- Symlinking: /home/jin/harco/ecvt2_ws/install/forestry_robot_mjcf/share/forestry_robot_mjcf/cmake/forestry_robot_mjcfConfig-version.cmake
[1.090s] -- Symlinking: /home/jin/harco/ecvt2_ws/install/forestry_robot_mjcf/share/forestry_robot_mjcf/package.xml
