[0.009s] Invoking command in '/home/jin/harco/ecvt2_ws/build/ecvt2_controller': CMAKE_PREFIX_PATH=${CMAKE_PREFIX_PATH}:/home/jin/harco/ecvt2_ws/install/ecvt2_sim:/opt/ros/humble /usr/bin/cmake --build /home/jin/harco/ecvt2_ws/build/ecvt2_controller -- -j20 -l20
[0.126s] [ 11%] Built target teleop_goal_publisher
[0.127s] [ 15%] Built target com_trajectory_publisher
[0.127s] [ 23%] Built target wbc_hqp_lib
[0.128s] [ 30%] Built target live_upper_dynamics_node
[0.128s] [ 38%] Built target kdl_utils
[0.128s] [ 42%] [32mBuilding CXX object CMakeFiles/vp_sto_global_planner_node.dir/src/vp_sto_global_planner_node.cpp.o[0m
[0.128s] [35m[1mConsolidate compiler generated dependencies of target base_arm_task_controller_v2[0m
[0.128s] [ 57%] Built target wbc_hqp_v3
[0.128s] [ 57%] Built target wbc_hqp_v2
[0.128s] [ 65%] Built target base_opt_controller
[0.128s] [ 73%] Built target base_arm_task_controller
[0.128s] [ 80%] Built target wbc_hqp
[0.128s] [ 88%] Built target base_arm_task_controller_v2
[0.128s] [ 96%] Built target pin_test
[3.070s] In file included from [01m[K/opt/openrobots/include/hpp/fcl/config.hh:1[m[K,
[3.070s]                  from [01m[K/opt/openrobots/include/pinocchio/serialization/eigen.hpp:20[m[K,
[3.070s]                  from [01m[K/opt/openrobots/include/pinocchio/serialization/fwd.hpp:11[m[K,
[3.070s]                  from [01m[K/opt/openrobots/include/pinocchio/multibody/joint/joint-composite.hpp:14[m[K,
[3.070s]                  from [01m[K/opt/openrobots/include/pinocchio/multibody/joint/joint-generic.hpp:9[m[K,
[3.070s]                  from [01m[K/opt/openrobots/include/pinocchio/multibody/model.hpp:17[m[K,
[3.070s]                  from [01m[K/opt/openrobots/include/pinocchio/parsers/urdf.hpp:9[m[K,
[3.070s]                  from [01m[K/home/jin/harco/ecvt2_ws/ecvt2_controller/src/vp_sto_global_planner_node.cpp:7[m[K:
[3.070s] [01m[K/opt/openrobots/include/hpp/fcl/coal.hpp:12:99:[m[K [01;36m[Knote: [m[K‘[01m[K#pragma message: Please update your includes from 'hpp/fcl' to 'coal' or define COAL_DISABLE_HPP_FCL_WARNINGS[m[K’
[3.070s]    12 |     "Please update your includes from 'hpp/fcl' to 'coal' or define COAL_DISABLE_HPP_FCL_WARNINGS"[01;36m[K)[m[K
[3.070s]       |                                                                                                   [01;36m[K^[m[K
[3.931s] In file included from [01m[K/opt/ros/humble/include/rclcpp/rclcpp/logging.hpp:24[m[K,
[3.931s]                  from [01m[K/opt/ros/humble/include/rclcpp/rclcpp/client.hpp:40[m[K,
[3.931s]                  from [01m[K/opt/ros/humble/include/rclcpp/rclcpp/callback_group.hpp:24[m[K,
[3.931s]                  from [01m[K/opt/ros/humble/include/rclcpp/rclcpp/any_executable.hpp:20[m[K,
[3.931s]                  from [01m[K/opt/ros/humble/include/rclcpp/rclcpp/memory_strategy.hpp:25[m[K,
[3.931s]                  from [01m[K/opt/ros/humble/include/rclcpp/rclcpp/memory_strategies.hpp:18[m[K,
[3.931s]                  from [01m[K/opt/ros/humble/include/rclcpp/rclcpp/executor_options.hpp:20[m[K,
[3.931s]                  from [01m[K/opt/ros/humble/include/rclcpp/rclcpp/executor.hpp:37[m[K,
[3.932s]                  from [01m[K/opt/ros/humble/include/rclcpp/rclcpp/executors/multi_threaded_executor.hpp:25[m[K,
[3.932s]                  from [01m[K/opt/ros/humble/include/rclcpp/rclcpp/executors.hpp:21[m[K,
[3.932s]                  from [01m[K/opt/ros/humble/include/rclcpp/rclcpp/rclcpp.hpp:155[m[K,
[3.932s]                  from [01m[K/home/jin/harco/ecvt2_ws/ecvt2_controller/src/vp_sto_global_planner_node.cpp:1[m[K:
[3.932s] [01m[K/home/jin/harco/ecvt2_ws/ecvt2_controller/src/vp_sto_global_planner_node.cpp:[m[K In member function ‘[01m[Kvpsto::JointStateView vpsto::CraneDynamicsModel::fromJointMsg(const JointState&) const[m[K’:
[3.932s] [01m[K/home/jin/harco/ecvt2_ws/ecvt2_controller/src/vp_sto_global_planner_node.cpp:285:13:[m[K [01;31m[Kerror: [m[K‘[01m[Kname[m[K’ was not declared in this scope; did you mean ‘[01m[Krosidl_generator_traits::name[m[K’?
[3.932s]   285 |             [01;31m[Kname[m[K.c_str(), theta, dtheta, info.idx_q, info.idx_v, info.nq, info.nv,
[3.932s]       |             [01;31m[K^~~~[m[K
[3.932s] In file included from [01m[K/opt/ros/humble/include/builtin_interfaces/builtin_interfaces/msg/detail/duration__traits.hpp:15[m[K,
[3.932s]                  from [01m[K/opt/ros/humble/include/builtin_interfaces/builtin_interfaces/msg/duration.hpp:9[m[K,
[3.932s]                  from [01m[K/opt/ros/humble/include/rclcpp/rclcpp/duration.hpp:20[m[K,
[3.932s]                  from [01m[K/opt/ros/humble/include/rclcpp/rclcpp/qos.hpp:20[m[K,
[3.932s]                  from [01m[K/opt/ros/humble/include/rclcpp/rclcpp/node_interfaces/node_graph_interface.hpp:32[m[K,
[3.932s]                  from [01m[K/opt/ros/humble/include/rclcpp/rclcpp/client.hpp:42[m[K,
[3.932s]                  from [01m[K/opt/ros/humble/include/rclcpp/rclcpp/callback_group.hpp:24[m[K,
[3.932s]                  from [01m[K/opt/ros/humble/include/rclcpp/rclcpp/any_executable.hpp:20[m[K,
[3.932s]                  from [01m[K/opt/ros/humble/include/rclcpp/rclcpp/memory_strategy.hpp:25[m[K,
[3.932s]                  from [01m[K/opt/ros/humble/include/rclcpp/rclcpp/memory_strategies.hpp:18[m[K,
[3.932s]                  from [01m[K/opt/ros/humble/include/rclcpp/rclcpp/executor_options.hpp:20[m[K,
[3.932s]                  from [01m[K/opt/ros/humble/include/rclcpp/rclcpp/executor.hpp:37[m[K,
[3.932s]                  from [01m[K/opt/ros/humble/include/rclcpp/rclcpp/executors/multi_threaded_executor.hpp:25[m[K,
[3.932s]                  from [01m[K/opt/ros/humble/include/rclcpp/rclcpp/executors.hpp:21[m[K,
[3.932s]                  from [01m[K/opt/ros/humble/include/rclcpp/rclcpp/rclcpp.hpp:155[m[K,
[3.932s]                  from [01m[K/home/jin/harco/ecvt2_ws/ecvt2_controller/src/vp_sto_global_planner_node.cpp:1[m[K:
[3.932s] [01m[K/opt/ros/humble/include/rosidl_runtime_cpp/rosidl_runtime_cpp/traits.hpp:155:21:[m[K [01;36m[Knote: [m[K‘[01m[Krosidl_generator_traits::name[m[K’ declared here
[3.932s]   155 | inline const char * [01;36m[Kname[m[K();
[3.932s]       |                     [01;36m[K^~~~[m[K
[3.936s] In file included from [01m[K/opt/ros/humble/include/rclcpp/rclcpp/logging.hpp:24[m[K,
[3.936s]                  from [01m[K/opt/ros/humble/include/rclcpp/rclcpp/client.hpp:40[m[K,
[3.936s]                  from [01m[K/opt/ros/humble/include/rclcpp/rclcpp/callback_group.hpp:24[m[K,
[3.936s]                  from [01m[K/opt/ros/humble/include/rclcpp/rclcpp/any_executable.hpp:20[m[K,
[3.936s]                  from [01m[K/opt/ros/humble/include/rclcpp/rclcpp/memory_strategy.hpp:25[m[K,
[3.936s]                  from [01m[K/opt/ros/humble/include/rclcpp/rclcpp/memory_strategies.hpp:18[m[K,
[3.936s]                  from [01m[K/opt/ros/humble/include/rclcpp/rclcpp/executor_options.hpp:20[m[K,
[3.936s]                  from [01m[K/opt/ros/humble/include/rclcpp/rclcpp/executor.hpp:37[m[K,
[3.936s]                  from [01m[K/opt/ros/humble/include/rclcpp/rclcpp/executors/multi_threaded_executor.hpp:25[m[K,
[3.936s]                  from [01m[K/opt/ros/humble/include/rclcpp/rclcpp/executors.hpp:21[m[K,
[3.936s]                  from [01m[K/opt/ros/humble/include/rclcpp/rclcpp/rclcpp.hpp:155[m[K,
[3.936s]                  from [01m[K/home/jin/harco/ecvt2_ws/ecvt2_controller/src/vp_sto_global_planner_node.cpp:1[m[K:
[3.936s] [01m[K/home/jin/harco/ecvt2_ws/ecvt2_controller/src/vp_sto_global_planner_node.cpp:285:27:[m[K [01;31m[Kerror: [m[K‘[01m[Ktheta[m[K’ was not declared in this scope
[3.936s]   285 |             name.c_str(), [01;31m[Ktheta[m[K, dtheta, info.idx_q, info.idx_v, info.nq, info.nv,
[3.936s]       |                           [01;31m[K^~~~~[m[K
[3.940s] [01m[K/home/jin/harco/ecvt2_ws/ecvt2_controller/src/vp_sto_global_planner_node.cpp:285:34:[m[K [01;31m[Kerror: [m[K‘[01m[Kdtheta[m[K’ was not declared in this scope
[3.941s]   285 |             name.c_str(), theta, [01;31m[Kdtheta[m[K, info.idx_q, info.idx_v, info.nq, info.nv,
[3.941s]       |                                  [01;31m[K^~~~~~[m[K
[3.944s] [01m[K/home/jin/harco/ecvt2_ws/ecvt2_controller/src/vp_sto_global_planner_node.cpp:285:42:[m[K [01;31m[Kerror: [m[K‘[01m[Kinfo[m[K’ was not declared in this scope
[3.944s]   285 |             name.c_str(), theta, dtheta, [01;31m[Kinfo[m[K.idx_q, info.idx_v, info.nq, info.nv,
[3.944s]       |                                          [01;31m[K^~~~[m[K
[4.032s] [01m[K/home/jin/harco/ecvt2_ws/ecvt2_controller/src/vp_sto_global_planner_node.cpp:[m[K In member function ‘[01m[Kvoid vpsto::CraneDynamicsModel::registerJoints(const std::vector<std::__cxx11::basic_string<char> >&, std::vector<int>&, std::vector<int>&)[m[K’:
[4.032s] [01m[K/home/jin/harco/ecvt2_ws/ecvt2_controller/src/vp_sto_global_planner_node.cpp:365:13:[m[K [01;31m[Kerror: [m[K‘[01m[Kname[m[K’ was not declared in this scope; did you mean ‘[01m[Krosidl_generator_traits::name[m[K’?
[4.032s]   365 |             [01;31m[Kname[m[K.c_str(), info.idx_q, info.idx_v, info.nq, info.nv, info.is_continuous);
[4.032s]       |             [01;31m[K^~~~[m[K
[4.032s] In file included from [01m[K/opt/ros/humble/include/builtin_interfaces/builtin_interfaces/msg/detail/duration__traits.hpp:15[m[K,
[4.032s]                  from [01m[K/opt/ros/humble/include/builtin_interfaces/builtin_interfaces/msg/duration.hpp:9[m[K,
[4.032s]                  from [01m[K/opt/ros/humble/include/rclcpp/rclcpp/duration.hpp:20[m[K,
[4.032s]                  from [01m[K/opt/ros/humble/include/rclcpp/rclcpp/qos.hpp:20[m[K,
[4.032s]                  from [01m[K/opt/ros/humble/include/rclcpp/rclcpp/node_interfaces/node_graph_interface.hpp:32[m[K,
[4.032s]                  from [01m[K/opt/ros/humble/include/rclcpp/rclcpp/client.hpp:42[m[K,
[4.032s]                  from [01m[K/opt/ros/humble/include/rclcpp/rclcpp/callback_group.hpp:24[m[K,
[4.032s]                  from [01m[K/opt/ros/humble/include/rclcpp/rclcpp/any_executable.hpp:20[m[K,
[4.032s]                  from [01m[K/opt/ros/humble/include/rclcpp/rclcpp/memory_strategy.hpp:25[m[K,
[4.032s]                  from [01m[K/opt/ros/humble/include/rclcpp/rclcpp/memory_strategies.hpp:18[m[K,
[4.032s]                  from [01m[K/opt/ros/humble/include/rclcpp/rclcpp/executor_options.hpp:20[m[K,
[4.032s]                  from [01m[K/opt/ros/humble/include/rclcpp/rclcpp/executor.hpp:37[m[K,
[4.032s]                  from [01m[K/opt/ros/humble/include/rclcpp/rclcpp/executors/multi_threaded_executor.hpp:25[m[K,
[4.032s]                  from [01m[K/opt/ros/humble/include/rclcpp/rclcpp/executors.hpp:21[m[K,
[4.033s]                  from [01m[K/opt/ros/humble/include/rclcpp/rclcpp/rclcpp.hpp:155[m[K,
[4.033s]                  from [01m[K/home/jin/harco/ecvt2_ws/ecvt2_controller/src/vp_sto_global_planner_node.cpp:1[m[K:
[4.033s] [01m[K/opt/ros/humble/include/rosidl_runtime_cpp/rosidl_runtime_cpp/traits.hpp:155:21:[m[K [01;36m[Knote: [m[K‘[01m[Krosidl_generator_traits::name[m[K’ declared here
[4.033s]   155 | inline const char * [01;36m[Kname[m[K();
[4.033s]       |                     [01;36m[K^~~~[m[K
[4.036s] In file included from [01m[K/opt/ros/humble/include/rclcpp/rclcpp/logging.hpp:24[m[K,
[4.036s]                  from [01m[K/opt/ros/humble/include/rclcpp/rclcpp/client.hpp:40[m[K,
[4.036s]                  from [01m[K/opt/ros/humble/include/rclcpp/rclcpp/callback_group.hpp:24[m[K,
[4.036s]                  from [01m[K/opt/ros/humble/include/rclcpp/rclcpp/any_executable.hpp:20[m[K,
[4.036s]                  from [01m[K/opt/ros/humble/include/rclcpp/rclcpp/memory_strategy.hpp:25[m[K,
[4.036s]                  from [01m[K/opt/ros/humble/include/rclcpp/rclcpp/memory_strategies.hpp:18[m[K,
[4.036s]                  from [01m[K/opt/ros/humble/include/rclcpp/rclcpp/executor_options.hpp:20[m[K,
[4.036s]                  from [01m[K/opt/ros/humble/include/rclcpp/rclcpp/executor.hpp:37[m[K,
[4.036s]                  from [01m[K/opt/ros/humble/include/rclcpp/rclcpp/executors/multi_threaded_executor.hpp:25[m[K,
[4.036s]                  from [01m[K/opt/ros/humble/include/rclcpp/rclcpp/executors.hpp:21[m[K,
[4.037s]                  from [01m[K/opt/ros/humble/include/rclcpp/rclcpp/rclcpp.hpp:155[m[K,
[4.037s]                  from [01m[K/home/jin/harco/ecvt2_ws/ecvt2_controller/src/vp_sto_global_planner_node.cpp:1[m[K:
[4.037s] [01m[K/home/jin/harco/ecvt2_ws/ecvt2_controller/src/vp_sto_global_planner_node.cpp:365:27:[m[K [01;31m[Kerror: [m[K‘[01m[Kinfo[m[K’ was not declared in this scope
[4.037s]   365 |             name.c_str(), [01;31m[Kinfo[m[K.idx_q, info.idx_v, info.nq, info.nv, info.is_continuous);
[4.037s]       |                           [01;31m[K^~~~[m[K
[10.487s] gmake[2]: *** [CMakeFiles/vp_sto_global_planner_node.dir/build.make:76: CMakeFiles/vp_sto_global_planner_node.dir/src/vp_sto_global_planner_node.cpp.o] Error 1
[10.487s] gmake[1]: *** [CMakeFiles/Makefile2:476: CMakeFiles/vp_sto_global_planner_node.dir/all] Error 2
[10.487s] gmake: *** [Makefile:146: all] Error 2
[10.489s] Invoked command in '/home/jin/harco/ecvt2_ws/build/ecvt2_controller' returned '2': CMAKE_PREFIX_PATH=${CMAKE_PREFIX_PATH}:/home/jin/harco/ecvt2_ws/install/ecvt2_sim:/opt/ros/humble /usr/bin/cmake --build /home/jin/harco/ecvt2_ws/build/ecvt2_controller -- -j20 -l20
