-- Found ament_cmake: 1.3.12 (/opt/ros/humble/share/ament_cmake/cmake)
-- Override CMake install command with custom implementation using symlinks instead of copying resources
-- Found rclcpp: 16.0.16 (/opt/ros/humble/share/rclcpp/cmake)
-- Found rosidl_generator_c: 3.1.7 (/opt/ros/humble/share/rosidl_generator_c/cmake)
-- Found rosidl_adapter: 3.1.7 (/opt/ros/humble/share/rosidl_adapter/cmake)
-- Found rosidl_generator_cpp: 3.1.7 (/opt/ros/humble/share/rosidl_generator_cpp/cmake)
-- Using all available rosidl_typesupport_c: rosidl_typesupport_fastrtps_c;rosidl_typesupport_introspection_c
-- Using all available rosidl_typesupport_cpp: rosidl_typesupport_fastrtps_cpp;rosidl_typesupport_introspection_cpp
-- Found rmw_implementation_cmake: 6.1.2 (/opt/ros/humble/share/rmw_implementation_cmake/cmake)
-- Found rmw_fastrtps_cpp: 6.2.9 (/opt/ros/humble/share/rmw_fastrtps_cpp/cmake)
-- Using RMW implementation 'rmw_fastrtps_cpp' as default
-- Found geometry_msgs: 4.9.0 (/opt/ros/humble/share/geometry_msgs/cmake)
-- Found sensor_msgs: 4.9.0 (/opt/ros/humble/share/sensor_msgs/cmake)
-- Found visualization_msgs: 4.9.0 (/opt/ros/humble/share/visualization_msgs/cmake)
-- Found trajectory_msgs: 4.9.0 (/opt/ros/humble/share/trajectory_msgs/cmake)
-- pinocchio_default FOUND. pinocchio_default at /opt/openrobots/lib/libpinocchio_default.so
-- pinocchio_parsers FOUND. pinocchio_parsers at /opt/openrobots/lib/libpinocchio_parsers.so
-- pinocchio_casadi FOUND. pinocchio_casadi at /opt/openrobots/lib/libpinocchio_casadi.so
-- boost_filesystem FOUND. boost_filesystem at /usr/lib/x86_64-linux-gnu/libboost_filesystem.so
-- Found Boost: /usr/include (found version "1.74.0") found components: filesystem serialization 
-- coal FOUND. coal at /opt/openrobots/lib/libcoal.so
-- Found Boost: /usr/include (found version "1.74.0") found components: serialization filesystem 
-- Default C++ standard: 201703
-- C++ standard sufficient: Minimal required 11, currently defined: 17
-- CMAKE_CXX_STANDARD was not set: automatically set to currently defined standard 17
-- C++ standard sufficient: Minimal required 11, currently defined: 17
-- Found ament_lint_auto: 0.12.14 (/opt/ros/humble/share/ament_lint_auto/cmake)
-- Added test 'cppcheck' to perform static code analysis on C / C++ code
-- Configured cppcheck include dirs: $<BUILD_INTERFACE:/home/jin/harco/ecvt2_ws/ecvt2_controller/include>
-- Configured cppcheck exclude dirs and/or files: 
-- Added test 'lint_cmake' to check CMake code style
-- Added test 'uncrustify' to check C / C++ code style
-- Configured uncrustify additional arguments: 
-- Added test 'xmllint' to check XML markup files
-- Configuring done
-- Generating done
-- Build files have been written to: /home/jin/harco/ecvt2_ws/build/ecvt2_controller
[35m[1mConsolidate compiler generated dependencies of target wbc_hqp_lib[0m
[35m[1mConsolidate compiler generated dependencies of target com_trajectory_publisher[0m
[35m[1mConsolidate compiler generated dependencies of target teleop_goal_publisher[0m
[35m[1mConsolidate compiler generated dependencies of target kdl_utils[0m
[  4%] [32mBuilding CXX object CMakeFiles/live_upper_dynamics_node.dir/src/live_upper_dynamics_node.cpp.o[0m
[ 12%] Built target wbc_hqp_lib
[ 20%] Built target com_trajectory_publisher
[ 29%] Built target teleop_goal_publisher
[ 37%] Built target kdl_utils
[35m[1mConsolidate compiler generated dependencies of target wbc_hqp_v3[0m
[35m[1mConsolidate compiler generated dependencies of target wbc_hqp_v2[0m
[35m[1mConsolidate compiler generated dependencies of target base_opt_controller[0m
[35m[1mConsolidate compiler generated dependencies of target base_arm_task_controller_v2[0m
[35m[1mConsolidate compiler generated dependencies of target wbc_hqp[0m
[35m[1mConsolidate compiler generated dependencies of target base_arm_task_controller[0m
[35m[1mConsolidate compiler generated dependencies of target pin_test[0m
[ 45%] Built target base_arm_task_controller_v2
[ 54%] Built target base_opt_controller
[ 62%] Built target wbc_hqp_v3
[ 70%] Built target wbc_hqp
[ 79%] Built target wbc_hqp_v2
[ 87%] Built target base_arm_task_controller
[ 95%] Built target pin_test
