[0.006s] Invoking command in '/home/jin/harco/ecvt2_ws/build/ecvt2_controller': CMAKE_PREFIX_PATH=${CMAKE_PREFIX_PATH}:/home/jin/harco/ecvt2_ws/install/ecvt2_sim:/opt/ros/humble /usr/bin/cmake /home/jin/harco/ecvt2_ws/ecvt2_controller -DAMENT_CMAKE_SYMLINK_INSTALL=1 -DCMAKE_INSTALL_PREFIX=/home/jin/harco/ecvt2_ws/install/ecvt2_controller
[0.013s] -- Found ament_cmake: 1.3.12 (/opt/ros/humble/share/ament_cmake/cmake)
[0.094s] -- Override CMake install command with custom implementation using symlinks instead of copying resources
[0.098s] -- Found rclcpp: 16.0.16 (/opt/ros/humble/share/rclcpp/cmake)
[0.115s] -- Found rosidl_generator_c: 3.1.7 (/opt/ros/humble/share/rosidl_generator_c/cmake)
[0.116s] -- Found rosidl_adapter: 3.1.7 (/opt/ros/humble/share/rosidl_adapter/cmake)
[0.119s] -- Found rosidl_generator_cpp: 3.1.7 (/opt/ros/humble/share/rosidl_generator_cpp/cmake)
[0.124s] -- Using all available rosidl_typesupport_c: rosidl_typesupport_fastrtps_c;rosidl_typesupport_introspection_c
[0.131s] -- Using all available rosidl_typesupport_cpp: rosidl_typesupport_fastrtps_cpp;rosidl_typesupport_introspection_cpp
[0.148s] -- Found rmw_implementation_cmake: 6.1.2 (/opt/ros/humble/share/rmw_implementation_cmake/cmake)
[0.149s] -- Found rmw_fastrtps_cpp: 6.2.9 (/opt/ros/humble/share/rmw_fastrtps_cpp/cmake)
[0.215s] -- Using RMW implementation 'rmw_fastrtps_cpp' as default
[0.241s] -- Found geometry_msgs: 4.9.0 (/opt/ros/humble/share/geometry_msgs/cmake)
[0.248s] -- Found sensor_msgs: 4.9.0 (/opt/ros/humble/share/sensor_msgs/cmake)
[0.257s] -- Found visualization_msgs: 4.9.0 (/opt/ros/humble/share/visualization_msgs/cmake)
[0.267s] -- Found trajectory_msgs: 4.9.0 (/opt/ros/humble/share/trajectory_msgs/cmake)
[0.277s] -- pinocchio_default FOUND. pinocchio_default at /opt/ros/humble/lib/x86_64-linux-gnu/libpinocchio_default.so
[0.278s] -- pinocchio_parsers FOUND. pinocchio_parsers at /opt/ros/humble/lib/x86_64-linux-gnu/libpinocchio_parsers.so
[0.278s] -- pinocchio_casadi not FOUND.
[0.279s] -- boost_filesystem FOUND. boost_filesystem at /usr/lib/x86_64-linux-gnu/libboost_filesystem.so
[0.284s] -- Found Boost: /usr/include (found version "1.74.0") found components: filesystem serialization 
[0.285s] [33mCMake Warning at /opt/openrobots/lib/cmake/hpp-fcl/hpp-fclConfig.cmake:4 (message):
[0.285s]   Please update your CMake from 'hpp-fcl' to 'coal', or define
[0.285s]   COAL_DISABLE_HPP_FCL_WARNINGS
[0.285s] Call Stack (most recent call first):
[0.285s]   /usr/share/cmake-3.22/Modules/CMakeFindDependencyMacro.cmake:47 (find_package)
[0.285s]   /opt/openrobots/lib/cmake/pinocchio/pinocchioConfig.cmake:161 (find_dependency)
[0.285s]   CMakeLists.txt:20 (find_package)
[0.286s] 
[0.286s] [0m
[0.286s] -- coal not FOUND.
[0.289s] -- Found Boost: /usr/include (found version "1.74.0") found components: serialization filesystem 
[0.465s] -- Default C++ standard: 201703
[0.465s] -- C++ standard sufficient: Minimal required 11, currently defined: 17
[0.465s] -- CMAKE_CXX_STANDARD was not set: automatically set to currently defined standard 17
[0.466s] -- C++ standard sufficient: Minimal required 11, currently defined: 17
[0.482s] -- Found ament_lint_auto: 0.12.14 (/opt/ros/humble/share/ament_lint_auto/cmake)
[0.539s] -- Added test 'cppcheck' to perform static code analysis on C / C++ code
[0.539s] -- Configured cppcheck include dirs: $<BUILD_INTERFACE:/home/jin/harco/ecvt2_ws/ecvt2_controller/include>
[0.539s] -- Configured cppcheck exclude dirs and/or files: 
[0.540s] -- Added test 'lint_cmake' to check CMake code style
[0.540s] -- Added test 'uncrustify' to check C / C++ code style
[0.540s] -- Configured uncrustify additional arguments: 
[0.540s] -- Added test 'xmllint' to check XML markup files
[0.541s] -- Configuring done
[0.552s] [33mCMake Warning at CMakeLists.txt:49 (add_executable):
[0.552s]   Cannot generate a safe runtime search path for target base_opt_controller
[0.552s]   because files in some directories may conflict with libraries in implicit
[0.552s]   directories:
[0.552s] 
[0.552s]     runtime library [liburdfdom_sensor.so.3.0] in /usr/lib/x86_64-linux-gnu may be hidden by files in:
[0.553s]       /opt/ros/humble/lib/x86_64-linux-gnu
[0.553s]     runtime library [liburdfdom_model_state.so.3.0] in /usr/lib/x86_64-linux-gnu may be hidden by files in:
[0.553s]       /opt/ros/humble/lib/x86_64-linux-gnu
[0.553s]     runtime library [liburdfdom_model.so.3.0] in /usr/lib/x86_64-linux-gnu may be hidden by files in:
[0.553s]       /opt/ros/humble/lib/x86_64-linux-gnu
[0.553s]     runtime library [liburdfdom_world.so.3.0] in /usr/lib/x86_64-linux-gnu may be hidden by files in:
[0.553s]       /opt/ros/humble/lib/x86_64-linux-gnu
[0.553s]     runtime library [liboctomap.so.1.9] in /usr/lib/x86_64-linux-gnu may be hidden by files in:
[0.553s]       /opt/ros/humble/lib/x86_64-linux-gnu
[0.553s]     runtime library [liboctomath.so.1.9] in /usr/lib/x86_64-linux-gnu may be hidden by files in:
[0.553s]       /opt/ros/humble/lib/x86_64-linux-gnu
[0.553s] 
[0.553s]   Some of these libraries may not be found correctly.
[0.553s] 
[0.553s] [0m
[0.553s] [33mCMake Warning at CMakeLists.txt:49 (add_executable):
[0.554s]   Cannot generate a safe runtime search path for target base_opt_controller
[0.554s]   because there is a cycle in the constraint graph:
[0.554s] 
[0.554s]     dir 0 is [/usr/local/lib]
[0.554s]     dir 1 is [/opt/ros/humble/lib]
[0.554s]     dir 2 is [/opt/ros/humble/lib/x86_64-linux-gnu]
[0.554s]       dir 3 must precede it due to runtime library [libpinocchio_parsers.so.3.9.0]
[0.554s]     dir 3 is [/opt/openrobots/lib]
[0.554s]       dir 2 must precede it due to runtime library [libpinocchio_default.so.3.9.0]
[0.554s] 
[0.554s]   Some of these libraries may not be found correctly.
[0.554s] 
[0.554s] [0m
[0.555s] [33mCMake Warning at CMakeLists.txt:60 (add_executable):
[0.555s]   Cannot generate a safe runtime search path for target wbc_hqp because files
[0.555s]   in some directories may conflict with libraries in implicit directories:
[0.555s] 
[0.555s]     runtime library [liburdfdom_sensor.so.3.0] in /usr/lib/x86_64-linux-gnu may be hidden by files in:
[0.555s]       /opt/ros/humble/lib/x86_64-linux-gnu
[0.555s]     runtime library [liburdfdom_model_state.so.3.0] in /usr/lib/x86_64-linux-gnu may be hidden by files in:
[0.555s]       /opt/ros/humble/lib/x86_64-linux-gnu
[0.555s]     runtime library [liburdfdom_model.so.3.0] in /usr/lib/x86_64-linux-gnu may be hidden by files in:
[0.555s]       /opt/ros/humble/lib/x86_64-linux-gnu
[0.555s]     runtime library [liburdfdom_world.so.3.0] in /usr/lib/x86_64-linux-gnu may be hidden by files in:
[0.555s]       /opt/ros/humble/lib/x86_64-linux-gnu
[0.555s]     runtime library [liboctomap.so.1.9] in /usr/lib/x86_64-linux-gnu may be hidden by files in:
[0.555s]       /opt/ros/humble/lib/x86_64-linux-gnu
[0.555s]     runtime library [liboctomath.so.1.9] in /usr/lib/x86_64-linux-gnu may be hidden by files in:
[0.555s]       /opt/ros/humble/lib/x86_64-linux-gnu
[0.555s] 
[0.555s]   Some of these libraries may not be found correctly.
[0.555s] 
[0.555s] [0m
[0.555s] [33mCMake Warning at CMakeLists.txt:60 (add_executable):
[0.556s]   Cannot generate a safe runtime search path for target wbc_hqp because there
[0.556s]   is a cycle in the constraint graph:
[0.556s] 
[0.556s]     dir 0 is [/usr/local/lib]
[0.556s]     dir 1 is [/opt/ros/humble/lib]
[0.556s]     dir 2 is [/opt/ros/humble/lib/x86_64-linux-gnu]
[0.556s]       dir 3 must precede it due to runtime library [libpinocchio_parsers.so.3.9.0]
[0.556s]     dir 3 is [/opt/openrobots/lib]
[0.556s]       dir 2 must precede it due to runtime library [libpinocchio_default.so.3.9.0]
[0.556s] 
[0.556s]   Some of these libraries may not be found correctly.
[0.556s] 
[0.556s] [0m
[0.558s] [33mCMake Warning at CMakeLists.txt:71 (add_executable):
[0.558s]   Cannot generate a safe runtime search path for target wbc_hqp_v2 because
[0.558s]   files in some directories may conflict with libraries in implicit
[0.558s]   directories:
[0.558s] 
[0.558s]     runtime library [liburdfdom_sensor.so.3.0] in /usr/lib/x86_64-linux-gnu may be hidden by files in:
[0.558s]       /opt/ros/humble/lib/x86_64-linux-gnu
[0.558s]     runtime library [liburdfdom_model_state.so.3.0] in /usr/lib/x86_64-linux-gnu may be hidden by files in:
[0.558s]       /opt/ros/humble/lib/x86_64-linux-gnu
[0.558s]     runtime library [liburdfdom_model.so.3.0] in /usr/lib/x86_64-linux-gnu may be hidden by files in:
[0.558s]       /opt/ros/humble/lib/x86_64-linux-gnu
[0.558s]     runtime library [liburdfdom_world.so.3.0] in /usr/lib/x86_64-linux-gnu may be hidden by files in:
[0.558s]       /opt/ros/humble/lib/x86_64-linux-gnu
[0.558s]     runtime library [liboctomap.so.1.9] in /usr/lib/x86_64-linux-gnu may be hidden by files in:
[0.558s]       /opt/ros/humble/lib/x86_64-linux-gnu
[0.558s]     runtime library [liboctomath.so.1.9] in /usr/lib/x86_64-linux-gnu may be hidden by files in:
[0.558s]       /opt/ros/humble/lib/x86_64-linux-gnu
[0.558s] 
[0.558s]   Some of these libraries may not be found correctly.
[0.558s] 
[0.558s] [0m
[0.558s] [33mCMake Warning at CMakeLists.txt:71 (add_executable):
[0.558s]   Cannot generate a safe runtime search path for target wbc_hqp_v2 because
[0.558s]   there is a cycle in the constraint graph:
[0.558s] 
[0.558s]     dir 0 is [/usr/local/lib]
[0.558s]     dir 1 is [/opt/ros/humble/lib]
[0.558s]     dir 2 is [/opt/ros/humble/lib/x86_64-linux-gnu]
[0.558s]       dir 3 must precede it due to runtime library [libpinocchio_parsers.so.3.9.0]
[0.558s]     dir 3 is [/opt/openrobots/lib]
[0.558s]       dir 2 must precede it due to runtime library [libpinocchio_default.so.3.9.0]
[0.559s] 
[0.559s]   Some of these libraries may not be found correctly.
[0.559s] 
[0.559s] [0m
[0.560s] [33mCMake Warning at CMakeLists.txt:83 (add_executable):
[0.560s]   Cannot generate a safe runtime search path for target wbc_hqp_v3 because
[0.560s]   files in some directories may conflict with libraries in implicit
[0.560s]   directories:
[0.561s] 
[0.561s]     runtime library [liburdfdom_sensor.so.3.0] in /usr/lib/x86_64-linux-gnu may be hidden by files in:
[0.561s]       /opt/ros/humble/lib/x86_64-linux-gnu
[0.561s]     runtime library [liburdfdom_model_state.so.3.0] in /usr/lib/x86_64-linux-gnu may be hidden by files in:
[0.561s]       /opt/ros/humble/lib/x86_64-linux-gnu
[0.561s]     runtime library [liburdfdom_model.so.3.0] in /usr/lib/x86_64-linux-gnu may be hidden by files in:
[0.561s]       /opt/ros/humble/lib/x86_64-linux-gnu
[0.561s]     runtime library [liburdfdom_world.so.3.0] in /usr/lib/x86_64-linux-gnu may be hidden by files in:
[0.561s]       /opt/ros/humble/lib/x86_64-linux-gnu
[0.561s]     runtime library [liboctomap.so.1.9] in /usr/lib/x86_64-linux-gnu may be hidden by files in:
[0.561s]       /opt/ros/humble/lib/x86_64-linux-gnu
[0.561s]     runtime library [liboctomath.so.1.9] in /usr/lib/x86_64-linux-gnu may be hidden by files in:
[0.561s]       /opt/ros/humble/lib/x86_64-linux-gnu
[0.561s] 
[0.561s]   Some of these libraries may not be found correctly.
[0.561s] 
[0.561s] [0m
[0.561s] [33mCMake Warning at CMakeLists.txt:83 (add_executable):
[0.561s]   Cannot generate a safe runtime search path for target wbc_hqp_v3 because
[0.561s]   there is a cycle in the constraint graph:
[0.561s] 
[0.561s]     dir 0 is [/usr/local/lib]
[0.561s]     dir 1 is [/opt/ros/humble/lib]
[0.561s]     dir 2 is [/opt/ros/humble/lib/x86_64-linux-gnu]
[0.561s]       dir 3 must precede it due to runtime library [libpinocchio_parsers.so.3.9.0]
[0.561s]     dir 3 is [/opt/openrobots/lib]
[0.561s]       dir 2 must precede it due to runtime library [libpinocchio_default.so.3.9.0]
[0.561s] 
[0.561s]   Some of these libraries may not be found correctly.
[0.561s] 
[0.561s] [0m
[0.563s] [33mCMake Warning at CMakeLists.txt:95 (add_executable):
[0.563s]   Cannot generate a safe runtime search path for target
[0.563s]   base_arm_task_controller because files in some directories may conflict
[0.563s]   with libraries in implicit directories:
[0.563s] 
[0.563s]     runtime library [liburdfdom_sensor.so.3.0] in /usr/lib/x86_64-linux-gnu may be hidden by files in:
[0.563s]       /opt/ros/humble/lib/x86_64-linux-gnu
[0.563s]     runtime library [liburdfdom_model_state.so.3.0] in /usr/lib/x86_64-linux-gnu may be hidden by files in:
[0.563s]       /opt/ros/humble/lib/x86_64-linux-gnu
[0.563s]     runtime library [liburdfdom_model.so.3.0] in /usr/lib/x86_64-linux-gnu may be hidden by files in:
[0.563s]       /opt/ros/humble/lib/x86_64-linux-gnu
[0.563s]     runtime library [liburdfdom_world.so.3.0] in /usr/lib/x86_64-linux-gnu may be hidden by files in:
[0.563s]       /opt/ros/humble/lib/x86_64-linux-gnu
[0.563s]     runtime library [liboctomap.so.1.9] in /usr/lib/x86_64-linux-gnu may be hidden by files in:
[0.564s]       /opt/ros/humble/lib/x86_64-linux-gnu
[0.564s]     runtime library [liboctomath.so.1.9] in /usr/lib/x86_64-linux-gnu may be hidden by files in:
[0.564s]       /opt/ros/humble/lib/x86_64-linux-gnu
[0.564s] 
[0.564s]   Some of these libraries may not be found correctly.
[0.564s] 
[0.564s] [0m
[0.564s] [33mCMake Warning at CMakeLists.txt:95 (add_executable):
[0.564s]   Cannot generate a safe runtime search path for target
[0.564s]   base_arm_task_controller because there is a cycle in the constraint graph:
[0.564s] 
[0.564s]     dir 0 is [/usr/local/lib]
[0.564s]     dir 1 is [/opt/ros/humble/lib]
[0.564s]     dir 2 is [/opt/ros/humble/lib/x86_64-linux-gnu]
[0.564s]       dir 3 must precede it due to runtime library [libpinocchio_parsers.so.3.9.0]
[0.564s]     dir 3 is [/opt/openrobots/lib]
[0.564s]       dir 2 must precede it due to runtime library [libpinocchio_default.so.3.9.0]
[0.564s] 
[0.564s]   Some of these libraries may not be found correctly.
[0.564s] 
[0.564s] [0m
[0.566s] [33mCMake Warning at CMakeLists.txt:106 (add_executable):
[0.566s]   Cannot generate a safe runtime search path for target
[0.566s]   base_arm_task_controller_v2 because files in some directories may conflict
[0.566s]   with libraries in implicit directories:
[0.566s] 
[0.566s]     runtime library [liburdfdom_sensor.so.3.0] in /usr/lib/x86_64-linux-gnu may be hidden by files in:
[0.566s]       /opt/ros/humble/lib/x86_64-linux-gnu
[0.566s]     runtime library [liburdfdom_model_state.so.3.0] in /usr/lib/x86_64-linux-gnu may be hidden by files in:
[0.566s]       /opt/ros/humble/lib/x86_64-linux-gnu
[0.566s]     runtime library [liburdfdom_model.so.3.0] in /usr/lib/x86_64-linux-gnu may be hidden by files in:
[0.566s]       /opt/ros/humble/lib/x86_64-linux-gnu
[0.566s]     runtime library [liburdfdom_world.so.3.0] in /usr/lib/x86_64-linux-gnu may be hidden by files in:
[0.566s]       /opt/ros/humble/lib/x86_64-linux-gnu
[0.566s]     runtime library [liboctomap.so.1.9] in /usr/lib/x86_64-linux-gnu may be hidden by files in:
[0.566s]       /opt/ros/humble/lib/x86_64-linux-gnu
[0.566s]     runtime library [liboctomath.so.1.9] in /usr/lib/x86_64-linux-gnu may be hidden by files in:
[0.566s]       /opt/ros/humble/lib/x86_64-linux-gnu
[0.566s] 
[0.566s]   Some of these libraries may not be found correctly.
[0.566s] 
[0.566s] [0m
[0.566s] [33mCMake Warning at CMakeLists.txt:106 (add_executable):
[0.566s]   Cannot generate a safe runtime search path for target
[0.566s]   base_arm_task_controller_v2 because there is a cycle in the constraint
[0.567s]   graph:
[0.567s] 
[0.567s]     dir 0 is [/usr/local/lib]
[0.567s]     dir 1 is [/opt/ros/humble/lib]
[0.567s]     dir 2 is [/opt/ros/humble/lib/x86_64-linux-gnu]
[0.567s]       dir 3 must precede it due to runtime library [libpinocchio_parsers.so.3.9.0]
[0.567s]     dir 3 is [/opt/openrobots/lib]
[0.567s]       dir 2 must precede it due to runtime library [libpinocchio_default.so.3.9.0]
[0.567s] 
[0.567s]   Some of these libraries may not be found correctly.
[0.567s] 
[0.567s] [0m
[0.569s] [33mCMake Warning at CMakeLists.txt:117 (add_executable):
[0.569s]   Cannot generate a safe runtime search path for target
[0.569s]   base_arm_task_controller_full because files in some directories may
[0.569s]   conflict with libraries in implicit directories:
[0.569s] 
[0.569s]     runtime library [liburdfdom_sensor.so.3.0] in /usr/lib/x86_64-linux-gnu may be hidden by files in:
[0.569s]       /opt/ros/humble/lib/x86_64-linux-gnu
[0.569s]     runtime library [liburdfdom_model_state.so.3.0] in /usr/lib/x86_64-linux-gnu may be hidden by files in:
[0.569s]       /opt/ros/humble/lib/x86_64-linux-gnu
[0.570s]     runtime library [liburdfdom_model.so.3.0] in /usr/lib/x86_64-linux-gnu may be hidden by files in:
[0.570s]       /opt/ros/humble/lib/x86_64-linux-gnu
[0.570s]     runtime library [liburdfdom_world.so.3.0] in /usr/lib/x86_64-linux-gnu may be hidden by files in:
[0.570s]       /opt/ros/humble/lib/x86_64-linux-gnu
[0.570s]     runtime library [liboctomap.so.1.9] in /usr/lib/x86_64-linux-gnu may be hidden by files in:
[0.570s]       /opt/ros/humble/lib/x86_64-linux-gnu
[0.570s]     runtime library [liboctomath.so.1.9] in /usr/lib/x86_64-linux-gnu may be hidden by files in:
[0.570s]       /opt/ros/humble/lib/x86_64-linux-gnu
[0.570s] 
[0.570s]   Some of these libraries may not be found correctly.
[0.570s] 
[0.570s] [0m
[0.570s] [33mCMake Warning at CMakeLists.txt:117 (add_executable):
[0.570s]   Cannot generate a safe runtime search path for target
[0.570s]   base_arm_task_controller_full because there is a cycle in the constraint
[0.570s]   graph:
[0.570s] 
[0.570s]     dir 0 is [/usr/local/lib]
[0.570s]     dir 1 is [/opt/ros/humble/lib]
[0.570s]     dir 2 is [/opt/ros/humble/lib/x86_64-linux-gnu]
[0.570s]       dir 3 must precede it due to runtime library [libpinocchio_parsers.so.3.9.0]
[0.570s]     dir 3 is [/opt/openrobots/lib]
[0.570s]       dir 2 must precede it due to runtime library [libpinocchio_default.so.3.9.0]
[0.570s] 
[0.570s]   Some of these libraries may not be found correctly.
[0.571s] 
[0.571s] [0m
[0.575s] [33mCMake Warning at CMakeLists.txt:141 (add_executable):
[0.575s]   Cannot generate a safe runtime search path for target pin_test because
[0.575s]   files in some directories may conflict with libraries in implicit
[0.575s]   directories:
[0.575s] 
[0.575s]     runtime library [liburdfdom_sensor.so.3.0] in /usr/lib/x86_64-linux-gnu may be hidden by files in:
[0.575s]       /opt/ros/humble/lib/x86_64-linux-gnu
[0.575s]     runtime library [liburdfdom_model_state.so.3.0] in /usr/lib/x86_64-linux-gnu may be hidden by files in:
[0.575s]       /opt/ros/humble/lib/x86_64-linux-gnu
[0.575s]     runtime library [liburdfdom_model.so.3.0] in /usr/lib/x86_64-linux-gnu may be hidden by files in:
[0.575s]       /opt/ros/humble/lib/x86_64-linux-gnu
[0.575s]     runtime library [liburdfdom_world.so.3.0] in /usr/lib/x86_64-linux-gnu may be hidden by files in:
[0.575s]       /opt/ros/humble/lib/x86_64-linux-gnu
[0.575s]     runtime library [liboctomap.so.1.9] in /usr/lib/x86_64-linux-gnu may be hidden by files in:
[0.575s]       /opt/ros/humble/lib/x86_64-linux-gnu
[0.575s]     runtime library [liboctomath.so.1.9] in /usr/lib/x86_64-linux-gnu may be hidden by files in:
[0.576s]       /opt/ros/humble/lib/x86_64-linux-gnu
[0.576s] 
[0.576s]   Some of these libraries may not be found correctly.
[0.576s] 
[0.576s] [0m
[0.576s] [33mCMake Warning at CMakeLists.txt:141 (add_executable):
[0.576s]   Cannot generate a safe runtime search path for target pin_test because
[0.576s]   there is a cycle in the constraint graph:
[0.576s] 
[0.576s]     dir 0 is [/opt/ros/humble/lib]
[0.576s]     dir 1 is [/opt/openrobots/lib]
[0.576s]       dir 2 must precede it due to runtime library [libpinocchio_default.so.3.9.0]
[0.576s]     dir 2 is [/opt/ros/humble/lib/x86_64-linux-gnu]
[0.576s]       dir 1 must precede it due to runtime library [libpinocchio_parsers.so.3.9.0]
[0.576s] 
[0.576s]   Some of these libraries may not be found correctly.
[0.576s] 
[0.576s] [0m
[0.585s] -- Generating done
[0.600s] -- Build files have been written to: /home/jin/harco/ecvt2_ws/build/ecvt2_controller
[0.607s] Invoked command in '/home/jin/harco/ecvt2_ws/build/ecvt2_controller' returned '0': CMAKE_PREFIX_PATH=${CMAKE_PREFIX_PATH}:/home/jin/harco/ecvt2_ws/install/ecvt2_sim:/opt/ros/humble /usr/bin/cmake /home/jin/harco/ecvt2_ws/ecvt2_controller -DAMENT_CMAKE_SYMLINK_INSTALL=1 -DCMAKE_INSTALL_PREFIX=/home/jin/harco/ecvt2_ws/install/ecvt2_controller
[0.608s] Invoking command in '/home/jin/harco/ecvt2_ws/build/ecvt2_controller': CMAKE_PREFIX_PATH=${CMAKE_PREFIX_PATH}:/home/jin/harco/ecvt2_ws/install/ecvt2_sim:/opt/ros/humble /usr/bin/cmake --build /home/jin/harco/ecvt2_ws/build/ecvt2_controller -- -j20 -l20
[0.638s] [35m[1mConsolidate compiler generated dependencies of target wbc_hqp_lib[0m
[0.638s] [35m[1mConsolidate compiler generated dependencies of target teleop_goal_publisher[0m
[0.638s] [35m[1mConsolidate compiler generated dependencies of target kdl_utils[0m
[0.639s] [35m[1mConsolidate compiler generated dependencies of target live_upper_dynamics_node[0m
[0.640s] [35m[1mConsolidate compiler generated dependencies of target vp_sto_global_planner_node[0m
[0.640s] [35m[1mConsolidate compiler generated dependencies of target com_trajectory_publisher[0m
[0.642s] [35m[1mConsolidate compiler generated dependencies of target vp_sto_global_planner_full_node[0m
[0.642s] [35m[1mConsolidate compiler generated dependencies of target vp_sto_paper_global_planner_node[0m
[0.647s] [  6%] Built target wbc_hqp_lib
[0.648s] [ 12%] Built target teleop_goal_publisher
[0.654s] [ 18%] Built target com_trajectory_publisher
[0.658s] [ 25%] Built target kdl_utils
[0.661s] [ 31%] Built target live_upper_dynamics_node
[0.664s] [ 37%] Built target vp_sto_paper_global_planner_node
[0.665s] [35m[1mConsolidate compiler generated dependencies of target wbc_hqp[0m
[0.665s] [35m[1mConsolidate compiler generated dependencies of target base_opt_controller[0m
[0.665s] [ 43%] Built target vp_sto_global_planner_node
[0.666s] [35m[1mConsolidate compiler generated dependencies of target wbc_hqp_v3[0m
[0.666s] [35m[1mConsolidate compiler generated dependencies of target base_arm_task_controller[0m
[0.666s] [35m[1mConsolidate compiler generated dependencies of target wbc_hqp_v2[0m
[0.666s] [35m[1mConsolidate compiler generated dependencies of target base_arm_task_controller_v2[0m
[0.666s] [35m[1mConsolidate compiler generated dependencies of target base_arm_task_controller_full[0m
[0.669s] [35m[1mConsolidate compiler generated dependencies of target pin_test[0m
[0.673s] [ 46%] [32mBuilding CXX object CMakeFiles/vp_sto_global_planner_full_node.dir/src/vp_sto_global_planner_full_node.cpp.o[0m
[0.677s] [ 53%] Built target wbc_hqp
[0.677s] [ 59%] Built target wbc_hqp_v3
[0.678s] [ 65%] Built target base_arm_task_controller
[0.680s] [ 71%] Built target wbc_hqp_v2
[0.680s] [ 78%] Built target base_arm_task_controller_full
[0.680s] [ 84%] Built target base_arm_task_controller_v2
[0.681s] [ 90%] Built target base_opt_controller
[0.698s] [ 96%] Built target pin_test
[3.613s] In file included from [01m[K/opt/openrobots/include/hpp/fcl/config.hh:1[m[K,
[3.613s]                  from [01m[K/opt/openrobots/include/pinocchio/serialization/eigen.hpp:20[m[K,
[3.613s]                  from [01m[K/opt/openrobots/include/pinocchio/serialization/fwd.hpp:11[m[K,
[3.613s]                  from [01m[K/opt/openrobots/include/pinocchio/multibody/joint/joint-composite.hpp:14[m[K,
[3.613s]                  from [01m[K/opt/openrobots/include/pinocchio/multibody/joint/joint-generic.hpp:9[m[K,
[3.613s]                  from [01m[K/opt/openrobots/include/pinocchio/multibody/model.hpp:17[m[K,
[3.613s]                  from [01m[K/opt/openrobots/include/pinocchio/parsers/urdf.hpp:9[m[K,
[3.613s]                  from [01m[K/home/jin/harco/ecvt2_ws/ecvt2_controller/src/vp_sto_global_planner_full_node.cpp:7[m[K:
[3.613s] [01m[K/opt/openrobots/include/hpp/fcl/coal.hpp:12:99:[m[K [01;36m[Knote: [m[K‘[01m[K#pragma message: Please update your includes from 'hpp/fcl' to 'coal' or define COAL_DISABLE_HPP_FCL_WARNINGS[m[K’
[3.613s]    12 |     "Please update your includes from 'hpp/fcl' to 'coal' or define COAL_DISABLE_HPP_FCL_WARNINGS"[01;36m[K)[m[K
[3.613s]       |                                                                                                   [01;36m[K^[m[K
[36.991s] [100%] [32m[1mLinking CXX executable vp_sto_global_planner_full_node[0m
[38.252s] [100%] Built target vp_sto_global_planner_full_node
[38.258s] Invoked command in '/home/jin/harco/ecvt2_ws/build/ecvt2_controller' returned '0': CMAKE_PREFIX_PATH=${CMAKE_PREFIX_PATH}:/home/jin/harco/ecvt2_ws/install/ecvt2_sim:/opt/ros/humble /usr/bin/cmake --build /home/jin/harco/ecvt2_ws/build/ecvt2_controller -- -j20 -l20
[38.259s] Invoking command in '/home/jin/harco/ecvt2_ws/build/ecvt2_controller': CMAKE_PREFIX_PATH=${CMAKE_PREFIX_PATH}:/home/jin/harco/ecvt2_ws/install/ecvt2_sim:/opt/ros/humble /usr/bin/cmake --install /home/jin/harco/ecvt2_ws/build/ecvt2_controller
[38.265s] -- Install configuration: ""
[38.265s] -- Execute custom install script
[38.266s] -- Up-to-date symlink: /home/jin/harco/ecvt2_ws/install/ecvt2_controller/lib/ecvt2_controller/teleop_goal_publisher
[38.266s] -- Up-to-date symlink: /home/jin/harco/ecvt2_ws/install/ecvt2_controller/lib/ecvt2_controller/live_upper_dynamics_node
[38.266s] -- Up-to-date symlink: /home/jin/harco/ecvt2_ws/install/ecvt2_controller/lib/ecvt2_controller/vp_sto_global_planner_node
[38.266s] -- Up-to-date symlink: /home/jin/harco/ecvt2_ws/install/ecvt2_controller/lib/ecvt2_controller/vp_sto_global_planner_full_node
[38.266s] -- Up-to-date symlink: /home/jin/harco/ecvt2_ws/install/ecvt2_controller/lib/ecvt2_controller/vp_sto_paper_global_planner_node
[38.266s] -- Up-to-date symlink: /home/jin/harco/ecvt2_ws/install/ecvt2_controller/include/ecvt2_controller/kdl_utils.hpp
[38.266s] -- Up-to-date symlink: /home/jin/harco/ecvt2_ws/install/ecvt2_controller/include/ecvt2_controller/wbc_hqp_lib.hpp
[38.266s] -- Up-to-date symlink: /home/jin/harco/ecvt2_ws/install/ecvt2_controller/lib/libkdl_utils.a
[38.266s] -- Up-to-date symlink: /home/jin/harco/ecvt2_ws/install/ecvt2_controller/lib/libwbc_hqp_lib.a
[38.266s] -- Up-to-date symlink: /home/jin/harco/ecvt2_ws/install/ecvt2_controller/lib/ecvt2_controller/base_opt_controller
[38.267s] -- Up-to-date symlink: /home/jin/harco/ecvt2_ws/install/ecvt2_controller/lib/ecvt2_controller/wbc_hqp
[38.267s] -- Up-to-date symlink: /home/jin/harco/ecvt2_ws/install/ecvt2_controller/lib/ecvt2_controller/wbc_hqp_v2
[38.267s] -- Up-to-date symlink: /home/jin/harco/ecvt2_ws/install/ecvt2_controller/lib/ecvt2_controller/wbc_hqp_v3
[38.267s] -- Up-to-date symlink: /home/jin/harco/ecvt2_ws/install/ecvt2_controller/lib/ecvt2_controller/base_arm_task_controller
[38.267s] -- Up-to-date symlink: /home/jin/harco/ecvt2_ws/install/ecvt2_controller/lib/ecvt2_controller/base_arm_task_controller_v2
[38.267s] -- Up-to-date symlink: /home/jin/harco/ecvt2_ws/install/ecvt2_controller/lib/ecvt2_controller/base_arm_task_controller_full
[38.267s] -- Up-to-date symlink: /home/jin/harco/ecvt2_ws/install/ecvt2_controller/lib/ecvt2_controller/teleop_goal_publisher
[38.267s] -- Up-to-date symlink: /home/jin/harco/ecvt2_ws/install/ecvt2_controller/lib/ecvt2_controller/com_trajectory_publisher
[38.267s] -- Up-to-date symlink: /home/jin/harco/ecvt2_ws/install/ecvt2_controller/lib/ecvt2_controller/pin_test
[38.267s] -- Up-to-date symlink: /home/jin/harco/ecvt2_ws/install/ecvt2_controller/share/ament_index/resource_index/package_run_dependencies/ecvt2_controller
[38.267s] -- Up-to-date symlink: /home/jin/harco/ecvt2_ws/install/ecvt2_controller/share/ament_index/resource_index/parent_prefix_path/ecvt2_controller
[38.267s] -- Up-to-date symlink: /home/jin/harco/ecvt2_ws/install/ecvt2_controller/share/ecvt2_controller/environment/ament_prefix_path.sh
[38.267s] -- Up-to-date symlink: /home/jin/harco/ecvt2_ws/install/ecvt2_controller/share/ecvt2_controller/environment/ament_prefix_path.dsv
[38.267s] -- Up-to-date symlink: /home/jin/harco/ecvt2_ws/install/ecvt2_controller/share/ecvt2_controller/environment/path.sh
[38.267s] -- Up-to-date symlink: /home/jin/harco/ecvt2_ws/install/ecvt2_controller/share/ecvt2_controller/environment/path.dsv
[38.267s] -- Up-to-date symlink: /home/jin/harco/ecvt2_ws/install/ecvt2_controller/share/ecvt2_controller/local_setup.bash
[38.267s] -- Up-to-date symlink: /home/jin/harco/ecvt2_ws/install/ecvt2_controller/share/ecvt2_controller/local_setup.sh
[38.268s] -- Up-to-date symlink: /home/jin/harco/ecvt2_ws/install/ecvt2_controller/share/ecvt2_controller/local_setup.zsh
[38.268s] -- Up-to-date symlink: /home/jin/harco/ecvt2_ws/install/ecvt2_controller/share/ecvt2_controller/local_setup.dsv
[38.268s] -- Symlinking: /home/jin/harco/ecvt2_ws/install/ecvt2_controller/share/ecvt2_controller/package.dsv
[38.272s] -- Up-to-date symlink: /home/jin/harco/ecvt2_ws/install/ecvt2_controller/share/ament_index/resource_index/packages/ecvt2_controller
[38.272s] -- Up-to-date symlink: /home/jin/harco/ecvt2_ws/install/ecvt2_controller/share/ecvt2_controller/cmake/ecvt2_controllerConfig.cmake
[38.272s] -- Up-to-date symlink: /home/jin/harco/ecvt2_ws/install/ecvt2_controller/share/ecvt2_controller/cmake/ecvt2_controllerConfig-version.cmake
[38.272s] -- Up-to-date symlink: /home/jin/harco/ecvt2_ws/install/ecvt2_controller/share/ecvt2_controller/package.xml
[38.274s] Invoked command in '/home/jin/harco/ecvt2_ws/build/ecvt2_controller' returned '0': CMAKE_PREFIX_PATH=${CMAKE_PREFIX_PATH}:/home/jin/harco/ecvt2_ws/install/ecvt2_sim:/opt/ros/humble /usr/bin/cmake --install /home/jin/harco/ecvt2_ws/build/ecvt2_controller
