running develop
running egg_info
writing ecvt2_sim.egg-info/PKG-INFO
writing dependency_links to ecvt2_sim.egg-info/dependency_links.txt
writing entry points to ecvt2_sim.egg-info/entry_points.txt
writing requirements to ecvt2_sim.egg-info/requires.txt
writing top-level names to ecvt2_sim.egg-info/top_level.txt
reading manifest file 'ecvt2_sim.egg-info/SOURCES.txt'
writing manifest file 'ecvt2_sim.egg-info/SOURCES.txt'
running build_ext
Creating /home/jin/harco/ecvt2_ws/install/ecvt2_sim/lib/python3.10/site-packages/ecvt2-sim.egg-link (link to .)
Installing plot_passive_csv script to /home/jin/harco/ecvt2_ws/install/ecvt2_sim/lib/ecvt2_sim
Installing plot_passive_joints script to /home/jin/harco/ecvt2_ws/install/ecvt2_sim/lib/ecvt2_sim
Installing robot_node script to /home/jin/harco/ecvt2_ws/install/ecvt2_sim/lib/ecvt2_sim
Installing sin_velocity_publisher script to /home/jin/harco/ecvt2_ws/install/ecvt2_sim/lib/ecvt2_sim
Installing test_robot_node script to /home/jin/harco/ecvt2_ws/install/ecvt2_sim/lib/ecvt2_sim
Installing test_upper_node script to /home/jin/harco/ecvt2_ws/install/ecvt2_sim/lib/ecvt2_sim
Installing upper_node script to /home/jin/harco/ecvt2_ws/install/ecvt2_sim/lib/ecvt2_sim

Installed /home/jin/harco/ecvt2_ws/build/ecvt2_sim
running symlink_data
symbolically linking /home/jin/harco/ecvt2_ws/build/ecvt2_sim/resource/ecvt2_sim -> /home/jin/harco/ecvt2_ws/install/ecvt2_sim/share/ament_index/resource_index/packages
symbolically linking /home/jin/harco/ecvt2_ws/build/ecvt2_sim/package.xml -> /home/jin/harco/ecvt2_ws/install/ecvt2_sim/share/ecvt2_sim
symbolically linking /home/jin/harco/ecvt2_ws/build/ecvt2_sim/launch/test_upper_bringup.launch.py -> /home/jin/harco/ecvt2_ws/install/ecvt2_sim/share/ecvt2_sim/launch
symbolically linking /home/jin/harco/ecvt2_ws/build/ecvt2_sim/launch/test_bringup.launch.py -> /home/jin/harco/ecvt2_ws/install/ecvt2_sim/share/ecvt2_sim/launch
symbolically linking /home/jin/harco/ecvt2_ws/build/ecvt2_sim/launch/bringup.launch.py -> /home/jin/harco/ecvt2_ws/install/ecvt2_sim/share/ecvt2_sim/launch
symbolically linking /home/jin/harco/ecvt2_ws/build/ecvt2_sim/launch/upper_bringup.launch.py -> /home/jin/harco/ecvt2_ws/install/ecvt2_sim/share/ecvt2_sim/launch
symbolically linking /home/jin/harco/ecvt2_ws/build/ecvt2_sim/rviz/ecvt.rviz -> /home/jin/harco/ecvt2_ws/install/ecvt2_sim/share/ecvt2_sim/rviz
symbolically linking /home/jin/harco/ecvt2_ws/build/ecvt2_sim/rviz/base_opt.rviz -> /home/jin/harco/ecvt2_ws/install/ecvt2_sim/share/ecvt2_sim/rviz
