-- Found ament_cmake: 1.3.12 (/opt/ros/humble/share/ament_cmake/cmake)
-- Override CMake install command with custom implementation using symlinks instead of copying resources
-- Found rclcpp: 16.0.16 (/opt/ros/humble/share/rclcpp/cmake)
-- Found rosidl_generator_c: 3.1.7 (/opt/ros/humble/share/rosidl_generator_c/cmake)
-- Found rosidl_adapter: 3.1.7 (/opt/ros/humble/share/rosidl_adapter/cmake)
-- Found rosidl_generator_cpp: 3.1.7 (/opt/ros/humble/share/rosidl_generator_cpp/cmake)
-- Using all available rosidl_typesupport_c: rosidl_typesupport_fastrtps_c;rosidl_typesupport_introspection_c
-- Using all available rosidl_typesupport_cpp: rosidl_typesupport_fastrtps_cpp;rosidl_typesupport_introspection_cpp
-- Found rmw_implementation_cmake: 6.1.2 (/opt/ros/humble/share/rmw_implementation_cmake/cmake)
-- Found rmw_fastrtps_cpp: 6.2.9 (/opt/ros/humble/share/rmw_fastrtps_cpp/cmake)
-- Using RMW implementation 'rmw_fastrtps_cpp' as default
-- Found geometry_msgs: 4.9.0 (/opt/ros/humble/share/geometry_msgs/cmake)
-- Found sensor_msgs: 4.9.0 (/opt/ros/humble/share/sensor_msgs/cmake)
-- Found visualization_msgs: 4.9.0 (/opt/ros/humble/share/visualization_msgs/cmake)
-- Found trajectory_msgs: 4.9.0 (/opt/ros/humble/share/trajectory_msgs/cmake)
-- pinocchio_default FOUND. pinocchio_default at /opt/openrobots/lib/libpinocchio_default.so
-- pinocchio_parsers FOUND. pinocchio_parsers at /opt/openrobots/lib/libpinocchio_parsers.so
-- pinocchio_casadi FOUND. pinocchio_casadi at /opt/openrobots/lib/libpinocchio_casadi.so
-- boost_filesystem FOUND. boost_filesystem at /usr/lib/x86_64-linux-gnu/libboost_filesystem.so
-- Found Boost: /usr/include (found version "1.74.0") found components: filesystem serialization 
-- coal FOUND. coal at /opt/openrobots/lib/libcoal.so
-- Found Boost: /usr/include (found version "1.74.0") found components: serialization filesystem 
-- Default C++ standard: 201703
-- Minimal C++ standard upgraded to 11
-- C++ standard sufficient: Minimal required 11, currently defined: 17
-- CMAKE_CXX_STANDARD was not set: automatically set to currently defined standard 17
-- C++ standard sufficient: Minimal required 11, currently defined: 17
-- Found ament_lint_auto: 0.12.14 (/opt/ros/humble/share/ament_lint_auto/cmake)
-- Added test 'cppcheck' to perform static code analysis on C / C++ code
-- Configured cppcheck include dirs: $<BUILD_INTERFACE:/home/jin/harco/ecvt2_ws/ecvt2_controller/include>
-- Configured cppcheck exclude dirs and/or files: 
-- Added test 'lint_cmake' to check CMake code style
-- Added test 'uncrustify' to check C / C++ code style
-- Configured uncrustify additional arguments: 
-- Added test 'xmllint' to check XML markup files
-- Configuring done
-- Generating done
-- Build files have been written to: /home/jin/harco/ecvt2_ws/build/ecvt2_controller
[  9%] [32mBuilding CXX object CMakeFiles/kdl_utils.dir/src/kdl_utils.cpp.o[0m
[  9%] [32mBuilding CXX object CMakeFiles/wbc_hqp_lib.dir/src/wbc_hqp_lib.cpp.o[0m
[ 18%] [32mBuilding CXX object CMakeFiles/com_trajectory_publisher.dir/src/com_trajectory_publisher.cpp.o[0m
[ 18%] [32mBuilding CXX object CMakeFiles/teleop_goal_publisher.dir/src/teleop_goal_publisher.cpp.o[0m
[ 22%] [32m[1mLinking CXX static library libwbc_hqp_lib.a[0m
[ 22%] Built target wbc_hqp_lib
[ 27%] [32m[1mLinking CXX executable com_trajectory_publisher[0m
[ 27%] Built target com_trajectory_publisher
[ 31%] [32m[1mLinking CXX executable teleop_goal_publisher[0m
[ 31%] Built target teleop_goal_publisher
[ 36%] [32m[1mLinking CXX static library libkdl_utils.a[0m
[ 36%] Built target kdl_utils
[ 40%] [32mBuilding CXX object CMakeFiles/base_arm_task_controller.dir/src/base_arm_task_controller.cpp.o[0m
[ 45%] [32mBuilding CXX object CMakeFiles/pin_test.dir/src/pin_test.cpp.o[0m
[ 50%] [32mBuilding CXX object CMakeFiles/wbc_hqp_v3.dir/src/wbc_hqp_v3.cpp.o[0m
[ 54%] [32mBuilding CXX object CMakeFiles/wbc_hqp_v2.dir/src/wbc_hqp_v2.cpp.o[0m
[ 59%] [32mBuilding CXX object CMakeFiles/base_opt_controller.dir/src/base_opt_controller.cpp.o[0m
[ 63%] [32mBuilding CXX object CMakeFiles/base_arm_task_controller_v2.dir/src/base_arm_task_controller_v2.cpp.o[0m
[ 68%] [32mBuilding CXX object CMakeFiles/wbc_hqp.dir/src/wbc_hqp.cpp.o[0m
[ 72%] [32m[1mLinking CXX executable base_arm_task_controller_v2[0m
[ 77%] [32m[1mLinking CXX executable pin_test[0m
[ 81%] [32m[1mLinking CXX executable wbc_hqp_v2[0m
[ 86%] [32m[1mLinking CXX executable wbc_hqp_v3[0m
[ 86%] Built target pin_test
[ 90%] [32m[1mLinking CXX executable wbc_hqp[0m
[ 90%] Built target base_arm_task_controller_v2
[ 90%] Built target wbc_hqp_v3
[ 90%] Built target wbc_hqp_v2
[ 90%] Built target wbc_hqp
[ 95%] [32m[1mLinking CXX executable base_arm_task_controller[0m
[ 95%] Built target base_arm_task_controller
[100%] [32m[1mLinking CXX executable base_opt_controller[0m
[100%] Built target base_opt_controller
-- Install configuration: ""
-- Execute custom install script
-- Symlinking: /home/jin/harco/ecvt2_ws/install/ecvt2_controller/lib/ecvt2_controller/teleop_goal_publisher
-- Symlinking: /home/jin/harco/ecvt2_ws/install/ecvt2_controller/include/ecvt2_controller/kdl_utils.hpp
-- Symlinking: /home/jin/harco/ecvt2_ws/install/ecvt2_controller/include/ecvt2_controller/wbc_hqp_lib.hpp
-- Symlinking: /home/jin/harco/ecvt2_ws/install/ecvt2_controller/lib/libkdl_utils.a
-- Symlinking: /home/jin/harco/ecvt2_ws/install/ecvt2_controller/lib/libwbc_hqp_lib.a
-- Symlinking: /home/jin/harco/ecvt2_ws/install/ecvt2_controller/lib/ecvt2_controller/base_opt_controller
-- Symlinking: /home/jin/harco/ecvt2_ws/install/ecvt2_controller/lib/ecvt2_controller/wbc_hqp
-- Symlinking: /home/jin/harco/ecvt2_ws/install/ecvt2_controller/lib/ecvt2_controller/wbc_hqp_v2
-- Symlinking: /home/jin/harco/ecvt2_ws/install/ecvt2_controller/lib/ecvt2_controller/wbc_hqp_v3
-- Symlinking: /home/jin/harco/ecvt2_ws/install/ecvt2_controller/lib/ecvt2_controller/base_arm_task_controller
-- Symlinking: /home/jin/harco/ecvt2_ws/install/ecvt2_controller/lib/ecvt2_controller/base_arm_task_controller_v2
-- Up-to-date symlink: /home/jin/harco/ecvt2_ws/install/ecvt2_controller/lib/ecvt2_controller/teleop_goal_publisher
-- Symlinking: /home/jin/harco/ecvt2_ws/install/ecvt2_controller/lib/ecvt2_controller/com_trajectory_publisher
-- Symlinking: /home/jin/harco/ecvt2_ws/install/ecvt2_controller/lib/ecvt2_controller/pin_test
-- Symlinking: /home/jin/harco/ecvt2_ws/install/ecvt2_controller/share/ament_index/resource_index/package_run_dependencies/ecvt2_controller
-- Symlinking: /home/jin/harco/ecvt2_ws/install/ecvt2_controller/share/ament_index/resource_index/parent_prefix_path/ecvt2_controller
-- Symlinking: /home/jin/harco/ecvt2_ws/install/ecvt2_controller/share/ecvt2_controller/environment/ament_prefix_path.sh
-- Symlinking: /home/jin/harco/ecvt2_ws/install/ecvt2_controller/share/ecvt2_controller/environment/ament_prefix_path.dsv
-- Symlinking: /home/jin/harco/ecvt2_ws/install/ecvt2_controller/share/ecvt2_controller/environment/path.sh
-- Symlinking: /home/jin/harco/ecvt2_ws/install/ecvt2_controller/share/ecvt2_controller/environment/path.dsv
-- Symlinking: /home/jin/harco/ecvt2_ws/install/ecvt2_controller/share/ecvt2_controller/local_setup.bash
-- Symlinking: /home/jin/harco/ecvt2_ws/install/ecvt2_controller/share/ecvt2_controller/local_setup.sh
-- Symlinking: /home/jin/harco/ecvt2_ws/install/ecvt2_controller/share/ecvt2_controller/local_setup.zsh
-- Symlinking: /home/jin/harco/ecvt2_ws/install/ecvt2_controller/share/ecvt2_controller/local_setup.dsv
-- Symlinking: /home/jin/harco/ecvt2_ws/install/ecvt2_controller/share/ecvt2_controller/package.dsv
-- Symlinking: /home/jin/harco/ecvt2_ws/install/ecvt2_controller/share/ament_index/resource_index/packages/ecvt2_controller
-- Symlinking: /home/jin/harco/ecvt2_ws/install/ecvt2_controller/share/ecvt2_controller/cmake/ecvt2_controllerConfig.cmake
-- Symlinking: /home/jin/harco/ecvt2_ws/install/ecvt2_controller/share/ecvt2_controller/cmake/ecvt2_controllerConfig-version.cmake
-- Symlinking: /home/jin/harco/ecvt2_ws/install/ecvt2_controller/share/ecvt2_controller/package.xml
