[0.006s] Invoking command in '/home/jin/harco/ecvt2_ws/build/ecvt2_controller': CMAKE_PREFIX_PATH=/opt/ros/humble /usr/bin/cmake /home/jin/harco/ecvt2_ws/ecvt2_controller -DCMAKE_INSTALL_PREFIX=/home/jin/harco/ecvt2_ws/install/ecvt2_controller
[0.014s] -- Found ament_cmake: 1.3.12 (/opt/ros/humble/share/ament_cmake/cmake)
[0.094s] -- Override CMake install command with custom implementation using symlinks instead of copying resources
[0.098s] -- Found rclcpp: 16.0.16 (/opt/ros/humble/share/rclcpp/cmake)
[0.114s] -- Found rosidl_generator_c: 3.1.7 (/opt/ros/humble/share/rosidl_generator_c/cmake)
[0.115s] -- Found rosidl_adapter: 3.1.7 (/opt/ros/humble/share/rosidl_adapter/cmake)
[0.118s] -- Found rosidl_generator_cpp: 3.1.7 (/opt/ros/humble/share/rosidl_generator_cpp/cmake)
[0.123s] -- Using all available rosidl_typesupport_c: rosidl_typesupport_fastrtps_c;rosidl_typesupport_introspection_c
[0.129s] -- Using all available rosidl_typesupport_cpp: rosidl_typesupport_fastrtps_cpp;rosidl_typesupport_introspection_cpp
[0.146s] -- Found rmw_implementation_cmake: 6.1.2 (/opt/ros/humble/share/rmw_implementation_cmake/cmake)
[0.146s] -- Found rmw_fastrtps_cpp: 6.2.9 (/opt/ros/humble/share/rmw_fastrtps_cpp/cmake)
[0.214s] -- Using RMW implementation 'rmw_fastrtps_cpp' as default
[0.242s] -- Found geometry_msgs: 4.9.0 (/opt/ros/humble/share/geometry_msgs/cmake)
[0.248s] -- Found sensor_msgs: 4.9.0 (/opt/ros/humble/share/sensor_msgs/cmake)
[0.257s] -- Found visualization_msgs: 4.9.0 (/opt/ros/humble/share/visualization_msgs/cmake)
[0.267s] -- Found trajectory_msgs: 4.9.0 (/opt/ros/humble/share/trajectory_msgs/cmake)
[0.277s] -- pinocchio_default FOUND. pinocchio_default at /opt/ros/humble/lib/x86_64-linux-gnu/libpinocchio_default.so
[0.277s] -- pinocchio_parsers FOUND. pinocchio_parsers at /opt/ros/humble/lib/x86_64-linux-gnu/libpinocchio_parsers.so
[0.278s] -- pinocchio_casadi not FOUND.
[0.279s] -- boost_filesystem FOUND. boost_filesystem at /usr/lib/x86_64-linux-gnu/libboost_filesystem.so
[0.284s] -- Found Boost: /usr/include (found version "1.74.0") found components: filesystem serialization 
[0.284s] CMake Warning at /opt/openrobots/lib/cmake/hpp-fcl/hpp-fclConfig.cmake:4 (message):
[0.284s]   Please update your CMake from 'hpp-fcl' to 'coal', or define
[0.284s]   COAL_DISABLE_HPP_FCL_WARNINGS
[0.284s] Call Stack (most recent call first):
[0.284s]   /usr/share/cmake-3.22/Modules/CMakeFindDependencyMacro.cmake:47 (find_package)
[0.284s]   /opt/openrobots/lib/cmake/pinocchio/pinocchioConfig.cmake:161 (find_dependency)
[0.284s]   CMakeLists.txt:20 (find_package)
[0.284s] 
[0.284s] 
[0.285s] -- coal not FOUND.
[0.288s] -- Found Boost: /usr/include (found version "1.74.0") found components: serialization filesystem 
[0.459s] -- Default C++ standard: 201703
[0.459s] -- C++ standard sufficient: Minimal required 11, currently defined: 17
[0.459s] -- CMAKE_CXX_STANDARD was not set: automatically set to currently defined standard 17
[0.460s] -- C++ standard sufficient: Minimal required 11, currently defined: 17
[0.474s] -- Found ament_lint_auto: 0.12.14 (/opt/ros/humble/share/ament_lint_auto/cmake)
[0.525s] -- Added test 'cppcheck' to perform static code analysis on C / C++ code
[0.525s] -- Configured cppcheck include dirs: $<BUILD_INTERFACE:/home/jin/harco/ecvt2_ws/ecvt2_controller/include>
[0.525s] -- Configured cppcheck exclude dirs and/or files: 
[0.526s] -- Added test 'lint_cmake' to check CMake code style
[0.526s] -- Added test 'uncrustify' to check C / C++ code style
[0.526s] -- Configured uncrustify additional arguments: 
[0.526s] -- Added test 'xmllint' to check XML markup files
[0.527s] -- Configuring done
[0.537s] CMake Warning at CMakeLists.txt:48 (add_executable):
[0.537s]   Cannot generate a safe runtime search path for target base_opt_controller
[0.537s]   because files in some directories may conflict with libraries in implicit
[0.537s]   directories:
[0.537s] 
[0.537s]     runtime library [liburdfdom_sensor.so.3.0] in /usr/lib/x86_64-linux-gnu may be hidden by files in:
[0.537s]       /opt/ros/humble/lib/x86_64-linux-gnu
[0.537s]     runtime library [liburdfdom_model_state.so.3.0] in /usr/lib/x86_64-linux-gnu may be hidden by files in:
[0.537s]       /opt/ros/humble/lib/x86_64-linux-gnu
[0.537s]     runtime library [liburdfdom_model.so.3.0] in /usr/lib/x86_64-linux-gnu may be hidden by files in:
[0.537s]       /opt/ros/humble/lib/x86_64-linux-gnu
[0.537s]     runtime library [liburdfdom_world.so.3.0] in /usr/lib/x86_64-linux-gnu may be hidden by files in:
[0.537s]       /opt/ros/humble/lib/x86_64-linux-gnu
[0.537s]     runtime library [liboctomap.so.1.9] in /usr/lib/x86_64-linux-gnu may be hidden by files in:
[0.537s]       /opt/ros/humble/lib/x86_64-linux-gnu
[0.537s]     runtime library [liboctomath.so.1.9] in /usr/lib/x86_64-linux-gnu may be hidden by files in:
[0.537s]       /opt/ros/humble/lib/x86_64-linux-gnu
[0.537s] 
[0.537s]   Some of these libraries may not be found correctly.
[0.537s] 
[0.537s] 
[0.537s] CMake Warning at CMakeLists.txt:48 (add_executable):
[0.537s]   Cannot generate a safe runtime search path for target base_opt_controller
[0.537s]   because there is a cycle in the constraint graph:
[0.537s] 
[0.537s]     dir 0 is [/usr/local/lib]
[0.537s]     dir 1 is [/opt/ros/humble/lib]
[0.537s]     dir 2 is [/opt/ros/humble/lib/x86_64-linux-gnu]
[0.537s]       dir 3 must precede it due to runtime library [libpinocchio_parsers.so.3.9.0]
[0.537s]     dir 3 is [/opt/openrobots/lib]
[0.537s]       dir 2 must precede it due to runtime library [libpinocchio_default.so.3.9.0]
[0.537s] 
[0.537s]   Some of these libraries may not be found correctly.
[0.537s] 
[0.537s] 
[0.539s] CMake Warning at CMakeLists.txt:59 (add_executable):
[0.539s]   Cannot generate a safe runtime search path for target wbc_hqp because files
[0.539s]   in some directories may conflict with libraries in implicit directories:
[0.539s] 
[0.539s]     runtime library [liburdfdom_sensor.so.3.0] in /usr/lib/x86_64-linux-gnu may be hidden by files in:
[0.539s]       /opt/ros/humble/lib/x86_64-linux-gnu
[0.539s]     runtime library [liburdfdom_model_state.so.3.0] in /usr/lib/x86_64-linux-gnu may be hidden by files in:
[0.539s]       /opt/ros/humble/lib/x86_64-linux-gnu
[0.539s]     runtime library [liburdfdom_model.so.3.0] in /usr/lib/x86_64-linux-gnu may be hidden by files in:
[0.539s]       /opt/ros/humble/lib/x86_64-linux-gnu
[0.539s]     runtime library [liburdfdom_world.so.3.0] in /usr/lib/x86_64-linux-gnu may be hidden by files in:
[0.539s]       /opt/ros/humble/lib/x86_64-linux-gnu
[0.539s]     runtime library [liboctomap.so.1.9] in /usr/lib/x86_64-linux-gnu may be hidden by files in:
[0.539s]       /opt/ros/humble/lib/x86_64-linux-gnu
[0.539s]     runtime library [liboctomath.so.1.9] in /usr/lib/x86_64-linux-gnu may be hidden by files in:
[0.539s]       /opt/ros/humble/lib/x86_64-linux-gnu
[0.539s] 
[0.539s]   Some of these libraries may not be found correctly.
[0.539s] 
[0.539s] 
[0.539s] CMake Warning at CMakeLists.txt:59 (add_executable):
[0.540s]   Cannot generate a safe runtime search path for target wbc_hqp because there
[0.540s]   is a cycle in the constraint graph:
[0.540s] 
[0.540s]     dir 0 is [/usr/local/lib]
[0.540s]     dir 1 is [/opt/ros/humble/lib]
[0.540s]     dir 2 is [/opt/ros/humble/lib/x86_64-linux-gnu]
[0.540s]       dir 3 must precede it due to runtime library [libpinocchio_parsers.so.3.9.0]
[0.540s]     dir 3 is [/opt/openrobots/lib]
[0.540s]       dir 2 must precede it due to runtime library [libpinocchio_default.so.3.9.0]
[0.540s] 
[0.540s]   Some of these libraries may not be found correctly.
[0.540s] 
[0.540s] 
[0.542s] CMake Warning at CMakeLists.txt:70 (add_executable):
[0.542s]   Cannot generate a safe runtime search path for target wbc_hqp_v2 because
[0.542s]   files in some directories may conflict with libraries in implicit
[0.542s]   directories:
[0.542s] 
[0.542s]     runtime library [liburdfdom_sensor.so.3.0] in /usr/lib/x86_64-linux-gnu may be hidden by files in:
[0.542s]       /opt/ros/humble/lib/x86_64-linux-gnu
[0.542s]     runtime library [liburdfdom_model_state.so.3.0] in /usr/lib/x86_64-linux-gnu may be hidden by files in:
[0.542s]       /opt/ros/humble/lib/x86_64-linux-gnu
[0.542s]     runtime library [liburdfdom_model.so.3.0] in /usr/lib/x86_64-linux-gnu may be hidden by files in:
[0.542s]       /opt/ros/humble/lib/x86_64-linux-gnu
[0.542s]     runtime library [liburdfdom_world.so.3.0] in /usr/lib/x86_64-linux-gnu may be hidden by files in:
[0.542s]       /opt/ros/humble/lib/x86_64-linux-gnu
[0.542s]     runtime library [liboctomap.so.1.9] in /usr/lib/x86_64-linux-gnu may be hidden by files in:
[0.542s]       /opt/ros/humble/lib/x86_64-linux-gnu
[0.542s]     runtime library [liboctomath.so.1.9] in /usr/lib/x86_64-linux-gnu may be hidden by files in:
[0.542s]       /opt/ros/humble/lib/x86_64-linux-gnu
[0.542s] 
[0.542s]   Some of these libraries may not be found correctly.
[0.542s] 
[0.542s] 
[0.542s] CMake Warning at CMakeLists.txt:70 (add_executable):
[0.542s]   Cannot generate a safe runtime search path for target wbc_hqp_v2 because
[0.542s]   there is a cycle in the constraint graph:
[0.542s] 
[0.542s]     dir 0 is [/usr/local/lib]
[0.542s]     dir 1 is [/opt/ros/humble/lib]
[0.542s]     dir 2 is [/opt/ros/humble/lib/x86_64-linux-gnu]
[0.542s]       dir 3 must precede it due to runtime library [libpinocchio_parsers.so.3.9.0]
[0.542s]     dir 3 is [/opt/openrobots/lib]
[0.542s]       dir 2 must precede it due to runtime library [libpinocchio_default.so.3.9.0]
[0.542s] 
[0.542s]   Some of these libraries may not be found correctly.
[0.542s] 
[0.542s] 
[0.544s] CMake Warning at CMakeLists.txt:82 (add_executable):
[0.544s]   Cannot generate a safe runtime search path for target wbc_hqp_v3 because
[0.544s]   files in some directories may conflict with libraries in implicit
[0.544s]   directories:
[0.544s] 
[0.544s]     runtime library [liburdfdom_sensor.so.3.0] in /usr/lib/x86_64-linux-gnu may be hidden by files in:
[0.544s]       /opt/ros/humble/lib/x86_64-linux-gnu
[0.544s]     runtime library [liburdfdom_model_state.so.3.0] in /usr/lib/x86_64-linux-gnu may be hidden by files in:
[0.544s]       /opt/ros/humble/lib/x86_64-linux-gnu
[0.544s]     runtime library [liburdfdom_model.so.3.0] in /usr/lib/x86_64-linux-gnu may be hidden by files in:
[0.544s]       /opt/ros/humble/lib/x86_64-linux-gnu
[0.544s]     runtime library [liburdfdom_world.so.3.0] in /usr/lib/x86_64-linux-gnu may be hidden by files in:
[0.544s]       /opt/ros/humble/lib/x86_64-linux-gnu
[0.544s]     runtime library [liboctomap.so.1.9] in /usr/lib/x86_64-linux-gnu may be hidden by files in:
[0.545s]       /opt/ros/humble/lib/x86_64-linux-gnu
[0.545s]     runtime library [liboctomath.so.1.9] in /usr/lib/x86_64-linux-gnu may be hidden by files in:
[0.545s]       /opt/ros/humble/lib/x86_64-linux-gnu
[0.545s] 
[0.545s]   Some of these libraries may not be found correctly.
[0.545s] 
[0.545s] 
[0.545s] CMake Warning at CMakeLists.txt:82 (add_executable):
[0.545s]   Cannot generate a safe runtime search path for target wbc_hqp_v3 because
[0.545s]   there is a cycle in the constraint graph:
[0.545s] 
[0.545s]     dir 0 is [/usr/local/lib]
[0.545s]     dir 1 is [/opt/ros/humble/lib]
[0.545s]     dir 2 is [/opt/ros/humble/lib/x86_64-linux-gnu]
[0.545s]       dir 3 must precede it due to runtime library [libpinocchio_parsers.so.3.9.0]
[0.545s]     dir 3 is [/opt/openrobots/lib]
[0.545s]       dir 2 must precede it due to runtime library [libpinocchio_default.so.3.9.0]
[0.545s] 
[0.545s]   Some of these libraries may not be found correctly.
[0.545s] 
[0.545s] 
[0.547s] CMake Warning at CMakeLists.txt:94 (add_executable):
[0.547s]   Cannot generate a safe runtime search path for target
[0.547s]   base_arm_task_controller because files in some directories may conflict
[0.547s]   with libraries in implicit directories:
[0.547s] 
[0.547s]     runtime library [liburdfdom_sensor.so.3.0] in /usr/lib/x86_64-linux-gnu may be hidden by files in:
[0.547s]       /opt/ros/humble/lib/x86_64-linux-gnu
[0.547s]     runtime library [liburdfdom_model_state.so.3.0] in /usr/lib/x86_64-linux-gnu may be hidden by files in:
[0.547s]       /opt/ros/humble/lib/x86_64-linux-gnu
[0.547s]     runtime library [liburdfdom_model.so.3.0] in /usr/lib/x86_64-linux-gnu may be hidden by files in:
[0.547s]       /opt/ros/humble/lib/x86_64-linux-gnu
[0.547s]     runtime library [liburdfdom_world.so.3.0] in /usr/lib/x86_64-linux-gnu may be hidden by files in:
[0.547s]       /opt/ros/humble/lib/x86_64-linux-gnu
[0.547s]     runtime library [liboctomap.so.1.9] in /usr/lib/x86_64-linux-gnu may be hidden by files in:
[0.547s]       /opt/ros/humble/lib/x86_64-linux-gnu
[0.547s]     runtime library [liboctomath.so.1.9] in /usr/lib/x86_64-linux-gnu may be hidden by files in:
[0.547s]       /opt/ros/humble/lib/x86_64-linux-gnu
[0.547s] 
[0.547s]   Some of these libraries may not be found correctly.
[0.547s] 
[0.547s] 
[0.547s] CMake Warning at CMakeLists.txt:94 (add_executable):
[0.547s]   Cannot generate a safe runtime search path for target
[0.547s]   base_arm_task_controller because there is a cycle in the constraint graph:
[0.547s] 
[0.547s]     dir 0 is [/usr/local/lib]
[0.547s]     dir 1 is [/opt/ros/humble/lib]
[0.547s]     dir 2 is [/opt/ros/humble/lib/x86_64-linux-gnu]
[0.547s]       dir 3 must precede it due to runtime library [libpinocchio_parsers.so.3.9.0]
[0.547s]     dir 3 is [/opt/openrobots/lib]
[0.547s]       dir 2 must precede it due to runtime library [libpinocchio_default.so.3.9.0]
[0.547s] 
[0.547s]   Some of these libraries may not be found correctly.
[0.547s] 
[0.547s] 
[0.549s] CMake Warning at CMakeLists.txt:105 (add_executable):
[0.549s]   Cannot generate a safe runtime search path for target
[0.549s]   base_arm_task_controller_v2 because files in some directories may conflict
[0.549s]   with libraries in implicit directories:
[0.549s] 
[0.549s]     runtime library [liburdfdom_sensor.so.3.0] in /usr/lib/x86_64-linux-gnu may be hidden by files in:
[0.550s]       /opt/ros/humble/lib/x86_64-linux-gnu
[0.550s]     runtime library [liburdfdom_model_state.so.3.0] in /usr/lib/x86_64-linux-gnu may be hidden by files in:
[0.550s]       /opt/ros/humble/lib/x86_64-linux-gnu
[0.550s]     runtime library [liburdfdom_model.so.3.0] in /usr/lib/x86_64-linux-gnu may be hidden by files in:
[0.550s]       /opt/ros/humble/lib/x86_64-linux-gnu
[0.550s]     runtime library [liburdfdom_world.so.3.0] in /usr/lib/x86_64-linux-gnu may be hidden by files in:
[0.550s]       /opt/ros/humble/lib/x86_64-linux-gnu
[0.550s]     runtime library [liboctomap.so.1.9] in /usr/lib/x86_64-linux-gnu may be hidden by files in:
[0.550s]       /opt/ros/humble/lib/x86_64-linux-gnu
[0.550s]     runtime library [liboctomath.so.1.9] in /usr/lib/x86_64-linux-gnu may be hidden by files in:
[0.550s]       /opt/ros/humble/lib/x86_64-linux-gnu
[0.550s] 
[0.550s]   Some of these libraries may not be found correctly.
[0.550s] 
[0.550s] 
[0.550s] CMake Warning at CMakeLists.txt:105 (add_executable):
[0.550s]   Cannot generate a safe runtime search path for target
[0.550s]   base_arm_task_controller_v2 because there is a cycle in the constraint
[0.550s]   graph:
[0.550s] 
[0.550s]     dir 0 is [/usr/local/lib]
[0.550s]     dir 1 is [/opt/ros/humble/lib]
[0.550s]     dir 2 is [/opt/ros/humble/lib/x86_64-linux-gnu]
[0.550s]       dir 3 must precede it due to runtime library [libpinocchio_parsers.so.3.9.0]
[0.550s]     dir 3 is [/opt/openrobots/lib]
[0.550s]       dir 2 must precede it due to runtime library [libpinocchio_default.so.3.9.0]
[0.550s] 
[0.550s]   Some of these libraries may not be found correctly.
[0.550s] 
[0.550s] 
[0.555s] CMake Warning at CMakeLists.txt:129 (add_executable):
[0.555s]   Cannot generate a safe runtime search path for target pin_test because
[0.555s]   files in some directories may conflict with libraries in implicit
[0.555s]   directories:
[0.555s] 
[0.555s]     runtime library [liburdfdom_sensor.so.3.0] in /usr/lib/x86_64-linux-gnu may be hidden by files in:
[0.555s]       /opt/ros/humble/lib/x86_64-linux-gnu
[0.555s]     runtime library [liburdfdom_model_state.so.3.0] in /usr/lib/x86_64-linux-gnu may be hidden by files in:
[0.555s]       /opt/ros/humble/lib/x86_64-linux-gnu
[0.555s]     runtime library [liburdfdom_model.so.3.0] in /usr/lib/x86_64-linux-gnu may be hidden by files in:
[0.555s]       /opt/ros/humble/lib/x86_64-linux-gnu
[0.555s]     runtime library [liburdfdom_world.so.3.0] in /usr/lib/x86_64-linux-gnu may be hidden by files in:
[0.555s]       /opt/ros/humble/lib/x86_64-linux-gnu
[0.555s]     runtime library [liboctomap.so.1.9] in /usr/lib/x86_64-linux-gnu may be hidden by files in:
[0.555s]       /opt/ros/humble/lib/x86_64-linux-gnu
[0.555s]     runtime library [liboctomath.so.1.9] in /usr/lib/x86_64-linux-gnu may be hidden by files in:
[0.555s]       /opt/ros/humble/lib/x86_64-linux-gnu
[0.555s] 
[0.555s]   Some of these libraries may not be found correctly.
[0.555s] 
[0.555s] 
[0.555s] CMake Warning at CMakeLists.txt:129 (add_executable):
[0.555s]   Cannot generate a safe runtime search path for target pin_test because
[0.555s]   there is a cycle in the constraint graph:
[0.555s] 
[0.555s]     dir 0 is [/opt/ros/humble/lib]
[0.555s]     dir 1 is [/opt/openrobots/lib]
[0.555s]       dir 2 must precede it due to runtime library [libpinocchio_default.so.3.9.0]
[0.555s]     dir 2 is [/opt/ros/humble/lib/x86_64-linux-gnu]
[0.555s]       dir 1 must precede it due to runtime library [libpinocchio_parsers.so.3.9.0]
[0.555s] 
[0.555s]   Some of these libraries may not be found correctly.
[0.555s] 
[0.555s] 
[0.560s] -- Generating done
[0.571s] -- Build files have been written to: /home/jin/harco/ecvt2_ws/build/ecvt2_controller
[0.576s] Invoked command in '/home/jin/harco/ecvt2_ws/build/ecvt2_controller' returned '0': CMAKE_PREFIX_PATH=/opt/ros/humble /usr/bin/cmake /home/jin/harco/ecvt2_ws/ecvt2_controller -DCMAKE_INSTALL_PREFIX=/home/jin/harco/ecvt2_ws/install/ecvt2_controller
[0.577s] Invoking command in '/home/jin/harco/ecvt2_ws/build/ecvt2_controller': CMAKE_PREFIX_PATH=/opt/ros/humble /usr/bin/cmake --build /home/jin/harco/ecvt2_ws/build/ecvt2_controller -- -j20 -l20
[0.606s] Consolidate compiler generated dependencies of target wbc_hqp_lib
[0.610s] Consolidate compiler generated dependencies of target teleop_goal_publisher
[0.611s] Consolidate compiler generated dependencies of target com_trajectory_publisher
[0.611s] Consolidate compiler generated dependencies of target kdl_utils
[0.612s] [  7%] Built target wbc_hqp_lib
[0.613s] Consolidate compiler generated dependencies of target vp_sto_global_planner_node
[0.614s] Consolidate compiler generated dependencies of target live_upper_dynamics_node
[0.618s] [ 15%] Built target teleop_goal_publisher
[0.621s] [ 30%] Built target kdl_utils
[0.621s] [ 26%] Built target com_trajectory_publisher
[0.628s] [ 38%] Built target live_upper_dynamics_node
[0.629s] [ 42%] Building CXX object CMakeFiles/vp_sto_global_planner_node.dir/src/vp_sto_global_planner_node.cpp.o
[0.630s] Consolidate compiler generated dependencies of target wbc_hqp
[0.630s] Consolidate compiler generated dependencies of target base_opt_controller
[0.630s] Consolidate compiler generated dependencies of target wbc_hqp_v3
[0.630s] Consolidate compiler generated dependencies of target base_arm_task_controller
[0.630s] Consolidate compiler generated dependencies of target base_arm_task_controller_v2
[0.634s] Consolidate compiler generated dependencies of target wbc_hqp_v2
[0.638s] [ 61%] Built target base_arm_task_controller_v2
[0.638s] [ 80%] Built target wbc_hqp
[0.638s] [ 80%] Built target base_opt_controller
[0.638s] [ 80%] Built target base_arm_task_controller
[0.638s] [ 80%] Built target wbc_hqp_v3
[0.641s] Consolidate compiler generated dependencies of target pin_test
[0.646s] [ 88%] Built target wbc_hqp_v2
[0.654s] [ 96%] Built target pin_test
[3.476s] In file included from /opt/openrobots/include/hpp/fcl/config.hh:1,
[3.476s]                  from /opt/openrobots/include/pinocchio/serialization/eigen.hpp:20,
[3.476s]                  from /opt/openrobots/include/pinocchio/serialization/fwd.hpp:11,
[3.476s]                  from /opt/openrobots/include/pinocchio/multibody/joint/joint-composite.hpp:14,
[3.476s]                  from /opt/openrobots/include/pinocchio/multibody/joint/joint-generic.hpp:9,
[3.476s]                  from /opt/openrobots/include/pinocchio/multibody/model.hpp:17,
[3.476s]                  from /opt/openrobots/include/pinocchio/parsers/urdf.hpp:9,
[3.476s]                  from /home/jin/harco/ecvt2_ws/ecvt2_controller/src/vp_sto_global_planner_node.cpp:7:
[3.476s] /opt/openrobots/include/hpp/fcl/coal.hpp:12:99: note: ‘#pragma message: Please update your includes from 'hpp/fcl' to 'coal' or define COAL_DISABLE_HPP_FCL_WARNINGS’
[3.476s]    12 |     "Please update your includes from 'hpp/fcl' to 'coal' or define COAL_DISABLE_HPP_FCL_WARNINGS")
[3.476s]       |                                                                                                   ^
[35.740s] [100%] Linking CXX executable vp_sto_global_planner_node
[37.090s] [100%] Built target vp_sto_global_planner_node
[37.098s] Invoked command in '/home/jin/harco/ecvt2_ws/build/ecvt2_controller' returned '0': CMAKE_PREFIX_PATH=/opt/ros/humble /usr/bin/cmake --build /home/jin/harco/ecvt2_ws/build/ecvt2_controller -- -j20 -l20
[37.104s] Invoking command in '/home/jin/harco/ecvt2_ws/build/ecvt2_controller': CMAKE_PREFIX_PATH=/opt/ros/humble /usr/bin/cmake --install /home/jin/harco/ecvt2_ws/build/ecvt2_controller
[37.107s] -- Install configuration: ""
[37.107s] -- Execute custom install script
[37.107s] -- Up-to-date symlink: /home/jin/harco/ecvt2_ws/install/ecvt2_controller/lib/ecvt2_controller/teleop_goal_publisher
[37.107s] -- Up-to-date symlink: /home/jin/harco/ecvt2_ws/install/ecvt2_controller/lib/ecvt2_controller/live_upper_dynamics_node
[37.107s] -- Up-to-date symlink: /home/jin/harco/ecvt2_ws/install/ecvt2_controller/lib/ecvt2_controller/vp_sto_global_planner_node
[37.108s] -- Up-to-date symlink: /home/jin/harco/ecvt2_ws/install/ecvt2_controller/include/ecvt2_controller/kdl_utils.hpp
[37.108s] -- Up-to-date symlink: /home/jin/harco/ecvt2_ws/install/ecvt2_controller/include/ecvt2_controller/wbc_hqp_lib.hpp
[37.108s] -- Up-to-date symlink: /home/jin/harco/ecvt2_ws/install/ecvt2_controller/lib/libkdl_utils.a
[37.108s] -- Up-to-date symlink: /home/jin/harco/ecvt2_ws/install/ecvt2_controller/lib/libwbc_hqp_lib.a
[37.108s] -- Up-to-date symlink: /home/jin/harco/ecvt2_ws/install/ecvt2_controller/lib/ecvt2_controller/base_opt_controller
[37.108s] -- Up-to-date symlink: /home/jin/harco/ecvt2_ws/install/ecvt2_controller/lib/ecvt2_controller/wbc_hqp
[37.108s] -- Up-to-date symlink: /home/jin/harco/ecvt2_ws/install/ecvt2_controller/lib/ecvt2_controller/wbc_hqp_v2
[37.108s] -- Up-to-date symlink: /home/jin/harco/ecvt2_ws/install/ecvt2_controller/lib/ecvt2_controller/wbc_hqp_v3
[37.108s] -- Up-to-date symlink: /home/jin/harco/ecvt2_ws/install/ecvt2_controller/lib/ecvt2_controller/base_arm_task_controller
[37.108s] -- Up-to-date symlink: /home/jin/harco/ecvt2_ws/install/ecvt2_controller/lib/ecvt2_controller/base_arm_task_controller_v2
[37.108s] -- Up-to-date symlink: /home/jin/harco/ecvt2_ws/install/ecvt2_controller/lib/ecvt2_controller/teleop_goal_publisher
[37.108s] -- Up-to-date symlink: /home/jin/harco/ecvt2_ws/install/ecvt2_controller/lib/ecvt2_controller/com_trajectory_publisher
[37.108s] -- Up-to-date symlink: /home/jin/harco/ecvt2_ws/install/ecvt2_controller/lib/ecvt2_controller/pin_test
[37.108s] -- Up-to-date symlink: /home/jin/harco/ecvt2_ws/install/ecvt2_controller/share/ament_index/resource_index/package_run_dependencies/ecvt2_controller
[37.108s] -- Up-to-date symlink: /home/jin/harco/ecvt2_ws/install/ecvt2_controller/share/ament_index/resource_index/parent_prefix_path/ecvt2_controller
[37.109s] -- Up-to-date symlink: /home/jin/harco/ecvt2_ws/install/ecvt2_controller/share/ecvt2_controller/environment/ament_prefix_path.sh
[37.109s] -- Up-to-date symlink: /home/jin/harco/ecvt2_ws/install/ecvt2_controller/share/ecvt2_controller/environment/ament_prefix_path.dsv
[37.109s] -- Up-to-date symlink: /home/jin/harco/ecvt2_ws/install/ecvt2_controller/share/ecvt2_controller/environment/path.sh
[37.109s] -- Up-to-date symlink: /home/jin/harco/ecvt2_ws/install/ecvt2_controller/share/ecvt2_controller/environment/path.dsv
[37.109s] -- Up-to-date symlink: /home/jin/harco/ecvt2_ws/install/ecvt2_controller/share/ecvt2_controller/local_setup.bash
[37.109s] -- Up-to-date symlink: /home/jin/harco/ecvt2_ws/install/ecvt2_controller/share/ecvt2_controller/local_setup.sh
[37.109s] -- Up-to-date symlink: /home/jin/harco/ecvt2_ws/install/ecvt2_controller/share/ecvt2_controller/local_setup.zsh
[37.109s] -- Up-to-date symlink: /home/jin/harco/ecvt2_ws/install/ecvt2_controller/share/ecvt2_controller/local_setup.dsv
[37.109s] -- Symlinking: /home/jin/harco/ecvt2_ws/install/ecvt2_controller/share/ecvt2_controller/package.dsv
[37.116s] -- Up-to-date symlink: /home/jin/harco/ecvt2_ws/install/ecvt2_controller/share/ament_index/resource_index/packages/ecvt2_controller
[37.116s] -- Up-to-date symlink: /home/jin/harco/ecvt2_ws/install/ecvt2_controller/share/ecvt2_controller/cmake/ecvt2_controllerConfig.cmake
[37.116s] -- Up-to-date symlink: /home/jin/harco/ecvt2_ws/install/ecvt2_controller/share/ecvt2_controller/cmake/ecvt2_controllerConfig-version.cmake
[37.116s] -- Up-to-date symlink: /home/jin/harco/ecvt2_ws/install/ecvt2_controller/share/ecvt2_controller/package.xml
[37.117s] Invoked command in '/home/jin/harco/ecvt2_ws/build/ecvt2_controller' returned '0': CMAKE_PREFIX_PATH=/opt/ros/humble /usr/bin/cmake --install /home/jin/harco/ecvt2_ws/build/ecvt2_controller
