-- Found ament_cmake: 1.3.12 (/opt/ros/humble/share/ament_cmake/cmake)
-- Override CMake install command with custom implementation using symlinks instead of copying resources
-- Found rclcpp: 16.0.16 (/opt/ros/humble/share/rclcpp/cmake)
-- Found rosidl_generator_c: 3.1.7 (/opt/ros/humble/share/rosidl_generator_c/cmake)
-- Found rosidl_adapter: 3.1.7 (/opt/ros/humble/share/rosidl_adapter/cmake)
-- Found rosidl_generator_cpp: 3.1.7 (/opt/ros/humble/share/rosidl_generator_cpp/cmake)
-- Using all available rosidl_typesupport_c: rosidl_typesupport_fastrtps_c;rosidl_typesupport_introspection_c
-- Using all available rosidl_typesupport_cpp: rosidl_typesupport_fastrtps_cpp;rosidl_typesupport_introspection_cpp
-- Found rmw_implementation_cmake: 6.1.2 (/opt/ros/humble/share/rmw_implementation_cmake/cmake)
-- Found rmw_fastrtps_cpp: 6.2.9 (/opt/ros/humble/share/rmw_fastrtps_cpp/cmake)
-- Using RMW implementation 'rmw_fastrtps_cpp' as default
-- Found geometry_msgs: 4.9.0 (/opt/ros/humble/share/geometry_msgs/cmake)
-- Found sensor_msgs: 4.9.0 (/opt/ros/humble/share/sensor_msgs/cmake)
-- Found visualization_msgs: 4.9.0 (/opt/ros/humble/share/visualization_msgs/cmake)
-- Found trajectory_msgs: 4.9.0 (/opt/ros/humble/share/trajectory_msgs/cmake)
-- pinocchio_default FOUND. pinocchio_default at /opt/ros/humble/lib/x86_64-linux-gnu/libpinocchio_default.so
-- pinocchio_parsers FOUND. pinocchio_parsers at /opt/ros/humble/lib/x86_64-linux-gnu/libpinocchio_parsers.so
-- pinocchio_casadi not FOUND.
-- boost_filesystem FOUND. boost_filesystem at /usr/lib/x86_64-linux-gnu/libboost_filesystem.so
-- Found Boost: /usr/include (found version "1.74.0") found components: filesystem serialization 
CMake Warning at /opt/openrobots/lib/cmake/hpp-fcl/hpp-fclConfig.cmake:4 (message):
  Please update your CMake from 'hpp-fcl' to 'coal', or define
  COAL_DISABLE_HPP_FCL_WARNINGS
Call Stack (most recent call first):
  /usr/share/cmake-3.22/Modules/CMakeFindDependencyMacro.cmake:47 (find_package)
  /opt/openrobots/lib/cmake/pinocchio/pinocchioConfig.cmake:161 (find_dependency)
  CMakeLists.txt:20 (find_package)


-- coal not FOUND.
-- Found Boost: /usr/include (found version "1.74.0") found components: serialization filesystem 
-- Default C++ standard: 201703
-- C++ standard sufficient: Minimal required 11, currently defined: 17
-- CMAKE_CXX_STANDARD was not set: automatically set to currently defined standard 17
-- C++ standard sufficient: Minimal required 11, currently defined: 17
-- Found ament_lint_auto: 0.12.14 (/opt/ros/humble/share/ament_lint_auto/cmake)
-- Added test 'cppcheck' to perform static code analysis on C / C++ code
-- Configured cppcheck include dirs: $<BUILD_INTERFACE:/home/jin/harco/ecvt2_ws/ecvt2_controller/include>
-- Configured cppcheck exclude dirs and/or files: 
-- Added test 'lint_cmake' to check CMake code style
-- Added test 'uncrustify' to check C / C++ code style
-- Configured uncrustify additional arguments: 
-- Added test 'xmllint' to check XML markup files
-- Configuring done
CMake Warning at CMakeLists.txt:50 (add_executable):
  Cannot generate a safe runtime search path for target base_opt_controller
  because files in some directories may conflict with libraries in implicit
  directories:

    runtime library [liburdfdom_sensor.so.3.0] in /usr/lib/x86_64-linux-gnu may be hidden by files in:
      /opt/ros/humble/lib/x86_64-linux-gnu
    runtime library [liburdfdom_model_state.so.3.0] in /usr/lib/x86_64-linux-gnu may be hidden by files in:
      /opt/ros/humble/lib/x86_64-linux-gnu
    runtime library [liburdfdom_model.so.3.0] in /usr/lib/x86_64-linux-gnu may be hidden by files in:
      /opt/ros/humble/lib/x86_64-linux-gnu
    runtime library [liburdfdom_world.so.3.0] in /usr/lib/x86_64-linux-gnu may be hidden by files in:
      /opt/ros/humble/lib/x86_64-linux-gnu
    runtime library [liboctomap.so.1.9] in /usr/lib/x86_64-linux-gnu may be hidden by files in:
      /opt/ros/humble/lib/x86_64-linux-gnu
    runtime library [liboctomath.so.1.9] in /usr/lib/x86_64-linux-gnu may be hidden by files in:
      /opt/ros/humble/lib/x86_64-linux-gnu

  Some of these libraries may not be found correctly.


CMake Warning at CMakeLists.txt:50 (add_executable):
  Cannot generate a safe runtime search path for target base_opt_controller
  because there is a cycle in the constraint graph:

    dir 0 is [/usr/local/lib]
    dir 1 is [/opt/ros/humble/lib]
    dir 2 is [/opt/ros/humble/lib/x86_64-linux-gnu]
      dir 3 must precede it due to runtime library [libpinocchio_parsers.so.3.9.0]
    dir 3 is [/opt/openrobots/lib]
      dir 2 must precede it due to runtime library [libpinocchio_default.so.3.9.0]

  Some of these libraries may not be found correctly.


CMake Warning at CMakeLists.txt:61 (add_executable):
  Cannot generate a safe runtime search path for target wbc_hqp because files
  in some directories may conflict with libraries in implicit directories:

    runtime library [liburdfdom_sensor.so.3.0] in /usr/lib/x86_64-linux-gnu may be hidden by files in:
      /opt/ros/humble/lib/x86_64-linux-gnu
    runtime library [liburdfdom_model_state.so.3.0] in /usr/lib/x86_64-linux-gnu may be hidden by files in:
      /opt/ros/humble/lib/x86_64-linux-gnu
    runtime library [liburdfdom_model.so.3.0] in /usr/lib/x86_64-linux-gnu may be hidden by files in:
      /opt/ros/humble/lib/x86_64-linux-gnu
    runtime library [liburdfdom_world.so.3.0] in /usr/lib/x86_64-linux-gnu may be hidden by files in:
      /opt/ros/humble/lib/x86_64-linux-gnu
    runtime library [liboctomap.so.1.9] in /usr/lib/x86_64-linux-gnu may be hidden by files in:
      /opt/ros/humble/lib/x86_64-linux-gnu
    runtime library [liboctomath.so.1.9] in /usr/lib/x86_64-linux-gnu may be hidden by files in:
      /opt/ros/humble/lib/x86_64-linux-gnu

  Some of these libraries may not be found correctly.


CMake Warning at CMakeLists.txt:61 (add_executable):
  Cannot generate a safe runtime search path for target wbc_hqp because there
  is a cycle in the constraint graph:

    dir 0 is [/usr/local/lib]
    dir 1 is [/opt/ros/humble/lib]
    dir 2 is [/opt/ros/humble/lib/x86_64-linux-gnu]
      dir 3 must precede it due to runtime library [libpinocchio_parsers.so.3.9.0]
    dir 3 is [/opt/openrobots/lib]
      dir 2 must precede it due to runtime library [libpinocchio_default.so.3.9.0]

  Some of these libraries may not be found correctly.


CMake Warning at CMakeLists.txt:72 (add_executable):
  Cannot generate a safe runtime search path for target wbc_hqp_v2 because
  files in some directories may conflict with libraries in implicit
  directories:

    runtime library [liburdfdom_sensor.so.3.0] in /usr/lib/x86_64-linux-gnu may be hidden by files in:
      /opt/ros/humble/lib/x86_64-linux-gnu
    runtime library [liburdfdom_model_state.so.3.0] in /usr/lib/x86_64-linux-gnu may be hidden by files in:
      /opt/ros/humble/lib/x86_64-linux-gnu
    runtime library [liburdfdom_model.so.3.0] in /usr/lib/x86_64-linux-gnu may be hidden by files in:
      /opt/ros/humble/lib/x86_64-linux-gnu
    runtime library [liburdfdom_world.so.3.0] in /usr/lib/x86_64-linux-gnu may be hidden by files in:
      /opt/ros/humble/lib/x86_64-linux-gnu
    runtime library [liboctomap.so.1.9] in /usr/lib/x86_64-linux-gnu may be hidden by files in:
      /opt/ros/humble/lib/x86_64-linux-gnu
    runtime library [liboctomath.so.1.9] in /usr/lib/x86_64-linux-gnu may be hidden by files in:
      /opt/ros/humble/lib/x86_64-linux-gnu

  Some of these libraries may not be found correctly.


CMake Warning at CMakeLists.txt:72 (add_executable):
  Cannot generate a safe runtime search path for target wbc_hqp_v2 because
  there is a cycle in the constraint graph:

    dir 0 is [/usr/local/lib]
    dir 1 is [/opt/ros/humble/lib]
    dir 2 is [/opt/ros/humble/lib/x86_64-linux-gnu]
      dir 3 must precede it due to runtime library [libpinocchio_parsers.so.3.9.0]
    dir 3 is [/opt/openrobots/lib]
      dir 2 must precede it due to runtime library [libpinocchio_default.so.3.9.0]

  Some of these libraries may not be found correctly.


CMake Warning at CMakeLists.txt:84 (add_executable):
  Cannot generate a safe runtime search path for target wbc_hqp_v3 because
  files in some directories may conflict with libraries in implicit
  directories:

    runtime library [liburdfdom_sensor.so.3.0] in /usr/lib/x86_64-linux-gnu may be hidden by files in:
      /opt/ros/humble/lib/x86_64-linux-gnu
    runtime library [liburdfdom_model_state.so.3.0] in /usr/lib/x86_64-linux-gnu may be hidden by files in:
      /opt/ros/humble/lib/x86_64-linux-gnu
    runtime library [liburdfdom_model.so.3.0] in /usr/lib/x86_64-linux-gnu may be hidden by files in:
      /opt/ros/humble/lib/x86_64-linux-gnu
    runtime library [liburdfdom_world.so.3.0] in /usr/lib/x86_64-linux-gnu may be hidden by files in:
      /opt/ros/humble/lib/x86_64-linux-gnu
    runtime library [liboctomap.so.1.9] in /usr/lib/x86_64-linux-gnu may be hidden by files in:
      /opt/ros/humble/lib/x86_64-linux-gnu
    runtime library [liboctomath.so.1.9] in /usr/lib/x86_64-linux-gnu may be hidden by files in:
      /opt/ros/humble/lib/x86_64-linux-gnu

  Some of these libraries may not be found correctly.


CMake Warning at CMakeLists.txt:84 (add_executable):
  Cannot generate a safe runtime search path for target wbc_hqp_v3 because
  there is a cycle in the constraint graph:

    dir 0 is [/usr/local/lib]
    dir 1 is [/opt/ros/humble/lib]
    dir 2 is [/opt/ros/humble/lib/x86_64-linux-gnu]
      dir 3 must precede it due to runtime library [libpinocchio_parsers.so.3.9.0]
    dir 3 is [/opt/openrobots/lib]
      dir 2 must precede it due to runtime library [libpinocchio_default.so.3.9.0]

  Some of these libraries may not be found correctly.


CMake Warning at CMakeLists.txt:96 (add_executable):
  Cannot generate a safe runtime search path for target
  base_arm_task_controller because files in some directories may conflict
  with libraries in implicit directories:

    runtime library [liburdfdom_sensor.so.3.0] in /usr/lib/x86_64-linux-gnu may be hidden by files in:
      /opt/ros/humble/lib/x86_64-linux-gnu
    runtime library [liburdfdom_model_state.so.3.0] in /usr/lib/x86_64-linux-gnu may be hidden by files in:
      /opt/ros/humble/lib/x86_64-linux-gnu
    runtime library [liburdfdom_model.so.3.0] in /usr/lib/x86_64-linux-gnu may be hidden by files in:
      /opt/ros/humble/lib/x86_64-linux-gnu
    runtime library [liburdfdom_world.so.3.0] in /usr/lib/x86_64-linux-gnu may be hidden by files in:
      /opt/ros/humble/lib/x86_64-linux-gnu
    runtime library [liboctomap.so.1.9] in /usr/lib/x86_64-linux-gnu may be hidden by files in:
      /opt/ros/humble/lib/x86_64-linux-gnu
    runtime library [liboctomath.so.1.9] in /usr/lib/x86_64-linux-gnu may be hidden by files in:
      /opt/ros/humble/lib/x86_64-linux-gnu

  Some of these libraries may not be found correctly.


CMake Warning at CMakeLists.txt:96 (add_executable):
  Cannot generate a safe runtime search path for target
  base_arm_task_controller because there is a cycle in the constraint graph:

    dir 0 is [/usr/local/lib]
    dir 1 is [/opt/ros/humble/lib]
    dir 2 is [/opt/ros/humble/lib/x86_64-linux-gnu]
      dir 3 must precede it due to runtime library [libpinocchio_parsers.so.3.9.0]
    dir 3 is [/opt/openrobots/lib]
      dir 2 must precede it due to runtime library [libpinocchio_default.so.3.9.0]

  Some of these libraries may not be found correctly.


CMake Warning at CMakeLists.txt:107 (add_executable):
  Cannot generate a safe runtime search path for target
  base_arm_task_controller_v2 because files in some directories may conflict
  with libraries in implicit directories:

    runtime library [liburdfdom_sensor.so.3.0] in /usr/lib/x86_64-linux-gnu may be hidden by files in:
      /opt/ros/humble/lib/x86_64-linux-gnu
    runtime library [liburdfdom_model_state.so.3.0] in /usr/lib/x86_64-linux-gnu may be hidden by files in:
      /opt/ros/humble/lib/x86_64-linux-gnu
    runtime library [liburdfdom_model.so.3.0] in /usr/lib/x86_64-linux-gnu may be hidden by files in:
      /opt/ros/humble/lib/x86_64-linux-gnu
    runtime library [liburdfdom_world.so.3.0] in /usr/lib/x86_64-linux-gnu may be hidden by files in:
      /opt/ros/humble/lib/x86_64-linux-gnu
    runtime library [liboctomap.so.1.9] in /usr/lib/x86_64-linux-gnu may be hidden by files in:
      /opt/ros/humble/lib/x86_64-linux-gnu
    runtime library [liboctomath.so.1.9] in /usr/lib/x86_64-linux-gnu may be hidden by files in:
      /opt/ros/humble/lib/x86_64-linux-gnu

  Some of these libraries may not be found correctly.


CMake Warning at CMakeLists.txt:107 (add_executable):
  Cannot generate a safe runtime search path for target
  base_arm_task_controller_v2 because there is a cycle in the constraint
  graph:

    dir 0 is [/usr/local/lib]
    dir 1 is [/opt/ros/humble/lib]
    dir 2 is [/opt/ros/humble/lib/x86_64-linux-gnu]
      dir 3 must precede it due to runtime library [libpinocchio_parsers.so.3.9.0]
    dir 3 is [/opt/openrobots/lib]
      dir 2 must precede it due to runtime library [libpinocchio_default.so.3.9.0]

  Some of these libraries may not be found correctly.


CMake Warning at CMakeLists.txt:118 (add_executable):
  Cannot generate a safe runtime search path for target
  base_arm_task_controller_full because files in some directories may
  conflict with libraries in implicit directories:

    runtime library [liburdfdom_sensor.so.3.0] in /usr/lib/x86_64-linux-gnu may be hidden by files in:
      /opt/ros/humble/lib/x86_64-linux-gnu
    runtime library [liburdfdom_model_state.so.3.0] in /usr/lib/x86_64-linux-gnu may be hidden by files in:
      /opt/ros/humble/lib/x86_64-linux-gnu
    runtime library [liburdfdom_model.so.3.0] in /usr/lib/x86_64-linux-gnu may be hidden by files in:
      /opt/ros/humble/lib/x86_64-linux-gnu
    runtime library [liburdfdom_world.so.3.0] in /usr/lib/x86_64-linux-gnu may be hidden by files in:
      /opt/ros/humble/lib/x86_64-linux-gnu
    runtime library [liboctomap.so.1.9] in /usr/lib/x86_64-linux-gnu may be hidden by files in:
      /opt/ros/humble/lib/x86_64-linux-gnu
    runtime library [liboctomath.so.1.9] in /usr/lib/x86_64-linux-gnu may be hidden by files in:
      /opt/ros/humble/lib/x86_64-linux-gnu

  Some of these libraries may not be found correctly.


CMake Warning at CMakeLists.txt:118 (add_executable):
  Cannot generate a safe runtime search path for target
  base_arm_task_controller_full because there is a cycle in the constraint
  graph:

    dir 0 is [/usr/local/lib]
    dir 1 is [/opt/ros/humble/lib]
    dir 2 is [/opt/ros/humble/lib/x86_64-linux-gnu]
      dir 3 must precede it due to runtime library [libpinocchio_parsers.so.3.9.0]
    dir 3 is [/opt/openrobots/lib]
      dir 2 must precede it due to runtime library [libpinocchio_default.so.3.9.0]

  Some of these libraries may not be found correctly.


CMake Warning at CMakeLists.txt:142 (add_executable):
  Cannot generate a safe runtime search path for target pin_test because
  files in some directories may conflict with libraries in implicit
  directories:

    runtime library [liburdfdom_sensor.so.3.0] in /usr/lib/x86_64-linux-gnu may be hidden by files in:
      /opt/ros/humble/lib/x86_64-linux-gnu
    runtime library [liburdfdom_model_state.so.3.0] in /usr/lib/x86_64-linux-gnu may be hidden by files in:
      /opt/ros/humble/lib/x86_64-linux-gnu
    runtime library [liburdfdom_model.so.3.0] in /usr/lib/x86_64-linux-gnu may be hidden by files in:
      /opt/ros/humble/lib/x86_64-linux-gnu
    runtime library [liburdfdom_world.so.3.0] in /usr/lib/x86_64-linux-gnu may be hidden by files in:
      /opt/ros/humble/lib/x86_64-linux-gnu
    runtime library [liboctomap.so.1.9] in /usr/lib/x86_64-linux-gnu may be hidden by files in:
      /opt/ros/humble/lib/x86_64-linux-gnu
    runtime library [liboctomath.so.1.9] in /usr/lib/x86_64-linux-gnu may be hidden by files in:
      /opt/ros/humble/lib/x86_64-linux-gnu

  Some of these libraries may not be found correctly.


CMake Warning at CMakeLists.txt:142 (add_executable):
  Cannot generate a safe runtime search path for target pin_test because
  there is a cycle in the constraint graph:

    dir 0 is [/opt/ros/humble/lib]
    dir 1 is [/opt/openrobots/lib]
      dir 2 must precede it due to runtime library [libpinocchio_default.so.3.9.0]
    dir 2 is [/opt/ros/humble/lib/x86_64-linux-gnu]
      dir 1 must precede it due to runtime library [libpinocchio_parsers.so.3.9.0]

  Some of these libraries may not be found correctly.


-- Generating done
-- Build files have been written to: /home/jin/harco/ecvt2_ws/build/ecvt2_controller
Consolidate compiler generated dependencies of target wbc_hqp_lib
Consolidate compiler generated dependencies of target com_trajectory_publisher
Consolidate compiler generated dependencies of target teleop_goal_publisher
[  6%] Built target wbc_hqp_lib
Consolidate compiler generated dependencies of target vp_sto_global_planner_node
[ 12%] Built target teleop_goal_publisher
Consolidate compiler generated dependencies of target live_upper_dynamics_node
[ 18%] Built target com_trajectory_publisher
Consolidate compiler generated dependencies of target vp_sto_paper_global_planner_node
Consolidate compiler generated dependencies of target kdl_utils
Consolidate compiler generated dependencies of target vp_sto_global_planner_full_node
[ 25%] Built target live_upper_dynamics_node
[ 37%] Built target vp_sto_global_planner_node
[ 37%] Built target kdl_utils
[ 40%] Building CXX object CMakeFiles/vp_sto_paper_global_planner_node.dir/src/vp_sto_paper_global_planner_node.cpp.o
Consolidate compiler generated dependencies of target wbc_hqp_v3
Consolidate compiler generated dependencies of target base_opt_controller
Consolidate compiler generated dependencies of target wbc_hqp_v2
Consolidate compiler generated dependencies of target base_arm_task_controller
Consolidate compiler generated dependencies of target wbc_hqp
Consolidate compiler generated dependencies of target base_arm_task_controller_full
[ 46%] Built target vp_sto_global_planner_full_node
Consolidate compiler generated dependencies of target base_arm_task_controller_v2
Consolidate compiler generated dependencies of target pin_test
[ 53%] Built target wbc_hqp_v3
[ 59%] Built target base_opt_controller
[ 65%] Built target base_arm_task_controller_full
[ 71%] Built target wbc_hqp_v2
[ 78%] Built target base_arm_task_controller
[ 84%] Built target wbc_hqp
[ 90%] Built target base_arm_task_controller_v2
[ 96%] Built target pin_test
In file included from /opt/openrobots/include/hpp/fcl/config.hh:1,
                 from /opt/openrobots/include/pinocchio/serialization/eigen.hpp:20,
                 from /opt/openrobots/include/pinocchio/serialization/fwd.hpp:11,
                 from /opt/openrobots/include/pinocchio/multibody/joint/joint-composite.hpp:14,
                 from /opt/openrobots/include/pinocchio/multibody/joint/joint-generic.hpp:9,
                 from /opt/openrobots/include/pinocchio/multibody/model.hpp:17,
                 from /opt/openrobots/include/pinocchio/parsers/urdf.hpp:9,
                 from /home/jin/harco/ecvt2_ws/ecvt2_controller/src/vp_sto_paper_global_planner_node.cpp:7:
/opt/openrobots/include/hpp/fcl/coal.hpp:12:99: note: ‘#pragma message: Please update your includes from 'hpp/fcl' to 'coal' or define COAL_DISABLE_HPP_FCL_WARNINGS’
   12 |     "Please update your includes from 'hpp/fcl' to 'coal' or define COAL_DISABLE_HPP_FCL_WARNINGS")
      |                                                                                                   ^
[100%] Linking CXX executable vp_sto_paper_global_planner_node
[100%] Built target vp_sto_paper_global_planner_node
-- Install configuration: ""
-- Execute custom install script
-- Up-to-date symlink: /home/jin/harco/ecvt2_ws/install/ecvt2_controller/lib/ecvt2_controller/teleop_goal_publisher
-- Up-to-date symlink: /home/jin/harco/ecvt2_ws/install/ecvt2_controller/lib/ecvt2_controller/live_upper_dynamics_node
-- Up-to-date symlink: /home/jin/harco/ecvt2_ws/install/ecvt2_controller/lib/ecvt2_controller/vp_sto_global_planner_node
-- Up-to-date symlink: /home/jin/harco/ecvt2_ws/install/ecvt2_controller/lib/ecvt2_controller/vp_sto_global_planner_full_node
-- Up-to-date symlink: /home/jin/harco/ecvt2_ws/install/ecvt2_controller/lib/ecvt2_controller/vp_sto_paper_global_planner_node
-- Up-to-date symlink: /home/jin/harco/ecvt2_ws/install/ecvt2_controller/include/ecvt2_controller/kdl_utils.hpp
-- Up-to-date symlink: /home/jin/harco/ecvt2_ws/install/ecvt2_controller/include/ecvt2_controller/wbc_hqp_lib.hpp
-- Up-to-date symlink: /home/jin/harco/ecvt2_ws/install/ecvt2_controller/lib/libkdl_utils.a
-- Up-to-date symlink: /home/jin/harco/ecvt2_ws/install/ecvt2_controller/lib/libwbc_hqp_lib.a
-- Up-to-date symlink: /home/jin/harco/ecvt2_ws/install/ecvt2_controller/lib/ecvt2_controller/base_opt_controller
-- Up-to-date symlink: /home/jin/harco/ecvt2_ws/install/ecvt2_controller/lib/ecvt2_controller/wbc_hqp
-- Up-to-date symlink: /home/jin/harco/ecvt2_ws/install/ecvt2_controller/lib/ecvt2_controller/wbc_hqp_v2
-- Up-to-date symlink: /home/jin/harco/ecvt2_ws/install/ecvt2_controller/lib/ecvt2_controller/wbc_hqp_v3
-- Up-to-date symlink: /home/jin/harco/ecvt2_ws/install/ecvt2_controller/lib/ecvt2_controller/base_arm_task_controller
-- Up-to-date symlink: /home/jin/harco/ecvt2_ws/install/ecvt2_controller/lib/ecvt2_controller/base_arm_task_controller_v2
-- Up-to-date symlink: /home/jin/harco/ecvt2_ws/install/ecvt2_controller/lib/ecvt2_controller/base_arm_task_controller_full
-- Up-to-date symlink: /home/jin/harco/ecvt2_ws/install/ecvt2_controller/lib/ecvt2_controller/teleop_goal_publisher
-- Up-to-date symlink: /home/jin/harco/ecvt2_ws/install/ecvt2_controller/lib/ecvt2_controller/com_trajectory_publisher
-- Up-to-date symlink: /home/jin/harco/ecvt2_ws/install/ecvt2_controller/lib/ecvt2_controller/pin_test
-- Up-to-date symlink: /home/jin/harco/ecvt2_ws/install/ecvt2_controller/share/ament_index/resource_index/package_run_dependencies/ecvt2_controller
-- Up-to-date symlink: /home/jin/harco/ecvt2_ws/install/ecvt2_controller/share/ament_index/resource_index/parent_prefix_path/ecvt2_controller
-- Up-to-date symlink: /home/jin/harco/ecvt2_ws/install/ecvt2_controller/share/ecvt2_controller/environment/ament_prefix_path.sh
-- Up-to-date symlink: /home/jin/harco/ecvt2_ws/install/ecvt2_controller/share/ecvt2_controller/environment/ament_prefix_path.dsv
-- Up-to-date symlink: /home/jin/harco/ecvt2_ws/install/ecvt2_controller/share/ecvt2_controller/environment/path.sh
-- Up-to-date symlink: /home/jin/harco/ecvt2_ws/install/ecvt2_controller/share/ecvt2_controller/environment/path.dsv
-- Up-to-date symlink: /home/jin/harco/ecvt2_ws/install/ecvt2_controller/share/ecvt2_controller/local_setup.bash
-- Up-to-date symlink: /home/jin/harco/ecvt2_ws/install/ecvt2_controller/share/ecvt2_controller/local_setup.sh
-- Up-to-date symlink: /home/jin/harco/ecvt2_ws/install/ecvt2_controller/share/ecvt2_controller/local_setup.zsh
-- Up-to-date symlink: /home/jin/harco/ecvt2_ws/install/ecvt2_controller/share/ecvt2_controller/local_setup.dsv
-- Symlinking: /home/jin/harco/ecvt2_ws/install/ecvt2_controller/share/ecvt2_controller/package.dsv
-- Up-to-date symlink: /home/jin/harco/ecvt2_ws/install/ecvt2_controller/share/ament_index/resource_index/packages/ecvt2_controller
-- Up-to-date symlink: /home/jin/harco/ecvt2_ws/install/ecvt2_controller/share/ecvt2_controller/cmake/ecvt2_controllerConfig.cmake
-- Up-to-date symlink: /home/jin/harco/ecvt2_ws/install/ecvt2_controller/share/ecvt2_controller/cmake/ecvt2_controllerConfig-version.cmake
-- Up-to-date symlink: /home/jin/harco/ecvt2_ws/install/ecvt2_controller/share/ecvt2_controller/package.xml
