[0.009s] Invoking command in '/home/jin/harco/ecvt2_ws/build/ecvt2_controller': CMAKE_PREFIX_PATH=${CMAKE_PREFIX_PATH}:/home/jin/harco/ecvt2_ws/install/ecvt2_sim:/opt/ros/humble /usr/bin/cmake --build /home/jin/harco/ecvt2_ws/build/ecvt2_controller -- -j20 -l20
[0.026s] -- Found ament_cmake: 1.3.12 (/opt/ros/humble/share/ament_cmake/cmake)
[0.111s] -- Override CMake install command with custom implementation using symlinks instead of copying resources
[0.115s] -- Found rclcpp: 16.0.16 (/opt/ros/humble/share/rclcpp/cmake)
[0.131s] -- Found rosidl_generator_c: 3.1.7 (/opt/ros/humble/share/rosidl_generator_c/cmake)
[0.132s] -- Found rosidl_adapter: 3.1.7 (/opt/ros/humble/share/rosidl_adapter/cmake)
[0.135s] -- Found rosidl_generator_cpp: 3.1.7 (/opt/ros/humble/share/rosidl_generator_cpp/cmake)
[0.140s] -- Using all available rosidl_typesupport_c: rosidl_typesupport_fastrtps_c;rosidl_typesupport_introspection_c
[0.147s] -- Using all available rosidl_typesupport_cpp: rosidl_typesupport_fastrtps_cpp;rosidl_typesupport_introspection_cpp
[0.165s] -- Found rmw_implementation_cmake: 6.1.2 (/opt/ros/humble/share/rmw_implementation_cmake/cmake)
[0.166s] -- Found rmw_fastrtps_cpp: 6.2.9 (/opt/ros/humble/share/rmw_fastrtps_cpp/cmake)
[0.228s] -- Using RMW implementation 'rmw_fastrtps_cpp' as default
[0.255s] -- Found geometry_msgs: 4.9.0 (/opt/ros/humble/share/geometry_msgs/cmake)
[0.262s] -- Found sensor_msgs: 4.9.0 (/opt/ros/humble/share/sensor_msgs/cmake)
[0.272s] -- Found visualization_msgs: 4.9.0 (/opt/ros/humble/share/visualization_msgs/cmake)
[0.282s] -- Found trajectory_msgs: 4.9.0 (/opt/ros/humble/share/trajectory_msgs/cmake)
[0.293s] -- pinocchio_default FOUND. pinocchio_default at /opt/ros/humble/lib/x86_64-linux-gnu/libpinocchio_default.so
[0.293s] -- pinocchio_parsers FOUND. pinocchio_parsers at /opt/ros/humble/lib/x86_64-linux-gnu/libpinocchio_parsers.so
[0.294s] -- pinocchio_casadi not FOUND.
[0.294s] -- boost_filesystem FOUND. boost_filesystem at /usr/lib/x86_64-linux-gnu/libboost_filesystem.so
[0.299s] -- Found Boost: /usr/include (found version "1.74.0") found components: filesystem serialization 
[0.300s] CMake Warning at /opt/openrobots/lib/cmake/hpp-fcl/hpp-fclConfig.cmake:4 (message):
[0.300s]   Please update your CMake from 'hpp-fcl' to 'coal', or define
[0.300s]   COAL_DISABLE_HPP_FCL_WARNINGS
[0.300s] Call Stack (most recent call first):
[0.300s]   /usr/share/cmake-3.22/Modules/CMakeFindDependencyMacro.cmake:47 (find_package)
[0.300s]   /opt/openrobots/lib/cmake/pinocchio/pinocchioConfig.cmake:161 (find_dependency)
[0.300s]   CMakeLists.txt:20 (find_package)
[0.300s] 
[0.300s] 
[0.301s] -- coal not FOUND.
[0.305s] -- Found Boost: /usr/include (found version "1.74.0") found components: serialization filesystem 
[0.493s] -- Default C++ standard: 201703
[0.493s] -- C++ standard sufficient: Minimal required 11, currently defined: 17
[0.493s] -- CMAKE_CXX_STANDARD was not set: automatically set to currently defined standard 17
[0.494s] -- C++ standard sufficient: Minimal required 11, currently defined: 17
[0.512s] -- Found ament_lint_auto: 0.12.14 (/opt/ros/humble/share/ament_lint_auto/cmake)
[0.568s] -- Added test 'cppcheck' to perform static code analysis on C / C++ code
[0.569s] -- Configured cppcheck include dirs: $<BUILD_INTERFACE:/home/jin/harco/ecvt2_ws/ecvt2_controller/include>
[0.569s] -- Configured cppcheck exclude dirs and/or files: 
[0.569s] -- Added test 'lint_cmake' to check CMake code style
[0.570s] -- Added test 'uncrustify' to check C / C++ code style
[0.570s] -- Configured uncrustify additional arguments: 
[0.570s] -- Added test 'xmllint' to check XML markup files
[0.570s] -- Configuring done
[0.582s] CMake Warning at CMakeLists.txt:50 (add_executable):
[0.582s]   Cannot generate a safe runtime search path for target base_opt_controller
[0.582s]   because files in some directories may conflict with libraries in implicit
[0.582s]   directories:
[0.582s] 
[0.582s]     runtime library [liburdfdom_sensor.so.3.0] in /usr/lib/x86_64-linux-gnu may be hidden by files in:
[0.582s]       /opt/ros/humble/lib/x86_64-linux-gnu
[0.582s]     runtime library [liburdfdom_model_state.so.3.0] in /usr/lib/x86_64-linux-gnu may be hidden by files in:
[0.582s]       /opt/ros/humble/lib/x86_64-linux-gnu
[0.582s]     runtime library [liburdfdom_model.so.3.0] in /usr/lib/x86_64-linux-gnu may be hidden by files in:
[0.582s]       /opt/ros/humble/lib/x86_64-linux-gnu
[0.582s]     runtime library [liburdfdom_world.so.3.0] in /usr/lib/x86_64-linux-gnu may be hidden by files in:
[0.582s]       /opt/ros/humble/lib/x86_64-linux-gnu
[0.582s]     runtime library [liboctomap.so.1.9] in /usr/lib/x86_64-linux-gnu may be hidden by files in:
[0.582s]       /opt/ros/humble/lib/x86_64-linux-gnu
[0.582s]     runtime library [liboctomath.so.1.9] in /usr/lib/x86_64-linux-gnu may be hidden by files in:
[0.582s]       /opt/ros/humble/lib/x86_64-linux-gnu
[0.582s] 
[0.582s]   Some of these libraries may not be found correctly.
[0.582s] 
[0.582s] 
[0.582s] CMake Warning at CMakeLists.txt:50 (add_executable):
[0.582s]   Cannot generate a safe runtime search path for target base_opt_controller
[0.582s]   because there is a cycle in the constraint graph:
[0.582s] 
[0.582s]     dir 0 is [/usr/local/lib]
[0.582s]     dir 1 is [/opt/ros/humble/lib]
[0.582s]     dir 2 is [/opt/ros/humble/lib/x86_64-linux-gnu]
[0.582s]       dir 3 must precede it due to runtime library [libpinocchio_parsers.so.3.9.0]
[0.582s]     dir 3 is [/opt/openrobots/lib]
[0.582s]       dir 2 must precede it due to runtime library [libpinocchio_default.so.3.9.0]
[0.583s] 
[0.583s]   Some of these libraries may not be found correctly.
[0.583s] 
[0.583s] 
[0.585s] CMake Warning at CMakeLists.txt:61 (add_executable):
[0.585s]   Cannot generate a safe runtime search path for target wbc_hqp because files
[0.585s]   in some directories may conflict with libraries in implicit directories:
[0.585s] 
[0.585s]     runtime library [liburdfdom_sensor.so.3.0] in /usr/lib/x86_64-linux-gnu may be hidden by files in:
[0.585s]       /opt/ros/humble/lib/x86_64-linux-gnu
[0.585s]     runtime library [liburdfdom_model_state.so.3.0] in /usr/lib/x86_64-linux-gnu may be hidden by files in:
[0.585s]       /opt/ros/humble/lib/x86_64-linux-gnu
[0.585s]     runtime library [liburdfdom_model.so.3.0] in /usr/lib/x86_64-linux-gnu may be hidden by files in:
[0.585s]       /opt/ros/humble/lib/x86_64-linux-gnu
[0.585s]     runtime library [liburdfdom_world.so.3.0] in /usr/lib/x86_64-linux-gnu may be hidden by files in:
[0.585s]       /opt/ros/humble/lib/x86_64-linux-gnu
[0.585s]     runtime library [liboctomap.so.1.9] in /usr/lib/x86_64-linux-gnu may be hidden by files in:
[0.585s]       /opt/ros/humble/lib/x86_64-linux-gnu
[0.585s]     runtime library [liboctomath.so.1.9] in /usr/lib/x86_64-linux-gnu may be hidden by files in:
[0.585s]       /opt/ros/humble/lib/x86_64-linux-gnu
[0.586s] 
[0.586s]   Some of these libraries may not be found correctly.
[0.586s] 
[0.586s] 
[0.586s] CMake Warning at CMakeLists.txt:61 (add_executable):
[0.586s]   Cannot generate a safe runtime search path for target wbc_hqp because there
[0.586s]   is a cycle in the constraint graph:
[0.586s] 
[0.586s]     dir 0 is [/usr/local/lib]
[0.586s]     dir 1 is [/opt/ros/humble/lib]
[0.586s]     dir 2 is [/opt/ros/humble/lib/x86_64-linux-gnu]
[0.586s]       dir 3 must precede it due to runtime library [libpinocchio_parsers.so.3.9.0]
[0.586s]     dir 3 is [/opt/openrobots/lib]
[0.586s]       dir 2 must precede it due to runtime library [libpinocchio_default.so.3.9.0]
[0.586s] 
[0.586s]   Some of these libraries may not be found correctly.
[0.586s] 
[0.586s] 
[0.589s] CMake Warning at CMakeLists.txt:72 (add_executable):
[0.589s]   Cannot generate a safe runtime search path for target wbc_hqp_v2 because
[0.589s]   files in some directories may conflict with libraries in implicit
[0.589s]   directories:
[0.589s] 
[0.589s]     runtime library [liburdfdom_sensor.so.3.0] in /usr/lib/x86_64-linux-gnu may be hidden by files in:
[0.589s]       /opt/ros/humble/lib/x86_64-linux-gnu
[0.589s]     runtime library [liburdfdom_model_state.so.3.0] in /usr/lib/x86_64-linux-gnu may be hidden by files in:
[0.589s]       /opt/ros/humble/lib/x86_64-linux-gnu
[0.589s]     runtime library [liburdfdom_model.so.3.0] in /usr/lib/x86_64-linux-gnu may be hidden by files in:
[0.589s]       /opt/ros/humble/lib/x86_64-linux-gnu
[0.589s]     runtime library [liburdfdom_world.so.3.0] in /usr/lib/x86_64-linux-gnu may be hidden by files in:
[0.589s]       /opt/ros/humble/lib/x86_64-linux-gnu
[0.589s]     runtime library [liboctomap.so.1.9] in /usr/lib/x86_64-linux-gnu may be hidden by files in:
[0.589s]       /opt/ros/humble/lib/x86_64-linux-gnu
[0.589s]     runtime library [liboctomath.so.1.9] in /usr/lib/x86_64-linux-gnu may be hidden by files in:
[0.589s]       /opt/ros/humble/lib/x86_64-linux-gnu
[0.589s] 
[0.589s]   Some of these libraries may not be found correctly.
[0.589s] 
[0.589s] 
[0.590s] CMake Warning at CMakeLists.txt:72 (add_executable):
[0.590s]   Cannot generate a safe runtime search path for target wbc_hqp_v2 because
[0.590s]   there is a cycle in the constraint graph:
[0.590s] 
[0.590s]     dir 0 is [/usr/local/lib]
[0.590s]     dir 1 is [/opt/ros/humble/lib]
[0.590s]     dir 2 is [/opt/ros/humble/lib/x86_64-linux-gnu]
[0.590s]       dir 3 must precede it due to runtime library [libpinocchio_parsers.so.3.9.0]
[0.590s]     dir 3 is [/opt/openrobots/lib]
[0.590s]       dir 2 must precede it due to runtime library [libpinocchio_default.so.3.9.0]
[0.590s] 
[0.590s]   Some of these libraries may not be found correctly.
[0.590s] 
[0.590s] 
[0.592s] CMake Warning at CMakeLists.txt:84 (add_executable):
[0.592s]   Cannot generate a safe runtime search path for target wbc_hqp_v3 because
[0.592s]   files in some directories may conflict with libraries in implicit
[0.592s]   directories:
[0.592s] 
[0.592s]     runtime library [liburdfdom_sensor.so.3.0] in /usr/lib/x86_64-linux-gnu may be hidden by files in:
[0.592s]       /opt/ros/humble/lib/x86_64-linux-gnu
[0.592s]     runtime library [liburdfdom_model_state.so.3.0] in /usr/lib/x86_64-linux-gnu may be hidden by files in:
[0.592s]       /opt/ros/humble/lib/x86_64-linux-gnu
[0.592s]     runtime library [liburdfdom_model.so.3.0] in /usr/lib/x86_64-linux-gnu may be hidden by files in:
[0.592s]       /opt/ros/humble/lib/x86_64-linux-gnu
[0.592s]     runtime library [liburdfdom_world.so.3.0] in /usr/lib/x86_64-linux-gnu may be hidden by files in:
[0.592s]       /opt/ros/humble/lib/x86_64-linux-gnu
[0.592s]     runtime library [liboctomap.so.1.9] in /usr/lib/x86_64-linux-gnu may be hidden by files in:
[0.592s]       /opt/ros/humble/lib/x86_64-linux-gnu
[0.592s]     runtime library [liboctomath.so.1.9] in /usr/lib/x86_64-linux-gnu may be hidden by files in:
[0.592s]       /opt/ros/humble/lib/x86_64-linux-gnu
[0.592s] 
[0.592s]   Some of these libraries may not be found correctly.
[0.592s] 
[0.592s] 
[0.592s] CMake Warning at CMakeLists.txt:84 (add_executable):
[0.593s]   Cannot generate a safe runtime search path for target wbc_hqp_v3 because
[0.593s]   there is a cycle in the constraint graph:
[0.593s] 
[0.593s]     dir 0 is [/usr/local/lib]
[0.593s]     dir 1 is [/opt/ros/humble/lib]
[0.593s]     dir 2 is [/opt/ros/humble/lib/x86_64-linux-gnu]
[0.593s]       dir 3 must precede it due to runtime library [libpinocchio_parsers.so.3.9.0]
[0.593s]     dir 3 is [/opt/openrobots/lib]
[0.593s]       dir 2 must precede it due to runtime library [libpinocchio_default.so.3.9.0]
[0.593s] 
[0.593s]   Some of these libraries may not be found correctly.
[0.593s] 
[0.593s] 
[0.594s] CMake Warning at CMakeLists.txt:96 (add_executable):
[0.594s]   Cannot generate a safe runtime search path for target
[0.594s]   base_arm_task_controller because files in some directories may conflict
[0.595s]   with libraries in implicit directories:
[0.595s] 
[0.595s]     runtime library [liburdfdom_sensor.so.3.0] in /usr/lib/x86_64-linux-gnu may be hidden by files in:
[0.595s]       /opt/ros/humble/lib/x86_64-linux-gnu
[0.595s]     runtime library [liburdfdom_model_state.so.3.0] in /usr/lib/x86_64-linux-gnu may be hidden by files in:
[0.595s]       /opt/ros/humble/lib/x86_64-linux-gnu
[0.595s]     runtime library [liburdfdom_model.so.3.0] in /usr/lib/x86_64-linux-gnu may be hidden by files in:
[0.595s]       /opt/ros/humble/lib/x86_64-linux-gnu
[0.595s]     runtime library [liburdfdom_world.so.3.0] in /usr/lib/x86_64-linux-gnu may be hidden by files in:
[0.595s]       /opt/ros/humble/lib/x86_64-linux-gnu
[0.595s]     runtime library [liboctomap.so.1.9] in /usr/lib/x86_64-linux-gnu may be hidden by files in:
[0.595s]       /opt/ros/humble/lib/x86_64-linux-gnu
[0.595s]     runtime library [liboctomath.so.1.9] in /usr/lib/x86_64-linux-gnu may be hidden by files in:
[0.595s]       /opt/ros/humble/lib/x86_64-linux-gnu
[0.595s] 
[0.595s]   Some of these libraries may not be found correctly.
[0.595s] 
[0.595s] 
[0.595s] CMake Warning at CMakeLists.txt:96 (add_executable):
[0.595s]   Cannot generate a safe runtime search path for target
[0.595s]   base_arm_task_controller because there is a cycle in the constraint graph:
[0.595s] 
[0.595s]     dir 0 is [/usr/local/lib]
[0.596s]     dir 1 is [/opt/ros/humble/lib]
[0.596s]     dir 2 is [/opt/ros/humble/lib/x86_64-linux-gnu]
[0.596s]       dir 3 must precede it due to runtime library [libpinocchio_parsers.so.3.9.0]
[0.596s]     dir 3 is [/opt/openrobots/lib]
[0.596s]       dir 2 must precede it due to runtime library [libpinocchio_default.so.3.9.0]
[0.596s] 
[0.596s]   Some of these libraries may not be found correctly.
[0.596s] 
[0.596s] 
[0.597s] CMake Warning at CMakeLists.txt:107 (add_executable):
[0.597s]   Cannot generate a safe runtime search path for target
[0.597s]   base_arm_task_controller_v2 because files in some directories may conflict
[0.597s]   with libraries in implicit directories:
[0.598s] 
[0.598s]     runtime library [liburdfdom_sensor.so.3.0] in /usr/lib/x86_64-linux-gnu may be hidden by files in:
[0.598s]       /opt/ros/humble/lib/x86_64-linux-gnu
[0.598s]     runtime library [liburdfdom_model_state.so.3.0] in /usr/lib/x86_64-linux-gnu may be hidden by files in:
[0.598s]       /opt/ros/humble/lib/x86_64-linux-gnu
[0.598s]     runtime library [liburdfdom_model.so.3.0] in /usr/lib/x86_64-linux-gnu may be hidden by files in:
[0.598s]       /opt/ros/humble/lib/x86_64-linux-gnu
[0.598s]     runtime library [liburdfdom_world.so.3.0] in /usr/lib/x86_64-linux-gnu may be hidden by files in:
[0.598s]       /opt/ros/humble/lib/x86_64-linux-gnu
[0.598s]     runtime library [liboctomap.so.1.9] in /usr/lib/x86_64-linux-gnu may be hidden by files in:
[0.598s]       /opt/ros/humble/lib/x86_64-linux-gnu
[0.598s]     runtime library [liboctomath.so.1.9] in /usr/lib/x86_64-linux-gnu may be hidden by files in:
[0.598s]       /opt/ros/humble/lib/x86_64-linux-gnu
[0.598s] 
[0.598s]   Some of these libraries may not be found correctly.
[0.598s] 
[0.598s] 
[0.598s] CMake Warning at CMakeLists.txt:107 (add_executable):
[0.598s]   Cannot generate a safe runtime search path for target
[0.598s]   base_arm_task_controller_v2 because there is a cycle in the constraint
[0.598s]   graph:
[0.598s] 
[0.598s]     dir 0 is [/usr/local/lib]
[0.598s]     dir 1 is [/opt/ros/humble/lib]
[0.599s]     dir 2 is [/opt/ros/humble/lib/x86_64-linux-gnu]
[0.599s]       dir 3 must precede it due to runtime library [libpinocchio_parsers.so.3.9.0]
[0.599s]     dir 3 is [/opt/openrobots/lib]
[0.599s]       dir 2 must precede it due to runtime library [libpinocchio_default.so.3.9.0]
[0.599s] 
[0.599s]   Some of these libraries may not be found correctly.
[0.599s] 
[0.599s] 
[0.600s] CMake Warning at CMakeLists.txt:118 (add_executable):
[0.600s]   Cannot generate a safe runtime search path for target
[0.600s]   base_arm_task_controller_full because files in some directories may
[0.600s]   conflict with libraries in implicit directories:
[0.600s] 
[0.600s]     runtime library [liburdfdom_sensor.so.3.0] in /usr/lib/x86_64-linux-gnu may be hidden by files in:
[0.601s]       /opt/ros/humble/lib/x86_64-linux-gnu
[0.601s]     runtime library [liburdfdom_model_state.so.3.0] in /usr/lib/x86_64-linux-gnu may be hidden by files in:
[0.601s]       /opt/ros/humble/lib/x86_64-linux-gnu
[0.601s]     runtime library [liburdfdom_model.so.3.0] in /usr/lib/x86_64-linux-gnu may be hidden by files in:
[0.601s]       /opt/ros/humble/lib/x86_64-linux-gnu
[0.601s]     runtime library [liburdfdom_world.so.3.0] in /usr/lib/x86_64-linux-gnu may be hidden by files in:
[0.601s]       /opt/ros/humble/lib/x86_64-linux-gnu
[0.601s]     runtime library [liboctomap.so.1.9] in /usr/lib/x86_64-linux-gnu may be hidden by files in:
[0.601s]       /opt/ros/humble/lib/x86_64-linux-gnu
[0.601s]     runtime library [liboctomath.so.1.9] in /usr/lib/x86_64-linux-gnu may be hidden by files in:
[0.601s]       /opt/ros/humble/lib/x86_64-linux-gnu
[0.601s] 
[0.601s]   Some of these libraries may not be found correctly.
[0.601s] 
[0.601s] 
[0.601s] CMake Warning at CMakeLists.txt:118 (add_executable):
[0.601s]   Cannot generate a safe runtime search path for target
[0.601s]   base_arm_task_controller_full because there is a cycle in the constraint
[0.601s]   graph:
[0.601s] 
[0.601s]     dir 0 is [/usr/local/lib]
[0.601s]     dir 1 is [/opt/ros/humble/lib]
[0.601s]     dir 2 is [/opt/ros/humble/lib/x86_64-linux-gnu]
[0.601s]       dir 3 must precede it due to runtime library [libpinocchio_parsers.so.3.9.0]
[0.602s]     dir 3 is [/opt/openrobots/lib]
[0.602s]       dir 2 must precede it due to runtime library [libpinocchio_default.so.3.9.0]
[0.602s] 
[0.602s]   Some of these libraries may not be found correctly.
[0.602s] 
[0.602s] 
[0.607s] CMake Warning at CMakeLists.txt:142 (add_executable):
[0.607s]   Cannot generate a safe runtime search path for target pin_test because
[0.607s]   files in some directories may conflict with libraries in implicit
[0.607s]   directories:
[0.607s] 
[0.607s]     runtime library [liburdfdom_sensor.so.3.0] in /usr/lib/x86_64-linux-gnu may be hidden by files in:
[0.607s]       /opt/ros/humble/lib/x86_64-linux-gnu
[0.607s]     runtime library [liburdfdom_model_state.so.3.0] in /usr/lib/x86_64-linux-gnu may be hidden by files in:
[0.607s]       /opt/ros/humble/lib/x86_64-linux-gnu
[0.607s]     runtime library [liburdfdom_model.so.3.0] in /usr/lib/x86_64-linux-gnu may be hidden by files in:
[0.607s]       /opt/ros/humble/lib/x86_64-linux-gnu
[0.607s]     runtime library [liburdfdom_world.so.3.0] in /usr/lib/x86_64-linux-gnu may be hidden by files in:
[0.607s]       /opt/ros/humble/lib/x86_64-linux-gnu
[0.607s]     runtime library [liboctomap.so.1.9] in /usr/lib/x86_64-linux-gnu may be hidden by files in:
[0.607s]       /opt/ros/humble/lib/x86_64-linux-gnu
[0.607s]     runtime library [liboctomath.so.1.9] in /usr/lib/x86_64-linux-gnu may be hidden by files in:
[0.607s]       /opt/ros/humble/lib/x86_64-linux-gnu
[0.608s] 
[0.608s]   Some of these libraries may not be found correctly.
[0.608s] 
[0.608s] 
[0.608s] CMake Warning at CMakeLists.txt:142 (add_executable):
[0.608s]   Cannot generate a safe runtime search path for target pin_test because
[0.608s]   there is a cycle in the constraint graph:
[0.608s] 
[0.608s]     dir 0 is [/opt/ros/humble/lib]
[0.608s]     dir 1 is [/opt/openrobots/lib]
[0.608s]       dir 2 must precede it due to runtime library [libpinocchio_default.so.3.9.0]
[0.608s]     dir 2 is [/opt/ros/humble/lib/x86_64-linux-gnu]
[0.608s]       dir 1 must precede it due to runtime library [libpinocchio_parsers.so.3.9.0]
[0.608s] 
[0.608s]   Some of these libraries may not be found correctly.
[0.608s] 
[0.608s] 
[0.618s] -- Generating done
[0.634s] -- Build files have been written to: /home/jin/harco/ecvt2_ws/build/ecvt2_controller
[0.657s] Consolidate compiler generated dependencies of target wbc_hqp_lib
[0.658s] Consolidate compiler generated dependencies of target com_trajectory_publisher
[0.658s] Consolidate compiler generated dependencies of target teleop_goal_publisher
[0.664s] [  6%] Built target wbc_hqp_lib
[0.666s] Consolidate compiler generated dependencies of target vp_sto_global_planner_node
[0.666s] [ 12%] Built target teleop_goal_publisher
[0.666s] Consolidate compiler generated dependencies of target live_upper_dynamics_node
[0.667s] [ 18%] Built target com_trajectory_publisher
[0.667s] Consolidate compiler generated dependencies of target vp_sto_paper_global_planner_node
[0.668s] Consolidate compiler generated dependencies of target kdl_utils
[0.675s] Consolidate compiler generated dependencies of target vp_sto_global_planner_full_node
[0.679s] [ 25%] Built target live_upper_dynamics_node
[0.679s] [ 37%] Built target vp_sto_global_planner_node
[0.679s] [ 37%] Built target kdl_utils
[0.679s] [ 40%] Building CXX object CMakeFiles/vp_sto_paper_global_planner_node.dir/src/vp_sto_paper_global_planner_node.cpp.o
[0.689s] Consolidate compiler generated dependencies of target wbc_hqp_v3
[0.691s] Consolidate compiler generated dependencies of target base_opt_controller
[0.691s] Consolidate compiler generated dependencies of target wbc_hqp_v2
[0.693s] Consolidate compiler generated dependencies of target base_arm_task_controller
[0.693s] Consolidate compiler generated dependencies of target wbc_hqp
[0.693s] Consolidate compiler generated dependencies of target base_arm_task_controller_full
[0.694s] [ 46%] Built target vp_sto_global_planner_full_node
[0.696s] Consolidate compiler generated dependencies of target base_arm_task_controller_v2
[0.699s] Consolidate compiler generated dependencies of target pin_test
[0.699s] [ 53%] Built target wbc_hqp_v3
[0.702s] [ 59%] Built target base_opt_controller
[0.703s] [ 65%] Built target base_arm_task_controller_full
[0.703s] [ 71%] Built target wbc_hqp_v2
[0.705s] [ 78%] Built target base_arm_task_controller
[0.705s] [ 84%] Built target wbc_hqp
[0.706s] [ 90%] Built target base_arm_task_controller_v2
[0.714s] [ 96%] Built target pin_test
[3.868s] In file included from /opt/openrobots/include/hpp/fcl/config.hh:1,
[3.868s]                  from /opt/openrobots/include/pinocchio/serialization/eigen.hpp:20,
[3.868s]                  from /opt/openrobots/include/pinocchio/serialization/fwd.hpp:11,
[3.868s]                  from /opt/openrobots/include/pinocchio/multibody/joint/joint-composite.hpp:14,
[3.868s]                  from /opt/openrobots/include/pinocchio/multibody/joint/joint-generic.hpp:9,
[3.868s]                  from /opt/openrobots/include/pinocchio/multibody/model.hpp:17,
[3.868s]                  from /opt/openrobots/include/pinocchio/parsers/urdf.hpp:9,
[3.868s]                  from /home/jin/harco/ecvt2_ws/ecvt2_controller/src/vp_sto_paper_global_planner_node.cpp:7:
[3.868s] /opt/openrobots/include/hpp/fcl/coal.hpp:12:99: note: ‘#pragma message: Please update your includes from 'hpp/fcl' to 'coal' or define COAL_DISABLE_HPP_FCL_WARNINGS’
[3.868s]    12 |     "Please update your includes from 'hpp/fcl' to 'coal' or define COAL_DISABLE_HPP_FCL_WARNINGS")
[3.868s]       |                                                                                                   ^
[43.071s] [100%] Linking CXX executable vp_sto_paper_global_planner_node
[44.544s] [100%] Built target vp_sto_paper_global_planner_node
[44.551s] Invoked command in '/home/jin/harco/ecvt2_ws/build/ecvt2_controller' returned '0': CMAKE_PREFIX_PATH=${CMAKE_PREFIX_PATH}:/home/jin/harco/ecvt2_ws/install/ecvt2_sim:/opt/ros/humble /usr/bin/cmake --build /home/jin/harco/ecvt2_ws/build/ecvt2_controller -- -j20 -l20
[44.557s] Invoking command in '/home/jin/harco/ecvt2_ws/build/ecvt2_controller': CMAKE_PREFIX_PATH=${CMAKE_PREFIX_PATH}:/home/jin/harco/ecvt2_ws/install/ecvt2_sim:/opt/ros/humble /usr/bin/cmake --install /home/jin/harco/ecvt2_ws/build/ecvt2_controller
[44.561s] -- Install configuration: ""
[44.562s] -- Execute custom install script
[44.562s] -- Up-to-date symlink: /home/jin/harco/ecvt2_ws/install/ecvt2_controller/lib/ecvt2_controller/teleop_goal_publisher
[44.562s] -- Up-to-date symlink: /home/jin/harco/ecvt2_ws/install/ecvt2_controller/lib/ecvt2_controller/live_upper_dynamics_node
[44.562s] -- Up-to-date symlink: /home/jin/harco/ecvt2_ws/install/ecvt2_controller/lib/ecvt2_controller/vp_sto_global_planner_node
[44.562s] -- Up-to-date symlink: /home/jin/harco/ecvt2_ws/install/ecvt2_controller/lib/ecvt2_controller/vp_sto_global_planner_full_node
[44.562s] -- Up-to-date symlink: /home/jin/harco/ecvt2_ws/install/ecvt2_controller/lib/ecvt2_controller/vp_sto_paper_global_planner_node
[44.563s] -- Up-to-date symlink: /home/jin/harco/ecvt2_ws/install/ecvt2_controller/include/ecvt2_controller/kdl_utils.hpp
[44.563s] -- Up-to-date symlink: /home/jin/harco/ecvt2_ws/install/ecvt2_controller/include/ecvt2_controller/wbc_hqp_lib.hpp
[44.563s] -- Up-to-date symlink: /home/jin/harco/ecvt2_ws/install/ecvt2_controller/lib/libkdl_utils.a
[44.563s] -- Up-to-date symlink: /home/jin/harco/ecvt2_ws/install/ecvt2_controller/lib/libwbc_hqp_lib.a
[44.563s] -- Up-to-date symlink: /home/jin/harco/ecvt2_ws/install/ecvt2_controller/lib/ecvt2_controller/base_opt_controller
[44.563s] -- Up-to-date symlink: /home/jin/harco/ecvt2_ws/install/ecvt2_controller/lib/ecvt2_controller/wbc_hqp
[44.564s] -- Up-to-date symlink: /home/jin/harco/ecvt2_ws/install/ecvt2_controller/lib/ecvt2_controller/wbc_hqp_v2
[44.564s] -- Up-to-date symlink: /home/jin/harco/ecvt2_ws/install/ecvt2_controller/lib/ecvt2_controller/wbc_hqp_v3
[44.564s] -- Up-to-date symlink: /home/jin/harco/ecvt2_ws/install/ecvt2_controller/lib/ecvt2_controller/base_arm_task_controller
[44.564s] -- Up-to-date symlink: /home/jin/harco/ecvt2_ws/install/ecvt2_controller/lib/ecvt2_controller/base_arm_task_controller_v2
[44.564s] -- Up-to-date symlink: /home/jin/harco/ecvt2_ws/install/ecvt2_controller/lib/ecvt2_controller/base_arm_task_controller_full
[44.564s] -- Up-to-date symlink: /home/jin/harco/ecvt2_ws/install/ecvt2_controller/lib/ecvt2_controller/teleop_goal_publisher
[44.564s] -- Up-to-date symlink: /home/jin/harco/ecvt2_ws/install/ecvt2_controller/lib/ecvt2_controller/com_trajectory_publisher
[44.564s] -- Up-to-date symlink: /home/jin/harco/ecvt2_ws/install/ecvt2_controller/lib/ecvt2_controller/pin_test
[44.564s] -- Up-to-date symlink: /home/jin/harco/ecvt2_ws/install/ecvt2_controller/share/ament_index/resource_index/package_run_dependencies/ecvt2_controller
[44.564s] -- Up-to-date symlink: /home/jin/harco/ecvt2_ws/install/ecvt2_controller/share/ament_index/resource_index/parent_prefix_path/ecvt2_controller
[44.564s] -- Up-to-date symlink: /home/jin/harco/ecvt2_ws/install/ecvt2_controller/share/ecvt2_controller/environment/ament_prefix_path.sh
[44.564s] -- Up-to-date symlink: /home/jin/harco/ecvt2_ws/install/ecvt2_controller/share/ecvt2_controller/environment/ament_prefix_path.dsv
[44.564s] -- Up-to-date symlink: /home/jin/harco/ecvt2_ws/install/ecvt2_controller/share/ecvt2_controller/environment/path.sh
[44.564s] -- Up-to-date symlink: /home/jin/harco/ecvt2_ws/install/ecvt2_controller/share/ecvt2_controller/environment/path.dsv
[44.565s] -- Up-to-date symlink: /home/jin/harco/ecvt2_ws/install/ecvt2_controller/share/ecvt2_controller/local_setup.bash
[44.565s] -- Up-to-date symlink: /home/jin/harco/ecvt2_ws/install/ecvt2_controller/share/ecvt2_controller/local_setup.sh
[44.565s] -- Up-to-date symlink: /home/jin/harco/ecvt2_ws/install/ecvt2_controller/share/ecvt2_controller/local_setup.zsh
[44.565s] -- Up-to-date symlink: /home/jin/harco/ecvt2_ws/install/ecvt2_controller/share/ecvt2_controller/local_setup.dsv
[44.565s] -- Symlinking: /home/jin/harco/ecvt2_ws/install/ecvt2_controller/share/ecvt2_controller/package.dsv
[44.570s] -- Up-to-date symlink: /home/jin/harco/ecvt2_ws/install/ecvt2_controller/share/ament_index/resource_index/packages/ecvt2_controller
[44.570s] -- Up-to-date symlink: /home/jin/harco/ecvt2_ws/install/ecvt2_controller/share/ecvt2_controller/cmake/ecvt2_controllerConfig.cmake
[44.570s] -- Up-to-date symlink: /home/jin/harco/ecvt2_ws/install/ecvt2_controller/share/ecvt2_controller/cmake/ecvt2_controllerConfig-version.cmake
[44.570s] -- Up-to-date symlink: /home/jin/harco/ecvt2_ws/install/ecvt2_controller/share/ecvt2_controller/package.xml
[60.042s] Invoked command in '/home/jin/harco/ecvt2_ws/build/ecvt2_controller' returned '0': CMAKE_PREFIX_PATH=${CMAKE_PREFIX_PATH}:/home/jin/harco/ecvt2_ws/install/ecvt2_sim:/opt/ros/humble /usr/bin/cmake --install /home/jin/harco/ecvt2_ws/build/ecvt2_controller
