[  7%] Built target wbc_hqp_lib
[ 15%] Built target com_trajectory_publisher
[ 23%] Built target teleop_goal_publisher
Consolidate compiler generated dependencies of target vp_sto_global_planner_node
[ 30%] Built target live_upper_dynamics_node
[ 38%] Built target kdl_utils
[ 42%] Building CXX object CMakeFiles/vp_sto_global_planner_node.dir/src/vp_sto_global_planner_node.cpp.o
[ 73%] Built target wbc_hqp
[ 73%] Built target base_arm_task_controller_v2
[ 73%] Built target wbc_hqp_v3
[ 73%] Built target base_arm_task_controller
[ 80%] Built target base_opt_controller
[ 88%] Built target wbc_hqp_v2
[ 96%] Built target pin_test
In file included from /opt/openrobots/include/hpp/fcl/config.hh:1,
                 from /opt/openrobots/include/pinocchio/serialization/eigen.hpp:20,
                 from /opt/openrobots/include/pinocchio/serialization/fwd.hpp:11,
                 from /opt/openrobots/include/pinocchio/multibody/joint/joint-composite.hpp:14,
                 from /opt/openrobots/include/pinocchio/multibody/joint/joint-generic.hpp:9,
                 from /opt/openrobots/include/pinocchio/multibody/model.hpp:17,
                 from /opt/openrobots/include/pinocchio/parsers/urdf.hpp:9,
                 from /home/jin/harco/ecvt2_ws/ecvt2_controller/src/vp_sto_global_planner_node.cpp:7:
/opt/openrobots/include/hpp/fcl/coal.hpp:12:99: note: ‘#pragma message: Please update your includes from 'hpp/fcl' to 'coal' or define COAL_DISABLE_HPP_FCL_WARNINGS’
   12 |     "Please update your includes from 'hpp/fcl' to 'coal' or define COAL_DISABLE_HPP_FCL_WARNINGS")
      |                                                                                                   ^
In file included from /opt/ros/humble/include/rclcpp/rclcpp/logging.hpp:24,
                 from /opt/ros/humble/include/rclcpp/rclcpp/client.hpp:40,
                 from /opt/ros/humble/include/rclcpp/rclcpp/callback_group.hpp:24,
                 from /opt/ros/humble/include/rclcpp/rclcpp/any_executable.hpp:20,
                 from /opt/ros/humble/include/rclcpp/rclcpp/memory_strategy.hpp:25,
                 from /opt/ros/humble/include/rclcpp/rclcpp/memory_strategies.hpp:18,
                 from /opt/ros/humble/include/rclcpp/rclcpp/executor_options.hpp:20,
                 from /opt/ros/humble/include/rclcpp/rclcpp/executor.hpp:37,
                 from /opt/ros/humble/include/rclcpp/rclcpp/executors/multi_threaded_executor.hpp:25,
                 from /opt/ros/humble/include/rclcpp/rclcpp/executors.hpp:21,
                 from /opt/ros/humble/include/rclcpp/rclcpp/rclcpp.hpp:155,
                 from /home/jin/harco/ecvt2_ws/ecvt2_controller/src/vp_sto_global_planner_node.cpp:1:
/home/jin/harco/ecvt2_ws/ecvt2_controller/src/vp_sto_global_planner_node.cpp: In member function ‘void vpsto::VpStoGlobalPlannerNode::planIfPossible()’:
/home/jin/harco/ecvt2_ws/ecvt2_controller/src/vp_sto_global_planner_node.cpp:1003:31: warning: format ‘%u’ expects argument of type ‘unsigned int’, but argument 5 has type ‘std::mersenne_twister_engine<long unsigned int, 32, 624, 397, 31, 2567483615, 11, 4294967295, 7, 2636928640, 15, 4022730752, 18, 1812433253>::result_type’ {aka ‘long unsigned int’} [-Wformat=]
 1003 |     RCLCPP_INFO(get_logger(), "VP-STO optimizer seed=%u", optimizer.seed());
      |                               ^~~~~~~~~~~~~~~~~~~~~~~~~~  ~~~~~~~~~~~~~~~~
      |                                                                         |
      |                                                                         std::mersenne_twister_engine<long unsigned int, 32, 624, 397, 31, 2567483615, 11, 4294967295, 7, 2636928640, 15, 4022730752, 18, 1812433253>::result_type {aka long unsigned int}
/home/jin/harco/ecvt2_ws/ecvt2_controller/src/vp_sto_global_planner_node.cpp:1003:55: note: format string is defined here
 1003 |     RCLCPP_INFO(get_logger(), "VP-STO optimizer seed=%u", optimizer.seed());
      |                                                      ~^
      |                                                       |
      |                                                       unsigned int
      |                                                      %lu
[100%] Linking CXX executable vp_sto_global_planner_node
[100%] Built target vp_sto_global_planner_node
-- Install configuration: ""
-- Execute custom install script
-- Up-to-date symlink: /home/jin/harco/ecvt2_ws/install/ecvt2_controller/lib/ecvt2_controller/teleop_goal_publisher
-- Up-to-date symlink: /home/jin/harco/ecvt2_ws/install/ecvt2_controller/lib/ecvt2_controller/live_upper_dynamics_node
-- Up-to-date symlink: /home/jin/harco/ecvt2_ws/install/ecvt2_controller/lib/ecvt2_controller/vp_sto_global_planner_node
-- Up-to-date symlink: /home/jin/harco/ecvt2_ws/install/ecvt2_controller/include/ecvt2_controller/kdl_utils.hpp
-- Up-to-date symlink: /home/jin/harco/ecvt2_ws/install/ecvt2_controller/include/ecvt2_controller/wbc_hqp_lib.hpp
-- Up-to-date symlink: /home/jin/harco/ecvt2_ws/install/ecvt2_controller/lib/libkdl_utils.a
-- Up-to-date symlink: /home/jin/harco/ecvt2_ws/install/ecvt2_controller/lib/libwbc_hqp_lib.a
-- Up-to-date symlink: /home/jin/harco/ecvt2_ws/install/ecvt2_controller/lib/ecvt2_controller/base_opt_controller
-- Up-to-date symlink: /home/jin/harco/ecvt2_ws/install/ecvt2_controller/lib/ecvt2_controller/wbc_hqp
-- Up-to-date symlink: /home/jin/harco/ecvt2_ws/install/ecvt2_controller/lib/ecvt2_controller/wbc_hqp_v2
-- Up-to-date symlink: /home/jin/harco/ecvt2_ws/install/ecvt2_controller/lib/ecvt2_controller/wbc_hqp_v3
-- Up-to-date symlink: /home/jin/harco/ecvt2_ws/install/ecvt2_controller/lib/ecvt2_controller/base_arm_task_controller
-- Up-to-date symlink: /home/jin/harco/ecvt2_ws/install/ecvt2_controller/lib/ecvt2_controller/base_arm_task_controller_v2
-- Up-to-date symlink: /home/jin/harco/ecvt2_ws/install/ecvt2_controller/lib/ecvt2_controller/teleop_goal_publisher
-- Up-to-date symlink: /home/jin/harco/ecvt2_ws/install/ecvt2_controller/lib/ecvt2_controller/com_trajectory_publisher
-- Up-to-date symlink: /home/jin/harco/ecvt2_ws/install/ecvt2_controller/lib/ecvt2_controller/pin_test
-- Up-to-date symlink: /home/jin/harco/ecvt2_ws/install/ecvt2_controller/share/ament_index/resource_index/package_run_dependencies/ecvt2_controller
-- Up-to-date symlink: /home/jin/harco/ecvt2_ws/install/ecvt2_controller/share/ament_index/resource_index/parent_prefix_path/ecvt2_controller
-- Up-to-date symlink: /home/jin/harco/ecvt2_ws/install/ecvt2_controller/share/ecvt2_controller/environment/ament_prefix_path.sh
-- Up-to-date symlink: /home/jin/harco/ecvt2_ws/install/ecvt2_controller/share/ecvt2_controller/environment/ament_prefix_path.dsv
-- Up-to-date symlink: /home/jin/harco/ecvt2_ws/install/ecvt2_controller/share/ecvt2_controller/environment/path.sh
-- Up-to-date symlink: /home/jin/harco/ecvt2_ws/install/ecvt2_controller/share/ecvt2_controller/environment/path.dsv
-- Up-to-date symlink: /home/jin/harco/ecvt2_ws/install/ecvt2_controller/share/ecvt2_controller/local_setup.bash
-- Up-to-date symlink: /home/jin/harco/ecvt2_ws/install/ecvt2_controller/share/ecvt2_controller/local_setup.sh
-- Up-to-date symlink: /home/jin/harco/ecvt2_ws/install/ecvt2_controller/share/ecvt2_controller/local_setup.zsh
-- Up-to-date symlink: /home/jin/harco/ecvt2_ws/install/ecvt2_controller/share/ecvt2_controller/local_setup.dsv
-- Symlinking: /home/jin/harco/ecvt2_ws/install/ecvt2_controller/share/ecvt2_controller/package.dsv
-- Up-to-date symlink: /home/jin/harco/ecvt2_ws/install/ecvt2_controller/share/ament_index/resource_index/packages/ecvt2_controller
-- Up-to-date symlink: /home/jin/harco/ecvt2_ws/install/ecvt2_controller/share/ecvt2_controller/cmake/ecvt2_controllerConfig.cmake
-- Up-to-date symlink: /home/jin/harco/ecvt2_ws/install/ecvt2_controller/share/ecvt2_controller/cmake/ecvt2_controllerConfig-version.cmake
-- Up-to-date symlink: /home/jin/harco/ecvt2_ws/install/ecvt2_controller/share/ecvt2_controller/package.xml
