[0.009s] Invoking command in '/home/jin/harco/ecvt2_ws/build/ecvt2_controller': CMAKE_PREFIX_PATH=${CMAKE_PREFIX_PATH}:/home/jin/harco/ecvt2_ws/install/ecvt2_sim:/opt/ros/humble /usr/bin/cmake /home/jin/harco/ecvt2_ws/ecvt2_controller -DAMENT_CMAKE_SYMLINK_INSTALL=1 -DCMAKE_INSTALL_PREFIX=/home/jin/harco/ecvt2_ws/install/ecvt2_controller
[0.123s] -- Found ament_cmake: 1.3.12 (/opt/ros/humble/share/ament_cmake/cmake)
[0.123s] -- Override CMake install command with custom implementation using symlinks instead of copying resources
[0.123s] -- Found rclcpp: 16.0.16 (/opt/ros/humble/share/rclcpp/cmake)
[0.123s] -- Found rosidl_generator_c: 3.1.7 (/opt/ros/humble/share/rosidl_generator_c/cmake)
[0.123s] -- Found rosidl_adapter: 3.1.7 (/opt/ros/humble/share/rosidl_adapter/cmake)
[0.123s] -- Found rosidl_generator_cpp: 3.1.7 (/opt/ros/humble/share/rosidl_generator_cpp/cmake)
[0.125s] -- Using all available rosidl_typesupport_c: rosidl_typesupport_fastrtps_c;rosidl_typesupport_introspection_c
[0.131s] -- Using all available rosidl_typesupport_cpp: rosidl_typesupport_fastrtps_cpp;rosidl_typesupport_introspection_cpp
[0.148s] -- Found rmw_implementation_cmake: 6.1.2 (/opt/ros/humble/share/rmw_implementation_cmake/cmake)
[0.148s] -- Found rmw_fastrtps_cpp: 6.2.9 (/opt/ros/humble/share/rmw_fastrtps_cpp/cmake)
[0.210s] -- Using RMW implementation 'rmw_fastrtps_cpp' as default
[0.236s] -- Found geometry_msgs: 4.9.0 (/opt/ros/humble/share/geometry_msgs/cmake)
[0.243s] -- Found sensor_msgs: 4.9.0 (/opt/ros/humble/share/sensor_msgs/cmake)
[0.252s] -- Found visualization_msgs: 4.9.0 (/opt/ros/humble/share/visualization_msgs/cmake)
[0.262s] -- Found trajectory_msgs: 4.9.0 (/opt/ros/humble/share/trajectory_msgs/cmake)
[0.272s] -- pinocchio_default FOUND. pinocchio_default at /opt/ros/humble/lib/x86_64-linux-gnu/libpinocchio_default.so
[0.272s] -- pinocchio_parsers FOUND. pinocchio_parsers at /opt/ros/humble/lib/x86_64-linux-gnu/libpinocchio_parsers.so
[0.273s] -- pinocchio_casadi not FOUND.
[0.273s] -- boost_filesystem FOUND. boost_filesystem at /usr/lib/x86_64-linux-gnu/libboost_filesystem.so
[0.278s] -- Found Boost: /usr/include (found version "1.74.0") found components: filesystem serialization 
[0.278s] [33mCMake Warning at /opt/openrobots/lib/cmake/hpp-fcl/hpp-fclConfig.cmake:4 (message):
[0.278s]   Please update your CMake from 'hpp-fcl' to 'coal', or define
[0.278s]   COAL_DISABLE_HPP_FCL_WARNINGS
[0.278s] Call Stack (most recent call first):
[0.278s]   /usr/share/cmake-3.22/Modules/CMakeFindDependencyMacro.cmake:47 (find_package)
[0.278s]   /opt/openrobots/lib/cmake/pinocchio/pinocchioConfig.cmake:161 (find_dependency)
[0.278s]   CMakeLists.txt:20 (find_package)
[0.278s] 
[0.278s] [0m
[0.279s] -- coal not FOUND.
[0.283s] -- Found Boost: /usr/include (found version "1.74.0") found components: serialization filesystem 
[0.454s] -- Default C++ standard: 201703
[0.454s] -- C++ standard sufficient: Minimal required 11, currently defined: 17
[0.454s] -- CMAKE_CXX_STANDARD was not set: automatically set to currently defined standard 17
[0.455s] -- C++ standard sufficient: Minimal required 11, currently defined: 17
[0.466s] -- Found ament_lint_auto: 0.12.14 (/opt/ros/humble/share/ament_lint_auto/cmake)
[0.518s] -- Added test 'cppcheck' to perform static code analysis on C / C++ code
[0.519s] -- Configured cppcheck include dirs: $<BUILD_INTERFACE:/home/jin/harco/ecvt2_ws/ecvt2_controller/include>
[0.519s] -- Configured cppcheck exclude dirs and/or files: 
[0.519s] -- Added test 'lint_cmake' to check CMake code style
[0.520s] -- Added test 'uncrustify' to check C / C++ code style
[0.520s] -- Configured uncrustify additional arguments: 
[0.520s] -- Added test 'xmllint' to check XML markup files
[0.520s] -- Configuring done
[0.530s] [33mCMake Warning at CMakeLists.txt:48 (add_executable):
[0.530s]   Cannot generate a safe runtime search path for target base_opt_controller
[0.530s]   because files in some directories may conflict with libraries in implicit
[0.530s]   directories:
[0.530s] 
[0.530s]     runtime library [liburdfdom_sensor.so.3.0] in /usr/lib/x86_64-linux-gnu may be hidden by files in:
[0.530s]       /opt/ros/humble/lib/x86_64-linux-gnu
[0.530s]     runtime library [liburdfdom_model_state.so.3.0] in /usr/lib/x86_64-linux-gnu may be hidden by files in:
[0.530s]       /opt/ros/humble/lib/x86_64-linux-gnu
[0.530s]     runtime library [liburdfdom_model.so.3.0] in /usr/lib/x86_64-linux-gnu may be hidden by files in:
[0.530s]       /opt/ros/humble/lib/x86_64-linux-gnu
[0.530s]     runtime library [liburdfdom_world.so.3.0] in /usr/lib/x86_64-linux-gnu may be hidden by files in:
[0.530s]       /opt/ros/humble/lib/x86_64-linux-gnu
[0.530s]     runtime library [liboctomap.so.1.9] in /usr/lib/x86_64-linux-gnu may be hidden by files in:
[0.530s]       /opt/ros/humble/lib/x86_64-linux-gnu
[0.530s]     runtime library [liboctomath.so.1.9] in /usr/lib/x86_64-linux-gnu may be hidden by files in:
[0.530s]       /opt/ros/humble/lib/x86_64-linux-gnu
[0.530s] 
[0.530s]   Some of these libraries may not be found correctly.
[0.531s] 
[0.531s] [0m
[0.531s] [33mCMake Warning at CMakeLists.txt:48 (add_executable):
[0.531s]   Cannot generate a safe runtime search path for target base_opt_controller
[0.531s]   because there is a cycle in the constraint graph:
[0.531s] 
[0.531s]     dir 0 is [/usr/local/lib]
[0.531s]     dir 1 is [/opt/ros/humble/lib]
[0.531s]     dir 2 is [/opt/ros/humble/lib/x86_64-linux-gnu]
[0.531s]       dir 3 must precede it due to runtime library [libpinocchio_parsers.so.3.9.0]
[0.531s]     dir 3 is [/opt/openrobots/lib]
[0.531s]       dir 2 must precede it due to runtime library [libpinocchio_default.so.3.9.0]
[0.531s] 
[0.531s]   Some of these libraries may not be found correctly.
[0.531s] 
[0.531s] [0m
[0.533s] [33mCMake Warning at CMakeLists.txt:59 (add_executable):
[0.533s]   Cannot generate a safe runtime search path for target wbc_hqp because files
[0.533s]   in some directories may conflict with libraries in implicit directories:
[0.533s] 
[0.533s]     runtime library [liburdfdom_sensor.so.3.0] in /usr/lib/x86_64-linux-gnu may be hidden by files in:
[0.533s]       /opt/ros/humble/lib/x86_64-linux-gnu
[0.533s]     runtime library [liburdfdom_model_state.so.3.0] in /usr/lib/x86_64-linux-gnu may be hidden by files in:
[0.533s]       /opt/ros/humble/lib/x86_64-linux-gnu
[0.533s]     runtime library [liburdfdom_model.so.3.0] in /usr/lib/x86_64-linux-gnu may be hidden by files in:
[0.533s]       /opt/ros/humble/lib/x86_64-linux-gnu
[0.533s]     runtime library [liburdfdom_world.so.3.0] in /usr/lib/x86_64-linux-gnu may be hidden by files in:
[0.533s]       /opt/ros/humble/lib/x86_64-linux-gnu
[0.533s]     runtime library [liboctomap.so.1.9] in /usr/lib/x86_64-linux-gnu may be hidden by files in:
[0.533s]       /opt/ros/humble/lib/x86_64-linux-gnu
[0.533s]     runtime library [liboctomath.so.1.9] in /usr/lib/x86_64-linux-gnu may be hidden by files in:
[0.533s]       /opt/ros/humble/lib/x86_64-linux-gnu
[0.533s] 
[0.533s]   Some of these libraries may not be found correctly.
[0.533s] 
[0.533s] [0m
[0.533s] [33mCMake Warning at CMakeLists.txt:59 (add_executable):
[0.533s]   Cannot generate a safe runtime search path for target wbc_hqp because there
[0.533s]   is a cycle in the constraint graph:
[0.533s] 
[0.533s]     dir 0 is [/usr/local/lib]
[0.533s]     dir 1 is [/opt/ros/humble/lib]
[0.533s]     dir 2 is [/opt/ros/humble/lib/x86_64-linux-gnu]
[0.533s]       dir 3 must precede it due to runtime library [libpinocchio_parsers.so.3.9.0]
[0.533s]     dir 3 is [/opt/openrobots/lib]
[0.533s]       dir 2 must precede it due to runtime library [libpinocchio_default.so.3.9.0]
[0.533s] 
[0.533s]   Some of these libraries may not be found correctly.
[0.533s] 
[0.533s] [0m
[0.535s] [33mCMake Warning at CMakeLists.txt:70 (add_executable):
[0.535s]   Cannot generate a safe runtime search path for target wbc_hqp_v2 because
[0.535s]   files in some directories may conflict with libraries in implicit
[0.535s]   directories:
[0.535s] 
[0.535s]     runtime library [liburdfdom_sensor.so.3.0] in /usr/lib/x86_64-linux-gnu may be hidden by files in:
[0.535s]       /opt/ros/humble/lib/x86_64-linux-gnu
[0.535s]     runtime library [liburdfdom_model_state.so.3.0] in /usr/lib/x86_64-linux-gnu may be hidden by files in:
[0.535s]       /opt/ros/humble/lib/x86_64-linux-gnu
[0.535s]     runtime library [liburdfdom_model.so.3.0] in /usr/lib/x86_64-linux-gnu may be hidden by files in:
[0.535s]       /opt/ros/humble/lib/x86_64-linux-gnu
[0.535s]     runtime library [liburdfdom_world.so.3.0] in /usr/lib/x86_64-linux-gnu may be hidden by files in:
[0.536s]       /opt/ros/humble/lib/x86_64-linux-gnu
[0.536s]     runtime library [liboctomap.so.1.9] in /usr/lib/x86_64-linux-gnu may be hidden by files in:
[0.536s]       /opt/ros/humble/lib/x86_64-linux-gnu
[0.536s]     runtime library [liboctomath.so.1.9] in /usr/lib/x86_64-linux-gnu may be hidden by files in:
[0.536s]       /opt/ros/humble/lib/x86_64-linux-gnu
[0.536s] 
[0.536s]   Some of these libraries may not be found correctly.
[0.536s] 
[0.536s] [0m
[0.536s] [33mCMake Warning at CMakeLists.txt:70 (add_executable):
[0.536s]   Cannot generate a safe runtime search path for target wbc_hqp_v2 because
[0.536s]   there is a cycle in the constraint graph:
[0.536s] 
[0.536s]     dir 0 is [/usr/local/lib]
[0.536s]     dir 1 is [/opt/ros/humble/lib]
[0.536s]     dir 2 is [/opt/ros/humble/lib/x86_64-linux-gnu]
[0.536s]       dir 3 must precede it due to runtime library [libpinocchio_parsers.so.3.9.0]
[0.536s]     dir 3 is [/opt/openrobots/lib]
[0.536s]       dir 2 must precede it due to runtime library [libpinocchio_default.so.3.9.0]
[0.536s] 
[0.536s]   Some of these libraries may not be found correctly.
[0.536s] 
[0.536s] [0m
[0.538s] [33mCMake Warning at CMakeLists.txt:82 (add_executable):
[0.538s]   Cannot generate a safe runtime search path for target wbc_hqp_v3 because
[0.538s]   files in some directories may conflict with libraries in implicit
[0.538s]   directories:
[0.538s] 
[0.538s]     runtime library [liburdfdom_sensor.so.3.0] in /usr/lib/x86_64-linux-gnu may be hidden by files in:
[0.538s]       /opt/ros/humble/lib/x86_64-linux-gnu
[0.538s]     runtime library [liburdfdom_model_state.so.3.0] in /usr/lib/x86_64-linux-gnu may be hidden by files in:
[0.538s]       /opt/ros/humble/lib/x86_64-linux-gnu
[0.538s]     runtime library [liburdfdom_model.so.3.0] in /usr/lib/x86_64-linux-gnu may be hidden by files in:
[0.538s]       /opt/ros/humble/lib/x86_64-linux-gnu
[0.538s]     runtime library [liburdfdom_world.so.3.0] in /usr/lib/x86_64-linux-gnu may be hidden by files in:
[0.538s]       /opt/ros/humble/lib/x86_64-linux-gnu
[0.538s]     runtime library [liboctomap.so.1.9] in /usr/lib/x86_64-linux-gnu may be hidden by files in:
[0.538s]       /opt/ros/humble/lib/x86_64-linux-gnu
[0.538s]     runtime library [liboctomath.so.1.9] in /usr/lib/x86_64-linux-gnu may be hidden by files in:
[0.538s]       /opt/ros/humble/lib/x86_64-linux-gnu
[0.538s] 
[0.538s]   Some of these libraries may not be found correctly.
[0.538s] 
[0.538s] [0m
[0.538s] [33mCMake Warning at CMakeLists.txt:82 (add_executable):
[0.538s]   Cannot generate a safe runtime search path for target wbc_hqp_v3 because
[0.538s]   there is a cycle in the constraint graph:
[0.538s] 
[0.538s]     dir 0 is [/usr/local/lib]
[0.538s]     dir 1 is [/opt/ros/humble/lib]
[0.538s]     dir 2 is [/opt/ros/humble/lib/x86_64-linux-gnu]
[0.538s]       dir 3 must precede it due to runtime library [libpinocchio_parsers.so.3.9.0]
[0.538s]     dir 3 is [/opt/openrobots/lib]
[0.539s]       dir 2 must precede it due to runtime library [libpinocchio_default.so.3.9.0]
[0.539s] 
[0.539s]   Some of these libraries may not be found correctly.
[0.539s] 
[0.539s] [0m
[0.540s] [33mCMake Warning at CMakeLists.txt:94 (add_executable):
[0.540s]   Cannot generate a safe runtime search path for target
[0.540s]   base_arm_task_controller because files in some directories may conflict
[0.540s]   with libraries in implicit directories:
[0.541s] 
[0.541s]     runtime library [liburdfdom_sensor.so.3.0] in /usr/lib/x86_64-linux-gnu may be hidden by files in:
[0.541s]       /opt/ros/humble/lib/x86_64-linux-gnu
[0.541s]     runtime library [liburdfdom_model_state.so.3.0] in /usr/lib/x86_64-linux-gnu may be hidden by files in:
[0.541s]       /opt/ros/humble/lib/x86_64-linux-gnu
[0.541s]     runtime library [liburdfdom_model.so.3.0] in /usr/lib/x86_64-linux-gnu may be hidden by files in:
[0.541s]       /opt/ros/humble/lib/x86_64-linux-gnu
[0.541s]     runtime library [liburdfdom_world.so.3.0] in /usr/lib/x86_64-linux-gnu may be hidden by files in:
[0.541s]       /opt/ros/humble/lib/x86_64-linux-gnu
[0.541s]     runtime library [liboctomap.so.1.9] in /usr/lib/x86_64-linux-gnu may be hidden by files in:
[0.541s]       /opt/ros/humble/lib/x86_64-linux-gnu
[0.541s]     runtime library [liboctomath.so.1.9] in /usr/lib/x86_64-linux-gnu may be hidden by files in:
[0.541s]       /opt/ros/humble/lib/x86_64-linux-gnu
[0.541s] 
[0.541s]   Some of these libraries may not be found correctly.
[0.541s] 
[0.541s] [0m
[0.541s] [33mCMake Warning at CMakeLists.txt:94 (add_executable):
[0.541s]   Cannot generate a safe runtime search path for target
[0.541s]   base_arm_task_controller because there is a cycle in the constraint graph:
[0.541s] 
[0.541s]     dir 0 is [/usr/local/lib]
[0.541s]     dir 1 is [/opt/ros/humble/lib]
[0.541s]     dir 2 is [/opt/ros/humble/lib/x86_64-linux-gnu]
[0.541s]       dir 3 must precede it due to runtime library [libpinocchio_parsers.so.3.9.0]
[0.541s]     dir 3 is [/opt/openrobots/lib]
[0.541s]       dir 2 must precede it due to runtime library [libpinocchio_default.so.3.9.0]
[0.541s] 
[0.541s]   Some of these libraries may not be found correctly.
[0.541s] 
[0.541s] [0m
[0.543s] [33mCMake Warning at CMakeLists.txt:105 (add_executable):
[0.543s]   Cannot generate a safe runtime search path for target
[0.543s]   base_arm_task_controller_v2 because files in some directories may conflict
[0.543s]   with libraries in implicit directories:
[0.543s] 
[0.543s]     runtime library [liburdfdom_sensor.so.3.0] in /usr/lib/x86_64-linux-gnu may be hidden by files in:
[0.543s]       /opt/ros/humble/lib/x86_64-linux-gnu
[0.543s]     runtime library [liburdfdom_model_state.so.3.0] in /usr/lib/x86_64-linux-gnu may be hidden by files in:
[0.543s]       /opt/ros/humble/lib/x86_64-linux-gnu
[0.543s]     runtime library [liburdfdom_model.so.3.0] in /usr/lib/x86_64-linux-gnu may be hidden by files in:
[0.543s]       /opt/ros/humble/lib/x86_64-linux-gnu
[0.543s]     runtime library [liburdfdom_world.so.3.0] in /usr/lib/x86_64-linux-gnu may be hidden by files in:
[0.543s]       /opt/ros/humble/lib/x86_64-linux-gnu
[0.543s]     runtime library [liboctomap.so.1.9] in /usr/lib/x86_64-linux-gnu may be hidden by files in:
[0.543s]       /opt/ros/humble/lib/x86_64-linux-gnu
[0.543s]     runtime library [liboctomath.so.1.9] in /usr/lib/x86_64-linux-gnu may be hidden by files in:
[0.543s]       /opt/ros/humble/lib/x86_64-linux-gnu
[0.543s] 
[0.543s]   Some of these libraries may not be found correctly.
[0.543s] 
[0.544s] [0m
[0.544s] [33mCMake Warning at CMakeLists.txt:105 (add_executable):
[0.544s]   Cannot generate a safe runtime search path for target
[0.544s]   base_arm_task_controller_v2 because there is a cycle in the constraint
[0.544s]   graph:
[0.544s] 
[0.544s]     dir 0 is [/usr/local/lib]
[0.544s]     dir 1 is [/opt/ros/humble/lib]
[0.544s]     dir 2 is [/opt/ros/humble/lib/x86_64-linux-gnu]
[0.544s]       dir 3 must precede it due to runtime library [libpinocchio_parsers.so.3.9.0]
[0.544s]     dir 3 is [/opt/openrobots/lib]
[0.544s]       dir 2 must precede it due to runtime library [libpinocchio_default.so.3.9.0]
[0.544s] 
[0.544s]   Some of these libraries may not be found correctly.
[0.544s] 
[0.544s] [0m
[0.548s] [33mCMake Warning at CMakeLists.txt:129 (add_executable):
[0.548s]   Cannot generate a safe runtime search path for target pin_test because
[0.548s]   files in some directories may conflict with libraries in implicit
[0.548s]   directories:
[0.548s] 
[0.548s]     runtime library [liburdfdom_sensor.so.3.0] in /usr/lib/x86_64-linux-gnu may be hidden by files in:
[0.548s]       /opt/ros/humble/lib/x86_64-linux-gnu
[0.548s]     runtime library [liburdfdom_model_state.so.3.0] in /usr/lib/x86_64-linux-gnu may be hidden by files in:
[0.548s]       /opt/ros/humble/lib/x86_64-linux-gnu
[0.548s]     runtime library [liburdfdom_model.so.3.0] in /usr/lib/x86_64-linux-gnu may be hidden by files in:
[0.549s]       /opt/ros/humble/lib/x86_64-linux-gnu
[0.549s]     runtime library [liburdfdom_world.so.3.0] in /usr/lib/x86_64-linux-gnu may be hidden by files in:
[0.549s]       /opt/ros/humble/lib/x86_64-linux-gnu
[0.549s]     runtime library [liboctomap.so.1.9] in /usr/lib/x86_64-linux-gnu may be hidden by files in:
[0.549s]       /opt/ros/humble/lib/x86_64-linux-gnu
[0.549s]     runtime library [liboctomath.so.1.9] in /usr/lib/x86_64-linux-gnu may be hidden by files in:
[0.549s]       /opt/ros/humble/lib/x86_64-linux-gnu
[0.549s] 
[0.549s]   Some of these libraries may not be found correctly.
[0.549s] 
[0.549s] [0m
[0.549s] [33mCMake Warning at CMakeLists.txt:129 (add_executable):
[0.549s]   Cannot generate a safe runtime search path for target pin_test because
[0.549s]   there is a cycle in the constraint graph:
[0.549s] 
[0.549s]     dir 0 is [/opt/ros/humble/lib]
[0.549s]     dir 1 is [/opt/openrobots/lib]
[0.549s]       dir 2 must precede it due to runtime library [libpinocchio_default.so.3.9.0]
[0.549s]     dir 2 is [/opt/ros/humble/lib/x86_64-linux-gnu]
[0.549s]       dir 1 must precede it due to runtime library [libpinocchio_parsers.so.3.9.0]
[0.549s] 
[0.549s]   Some of these libraries may not be found correctly.
[0.549s] 
[0.549s] [0m
[0.553s] -- Generating done
[0.565s] -- Build files have been written to: /home/jin/harco/ecvt2_ws/build/ecvt2_controller
[0.571s] Invoked command in '/home/jin/harco/ecvt2_ws/build/ecvt2_controller' returned '0': CMAKE_PREFIX_PATH=${CMAKE_PREFIX_PATH}:/home/jin/harco/ecvt2_ws/install/ecvt2_sim:/opt/ros/humble /usr/bin/cmake /home/jin/harco/ecvt2_ws/ecvt2_controller -DAMENT_CMAKE_SYMLINK_INSTALL=1 -DCMAKE_INSTALL_PREFIX=/home/jin/harco/ecvt2_ws/install/ecvt2_controller
[0.572s] Invoking command in '/home/jin/harco/ecvt2_ws/build/ecvt2_controller': CMAKE_PREFIX_PATH=${CMAKE_PREFIX_PATH}:/home/jin/harco/ecvt2_ws/install/ecvt2_sim:/opt/ros/humble /usr/bin/cmake --build /home/jin/harco/ecvt2_ws/build/ecvt2_controller -- -j20 -l20
[0.600s] [35m[1mConsolidate compiler generated dependencies of target wbc_hqp_lib[0m
[0.601s] [35m[1mConsolidate compiler generated dependencies of target teleop_goal_publisher[0m
[0.601s] [35m[1mConsolidate compiler generated dependencies of target com_trajectory_publisher[0m
[0.601s] [35m[1mConsolidate compiler generated dependencies of target vp_sto_global_planner_node[0m
[0.602s] [35m[1mConsolidate compiler generated dependencies of target live_upper_dynamics_node[0m
[0.603s] [35m[1mConsolidate compiler generated dependencies of target kdl_utils[0m
[0.608s] [  7%] Built target wbc_hqp_lib
[0.612s] [ 15%] Built target teleop_goal_publisher
[0.613s] [ 23%] Built target com_trajectory_publisher
[0.621s] [ 26%] [32mBuilding CXX object CMakeFiles/vp_sto_global_planner_node.dir/src/vp_sto_global_planner_node.cpp.o[0m
[0.626s] [ 34%] Built target live_upper_dynamics_node
[0.629s] [ 42%] Built target kdl_utils
[0.636s] [35m[1mConsolidate compiler generated dependencies of target wbc_hqp_v2[0m
[0.636s] [35m[1mConsolidate compiler generated dependencies of target wbc_hqp_v3[0m
[0.636s] [35m[1mConsolidate compiler generated dependencies of target base_arm_task_controller[0m
[0.636s] [35m[1mConsolidate compiler generated dependencies of target base_arm_task_controller_v2[0m
[0.637s] [35m[1mConsolidate compiler generated dependencies of target base_opt_controller[0m
[0.638s] [35m[1mConsolidate compiler generated dependencies of target wbc_hqp[0m
[0.640s] [35m[1mConsolidate compiler generated dependencies of target pin_test[0m
[0.646s] [ 73%] Built target wbc_hqp_v2
[0.646s] [ 73%] Built target base_arm_task_controller_v2
[0.646s] [ 73%] Built target wbc_hqp_v3
[0.646s] [ 73%] Built target base_arm_task_controller
[0.653s] [ 80%] Built target base_opt_controller
[0.655s] [ 88%] Built target wbc_hqp
[0.662s] [ 96%] Built target pin_test
[3.466s] In file included from [01m[K/opt/openrobots/include/hpp/fcl/config.hh:1[m[K,
[3.466s]                  from [01m[K/opt/openrobots/include/pinocchio/serialization/eigen.hpp:20[m[K,
[3.466s]                  from [01m[K/opt/openrobots/include/pinocchio/serialization/fwd.hpp:11[m[K,
[3.466s]                  from [01m[K/opt/openrobots/include/pinocchio/multibody/joint/joint-composite.hpp:14[m[K,
[3.466s]                  from [01m[K/opt/openrobots/include/pinocchio/multibody/joint/joint-generic.hpp:9[m[K,
[3.466s]                  from [01m[K/opt/openrobots/include/pinocchio/multibody/model.hpp:17[m[K,
[3.466s]                  from [01m[K/opt/openrobots/include/pinocchio/parsers/urdf.hpp:9[m[K,
[3.466s]                  from [01m[K/home/jin/harco/ecvt2_ws/ecvt2_controller/src/vp_sto_global_planner_node.cpp:7[m[K:
[3.467s] [01m[K/opt/openrobots/include/hpp/fcl/coal.hpp:12:99:[m[K [01;36m[Knote: [m[K‘[01m[K#pragma message: Please update your includes from 'hpp/fcl' to 'coal' or define COAL_DISABLE_HPP_FCL_WARNINGS[m[K’
[3.467s]    12 |     "Please update your includes from 'hpp/fcl' to 'coal' or define COAL_DISABLE_HPP_FCL_WARNINGS"[01;36m[K)[m[K
[3.467s]       |                                                                                                   [01;36m[K^[m[K
[34.403s] [100%] [32m[1mLinking CXX executable vp_sto_global_planner_node[0m
[35.710s] [100%] Built target vp_sto_global_planner_node
[35.716s] Invoked command in '/home/jin/harco/ecvt2_ws/build/ecvt2_controller' returned '0': CMAKE_PREFIX_PATH=${CMAKE_PREFIX_PATH}:/home/jin/harco/ecvt2_ws/install/ecvt2_sim:/opt/ros/humble /usr/bin/cmake --build /home/jin/harco/ecvt2_ws/build/ecvt2_controller -- -j20 -l20
[35.717s] Invoking command in '/home/jin/harco/ecvt2_ws/build/ecvt2_controller': CMAKE_PREFIX_PATH=${CMAKE_PREFIX_PATH}:/home/jin/harco/ecvt2_ws/install/ecvt2_sim:/opt/ros/humble /usr/bin/cmake --install /home/jin/harco/ecvt2_ws/build/ecvt2_controller
[35.722s] -- Install configuration: ""
[35.722s] -- Execute custom install script
[35.723s] -- Up-to-date symlink: /home/jin/harco/ecvt2_ws/install/ecvt2_controller/lib/ecvt2_controller/teleop_goal_publisher
[35.723s] -- Up-to-date symlink: /home/jin/harco/ecvt2_ws/install/ecvt2_controller/lib/ecvt2_controller/live_upper_dynamics_node
[35.723s] -- Up-to-date symlink: /home/jin/harco/ecvt2_ws/install/ecvt2_controller/lib/ecvt2_controller/vp_sto_global_planner_node
[35.723s] -- Up-to-date symlink: /home/jin/harco/ecvt2_ws/install/ecvt2_controller/include/ecvt2_controller/kdl_utils.hpp
[35.723s] -- Up-to-date symlink: /home/jin/harco/ecvt2_ws/install/ecvt2_controller/include/ecvt2_controller/wbc_hqp_lib.hpp
[35.723s] -- Up-to-date symlink: /home/jin/harco/ecvt2_ws/install/ecvt2_controller/lib/libkdl_utils.a
[35.723s] -- Up-to-date symlink: /home/jin/harco/ecvt2_ws/install/ecvt2_controller/lib/libwbc_hqp_lib.a
[35.723s] -- Up-to-date symlink: /home/jin/harco/ecvt2_ws/install/ecvt2_controller/lib/ecvt2_controller/base_opt_controller
[35.723s] -- Up-to-date symlink: /home/jin/harco/ecvt2_ws/install/ecvt2_controller/lib/ecvt2_controller/wbc_hqp
[35.723s] -- Up-to-date symlink: /home/jin/harco/ecvt2_ws/install/ecvt2_controller/lib/ecvt2_controller/wbc_hqp_v2
[35.723s] -- Up-to-date symlink: /home/jin/harco/ecvt2_ws/install/ecvt2_controller/lib/ecvt2_controller/wbc_hqp_v3
[35.723s] -- Up-to-date symlink: /home/jin/harco/ecvt2_ws/install/ecvt2_controller/lib/ecvt2_controller/base_arm_task_controller
[35.723s] -- Up-to-date symlink: /home/jin/harco/ecvt2_ws/install/ecvt2_controller/lib/ecvt2_controller/base_arm_task_controller_v2
[35.724s] -- Up-to-date symlink: /home/jin/harco/ecvt2_ws/install/ecvt2_controller/lib/ecvt2_controller/teleop_goal_publisher
[35.724s] -- Up-to-date symlink: /home/jin/harco/ecvt2_ws/install/ecvt2_controller/lib/ecvt2_controller/com_trajectory_publisher
[35.724s] -- Up-to-date symlink: /home/jin/harco/ecvt2_ws/install/ecvt2_controller/lib/ecvt2_controller/pin_test
[35.724s] -- Up-to-date symlink: /home/jin/harco/ecvt2_ws/install/ecvt2_controller/share/ament_index/resource_index/package_run_dependencies/ecvt2_controller
[35.724s] -- Up-to-date symlink: /home/jin/harco/ecvt2_ws/install/ecvt2_controller/share/ament_index/resource_index/parent_prefix_path/ecvt2_controller
[35.724s] -- Up-to-date symlink: /home/jin/harco/ecvt2_ws/install/ecvt2_controller/share/ecvt2_controller/environment/ament_prefix_path.sh
[35.724s] -- Up-to-date symlink: /home/jin/harco/ecvt2_ws/install/ecvt2_controller/share/ecvt2_controller/environment/ament_prefix_path.dsv
[35.724s] -- Up-to-date symlink: /home/jin/harco/ecvt2_ws/install/ecvt2_controller/share/ecvt2_controller/environment/path.sh
[35.724s] -- Up-to-date symlink: /home/jin/harco/ecvt2_ws/install/ecvt2_controller/share/ecvt2_controller/environment/path.dsv
[35.724s] -- Up-to-date symlink: /home/jin/harco/ecvt2_ws/install/ecvt2_controller/share/ecvt2_controller/local_setup.bash
[35.724s] -- Up-to-date symlink: /home/jin/harco/ecvt2_ws/install/ecvt2_controller/share/ecvt2_controller/local_setup.sh
[35.724s] -- Up-to-date symlink: /home/jin/harco/ecvt2_ws/install/ecvt2_controller/share/ecvt2_controller/local_setup.zsh
[35.724s] -- Up-to-date symlink: /home/jin/harco/ecvt2_ws/install/ecvt2_controller/share/ecvt2_controller/local_setup.dsv
[35.724s] -- Symlinking: /home/jin/harco/ecvt2_ws/install/ecvt2_controller/share/ecvt2_controller/package.dsv
[35.729s] -- Up-to-date symlink: /home/jin/harco/ecvt2_ws/install/ecvt2_controller/share/ament_index/resource_index/packages/ecvt2_controller
[35.729s] -- Up-to-date symlink: /home/jin/harco/ecvt2_ws/install/ecvt2_controller/share/ecvt2_controller/cmake/ecvt2_controllerConfig.cmake
[35.730s] -- Up-to-date symlink: /home/jin/harco/ecvt2_ws/install/ecvt2_controller/share/ecvt2_controller/cmake/ecvt2_controllerConfig-version.cmake
[35.730s] -- Up-to-date symlink: /home/jin/harco/ecvt2_ws/install/ecvt2_controller/share/ecvt2_controller/package.xml
[35.731s] Invoked command in '/home/jin/harco/ecvt2_ws/build/ecvt2_controller' returned '0': CMAKE_PREFIX_PATH=${CMAKE_PREFIX_PATH}:/home/jin/harco/ecvt2_ws/install/ecvt2_sim:/opt/ros/humble /usr/bin/cmake --install /home/jin/harco/ecvt2_ws/build/ecvt2_controller
