[0.009s] Invoking command in '/home/jin/harco/ecvt2_ws/build/ecvt2_controller': CMAKE_PREFIX_PATH=/opt/ros/humble /usr/bin/cmake /home/jin/harco/ecvt2_ws/ecvt2_controller -DAMENT_CMAKE_SYMLINK_INSTALL=1 -DCMAKE_INSTALL_PREFIX=/home/jin/harco/ecvt2_ws/install/ecvt2_controller
[0.138s] -- Found ament_cmake: 1.3.12 (/opt/ros/humble/share/ament_cmake/cmake)
[0.138s] -- Override CMake install command with custom implementation using symlinks instead of copying resources
[0.138s] -- Found rclcpp: 16.0.16 (/opt/ros/humble/share/rclcpp/cmake)
[0.138s] -- Found rosidl_generator_c: 3.1.7 (/opt/ros/humble/share/rosidl_generator_c/cmake)
[0.139s] -- Found rosidl_adapter: 3.1.7 (/opt/ros/humble/share/rosidl_adapter/cmake)
[0.139s] -- Found rosidl_generator_cpp: 3.1.7 (/opt/ros/humble/share/rosidl_generator_cpp/cmake)
[0.139s] -- Using all available rosidl_typesupport_c: rosidl_typesupport_fastrtps_c;rosidl_typesupport_introspection_c
[0.141s] -- Using all available rosidl_typesupport_cpp: rosidl_typesupport_fastrtps_cpp;rosidl_typesupport_introspection_cpp
[0.159s] -- Found rmw_implementation_cmake: 6.1.2 (/opt/ros/humble/share/rmw_implementation_cmake/cmake)
[0.160s] -- Found rmw_fastrtps_cpp: 6.2.9 (/opt/ros/humble/share/rmw_fastrtps_cpp/cmake)
[0.227s] -- Using RMW implementation 'rmw_fastrtps_cpp' as default
[0.254s] -- Found geometry_msgs: 4.9.0 (/opt/ros/humble/share/geometry_msgs/cmake)
[0.261s] -- Found sensor_msgs: 4.9.0 (/opt/ros/humble/share/sensor_msgs/cmake)
[0.272s] -- Found visualization_msgs: 4.9.0 (/opt/ros/humble/share/visualization_msgs/cmake)
[0.285s] -- Found trajectory_msgs: 4.9.0 (/opt/ros/humble/share/trajectory_msgs/cmake)
[0.297s] -- pinocchio_default FOUND. pinocchio_default at /opt/ros/humble/lib/x86_64-linux-gnu/libpinocchio_default.so
[0.297s] -- pinocchio_parsers FOUND. pinocchio_parsers at /opt/ros/humble/lib/x86_64-linux-gnu/libpinocchio_parsers.so
[0.299s] -- pinocchio_casadi not FOUND.
[0.299s] -- boost_filesystem FOUND. boost_filesystem at /usr/lib/x86_64-linux-gnu/libboost_filesystem.so
[0.305s] -- Found Boost: /usr/include (found version "1.74.0") found components: filesystem serialization 
[0.305s] [33mCMake Warning at /opt/openrobots/lib/cmake/hpp-fcl/hpp-fclConfig.cmake:4 (message):
[0.306s]   Please update your CMake from 'hpp-fcl' to 'coal', or define
[0.306s]   COAL_DISABLE_HPP_FCL_WARNINGS
[0.306s] Call Stack (most recent call first):
[0.306s]   /usr/share/cmake-3.22/Modules/CMakeFindDependencyMacro.cmake:47 (find_package)
[0.306s]   /opt/openrobots/lib/cmake/pinocchio/pinocchioConfig.cmake:161 (find_dependency)
[0.306s]   CMakeLists.txt:20 (find_package)
[0.306s] 
[0.306s] [0m
[0.307s] -- coal not FOUND.
[0.311s] -- Found Boost: /usr/include (found version "1.74.0") found components: serialization filesystem 
[0.502s] -- Default C++ standard: 201703
[0.502s] -- C++ standard sufficient: Minimal required 11, currently defined: 17
[0.502s] -- CMAKE_CXX_STANDARD was not set: automatically set to currently defined standard 17
[0.502s] -- C++ standard sufficient: Minimal required 11, currently defined: 17
[0.513s] -- Found ament_lint_auto: 0.12.14 (/opt/ros/humble/share/ament_lint_auto/cmake)
[0.566s] -- Added test 'cppcheck' to perform static code analysis on C / C++ code
[0.567s] -- Configured cppcheck include dirs: $<BUILD_INTERFACE:/home/jin/harco/ecvt2_ws/ecvt2_controller/include>
[0.567s] -- Configured cppcheck exclude dirs and/or files: 
[0.567s] -- Added test 'lint_cmake' to check CMake code style
[0.568s] -- Added test 'uncrustify' to check C / C++ code style
[0.568s] -- Configured uncrustify additional arguments: 
[0.568s] -- Added test 'xmllint' to check XML markup files
[0.568s] -- Configuring done
[0.578s] [33mCMake Warning at CMakeLists.txt:48 (add_executable):
[0.579s]   Cannot generate a safe runtime search path for target base_opt_controller
[0.579s]   because files in some directories may conflict with libraries in implicit
[0.579s]   directories:
[0.579s] 
[0.579s]     runtime library [liburdfdom_sensor.so.3.0] in /usr/lib/x86_64-linux-gnu may be hidden by files in:
[0.579s]       /opt/ros/humble/lib/x86_64-linux-gnu
[0.579s]     runtime library [liburdfdom_model_state.so.3.0] in /usr/lib/x86_64-linux-gnu may be hidden by files in:
[0.579s]       /opt/ros/humble/lib/x86_64-linux-gnu
[0.579s]     runtime library [liburdfdom_model.so.3.0] in /usr/lib/x86_64-linux-gnu may be hidden by files in:
[0.579s]       /opt/ros/humble/lib/x86_64-linux-gnu
[0.579s]     runtime library [liburdfdom_world.so.3.0] in /usr/lib/x86_64-linux-gnu may be hidden by files in:
[0.579s]       /opt/ros/humble/lib/x86_64-linux-gnu
[0.579s]     runtime library [liboctomap.so.1.9] in /usr/lib/x86_64-linux-gnu may be hidden by files in:
[0.579s]       /opt/ros/humble/lib/x86_64-linux-gnu
[0.579s]     runtime library [liboctomath.so.1.9] in /usr/lib/x86_64-linux-gnu may be hidden by files in:
[0.579s]       /opt/ros/humble/lib/x86_64-linux-gnu
[0.580s] 
[0.580s]   Some of these libraries may not be found correctly.
[0.580s] 
[0.580s] [0m
[0.580s] [33mCMake Warning at CMakeLists.txt:48 (add_executable):
[0.580s]   Cannot generate a safe runtime search path for target base_opt_controller
[0.580s]   because there is a cycle in the constraint graph:
[0.580s] 
[0.580s]     dir 0 is [/usr/local/lib]
[0.580s]     dir 1 is [/opt/ros/humble/lib]
[0.580s]     dir 2 is [/opt/ros/humble/lib/x86_64-linux-gnu]
[0.580s]       dir 3 must precede it due to runtime library [libpinocchio_parsers.so.3.9.0]
[0.580s]     dir 3 is [/opt/openrobots/lib]
[0.580s]       dir 2 must precede it due to runtime library [libpinocchio_default.so.3.9.0]
[0.580s] 
[0.580s]   Some of these libraries may not be found correctly.
[0.580s] 
[0.580s] [0m
[0.581s] [33mCMake Warning at CMakeLists.txt:59 (add_executable):
[0.581s]   Cannot generate a safe runtime search path for target wbc_hqp because files
[0.581s]   in some directories may conflict with libraries in implicit directories:
[0.581s] 
[0.581s]     runtime library [liburdfdom_sensor.so.3.0] in /usr/lib/x86_64-linux-gnu may be hidden by files in:
[0.581s]       /opt/ros/humble/lib/x86_64-linux-gnu
[0.581s]     runtime library [liburdfdom_model_state.so.3.0] in /usr/lib/x86_64-linux-gnu may be hidden by files in:
[0.581s]       /opt/ros/humble/lib/x86_64-linux-gnu
[0.582s]     runtime library [liburdfdom_model.so.3.0] in /usr/lib/x86_64-linux-gnu may be hidden by files in:
[0.582s]       /opt/ros/humble/lib/x86_64-linux-gnu
[0.582s]     runtime library [liburdfdom_world.so.3.0] in /usr/lib/x86_64-linux-gnu may be hidden by files in:
[0.582s]       /opt/ros/humble/lib/x86_64-linux-gnu
[0.582s]     runtime library [liboctomap.so.1.9] in /usr/lib/x86_64-linux-gnu may be hidden by files in:
[0.582s]       /opt/ros/humble/lib/x86_64-linux-gnu
[0.582s]     runtime library [liboctomath.so.1.9] in /usr/lib/x86_64-linux-gnu may be hidden by files in:
[0.582s]       /opt/ros/humble/lib/x86_64-linux-gnu
[0.582s] 
[0.582s]   Some of these libraries may not be found correctly.
[0.582s] 
[0.582s] [0m
[0.582s] [33mCMake Warning at CMakeLists.txt:59 (add_executable):
[0.582s]   Cannot generate a safe runtime search path for target wbc_hqp because there
[0.582s]   is a cycle in the constraint graph:
[0.582s] 
[0.582s]     dir 0 is [/usr/local/lib]
[0.582s]     dir 1 is [/opt/ros/humble/lib]
[0.582s]     dir 2 is [/opt/ros/humble/lib/x86_64-linux-gnu]
[0.582s]       dir 3 must precede it due to runtime library [libpinocchio_parsers.so.3.9.0]
[0.582s]     dir 3 is [/opt/openrobots/lib]
[0.582s]       dir 2 must precede it due to runtime library [libpinocchio_default.so.3.9.0]
[0.583s] 
[0.583s]   Some of these libraries may not be found correctly.
[0.583s] 
[0.583s] [0m
[0.584s] [33mCMake Warning at CMakeLists.txt:70 (add_executable):
[0.584s]   Cannot generate a safe runtime search path for target wbc_hqp_v2 because
[0.584s]   files in some directories may conflict with libraries in implicit
[0.584s]   directories:
[0.584s] 
[0.584s]     runtime library [liburdfdom_sensor.so.3.0] in /usr/lib/x86_64-linux-gnu may be hidden by files in:
[0.584s]       /opt/ros/humble/lib/x86_64-linux-gnu
[0.584s]     runtime library [liburdfdom_model_state.so.3.0] in /usr/lib/x86_64-linux-gnu may be hidden by files in:
[0.584s]       /opt/ros/humble/lib/x86_64-linux-gnu
[0.584s]     runtime library [liburdfdom_model.so.3.0] in /usr/lib/x86_64-linux-gnu may be hidden by files in:
[0.584s]       /opt/ros/humble/lib/x86_64-linux-gnu
[0.584s]     runtime library [liburdfdom_world.so.3.0] in /usr/lib/x86_64-linux-gnu may be hidden by files in:
[0.584s]       /opt/ros/humble/lib/x86_64-linux-gnu
[0.584s]     runtime library [liboctomap.so.1.9] in /usr/lib/x86_64-linux-gnu may be hidden by files in:
[0.584s]       /opt/ros/humble/lib/x86_64-linux-gnu
[0.584s]     runtime library [liboctomath.so.1.9] in /usr/lib/x86_64-linux-gnu may be hidden by files in:
[0.584s]       /opt/ros/humble/lib/x86_64-linux-gnu
[0.584s] 
[0.584s]   Some of these libraries may not be found correctly.
[0.584s] 
[0.584s] [0m
[0.584s] [33mCMake Warning at CMakeLists.txt:70 (add_executable):
[0.584s]   Cannot generate a safe runtime search path for target wbc_hqp_v2 because
[0.584s]   there is a cycle in the constraint graph:
[0.584s] 
[0.584s]     dir 0 is [/usr/local/lib]
[0.584s]     dir 1 is [/opt/ros/humble/lib]
[0.584s]     dir 2 is [/opt/ros/humble/lib/x86_64-linux-gnu]
[0.584s]       dir 3 must precede it due to runtime library [libpinocchio_parsers.so.3.9.0]
[0.585s]     dir 3 is [/opt/openrobots/lib]
[0.585s]       dir 2 must precede it due to runtime library [libpinocchio_default.so.3.9.0]
[0.585s] 
[0.585s]   Some of these libraries may not be found correctly.
[0.585s] 
[0.585s] [0m
[0.587s] [33mCMake Warning at CMakeLists.txt:82 (add_executable):
[0.587s]   Cannot generate a safe runtime search path for target wbc_hqp_v3 because
[0.587s]   files in some directories may conflict with libraries in implicit
[0.587s]   directories:
[0.588s] 
[0.588s]     runtime library [liburdfdom_sensor.so.3.0] in /usr/lib/x86_64-linux-gnu may be hidden by files in:
[0.588s]       /opt/ros/humble/lib/x86_64-linux-gnu
[0.588s]     runtime library [liburdfdom_model_state.so.3.0] in /usr/lib/x86_64-linux-gnu may be hidden by files in:
[0.588s]       /opt/ros/humble/lib/x86_64-linux-gnu
[0.588s]     runtime library [liburdfdom_model.so.3.0] in /usr/lib/x86_64-linux-gnu may be hidden by files in:
[0.588s]       /opt/ros/humble/lib/x86_64-linux-gnu
[0.588s]     runtime library [liburdfdom_world.so.3.0] in /usr/lib/x86_64-linux-gnu may be hidden by files in:
[0.588s]       /opt/ros/humble/lib/x86_64-linux-gnu
[0.588s]     runtime library [liboctomap.so.1.9] in /usr/lib/x86_64-linux-gnu may be hidden by files in:
[0.588s]       /opt/ros/humble/lib/x86_64-linux-gnu
[0.588s]     runtime library [liboctomath.so.1.9] in /usr/lib/x86_64-linux-gnu may be hidden by files in:
[0.588s]       /opt/ros/humble/lib/x86_64-linux-gnu
[0.588s] 
[0.588s]   Some of these libraries may not be found correctly.
[0.588s] 
[0.588s] [0m
[0.588s] [33mCMake Warning at CMakeLists.txt:82 (add_executable):
[0.588s]   Cannot generate a safe runtime search path for target wbc_hqp_v3 because
[0.588s]   there is a cycle in the constraint graph:
[0.588s] 
[0.588s]     dir 0 is [/usr/local/lib]
[0.588s]     dir 1 is [/opt/ros/humble/lib]
[0.588s]     dir 2 is [/opt/ros/humble/lib/x86_64-linux-gnu]
[0.588s]       dir 3 must precede it due to runtime library [libpinocchio_parsers.so.3.9.0]
[0.588s]     dir 3 is [/opt/openrobots/lib]
[0.588s]       dir 2 must precede it due to runtime library [libpinocchio_default.so.3.9.0]
[0.588s] 
[0.588s]   Some of these libraries may not be found correctly.
[0.588s] 
[0.588s] [0m
[0.590s] [33mCMake Warning at CMakeLists.txt:94 (add_executable):
[0.590s]   Cannot generate a safe runtime search path for target
[0.590s]   base_arm_task_controller because files in some directories may conflict
[0.591s]   with libraries in implicit directories:
[0.591s] 
[0.591s]     runtime library [liburdfdom_sensor.so.3.0] in /usr/lib/x86_64-linux-gnu may be hidden by files in:
[0.591s]       /opt/ros/humble/lib/x86_64-linux-gnu
[0.591s]     runtime library [liburdfdom_model_state.so.3.0] in /usr/lib/x86_64-linux-gnu may be hidden by files in:
[0.591s]       /opt/ros/humble/lib/x86_64-linux-gnu
[0.591s]     runtime library [liburdfdom_model.so.3.0] in /usr/lib/x86_64-linux-gnu may be hidden by files in:
[0.591s]       /opt/ros/humble/lib/x86_64-linux-gnu
[0.591s]     runtime library [liburdfdom_world.so.3.0] in /usr/lib/x86_64-linux-gnu may be hidden by files in:
[0.591s]       /opt/ros/humble/lib/x86_64-linux-gnu
[0.591s]     runtime library [liboctomap.so.1.9] in /usr/lib/x86_64-linux-gnu may be hidden by files in:
[0.591s]       /opt/ros/humble/lib/x86_64-linux-gnu
[0.591s]     runtime library [liboctomath.so.1.9] in /usr/lib/x86_64-linux-gnu may be hidden by files in:
[0.591s]       /opt/ros/humble/lib/x86_64-linux-gnu
[0.591s] 
[0.591s]   Some of these libraries may not be found correctly.
[0.591s] 
[0.591s] [0m
[0.591s] [33mCMake Warning at CMakeLists.txt:94 (add_executable):
[0.591s]   Cannot generate a safe runtime search path for target
[0.591s]   base_arm_task_controller because there is a cycle in the constraint graph:
[0.591s] 
[0.591s]     dir 0 is [/usr/local/lib]
[0.591s]     dir 1 is [/opt/ros/humble/lib]
[0.591s]     dir 2 is [/opt/ros/humble/lib/x86_64-linux-gnu]
[0.591s]       dir 3 must precede it due to runtime library [libpinocchio_parsers.so.3.9.0]
[0.591s]     dir 3 is [/opt/openrobots/lib]
[0.591s]       dir 2 must precede it due to runtime library [libpinocchio_default.so.3.9.0]
[0.591s] 
[0.591s]   Some of these libraries may not be found correctly.
[0.591s] 
[0.591s] [0m
[0.593s] [33mCMake Warning at CMakeLists.txt:105 (add_executable):
[0.594s]   Cannot generate a safe runtime search path for target
[0.594s]   base_arm_task_controller_v2 because files in some directories may conflict
[0.594s]   with libraries in implicit directories:
[0.594s] 
[0.594s]     runtime library [liburdfdom_sensor.so.3.0] in /usr/lib/x86_64-linux-gnu may be hidden by files in:
[0.594s]       /opt/ros/humble/lib/x86_64-linux-gnu
[0.594s]     runtime library [liburdfdom_model_state.so.3.0] in /usr/lib/x86_64-linux-gnu may be hidden by files in:
[0.594s]       /opt/ros/humble/lib/x86_64-linux-gnu
[0.594s]     runtime library [liburdfdom_model.so.3.0] in /usr/lib/x86_64-linux-gnu may be hidden by files in:
[0.594s]       /opt/ros/humble/lib/x86_64-linux-gnu
[0.594s]     runtime library [liburdfdom_world.so.3.0] in /usr/lib/x86_64-linux-gnu may be hidden by files in:
[0.594s]       /opt/ros/humble/lib/x86_64-linux-gnu
[0.594s]     runtime library [liboctomap.so.1.9] in /usr/lib/x86_64-linux-gnu may be hidden by files in:
[0.594s]       /opt/ros/humble/lib/x86_64-linux-gnu
[0.594s]     runtime library [liboctomath.so.1.9] in /usr/lib/x86_64-linux-gnu may be hidden by files in:
[0.594s]       /opt/ros/humble/lib/x86_64-linux-gnu
[0.594s] 
[0.594s]   Some of these libraries may not be found correctly.
[0.594s] 
[0.594s] [0m
[0.594s] [33mCMake Warning at CMakeLists.txt:105 (add_executable):
[0.594s]   Cannot generate a safe runtime search path for target
[0.594s]   base_arm_task_controller_v2 because there is a cycle in the constraint
[0.594s]   graph:
[0.594s] 
[0.594s]     dir 0 is [/usr/local/lib]
[0.594s]     dir 1 is [/opt/ros/humble/lib]
[0.594s]     dir 2 is [/opt/ros/humble/lib/x86_64-linux-gnu]
[0.594s]       dir 3 must precede it due to runtime library [libpinocchio_parsers.so.3.9.0]
[0.594s]     dir 3 is [/opt/openrobots/lib]
[0.594s]       dir 2 must precede it due to runtime library [libpinocchio_default.so.3.9.0]
[0.594s] 
[0.594s]   Some of these libraries may not be found correctly.
[0.594s] 
[0.594s] [0m
[0.600s] [33mCMake Warning at CMakeLists.txt:129 (add_executable):
[0.600s]   Cannot generate a safe runtime search path for target pin_test because
[0.600s]   files in some directories may conflict with libraries in implicit
[0.600s]   directories:
[0.600s] 
[0.600s]     runtime library [liburdfdom_sensor.so.3.0] in /usr/lib/x86_64-linux-gnu may be hidden by files in:
[0.600s]       /opt/ros/humble/lib/x86_64-linux-gnu
[0.600s]     runtime library [liburdfdom_model_state.so.3.0] in /usr/lib/x86_64-linux-gnu may be hidden by files in:
[0.600s]       /opt/ros/humble/lib/x86_64-linux-gnu
[0.600s]     runtime library [liburdfdom_model.so.3.0] in /usr/lib/x86_64-linux-gnu may be hidden by files in:
[0.600s]       /opt/ros/humble/lib/x86_64-linux-gnu
[0.600s]     runtime library [liburdfdom_world.so.3.0] in /usr/lib/x86_64-linux-gnu may be hidden by files in:
[0.600s]       /opt/ros/humble/lib/x86_64-linux-gnu
[0.600s]     runtime library [liboctomap.so.1.9] in /usr/lib/x86_64-linux-gnu may be hidden by files in:
[0.600s]       /opt/ros/humble/lib/x86_64-linux-gnu
[0.600s]     runtime library [liboctomath.so.1.9] in /usr/lib/x86_64-linux-gnu may be hidden by files in:
[0.600s]       /opt/ros/humble/lib/x86_64-linux-gnu
[0.600s] 
[0.600s]   Some of these libraries may not be found correctly.
[0.600s] 
[0.600s] [0m
[0.601s] [33mCMake Warning at CMakeLists.txt:129 (add_executable):
[0.601s]   Cannot generate a safe runtime search path for target pin_test because
[0.601s]   there is a cycle in the constraint graph:
[0.601s] 
[0.601s]     dir 0 is [/opt/ros/humble/lib]
[0.601s]     dir 1 is [/opt/openrobots/lib]
[0.601s]       dir 2 must precede it due to runtime library [libpinocchio_default.so.3.9.0]
[0.601s]     dir 2 is [/opt/ros/humble/lib/x86_64-linux-gnu]
[0.601s]       dir 1 must precede it due to runtime library [libpinocchio_parsers.so.3.9.0]
[0.601s] 
[0.601s]   Some of these libraries may not be found correctly.
[0.601s] 
[0.601s] [0m
[0.607s] -- Generating done
[0.620s] -- Build files have been written to: /home/jin/harco/ecvt2_ws/build/ecvt2_controller
[0.626s] Invoked command in '/home/jin/harco/ecvt2_ws/build/ecvt2_controller' returned '0': CMAKE_PREFIX_PATH=/opt/ros/humble /usr/bin/cmake /home/jin/harco/ecvt2_ws/ecvt2_controller -DAMENT_CMAKE_SYMLINK_INSTALL=1 -DCMAKE_INSTALL_PREFIX=/home/jin/harco/ecvt2_ws/install/ecvt2_controller
[0.627s] Invoking command in '/home/jin/harco/ecvt2_ws/build/ecvt2_controller': CMAKE_PREFIX_PATH=/opt/ros/humble /usr/bin/cmake --build /home/jin/harco/ecvt2_ws/build/ecvt2_controller -- -j20 -l20
[0.653s] [35m[1mConsolidate compiler generated dependencies of target com_trajectory_publisher[0m
[0.653s] [35m[1mConsolidate compiler generated dependencies of target teleop_goal_publisher[0m
[0.653s] [35m[1mConsolidate compiler generated dependencies of target wbc_hqp_lib[0m
[0.654s] [35m[1mConsolidate compiler generated dependencies of target kdl_utils[0m
[0.654s] [35m[1mConsolidate compiler generated dependencies of target vp_sto_global_planner_node[0m
[0.655s] [35m[1mConsolidate compiler generated dependencies of target live_upper_dynamics_node[0m
[0.663s] [ 15%] Built target wbc_hqp_lib
[0.663s] [ 15%] Built target teleop_goal_publisher
[0.664s] [ 23%] Built target com_trajectory_publisher
[0.672s] [ 38%] Built target kdl_utils
[0.672s] [ 38%] Built target vp_sto_global_planner_node
[0.675s] [ 46%] Built target live_upper_dynamics_node
[0.678s] [35m[1mConsolidate compiler generated dependencies of target wbc_hqp_v2[0m
[0.678s] [35m[1mConsolidate compiler generated dependencies of target base_opt_controller[0m
[0.678s] [35m[1mConsolidate compiler generated dependencies of target wbc_hqp[0m
[0.679s] [35m[1mConsolidate compiler generated dependencies of target base_arm_task_controller[0m
[0.679s] [35m[1mConsolidate compiler generated dependencies of target base_arm_task_controller_v2[0m
[0.680s] [35m[1mConsolidate compiler generated dependencies of target wbc_hqp_v3[0m
[0.680s] [35m[1mConsolidate compiler generated dependencies of target pin_test[0m
[0.689s] [ 69%] Built target wbc_hqp
[0.689s] [ 69%] Built target base_opt_controller
[0.689s] [ 69%] Built target wbc_hqp_v2
[0.689s] [ 76%] Built target base_arm_task_controller
[0.692s] [ 84%] Built target base_arm_task_controller_v2
[0.692s] [ 92%] Built target wbc_hqp_v3
[0.701s] [100%] Built target pin_test
[0.708s] Invoked command in '/home/jin/harco/ecvt2_ws/build/ecvt2_controller' returned '0': CMAKE_PREFIX_PATH=/opt/ros/humble /usr/bin/cmake --build /home/jin/harco/ecvt2_ws/build/ecvt2_controller -- -j20 -l20
[0.709s] Invoking command in '/home/jin/harco/ecvt2_ws/build/ecvt2_controller': CMAKE_PREFIX_PATH=/opt/ros/humble /usr/bin/cmake --install /home/jin/harco/ecvt2_ws/build/ecvt2_controller
[0.713s] -- Install configuration: ""
[0.714s] -- Execute custom install script
[0.714s] -- Up-to-date symlink: /home/jin/harco/ecvt2_ws/install/ecvt2_controller/lib/ecvt2_controller/teleop_goal_publisher
[0.714s] -- Up-to-date symlink: /home/jin/harco/ecvt2_ws/install/ecvt2_controller/lib/ecvt2_controller/live_upper_dynamics_node
[0.714s] -- Up-to-date symlink: /home/jin/harco/ecvt2_ws/install/ecvt2_controller/lib/ecvt2_controller/vp_sto_global_planner_node
[0.714s] -- Up-to-date symlink: /home/jin/harco/ecvt2_ws/install/ecvt2_controller/include/ecvt2_controller/kdl_utils.hpp
[0.714s] -- Up-to-date symlink: /home/jin/harco/ecvt2_ws/install/ecvt2_controller/include/ecvt2_controller/wbc_hqp_lib.hpp
[0.714s] -- Up-to-date symlink: /home/jin/harco/ecvt2_ws/install/ecvt2_controller/lib/libkdl_utils.a
[0.714s] -- Up-to-date symlink: /home/jin/harco/ecvt2_ws/install/ecvt2_controller/lib/libwbc_hqp_lib.a
[0.714s] -- Up-to-date symlink: /home/jin/harco/ecvt2_ws/install/ecvt2_controller/lib/ecvt2_controller/base_opt_controller
[0.714s] -- Up-to-date symlink: /home/jin/harco/ecvt2_ws/install/ecvt2_controller/lib/ecvt2_controller/wbc_hqp
[0.714s] -- Up-to-date symlink: /home/jin/harco/ecvt2_ws/install/ecvt2_controller/lib/ecvt2_controller/wbc_hqp_v2
[0.714s] -- Up-to-date symlink: /home/jin/harco/ecvt2_ws/install/ecvt2_controller/lib/ecvt2_controller/wbc_hqp_v3
[0.715s] -- Up-to-date symlink: /home/jin/harco/ecvt2_ws/install/ecvt2_controller/lib/ecvt2_controller/base_arm_task_controller
[0.715s] -- Up-to-date symlink: /home/jin/harco/ecvt2_ws/install/ecvt2_controller/lib/ecvt2_controller/base_arm_task_controller_v2
[0.715s] -- Up-to-date symlink: /home/jin/harco/ecvt2_ws/install/ecvt2_controller/lib/ecvt2_controller/teleop_goal_publisher
[0.715s] -- Up-to-date symlink: /home/jin/harco/ecvt2_ws/install/ecvt2_controller/lib/ecvt2_controller/com_trajectory_publisher
[0.715s] -- Up-to-date symlink: /home/jin/harco/ecvt2_ws/install/ecvt2_controller/lib/ecvt2_controller/pin_test
[0.715s] -- Up-to-date symlink: /home/jin/harco/ecvt2_ws/install/ecvt2_controller/share/ament_index/resource_index/package_run_dependencies/ecvt2_controller
[0.715s] -- Up-to-date symlink: /home/jin/harco/ecvt2_ws/install/ecvt2_controller/share/ament_index/resource_index/parent_prefix_path/ecvt2_controller
[0.715s] -- Up-to-date symlink: /home/jin/harco/ecvt2_ws/install/ecvt2_controller/share/ecvt2_controller/environment/ament_prefix_path.sh
[0.715s] -- Up-to-date symlink: /home/jin/harco/ecvt2_ws/install/ecvt2_controller/share/ecvt2_controller/environment/ament_prefix_path.dsv
[0.715s] -- Up-to-date symlink: /home/jin/harco/ecvt2_ws/install/ecvt2_controller/share/ecvt2_controller/environment/path.sh
[0.715s] -- Up-to-date symlink: /home/jin/harco/ecvt2_ws/install/ecvt2_controller/share/ecvt2_controller/environment/path.dsv
[0.715s] -- Up-to-date symlink: /home/jin/harco/ecvt2_ws/install/ecvt2_controller/share/ecvt2_controller/local_setup.bash
[0.715s] -- Up-to-date symlink: /home/jin/harco/ecvt2_ws/install/ecvt2_controller/share/ecvt2_controller/local_setup.sh
[0.715s] -- Up-to-date symlink: /home/jin/harco/ecvt2_ws/install/ecvt2_controller/share/ecvt2_controller/local_setup.zsh
[0.715s] -- Up-to-date symlink: /home/jin/harco/ecvt2_ws/install/ecvt2_controller/share/ecvt2_controller/local_setup.dsv
[0.715s] -- Symlinking: /home/jin/harco/ecvt2_ws/install/ecvt2_controller/share/ecvt2_controller/package.dsv
[0.723s] -- Up-to-date symlink: /home/jin/harco/ecvt2_ws/install/ecvt2_controller/share/ament_index/resource_index/packages/ecvt2_controller
[0.723s] -- Up-to-date symlink: /home/jin/harco/ecvt2_ws/install/ecvt2_controller/share/ecvt2_controller/cmake/ecvt2_controllerConfig.cmake
[0.723s] -- Up-to-date symlink: /home/jin/harco/ecvt2_ws/install/ecvt2_controller/share/ecvt2_controller/cmake/ecvt2_controllerConfig-version.cmake
[0.724s] -- Up-to-date symlink: /home/jin/harco/ecvt2_ws/install/ecvt2_controller/share/ecvt2_controller/package.xml
[0.725s] Invoked command in '/home/jin/harco/ecvt2_ws/build/ecvt2_controller' returned '0': CMAKE_PREFIX_PATH=/opt/ros/humble /usr/bin/cmake --install /home/jin/harco/ecvt2_ws/build/ecvt2_controller
