[0.009s] Invoking command in '/home/jin/harco/ecvt2_ws/build/ecvt2_controller': CMAKE_PREFIX_PATH=${CMAKE_PREFIX_PATH}:/home/jin/harco/ecvt2_ws/install/ecvt2_sim:/opt/ros/humble /usr/bin/cmake /home/jin/harco/ecvt2_ws/ecvt2_controller -DAMENT_CMAKE_SYMLINK_INSTALL=1 -DCMAKE_INSTALL_PREFIX=/home/jin/harco/ecvt2_ws/install/ecvt2_controller
[0.140s] -- Found ament_cmake: 1.3.12 (/opt/ros/humble/share/ament_cmake/cmake)
[0.140s] -- Override CMake install command with custom implementation using symlinks instead of copying resources
[0.140s] -- Found rclcpp: 16.0.16 (/opt/ros/humble/share/rclcpp/cmake)
[0.141s] -- Found rosidl_generator_c: 3.1.7 (/opt/ros/humble/share/rosidl_generator_c/cmake)
[0.141s] -- Found rosidl_adapter: 3.1.7 (/opt/ros/humble/share/rosidl_adapter/cmake)
[0.142s] -- Found rosidl_generator_cpp: 3.1.7 (/opt/ros/humble/share/rosidl_generator_cpp/cmake)
[0.142s] -- Using all available rosidl_typesupport_c: rosidl_typesupport_fastrtps_c;rosidl_typesupport_introspection_c
[0.142s] -- Using all available rosidl_typesupport_cpp: rosidl_typesupport_fastrtps_cpp;rosidl_typesupport_introspection_cpp
[0.151s] -- Found rmw_implementation_cmake: 6.1.2 (/opt/ros/humble/share/rmw_implementation_cmake/cmake)
[0.151s] -- Found rmw_fastrtps_cpp: 6.2.9 (/opt/ros/humble/share/rmw_fastrtps_cpp/cmake)
[0.212s] -- Using RMW implementation 'rmw_fastrtps_cpp' as default
[0.238s] -- Found geometry_msgs: 4.9.0 (/opt/ros/humble/share/geometry_msgs/cmake)
[0.244s] -- Found sensor_msgs: 4.9.0 (/opt/ros/humble/share/sensor_msgs/cmake)
[0.254s] -- Found visualization_msgs: 4.9.0 (/opt/ros/humble/share/visualization_msgs/cmake)
[0.265s] -- Found trajectory_msgs: 4.9.0 (/opt/ros/humble/share/trajectory_msgs/cmake)
[0.275s] -- pinocchio_default FOUND. pinocchio_default at /opt/ros/humble/lib/x86_64-linux-gnu/libpinocchio_default.so
[0.275s] -- pinocchio_parsers FOUND. pinocchio_parsers at /opt/ros/humble/lib/x86_64-linux-gnu/libpinocchio_parsers.so
[0.275s] -- pinocchio_casadi not FOUND.
[0.276s] -- boost_filesystem FOUND. boost_filesystem at /usr/lib/x86_64-linux-gnu/libboost_filesystem.so
[0.281s] -- Found Boost: /usr/include (found version "1.74.0") found components: filesystem serialization 
[0.281s] [33mCMake Warning at /opt/openrobots/lib/cmake/hpp-fcl/hpp-fclConfig.cmake:4 (message):
[0.281s]   Please update your CMake from 'hpp-fcl' to 'coal', or define
[0.281s]   COAL_DISABLE_HPP_FCL_WARNINGS
[0.281s] Call Stack (most recent call first):
[0.281s]   /usr/share/cmake-3.22/Modules/CMakeFindDependencyMacro.cmake:47 (find_package)
[0.281s]   /opt/openrobots/lib/cmake/pinocchio/pinocchioConfig.cmake:161 (find_dependency)
[0.281s]   CMakeLists.txt:20 (find_package)
[0.282s] 
[0.282s] [0m
[0.282s] -- coal not FOUND.
[0.286s] -- Found Boost: /usr/include (found version "1.74.0") found components: serialization filesystem 
[0.461s] -- Default C++ standard: 201703
[0.461s] -- C++ standard sufficient: Minimal required 11, currently defined: 17
[0.461s] -- CMAKE_CXX_STANDARD was not set: automatically set to currently defined standard 17
[0.462s] -- C++ standard sufficient: Minimal required 11, currently defined: 17
[0.477s] -- Found ament_lint_auto: 0.12.14 (/opt/ros/humble/share/ament_lint_auto/cmake)
[0.529s] -- Added test 'cppcheck' to perform static code analysis on C / C++ code
[0.529s] -- Configured cppcheck include dirs: $<BUILD_INTERFACE:/home/jin/harco/ecvt2_ws/ecvt2_controller/include>
[0.529s] -- Configured cppcheck exclude dirs and/or files: 
[0.530s] -- Added test 'lint_cmake' to check CMake code style
[0.530s] -- Added test 'uncrustify' to check C / C++ code style
[0.530s] -- Configured uncrustify additional arguments: 
[0.530s] -- Added test 'xmllint' to check XML markup files
[0.531s] -- Configuring done
[0.541s] [33mCMake Warning at CMakeLists.txt:48 (add_executable):
[0.541s]   Cannot generate a safe runtime search path for target base_opt_controller
[0.541s]   because files in some directories may conflict with libraries in implicit
[0.541s]   directories:
[0.541s] 
[0.541s]     runtime library [liburdfdom_sensor.so.3.0] in /usr/lib/x86_64-linux-gnu may be hidden by files in:
[0.541s]       /opt/ros/humble/lib/x86_64-linux-gnu
[0.541s]     runtime library [liburdfdom_model_state.so.3.0] in /usr/lib/x86_64-linux-gnu may be hidden by files in:
[0.541s]       /opt/ros/humble/lib/x86_64-linux-gnu
[0.541s]     runtime library [liburdfdom_model.so.3.0] in /usr/lib/x86_64-linux-gnu may be hidden by files in:
[0.541s]       /opt/ros/humble/lib/x86_64-linux-gnu
[0.541s]     runtime library [liburdfdom_world.so.3.0] in /usr/lib/x86_64-linux-gnu may be hidden by files in:
[0.541s]       /opt/ros/humble/lib/x86_64-linux-gnu
[0.541s]     runtime library [liboctomap.so.1.9] in /usr/lib/x86_64-linux-gnu may be hidden by files in:
[0.541s]       /opt/ros/humble/lib/x86_64-linux-gnu
[0.541s]     runtime library [liboctomath.so.1.9] in /usr/lib/x86_64-linux-gnu may be hidden by files in:
[0.541s]       /opt/ros/humble/lib/x86_64-linux-gnu
[0.541s] 
[0.541s]   Some of these libraries may not be found correctly.
[0.541s] 
[0.541s] [0m
[0.541s] [33mCMake Warning at CMakeLists.txt:48 (add_executable):
[0.541s]   Cannot generate a safe runtime search path for target base_opt_controller
[0.541s]   because there is a cycle in the constraint graph:
[0.541s] 
[0.541s]     dir 0 is [/usr/local/lib]
[0.541s]     dir 1 is [/opt/ros/humble/lib]
[0.541s]     dir 2 is [/opt/ros/humble/lib/x86_64-linux-gnu]
[0.541s]       dir 3 must precede it due to runtime library [libpinocchio_parsers.so.3.9.0]
[0.541s]     dir 3 is [/opt/openrobots/lib]
[0.541s]       dir 2 must precede it due to runtime library [libpinocchio_default.so.3.9.0]
[0.541s] 
[0.541s]   Some of these libraries may not be found correctly.
[0.541s] 
[0.541s] [0m
[0.543s] [33mCMake Warning at CMakeLists.txt:59 (add_executable):
[0.543s]   Cannot generate a safe runtime search path for target wbc_hqp because files
[0.543s]   in some directories may conflict with libraries in implicit directories:
[0.543s] 
[0.543s]     runtime library [liburdfdom_sensor.so.3.0] in /usr/lib/x86_64-linux-gnu may be hidden by files in:
[0.543s]       /opt/ros/humble/lib/x86_64-linux-gnu
[0.543s]     runtime library [liburdfdom_model_state.so.3.0] in /usr/lib/x86_64-linux-gnu may be hidden by files in:
[0.543s]       /opt/ros/humble/lib/x86_64-linux-gnu
[0.543s]     runtime library [liburdfdom_model.so.3.0] in /usr/lib/x86_64-linux-gnu may be hidden by files in:
[0.543s]       /opt/ros/humble/lib/x86_64-linux-gnu
[0.543s]     runtime library [liburdfdom_world.so.3.0] in /usr/lib/x86_64-linux-gnu may be hidden by files in:
[0.543s]       /opt/ros/humble/lib/x86_64-linux-gnu
[0.543s]     runtime library [liboctomap.so.1.9] in /usr/lib/x86_64-linux-gnu may be hidden by files in:
[0.543s]       /opt/ros/humble/lib/x86_64-linux-gnu
[0.543s]     runtime library [liboctomath.so.1.9] in /usr/lib/x86_64-linux-gnu may be hidden by files in:
[0.543s]       /opt/ros/humble/lib/x86_64-linux-gnu
[0.543s] 
[0.544s]   Some of these libraries may not be found correctly.
[0.544s] 
[0.544s] [0m
[0.544s] [33mCMake Warning at CMakeLists.txt:59 (add_executable):
[0.544s]   Cannot generate a safe runtime search path for target wbc_hqp because there
[0.544s]   is a cycle in the constraint graph:
[0.544s] 
[0.544s]     dir 0 is [/usr/local/lib]
[0.544s]     dir 1 is [/opt/ros/humble/lib]
[0.544s]     dir 2 is [/opt/ros/humble/lib/x86_64-linux-gnu]
[0.544s]       dir 3 must precede it due to runtime library [libpinocchio_parsers.so.3.9.0]
[0.544s]     dir 3 is [/opt/openrobots/lib]
[0.544s]       dir 2 must precede it due to runtime library [libpinocchio_default.so.3.9.0]
[0.544s] 
[0.544s]   Some of these libraries may not be found correctly.
[0.544s] 
[0.544s] [0m
[0.546s] [33mCMake Warning at CMakeLists.txt:70 (add_executable):
[0.546s]   Cannot generate a safe runtime search path for target wbc_hqp_v2 because
[0.546s]   files in some directories may conflict with libraries in implicit
[0.546s]   directories:
[0.546s] 
[0.546s]     runtime library [liburdfdom_sensor.so.3.0] in /usr/lib/x86_64-linux-gnu may be hidden by files in:
[0.546s]       /opt/ros/humble/lib/x86_64-linux-gnu
[0.546s]     runtime library [liburdfdom_model_state.so.3.0] in /usr/lib/x86_64-linux-gnu may be hidden by files in:
[0.546s]       /opt/ros/humble/lib/x86_64-linux-gnu
[0.546s]     runtime library [liburdfdom_model.so.3.0] in /usr/lib/x86_64-linux-gnu may be hidden by files in:
[0.546s]       /opt/ros/humble/lib/x86_64-linux-gnu
[0.546s]     runtime library [liburdfdom_world.so.3.0] in /usr/lib/x86_64-linux-gnu may be hidden by files in:
[0.546s]       /opt/ros/humble/lib/x86_64-linux-gnu
[0.546s]     runtime library [liboctomap.so.1.9] in /usr/lib/x86_64-linux-gnu may be hidden by files in:
[0.546s]       /opt/ros/humble/lib/x86_64-linux-gnu
[0.546s]     runtime library [liboctomath.so.1.9] in /usr/lib/x86_64-linux-gnu may be hidden by files in:
[0.546s]       /opt/ros/humble/lib/x86_64-linux-gnu
[0.546s] 
[0.546s]   Some of these libraries may not be found correctly.
[0.546s] 
[0.546s] [0m
[0.546s] [33mCMake Warning at CMakeLists.txt:70 (add_executable):
[0.546s]   Cannot generate a safe runtime search path for target wbc_hqp_v2 because
[0.546s]   there is a cycle in the constraint graph:
[0.546s] 
[0.546s]     dir 0 is [/usr/local/lib]
[0.546s]     dir 1 is [/opt/ros/humble/lib]
[0.546s]     dir 2 is [/opt/ros/humble/lib/x86_64-linux-gnu]
[0.546s]       dir 3 must precede it due to runtime library [libpinocchio_parsers.so.3.9.0]
[0.546s]     dir 3 is [/opt/openrobots/lib]
[0.546s]       dir 2 must precede it due to runtime library [libpinocchio_default.so.3.9.0]
[0.546s] 
[0.546s]   Some of these libraries may not be found correctly.
[0.546s] 
[0.546s] [0m
[0.548s] [33mCMake Warning at CMakeLists.txt:82 (add_executable):
[0.548s]   Cannot generate a safe runtime search path for target wbc_hqp_v3 because
[0.548s]   files in some directories may conflict with libraries in implicit
[0.548s]   directories:
[0.548s] 
[0.548s]     runtime library [liburdfdom_sensor.so.3.0] in /usr/lib/x86_64-linux-gnu may be hidden by files in:
[0.548s]       /opt/ros/humble/lib/x86_64-linux-gnu
[0.548s]     runtime library [liburdfdom_model_state.so.3.0] in /usr/lib/x86_64-linux-gnu may be hidden by files in:
[0.548s]       /opt/ros/humble/lib/x86_64-linux-gnu
[0.548s]     runtime library [liburdfdom_model.so.3.0] in /usr/lib/x86_64-linux-gnu may be hidden by files in:
[0.548s]       /opt/ros/humble/lib/x86_64-linux-gnu
[0.548s]     runtime library [liburdfdom_world.so.3.0] in /usr/lib/x86_64-linux-gnu may be hidden by files in:
[0.549s]       /opt/ros/humble/lib/x86_64-linux-gnu
[0.549s]     runtime library [liboctomap.so.1.9] in /usr/lib/x86_64-linux-gnu may be hidden by files in:
[0.549s]       /opt/ros/humble/lib/x86_64-linux-gnu
[0.549s]     runtime library [liboctomath.so.1.9] in /usr/lib/x86_64-linux-gnu may be hidden by files in:
[0.549s]       /opt/ros/humble/lib/x86_64-linux-gnu
[0.549s] 
[0.549s]   Some of these libraries may not be found correctly.
[0.549s] 
[0.549s] [0m
[0.549s] [33mCMake Warning at CMakeLists.txt:82 (add_executable):
[0.549s]   Cannot generate a safe runtime search path for target wbc_hqp_v3 because
[0.549s]   there is a cycle in the constraint graph:
[0.549s] 
[0.549s]     dir 0 is [/usr/local/lib]
[0.549s]     dir 1 is [/opt/ros/humble/lib]
[0.549s]     dir 2 is [/opt/ros/humble/lib/x86_64-linux-gnu]
[0.549s]       dir 3 must precede it due to runtime library [libpinocchio_parsers.so.3.9.0]
[0.549s]     dir 3 is [/opt/openrobots/lib]
[0.549s]       dir 2 must precede it due to runtime library [libpinocchio_default.so.3.9.0]
[0.549s] 
[0.549s]   Some of these libraries may not be found correctly.
[0.549s] 
[0.549s] [0m
[0.551s] [33mCMake Warning at CMakeLists.txt:94 (add_executable):
[0.551s]   Cannot generate a safe runtime search path for target
[0.551s]   base_arm_task_controller because files in some directories may conflict
[0.551s]   with libraries in implicit directories:
[0.551s] 
[0.551s]     runtime library [liburdfdom_sensor.so.3.0] in /usr/lib/x86_64-linux-gnu may be hidden by files in:
[0.551s]       /opt/ros/humble/lib/x86_64-linux-gnu
[0.551s]     runtime library [liburdfdom_model_state.so.3.0] in /usr/lib/x86_64-linux-gnu may be hidden by files in:
[0.551s]       /opt/ros/humble/lib/x86_64-linux-gnu
[0.551s]     runtime library [liburdfdom_model.so.3.0] in /usr/lib/x86_64-linux-gnu may be hidden by files in:
[0.551s]       /opt/ros/humble/lib/x86_64-linux-gnu
[0.551s]     runtime library [liburdfdom_world.so.3.0] in /usr/lib/x86_64-linux-gnu may be hidden by files in:
[0.551s]       /opt/ros/humble/lib/x86_64-linux-gnu
[0.551s]     runtime library [liboctomap.so.1.9] in /usr/lib/x86_64-linux-gnu may be hidden by files in:
[0.551s]       /opt/ros/humble/lib/x86_64-linux-gnu
[0.551s]     runtime library [liboctomath.so.1.9] in /usr/lib/x86_64-linux-gnu may be hidden by files in:
[0.551s]       /opt/ros/humble/lib/x86_64-linux-gnu
[0.551s] 
[0.551s]   Some of these libraries may not be found correctly.
[0.551s] 
[0.551s] [0m
[0.551s] [33mCMake Warning at CMakeLists.txt:94 (add_executable):
[0.551s]   Cannot generate a safe runtime search path for target
[0.551s]   base_arm_task_controller because there is a cycle in the constraint graph:
[0.551s] 
[0.551s]     dir 0 is [/usr/local/lib]
[0.551s]     dir 1 is [/opt/ros/humble/lib]
[0.551s]     dir 2 is [/opt/ros/humble/lib/x86_64-linux-gnu]
[0.551s]       dir 3 must precede it due to runtime library [libpinocchio_parsers.so.3.9.0]
[0.551s]     dir 3 is [/opt/openrobots/lib]
[0.551s]       dir 2 must precede it due to runtime library [libpinocchio_default.so.3.9.0]
[0.551s] 
[0.551s]   Some of these libraries may not be found correctly.
[0.551s] 
[0.551s] [0m
[0.553s] [33mCMake Warning at CMakeLists.txt:105 (add_executable):
[0.553s]   Cannot generate a safe runtime search path for target
[0.553s]   base_arm_task_controller_v2 because files in some directories may conflict
[0.553s]   with libraries in implicit directories:
[0.553s] 
[0.553s]     runtime library [liburdfdom_sensor.so.3.0] in /usr/lib/x86_64-linux-gnu may be hidden by files in:
[0.553s]       /opt/ros/humble/lib/x86_64-linux-gnu
[0.553s]     runtime library [liburdfdom_model_state.so.3.0] in /usr/lib/x86_64-linux-gnu may be hidden by files in:
[0.554s]       /opt/ros/humble/lib/x86_64-linux-gnu
[0.554s]     runtime library [liburdfdom_model.so.3.0] in /usr/lib/x86_64-linux-gnu may be hidden by files in:
[0.554s]       /opt/ros/humble/lib/x86_64-linux-gnu
[0.554s]     runtime library [liburdfdom_world.so.3.0] in /usr/lib/x86_64-linux-gnu may be hidden by files in:
[0.554s]       /opt/ros/humble/lib/x86_64-linux-gnu
[0.554s]     runtime library [liboctomap.so.1.9] in /usr/lib/x86_64-linux-gnu may be hidden by files in:
[0.554s]       /opt/ros/humble/lib/x86_64-linux-gnu
[0.554s]     runtime library [liboctomath.so.1.9] in /usr/lib/x86_64-linux-gnu may be hidden by files in:
[0.554s]       /opt/ros/humble/lib/x86_64-linux-gnu
[0.554s] 
[0.554s]   Some of these libraries may not be found correctly.
[0.554s] 
[0.554s] [0m
[0.554s] [33mCMake Warning at CMakeLists.txt:105 (add_executable):
[0.554s]   Cannot generate a safe runtime search path for target
[0.554s]   base_arm_task_controller_v2 because there is a cycle in the constraint
[0.554s]   graph:
[0.554s] 
[0.554s]     dir 0 is [/usr/local/lib]
[0.554s]     dir 1 is [/opt/ros/humble/lib]
[0.554s]     dir 2 is [/opt/ros/humble/lib/x86_64-linux-gnu]
[0.554s]       dir 3 must precede it due to runtime library [libpinocchio_parsers.so.3.9.0]
[0.554s]     dir 3 is [/opt/openrobots/lib]
[0.554s]       dir 2 must precede it due to runtime library [libpinocchio_default.so.3.9.0]
[0.554s] 
[0.554s]   Some of these libraries may not be found correctly.
[0.554s] 
[0.554s] [0m
[0.558s] [33mCMake Warning at CMakeLists.txt:129 (add_executable):
[0.559s]   Cannot generate a safe runtime search path for target pin_test because
[0.559s]   files in some directories may conflict with libraries in implicit
[0.559s]   directories:
[0.559s] 
[0.559s]     runtime library [liburdfdom_sensor.so.3.0] in /usr/lib/x86_64-linux-gnu may be hidden by files in:
[0.559s]       /opt/ros/humble/lib/x86_64-linux-gnu
[0.559s]     runtime library [liburdfdom_model_state.so.3.0] in /usr/lib/x86_64-linux-gnu may be hidden by files in:
[0.559s]       /opt/ros/humble/lib/x86_64-linux-gnu
[0.559s]     runtime library [liburdfdom_model.so.3.0] in /usr/lib/x86_64-linux-gnu may be hidden by files in:
[0.559s]       /opt/ros/humble/lib/x86_64-linux-gnu
[0.559s]     runtime library [liburdfdom_world.so.3.0] in /usr/lib/x86_64-linux-gnu may be hidden by files in:
[0.559s]       /opt/ros/humble/lib/x86_64-linux-gnu
[0.559s]     runtime library [liboctomap.so.1.9] in /usr/lib/x86_64-linux-gnu may be hidden by files in:
[0.559s]       /opt/ros/humble/lib/x86_64-linux-gnu
[0.559s]     runtime library [liboctomath.so.1.9] in /usr/lib/x86_64-linux-gnu may be hidden by files in:
[0.559s]       /opt/ros/humble/lib/x86_64-linux-gnu
[0.559s] 
[0.559s]   Some of these libraries may not be found correctly.
[0.559s] 
[0.559s] [0m
[0.559s] [33mCMake Warning at CMakeLists.txt:129 (add_executable):
[0.559s]   Cannot generate a safe runtime search path for target pin_test because
[0.559s]   there is a cycle in the constraint graph:
[0.559s] 
[0.559s]     dir 0 is [/opt/ros/humble/lib]
[0.559s]     dir 1 is [/opt/openrobots/lib]
[0.559s]       dir 2 must precede it due to runtime library [libpinocchio_default.so.3.9.0]
[0.559s]     dir 2 is [/opt/ros/humble/lib/x86_64-linux-gnu]
[0.559s]       dir 1 must precede it due to runtime library [libpinocchio_parsers.so.3.9.0]
[0.559s] 
[0.559s]   Some of these libraries may not be found correctly.
[0.559s] 
[0.559s] [0m
[0.566s] -- Generating done
[0.578s] -- Build files have been written to: /home/jin/harco/ecvt2_ws/build/ecvt2_controller
[0.585s] Invoked command in '/home/jin/harco/ecvt2_ws/build/ecvt2_controller' returned '0': CMAKE_PREFIX_PATH=${CMAKE_PREFIX_PATH}:/home/jin/harco/ecvt2_ws/install/ecvt2_sim:/opt/ros/humble /usr/bin/cmake /home/jin/harco/ecvt2_ws/ecvt2_controller -DAMENT_CMAKE_SYMLINK_INSTALL=1 -DCMAKE_INSTALL_PREFIX=/home/jin/harco/ecvt2_ws/install/ecvt2_controller
[0.585s] Invoking command in '/home/jin/harco/ecvt2_ws/build/ecvt2_controller': CMAKE_PREFIX_PATH=${CMAKE_PREFIX_PATH}:/home/jin/harco/ecvt2_ws/install/ecvt2_sim:/opt/ros/humble /usr/bin/cmake --build /home/jin/harco/ecvt2_ws/build/ecvt2_controller -- -j20 -l20
[0.613s] [35m[1mConsolidate compiler generated dependencies of target wbc_hqp_lib[0m
[0.613s] [35m[1mConsolidate compiler generated dependencies of target com_trajectory_publisher[0m
[0.613s] [35m[1mConsolidate compiler generated dependencies of target teleop_goal_publisher[0m
[0.613s] [35m[1mConsolidate compiler generated dependencies of target kdl_utils[0m
[0.614s] [35m[1mConsolidate compiler generated dependencies of target vp_sto_global_planner_node[0m
[0.614s] [35m[1mConsolidate compiler generated dependencies of target vp_sto_paper_global_planner_node[0m
[0.617s] [35m[1mConsolidate compiler generated dependencies of target live_upper_dynamics_node[0m
[0.621s] [ 14%] Built target teleop_goal_publisher
[0.621s] [ 14%] Built target com_trajectory_publisher
[0.622s] [ 21%] Built target wbc_hqp_lib
[0.630s] [ 28%] Built target kdl_utils
[0.634s] [ 32%] [32mBuilding CXX object CMakeFiles/vp_sto_global_planner_node.dir/src/vp_sto_global_planner_node.cpp.o[0m
[0.635s] [35m[1mConsolidate compiler generated dependencies of target base_opt_controller[0m
[0.636s] [35m[1mConsolidate compiler generated dependencies of target wbc_hqp[0m
[0.636s] [35m[1mConsolidate compiler generated dependencies of target wbc_hqp_v2[0m
[0.636s] [35m[1mConsolidate compiler generated dependencies of target base_arm_task_controller[0m
[0.636s] [ 39%] Built target vp_sto_paper_global_planner_node
[0.636s] [35m[1mConsolidate compiler generated dependencies of target wbc_hqp_v3[0m
[0.637s] [ 46%] Built target live_upper_dynamics_node
[0.638s] [35m[1mConsolidate compiler generated dependencies of target pin_test[0m
[0.639s] [35m[1mConsolidate compiler generated dependencies of target base_arm_task_controller_v2[0m
[0.646s] [ 60%] Built target base_opt_controller
[0.646s] [ 60%] Built target wbc_hqp_v2
[0.646s] [ 67%] Built target wbc_hqp_v3
[0.646s] [ 75%] Built target wbc_hqp
[0.648s] [ 82%] Built target base_arm_task_controller
[0.655s] [ 89%] Built target base_arm_task_controller_v2
[0.657s] [ 96%] Built target pin_test
[3.449s] In file included from [01m[K/opt/openrobots/include/hpp/fcl/config.hh:1[m[K,
[3.449s]                  from [01m[K/opt/openrobots/include/pinocchio/serialization/eigen.hpp:20[m[K,
[3.449s]                  from [01m[K/opt/openrobots/include/pinocchio/serialization/fwd.hpp:11[m[K,
[3.449s]                  from [01m[K/opt/openrobots/include/pinocchio/multibody/joint/joint-composite.hpp:14[m[K,
[3.449s]                  from [01m[K/opt/openrobots/include/pinocchio/multibody/joint/joint-generic.hpp:9[m[K,
[3.449s]                  from [01m[K/opt/openrobots/include/pinocchio/multibody/model.hpp:17[m[K,
[3.449s]                  from [01m[K/opt/openrobots/include/pinocchio/parsers/urdf.hpp:9[m[K,
[3.449s]                  from [01m[K/home/jin/harco/ecvt2_ws/ecvt2_controller/src/vp_sto_global_planner_node.cpp:7[m[K:
[3.449s] [01m[K/opt/openrobots/include/hpp/fcl/coal.hpp:12:99:[m[K [01;36m[Knote: [m[K‘[01m[K#pragma message: Please update your includes from 'hpp/fcl' to 'coal' or define COAL_DISABLE_HPP_FCL_WARNINGS[m[K’
[3.449s]    12 |     "Please update your includes from 'hpp/fcl' to 'coal' or define COAL_DISABLE_HPP_FCL_WARNINGS"[01;36m[K)[m[K
[3.449s]       |                                                                                                   [01;36m[K^[m[K
[36.129s] [100%] [32m[1mLinking CXX executable vp_sto_global_planner_node[0m
[37.453s] [100%] Built target vp_sto_global_planner_node
[37.460s] Invoked command in '/home/jin/harco/ecvt2_ws/build/ecvt2_controller' returned '0': CMAKE_PREFIX_PATH=${CMAKE_PREFIX_PATH}:/home/jin/harco/ecvt2_ws/install/ecvt2_sim:/opt/ros/humble /usr/bin/cmake --build /home/jin/harco/ecvt2_ws/build/ecvt2_controller -- -j20 -l20
[37.461s] Invoking command in '/home/jin/harco/ecvt2_ws/build/ecvt2_controller': CMAKE_PREFIX_PATH=${CMAKE_PREFIX_PATH}:/home/jin/harco/ecvt2_ws/install/ecvt2_sim:/opt/ros/humble /usr/bin/cmake --install /home/jin/harco/ecvt2_ws/build/ecvt2_controller
[37.467s] -- Install configuration: ""
[37.468s] -- Execute custom install script
[37.468s] -- Up-to-date symlink: /home/jin/harco/ecvt2_ws/install/ecvt2_controller/lib/ecvt2_controller/teleop_goal_publisher
[37.468s] -- Up-to-date symlink: /home/jin/harco/ecvt2_ws/install/ecvt2_controller/lib/ecvt2_controller/live_upper_dynamics_node
[37.468s] -- Up-to-date symlink: /home/jin/harco/ecvt2_ws/install/ecvt2_controller/lib/ecvt2_controller/vp_sto_global_planner_node
[37.469s] -- Up-to-date symlink: /home/jin/harco/ecvt2_ws/install/ecvt2_controller/lib/ecvt2_controller/vp_sto_paper_global_planner_node
[37.469s] -- Up-to-date symlink: /home/jin/harco/ecvt2_ws/install/ecvt2_controller/include/ecvt2_controller/kdl_utils.hpp
[37.469s] -- Up-to-date symlink: /home/jin/harco/ecvt2_ws/install/ecvt2_controller/include/ecvt2_controller/wbc_hqp_lib.hpp
[37.469s] -- Up-to-date symlink: /home/jin/harco/ecvt2_ws/install/ecvt2_controller/lib/libkdl_utils.a
[37.469s] -- Up-to-date symlink: /home/jin/harco/ecvt2_ws/install/ecvt2_controller/lib/libwbc_hqp_lib.a
[37.470s] -- Up-to-date symlink: /home/jin/harco/ecvt2_ws/install/ecvt2_controller/lib/ecvt2_controller/base_opt_controller
[37.470s] -- Up-to-date symlink: /home/jin/harco/ecvt2_ws/install/ecvt2_controller/lib/ecvt2_controller/wbc_hqp
[37.470s] -- Up-to-date symlink: /home/jin/harco/ecvt2_ws/install/ecvt2_controller/lib/ecvt2_controller/wbc_hqp_v2
[37.470s] -- Up-to-date symlink: /home/jin/harco/ecvt2_ws/install/ecvt2_controller/lib/ecvt2_controller/wbc_hqp_v3
[37.470s] -- Up-to-date symlink: /home/jin/harco/ecvt2_ws/install/ecvt2_controller/lib/ecvt2_controller/base_arm_task_controller
[37.470s] -- Up-to-date symlink: /home/jin/harco/ecvt2_ws/install/ecvt2_controller/lib/ecvt2_controller/base_arm_task_controller_v2
[37.470s] -- Up-to-date symlink: /home/jin/harco/ecvt2_ws/install/ecvt2_controller/lib/ecvt2_controller/teleop_goal_publisher
[37.470s] -- Up-to-date symlink: /home/jin/harco/ecvt2_ws/install/ecvt2_controller/lib/ecvt2_controller/com_trajectory_publisher
[37.470s] -- Up-to-date symlink: /home/jin/harco/ecvt2_ws/install/ecvt2_controller/lib/ecvt2_controller/pin_test
[37.471s] -- Up-to-date symlink: /home/jin/harco/ecvt2_ws/install/ecvt2_controller/share/ament_index/resource_index/package_run_dependencies/ecvt2_controller
[37.471s] -- Up-to-date symlink: /home/jin/harco/ecvt2_ws/install/ecvt2_controller/share/ament_index/resource_index/parent_prefix_path/ecvt2_controller
[37.471s] -- Up-to-date symlink: /home/jin/harco/ecvt2_ws/install/ecvt2_controller/share/ecvt2_controller/environment/ament_prefix_path.sh
[37.471s] -- Up-to-date symlink: /home/jin/harco/ecvt2_ws/install/ecvt2_controller/share/ecvt2_controller/environment/ament_prefix_path.dsv
[37.471s] -- Up-to-date symlink: /home/jin/harco/ecvt2_ws/install/ecvt2_controller/share/ecvt2_controller/environment/path.sh
[37.471s] -- Up-to-date symlink: /home/jin/harco/ecvt2_ws/install/ecvt2_controller/share/ecvt2_controller/environment/path.dsv
[37.471s] -- Up-to-date symlink: /home/jin/harco/ecvt2_ws/install/ecvt2_controller/share/ecvt2_controller/local_setup.bash
[37.472s] -- Up-to-date symlink: /home/jin/harco/ecvt2_ws/install/ecvt2_controller/share/ecvt2_controller/local_setup.sh
[37.472s] -- Up-to-date symlink: /home/jin/harco/ecvt2_ws/install/ecvt2_controller/share/ecvt2_controller/local_setup.zsh
[37.472s] -- Up-to-date symlink: /home/jin/harco/ecvt2_ws/install/ecvt2_controller/share/ecvt2_controller/local_setup.dsv
[37.472s] -- Symlinking: /home/jin/harco/ecvt2_ws/install/ecvt2_controller/share/ecvt2_controller/package.dsv
[37.477s] -- Up-to-date symlink: /home/jin/harco/ecvt2_ws/install/ecvt2_controller/share/ament_index/resource_index/packages/ecvt2_controller
[37.477s] -- Up-to-date symlink: /home/jin/harco/ecvt2_ws/install/ecvt2_controller/share/ecvt2_controller/cmake/ecvt2_controllerConfig.cmake
[37.478s] -- Up-to-date symlink: /home/jin/harco/ecvt2_ws/install/ecvt2_controller/share/ecvt2_controller/cmake/ecvt2_controllerConfig-version.cmake
[37.478s] -- Up-to-date symlink: /home/jin/harco/ecvt2_ws/install/ecvt2_controller/share/ecvt2_controller/package.xml
[37.479s] Invoked command in '/home/jin/harco/ecvt2_ws/build/ecvt2_controller' returned '0': CMAKE_PREFIX_PATH=${CMAKE_PREFIX_PATH}:/home/jin/harco/ecvt2_ws/install/ecvt2_sim:/opt/ros/humble /usr/bin/cmake --install /home/jin/harco/ecvt2_ws/build/ecvt2_controller
