[0.009s] Invoking command in '/home/jin/harco/ecvt2_ws/build/ecvt2_controller': CMAKE_PREFIX_PATH=/home/jin/harco/ecvt2_ws/install/ecvt2_sim:/opt/ros/humble /usr/bin/cmake /home/jin/harco/ecvt2_ws/ecvt2_controller -DAMENT_CMAKE_SYMLINK_INSTALL=1 -DCMAKE_INSTALL_PREFIX=/home/jin/harco/ecvt2_ws/install/ecvt2_controller
[0.124s] -- Found ament_cmake: 1.3.12 (/opt/ros/humble/share/ament_cmake/cmake)
[0.124s] -- Override CMake install command with custom implementation using symlinks instead of copying resources
[0.124s] -- Found rclcpp: 16.0.16 (/opt/ros/humble/share/rclcpp/cmake)
[0.125s] -- Found rosidl_generator_c: 3.1.7 (/opt/ros/humble/share/rosidl_generator_c/cmake)
[0.125s] -- Found rosidl_adapter: 3.1.7 (/opt/ros/humble/share/rosidl_adapter/cmake)
[0.125s] -- Found rosidl_generator_cpp: 3.1.7 (/opt/ros/humble/share/rosidl_generator_cpp/cmake)
[0.125s] -- Using all available rosidl_typesupport_c: rosidl_typesupport_fastrtps_c;rosidl_typesupport_introspection_c
[0.129s] -- Using all available rosidl_typesupport_cpp: rosidl_typesupport_fastrtps_cpp;rosidl_typesupport_introspection_cpp
[0.147s] -- Found rmw_implementation_cmake: 6.1.2 (/opt/ros/humble/share/rmw_implementation_cmake/cmake)
[0.147s] -- Found rmw_fastrtps_cpp: 6.2.9 (/opt/ros/humble/share/rmw_fastrtps_cpp/cmake)
[0.197s] -- Using RMW implementation 'rmw_fastrtps_cpp' as default
[0.224s] -- Found geometry_msgs: 4.9.0 (/opt/ros/humble/share/geometry_msgs/cmake)
[0.230s] -- Found sensor_msgs: 4.9.0 (/opt/ros/humble/share/sensor_msgs/cmake)
[0.239s] -- Found visualization_msgs: 4.9.0 (/opt/ros/humble/share/visualization_msgs/cmake)
[0.249s] -- Found trajectory_msgs: 4.9.0 (/opt/ros/humble/share/trajectory_msgs/cmake)
[0.263s] -- Configuring incomplete, errors occurred!
[0.263s] See also "/home/jin/harco/ecvt2_ws/build/ecvt2_controller/CMakeFiles/CMakeOutput.log".
[0.263s] [31mCMake Error at CMakeLists.txt:20 (find_package):
[0.263s]   By not providing "Findpinocchio.cmake" in CMAKE_MODULE_PATH this project
[0.263s]   has asked CMake to find a package configuration file provided by
[0.263s]   "pinocchio", but CMake did not find one.
[0.263s] 
[0.263s]   Could not find a package configuration file provided by "pinocchio" with
[0.263s]   any of the following names:
[0.263s] 
[0.263s]     pinocchioConfig.cmake
[0.263s]     pinocchio-config.cmake
[0.263s] 
[0.263s]   Add the installation prefix of "pinocchio" to CMAKE_PREFIX_PATH or set
[0.263s]   "pinocchio_DIR" to a directory containing one of the above files.  If
[0.263s]   "pinocchio" provides a separate development package or SDK, be sure it has
[0.263s]   been installed.
[0.263s] 
[0.263s] [0m
[0.267s] Invoked command in '/home/jin/harco/ecvt2_ws/build/ecvt2_controller' returned '1': CMAKE_PREFIX_PATH=/home/jin/harco/ecvt2_ws/install/ecvt2_sim:/opt/ros/humble /usr/bin/cmake /home/jin/harco/ecvt2_ws/ecvt2_controller -DAMENT_CMAKE_SYMLINK_INSTALL=1 -DCMAKE_INSTALL_PREFIX=/home/jin/harco/ecvt2_ws/install/ecvt2_controller
