[0.162s] colcon DEBUG Command line arguments: ['/usr/bin/colcon', 'build', '--packages-select', 'ifopt', 'ecvt2_controller', 'ecvt2_sim', '--cmake-args', '-DBUILD_SNOPT=OFF']
[0.162s] colcon DEBUG Parsed command line arguments: Namespace(log_base=None, log_level=None, verb_name='build', build_base='build', install_base='install', merge_install=False, symlink_install=False, test_result_base=None, continue_on_error=False, executor='parallel', parallel_workers=20, event_handlers=None, ignore_user_meta=False, metas=['./colcon.meta'], base_paths=['.'], packages_ignore=None, packages_ignore_regex=None, paths=None, packages_up_to=None, packages_up_to_regex=None, packages_above=None, packages_above_and_dependencies=None, packages_above_depth=None, packages_select_by_dep=None, packages_skip_by_dep=None, packages_skip_up_to=None, packages_select_build_failed=False, packages_skip_build_finished=False, packages_select_test_failures=False, packages_skip_test_passed=False, packages_select=['ifopt', 'ecvt2_controller', 'ecvt2_sim'], packages_skip=None, packages_select_regex=None, packages_skip_regex=None, packages_start=None, packages_end=None, allow_overriding=[], cmake_args=['-DBUILD_SNOPT=OFF'], cmake_target=None, cmake_target_skip_unavailable=False, cmake_clean_cache=False, cmake_clean_first=False, cmake_force_configure=False, ament_cmake_args=None, catkin_cmake_args=None, catkin_skip_building_tests=False, mixin_files=None, mixin=None, verb_parser=<colcon_mixin.mixin.mixin_argument.MixinArgumentDecorator object at 0x7d1d63c11e10>, verb_extension=<colcon_core.verb.build.BuildVerb object at 0x7d1d63c10f70>, main=<bound method BuildVerb.main of <colcon_core.verb.build.BuildVerb object at 0x7d1d63c10f70>>, mixin_verb=('build',))
[0.210s] colcon.colcon_core.package_discovery Level 1 discover_packages(colcon_meta) check parameters
[0.211s] colcon.colcon_core.package_discovery Level 1 discover_packages(recursive) check parameters
[0.211s] colcon.colcon_core.package_discovery Level 1 discover_packages(ignore) check parameters
[0.211s] colcon.colcon_core.package_discovery Level 1 discover_packages(path) check parameters
[0.211s] colcon.colcon_core.package_discovery Level 1 discover_packages(colcon_meta) discover
[0.211s] colcon.colcon_core.package_discovery Level 1 discover_packages(recursive) discover
[0.211s] colcon.colcon_core.package_discovery INFO Crawling recursively for packages in '/home/jin/harco/ecvt2_ws'
[0.211s] colcon.colcon_core.package_identification Level 1 _identify(.) by extensions ['ignore', 'ignore_ament_install']
[0.211s] colcon.colcon_core.package_identification Level 1 _identify(.) by extension 'ignore'
[0.211s] colcon.colcon_core.package_identification Level 1 _identify(.) by extension 'ignore_ament_install'
[0.211s] colcon.colcon_core.package_identification Level 1 _identify(.) by extensions ['colcon_pkg']
[0.211s] colcon.colcon_core.package_identification Level 1 _identify(.) by extension 'colcon_pkg'
[0.211s] colcon.colcon_core.package_identification Level 1 _identify(.) by extensions ['colcon_meta']
[0.211s] colcon.colcon_core.package_identification Level 1 _identify(.) by extension 'colcon_meta'
[0.212s] colcon.colcon_core.package_identification Level 1 _identify(.) by extensions ['ros']
[0.212s] colcon.colcon_core.package_identification Level 1 _identify(.) by extension 'ros'
[0.243s] colcon.colcon_core.package_identification Level 1 _identify(.) by extensions ['cmake', 'python']
[0.243s] colcon.colcon_core.package_identification Level 1 _identify(.) by extension 'cmake'
[0.243s] colcon.colcon_core.package_identification Level 1 _identify(.) by extension 'python'
[0.243s] colcon.colcon_core.package_identification Level 1 _identify(.) by extensions ['python_setup_py']
[0.243s] colcon.colcon_core.package_identification Level 1 _identify(.) by extension 'python_setup_py'
[0.243s] colcon.colcon_core.package_identification Level 1 _identify(build) by extensions ['ignore', 'ignore_ament_install']
[0.243s] colcon.colcon_core.package_identification Level 1 _identify(build) by extension 'ignore'
[0.243s] colcon.colcon_core.package_identification Level 1 _identify(build) ignored
[0.243s] colcon.colcon_core.package_identification Level 1 _identify(ecvt2_controller) by extensions ['ignore', 'ignore_ament_install']
[0.243s] colcon.colcon_core.package_identification Level 1 _identify(ecvt2_controller) by extension 'ignore'
[0.244s] colcon.colcon_core.package_identification Level 1 _identify(ecvt2_controller) by extension 'ignore_ament_install'
[0.244s] colcon.colcon_core.package_identification Level 1 _identify(ecvt2_controller) by extensions ['colcon_pkg']
[0.244s] colcon.colcon_core.package_identification Level 1 _identify(ecvt2_controller) by extension 'colcon_pkg'
[0.244s] colcon.colcon_core.package_identification Level 1 _identify(ecvt2_controller) by extensions ['colcon_meta']
[0.244s] colcon.colcon_core.package_identification Level 1 _identify(ecvt2_controller) by extension 'colcon_meta'
[0.244s] colcon.colcon_core.package_identification Level 1 _identify(ecvt2_controller) by extensions ['ros']
[0.244s] colcon.colcon_core.package_identification Level 1 _identify(ecvt2_controller) by extension 'ros'
[0.247s] colcon.colcon_core.package_identification DEBUG Package 'ecvt2_controller' with type 'ros.ament_cmake' and name 'ecvt2_controller'
[0.247s] colcon.colcon_core.package_identification Level 1 _identify(ecvt2_mjcf_v2) by extensions ['ignore', 'ignore_ament_install']
[0.248s] colcon.colcon_core.package_identification Level 1 _identify(ecvt2_mjcf_v2) by extension 'ignore'
[0.248s] colcon.colcon_core.package_identification Level 1 _identify(ecvt2_mjcf_v2) by extension 'ignore_ament_install'
[0.248s] colcon.colcon_core.package_identification Level 1 _identify(ecvt2_mjcf_v2) by extensions ['colcon_pkg']
[0.248s] colcon.colcon_core.package_identification Level 1 _identify(ecvt2_mjcf_v2) by extension 'colcon_pkg'
[0.248s] colcon.colcon_core.package_identification Level 1 _identify(ecvt2_mjcf_v2) by extensions ['colcon_meta']
[0.248s] colcon.colcon_core.package_identification Level 1 _identify(ecvt2_mjcf_v2) by extension 'colcon_meta'
[0.248s] colcon.colcon_core.package_identification Level 1 _identify(ecvt2_mjcf_v2) by extensions ['ros']
[0.248s] colcon.colcon_core.package_identification Level 1 _identify(ecvt2_mjcf_v2) by extension 'ros'
[0.249s] colcon.colcon_core.package_identification DEBUG Failed to parse potential ROS package manifest in'ecvt2_mjcf_v2': Error(s) in package 'ecvt2_mjcf_v2/package.xml':
Package name "simple_model_for_urdf.SLDASM" does not follow naming conventions
[0.249s] colcon.colcon_core.package_identification Level 1 _identify(ecvt2_mjcf_v2) by extensions ['cmake', 'python']
[0.249s] colcon.colcon_core.package_identification Level 1 _identify(ecvt2_mjcf_v2) by extension 'cmake'
[0.249s] colcon.colcon_core.package_identification Level 1 _identify(ecvt2_mjcf_v2) by extension 'python'
[0.249s] colcon.colcon_core.package_identification Level 1 _identify(ecvt2_mjcf_v2) by extensions ['python_setup_py']
[0.249s] colcon.colcon_core.package_identification Level 1 _identify(ecvt2_mjcf_v2) by extension 'python_setup_py'
[0.249s] colcon.colcon_core.package_identification Level 1 _identify(ecvt2_mjcf_v2/meshes) by extensions ['ignore', 'ignore_ament_install']
[0.249s] colcon.colcon_core.package_identification Level 1 _identify(ecvt2_mjcf_v2/meshes) by extension 'ignore'
[0.250s] colcon.colcon_core.package_identification Level 1 _identify(ecvt2_mjcf_v2/meshes) by extension 'ignore_ament_install'
[0.250s] colcon.colcon_core.package_identification Level 1 _identify(ecvt2_mjcf_v2/meshes) by extensions ['colcon_pkg']
[0.250s] colcon.colcon_core.package_identification Level 1 _identify(ecvt2_mjcf_v2/meshes) by extension 'colcon_pkg'
[0.250s] colcon.colcon_core.package_identification Level 1 _identify(ecvt2_mjcf_v2/meshes) by extensions ['colcon_meta']
[0.250s] colcon.colcon_core.package_identification Level 1 _identify(ecvt2_mjcf_v2/meshes) by extension 'colcon_meta'
[0.250s] colcon.colcon_core.package_identification Level 1 _identify(ecvt2_mjcf_v2/meshes) by extensions ['ros']
[0.250s] colcon.colcon_core.package_identification Level 1 _identify(ecvt2_mjcf_v2/meshes) by extension 'ros'
[0.250s] colcon.colcon_core.package_identification Level 1 _identify(ecvt2_mjcf_v2/meshes) by extensions ['cmake', 'python']
[0.250s] colcon.colcon_core.package_identification Level 1 _identify(ecvt2_mjcf_v2/meshes) by extension 'cmake'
[0.250s] colcon.colcon_core.package_identification Level 1 _identify(ecvt2_mjcf_v2/meshes) by extension 'python'
[0.250s] colcon.colcon_core.package_identification Level 1 _identify(ecvt2_mjcf_v2/meshes) by extensions ['python_setup_py']
[0.250s] colcon.colcon_core.package_identification Level 1 _identify(ecvt2_mjcf_v2/meshes) by extension 'python_setup_py'
[0.250s] colcon.colcon_core.package_identification Level 1 _identify(ecvt2_mjcf_v2/meshes/modified) by extensions ['ignore', 'ignore_ament_install']
[0.250s] colcon.colcon_core.package_identification Level 1 _identify(ecvt2_mjcf_v2/meshes/modified) by extension 'ignore'
[0.250s] colcon.colcon_core.package_identification Level 1 _identify(ecvt2_mjcf_v2/meshes/modified) by extension 'ignore_ament_install'
[0.250s] colcon.colcon_core.package_identification Level 1 _identify(ecvt2_mjcf_v2/meshes/modified) by extensions ['colcon_pkg']
[0.250s] colcon.colcon_core.package_identification Level 1 _identify(ecvt2_mjcf_v2/meshes/modified) by extension 'colcon_pkg'
[0.251s] colcon.colcon_core.package_identification Level 1 _identify(ecvt2_mjcf_v2/meshes/modified) by extensions ['colcon_meta']
[0.251s] colcon.colcon_core.package_identification Level 1 _identify(ecvt2_mjcf_v2/meshes/modified) by extension 'colcon_meta'
[0.251s] colcon.colcon_core.package_identification Level 1 _identify(ecvt2_mjcf_v2/meshes/modified) by extensions ['ros']
[0.251s] colcon.colcon_core.package_identification Level 1 _identify(ecvt2_mjcf_v2/meshes/modified) by extension 'ros'
[0.251s] colcon.colcon_core.package_identification Level 1 _identify(ecvt2_mjcf_v2/meshes/modified) by extensions ['cmake', 'python']
[0.251s] colcon.colcon_core.package_identification Level 1 _identify(ecvt2_mjcf_v2/meshes/modified) by extension 'cmake'
[0.251s] colcon.colcon_core.package_identification Level 1 _identify(ecvt2_mjcf_v2/meshes/modified) by extension 'python'
[0.251s] colcon.colcon_core.package_identification Level 1 _identify(ecvt2_mjcf_v2/meshes/modified) by extensions ['python_setup_py']
[0.251s] colcon.colcon_core.package_identification Level 1 _identify(ecvt2_mjcf_v2/meshes/modified) by extension 'python_setup_py'
[0.251s] colcon.colcon_core.package_identification Level 1 _identify(ecvt2_mjcf_v2/meshes/origin) by extensions ['ignore', 'ignore_ament_install']
[0.251s] colcon.colcon_core.package_identification Level 1 _identify(ecvt2_mjcf_v2/meshes/origin) by extension 'ignore'
[0.251s] colcon.colcon_core.package_identification Level 1 _identify(ecvt2_mjcf_v2/meshes/origin) by extension 'ignore_ament_install'
[0.251s] colcon.colcon_core.package_identification Level 1 _identify(ecvt2_mjcf_v2/meshes/origin) by extensions ['colcon_pkg']
[0.251s] colcon.colcon_core.package_identification Level 1 _identify(ecvt2_mjcf_v2/meshes/origin) by extension 'colcon_pkg'
[0.251s] colcon.colcon_core.package_identification Level 1 _identify(ecvt2_mjcf_v2/meshes/origin) by extensions ['colcon_meta']
[0.251s] colcon.colcon_core.package_identification Level 1 _identify(ecvt2_mjcf_v2/meshes/origin) by extension 'colcon_meta'
[0.251s] colcon.colcon_core.package_identification Level 1 _identify(ecvt2_mjcf_v2/meshes/origin) by extensions ['ros']
[0.251s] colcon.colcon_core.package_identification Level 1 _identify(ecvt2_mjcf_v2/meshes/origin) by extension 'ros'
[0.251s] colcon.colcon_core.package_identification Level 1 _identify(ecvt2_mjcf_v2/meshes/origin) by extensions ['cmake', 'python']
[0.251s] colcon.colcon_core.package_identification Level 1 _identify(ecvt2_mjcf_v2/meshes/origin) by extension 'cmake'
[0.252s] colcon.colcon_core.package_identification Level 1 _identify(ecvt2_mjcf_v2/meshes/origin) by extension 'python'
[0.252s] colcon.colcon_core.package_identification Level 1 _identify(ecvt2_mjcf_v2/meshes/origin) by extensions ['python_setup_py']
[0.252s] colcon.colcon_core.package_identification Level 1 _identify(ecvt2_mjcf_v2/meshes/origin) by extension 'python_setup_py'
[0.252s] colcon.colcon_core.package_identification Level 1 _identify(ecvt2_sim) by extensions ['ignore', 'ignore_ament_install']
[0.252s] colcon.colcon_core.package_identification Level 1 _identify(ecvt2_sim) by extension 'ignore'
[0.252s] colcon.colcon_core.package_identification Level 1 _identify(ecvt2_sim) by extension 'ignore_ament_install'
[0.252s] colcon.colcon_core.package_identification Level 1 _identify(ecvt2_sim) by extensions ['colcon_pkg']
[0.252s] colcon.colcon_core.package_identification Level 1 _identify(ecvt2_sim) by extension 'colcon_pkg'
[0.252s] colcon.colcon_core.package_identification Level 1 _identify(ecvt2_sim) by extensions ['colcon_meta']
[0.252s] colcon.colcon_core.package_identification Level 1 _identify(ecvt2_sim) by extension 'colcon_meta'
[0.252s] colcon.colcon_core.package_identification Level 1 _identify(ecvt2_sim) by extensions ['ros']
[0.252s] colcon.colcon_core.package_identification Level 1 _identify(ecvt2_sim) by extension 'ros'
[0.253s] colcon.colcon_core.package_identification DEBUG Package 'ecvt2_sim' with type 'ros.ament_python' and name 'ecvt2_sim'
[0.253s] colcon.colcon_core.package_identification Level 1 _identify(forestry_robot_mjcf) by extensions ['ignore', 'ignore_ament_install']
[0.254s] colcon.colcon_core.package_identification Level 1 _identify(forestry_robot_mjcf) by extension 'ignore'
[0.254s] colcon.colcon_core.package_identification Level 1 _identify(forestry_robot_mjcf) by extension 'ignore_ament_install'
[0.254s] colcon.colcon_core.package_identification Level 1 _identify(forestry_robot_mjcf) by extensions ['colcon_pkg']
[0.254s] colcon.colcon_core.package_identification Level 1 _identify(forestry_robot_mjcf) by extension 'colcon_pkg'
[0.254s] colcon.colcon_core.package_identification Level 1 _identify(forestry_robot_mjcf) by extensions ['colcon_meta']
[0.254s] colcon.colcon_core.package_identification Level 1 _identify(forestry_robot_mjcf) by extension 'colcon_meta'
[0.254s] colcon.colcon_core.package_identification Level 1 _identify(forestry_robot_mjcf) by extensions ['ros']
[0.254s] colcon.colcon_core.package_identification Level 1 _identify(forestry_robot_mjcf) by extension 'ros'
[0.255s] colcon.colcon_core.package_identification DEBUG Package 'forestry_robot_mjcf' with type 'ros.ament_cmake' and name 'forestry_robot_mjcf'
[0.255s] colcon.colcon_core.package_identification Level 1 _identify(install) by extensions ['ignore', 'ignore_ament_install']
[0.255s] colcon.colcon_core.package_identification Level 1 _identify(install) by extension 'ignore'
[0.255s] colcon.colcon_core.package_identification Level 1 _identify(install) ignored
[0.255s] colcon.colcon_core.package_identification Level 1 _identify(log) by extensions ['ignore', 'ignore_ament_install']
[0.255s] colcon.colcon_core.package_identification Level 1 _identify(log) by extension 'ignore'
[0.255s] colcon.colcon_core.package_identification Level 1 _identify(log) ignored
[0.256s] colcon.colcon_core.package_identification Level 1 _identify(passive_joint_figures) by extensions ['ignore', 'ignore_ament_install']
[0.256s] colcon.colcon_core.package_identification Level 1 _identify(passive_joint_figures) by extension 'ignore'
[0.256s] colcon.colcon_core.package_identification Level 1 _identify(passive_joint_figures) by extension 'ignore_ament_install'
[0.256s] colcon.colcon_core.package_identification Level 1 _identify(passive_joint_figures) by extensions ['colcon_pkg']
[0.256s] colcon.colcon_core.package_identification Level 1 _identify(passive_joint_figures) by extension 'colcon_pkg'
[0.256s] colcon.colcon_core.package_identification Level 1 _identify(passive_joint_figures) by extensions ['colcon_meta']
[0.256s] colcon.colcon_core.package_identification Level 1 _identify(passive_joint_figures) by extension 'colcon_meta'
[0.256s] colcon.colcon_core.package_identification Level 1 _identify(passive_joint_figures) by extensions ['ros']
[0.256s] colcon.colcon_core.package_identification Level 1 _identify(passive_joint_figures) by extension 'ros'
[0.256s] colcon.colcon_core.package_identification Level 1 _identify(passive_joint_figures) by extensions ['cmake', 'python']
[0.256s] colcon.colcon_core.package_identification Level 1 _identify(passive_joint_figures) by extension 'cmake'
[0.256s] colcon.colcon_core.package_identification Level 1 _identify(passive_joint_figures) by extension 'python'
[0.256s] colcon.colcon_core.package_identification Level 1 _identify(passive_joint_figures) by extensions ['python_setup_py']
[0.256s] colcon.colcon_core.package_identification Level 1 _identify(passive_joint_figures) by extension 'python_setup_py'
[0.257s] colcon.colcon_core.package_identification Level 1 _identify(src) by extensions ['ignore', 'ignore_ament_install']
[0.257s] colcon.colcon_core.package_identification Level 1 _identify(src) by extension 'ignore'
[0.257s] colcon.colcon_core.package_identification Level 1 _identify(src) by extension 'ignore_ament_install'
[0.257s] colcon.colcon_core.package_identification Level 1 _identify(src) by extensions ['colcon_pkg']
[0.257s] colcon.colcon_core.package_identification Level 1 _identify(src) by extension 'colcon_pkg'
[0.257s] colcon.colcon_core.package_identification Level 1 _identify(src) by extensions ['colcon_meta']
[0.257s] colcon.colcon_core.package_identification Level 1 _identify(src) by extension 'colcon_meta'
[0.257s] colcon.colcon_core.package_identification Level 1 _identify(src) by extensions ['ros']
[0.257s] colcon.colcon_core.package_identification Level 1 _identify(src) by extension 'ros'
[0.257s] colcon.colcon_core.package_identification Level 1 _identify(src) by extensions ['cmake', 'python']
[0.257s] colcon.colcon_core.package_identification Level 1 _identify(src) by extension 'cmake'
[0.257s] colcon.colcon_core.package_identification Level 1 _identify(src) by extension 'python'
[0.257s] colcon.colcon_core.package_identification Level 1 _identify(src) by extensions ['python_setup_py']
[0.257s] colcon.colcon_core.package_identification Level 1 _identify(src) by extension 'python_setup_py'
[0.257s] colcon.colcon_core.package_identification Level 1 _identify(src/ifopt) by extensions ['ignore', 'ignore_ament_install']
[0.257s] colcon.colcon_core.package_identification Level 1 _identify(src/ifopt) by extension 'ignore'
[0.258s] colcon.colcon_core.package_identification Level 1 _identify(src/ifopt) by extension 'ignore_ament_install'
[0.258s] colcon.colcon_core.package_identification Level 1 _identify(src/ifopt) by extensions ['colcon_pkg']
[0.258s] colcon.colcon_core.package_identification Level 1 _identify(src/ifopt) by extension 'colcon_pkg'
[0.258s] colcon.colcon_core.package_identification Level 1 _identify(src/ifopt) by extensions ['colcon_meta']
[0.258s] colcon.colcon_core.package_identification Level 1 _identify(src/ifopt) by extension 'colcon_meta'
[0.258s] colcon.colcon_core.package_identification Level 1 _identify(src/ifopt) by extensions ['ros']
[0.258s] colcon.colcon_core.package_identification Level 1 _identify(src/ifopt) by extension 'ros'
[0.263s] colcon.colcon_core.package_identification DEBUG Package 'src/ifopt' with type 'ros.cmake' and name 'ifopt'
[0.263s] colcon.colcon_core.package_discovery Level 1 discover_packages(recursive) using defaults
[0.263s] colcon.colcon_core.package_discovery Level 1 discover_packages(ignore) discover
[0.264s] colcon.colcon_core.package_discovery Level 1 discover_packages(ignore) using defaults
[0.264s] colcon.colcon_core.package_discovery Level 1 discover_packages(path) discover
[0.264s] colcon.colcon_core.package_discovery Level 1 discover_packages(path) using defaults
[0.284s] colcon.colcon_core.package_selection INFO Skipping not selected package 'forestry_robot_mjcf' in 'forestry_robot_mjcf'
[0.285s] colcon.colcon_core.package_discovery Level 1 discover_packages(prefix_path) check parameters
[0.285s] colcon.colcon_core.package_discovery Level 1 discover_packages(prefix_path) discover
[0.288s] colcon.colcon_installed_package_information.package_discovery DEBUG Found 291 installed packages in /opt/ros/humble
[0.290s] colcon.colcon_core.package_discovery Level 1 discover_packages(prefix_path) using defaults
[0.341s] colcon.colcon_core.verb Level 5 set package 'ecvt2_sim' build argument 'cmake_args' from command line to '['-DBUILD_SNOPT=OFF']'
[0.342s] colcon.colcon_core.verb Level 5 set package 'ecvt2_sim' build argument 'cmake_target' from command line to 'None'
[0.342s] colcon.colcon_core.verb Level 5 set package 'ecvt2_sim' build argument 'cmake_target_skip_unavailable' from command line to 'False'
[0.342s] colcon.colcon_core.verb Level 5 set package 'ecvt2_sim' build argument 'cmake_clean_cache' from command line to 'False'
[0.342s] colcon.colcon_core.verb Level 5 set package 'ecvt2_sim' build argument 'cmake_clean_first' from command line to 'False'
[0.342s] colcon.colcon_core.verb Level 5 set package 'ecvt2_sim' build argument 'cmake_force_configure' from command line to 'False'
[0.342s] colcon.colcon_core.verb Level 5 set package 'ecvt2_sim' build argument 'ament_cmake_args' from command line to 'None'
[0.342s] colcon.colcon_core.verb Level 5 set package 'ecvt2_sim' build argument 'catkin_cmake_args' from command line to 'None'
[0.342s] colcon.colcon_core.verb Level 5 set package 'ecvt2_sim' build argument 'catkin_skip_building_tests' from command line to 'False'
[0.342s] colcon.colcon_core.verb DEBUG Building package 'ecvt2_sim' with the following arguments: {'ament_cmake_args': None, 'build_base': '/home/jin/harco/ecvt2_ws/build/ecvt2_sim', 'catkin_cmake_args': None, 'catkin_skip_building_tests': False, 'cmake_args': ['-DBUILD_SNOPT=OFF'], 'cmake_clean_cache': False, 'cmake_clean_first': False, 'cmake_force_configure': False, 'cmake_target': None, 'cmake_target_skip_unavailable': False, 'install_base': '/home/jin/harco/ecvt2_ws/install/ecvt2_sim', 'merge_install': False, 'path': '/home/jin/harco/ecvt2_ws/ecvt2_sim', 'symlink_install': False, 'test_result_base': None}
[0.342s] colcon.colcon_core.verb Level 5 set package 'ifopt' build argument 'cmake_args' from command line to '['-DBUILD_SNOPT=OFF']'
[0.342s] colcon.colcon_core.verb Level 5 set package 'ifopt' build argument 'cmake_target' from command line to 'None'
[0.343s] colcon.colcon_core.verb Level 5 set package 'ifopt' build argument 'cmake_target_skip_unavailable' from command line to 'False'
[0.343s] colcon.colcon_core.verb Level 5 set package 'ifopt' build argument 'cmake_clean_cache' from command line to 'False'
[0.343s] colcon.colcon_core.verb Level 5 set package 'ifopt' build argument 'cmake_clean_first' from command line to 'False'
[0.343s] colcon.colcon_core.verb Level 5 set package 'ifopt' build argument 'cmake_force_configure' from command line to 'False'
[0.343s] colcon.colcon_core.verb Level 5 set package 'ifopt' build argument 'ament_cmake_args' from command line to 'None'
[0.343s] colcon.colcon_core.verb Level 5 set package 'ifopt' build argument 'catkin_cmake_args' from command line to 'None'
[0.343s] colcon.colcon_core.verb Level 5 set package 'ifopt' build argument 'catkin_skip_building_tests' from command line to 'False'
[0.343s] colcon.colcon_core.verb DEBUG Building package 'ifopt' with the following arguments: {'ament_cmake_args': None, 'build_base': '/home/jin/harco/ecvt2_ws/build/ifopt', 'catkin_cmake_args': None, 'catkin_skip_building_tests': False, 'cmake_args': ['-DBUILD_SNOPT=OFF'], 'cmake_clean_cache': False, 'cmake_clean_first': False, 'cmake_force_configure': False, 'cmake_target': None, 'cmake_target_skip_unavailable': False, 'install_base': '/home/jin/harco/ecvt2_ws/install/ifopt', 'merge_install': False, 'path': '/home/jin/harco/ecvt2_ws/src/ifopt', 'symlink_install': False, 'test_result_base': None}
[0.343s] colcon.colcon_core.verb Level 5 set package 'ecvt2_controller' build argument 'cmake_args' from command line to '['-DBUILD_SNOPT=OFF']'
[0.343s] colcon.colcon_core.verb Level 5 set package 'ecvt2_controller' build argument 'cmake_target' from command line to 'None'
[0.343s] colcon.colcon_core.verb Level 5 set package 'ecvt2_controller' build argument 'cmake_target_skip_unavailable' from command line to 'False'
[0.343s] colcon.colcon_core.verb Level 5 set package 'ecvt2_controller' build argument 'cmake_clean_cache' from command line to 'False'
[0.343s] colcon.colcon_core.verb Level 5 set package 'ecvt2_controller' build argument 'cmake_clean_first' from command line to 'False'
[0.343s] colcon.colcon_core.verb Level 5 set package 'ecvt2_controller' build argument 'cmake_force_configure' from command line to 'False'
[0.343s] colcon.colcon_core.verb Level 5 set package 'ecvt2_controller' build argument 'ament_cmake_args' from command line to 'None'
[0.343s] colcon.colcon_core.verb Level 5 set package 'ecvt2_controller' build argument 'catkin_cmake_args' from command line to 'None'
[0.343s] colcon.colcon_core.verb Level 5 set package 'ecvt2_controller' build argument 'catkin_skip_building_tests' from command line to 'False'
[0.343s] colcon.colcon_core.verb DEBUG Building package 'ecvt2_controller' with the following arguments: {'ament_cmake_args': None, 'build_base': '/home/jin/harco/ecvt2_ws/build/ecvt2_controller', 'catkin_cmake_args': None, 'catkin_skip_building_tests': False, 'cmake_args': ['-DBUILD_SNOPT=OFF'], 'cmake_clean_cache': False, 'cmake_clean_first': False, 'cmake_force_configure': False, 'cmake_target': None, 'cmake_target_skip_unavailable': False, 'install_base': '/home/jin/harco/ecvt2_ws/install/ecvt2_controller', 'merge_install': False, 'path': '/home/jin/harco/ecvt2_ws/ecvt2_controller', 'symlink_install': False, 'test_result_base': None}
[0.344s] colcon.colcon_core.executor INFO Executing jobs using 'parallel' executor
[0.345s] colcon.colcon_parallel_executor.executor.parallel DEBUG run_until_complete
[0.345s] colcon.colcon_ros.task.cmake.build INFO Building ROS package in '/home/jin/harco/ecvt2_ws/src/ifopt' with build type 'cmake'
[0.345s] colcon.colcon_cmake.task.cmake.build INFO Building CMake package in '/home/jin/harco/ecvt2_ws/src/ifopt'
[0.347s] colcon.colcon_core.plugin_system INFO Skipping extension 'colcon_core.shell.bat': Not used on non-Windows systems
[0.348s] colcon.colcon_core.shell INFO Skip shell extension 'powershell' for command environment: Not usable outside of PowerShell
[0.348s] colcon.colcon_core.shell DEBUG Skip shell extension 'dsv' for command environment
[0.351s] colcon.colcon_ros.task.ament_python.build INFO Building ROS package in '/home/jin/harco/ecvt2_ws/ecvt2_sim' with build type 'ament_python'
[0.351s] colcon.colcon_core.shell Level 1 create_environment_hook('ecvt2_sim', 'ament_prefix_path')
[0.352s] colcon.colcon_core.shell INFO Creating environment hook '/home/jin/harco/ecvt2_ws/install/ecvt2_sim/share/ecvt2_sim/hook/ament_prefix_path.ps1'
[0.353s] colcon.colcon_core.shell INFO Creating environment descriptor '/home/jin/harco/ecvt2_ws/install/ecvt2_sim/share/ecvt2_sim/hook/ament_prefix_path.dsv'
[0.353s] colcon.colcon_core.shell INFO Creating environment hook '/home/jin/harco/ecvt2_ws/install/ecvt2_sim/share/ecvt2_sim/hook/ament_prefix_path.sh'
[0.354s] colcon.colcon_core.shell INFO Skip shell extension 'powershell' for command environment: Not usable outside of PowerShell
[0.354s] colcon.colcon_core.shell DEBUG Skip shell extension 'dsv' for command environment
[0.361s] colcon.colcon_core.event_handler.log_command DEBUG Invoking command in '/home/jin/harco/ecvt2_ws/build/ifopt': CMAKE_PREFIX_PATH=/opt/ros/humble /usr/bin/cmake /home/jin/harco/ecvt2_ws/src/ifopt -DBUILD_SNOPT=OFF -DCMAKE_INSTALL_PREFIX=/home/jin/harco/ecvt2_ws/install/ifopt
[0.674s] colcon.colcon_core.task.python.build INFO Building Python package in '/home/jin/harco/ecvt2_ws/ecvt2_sim'
[0.675s] colcon.colcon_core.shell INFO Skip shell extension 'powershell' for command environment: Not usable outside of PowerShell
[0.675s] colcon.colcon_core.shell DEBUG Skip shell extension 'dsv' for command environment
[1.391s] colcon.colcon_core.event_handler.log_command DEBUG Invoked command in '/home/jin/harco/ecvt2_ws/build/ifopt' returned '0': CMAKE_PREFIX_PATH=/opt/ros/humble /usr/bin/cmake /home/jin/harco/ecvt2_ws/src/ifopt -DBUILD_SNOPT=OFF -DCMAKE_INSTALL_PREFIX=/home/jin/harco/ecvt2_ws/install/ifopt
[1.392s] colcon.colcon_core.event_handler.log_command DEBUG Invoking command in '/home/jin/harco/ecvt2_ws/build/ifopt': CMAKE_PREFIX_PATH=/opt/ros/humble /usr/bin/cmake --build /home/jin/harco/ecvt2_ws/build/ifopt -- -j20 -l20
[1.424s] colcon.colcon_core.event_handler.log_command DEBUG Invoking command in '/home/jin/harco/ecvt2_ws/ecvt2_sim': PYTHONPATH=/home/jin/harco/ecvt2_ws/build/ecvt2_sim/prefix_override:/usr/lib/python3/dist-packages/colcon_core/task/python/colcon_distutils_commands:/home/jin/harco/ecvt2_ws/install/ecvt2_sim/lib/python3.10/site-packages:${PYTHONPATH} /usr/bin/python3 -W ignore:setup.py install is deprecated -W ignore:easy_install command is deprecated setup.py egg_info --egg-base ../build/ecvt2_sim build --build-base /home/jin/harco/ecvt2_ws/build/ecvt2_sim/build install --record /home/jin/harco/ecvt2_ws/build/ecvt2_sim/install.log --single-version-externally-managed install_data
[3.604s] colcon.colcon_core.event_handler.log_command DEBUG Invoked command in '/home/jin/harco/ecvt2_ws/ecvt2_sim' returned '0': PYTHONPATH=/home/jin/harco/ecvt2_ws/build/ecvt2_sim/prefix_override:/usr/lib/python3/dist-packages/colcon_core/task/python/colcon_distutils_commands:/home/jin/harco/ecvt2_ws/install/ecvt2_sim/lib/python3.10/site-packages:${PYTHONPATH} /usr/bin/python3 -W ignore:setup.py install is deprecated -W ignore:easy_install command is deprecated setup.py egg_info --egg-base ../build/ecvt2_sim build --build-base /home/jin/harco/ecvt2_ws/build/ecvt2_sim/build install --record /home/jin/harco/ecvt2_ws/build/ecvt2_sim/install.log --single-version-externally-managed install_data
[3.606s] colcon.colcon_core.environment Level 1 checking '/home/jin/harco/ecvt2_ws/install/ecvt2_sim' for CMake module files
[3.612s] colcon.colcon_core.environment Level 1 checking '/home/jin/harco/ecvt2_ws/install/ecvt2_sim' for CMake config files
[3.612s] colcon.colcon_core.environment Level 1 checking '/home/jin/harco/ecvt2_ws/install/ecvt2_sim/lib'
[3.613s] colcon.colcon_core.environment Level 1 checking '/home/jin/harco/ecvt2_ws/install/ecvt2_sim/bin'
[3.613s] colcon.colcon_core.environment Level 1 checking '/home/jin/harco/ecvt2_ws/install/ecvt2_sim/lib/pkgconfig/ecvt2_sim.pc'
[3.613s] colcon.colcon_core.environment Level 1 checking '/home/jin/harco/ecvt2_ws/install/ecvt2_sim/lib/python3.10/site-packages'
[3.613s] colcon.colcon_core.shell Level 1 create_environment_hook('ecvt2_sim', 'pythonpath')
[3.613s] colcon.colcon_core.shell INFO Creating environment hook '/home/jin/harco/ecvt2_ws/install/ecvt2_sim/share/ecvt2_sim/hook/pythonpath.ps1'
[3.614s] colcon.colcon_core.shell INFO Creating environment descriptor '/home/jin/harco/ecvt2_ws/install/ecvt2_sim/share/ecvt2_sim/hook/pythonpath.dsv'
[3.614s] colcon.colcon_core.shell INFO Creating environment hook '/home/jin/harco/ecvt2_ws/install/ecvt2_sim/share/ecvt2_sim/hook/pythonpath.sh'
[3.615s] colcon.colcon_core.environment Level 1 checking '/home/jin/harco/ecvt2_ws/install/ecvt2_sim/bin'
[3.615s] colcon.colcon_core.environment Level 1 create_environment_scripts_only(ecvt2_sim)
[3.615s] colcon.colcon_core.shell INFO Creating package script '/home/jin/harco/ecvt2_ws/install/ecvt2_sim/share/ecvt2_sim/package.ps1'
[3.620s] colcon.colcon_core.shell INFO Creating package descriptor '/home/jin/harco/ecvt2_ws/install/ecvt2_sim/share/ecvt2_sim/package.dsv'
[3.620s] colcon.colcon_core.shell INFO Creating package script '/home/jin/harco/ecvt2_ws/install/ecvt2_sim/share/ecvt2_sim/package.sh'
[3.621s] colcon.colcon_core.shell INFO Creating package script '/home/jin/harco/ecvt2_ws/install/ecvt2_sim/share/ecvt2_sim/package.bash'
[3.622s] colcon.colcon_core.shell INFO Creating package script '/home/jin/harco/ecvt2_ws/install/ecvt2_sim/share/ecvt2_sim/package.zsh'
[3.623s] colcon.colcon_core.environment Level 1 create_file_with_runtime_dependencies(/home/jin/harco/ecvt2_ws/install/ecvt2_sim/share/colcon-core/packages/ecvt2_sim)
[33.654s] colcon.colcon_core.event_handler.log_command DEBUG Invoked command in '/home/jin/harco/ecvt2_ws/build/ifopt' returned '0': CMAKE_PREFIX_PATH=/opt/ros/humble /usr/bin/cmake --build /home/jin/harco/ecvt2_ws/build/ifopt -- -j20 -l20
[33.673s] colcon.colcon_core.event_handler.log_command DEBUG Invoking command in '/home/jin/harco/ecvt2_ws/build/ifopt': CMAKE_PREFIX_PATH=/opt/ros/humble /usr/bin/cmake --install /home/jin/harco/ecvt2_ws/build/ifopt
[33.702s] colcon.colcon_core.shell Level 1 create_environment_hook('ifopt', 'pkg_config_path')
[33.702s] colcon.colcon_core.shell INFO Creating environment hook '/home/jin/harco/ecvt2_ws/install/ifopt/share/ifopt/hook/pkg_config_path.ps1'
[33.703s] colcon.colcon_core.shell INFO Creating environment descriptor '/home/jin/harco/ecvt2_ws/install/ifopt/share/ifopt/hook/pkg_config_path.dsv'
[33.703s] colcon.colcon_core.shell INFO Creating environment hook '/home/jin/harco/ecvt2_ws/install/ifopt/share/ifopt/hook/pkg_config_path.sh'
[33.704s] colcon.colcon_core.event_handler.log_command DEBUG Invoked command in '/home/jin/harco/ecvt2_ws/build/ifopt' returned '0': CMAKE_PREFIX_PATH=/opt/ros/humble /usr/bin/cmake --install /home/jin/harco/ecvt2_ws/build/ifopt
[33.707s] colcon.colcon_core.shell Level 1 create_environment_hook('ifopt', 'pkg_config_path_multiarch')
[33.707s] colcon.colcon_core.shell INFO Creating environment hook '/home/jin/harco/ecvt2_ws/install/ifopt/share/ifopt/hook/pkg_config_path_multiarch.ps1'
[33.708s] colcon.colcon_core.shell INFO Creating environment descriptor '/home/jin/harco/ecvt2_ws/install/ifopt/share/ifopt/hook/pkg_config_path_multiarch.dsv'
[33.708s] colcon.colcon_core.shell INFO Creating environment hook '/home/jin/harco/ecvt2_ws/install/ifopt/share/ifopt/hook/pkg_config_path_multiarch.sh'
[33.708s] colcon.colcon_core.environment Level 1 create_environment_scripts_only(ifopt)
[33.709s] colcon.colcon_core.environment Level 1 checking '/home/jin/harco/ecvt2_ws/install/ifopt' for CMake module files
[33.709s] colcon.colcon_core.environment Level 1 checking '/home/jin/harco/ecvt2_ws/install/ifopt' for CMake config files
[33.709s] colcon.colcon_core.shell Level 1 create_environment_hook('ifopt', 'cmake_prefix_path')
[33.709s] colcon.colcon_core.shell INFO Creating environment hook '/home/jin/harco/ecvt2_ws/install/ifopt/share/ifopt/hook/cmake_prefix_path.ps1'
[33.713s] colcon.colcon_core.shell INFO Creating environment descriptor '/home/jin/harco/ecvt2_ws/install/ifopt/share/ifopt/hook/cmake_prefix_path.dsv'
[33.713s] colcon.colcon_core.shell INFO Creating environment hook '/home/jin/harco/ecvt2_ws/install/ifopt/share/ifopt/hook/cmake_prefix_path.sh'
[33.714s] colcon.colcon_core.environment Level 1 checking '/home/jin/harco/ecvt2_ws/install/ifopt/lib'
[33.714s] colcon.colcon_core.shell Level 1 create_environment_hook('ifopt', 'ld_library_path_lib')
[33.714s] colcon.colcon_core.shell INFO Creating environment hook '/home/jin/harco/ecvt2_ws/install/ifopt/share/ifopt/hook/ld_library_path_lib.ps1'
[33.714s] colcon.colcon_core.shell INFO Creating environment descriptor '/home/jin/harco/ecvt2_ws/install/ifopt/share/ifopt/hook/ld_library_path_lib.dsv'
[33.718s] colcon.colcon_core.shell INFO Creating environment hook '/home/jin/harco/ecvt2_ws/install/ifopt/share/ifopt/hook/ld_library_path_lib.sh'
[33.718s] colcon.colcon_core.environment Level 1 checking '/home/jin/harco/ecvt2_ws/install/ifopt/bin'
[33.718s] colcon.colcon_core.environment Level 1 checking '/home/jin/harco/ecvt2_ws/install/ifopt/lib/pkgconfig/ifopt.pc'
[33.718s] colcon.colcon_core.environment Level 1 checking '/home/jin/harco/ecvt2_ws/install/ifopt/lib/python3.10/site-packages'
[33.719s] colcon.colcon_core.environment Level 1 checking '/home/jin/harco/ecvt2_ws/install/ifopt/bin'
[33.719s] colcon.colcon_core.shell INFO Creating package script '/home/jin/harco/ecvt2_ws/install/ifopt/share/ifopt/package.ps1'
[33.723s] colcon.colcon_core.shell INFO Creating package descriptor '/home/jin/harco/ecvt2_ws/install/ifopt/share/ifopt/package.dsv'
[33.723s] colcon.colcon_core.shell INFO Creating package script '/home/jin/harco/ecvt2_ws/install/ifopt/share/ifopt/package.sh'
[33.724s] colcon.colcon_core.shell INFO Creating package script '/home/jin/harco/ecvt2_ws/install/ifopt/share/ifopt/package.bash'
[33.724s] colcon.colcon_core.shell INFO Creating package script '/home/jin/harco/ecvt2_ws/install/ifopt/share/ifopt/package.zsh'
[33.724s] colcon.colcon_core.environment Level 1 create_file_with_runtime_dependencies(/home/jin/harco/ecvt2_ws/install/ifopt/share/colcon-core/packages/ifopt)
[33.725s] colcon.colcon_ros.task.ament_cmake.build INFO Building ROS package in '/home/jin/harco/ecvt2_ws/ecvt2_controller' with build type 'ament_cmake'
[33.725s] colcon.colcon_cmake.task.cmake.build INFO Building CMake package in '/home/jin/harco/ecvt2_ws/ecvt2_controller'
[33.727s] colcon.colcon_core.shell INFO Skip shell extension 'powershell' for command environment: Not usable outside of PowerShell
[33.727s] colcon.colcon_core.shell DEBUG Skip shell extension 'dsv' for command environment
[33.753s] colcon.colcon_core.event_handler.log_command DEBUG Invoking command in '/home/jin/harco/ecvt2_ws/build/ecvt2_controller': CMAKE_PREFIX_PATH=/home/jin/harco/ecvt2_ws/install/ifopt:/opt/ros/humble LD_LIBRARY_PATH=/home/jin/harco/ecvt2_ws/install/ifopt/lib:${LD_LIBRARY_PATH} PKG_CONFIG_PATH=/home/jin/harco/ecvt2_ws/install/ifopt/lib/x86_64-linux-gnu/pkgconfig:/home/jin/harco/ecvt2_ws/install/ifopt/lib/pkgconfig /usr/bin/cmake /home/jin/harco/ecvt2_ws/ecvt2_controller -DBUILD_SNOPT=OFF -DCMAKE_INSTALL_PREFIX=/home/jin/harco/ecvt2_ws/install/ecvt2_controller
[35.258s] colcon.colcon_core.event_handler.log_command DEBUG Invoked command in '/home/jin/harco/ecvt2_ws/build/ecvt2_controller' returned '0': CMAKE_PREFIX_PATH=/home/jin/harco/ecvt2_ws/install/ifopt:/opt/ros/humble LD_LIBRARY_PATH=/home/jin/harco/ecvt2_ws/install/ifopt/lib:${LD_LIBRARY_PATH} PKG_CONFIG_PATH=/home/jin/harco/ecvt2_ws/install/ifopt/lib/x86_64-linux-gnu/pkgconfig:/home/jin/harco/ecvt2_ws/install/ifopt/lib/pkgconfig /usr/bin/cmake /home/jin/harco/ecvt2_ws/ecvt2_controller -DBUILD_SNOPT=OFF -DCMAKE_INSTALL_PREFIX=/home/jin/harco/ecvt2_ws/install/ecvt2_controller
[35.260s] colcon.colcon_core.event_handler.log_command DEBUG Invoking command in '/home/jin/harco/ecvt2_ws/build/ecvt2_controller': CMAKE_PREFIX_PATH=/home/jin/harco/ecvt2_ws/install/ifopt:/opt/ros/humble LD_LIBRARY_PATH=/home/jin/harco/ecvt2_ws/install/ifopt/lib:${LD_LIBRARY_PATH} PKG_CONFIG_PATH=/home/jin/harco/ecvt2_ws/install/ifopt/lib/x86_64-linux-gnu/pkgconfig:/home/jin/harco/ecvt2_ws/install/ifopt/lib/pkgconfig /usr/bin/cmake --build /home/jin/harco/ecvt2_ws/build/ecvt2_controller -- -j20 -l20
[110.955s] colcon.colcon_core.event_handler.log_command DEBUG Invoked command in '/home/jin/harco/ecvt2_ws/build/ecvt2_controller' returned '0': CMAKE_PREFIX_PATH=/home/jin/harco/ecvt2_ws/install/ifopt:/opt/ros/humble LD_LIBRARY_PATH=/home/jin/harco/ecvt2_ws/install/ifopt/lib:${LD_LIBRARY_PATH} PKG_CONFIG_PATH=/home/jin/harco/ecvt2_ws/install/ifopt/lib/x86_64-linux-gnu/pkgconfig:/home/jin/harco/ecvt2_ws/install/ifopt/lib/pkgconfig /usr/bin/cmake --build /home/jin/harco/ecvt2_ws/build/ecvt2_controller -- -j20 -l20
[110.956s] colcon.colcon_core.event_handler.log_command DEBUG Invoking command in '/home/jin/harco/ecvt2_ws/build/ecvt2_controller': CMAKE_PREFIX_PATH=/home/jin/harco/ecvt2_ws/install/ifopt:/opt/ros/humble LD_LIBRARY_PATH=/home/jin/harco/ecvt2_ws/install/ifopt/lib:${LD_LIBRARY_PATH} PKG_CONFIG_PATH=/home/jin/harco/ecvt2_ws/install/ifopt/lib/x86_64-linux-gnu/pkgconfig:/home/jin/harco/ecvt2_ws/install/ifopt/lib/pkgconfig /usr/bin/cmake --install /home/jin/harco/ecvt2_ws/build/ecvt2_controller
[123.798s] colcon.colcon_core.environment Level 1 create_environment_scripts_only(ecvt2_controller)
[123.802s] colcon.colcon_core.environment Level 1 checking '/home/jin/harco/ecvt2_ws/install/ecvt2_controller' for CMake module files
[123.804s] colcon.colcon_core.environment Level 1 checking '/home/jin/harco/ecvt2_ws/install/ecvt2_controller' for CMake config files
[123.804s] colcon.colcon_core.event_handler.log_command DEBUG Invoked command in '/home/jin/harco/ecvt2_ws/build/ecvt2_controller' returned '0': CMAKE_PREFIX_PATH=/home/jin/harco/ecvt2_ws/install/ifopt:/opt/ros/humble LD_LIBRARY_PATH=/home/jin/harco/ecvt2_ws/install/ifopt/lib:${LD_LIBRARY_PATH} PKG_CONFIG_PATH=/home/jin/harco/ecvt2_ws/install/ifopt/lib/x86_64-linux-gnu/pkgconfig:/home/jin/harco/ecvt2_ws/install/ifopt/lib/pkgconfig /usr/bin/cmake --install /home/jin/harco/ecvt2_ws/build/ecvt2_controller
[123.805s] colcon.colcon_core.shell Level 1 create_environment_hook('ecvt2_controller', 'cmake_prefix_path')
[123.809s] colcon.colcon_core.shell INFO Creating environment hook '/home/jin/harco/ecvt2_ws/install/ecvt2_controller/share/ecvt2_controller/hook/cmake_prefix_path.ps1'
[123.811s] colcon.colcon_core.shell INFO Creating environment descriptor '/home/jin/harco/ecvt2_ws/install/ecvt2_controller/share/ecvt2_controller/hook/cmake_prefix_path.dsv'
[123.811s] colcon.colcon_core.shell INFO Creating environment hook '/home/jin/harco/ecvt2_ws/install/ecvt2_controller/share/ecvt2_controller/hook/cmake_prefix_path.sh'
[123.817s] colcon.colcon_core.environment Level 1 checking '/home/jin/harco/ecvt2_ws/install/ecvt2_controller/lib'
[123.821s] colcon.colcon_core.environment Level 1 checking '/home/jin/harco/ecvt2_ws/install/ecvt2_controller/bin'
[123.821s] colcon.colcon_core.environment Level 1 checking '/home/jin/harco/ecvt2_ws/install/ecvt2_controller/lib/pkgconfig/ecvt2_controller.pc'
[123.821s] colcon.colcon_core.environment Level 1 checking '/home/jin/harco/ecvt2_ws/install/ecvt2_controller/lib/python3.10/site-packages'
[123.822s] colcon.colcon_core.environment Level 1 checking '/home/jin/harco/ecvt2_ws/install/ecvt2_controller/bin'
[123.823s] colcon.colcon_core.shell INFO Creating package script '/home/jin/harco/ecvt2_ws/install/ecvt2_controller/share/ecvt2_controller/package.ps1'
[123.826s] colcon.colcon_core.shell INFO Creating package descriptor '/home/jin/harco/ecvt2_ws/install/ecvt2_controller/share/ecvt2_controller/package.dsv'
[123.830s] colcon.colcon_core.shell INFO Creating package script '/home/jin/harco/ecvt2_ws/install/ecvt2_controller/share/ecvt2_controller/package.sh'
[123.831s] colcon.colcon_core.shell INFO Creating package script '/home/jin/harco/ecvt2_ws/install/ecvt2_controller/share/ecvt2_controller/package.bash'
[123.832s] colcon.colcon_core.shell INFO Creating package script '/home/jin/harco/ecvt2_ws/install/ecvt2_controller/share/ecvt2_controller/package.zsh'
[123.833s] colcon.colcon_core.environment Level 1 create_file_with_runtime_dependencies(/home/jin/harco/ecvt2_ws/install/ecvt2_controller/share/colcon-core/packages/ecvt2_controller)
[123.834s] colcon.colcon_core.environment Level 1 create_environment_scripts_only(ecvt2_controller)
[123.837s] colcon.colcon_core.environment Level 1 checking '/home/jin/harco/ecvt2_ws/install/ecvt2_controller' for CMake module files
[123.838s] colcon.colcon_core.environment Level 1 checking '/home/jin/harco/ecvt2_ws/install/ecvt2_controller' for CMake config files
[123.839s] colcon.colcon_core.shell Level 1 create_environment_hook('ecvt2_controller', 'cmake_prefix_path')
[123.839s] colcon.colcon_core.shell INFO Creating environment hook '/home/jin/harco/ecvt2_ws/install/ecvt2_controller/share/ecvt2_controller/hook/cmake_prefix_path.ps1'
[123.840s] colcon.colcon_core.shell INFO Creating environment descriptor '/home/jin/harco/ecvt2_ws/install/ecvt2_controller/share/ecvt2_controller/hook/cmake_prefix_path.dsv'
[123.845s] colcon.colcon_core.shell INFO Creating environment hook '/home/jin/harco/ecvt2_ws/install/ecvt2_controller/share/ecvt2_controller/hook/cmake_prefix_path.sh'
[123.846s] colcon.colcon_core.environment Level 1 checking '/home/jin/harco/ecvt2_ws/install/ecvt2_controller/lib'
[123.847s] colcon.colcon_core.environment Level 1 checking '/home/jin/harco/ecvt2_ws/install/ecvt2_controller/bin'
[123.847s] colcon.colcon_core.environment Level 1 checking '/home/jin/harco/ecvt2_ws/install/ecvt2_controller/lib/pkgconfig/ecvt2_controller.pc'
[123.847s] colcon.colcon_core.environment Level 1 checking '/home/jin/harco/ecvt2_ws/install/ecvt2_controller/lib/python3.10/site-packages'
[123.856s] colcon.colcon_core.environment Level 1 checking '/home/jin/harco/ecvt2_ws/install/ecvt2_controller/bin'
[123.857s] colcon.colcon_core.shell INFO Creating package script '/home/jin/harco/ecvt2_ws/install/ecvt2_controller/share/ecvt2_controller/package.ps1'
[123.858s] colcon.colcon_core.shell INFO Creating package descriptor '/home/jin/harco/ecvt2_ws/install/ecvt2_controller/share/ecvt2_controller/package.dsv'
[123.863s] colcon.colcon_core.shell INFO Creating package script '/home/jin/harco/ecvt2_ws/install/ecvt2_controller/share/ecvt2_controller/package.sh'
[123.864s] colcon.colcon_core.shell INFO Creating package script '/home/jin/harco/ecvt2_ws/install/ecvt2_controller/share/ecvt2_controller/package.bash'
[123.864s] colcon.colcon_core.shell INFO Creating package script '/home/jin/harco/ecvt2_ws/install/ecvt2_controller/share/ecvt2_controller/package.zsh'
[123.868s] colcon.colcon_core.environment Level 1 create_file_with_runtime_dependencies(/home/jin/harco/ecvt2_ws/install/ecvt2_controller/share/colcon-core/packages/ecvt2_controller)
[123.869s] colcon.colcon_parallel_executor.executor.parallel DEBUG closing loop
[123.871s] colcon.colcon_parallel_executor.executor.parallel DEBUG loop closed
[123.871s] colcon.colcon_parallel_executor.executor.parallel DEBUG run_until_complete finished with '0'
[123.872s] colcon.colcon_core.event_reactor DEBUG joining thread
[123.888s] colcon.colcon_core.plugin_system INFO Skipping extension 'colcon_notification.desktop_notification.terminal_notifier': Not used on non-Darwin systems
[123.888s] colcon.colcon_core.plugin_system INFO Skipping extension 'colcon_notification.desktop_notification.win32': Not used on non-Windows systems
[123.888s] colcon.colcon_notification.desktop_notification INFO Sending desktop notification using 'notify2'
[123.888s] colcon.colcon_notification.desktop_notification.notify2 DEBUG Failed to initialize notify2: org.freedesktop.DBus.Error.AccessDenied: Failed to connect to socket /run/user/1000/bus: Operation not permitted
[123.890s] colcon.colcon_core.event_reactor DEBUG joined thread
[123.891s] colcon.colcon_core.shell INFO Creating prefix script '/home/jin/harco/ecvt2_ws/install/local_setup.ps1'
[123.893s] colcon.colcon_core.shell INFO Creating prefix util module '/home/jin/harco/ecvt2_ws/install/_local_setup_util_ps1.py'
[123.901s] colcon.colcon_core.shell INFO Creating prefix chain script '/home/jin/harco/ecvt2_ws/install/setup.ps1'
[123.904s] colcon.colcon_core.shell INFO Creating prefix script '/home/jin/harco/ecvt2_ws/install/local_setup.sh'
[123.905s] colcon.colcon_core.shell INFO Creating prefix util module '/home/jin/harco/ecvt2_ws/install/_local_setup_util_sh.py'
[123.909s] colcon.colcon_core.shell INFO Creating prefix chain script '/home/jin/harco/ecvt2_ws/install/setup.sh'
[123.911s] colcon.colcon_core.shell INFO Creating prefix script '/home/jin/harco/ecvt2_ws/install/local_setup.bash'
[123.918s] colcon.colcon_core.shell INFO Creating prefix chain script '/home/jin/harco/ecvt2_ws/install/setup.bash'
[123.920s] colcon.colcon_core.shell INFO Creating prefix script '/home/jin/harco/ecvt2_ws/install/local_setup.zsh'
[123.924s] colcon.colcon_core.shell INFO Creating prefix chain script '/home/jin/harco/ecvt2_ws/install/setup.zsh'
