[0.008s] Invoking command in '/home/jin/harco/ecvt2_ws/build/ecvt2_controller': CMAKE_PREFIX_PATH=${CMAKE_PREFIX_PATH}:/home/jin/harco/ecvt2_ws/install/ecvt2_sim:/opt/ros/humble /usr/bin/cmake /home/jin/harco/ecvt2_ws/ecvt2_controller -DAMENT_CMAKE_SYMLINK_INSTALL=1 -DCMAKE_INSTALL_PREFIX=/home/jin/harco/ecvt2_ws/install/ecvt2_controller
[0.015s] -- Found ament_cmake: 1.3.12 (/opt/ros/humble/share/ament_cmake/cmake)
[0.099s] -- Override CMake install command with custom implementation using symlinks instead of copying resources
[0.102s] -- Found rclcpp: 16.0.16 (/opt/ros/humble/share/rclcpp/cmake)
[0.118s] -- Found rosidl_generator_c: 3.1.7 (/opt/ros/humble/share/rosidl_generator_c/cmake)
[0.120s] -- Found rosidl_adapter: 3.1.7 (/opt/ros/humble/share/rosidl_adapter/cmake)
[0.124s] -- Found rosidl_generator_cpp: 3.1.7 (/opt/ros/humble/share/rosidl_generator_cpp/cmake)
[0.130s] -- Using all available rosidl_typesupport_c: rosidl_typesupport_fastrtps_c;rosidl_typesupport_introspection_c
[0.136s] -- Using all available rosidl_typesupport_cpp: rosidl_typesupport_fastrtps_cpp;rosidl_typesupport_introspection_cpp
[0.153s] -- Found rmw_implementation_cmake: 6.1.2 (/opt/ros/humble/share/rmw_implementation_cmake/cmake)
[0.154s] -- Found rmw_fastrtps_cpp: 6.2.9 (/opt/ros/humble/share/rmw_fastrtps_cpp/cmake)
[0.217s] -- Using RMW implementation 'rmw_fastrtps_cpp' as default
[0.245s] -- Found geometry_msgs: 4.9.0 (/opt/ros/humble/share/geometry_msgs/cmake)
[0.251s] -- Found sensor_msgs: 4.9.0 (/opt/ros/humble/share/sensor_msgs/cmake)
[0.260s] -- Found visualization_msgs: 4.9.0 (/opt/ros/humble/share/visualization_msgs/cmake)
[0.270s] -- Found trajectory_msgs: 4.9.0 (/opt/ros/humble/share/trajectory_msgs/cmake)
[0.280s] -- pinocchio_default FOUND. pinocchio_default at /opt/ros/humble/lib/x86_64-linux-gnu/libpinocchio_default.so
[0.280s] -- pinocchio_parsers FOUND. pinocchio_parsers at /opt/ros/humble/lib/x86_64-linux-gnu/libpinocchio_parsers.so
[0.281s] -- pinocchio_casadi not FOUND.
[0.281s] -- boost_filesystem FOUND. boost_filesystem at /usr/lib/x86_64-linux-gnu/libboost_filesystem.so
[0.287s] -- Found Boost: /usr/include (found version "1.74.0") found components: filesystem serialization 
[0.287s] [33mCMake Warning at /opt/openrobots/lib/cmake/hpp-fcl/hpp-fclConfig.cmake:4 (message):
[0.287s]   Please update your CMake from 'hpp-fcl' to 'coal', or define
[0.287s]   COAL_DISABLE_HPP_FCL_WARNINGS
[0.287s] Call Stack (most recent call first):
[0.287s]   /usr/share/cmake-3.22/Modules/CMakeFindDependencyMacro.cmake:47 (find_package)
[0.287s]   /opt/openrobots/lib/cmake/pinocchio/pinocchioConfig.cmake:161 (find_dependency)
[0.287s]   CMakeLists.txt:20 (find_package)
[0.287s] 
[0.287s] [0m
[0.287s] -- coal not FOUND.
[0.291s] -- Found Boost: /usr/include (found version "1.74.0") found components: serialization filesystem 
[0.465s] -- Default C++ standard: 201703
[0.465s] -- C++ standard sufficient: Minimal required 11, currently defined: 17
[0.465s] -- CMAKE_CXX_STANDARD was not set: automatically set to currently defined standard 17
[0.466s] -- C++ standard sufficient: Minimal required 11, currently defined: 17
[0.486s] -- Found ament_lint_auto: 0.12.14 (/opt/ros/humble/share/ament_lint_auto/cmake)
[0.543s] -- Added test 'cppcheck' to perform static code analysis on C / C++ code
[0.543s] -- Configured cppcheck include dirs: $<BUILD_INTERFACE:/home/jin/harco/ecvt2_ws/ecvt2_controller/include>
[0.543s] -- Configured cppcheck exclude dirs and/or files: 
[0.544s] -- Added test 'lint_cmake' to check CMake code style
[0.544s] -- Added test 'uncrustify' to check C / C++ code style
[0.544s] -- Configured uncrustify additional arguments: 
[0.544s] -- Added test 'xmllint' to check XML markup files
[0.545s] -- Configuring done
[0.555s] [33mCMake Warning at CMakeLists.txt:49 (add_executable):
[0.555s]   Cannot generate a safe runtime search path for target base_opt_controller
[0.555s]   because files in some directories may conflict with libraries in implicit
[0.555s]   directories:
[0.555s] 
[0.555s]     runtime library [liburdfdom_sensor.so.3.0] in /usr/lib/x86_64-linux-gnu may be hidden by files in:
[0.556s]       /opt/ros/humble/lib/x86_64-linux-gnu
[0.556s]     runtime library [liburdfdom_model_state.so.3.0] in /usr/lib/x86_64-linux-gnu may be hidden by files in:
[0.556s]       /opt/ros/humble/lib/x86_64-linux-gnu
[0.556s]     runtime library [liburdfdom_model.so.3.0] in /usr/lib/x86_64-linux-gnu may be hidden by files in:
[0.556s]       /opt/ros/humble/lib/x86_64-linux-gnu
[0.556s]     runtime library [liburdfdom_world.so.3.0] in /usr/lib/x86_64-linux-gnu may be hidden by files in:
[0.556s]       /opt/ros/humble/lib/x86_64-linux-gnu
[0.556s]     runtime library [liboctomap.so.1.9] in /usr/lib/x86_64-linux-gnu may be hidden by files in:
[0.556s]       /opt/ros/humble/lib/x86_64-linux-gnu
[0.556s]     runtime library [liboctomath.so.1.9] in /usr/lib/x86_64-linux-gnu may be hidden by files in:
[0.556s]       /opt/ros/humble/lib/x86_64-linux-gnu
[0.556s] 
[0.556s]   Some of these libraries may not be found correctly.
[0.556s] 
[0.556s] [0m
[0.556s] [33mCMake Warning at CMakeLists.txt:49 (add_executable):
[0.556s]   Cannot generate a safe runtime search path for target base_opt_controller
[0.556s]   because there is a cycle in the constraint graph:
[0.556s] 
[0.556s]     dir 0 is [/usr/local/lib]
[0.556s]     dir 1 is [/opt/ros/humble/lib]
[0.556s]     dir 2 is [/opt/ros/humble/lib/x86_64-linux-gnu]
[0.556s]       dir 3 must precede it due to runtime library [libpinocchio_parsers.so.3.9.0]
[0.556s]     dir 3 is [/opt/openrobots/lib]
[0.556s]       dir 2 must precede it due to runtime library [libpinocchio_default.so.3.9.0]
[0.556s] 
[0.556s]   Some of these libraries may not be found correctly.
[0.556s] 
[0.556s] [0m
[0.558s] [33mCMake Warning at CMakeLists.txt:60 (add_executable):
[0.558s]   Cannot generate a safe runtime search path for target wbc_hqp because files
[0.558s]   in some directories may conflict with libraries in implicit directories:
[0.558s] 
[0.558s]     runtime library [liburdfdom_sensor.so.3.0] in /usr/lib/x86_64-linux-gnu may be hidden by files in:
[0.558s]       /opt/ros/humble/lib/x86_64-linux-gnu
[0.558s]     runtime library [liburdfdom_model_state.so.3.0] in /usr/lib/x86_64-linux-gnu may be hidden by files in:
[0.558s]       /opt/ros/humble/lib/x86_64-linux-gnu
[0.559s]     runtime library [liburdfdom_model.so.3.0] in /usr/lib/x86_64-linux-gnu may be hidden by files in:
[0.559s]       /opt/ros/humble/lib/x86_64-linux-gnu
[0.559s]     runtime library [liburdfdom_world.so.3.0] in /usr/lib/x86_64-linux-gnu may be hidden by files in:
[0.559s]       /opt/ros/humble/lib/x86_64-linux-gnu
[0.559s]     runtime library [liboctomap.so.1.9] in /usr/lib/x86_64-linux-gnu may be hidden by files in:
[0.559s]       /opt/ros/humble/lib/x86_64-linux-gnu
[0.559s]     runtime library [liboctomath.so.1.9] in /usr/lib/x86_64-linux-gnu may be hidden by files in:
[0.559s]       /opt/ros/humble/lib/x86_64-linux-gnu
[0.559s] 
[0.559s]   Some of these libraries may not be found correctly.
[0.559s] 
[0.559s] [0m
[0.559s] [33mCMake Warning at CMakeLists.txt:60 (add_executable):
[0.559s]   Cannot generate a safe runtime search path for target wbc_hqp because there
[0.559s]   is a cycle in the constraint graph:
[0.559s] 
[0.559s]     dir 0 is [/usr/local/lib]
[0.559s]     dir 1 is [/opt/ros/humble/lib]
[0.559s]     dir 2 is [/opt/ros/humble/lib/x86_64-linux-gnu]
[0.559s]       dir 3 must precede it due to runtime library [libpinocchio_parsers.so.3.9.0]
[0.559s]     dir 3 is [/opt/openrobots/lib]
[0.559s]       dir 2 must precede it due to runtime library [libpinocchio_default.so.3.9.0]
[0.559s] 
[0.559s]   Some of these libraries may not be found correctly.
[0.559s] 
[0.560s] [0m
[0.561s] [33mCMake Warning at CMakeLists.txt:71 (add_executable):
[0.561s]   Cannot generate a safe runtime search path for target wbc_hqp_v2 because
[0.561s]   files in some directories may conflict with libraries in implicit
[0.561s]   directories:
[0.561s] 
[0.561s]     runtime library [liburdfdom_sensor.so.3.0] in /usr/lib/x86_64-linux-gnu may be hidden by files in:
[0.561s]       /opt/ros/humble/lib/x86_64-linux-gnu
[0.561s]     runtime library [liburdfdom_model_state.so.3.0] in /usr/lib/x86_64-linux-gnu may be hidden by files in:
[0.561s]       /opt/ros/humble/lib/x86_64-linux-gnu
[0.561s]     runtime library [liburdfdom_model.so.3.0] in /usr/lib/x86_64-linux-gnu may be hidden by files in:
[0.561s]       /opt/ros/humble/lib/x86_64-linux-gnu
[0.561s]     runtime library [liburdfdom_world.so.3.0] in /usr/lib/x86_64-linux-gnu may be hidden by files in:
[0.561s]       /opt/ros/humble/lib/x86_64-linux-gnu
[0.561s]     runtime library [liboctomap.so.1.9] in /usr/lib/x86_64-linux-gnu may be hidden by files in:
[0.561s]       /opt/ros/humble/lib/x86_64-linux-gnu
[0.561s]     runtime library [liboctomath.so.1.9] in /usr/lib/x86_64-linux-gnu may be hidden by files in:
[0.561s]       /opt/ros/humble/lib/x86_64-linux-gnu
[0.561s] 
[0.561s]   Some of these libraries may not be found correctly.
[0.561s] 
[0.561s] [0m
[0.561s] [33mCMake Warning at CMakeLists.txt:71 (add_executable):
[0.561s]   Cannot generate a safe runtime search path for target wbc_hqp_v2 because
[0.561s]   there is a cycle in the constraint graph:
[0.561s] 
[0.561s]     dir 0 is [/usr/local/lib]
[0.561s]     dir 1 is [/opt/ros/humble/lib]
[0.561s]     dir 2 is [/opt/ros/humble/lib/x86_64-linux-gnu]
[0.561s]       dir 3 must precede it due to runtime library [libpinocchio_parsers.so.3.9.0]
[0.561s]     dir 3 is [/opt/openrobots/lib]
[0.561s]       dir 2 must precede it due to runtime library [libpinocchio_default.so.3.9.0]
[0.561s] 
[0.561s]   Some of these libraries may not be found correctly.
[0.561s] 
[0.561s] [0m
[0.563s] [33mCMake Warning at CMakeLists.txt:83 (add_executable):
[0.563s]   Cannot generate a safe runtime search path for target wbc_hqp_v3 because
[0.563s]   files in some directories may conflict with libraries in implicit
[0.563s]   directories:
[0.563s] 
[0.563s]     runtime library [liburdfdom_sensor.so.3.0] in /usr/lib/x86_64-linux-gnu may be hidden by files in:
[0.563s]       /opt/ros/humble/lib/x86_64-linux-gnu
[0.563s]     runtime library [liburdfdom_model_state.so.3.0] in /usr/lib/x86_64-linux-gnu may be hidden by files in:
[0.563s]       /opt/ros/humble/lib/x86_64-linux-gnu
[0.563s]     runtime library [liburdfdom_model.so.3.0] in /usr/lib/x86_64-linux-gnu may be hidden by files in:
[0.563s]       /opt/ros/humble/lib/x86_64-linux-gnu
[0.563s]     runtime library [liburdfdom_world.so.3.0] in /usr/lib/x86_64-linux-gnu may be hidden by files in:
[0.563s]       /opt/ros/humble/lib/x86_64-linux-gnu
[0.564s]     runtime library [liboctomap.so.1.9] in /usr/lib/x86_64-linux-gnu may be hidden by files in:
[0.564s]       /opt/ros/humble/lib/x86_64-linux-gnu
[0.564s]     runtime library [liboctomath.so.1.9] in /usr/lib/x86_64-linux-gnu may be hidden by files in:
[0.564s]       /opt/ros/humble/lib/x86_64-linux-gnu
[0.564s] 
[0.564s]   Some of these libraries may not be found correctly.
[0.564s] 
[0.564s] [0m
[0.564s] [33mCMake Warning at CMakeLists.txt:83 (add_executable):
[0.564s]   Cannot generate a safe runtime search path for target wbc_hqp_v3 because
[0.564s]   there is a cycle in the constraint graph:
[0.564s] 
[0.564s]     dir 0 is [/usr/local/lib]
[0.564s]     dir 1 is [/opt/ros/humble/lib]
[0.564s]     dir 2 is [/opt/ros/humble/lib/x86_64-linux-gnu]
[0.564s]       dir 3 must precede it due to runtime library [libpinocchio_parsers.so.3.9.0]
[0.564s]     dir 3 is [/opt/openrobots/lib]
[0.564s]       dir 2 must precede it due to runtime library [libpinocchio_default.so.3.9.0]
[0.564s] 
[0.564s]   Some of these libraries may not be found correctly.
[0.564s] 
[0.564s] [0m
[0.566s] [33mCMake Warning at CMakeLists.txt:95 (add_executable):
[0.566s]   Cannot generate a safe runtime search path for target
[0.566s]   base_arm_task_controller because files in some directories may conflict
[0.566s]   with libraries in implicit directories:
[0.566s] 
[0.566s]     runtime library [liburdfdom_sensor.so.3.0] in /usr/lib/x86_64-linux-gnu may be hidden by files in:
[0.566s]       /opt/ros/humble/lib/x86_64-linux-gnu
[0.566s]     runtime library [liburdfdom_model_state.so.3.0] in /usr/lib/x86_64-linux-gnu may be hidden by files in:
[0.566s]       /opt/ros/humble/lib/x86_64-linux-gnu
[0.566s]     runtime library [liburdfdom_model.so.3.0] in /usr/lib/x86_64-linux-gnu may be hidden by files in:
[0.566s]       /opt/ros/humble/lib/x86_64-linux-gnu
[0.566s]     runtime library [liburdfdom_world.so.3.0] in /usr/lib/x86_64-linux-gnu may be hidden by files in:
[0.566s]       /opt/ros/humble/lib/x86_64-linux-gnu
[0.566s]     runtime library [liboctomap.so.1.9] in /usr/lib/x86_64-linux-gnu may be hidden by files in:
[0.566s]       /opt/ros/humble/lib/x86_64-linux-gnu
[0.566s]     runtime library [liboctomath.so.1.9] in /usr/lib/x86_64-linux-gnu may be hidden by files in:
[0.566s]       /opt/ros/humble/lib/x86_64-linux-gnu
[0.566s] 
[0.566s]   Some of these libraries may not be found correctly.
[0.566s] 
[0.566s] [0m
[0.566s] [33mCMake Warning at CMakeLists.txt:95 (add_executable):
[0.566s]   Cannot generate a safe runtime search path for target
[0.566s]   base_arm_task_controller because there is a cycle in the constraint graph:
[0.566s] 
[0.566s]     dir 0 is [/usr/local/lib]
[0.566s]     dir 1 is [/opt/ros/humble/lib]
[0.566s]     dir 2 is [/opt/ros/humble/lib/x86_64-linux-gnu]
[0.566s]       dir 3 must precede it due to runtime library [libpinocchio_parsers.so.3.9.0]
[0.567s]     dir 3 is [/opt/openrobots/lib]
[0.567s]       dir 2 must precede it due to runtime library [libpinocchio_default.so.3.9.0]
[0.567s] 
[0.567s]   Some of these libraries may not be found correctly.
[0.567s] 
[0.567s] [0m
[0.568s] [33mCMake Warning at CMakeLists.txt:106 (add_executable):
[0.568s]   Cannot generate a safe runtime search path for target
[0.568s]   base_arm_task_controller_v2 because files in some directories may conflict
[0.568s]   with libraries in implicit directories:
[0.568s] 
[0.568s]     runtime library [liburdfdom_sensor.so.3.0] in /usr/lib/x86_64-linux-gnu may be hidden by files in:
[0.568s]       /opt/ros/humble/lib/x86_64-linux-gnu
[0.569s]     runtime library [liburdfdom_model_state.so.3.0] in /usr/lib/x86_64-linux-gnu may be hidden by files in:
[0.569s]       /opt/ros/humble/lib/x86_64-linux-gnu
[0.569s]     runtime library [liburdfdom_model.so.3.0] in /usr/lib/x86_64-linux-gnu may be hidden by files in:
[0.569s]       /opt/ros/humble/lib/x86_64-linux-gnu
[0.569s]     runtime library [liburdfdom_world.so.3.0] in /usr/lib/x86_64-linux-gnu may be hidden by files in:
[0.569s]       /opt/ros/humble/lib/x86_64-linux-gnu
[0.569s]     runtime library [liboctomap.so.1.9] in /usr/lib/x86_64-linux-gnu may be hidden by files in:
[0.569s]       /opt/ros/humble/lib/x86_64-linux-gnu
[0.569s]     runtime library [liboctomath.so.1.9] in /usr/lib/x86_64-linux-gnu may be hidden by files in:
[0.569s]       /opt/ros/humble/lib/x86_64-linux-gnu
[0.569s] 
[0.569s]   Some of these libraries may not be found correctly.
[0.569s] 
[0.569s] [0m
[0.569s] [33mCMake Warning at CMakeLists.txt:106 (add_executable):
[0.569s]   Cannot generate a safe runtime search path for target
[0.569s]   base_arm_task_controller_v2 because there is a cycle in the constraint
[0.569s]   graph:
[0.569s] 
[0.569s]     dir 0 is [/usr/local/lib]
[0.569s]     dir 1 is [/opt/ros/humble/lib]
[0.569s]     dir 2 is [/opt/ros/humble/lib/x86_64-linux-gnu]
[0.569s]       dir 3 must precede it due to runtime library [libpinocchio_parsers.so.3.9.0]
[0.569s]     dir 3 is [/opt/openrobots/lib]
[0.569s]       dir 2 must precede it due to runtime library [libpinocchio_default.so.3.9.0]
[0.569s] 
[0.569s]   Some of these libraries may not be found correctly.
[0.569s] 
[0.569s] [0m
[0.571s] [33mCMake Warning at CMakeLists.txt:117 (add_executable):
[0.571s]   Cannot generate a safe runtime search path for target
[0.571s]   base_arm_task_controller_full because files in some directories may
[0.571s]   conflict with libraries in implicit directories:
[0.571s] 
[0.571s]     runtime library [liburdfdom_sensor.so.3.0] in /usr/lib/x86_64-linux-gnu may be hidden by files in:
[0.571s]       /opt/ros/humble/lib/x86_64-linux-gnu
[0.571s]     runtime library [liburdfdom_model_state.so.3.0] in /usr/lib/x86_64-linux-gnu may be hidden by files in:
[0.571s]       /opt/ros/humble/lib/x86_64-linux-gnu
[0.571s]     runtime library [liburdfdom_model.so.3.0] in /usr/lib/x86_64-linux-gnu may be hidden by files in:
[0.571s]       /opt/ros/humble/lib/x86_64-linux-gnu
[0.571s]     runtime library [liburdfdom_world.so.3.0] in /usr/lib/x86_64-linux-gnu may be hidden by files in:
[0.571s]       /opt/ros/humble/lib/x86_64-linux-gnu
[0.571s]     runtime library [liboctomap.so.1.9] in /usr/lib/x86_64-linux-gnu may be hidden by files in:
[0.571s]       /opt/ros/humble/lib/x86_64-linux-gnu
[0.571s]     runtime library [liboctomath.so.1.9] in /usr/lib/x86_64-linux-gnu may be hidden by files in:
[0.571s]       /opt/ros/humble/lib/x86_64-linux-gnu
[0.571s] 
[0.571s]   Some of these libraries may not be found correctly.
[0.571s] 
[0.571s] [0m
[0.571s] [33mCMake Warning at CMakeLists.txt:117 (add_executable):
[0.571s]   Cannot generate a safe runtime search path for target
[0.572s]   base_arm_task_controller_full because there is a cycle in the constraint
[0.572s]   graph:
[0.572s] 
[0.572s]     dir 0 is [/usr/local/lib]
[0.572s]     dir 1 is [/opt/ros/humble/lib]
[0.572s]     dir 2 is [/opt/ros/humble/lib/x86_64-linux-gnu]
[0.572s]       dir 3 must precede it due to runtime library [libpinocchio_parsers.so.3.9.0]
[0.572s]     dir 3 is [/opt/openrobots/lib]
[0.572s]       dir 2 must precede it due to runtime library [libpinocchio_default.so.3.9.0]
[0.572s] 
[0.572s]   Some of these libraries may not be found correctly.
[0.572s] 
[0.572s] [0m
[0.576s] [33mCMake Warning at CMakeLists.txt:141 (add_executable):
[0.576s]   Cannot generate a safe runtime search path for target pin_test because
[0.576s]   files in some directories may conflict with libraries in implicit
[0.576s]   directories:
[0.576s] 
[0.576s]     runtime library [liburdfdom_sensor.so.3.0] in /usr/lib/x86_64-linux-gnu may be hidden by files in:
[0.576s]       /opt/ros/humble/lib/x86_64-linux-gnu
[0.576s]     runtime library [liburdfdom_model_state.so.3.0] in /usr/lib/x86_64-linux-gnu may be hidden by files in:
[0.576s]       /opt/ros/humble/lib/x86_64-linux-gnu
[0.576s]     runtime library [liburdfdom_model.so.3.0] in /usr/lib/x86_64-linux-gnu may be hidden by files in:
[0.576s]       /opt/ros/humble/lib/x86_64-linux-gnu
[0.577s]     runtime library [liburdfdom_world.so.3.0] in /usr/lib/x86_64-linux-gnu may be hidden by files in:
[0.577s]       /opt/ros/humble/lib/x86_64-linux-gnu
[0.577s]     runtime library [liboctomap.so.1.9] in /usr/lib/x86_64-linux-gnu may be hidden by files in:
[0.577s]       /opt/ros/humble/lib/x86_64-linux-gnu
[0.577s]     runtime library [liboctomath.so.1.9] in /usr/lib/x86_64-linux-gnu may be hidden by files in:
[0.577s]       /opt/ros/humble/lib/x86_64-linux-gnu
[0.577s] 
[0.577s]   Some of these libraries may not be found correctly.
[0.577s] 
[0.577s] [0m
[0.577s] [33mCMake Warning at CMakeLists.txt:141 (add_executable):
[0.577s]   Cannot generate a safe runtime search path for target pin_test because
[0.577s]   there is a cycle in the constraint graph:
[0.577s] 
[0.577s]     dir 0 is [/opt/ros/humble/lib]
[0.577s]     dir 1 is [/opt/openrobots/lib]
[0.577s]       dir 2 must precede it due to runtime library [libpinocchio_default.so.3.9.0]
[0.577s]     dir 2 is [/opt/ros/humble/lib/x86_64-linux-gnu]
[0.577s]       dir 1 must precede it due to runtime library [libpinocchio_parsers.so.3.9.0]
[0.577s] 
[0.577s]   Some of these libraries may not be found correctly.
[0.577s] 
[0.577s] [0m
[0.586s] -- Generating done
[0.600s] -- Build files have been written to: /home/jin/harco/ecvt2_ws/build/ecvt2_controller
[0.607s] Invoked command in '/home/jin/harco/ecvt2_ws/build/ecvt2_controller' returned '0': CMAKE_PREFIX_PATH=${CMAKE_PREFIX_PATH}:/home/jin/harco/ecvt2_ws/install/ecvt2_sim:/opt/ros/humble /usr/bin/cmake /home/jin/harco/ecvt2_ws/ecvt2_controller -DAMENT_CMAKE_SYMLINK_INSTALL=1 -DCMAKE_INSTALL_PREFIX=/home/jin/harco/ecvt2_ws/install/ecvt2_controller
[0.608s] Invoking command in '/home/jin/harco/ecvt2_ws/build/ecvt2_controller': CMAKE_PREFIX_PATH=${CMAKE_PREFIX_PATH}:/home/jin/harco/ecvt2_ws/install/ecvt2_sim:/opt/ros/humble /usr/bin/cmake --build /home/jin/harco/ecvt2_ws/build/ecvt2_controller -- -j20 -l20
[0.636s] [35m[1mConsolidate compiler generated dependencies of target com_trajectory_publisher[0m
[0.636s] [35m[1mConsolidate compiler generated dependencies of target teleop_goal_publisher[0m
[0.637s] [35m[1mConsolidate compiler generated dependencies of target vp_sto_global_planner_node[0m
[0.637s] [35m[1mConsolidate compiler generated dependencies of target live_upper_dynamics_node[0m
[0.637s] [35m[1mConsolidate compiler generated dependencies of target vp_sto_global_planner_full_node[0m
[0.637s] [35m[1mConsolidate compiler generated dependencies of target vp_sto_paper_global_planner_node[0m
[0.638s] [35m[1mConsolidate compiler generated dependencies of target wbc_hqp_lib[0m
[0.640s] [35m[1mConsolidate compiler generated dependencies of target kdl_utils[0m
[0.648s] [  6%] Built target teleop_goal_publisher
[0.652s] [ 12%] Built target wbc_hqp_lib
[0.652s] [ 18%] Built target com_trajectory_publisher
[0.660s] [ 25%] Built target vp_sto_global_planner_full_node
[0.660s] [ 31%] Built target vp_sto_paper_global_planner_node
[0.662s] [ 37%] Built target kdl_utils
[0.662s] [ 50%] Built target live_upper_dynamics_node
[0.662s] [ 50%] Built target vp_sto_global_planner_node
[0.668s] [35m[1mConsolidate compiler generated dependencies of target wbc_hqp[0m
[0.668s] [35m[1mConsolidate compiler generated dependencies of target base_opt_controller[0m
[0.668s] [35m[1mConsolidate compiler generated dependencies of target wbc_hqp_v2[0m
[0.668s] [35m[1mConsolidate compiler generated dependencies of target base_arm_task_controller_full[0m
[0.668s] [35m[1mConsolidate compiler generated dependencies of target base_arm_task_controller[0m
[0.671s] [35m[1mConsolidate compiler generated dependencies of target base_arm_task_controller_v2[0m
[0.671s] [35m[1mConsolidate compiler generated dependencies of target wbc_hqp_v3[0m
[0.672s] [35m[1mConsolidate compiler generated dependencies of target pin_test[0m
[0.679s] [ 68%] Built target wbc_hqp_v2
[0.679s] [ 68%] Built target base_opt_controller
[0.679s] [ 68%] Built target base_arm_task_controller_full
[0.680s] [ 75%] Built target base_arm_task_controller
[0.685s] [ 81%] Built target wbc_hqp
[0.687s] [ 87%] Built target base_arm_task_controller_v2
[0.688s] [ 93%] Built target wbc_hqp_v3
[0.697s] [100%] Built target pin_test
[0.705s] Invoked command in '/home/jin/harco/ecvt2_ws/build/ecvt2_controller' returned '0': CMAKE_PREFIX_PATH=${CMAKE_PREFIX_PATH}:/home/jin/harco/ecvt2_ws/install/ecvt2_sim:/opt/ros/humble /usr/bin/cmake --build /home/jin/harco/ecvt2_ws/build/ecvt2_controller -- -j20 -l20
[0.706s] Invoking command in '/home/jin/harco/ecvt2_ws/build/ecvt2_controller': CMAKE_PREFIX_PATH=${CMAKE_PREFIX_PATH}:/home/jin/harco/ecvt2_ws/install/ecvt2_sim:/opt/ros/humble /usr/bin/cmake --install /home/jin/harco/ecvt2_ws/build/ecvt2_controller
[0.711s] -- Install configuration: ""
[0.711s] -- Execute custom install script
[0.711s] -- Up-to-date symlink: /home/jin/harco/ecvt2_ws/install/ecvt2_controller/lib/ecvt2_controller/teleop_goal_publisher
[0.711s] -- Up-to-date symlink: /home/jin/harco/ecvt2_ws/install/ecvt2_controller/lib/ecvt2_controller/live_upper_dynamics_node
[0.712s] -- Up-to-date symlink: /home/jin/harco/ecvt2_ws/install/ecvt2_controller/lib/ecvt2_controller/vp_sto_global_planner_node
[0.712s] -- Up-to-date symlink: /home/jin/harco/ecvt2_ws/install/ecvt2_controller/lib/ecvt2_controller/vp_sto_global_planner_full_node
[0.712s] -- Up-to-date symlink: /home/jin/harco/ecvt2_ws/install/ecvt2_controller/lib/ecvt2_controller/vp_sto_paper_global_planner_node
[0.712s] -- Up-to-date symlink: /home/jin/harco/ecvt2_ws/install/ecvt2_controller/include/ecvt2_controller/kdl_utils.hpp
[0.712s] -- Up-to-date symlink: /home/jin/harco/ecvt2_ws/install/ecvt2_controller/include/ecvt2_controller/wbc_hqp_lib.hpp
[0.712s] -- Up-to-date symlink: /home/jin/harco/ecvt2_ws/install/ecvt2_controller/lib/libkdl_utils.a
[0.712s] -- Up-to-date symlink: /home/jin/harco/ecvt2_ws/install/ecvt2_controller/lib/libwbc_hqp_lib.a
[0.712s] -- Up-to-date symlink: /home/jin/harco/ecvt2_ws/install/ecvt2_controller/lib/ecvt2_controller/base_opt_controller
[0.712s] -- Up-to-date symlink: /home/jin/harco/ecvt2_ws/install/ecvt2_controller/lib/ecvt2_controller/wbc_hqp
[0.712s] -- Up-to-date symlink: /home/jin/harco/ecvt2_ws/install/ecvt2_controller/lib/ecvt2_controller/wbc_hqp_v2
[0.712s] -- Up-to-date symlink: /home/jin/harco/ecvt2_ws/install/ecvt2_controller/lib/ecvt2_controller/wbc_hqp_v3
[0.712s] -- Up-to-date symlink: /home/jin/harco/ecvt2_ws/install/ecvt2_controller/lib/ecvt2_controller/base_arm_task_controller
[0.712s] -- Up-to-date symlink: /home/jin/harco/ecvt2_ws/install/ecvt2_controller/lib/ecvt2_controller/base_arm_task_controller_v2
[0.713s] -- Up-to-date symlink: /home/jin/harco/ecvt2_ws/install/ecvt2_controller/lib/ecvt2_controller/base_arm_task_controller_full
[0.713s] -- Up-to-date symlink: /home/jin/harco/ecvt2_ws/install/ecvt2_controller/lib/ecvt2_controller/teleop_goal_publisher
[0.713s] -- Up-to-date symlink: /home/jin/harco/ecvt2_ws/install/ecvt2_controller/lib/ecvt2_controller/com_trajectory_publisher
[0.713s] -- Up-to-date symlink: /home/jin/harco/ecvt2_ws/install/ecvt2_controller/lib/ecvt2_controller/pin_test
[0.713s] -- Up-to-date symlink: /home/jin/harco/ecvt2_ws/install/ecvt2_controller/share/ament_index/resource_index/package_run_dependencies/ecvt2_controller
[0.713s] -- Up-to-date symlink: /home/jin/harco/ecvt2_ws/install/ecvt2_controller/share/ament_index/resource_index/parent_prefix_path/ecvt2_controller
[0.713s] -- Up-to-date symlink: /home/jin/harco/ecvt2_ws/install/ecvt2_controller/share/ecvt2_controller/environment/ament_prefix_path.sh
[0.713s] -- Up-to-date symlink: /home/jin/harco/ecvt2_ws/install/ecvt2_controller/share/ecvt2_controller/environment/ament_prefix_path.dsv
[0.713s] -- Up-to-date symlink: /home/jin/harco/ecvt2_ws/install/ecvt2_controller/share/ecvt2_controller/environment/path.sh
[0.713s] -- Up-to-date symlink: /home/jin/harco/ecvt2_ws/install/ecvt2_controller/share/ecvt2_controller/environment/path.dsv
[0.713s] -- Up-to-date symlink: /home/jin/harco/ecvt2_ws/install/ecvt2_controller/share/ecvt2_controller/local_setup.bash
[0.713s] -- Up-to-date symlink: /home/jin/harco/ecvt2_ws/install/ecvt2_controller/share/ecvt2_controller/local_setup.sh
[0.713s] -- Up-to-date symlink: /home/jin/harco/ecvt2_ws/install/ecvt2_controller/share/ecvt2_controller/local_setup.zsh
[0.713s] -- Up-to-date symlink: /home/jin/harco/ecvt2_ws/install/ecvt2_controller/share/ecvt2_controller/local_setup.dsv
[0.713s] -- Symlinking: /home/jin/harco/ecvt2_ws/install/ecvt2_controller/share/ecvt2_controller/package.dsv
[0.720s] -- Up-to-date symlink: /home/jin/harco/ecvt2_ws/install/ecvt2_controller/share/ament_index/resource_index/packages/ecvt2_controller
[0.720s] -- Up-to-date symlink: /home/jin/harco/ecvt2_ws/install/ecvt2_controller/share/ecvt2_controller/cmake/ecvt2_controllerConfig.cmake
[0.720s] -- Up-to-date symlink: /home/jin/harco/ecvt2_ws/install/ecvt2_controller/share/ecvt2_controller/cmake/ecvt2_controllerConfig-version.cmake
[0.720s] -- Up-to-date symlink: /home/jin/harco/ecvt2_ws/install/ecvt2_controller/share/ecvt2_controller/package.xml
[0.721s] Invoked command in '/home/jin/harco/ecvt2_ws/build/ecvt2_controller' returned '0': CMAKE_PREFIX_PATH=${CMAKE_PREFIX_PATH}:/home/jin/harco/ecvt2_ws/install/ecvt2_sim:/opt/ros/humble /usr/bin/cmake --install /home/jin/harco/ecvt2_ws/build/ecvt2_controller
