[0.440s] Invoking command in '/home/jin/harco/ecvt2_ws/build/ecvt2_sim': PYTHONPATH=/home/jin/harco/ecvt2_ws/build/ecvt2_sim/prefix_override:/usr/lib/python3/dist-packages/colcon_core/task/python/colcon_distutils_commands:/home/jin/harco/ecvt2_ws/install/ecvt2_sim/lib/python3.10/site-packages:${PYTHONPATH} /usr/bin/python3 -W ignore:setup.py install is deprecated -W ignore:easy_install command is deprecated setup.py develop --uninstall --editable --build-directory /home/jin/harco/ecvt2_ws/build/ecvt2_sim/build
[0.608s] running develop
[0.727s] Removing /home/jin/harco/ecvt2_ws/install/ecvt2_sim/lib/python3.10/site-packages/ecvt2-sim.egg-link (link to .)
[0.743s] Invoked command in '/home/jin/harco/ecvt2_ws/build/ecvt2_sim' returned '0': PYTHONPATH=/home/jin/harco/ecvt2_ws/build/ecvt2_sim/prefix_override:/usr/lib/python3/dist-packages/colcon_core/task/python/colcon_distutils_commands:/home/jin/harco/ecvt2_ws/install/ecvt2_sim/lib/python3.10/site-packages:${PYTHONPATH} /usr/bin/python3 -W ignore:setup.py install is deprecated -W ignore:easy_install command is deprecated setup.py develop --uninstall --editable --build-directory /home/jin/harco/ecvt2_ws/build/ecvt2_sim/build
[0.744s] Invoking command in '/home/jin/harco/ecvt2_ws/ecvt2_sim': PYTHONPATH=/home/jin/harco/ecvt2_ws/build/ecvt2_sim/prefix_override:/usr/lib/python3/dist-packages/colcon_core/task/python/colcon_distutils_commands:/home/jin/harco/ecvt2_ws/install/ecvt2_sim/lib/python3.10/site-packages:${PYTHONPATH} /usr/bin/python3 -W ignore:setup.py install is deprecated -W ignore:easy_install command is deprecated setup.py egg_info --egg-base ../build/ecvt2_sim build --build-base /home/jin/harco/ecvt2_ws/build/ecvt2_sim/build install --record /home/jin/harco/ecvt2_ws/build/ecvt2_sim/install.log --single-version-externally-managed install_data --force
[0.880s] running egg_info
[0.888s] writing ../build/ecvt2_sim/ecvt2_sim.egg-info/PKG-INFO
[0.889s] writing dependency_links to ../build/ecvt2_sim/ecvt2_sim.egg-info/dependency_links.txt
[0.889s] writing entry points to ../build/ecvt2_sim/ecvt2_sim.egg-info/entry_points.txt
[0.889s] writing requirements to ../build/ecvt2_sim/ecvt2_sim.egg-info/requires.txt
[0.889s] writing top-level names to ../build/ecvt2_sim/ecvt2_sim.egg-info/top_level.txt
[0.907s] reading manifest file '../build/ecvt2_sim/ecvt2_sim.egg-info/SOURCES.txt'
[0.908s] writing manifest file '../build/ecvt2_sim/ecvt2_sim.egg-info/SOURCES.txt'
[0.908s] running build
[0.908s] running build_py
[0.908s] copying ecvt2_sim/robot_node.py -> /home/jin/harco/ecvt2_ws/build/ecvt2_sim/build/lib/ecvt2_sim
[0.908s] copying ecvt2_sim/sin_velocity_publisher.py -> /home/jin/harco/ecvt2_ws/build/ecvt2_sim/build/lib/ecvt2_sim
[0.908s] copying ecvt2_sim/upper_node.py -> /home/jin/harco/ecvt2_ws/build/ecvt2_sim/build/lib/ecvt2_sim
[0.908s] copying ecvt2_sim/test_upper_node.py -> /home/jin/harco/ecvt2_ws/build/ecvt2_sim/build/lib/ecvt2_sim
[0.908s] copying ecvt2_sim/test_robot_node.py -> /home/jin/harco/ecvt2_ws/build/ecvt2_sim/build/lib/ecvt2_sim
[0.908s] copying ecvt2_sim/__init__.py -> /home/jin/harco/ecvt2_ws/build/ecvt2_sim/build/lib/ecvt2_sim
[0.908s] running install
[0.911s] running install_lib
[0.919s] creating /home/jin/harco/ecvt2_ws/install/ecvt2_sim/lib/python3.10/site-packages/ecvt2_sim
[0.920s] copying /home/jin/harco/ecvt2_ws/build/ecvt2_sim/build/lib/ecvt2_sim/robot_node.py -> /home/jin/harco/ecvt2_ws/install/ecvt2_sim/lib/python3.10/site-packages/ecvt2_sim
[0.920s] copying /home/jin/harco/ecvt2_ws/build/ecvt2_sim/build/lib/ecvt2_sim/sin_velocity_publisher.py -> /home/jin/harco/ecvt2_ws/install/ecvt2_sim/lib/python3.10/site-packages/ecvt2_sim
[0.920s] copying /home/jin/harco/ecvt2_ws/build/ecvt2_sim/build/lib/ecvt2_sim/upper_node.py -> /home/jin/harco/ecvt2_ws/install/ecvt2_sim/lib/python3.10/site-packages/ecvt2_sim
[0.920s] copying /home/jin/harco/ecvt2_ws/build/ecvt2_sim/build/lib/ecvt2_sim/test_upper_node.py -> /home/jin/harco/ecvt2_ws/install/ecvt2_sim/lib/python3.10/site-packages/ecvt2_sim
[0.920s] copying /home/jin/harco/ecvt2_ws/build/ecvt2_sim/build/lib/ecvt2_sim/test_robot_node.py -> /home/jin/harco/ecvt2_ws/install/ecvt2_sim/lib/python3.10/site-packages/ecvt2_sim
[0.920s] copying /home/jin/harco/ecvt2_ws/build/ecvt2_sim/build/lib/ecvt2_sim/__init__.py -> /home/jin/harco/ecvt2_ws/install/ecvt2_sim/lib/python3.10/site-packages/ecvt2_sim
[0.920s] byte-compiling /home/jin/harco/ecvt2_ws/install/ecvt2_sim/lib/python3.10/site-packages/ecvt2_sim/robot_node.py to robot_node.cpython-310.pyc
[0.922s] byte-compiling /home/jin/harco/ecvt2_ws/install/ecvt2_sim/lib/python3.10/site-packages/ecvt2_sim/sin_velocity_publisher.py to sin_velocity_publisher.cpython-310.pyc
[0.922s] byte-compiling /home/jin/harco/ecvt2_ws/install/ecvt2_sim/lib/python3.10/site-packages/ecvt2_sim/upper_node.py to upper_node.cpython-310.pyc
[0.923s] byte-compiling /home/jin/harco/ecvt2_ws/install/ecvt2_sim/lib/python3.10/site-packages/ecvt2_sim/test_upper_node.py to test_upper_node.cpython-310.pyc
[0.926s] byte-compiling /home/jin/harco/ecvt2_ws/install/ecvt2_sim/lib/python3.10/site-packages/ecvt2_sim/test_robot_node.py to test_robot_node.cpython-310.pyc
[0.927s] byte-compiling /home/jin/harco/ecvt2_ws/install/ecvt2_sim/lib/python3.10/site-packages/ecvt2_sim/__init__.py to __init__.cpython-310.pyc
[0.927s] running install_data
[0.928s] copying resource/ecvt2_sim -> /home/jin/harco/ecvt2_ws/install/ecvt2_sim/share/ament_index/resource_index/packages
[0.928s] copying package.xml -> /home/jin/harco/ecvt2_ws/install/ecvt2_sim/share/ecvt2_sim
[0.928s] copying launch/test_upper_bringup.launch.py -> /home/jin/harco/ecvt2_ws/install/ecvt2_sim/share/ecvt2_sim/launch
[0.928s] copying launch/test_bringup.launch.py -> /home/jin/harco/ecvt2_ws/install/ecvt2_sim/share/ecvt2_sim/launch
[0.928s] copying launch/bringup.launch.py -> /home/jin/harco/ecvt2_ws/install/ecvt2_sim/share/ecvt2_sim/launch
[0.928s] copying launch/upper_bringup.launch.py -> /home/jin/harco/ecvt2_ws/install/ecvt2_sim/share/ecvt2_sim/launch
[0.928s] copying rviz/ecvt.rviz -> /home/jin/harco/ecvt2_ws/install/ecvt2_sim/share/ecvt2_sim/rviz
[0.928s] copying rviz/base_opt.rviz -> /home/jin/harco/ecvt2_ws/install/ecvt2_sim/share/ecvt2_sim/rviz
[0.928s] running install_egg_info
[0.937s] Copying ../build/ecvt2_sim/ecvt2_sim.egg-info to /home/jin/harco/ecvt2_ws/install/ecvt2_sim/lib/python3.10/site-packages/ecvt2_sim-0.0.1-py3.10.egg-info
[0.938s] running install_scripts
[1.009s] Installing robot_node script to /home/jin/harco/ecvt2_ws/install/ecvt2_sim/lib/ecvt2_sim
[1.009s] Installing sin_velocity_publisher script to /home/jin/harco/ecvt2_ws/install/ecvt2_sim/lib/ecvt2_sim
[1.009s] Installing test_robot_node script to /home/jin/harco/ecvt2_ws/install/ecvt2_sim/lib/ecvt2_sim
[1.009s] Installing test_upper_node script to /home/jin/harco/ecvt2_ws/install/ecvt2_sim/lib/ecvt2_sim
[1.009s] Installing upper_node script to /home/jin/harco/ecvt2_ws/install/ecvt2_sim/lib/ecvt2_sim
[1.009s] writing list of installed files to '/home/jin/harco/ecvt2_ws/build/ecvt2_sim/install.log'
[2.973s] Invoked command in '/home/jin/harco/ecvt2_ws/ecvt2_sim' returned '0': PYTHONPATH=/home/jin/harco/ecvt2_ws/build/ecvt2_sim/prefix_override:/usr/lib/python3/dist-packages/colcon_core/task/python/colcon_distutils_commands:/home/jin/harco/ecvt2_ws/install/ecvt2_sim/lib/python3.10/site-packages:${PYTHONPATH} /usr/bin/python3 -W ignore:setup.py install is deprecated -W ignore:easy_install command is deprecated setup.py egg_info --egg-base ../build/ecvt2_sim build --build-base /home/jin/harco/ecvt2_ws/build/ecvt2_sim/build install --record /home/jin/harco/ecvt2_ws/build/ecvt2_sim/install.log --single-version-externally-managed install_data --force
