[0.520s] Invoking command in '/home/jin/harco/ecvt2_ws/build/ecvt2_sim': PYTHONPATH=/home/jin/harco/ecvt2_ws/build/ecvt2_sim/prefix_override:/usr/lib/python3/dist-packages/colcon_core/task/python/colcon_distutils_commands:/home/jin/harco/ecvt2_ws/install/ecvt2_sim/lib/python3.10/site-packages:${PYTHONPATH} /usr/bin/python3 -W ignore:setup.py install is deprecated -W ignore:easy_install command is deprecated setup.py develop --uninstall --editable --build-directory /home/jin/harco/ecvt2_ws/build/ecvt2_sim/build
[0.715s] running develop
[0.954s] Removing /home/jin/harco/ecvt2_ws/install/ecvt2_sim/lib/python3.10/site-packages/ecvt2-sim.egg-link (link to .)
[4.520s] Invoked command in '/home/jin/harco/ecvt2_ws/build/ecvt2_sim' returned '0': PYTHONPATH=/home/jin/harco/ecvt2_ws/build/ecvt2_sim/prefix_override:/usr/lib/python3/dist-packages/colcon_core/task/python/colcon_distutils_commands:/home/jin/harco/ecvt2_ws/install/ecvt2_sim/lib/python3.10/site-packages:${PYTHONPATH} /usr/bin/python3 -W ignore:setup.py install is deprecated -W ignore:easy_install command is deprecated setup.py develop --uninstall --editable --build-directory /home/jin/harco/ecvt2_ws/build/ecvt2_sim/build
[4.521s] Invoking command in '/home/jin/harco/ecvt2_ws/ecvt2_sim': PYTHONPATH=/home/jin/harco/ecvt2_ws/build/ecvt2_sim/prefix_override:/usr/lib/python3/dist-packages/colcon_core/task/python/colcon_distutils_commands:/home/jin/harco/ecvt2_ws/install/ecvt2_sim/lib/python3.10/site-packages:${PYTHONPATH} /usr/bin/python3 -W ignore:setup.py install is deprecated -W ignore:easy_install command is deprecated setup.py egg_info --egg-base ../build/ecvt2_sim build --build-base /home/jin/harco/ecvt2_ws/build/ecvt2_sim/build install --record /home/jin/harco/ecvt2_ws/build/ecvt2_sim/install.log --single-version-externally-managed install_data --force
[4.694s] running egg_info
[4.708s] writing ../build/ecvt2_sim/ecvt2_sim.egg-info/PKG-INFO
[4.708s] writing dependency_links to ../build/ecvt2_sim/ecvt2_sim.egg-info/dependency_links.txt
[4.708s] writing entry points to ../build/ecvt2_sim/ecvt2_sim.egg-info/entry_points.txt
[4.708s] writing requirements to ../build/ecvt2_sim/ecvt2_sim.egg-info/requires.txt
[4.708s] writing top-level names to ../build/ecvt2_sim/ecvt2_sim.egg-info/top_level.txt
[4.728s] reading manifest file '../build/ecvt2_sim/ecvt2_sim.egg-info/SOURCES.txt'
[4.729s] writing manifest file '../build/ecvt2_sim/ecvt2_sim.egg-info/SOURCES.txt'
[4.730s] running build
[4.730s] running build_py
[4.730s] copying ecvt2_sim/robot_node.py -> /home/jin/harco/ecvt2_ws/build/ecvt2_sim/build/lib/ecvt2_sim
[4.730s] copying ecvt2_sim/sin_velocity_publisher.py -> /home/jin/harco/ecvt2_ws/build/ecvt2_sim/build/lib/ecvt2_sim
[4.730s] copying ecvt2_sim/upper_node.py -> /home/jin/harco/ecvt2_ws/build/ecvt2_sim/build/lib/ecvt2_sim
[4.730s] copying ecvt2_sim/test_upper_node.py -> /home/jin/harco/ecvt2_ws/build/ecvt2_sim/build/lib/ecvt2_sim
[4.730s] copying ecvt2_sim/plot_passive_csv.py -> /home/jin/harco/ecvt2_ws/build/ecvt2_sim/build/lib/ecvt2_sim
[4.730s] copying ecvt2_sim/test_robot_node.py -> /home/jin/harco/ecvt2_ws/build/ecvt2_sim/build/lib/ecvt2_sim
[4.730s] copying ecvt2_sim/__init__.py -> /home/jin/harco/ecvt2_ws/build/ecvt2_sim/build/lib/ecvt2_sim
[4.730s] copying ecvt2_sim/plot_passive_joints.py -> /home/jin/harco/ecvt2_ws/build/ecvt2_sim/build/lib/ecvt2_sim
[4.731s] running install
[4.734s] running install_lib
[4.746s] creating /home/jin/harco/ecvt2_ws/install/ecvt2_sim/lib/python3.10/site-packages/ecvt2_sim
[4.746s] copying /home/jin/harco/ecvt2_ws/build/ecvt2_sim/build/lib/ecvt2_sim/robot_node.py -> /home/jin/harco/ecvt2_ws/install/ecvt2_sim/lib/python3.10/site-packages/ecvt2_sim
[4.750s] copying /home/jin/harco/ecvt2_ws/build/ecvt2_sim/build/lib/ecvt2_sim/sin_velocity_publisher.py -> /home/jin/harco/ecvt2_ws/install/ecvt2_sim/lib/python3.10/site-packages/ecvt2_sim
[4.750s] copying /home/jin/harco/ecvt2_ws/build/ecvt2_sim/build/lib/ecvt2_sim/upper_node.py -> /home/jin/harco/ecvt2_ws/install/ecvt2_sim/lib/python3.10/site-packages/ecvt2_sim
[4.750s] copying /home/jin/harco/ecvt2_ws/build/ecvt2_sim/build/lib/ecvt2_sim/test_upper_node.py -> /home/jin/harco/ecvt2_ws/install/ecvt2_sim/lib/python3.10/site-packages/ecvt2_sim
[4.750s] copying /home/jin/harco/ecvt2_ws/build/ecvt2_sim/build/lib/ecvt2_sim/plot_passive_csv.py -> /home/jin/harco/ecvt2_ws/install/ecvt2_sim/lib/python3.10/site-packages/ecvt2_sim
[4.750s] copying /home/jin/harco/ecvt2_ws/build/ecvt2_sim/build/lib/ecvt2_sim/test_robot_node.py -> /home/jin/harco/ecvt2_ws/install/ecvt2_sim/lib/python3.10/site-packages/ecvt2_sim
[4.750s] copying /home/jin/harco/ecvt2_ws/build/ecvt2_sim/build/lib/ecvt2_sim/__init__.py -> /home/jin/harco/ecvt2_ws/install/ecvt2_sim/lib/python3.10/site-packages/ecvt2_sim
[4.751s] copying /home/jin/harco/ecvt2_ws/build/ecvt2_sim/build/lib/ecvt2_sim/plot_passive_joints.py -> /home/jin/harco/ecvt2_ws/install/ecvt2_sim/lib/python3.10/site-packages/ecvt2_sim
[4.751s] byte-compiling /home/jin/harco/ecvt2_ws/install/ecvt2_sim/lib/python3.10/site-packages/ecvt2_sim/robot_node.py to robot_node.cpython-310.pyc
[4.751s] byte-compiling /home/jin/harco/ecvt2_ws/install/ecvt2_sim/lib/python3.10/site-packages/ecvt2_sim/sin_velocity_publisher.py to sin_velocity_publisher.cpython-310.pyc
[4.751s] byte-compiling /home/jin/harco/ecvt2_ws/install/ecvt2_sim/lib/python3.10/site-packages/ecvt2_sim/upper_node.py to upper_node.cpython-310.pyc
[4.752s] byte-compiling /home/jin/harco/ecvt2_ws/install/ecvt2_sim/lib/python3.10/site-packages/ecvt2_sim/test_upper_node.py to test_upper_node.cpython-310.pyc
[4.755s] byte-compiling /home/jin/harco/ecvt2_ws/install/ecvt2_sim/lib/python3.10/site-packages/ecvt2_sim/plot_passive_csv.py to plot_passive_csv.cpython-310.pyc
[4.757s] byte-compiling /home/jin/harco/ecvt2_ws/install/ecvt2_sim/lib/python3.10/site-packages/ecvt2_sim/test_robot_node.py to test_robot_node.cpython-310.pyc
[4.761s] byte-compiling /home/jin/harco/ecvt2_ws/install/ecvt2_sim/lib/python3.10/site-packages/ecvt2_sim/__init__.py to __init__.cpython-310.pyc
[4.761s] byte-compiling /home/jin/harco/ecvt2_ws/install/ecvt2_sim/lib/python3.10/site-packages/ecvt2_sim/plot_passive_joints.py to plot_passive_joints.cpython-310.pyc
[4.762s] running install_data
[4.764s] copying resource/ecvt2_sim -> /home/jin/harco/ecvt2_ws/install/ecvt2_sim/share/ament_index/resource_index/packages
[4.764s] copying package.xml -> /home/jin/harco/ecvt2_ws/install/ecvt2_sim/share/ecvt2_sim
[4.764s] copying launch/test_upper_bringup.launch.py -> /home/jin/harco/ecvt2_ws/install/ecvt2_sim/share/ecvt2_sim/launch
[4.764s] copying launch/test_full_vp_sto_bringup.launch.py -> /home/jin/harco/ecvt2_ws/install/ecvt2_sim/share/ecvt2_sim/launch
[4.764s] copying launch/test_bringup.launch.py -> /home/jin/harco/ecvt2_ws/install/ecvt2_sim/share/ecvt2_sim/launch
[4.764s] copying launch/bringup.launch.py -> /home/jin/harco/ecvt2_ws/install/ecvt2_sim/share/ecvt2_sim/launch
[4.764s] copying launch/upper_bringup.launch.py -> /home/jin/harco/ecvt2_ws/install/ecvt2_sim/share/ecvt2_sim/launch
[4.764s] copying launch/test_full_wbc_bringup.launch.py -> /home/jin/harco/ecvt2_ws/install/ecvt2_sim/share/ecvt2_sim/launch
[4.764s] copying rviz/ecvt.rviz -> /home/jin/harco/ecvt2_ws/install/ecvt2_sim/share/ecvt2_sim/rviz
[4.764s] copying rviz/base_opt.rviz -> /home/jin/harco/ecvt2_ws/install/ecvt2_sim/share/ecvt2_sim/rviz
[4.764s] running install_egg_info
[4.776s] Copying ../build/ecvt2_sim/ecvt2_sim.egg-info to /home/jin/harco/ecvt2_ws/install/ecvt2_sim/lib/python3.10/site-packages/ecvt2_sim-0.0.1-py3.10.egg-info
[4.777s] running install_scripts
[4.862s] Installing plot_passive_csv script to /home/jin/harco/ecvt2_ws/install/ecvt2_sim/lib/ecvt2_sim
[4.865s] Installing plot_passive_joints script to /home/jin/harco/ecvt2_ws/install/ecvt2_sim/lib/ecvt2_sim
[4.865s] Installing robot_node script to /home/jin/harco/ecvt2_ws/install/ecvt2_sim/lib/ecvt2_sim
[4.865s] Installing sin_velocity_publisher script to /home/jin/harco/ecvt2_ws/install/ecvt2_sim/lib/ecvt2_sim
[4.865s] Installing test_robot_node script to /home/jin/harco/ecvt2_ws/install/ecvt2_sim/lib/ecvt2_sim
[4.865s] Installing test_upper_node script to /home/jin/harco/ecvt2_ws/install/ecvt2_sim/lib/ecvt2_sim
[4.865s] Installing upper_node script to /home/jin/harco/ecvt2_ws/install/ecvt2_sim/lib/ecvt2_sim
[4.865s] writing list of installed files to '/home/jin/harco/ecvt2_ws/build/ecvt2_sim/install.log'
[4.882s] Invoked command in '/home/jin/harco/ecvt2_ws/ecvt2_sim' returned '0': PYTHONPATH=/home/jin/harco/ecvt2_ws/build/ecvt2_sim/prefix_override:/usr/lib/python3/dist-packages/colcon_core/task/python/colcon_distutils_commands:/home/jin/harco/ecvt2_ws/install/ecvt2_sim/lib/python3.10/site-packages:${PYTHONPATH} /usr/bin/python3 -W ignore:setup.py install is deprecated -W ignore:easy_install command is deprecated setup.py egg_info --egg-base ../build/ecvt2_sim build --build-base /home/jin/harco/ecvt2_ws/build/ecvt2_sim/build install --record /home/jin/harco/ecvt2_ws/build/ecvt2_sim/install.log --single-version-externally-managed install_data --force
