[0.065s] [34mcolcon[0m [1;30mDEBUG[0m [32mCommand line arguments: ['/usr/bin/colcon', 'build', '--symlink-install'][0m
[0.065s] [34mcolcon[0m [1;30mDEBUG[0m [32mParsed command line arguments: Namespace(log_base=None, log_level=None, verb_name='build', build_base='build', install_base='install', merge_install=False, symlink_install=True, test_result_base=None, continue_on_error=False, executor='parallel', parallel_workers=20, event_handlers=None, ignore_user_meta=False, metas=['./colcon.meta'], base_paths=['.'], packages_ignore=None, packages_ignore_regex=None, paths=None, packages_up_to=None, packages_up_to_regex=None, packages_above=None, packages_above_and_dependencies=None, packages_above_depth=None, packages_select_by_dep=None, packages_skip_by_dep=None, packages_skip_up_to=None, packages_select_build_failed=False, packages_skip_build_finished=False, packages_select_test_failures=False, packages_skip_test_passed=False, packages_select=None, packages_skip=None, packages_select_regex=None, packages_skip_regex=None, packages_start=None, packages_end=None, allow_overriding=[], cmake_args=None, cmake_target=None, cmake_target_skip_unavailable=False, cmake_clean_cache=False, cmake_clean_first=False, cmake_force_configure=False, ament_cmake_args=None, catkin_cmake_args=None, catkin_skip_building_tests=False, mixin_files=None, mixin=None, verb_parser=<colcon_mixin.mixin.mixin_argument.MixinArgumentDecorator object at 0x7b9813842020>, verb_extension=<colcon_core.verb.build.BuildVerb object at 0x7b9813841180>, main=<bound method BuildVerb.main of <colcon_core.verb.build.BuildVerb object at 0x7b9813841180>>, mixin_verb=('build',))[0m
[0.086s] [34mcolcon.colcon_core.package_discovery[0m [1;30mLevel 1[0m discover_packages(colcon_meta) check parameters
[0.086s] [34mcolcon.colcon_core.package_discovery[0m [1;30mLevel 1[0m discover_packages(recursive) check parameters
[0.086s] [34mcolcon.colcon_core.package_discovery[0m [1;30mLevel 1[0m discover_packages(ignore) check parameters
[0.086s] [34mcolcon.colcon_core.package_discovery[0m [1;30mLevel 1[0m discover_packages(path) check parameters
[0.086s] [34mcolcon.colcon_core.package_discovery[0m [1;30mLevel 1[0m discover_packages(colcon_meta) discover
[0.086s] [34mcolcon.colcon_core.package_discovery[0m [1;30mLevel 1[0m discover_packages(recursive) discover
[0.086s] [34mcolcon.colcon_core.package_discovery[0m [1;30mINFO[0m Crawling recursively for packages in '/home/jin/harco/ecvt2_ws'
[0.086s] [34mcolcon.colcon_core.package_identification[0m [1;30mLevel 1[0m _identify(.) by extensions ['ignore', 'ignore_ament_install']
[0.086s] [34mcolcon.colcon_core.package_identification[0m [1;30mLevel 1[0m _identify(.) by extension 'ignore'
[0.086s] [34mcolcon.colcon_core.package_identification[0m [1;30mLevel 1[0m _identify(.) by extension 'ignore_ament_install'
[0.086s] [34mcolcon.colcon_core.package_identification[0m [1;30mLevel 1[0m _identify(.) by extensions ['colcon_pkg']
[0.086s] [34mcolcon.colcon_core.package_identification[0m [1;30mLevel 1[0m _identify(.) by extension 'colcon_pkg'
[0.086s] [34mcolcon.colcon_core.package_identification[0m [1;30mLevel 1[0m _identify(.) by extensions ['colcon_meta']
[0.086s] [34mcolcon.colcon_core.package_identification[0m [1;30mLevel 1[0m _identify(.) by extension 'colcon_meta'
[0.086s] [34mcolcon.colcon_core.package_identification[0m [1;30mLevel 1[0m _identify(.) by extensions ['ros']
[0.086s] [34mcolcon.colcon_core.package_identification[0m [1;30mLevel 1[0m _identify(.) by extension 'ros'
[0.099s] [34mcolcon.colcon_core.package_identification[0m [1;30mLevel 1[0m _identify(.) by extensions ['cmake', 'python']
[0.099s] [34mcolcon.colcon_core.package_identification[0m [1;30mLevel 1[0m _identify(.) by extension 'cmake'
[0.099s] [34mcolcon.colcon_core.package_identification[0m [1;30mLevel 1[0m _identify(.) by extension 'python'
[0.100s] [34mcolcon.colcon_core.package_identification[0m [1;30mLevel 1[0m _identify(.) by extensions ['python_setup_py']
[0.100s] [34mcolcon.colcon_core.package_identification[0m [1;30mLevel 1[0m _identify(.) by extension 'python_setup_py'
[0.100s] [34mcolcon.colcon_core.package_identification[0m [1;30mLevel 1[0m _identify(build) by extensions ['ignore', 'ignore_ament_install']
[0.100s] [34mcolcon.colcon_core.package_identification[0m [1;30mLevel 1[0m _identify(build) by extension 'ignore'
[0.100s] [34mcolcon.colcon_core.package_identification[0m [1;30mLevel 1[0m _identify(build) ignored
[0.100s] [34mcolcon.colcon_core.package_identification[0m [1;30mLevel 1[0m _identify(ecvt2_controller) by extensions ['ignore', 'ignore_ament_install']
[0.100s] [34mcolcon.colcon_core.package_identification[0m [1;30mLevel 1[0m _identify(ecvt2_controller) by extension 'ignore'
[0.100s] [34mcolcon.colcon_core.package_identification[0m [1;30mLevel 1[0m _identify(ecvt2_controller) by extension 'ignore_ament_install'
[0.100s] [34mcolcon.colcon_core.package_identification[0m [1;30mLevel 1[0m _identify(ecvt2_controller) by extensions ['colcon_pkg']
[0.100s] [34mcolcon.colcon_core.package_identification[0m [1;30mLevel 1[0m _identify(ecvt2_controller) by extension 'colcon_pkg'
[0.100s] [34mcolcon.colcon_core.package_identification[0m [1;30mLevel 1[0m _identify(ecvt2_controller) by extensions ['colcon_meta']
[0.100s] [34mcolcon.colcon_core.package_identification[0m [1;30mLevel 1[0m _identify(ecvt2_controller) by extension 'colcon_meta'
[0.100s] [34mcolcon.colcon_core.package_identification[0m [1;30mLevel 1[0m _identify(ecvt2_controller) by extensions ['ros']
[0.100s] [34mcolcon.colcon_core.package_identification[0m [1;30mLevel 1[0m _identify(ecvt2_controller) by extension 'ros'
[0.101s] [34mcolcon.colcon_core.package_identification[0m [1;30mDEBUG[0m [32mPackage 'ecvt2_controller' with type 'ros.ament_cmake' and name 'ecvt2_controller'[0m
[0.101s] [34mcolcon.colcon_core.package_identification[0m [1;30mLevel 1[0m _identify(ecvt2_mjcf_v2) by extensions ['ignore', 'ignore_ament_install']
[0.102s] [34mcolcon.colcon_core.package_identification[0m [1;30mLevel 1[0m _identify(ecvt2_mjcf_v2) by extension 'ignore'
[0.102s] [34mcolcon.colcon_core.package_identification[0m [1;30mLevel 1[0m _identify(ecvt2_mjcf_v2) by extension 'ignore_ament_install'
[0.102s] [34mcolcon.colcon_core.package_identification[0m [1;30mLevel 1[0m _identify(ecvt2_mjcf_v2) by extensions ['colcon_pkg']
[0.102s] [34mcolcon.colcon_core.package_identification[0m [1;30mLevel 1[0m _identify(ecvt2_mjcf_v2) by extension 'colcon_pkg'
[0.102s] [34mcolcon.colcon_core.package_identification[0m [1;30mLevel 1[0m _identify(ecvt2_mjcf_v2) by extensions ['colcon_meta']
[0.102s] [34mcolcon.colcon_core.package_identification[0m [1;30mLevel 1[0m _identify(ecvt2_mjcf_v2) by extension 'colcon_meta'
[0.102s] [34mcolcon.colcon_core.package_identification[0m [1;30mLevel 1[0m _identify(ecvt2_mjcf_v2) by extensions ['ros']
[0.102s] [34mcolcon.colcon_core.package_identification[0m [1;30mLevel 1[0m _identify(ecvt2_mjcf_v2) by extension 'ros'
[0.102s] [34mcolcon.colcon_core.package_identification[0m [1;30mDEBUG[0m [32mFailed to parse potential ROS package manifest in'ecvt2_mjcf_v2': Error(s) in package 'ecvt2_mjcf_v2/package.xml':
Package name "simple_model_for_urdf.SLDASM" does not follow naming conventions[0m
[0.102s] [34mcolcon.colcon_core.package_identification[0m [1;30mLevel 1[0m _identify(ecvt2_mjcf_v2) by extensions ['cmake', 'python']
[0.102s] [34mcolcon.colcon_core.package_identification[0m [1;30mLevel 1[0m _identify(ecvt2_mjcf_v2) by extension 'cmake'
[0.102s] [34mcolcon.colcon_core.package_identification[0m [1;30mLevel 1[0m _identify(ecvt2_mjcf_v2) by extension 'python'
[0.102s] [34mcolcon.colcon_core.package_identification[0m [1;30mLevel 1[0m _identify(ecvt2_mjcf_v2) by extensions ['python_setup_py']
[0.102s] [34mcolcon.colcon_core.package_identification[0m [1;30mLevel 1[0m _identify(ecvt2_mjcf_v2) by extension 'python_setup_py'
[0.102s] [34mcolcon.colcon_core.package_identification[0m [1;30mLevel 1[0m _identify(ecvt2_mjcf_v2/meshes) by extensions ['ignore', 'ignore_ament_install']
[0.102s] [34mcolcon.colcon_core.package_identification[0m [1;30mLevel 1[0m _identify(ecvt2_mjcf_v2/meshes) by extension 'ignore'
[0.102s] [34mcolcon.colcon_core.package_identification[0m [1;30mLevel 1[0m _identify(ecvt2_mjcf_v2/meshes) by extension 'ignore_ament_install'
[0.102s] [34mcolcon.colcon_core.package_identification[0m [1;30mLevel 1[0m _identify(ecvt2_mjcf_v2/meshes) by extensions ['colcon_pkg']
[0.102s] [34mcolcon.colcon_core.package_identification[0m [1;30mLevel 1[0m _identify(ecvt2_mjcf_v2/meshes) by extension 'colcon_pkg'
[0.102s] [34mcolcon.colcon_core.package_identification[0m [1;30mLevel 1[0m _identify(ecvt2_mjcf_v2/meshes) by extensions ['colcon_meta']
[0.103s] [34mcolcon.colcon_core.package_identification[0m [1;30mLevel 1[0m _identify(ecvt2_mjcf_v2/meshes) by extension 'colcon_meta'
[0.103s] [34mcolcon.colcon_core.package_identification[0m [1;30mLevel 1[0m _identify(ecvt2_mjcf_v2/meshes) by extensions ['ros']
[0.103s] [34mcolcon.colcon_core.package_identification[0m [1;30mLevel 1[0m _identify(ecvt2_mjcf_v2/meshes) by extension 'ros'
[0.103s] [34mcolcon.colcon_core.package_identification[0m [1;30mLevel 1[0m _identify(ecvt2_mjcf_v2/meshes) by extensions ['cmake', 'python']
[0.103s] [34mcolcon.colcon_core.package_identification[0m [1;30mLevel 1[0m _identify(ecvt2_mjcf_v2/meshes) by extension 'cmake'
[0.103s] [34mcolcon.colcon_core.package_identification[0m [1;30mLevel 1[0m _identify(ecvt2_mjcf_v2/meshes) by extension 'python'
[0.103s] [34mcolcon.colcon_core.package_identification[0m [1;30mLevel 1[0m _identify(ecvt2_mjcf_v2/meshes) by extensions ['python_setup_py']
[0.103s] [34mcolcon.colcon_core.package_identification[0m [1;30mLevel 1[0m _identify(ecvt2_mjcf_v2/meshes) by extension 'python_setup_py'
[0.103s] [34mcolcon.colcon_core.package_identification[0m [1;30mLevel 1[0m _identify(ecvt2_mjcf_v2/meshes/modified) by extensions ['ignore', 'ignore_ament_install']
[0.103s] [34mcolcon.colcon_core.package_identification[0m [1;30mLevel 1[0m _identify(ecvt2_mjcf_v2/meshes/modified) by extension 'ignore'
[0.103s] [34mcolcon.colcon_core.package_identification[0m [1;30mLevel 1[0m _identify(ecvt2_mjcf_v2/meshes/modified) by extension 'ignore_ament_install'
[0.103s] [34mcolcon.colcon_core.package_identification[0m [1;30mLevel 1[0m _identify(ecvt2_mjcf_v2/meshes/modified) by extensions ['colcon_pkg']
[0.103s] [34mcolcon.colcon_core.package_identification[0m [1;30mLevel 1[0m _identify(ecvt2_mjcf_v2/meshes/modified) by extension 'colcon_pkg'
[0.103s] [34mcolcon.colcon_core.package_identification[0m [1;30mLevel 1[0m _identify(ecvt2_mjcf_v2/meshes/modified) by extensions ['colcon_meta']
[0.103s] [34mcolcon.colcon_core.package_identification[0m [1;30mLevel 1[0m _identify(ecvt2_mjcf_v2/meshes/modified) by extension 'colcon_meta'
[0.103s] [34mcolcon.colcon_core.package_identification[0m [1;30mLevel 1[0m _identify(ecvt2_mjcf_v2/meshes/modified) by extensions ['ros']
[0.103s] [34mcolcon.colcon_core.package_identification[0m [1;30mLevel 1[0m _identify(ecvt2_mjcf_v2/meshes/modified) by extension 'ros'
[0.103s] [34mcolcon.colcon_core.package_identification[0m [1;30mLevel 1[0m _identify(ecvt2_mjcf_v2/meshes/modified) by extensions ['cmake', 'python']
[0.103s] [34mcolcon.colcon_core.package_identification[0m [1;30mLevel 1[0m _identify(ecvt2_mjcf_v2/meshes/modified) by extension 'cmake'
[0.103s] [34mcolcon.colcon_core.package_identification[0m [1;30mLevel 1[0m _identify(ecvt2_mjcf_v2/meshes/modified) by extension 'python'
[0.103s] [34mcolcon.colcon_core.package_identification[0m [1;30mLevel 1[0m _identify(ecvt2_mjcf_v2/meshes/modified) by extensions ['python_setup_py']
[0.103s] [34mcolcon.colcon_core.package_identification[0m [1;30mLevel 1[0m _identify(ecvt2_mjcf_v2/meshes/modified) by extension 'python_setup_py'
[0.103s] [34mcolcon.colcon_core.package_identification[0m [1;30mLevel 1[0m _identify(ecvt2_mjcf_v2/meshes/origin) by extensions ['ignore', 'ignore_ament_install']
[0.103s] [34mcolcon.colcon_core.package_identification[0m [1;30mLevel 1[0m _identify(ecvt2_mjcf_v2/meshes/origin) by extension 'ignore'
[0.103s] [34mcolcon.colcon_core.package_identification[0m [1;30mLevel 1[0m _identify(ecvt2_mjcf_v2/meshes/origin) by extension 'ignore_ament_install'
[0.103s] [34mcolcon.colcon_core.package_identification[0m [1;30mLevel 1[0m _identify(ecvt2_mjcf_v2/meshes/origin) by extensions ['colcon_pkg']
[0.103s] [34mcolcon.colcon_core.package_identification[0m [1;30mLevel 1[0m _identify(ecvt2_mjcf_v2/meshes/origin) by extension 'colcon_pkg'
[0.103s] [34mcolcon.colcon_core.package_identification[0m [1;30mLevel 1[0m _identify(ecvt2_mjcf_v2/meshes/origin) by extensions ['colcon_meta']
[0.103s] [34mcolcon.colcon_core.package_identification[0m [1;30mLevel 1[0m _identify(ecvt2_mjcf_v2/meshes/origin) by extension 'colcon_meta'
[0.103s] [34mcolcon.colcon_core.package_identification[0m [1;30mLevel 1[0m _identify(ecvt2_mjcf_v2/meshes/origin) by extensions ['ros']
[0.103s] [34mcolcon.colcon_core.package_identification[0m [1;30mLevel 1[0m _identify(ecvt2_mjcf_v2/meshes/origin) by extension 'ros'
[0.103s] [34mcolcon.colcon_core.package_identification[0m [1;30mLevel 1[0m _identify(ecvt2_mjcf_v2/meshes/origin) by extensions ['cmake', 'python']
[0.103s] [34mcolcon.colcon_core.package_identification[0m [1;30mLevel 1[0m _identify(ecvt2_mjcf_v2/meshes/origin) by extension 'cmake'
[0.103s] [34mcolcon.colcon_core.package_identification[0m [1;30mLevel 1[0m _identify(ecvt2_mjcf_v2/meshes/origin) by extension 'python'
[0.103s] [34mcolcon.colcon_core.package_identification[0m [1;30mLevel 1[0m _identify(ecvt2_mjcf_v2/meshes/origin) by extensions ['python_setup_py']
[0.103s] [34mcolcon.colcon_core.package_identification[0m [1;30mLevel 1[0m _identify(ecvt2_mjcf_v2/meshes/origin) by extension 'python_setup_py'
[0.103s] [34mcolcon.colcon_core.package_identification[0m [1;30mLevel 1[0m _identify(ecvt2_sim) by extensions ['ignore', 'ignore_ament_install']
[0.103s] [34mcolcon.colcon_core.package_identification[0m [1;30mLevel 1[0m _identify(ecvt2_sim) by extension 'ignore'
[0.103s] [34mcolcon.colcon_core.package_identification[0m [1;30mLevel 1[0m _identify(ecvt2_sim) by extension 'ignore_ament_install'
[0.103s] [34mcolcon.colcon_core.package_identification[0m [1;30mLevel 1[0m _identify(ecvt2_sim) by extensions ['colcon_pkg']
[0.103s] [34mcolcon.colcon_core.package_identification[0m [1;30mLevel 1[0m _identify(ecvt2_sim) by extension 'colcon_pkg'
[0.103s] [34mcolcon.colcon_core.package_identification[0m [1;30mLevel 1[0m _identify(ecvt2_sim) by extensions ['colcon_meta']
[0.103s] [34mcolcon.colcon_core.package_identification[0m [1;30mLevel 1[0m _identify(ecvt2_sim) by extension 'colcon_meta'
[0.103s] [34mcolcon.colcon_core.package_identification[0m [1;30mLevel 1[0m _identify(ecvt2_sim) by extensions ['ros']
[0.104s] [34mcolcon.colcon_core.package_identification[0m [1;30mLevel 1[0m _identify(ecvt2_sim) by extension 'ros'
[0.104s] [34mcolcon.colcon_core.package_identification[0m [1;30mDEBUG[0m [32mPackage 'ecvt2_sim' with type 'ros.ament_python' and name 'ecvt2_sim'[0m
[0.104s] [34mcolcon.colcon_core.package_identification[0m [1;30mLevel 1[0m _identify(forestry_robot_mjcf) by extensions ['ignore', 'ignore_ament_install']
[0.104s] [34mcolcon.colcon_core.package_identification[0m [1;30mLevel 1[0m _identify(forestry_robot_mjcf) by extension 'ignore'
[0.104s] [34mcolcon.colcon_core.package_identification[0m [1;30mLevel 1[0m _identify(forestry_robot_mjcf) by extension 'ignore_ament_install'
[0.104s] [34mcolcon.colcon_core.package_identification[0m [1;30mLevel 1[0m _identify(forestry_robot_mjcf) by extensions ['colcon_pkg']
[0.104s] [34mcolcon.colcon_core.package_identification[0m [1;30mLevel 1[0m _identify(forestry_robot_mjcf) by extension 'colcon_pkg'
[0.104s] [34mcolcon.colcon_core.package_identification[0m [1;30mLevel 1[0m _identify(forestry_robot_mjcf) by extensions ['colcon_meta']
[0.104s] [34mcolcon.colcon_core.package_identification[0m [1;30mLevel 1[0m _identify(forestry_robot_mjcf) by extension 'colcon_meta'
[0.104s] [34mcolcon.colcon_core.package_identification[0m [1;30mLevel 1[0m _identify(forestry_robot_mjcf) by extensions ['ros']
[0.104s] [34mcolcon.colcon_core.package_identification[0m [1;30mLevel 1[0m _identify(forestry_robot_mjcf) by extension 'ros'
[0.105s] [34mcolcon.colcon_core.package_identification[0m [1;30mDEBUG[0m [32mPackage 'forestry_robot_mjcf' with type 'ros.ament_cmake' and name 'forestry_robot_mjcf'[0m
[0.105s] [34mcolcon.colcon_core.package_identification[0m [1;30mLevel 1[0m _identify(install) by extensions ['ignore', 'ignore_ament_install']
[0.105s] [34mcolcon.colcon_core.package_identification[0m [1;30mLevel 1[0m _identify(install) by extension 'ignore'
[0.105s] [34mcolcon.colcon_core.package_identification[0m [1;30mLevel 1[0m _identify(install) ignored
[0.105s] [34mcolcon.colcon_core.package_identification[0m [1;30mLevel 1[0m _identify(log) by extensions ['ignore', 'ignore_ament_install']
[0.105s] [34mcolcon.colcon_core.package_identification[0m [1;30mLevel 1[0m _identify(log) by extension 'ignore'
[0.105s] [34mcolcon.colcon_core.package_identification[0m [1;30mLevel 1[0m _identify(log) ignored
[0.105s] [34mcolcon.colcon_core.package_identification[0m [1;30mLevel 1[0m _identify(passive_joint_figures) by extensions ['ignore', 'ignore_ament_install']
[0.105s] [34mcolcon.colcon_core.package_identification[0m [1;30mLevel 1[0m _identify(passive_joint_figures) by extension 'ignore'
[0.105s] [34mcolcon.colcon_core.package_identification[0m [1;30mLevel 1[0m _identify(passive_joint_figures) by extension 'ignore_ament_install'
[0.105s] [34mcolcon.colcon_core.package_identification[0m [1;30mLevel 1[0m _identify(passive_joint_figures) by extensions ['colcon_pkg']
[0.105s] [34mcolcon.colcon_core.package_identification[0m [1;30mLevel 1[0m _identify(passive_joint_figures) by extension 'colcon_pkg'
[0.105s] [34mcolcon.colcon_core.package_identification[0m [1;30mLevel 1[0m _identify(passive_joint_figures) by extensions ['colcon_meta']
[0.105s] [34mcolcon.colcon_core.package_identification[0m [1;30mLevel 1[0m _identify(passive_joint_figures) by extension 'colcon_meta'
[0.105s] [34mcolcon.colcon_core.package_identification[0m [1;30mLevel 1[0m _identify(passive_joint_figures) by extensions ['ros']
[0.105s] [34mcolcon.colcon_core.package_identification[0m [1;30mLevel 1[0m _identify(passive_joint_figures) by extension 'ros'
[0.105s] [34mcolcon.colcon_core.package_identification[0m [1;30mLevel 1[0m _identify(passive_joint_figures) by extensions ['cmake', 'python']
[0.105s] [34mcolcon.colcon_core.package_identification[0m [1;30mLevel 1[0m _identify(passive_joint_figures) by extension 'cmake'
[0.105s] [34mcolcon.colcon_core.package_identification[0m [1;30mLevel 1[0m _identify(passive_joint_figures) by extension 'python'
[0.105s] [34mcolcon.colcon_core.package_identification[0m [1;30mLevel 1[0m _identify(passive_joint_figures) by extensions ['python_setup_py']
[0.105s] [34mcolcon.colcon_core.package_identification[0m [1;30mLevel 1[0m _identify(passive_joint_figures) by extension 'python_setup_py'
[0.105s] [34mcolcon.colcon_core.package_identification[0m [1;30mLevel 1[0m _identify(src) by extensions ['ignore', 'ignore_ament_install']
[0.105s] [34mcolcon.colcon_core.package_identification[0m [1;30mLevel 1[0m _identify(src) by extension 'ignore'
[0.105s] [34mcolcon.colcon_core.package_identification[0m [1;30mLevel 1[0m _identify(src) by extension 'ignore_ament_install'
[0.105s] [34mcolcon.colcon_core.package_identification[0m [1;30mLevel 1[0m _identify(src) by extensions ['colcon_pkg']
[0.105s] [34mcolcon.colcon_core.package_identification[0m [1;30mLevel 1[0m _identify(src) by extension 'colcon_pkg'
[0.105s] [34mcolcon.colcon_core.package_identification[0m [1;30mLevel 1[0m _identify(src) by extensions ['colcon_meta']
[0.105s] [34mcolcon.colcon_core.package_identification[0m [1;30mLevel 1[0m _identify(src) by extension 'colcon_meta'
[0.105s] [34mcolcon.colcon_core.package_identification[0m [1;30mLevel 1[0m _identify(src) by extensions ['ros']
[0.105s] [34mcolcon.colcon_core.package_identification[0m [1;30mLevel 1[0m _identify(src) by extension 'ros'
[0.105s] [34mcolcon.colcon_core.package_identification[0m [1;30mLevel 1[0m _identify(src) by extensions ['cmake', 'python']
[0.105s] [34mcolcon.colcon_core.package_identification[0m [1;30mLevel 1[0m _identify(src) by extension 'cmake'
[0.105s] [34mcolcon.colcon_core.package_identification[0m [1;30mLevel 1[0m _identify(src) by extension 'python'
[0.106s] [34mcolcon.colcon_core.package_identification[0m [1;30mLevel 1[0m _identify(src) by extensions ['python_setup_py']
[0.106s] [34mcolcon.colcon_core.package_identification[0m [1;30mLevel 1[0m _identify(src) by extension 'python_setup_py'
[0.106s] [34mcolcon.colcon_core.package_identification[0m [1;30mLevel 1[0m _identify(src/ifopt) by extensions ['ignore', 'ignore_ament_install']
[0.106s] [34mcolcon.colcon_core.package_identification[0m [1;30mLevel 1[0m _identify(src/ifopt) by extension 'ignore'
[0.106s] [34mcolcon.colcon_core.package_identification[0m [1;30mLevel 1[0m _identify(src/ifopt) by extension 'ignore_ament_install'
[0.106s] [34mcolcon.colcon_core.package_identification[0m [1;30mLevel 1[0m _identify(src/ifopt) by extensions ['colcon_pkg']
[0.106s] [34mcolcon.colcon_core.package_identification[0m [1;30mLevel 1[0m _identify(src/ifopt) by extension 'colcon_pkg'
[0.106s] [34mcolcon.colcon_core.package_identification[0m [1;30mLevel 1[0m _identify(src/ifopt) by extensions ['colcon_meta']
[0.106s] [34mcolcon.colcon_core.package_identification[0m [1;30mLevel 1[0m _identify(src/ifopt) by extension 'colcon_meta'
[0.106s] [34mcolcon.colcon_core.package_identification[0m [1;30mLevel 1[0m _identify(src/ifopt) by extensions ['ros']
[0.106s] [34mcolcon.colcon_core.package_identification[0m [1;30mLevel 1[0m _identify(src/ifopt) by extension 'ros'
[0.108s] [34mcolcon.colcon_core.package_identification[0m [1;30mDEBUG[0m [32mPackage 'src/ifopt' with type 'ros.cmake' and name 'ifopt'[0m
[0.108s] [34mcolcon.colcon_core.package_discovery[0m [1;30mLevel 1[0m discover_packages(recursive) using defaults
[0.108s] [34mcolcon.colcon_core.package_discovery[0m [1;30mLevel 1[0m discover_packages(ignore) discover
[0.108s] [34mcolcon.colcon_core.package_discovery[0m [1;30mLevel 1[0m discover_packages(ignore) using defaults
[0.108s] [34mcolcon.colcon_core.package_discovery[0m [1;30mLevel 1[0m discover_packages(path) discover
[0.108s] [34mcolcon.colcon_core.package_discovery[0m [1;30mLevel 1[0m discover_packages(path) using defaults
[0.117s] [34mcolcon.colcon_core.package_discovery[0m [1;30mLevel 1[0m discover_packages(prefix_path) check parameters
[0.117s] [34mcolcon.colcon_core.package_discovery[0m [1;30mLevel 1[0m discover_packages(prefix_path) discover
[0.118s] [34mcolcon.colcon_installed_package_information.package_discovery[0m [1;30mDEBUG[0m [32mFound 4 installed packages in /home/jin/harco/ecvt2_ws/install[0m
[0.118s] [34mcolcon.colcon_installed_package_information.package_discovery[0m [1;30mDEBUG[0m [32mFound 291 installed packages in /opt/ros/humble[0m
[0.119s] [34mcolcon.colcon_core.package_discovery[0m [1;30mLevel 1[0m discover_packages(prefix_path) using defaults
[0.141s] [34mcolcon.colcon_core.verb[0m [1;30mLevel 5[0m set package 'ecvt2_sim' build argument 'cmake_args' from command line to 'None'
[0.141s] [34mcolcon.colcon_core.verb[0m [1;30mLevel 5[0m set package 'ecvt2_sim' build argument 'cmake_target' from command line to 'None'
[0.141s] [34mcolcon.colcon_core.verb[0m [1;30mLevel 5[0m set package 'ecvt2_sim' build argument 'cmake_target_skip_unavailable' from command line to 'False'
[0.141s] [34mcolcon.colcon_core.verb[0m [1;30mLevel 5[0m set package 'ecvt2_sim' build argument 'cmake_clean_cache' from command line to 'False'
[0.141s] [34mcolcon.colcon_core.verb[0m [1;30mLevel 5[0m set package 'ecvt2_sim' build argument 'cmake_clean_first' from command line to 'False'
[0.141s] [34mcolcon.colcon_core.verb[0m [1;30mLevel 5[0m set package 'ecvt2_sim' build argument 'cmake_force_configure' from command line to 'False'
[0.141s] [34mcolcon.colcon_core.verb[0m [1;30mLevel 5[0m set package 'ecvt2_sim' build argument 'ament_cmake_args' from command line to 'None'
[0.141s] [34mcolcon.colcon_core.verb[0m [1;30mLevel 5[0m set package 'ecvt2_sim' build argument 'catkin_cmake_args' from command line to 'None'
[0.141s] [34mcolcon.colcon_core.verb[0m [1;30mLevel 5[0m set package 'ecvt2_sim' build argument 'catkin_skip_building_tests' from command line to 'False'
[0.141s] [34mcolcon.colcon_core.verb[0m [1;30mDEBUG[0m [32mBuilding package 'ecvt2_sim' with the following arguments: {'ament_cmake_args': None, 'build_base': '/home/jin/harco/ecvt2_ws/build/ecvt2_sim', 'catkin_cmake_args': None, 'catkin_skip_building_tests': False, 'cmake_args': None, 'cmake_clean_cache': False, 'cmake_clean_first': False, 'cmake_force_configure': False, 'cmake_target': None, 'cmake_target_skip_unavailable': False, 'install_base': '/home/jin/harco/ecvt2_ws/install/ecvt2_sim', 'merge_install': False, 'path': '/home/jin/harco/ecvt2_ws/ecvt2_sim', 'symlink_install': True, 'test_result_base': None}[0m
[0.141s] [34mcolcon.colcon_core.verb[0m [1;30mLevel 5[0m set package 'forestry_robot_mjcf' build argument 'cmake_args' from command line to 'None'
[0.141s] [34mcolcon.colcon_core.verb[0m [1;30mLevel 5[0m set package 'forestry_robot_mjcf' build argument 'cmake_target' from command line to 'None'
[0.141s] [34mcolcon.colcon_core.verb[0m [1;30mLevel 5[0m set package 'forestry_robot_mjcf' build argument 'cmake_target_skip_unavailable' from command line to 'False'
[0.141s] [34mcolcon.colcon_core.verb[0m [1;30mLevel 5[0m set package 'forestry_robot_mjcf' build argument 'cmake_clean_cache' from command line to 'False'
[0.141s] [34mcolcon.colcon_core.verb[0m [1;30mLevel 5[0m set package 'forestry_robot_mjcf' build argument 'cmake_clean_first' from command line to 'False'
[0.141s] [34mcolcon.colcon_core.verb[0m [1;30mLevel 5[0m set package 'forestry_robot_mjcf' build argument 'cmake_force_configure' from command line to 'False'
[0.141s] [34mcolcon.colcon_core.verb[0m [1;30mLevel 5[0m set package 'forestry_robot_mjcf' build argument 'ament_cmake_args' from command line to 'None'
[0.141s] [34mcolcon.colcon_core.verb[0m [1;30mLevel 5[0m set package 'forestry_robot_mjcf' build argument 'catkin_cmake_args' from command line to 'None'
[0.141s] [34mcolcon.colcon_core.verb[0m [1;30mLevel 5[0m set package 'forestry_robot_mjcf' build argument 'catkin_skip_building_tests' from command line to 'False'
[0.141s] [34mcolcon.colcon_core.verb[0m [1;30mDEBUG[0m [32mBuilding package 'forestry_robot_mjcf' with the following arguments: {'ament_cmake_args': None, 'build_base': '/home/jin/harco/ecvt2_ws/build/forestry_robot_mjcf', 'catkin_cmake_args': None, 'catkin_skip_building_tests': False, 'cmake_args': None, 'cmake_clean_cache': False, 'cmake_clean_first': False, 'cmake_force_configure': False, 'cmake_target': None, 'cmake_target_skip_unavailable': False, 'install_base': '/home/jin/harco/ecvt2_ws/install/forestry_robot_mjcf', 'merge_install': False, 'path': '/home/jin/harco/ecvt2_ws/forestry_robot_mjcf', 'symlink_install': True, 'test_result_base': None}[0m
[0.141s] [34mcolcon.colcon_core.verb[0m [1;30mLevel 5[0m set package 'ifopt' build argument 'cmake_args' from command line to 'None'
[0.141s] [34mcolcon.colcon_core.verb[0m [1;30mLevel 5[0m set package 'ifopt' build argument 'cmake_target' from command line to 'None'
[0.141s] [34mcolcon.colcon_core.verb[0m [1;30mLevel 5[0m set package 'ifopt' build argument 'cmake_target_skip_unavailable' from command line to 'False'
[0.141s] [34mcolcon.colcon_core.verb[0m [1;30mLevel 5[0m set package 'ifopt' build argument 'cmake_clean_cache' from command line to 'False'
[0.141s] [34mcolcon.colcon_core.verb[0m [1;30mLevel 5[0m set package 'ifopt' build argument 'cmake_clean_first' from command line to 'False'
[0.141s] [34mcolcon.colcon_core.verb[0m [1;30mLevel 5[0m set package 'ifopt' build argument 'cmake_force_configure' from command line to 'False'
[0.141s] [34mcolcon.colcon_core.verb[0m [1;30mLevel 5[0m set package 'ifopt' build argument 'ament_cmake_args' from command line to 'None'
[0.141s] [34mcolcon.colcon_core.verb[0m [1;30mLevel 5[0m set package 'ifopt' build argument 'catkin_cmake_args' from command line to 'None'
[0.141s] [34mcolcon.colcon_core.verb[0m [1;30mLevel 5[0m set package 'ifopt' build argument 'catkin_skip_building_tests' from command line to 'False'
[0.142s] [34mcolcon.colcon_core.verb[0m [1;30mDEBUG[0m [32mBuilding package 'ifopt' with the following arguments: {'ament_cmake_args': None, 'build_base': '/home/jin/harco/ecvt2_ws/build/ifopt', 'catkin_cmake_args': None, 'catkin_skip_building_tests': False, 'cmake_args': None, 'cmake_clean_cache': False, 'cmake_clean_first': False, 'cmake_force_configure': False, 'cmake_target': None, 'cmake_target_skip_unavailable': False, 'install_base': '/home/jin/harco/ecvt2_ws/install/ifopt', 'merge_install': False, 'path': '/home/jin/harco/ecvt2_ws/src/ifopt', 'symlink_install': True, 'test_result_base': None}[0m
[0.142s] [34mcolcon.colcon_core.verb[0m [1;30mLevel 5[0m set package 'ecvt2_controller' build argument 'cmake_args' from command line to 'None'
[0.142s] [34mcolcon.colcon_core.verb[0m [1;30mLevel 5[0m set package 'ecvt2_controller' build argument 'cmake_target' from command line to 'None'
[0.142s] [34mcolcon.colcon_core.verb[0m [1;30mLevel 5[0m set package 'ecvt2_controller' build argument 'cmake_target_skip_unavailable' from command line to 'False'
[0.142s] [34mcolcon.colcon_core.verb[0m [1;30mLevel 5[0m set package 'ecvt2_controller' build argument 'cmake_clean_cache' from command line to 'False'
[0.142s] [34mcolcon.colcon_core.verb[0m [1;30mLevel 5[0m set package 'ecvt2_controller' build argument 'cmake_clean_first' from command line to 'False'
[0.142s] [34mcolcon.colcon_core.verb[0m [1;30mLevel 5[0m set package 'ecvt2_controller' build argument 'cmake_force_configure' from command line to 'False'
[0.142s] [34mcolcon.colcon_core.verb[0m [1;30mLevel 5[0m set package 'ecvt2_controller' build argument 'ament_cmake_args' from command line to 'None'
[0.142s] [34mcolcon.colcon_core.verb[0m [1;30mLevel 5[0m set package 'ecvt2_controller' build argument 'catkin_cmake_args' from command line to 'None'
[0.142s] [34mcolcon.colcon_core.verb[0m [1;30mLevel 5[0m set package 'ecvt2_controller' build argument 'catkin_skip_building_tests' from command line to 'False'
[0.142s] [34mcolcon.colcon_core.verb[0m [1;30mDEBUG[0m [32mBuilding package 'ecvt2_controller' with the following arguments: {'ament_cmake_args': None, 'build_base': '/home/jin/harco/ecvt2_ws/build/ecvt2_controller', 'catkin_cmake_args': None, 'catkin_skip_building_tests': False, 'cmake_args': None, 'cmake_clean_cache': False, 'cmake_clean_first': False, 'cmake_force_configure': False, 'cmake_target': None, 'cmake_target_skip_unavailable': False, 'install_base': '/home/jin/harco/ecvt2_ws/install/ecvt2_controller', 'merge_install': False, 'path': '/home/jin/harco/ecvt2_ws/ecvt2_controller', 'symlink_install': True, 'test_result_base': None}[0m
[0.142s] [34mcolcon.colcon_core.executor[0m [1;30mINFO[0m Executing jobs using 'parallel' executor
[0.143s] [34mcolcon.colcon_parallel_executor.executor.parallel[0m [1;30mDEBUG[0m [32mrun_until_complete[0m
[0.143s] [34mcolcon.colcon_ros.task.cmake.build[0m [1;30mINFO[0m Building ROS package in '/home/jin/harco/ecvt2_ws/src/ifopt' with build type 'cmake'
[0.143s] [34mcolcon.colcon_cmake.task.cmake.build[0m [1;30mINFO[0m Building CMake package in '/home/jin/harco/ecvt2_ws/src/ifopt'
[0.144s] [34mcolcon.colcon_core.plugin_system[0m [1;30mINFO[0m Skipping extension 'colcon_core.shell.bat': Not used on non-Windows systems
[0.144s] [34mcolcon.colcon_core.shell[0m [1;30mINFO[0m Skip shell extension 'powershell' for command environment: Not usable outside of PowerShell
[0.144s] [34mcolcon.colcon_core.shell[0m [1;30mDEBUG[0m [32mSkip shell extension 'dsv' for command environment[0m
[0.146s] [34mcolcon.colcon_ros.task.ament_python.build[0m [1;30mINFO[0m Building ROS package in '/home/jin/harco/ecvt2_ws/ecvt2_sim' with build type 'ament_python'
[0.146s] [34mcolcon.colcon_core.shell[0m [1;30mLevel 1[0m create_environment_hook('ecvt2_sim', 'ament_prefix_path')
[0.146s] [34mcolcon.colcon_core.shell[0m [1;30mINFO[0m Creating environment hook '/home/jin/harco/ecvt2_ws/install/ecvt2_sim/share/ecvt2_sim/hook/ament_prefix_path.ps1'
[0.146s] [34mcolcon.colcon_core.shell[0m [1;30mINFO[0m Creating environment descriptor '/home/jin/harco/ecvt2_ws/install/ecvt2_sim/share/ecvt2_sim/hook/ament_prefix_path.dsv'
[0.147s] [34mcolcon.colcon_core.shell[0m [1;30mINFO[0m Creating environment hook '/home/jin/harco/ecvt2_ws/install/ecvt2_sim/share/ecvt2_sim/hook/ament_prefix_path.sh'
[0.147s] [34mcolcon.colcon_core.shell[0m [1;30mINFO[0m Skip shell extension 'powershell' for command environment: Not usable outside of PowerShell
[0.147s] [34mcolcon.colcon_core.shell[0m [1;30mDEBUG[0m [32mSkip shell extension 'dsv' for command environment[0m
[0.148s] [34mcolcon.colcon_ros.task.ament_cmake.build[0m [1;30mINFO[0m Building ROS package in '/home/jin/harco/ecvt2_ws/forestry_robot_mjcf' with build type 'ament_cmake'
[0.149s] [34mcolcon.colcon_cmake.task.cmake.build[0m [1;30mINFO[0m Building CMake package in '/home/jin/harco/ecvt2_ws/forestry_robot_mjcf'
[0.149s] [34mcolcon.colcon_core.shell[0m [1;30mINFO[0m Skip shell extension 'powershell' for command environment: Not usable outside of PowerShell
[0.149s] [34mcolcon.colcon_core.shell[0m [1;30mDEBUG[0m [32mSkip shell extension 'dsv' for command environment[0m
[0.153s] [34mcolcon.colcon_core.event_handler.log_command[0m [1;30mDEBUG[0m [32mInvoking command in '/home/jin/harco/ecvt2_ws/build/ifopt': CMAKE_PREFIX_PATH=${CMAKE_PREFIX_PATH}:/home/jin/harco/ecvt2_ws/install/ecvt2_sim:/opt/ros/humble /usr/bin/cmake --build /home/jin/harco/ecvt2_ws/build/ifopt -- -j20 -l20[0m
[0.270s] [34mcolcon.colcon_core.task.python.build[0m [1;30mINFO[0m Building Python package in '/home/jin/harco/ecvt2_ws/ecvt2_sim'
[0.270s] [34mcolcon.colcon_core.shell[0m [1;30mINFO[0m Skip shell extension 'powershell' for command environment: Not usable outside of PowerShell
[0.270s] [34mcolcon.colcon_core.shell[0m [1;30mDEBUG[0m [32mSkip shell extension 'dsv' for command environment[0m
[0.275s] [34mcolcon.colcon_core.event_handler.log_command[0m [1;30mDEBUG[0m [32mInvoking command in '/home/jin/harco/ecvt2_ws/build/forestry_robot_mjcf': CMAKE_PREFIX_PATH=${CMAKE_PREFIX_PATH}:/home/jin/harco/ecvt2_ws/install/ecvt2_sim:/opt/ros/humble /usr/bin/cmake --build /home/jin/harco/ecvt2_ws/build/forestry_robot_mjcf -- -j20 -l20[0m
[0.275s] [34mcolcon.colcon_core.event_handler.log_command[0m [1;30mDEBUG[0m [32mInvoked command in '/home/jin/harco/ecvt2_ws/build/ifopt' returned '0': CMAKE_PREFIX_PATH=${CMAKE_PREFIX_PATH}:/home/jin/harco/ecvt2_ws/install/ecvt2_sim:/opt/ros/humble /usr/bin/cmake --build /home/jin/harco/ecvt2_ws/build/ifopt -- -j20 -l20[0m
[0.281s] [34mcolcon.colcon_core.event_handler.log_command[0m [1;30mDEBUG[0m [32mInvoking command in '/home/jin/harco/ecvt2_ws/build/ifopt': CMAKE_PREFIX_PATH=${CMAKE_PREFIX_PATH}:/home/jin/harco/ecvt2_ws/install/ecvt2_sim:/opt/ros/humble /usr/bin/cmake --install /home/jin/harco/ecvt2_ws/build/ifopt[0m
[0.289s] [34mcolcon.colcon_core.event_handler.log_command[0m [1;30mDEBUG[0m [32mInvoked command in '/home/jin/harco/ecvt2_ws/build/ifopt' returned '0': CMAKE_PREFIX_PATH=${CMAKE_PREFIX_PATH}:/home/jin/harco/ecvt2_ws/install/ecvt2_sim:/opt/ros/humble /usr/bin/cmake --install /home/jin/harco/ecvt2_ws/build/ifopt[0m
[0.289s] [34mcolcon.colcon_core.shell[0m [1;30mLevel 1[0m create_environment_hook('ifopt', 'pkg_config_path')
[0.289s] [34mcolcon.colcon_core.shell[0m [1;30mINFO[0m Creating environment hook '/home/jin/harco/ecvt2_ws/install/ifopt/share/ifopt/hook/pkg_config_path.ps1'
[0.289s] [34mcolcon.colcon_core.shell[0m [1;30mINFO[0m Creating environment descriptor '/home/jin/harco/ecvt2_ws/install/ifopt/share/ifopt/hook/pkg_config_path.dsv'
[0.289s] [34mcolcon.colcon_core.shell[0m [1;30mINFO[0m Creating environment hook '/home/jin/harco/ecvt2_ws/install/ifopt/share/ifopt/hook/pkg_config_path.sh'
[0.291s] [34mcolcon.colcon_core.shell[0m [1;30mLevel 1[0m create_environment_hook('ifopt', 'pkg_config_path_multiarch')
[0.291s] [34mcolcon.colcon_core.shell[0m [1;30mINFO[0m Creating environment hook '/home/jin/harco/ecvt2_ws/install/ifopt/share/ifopt/hook/pkg_config_path_multiarch.ps1'
[0.291s] [34mcolcon.colcon_core.shell[0m [1;30mINFO[0m Creating environment descriptor '/home/jin/harco/ecvt2_ws/install/ifopt/share/ifopt/hook/pkg_config_path_multiarch.dsv'
[0.291s] [34mcolcon.colcon_core.shell[0m [1;30mINFO[0m Creating environment hook '/home/jin/harco/ecvt2_ws/install/ifopt/share/ifopt/hook/pkg_config_path_multiarch.sh'
[0.291s] [34mcolcon.colcon_core.environment[0m [1;30mLevel 1[0m create_environment_scripts_only(ifopt)
[0.292s] [34mcolcon.colcon_core.environment[0m [1;30mLevel 1[0m checking '/home/jin/harco/ecvt2_ws/install/ifopt' for CMake module files
[0.293s] [34mcolcon.colcon_core.environment[0m [1;30mLevel 1[0m checking '/home/jin/harco/ecvt2_ws/install/ifopt' for CMake config files
[0.293s] [34mcolcon.colcon_core.shell[0m [1;30mLevel 1[0m create_environment_hook('ifopt', 'cmake_prefix_path')
[0.293s] [34mcolcon.colcon_core.shell[0m [1;30mINFO[0m Creating environment hook '/home/jin/harco/ecvt2_ws/install/ifopt/share/ifopt/hook/cmake_prefix_path.ps1'
[0.293s] [34mcolcon.colcon_core.shell[0m [1;30mINFO[0m Creating environment descriptor '/home/jin/harco/ecvt2_ws/install/ifopt/share/ifopt/hook/cmake_prefix_path.dsv'
[0.293s] [34mcolcon.colcon_core.shell[0m [1;30mINFO[0m Creating environment hook '/home/jin/harco/ecvt2_ws/install/ifopt/share/ifopt/hook/cmake_prefix_path.sh'
[0.294s] [34mcolcon.colcon_core.environment[0m [1;30mLevel 1[0m checking '/home/jin/harco/ecvt2_ws/install/ifopt/lib'
[0.294s] [34mcolcon.colcon_core.shell[0m [1;30mLevel 1[0m create_environment_hook('ifopt', 'ld_library_path_lib')
[0.294s] [34mcolcon.colcon_core.shell[0m [1;30mINFO[0m Creating environment hook '/home/jin/harco/ecvt2_ws/install/ifopt/share/ifopt/hook/ld_library_path_lib.ps1'
[0.294s] [34mcolcon.colcon_core.shell[0m [1;30mINFO[0m Creating environment descriptor '/home/jin/harco/ecvt2_ws/install/ifopt/share/ifopt/hook/ld_library_path_lib.dsv'
[0.294s] [34mcolcon.colcon_core.shell[0m [1;30mINFO[0m Creating environment hook '/home/jin/harco/ecvt2_ws/install/ifopt/share/ifopt/hook/ld_library_path_lib.sh'
[0.295s] [34mcolcon.colcon_core.environment[0m [1;30mLevel 1[0m checking '/home/jin/harco/ecvt2_ws/install/ifopt/bin'
[0.295s] [34mcolcon.colcon_core.environment[0m [1;30mLevel 1[0m checking '/home/jin/harco/ecvt2_ws/install/ifopt/lib/pkgconfig/ifopt.pc'
[0.295s] [34mcolcon.colcon_core.environment[0m [1;30mLevel 1[0m checking '/home/jin/harco/ecvt2_ws/install/ifopt/lib/python3.10/site-packages'
[0.295s] [34mcolcon.colcon_core.environment[0m [1;30mLevel 1[0m checking '/home/jin/harco/ecvt2_ws/install/ifopt/bin'
[0.295s] [34mcolcon.colcon_core.shell[0m [1;30mINFO[0m Creating package script '/home/jin/harco/ecvt2_ws/install/ifopt/share/ifopt/package.ps1'
[0.296s] [34mcolcon.colcon_core.shell[0m [1;30mINFO[0m Creating package descriptor '/home/jin/harco/ecvt2_ws/install/ifopt/share/ifopt/package.dsv'
[0.296s] [34mcolcon.colcon_core.shell[0m [1;30mINFO[0m Creating package script '/home/jin/harco/ecvt2_ws/install/ifopt/share/ifopt/package.sh'
[0.296s] [34mcolcon.colcon_core.shell[0m [1;30mINFO[0m Creating package script '/home/jin/harco/ecvt2_ws/install/ifopt/share/ifopt/package.bash'
[0.297s] [34mcolcon.colcon_core.shell[0m [1;30mINFO[0m Creating package script '/home/jin/harco/ecvt2_ws/install/ifopt/share/ifopt/package.zsh'
[0.297s] [34mcolcon.colcon_core.environment[0m [1;30mLevel 1[0m create_file_with_runtime_dependencies(/home/jin/harco/ecvt2_ws/install/ifopt/share/colcon-core/packages/ifopt)
[0.297s] [34mcolcon.colcon_ros.task.ament_cmake.build[0m [1;30mINFO[0m Building ROS package in '/home/jin/harco/ecvt2_ws/ecvt2_controller' with build type 'ament_cmake'
[0.297s] [34mcolcon.colcon_cmake.task.cmake.build[0m [1;30mINFO[0m Building CMake package in '/home/jin/harco/ecvt2_ws/ecvt2_controller'
[0.298s] [34mcolcon.colcon_core.shell[0m [1;30mINFO[0m Skip shell extension 'powershell' for command environment: Not usable outside of PowerShell
[0.298s] [34mcolcon.colcon_core.shell[0m [1;30mDEBUG[0m [32mSkip shell extension 'dsv' for command environment[0m
[0.302s] [34mcolcon.colcon_core.event_handler.log_command[0m [1;30mDEBUG[0m [32mInvoked command in '/home/jin/harco/ecvt2_ws/build/forestry_robot_mjcf' returned '0': CMAKE_PREFIX_PATH=${CMAKE_PREFIX_PATH}:/home/jin/harco/ecvt2_ws/install/ecvt2_sim:/opt/ros/humble /usr/bin/cmake --build /home/jin/harco/ecvt2_ws/build/forestry_robot_mjcf -- -j20 -l20[0m
[0.303s] [34mcolcon.colcon_core.event_handler.log_command[0m [1;30mDEBUG[0m [32mInvoking command in '/home/jin/harco/ecvt2_ws/build/forestry_robot_mjcf': CMAKE_PREFIX_PATH=${CMAKE_PREFIX_PATH}:/home/jin/harco/ecvt2_ws/install/ecvt2_sim:/opt/ros/humble /usr/bin/cmake --install /home/jin/harco/ecvt2_ws/build/forestry_robot_mjcf[0m
[0.306s] [34mcolcon.colcon_core.event_handler.log_command[0m [1;30mDEBUG[0m [32mInvoking command in '/home/jin/harco/ecvt2_ws/build/ecvt2_controller': CMAKE_PREFIX_PATH=${CMAKE_PREFIX_PATH}:/home/jin/harco/ecvt2_ws/install/ecvt2_sim:/opt/ros/humble /usr/bin/cmake --build /home/jin/harco/ecvt2_ws/build/ecvt2_controller -- -j20 -l20[0m
[0.318s] [34mcolcon.colcon_core.environment[0m [1;30mLevel 1[0m create_environment_scripts_only(forestry_robot_mjcf)
[0.318s] [34mcolcon.colcon_core.environment[0m [1;30mLevel 1[0m checking '/home/jin/harco/ecvt2_ws/install/forestry_robot_mjcf' for CMake module files
[0.318s] [34mcolcon.colcon_core.event_handler.log_command[0m [1;30mDEBUG[0m [32mInvoked command in '/home/jin/harco/ecvt2_ws/build/forestry_robot_mjcf' returned '0': CMAKE_PREFIX_PATH=${CMAKE_PREFIX_PATH}:/home/jin/harco/ecvt2_ws/install/ecvt2_sim:/opt/ros/humble /usr/bin/cmake --install /home/jin/harco/ecvt2_ws/build/forestry_robot_mjcf[0m
[0.319s] [34mcolcon.colcon_core.environment[0m [1;30mLevel 1[0m checking '/home/jin/harco/ecvt2_ws/install/forestry_robot_mjcf' for CMake config files
[0.319s] [34mcolcon.colcon_core.shell[0m [1;30mLevel 1[0m create_environment_hook('forestry_robot_mjcf', 'cmake_prefix_path')
[0.319s] [34mcolcon.colcon_core.shell[0m [1;30mINFO[0m Creating environment hook '/home/jin/harco/ecvt2_ws/install/forestry_robot_mjcf/share/forestry_robot_mjcf/hook/cmake_prefix_path.ps1'
[0.319s] [34mcolcon.colcon_core.shell[0m [1;30mINFO[0m Creating environment descriptor '/home/jin/harco/ecvt2_ws/install/forestry_robot_mjcf/share/forestry_robot_mjcf/hook/cmake_prefix_path.dsv'
[0.319s] [34mcolcon.colcon_core.shell[0m [1;30mINFO[0m Creating environment hook '/home/jin/harco/ecvt2_ws/install/forestry_robot_mjcf/share/forestry_robot_mjcf/hook/cmake_prefix_path.sh'
[0.320s] [34mcolcon.colcon_core.environment[0m [1;30mLevel 1[0m checking '/home/jin/harco/ecvt2_ws/install/forestry_robot_mjcf/bin'
[0.320s] [34mcolcon.colcon_core.environment[0m [1;30mLevel 1[0m checking '/home/jin/harco/ecvt2_ws/install/forestry_robot_mjcf/lib/pkgconfig/forestry_robot_mjcf.pc'
[0.320s] [34mcolcon.colcon_core.environment[0m [1;30mLevel 1[0m checking '/home/jin/harco/ecvt2_ws/install/forestry_robot_mjcf/lib/python3.10/site-packages'
[0.320s] [34mcolcon.colcon_core.environment[0m [1;30mLevel 1[0m checking '/home/jin/harco/ecvt2_ws/install/forestry_robot_mjcf/bin'
[0.320s] [34mcolcon.colcon_core.shell[0m [1;30mINFO[0m Creating package script '/home/jin/harco/ecvt2_ws/install/forestry_robot_mjcf/share/forestry_robot_mjcf/package.ps1'
[0.320s] [34mcolcon.colcon_core.shell[0m [1;30mINFO[0m Creating package descriptor '/home/jin/harco/ecvt2_ws/install/forestry_robot_mjcf/share/forestry_robot_mjcf/package.dsv'
[0.321s] [34mcolcon.colcon_core.shell[0m [1;30mINFO[0m Creating package script '/home/jin/harco/ecvt2_ws/install/forestry_robot_mjcf/share/forestry_robot_mjcf/package.sh'
[0.321s] [34mcolcon.colcon_core.shell[0m [1;30mINFO[0m Creating package script '/home/jin/harco/ecvt2_ws/install/forestry_robot_mjcf/share/forestry_robot_mjcf/package.bash'
[0.321s] [34mcolcon.colcon_core.shell[0m [1;30mINFO[0m Creating package script '/home/jin/harco/ecvt2_ws/install/forestry_robot_mjcf/share/forestry_robot_mjcf/package.zsh'
[0.321s] [34mcolcon.colcon_core.environment[0m [1;30mLevel 1[0m create_file_with_runtime_dependencies(/home/jin/harco/ecvt2_ws/install/forestry_robot_mjcf/share/colcon-core/packages/forestry_robot_mjcf)
[0.321s] [34mcolcon.colcon_core.environment[0m [1;30mLevel 1[0m create_environment_scripts_only(forestry_robot_mjcf)
[0.322s] [34mcolcon.colcon_core.environment[0m [1;30mLevel 1[0m checking '/home/jin/harco/ecvt2_ws/install/forestry_robot_mjcf' for CMake module files
[0.322s] [34mcolcon.colcon_core.environment[0m [1;30mLevel 1[0m checking '/home/jin/harco/ecvt2_ws/install/forestry_robot_mjcf' for CMake config files
[0.322s] [34mcolcon.colcon_core.shell[0m [1;30mLevel 1[0m create_environment_hook('forestry_robot_mjcf', 'cmake_prefix_path')
[0.322s] [34mcolcon.colcon_core.shell[0m [1;30mINFO[0m Creating environment hook '/home/jin/harco/ecvt2_ws/install/forestry_robot_mjcf/share/forestry_robot_mjcf/hook/cmake_prefix_path.ps1'
[0.322s] [34mcolcon.colcon_core.shell[0m [1;30mINFO[0m Creating environment descriptor '/home/jin/harco/ecvt2_ws/install/forestry_robot_mjcf/share/forestry_robot_mjcf/hook/cmake_prefix_path.dsv'
[0.322s] [34mcolcon.colcon_core.shell[0m [1;30mINFO[0m Creating environment hook '/home/jin/harco/ecvt2_ws/install/forestry_robot_mjcf/share/forestry_robot_mjcf/hook/cmake_prefix_path.sh'
[0.323s] [34mcolcon.colcon_core.environment[0m [1;30mLevel 1[0m checking '/home/jin/harco/ecvt2_ws/install/forestry_robot_mjcf/bin'
[0.323s] [34mcolcon.colcon_core.environment[0m [1;30mLevel 1[0m checking '/home/jin/harco/ecvt2_ws/install/forestry_robot_mjcf/lib/pkgconfig/forestry_robot_mjcf.pc'
[0.323s] [34mcolcon.colcon_core.environment[0m [1;30mLevel 1[0m checking '/home/jin/harco/ecvt2_ws/install/forestry_robot_mjcf/lib/python3.10/site-packages'
[0.323s] [34mcolcon.colcon_core.environment[0m [1;30mLevel 1[0m checking '/home/jin/harco/ecvt2_ws/install/forestry_robot_mjcf/bin'
[0.323s] [34mcolcon.colcon_core.shell[0m [1;30mINFO[0m Creating package script '/home/jin/harco/ecvt2_ws/install/forestry_robot_mjcf/share/forestry_robot_mjcf/package.ps1'
[0.323s] [34mcolcon.colcon_core.shell[0m [1;30mINFO[0m Creating package descriptor '/home/jin/harco/ecvt2_ws/install/forestry_robot_mjcf/share/forestry_robot_mjcf/package.dsv'
[0.324s] [34mcolcon.colcon_core.shell[0m [1;30mINFO[0m Creating package script '/home/jin/harco/ecvt2_ws/install/forestry_robot_mjcf/share/forestry_robot_mjcf/package.sh'
[0.324s] [34mcolcon.colcon_core.shell[0m [1;30mINFO[0m Creating package script '/home/jin/harco/ecvt2_ws/install/forestry_robot_mjcf/share/forestry_robot_mjcf/package.bash'
[0.324s] [34mcolcon.colcon_core.shell[0m [1;30mINFO[0m Creating package script '/home/jin/harco/ecvt2_ws/install/forestry_robot_mjcf/share/forestry_robot_mjcf/package.zsh'
[0.324s] [34mcolcon.colcon_core.environment[0m [1;30mLevel 1[0m create_file_with_runtime_dependencies(/home/jin/harco/ecvt2_ws/install/forestry_robot_mjcf/share/colcon-core/packages/forestry_robot_mjcf)
[0.615s] [34mcolcon.colcon_core.event_handler.log_command[0m [1;30mDEBUG[0m [32mInvoking command in '/home/jin/harco/ecvt2_ws/build/ecvt2_sim': PYTHONPATH=/home/jin/harco/ecvt2_ws/build/ecvt2_sim/prefix_override:/usr/lib/python3/dist-packages/colcon_core/task/python/colcon_distutils_commands:/home/jin/harco/ecvt2_ws/install/ecvt2_sim/lib/python3.10/site-packages:${PYTHONPATH} /usr/bin/python3 -W ignore:setup.py install is deprecated -W ignore:easy_install command is deprecated setup.py develop --editable --build-directory /home/jin/harco/ecvt2_ws/build/ecvt2_sim/build --no-deps symlink_data[0m
[1.011s] [34mcolcon.colcon_core.shell[0m [1;30mLevel 1[0m create_environment_hook('ecvt2_sim', 'pythonpath_develop')
[1.011s] [34mcolcon.colcon_core.shell[0m [1;30mINFO[0m Creating environment hook '/home/jin/harco/ecvt2_ws/build/ecvt2_sim/share/ecvt2_sim/hook/pythonpath_develop.ps1'
[1.012s] [34mcolcon.colcon_core.event_handler.log_command[0m [1;30mDEBUG[0m [32mInvoked command in '/home/jin/harco/ecvt2_ws/build/ecvt2_sim' returned '0': PYTHONPATH=/home/jin/harco/ecvt2_ws/build/ecvt2_sim/prefix_override:/usr/lib/python3/dist-packages/colcon_core/task/python/colcon_distutils_commands:/home/jin/harco/ecvt2_ws/install/ecvt2_sim/lib/python3.10/site-packages:${PYTHONPATH} /usr/bin/python3 -W ignore:setup.py install is deprecated -W ignore:easy_install command is deprecated setup.py develop --editable --build-directory /home/jin/harco/ecvt2_ws/build/ecvt2_sim/build --no-deps symlink_data[0m
[1.012s] [34mcolcon.colcon_core.shell[0m [1;30mINFO[0m Creating environment descriptor '/home/jin/harco/ecvt2_ws/build/ecvt2_sim/share/ecvt2_sim/hook/pythonpath_develop.dsv'
[1.012s] [34mcolcon.colcon_core.shell[0m [1;30mINFO[0m Creating environment hook '/home/jin/harco/ecvt2_ws/build/ecvt2_sim/share/ecvt2_sim/hook/pythonpath_develop.sh'
[1.012s] [34mcolcon.colcon_core.environment[0m [1;30mLevel 1[0m checking '/home/jin/harco/ecvt2_ws/install/ecvt2_sim' for CMake module files
[1.013s] [34mcolcon.colcon_core.environment[0m [1;30mLevel 1[0m checking '/home/jin/harco/ecvt2_ws/install/ecvt2_sim' for CMake config files
[1.013s] [34mcolcon.colcon_core.environment[0m [1;30mLevel 1[0m checking '/home/jin/harco/ecvt2_ws/install/ecvt2_sim/lib'
[1.013s] [34mcolcon.colcon_core.environment[0m [1;30mLevel 1[0m checking '/home/jin/harco/ecvt2_ws/install/ecvt2_sim/bin'
[1.013s] [34mcolcon.colcon_core.environment[0m [1;30mLevel 1[0m checking '/home/jin/harco/ecvt2_ws/install/ecvt2_sim/lib/pkgconfig/ecvt2_sim.pc'
[1.013s] [34mcolcon.colcon_core.environment[0m [1;30mLevel 1[0m checking '/home/jin/harco/ecvt2_ws/install/ecvt2_sim/lib/python3.10/site-packages'
[1.013s] [34mcolcon.colcon_core.shell[0m [1;30mLevel 1[0m create_environment_hook('ecvt2_sim', 'pythonpath')
[1.013s] [34mcolcon.colcon_core.shell[0m [1;30mINFO[0m Creating environment hook '/home/jin/harco/ecvt2_ws/install/ecvt2_sim/share/ecvt2_sim/hook/pythonpath.ps1'
[1.013s] [34mcolcon.colcon_core.shell[0m [1;30mINFO[0m Creating environment descriptor '/home/jin/harco/ecvt2_ws/install/ecvt2_sim/share/ecvt2_sim/hook/pythonpath.dsv'
[1.014s] [34mcolcon.colcon_core.shell[0m [1;30mINFO[0m Creating environment hook '/home/jin/harco/ecvt2_ws/install/ecvt2_sim/share/ecvt2_sim/hook/pythonpath.sh'
[1.014s] [34mcolcon.colcon_core.environment[0m [1;30mLevel 1[0m checking '/home/jin/harco/ecvt2_ws/install/ecvt2_sim/bin'
[1.014s] [34mcolcon.colcon_core.environment[0m [1;30mLevel 1[0m create_environment_scripts_only(ecvt2_sim)
[1.014s] [34mcolcon.colcon_core.shell[0m [1;30mINFO[0m Creating package script '/home/jin/harco/ecvt2_ws/install/ecvt2_sim/share/ecvt2_sim/package.ps1'
[1.015s] [34mcolcon.colcon_core.shell[0m [1;30mINFO[0m Creating package descriptor '/home/jin/harco/ecvt2_ws/install/ecvt2_sim/share/ecvt2_sim/package.dsv'
[1.015s] [34mcolcon.colcon_core.shell[0m [1;30mINFO[0m Creating package script '/home/jin/harco/ecvt2_ws/install/ecvt2_sim/share/ecvt2_sim/package.sh'
[1.015s] [34mcolcon.colcon_core.shell[0m [1;30mINFO[0m Creating package script '/home/jin/harco/ecvt2_ws/install/ecvt2_sim/share/ecvt2_sim/package.bash'
[1.015s] [34mcolcon.colcon_core.shell[0m [1;30mINFO[0m Creating package script '/home/jin/harco/ecvt2_ws/install/ecvt2_sim/share/ecvt2_sim/package.zsh'
[1.015s] [34mcolcon.colcon_core.environment[0m [1;30mLevel 1[0m create_file_with_runtime_dependencies(/home/jin/harco/ecvt2_ws/install/ecvt2_sim/share/colcon-core/packages/ecvt2_sim)
[35.990s] [34mcolcon.colcon_core.event_handler.log_command[0m [1;30mDEBUG[0m [32mInvoked command in '/home/jin/harco/ecvt2_ws/build/ecvt2_controller' returned '0': CMAKE_PREFIX_PATH=${CMAKE_PREFIX_PATH}:/home/jin/harco/ecvt2_ws/install/ecvt2_sim:/opt/ros/humble /usr/bin/cmake --build /home/jin/harco/ecvt2_ws/build/ecvt2_controller -- -j20 -l20[0m
[35.991s] [34mcolcon.colcon_core.event_handler.log_command[0m [1;30mDEBUG[0m [32mInvoking command in '/home/jin/harco/ecvt2_ws/build/ecvt2_controller': CMAKE_PREFIX_PATH=${CMAKE_PREFIX_PATH}:/home/jin/harco/ecvt2_ws/install/ecvt2_sim:/opt/ros/humble /usr/bin/cmake --install /home/jin/harco/ecvt2_ws/build/ecvt2_controller[0m
[36.006s] [34mcolcon.colcon_core.environment[0m [1;30mLevel 1[0m create_environment_scripts_only(ecvt2_controller)
[36.006s] [34mcolcon.colcon_core.environment[0m [1;30mLevel 1[0m checking '/home/jin/harco/ecvt2_ws/install/ecvt2_controller' for CMake module files
[36.006s] [34mcolcon.colcon_core.event_handler.log_command[0m [1;30mDEBUG[0m [32mInvoked command in '/home/jin/harco/ecvt2_ws/build/ecvt2_controller' returned '0': CMAKE_PREFIX_PATH=${CMAKE_PREFIX_PATH}:/home/jin/harco/ecvt2_ws/install/ecvt2_sim:/opt/ros/humble /usr/bin/cmake --install /home/jin/harco/ecvt2_ws/build/ecvt2_controller[0m
[36.006s] [34mcolcon.colcon_core.environment[0m [1;30mLevel 1[0m checking '/home/jin/harco/ecvt2_ws/install/ecvt2_controller' for CMake config files
[36.006s] [34mcolcon.colcon_core.shell[0m [1;30mLevel 1[0m create_environment_hook('ecvt2_controller', 'cmake_prefix_path')
[36.007s] [34mcolcon.colcon_core.shell[0m [1;30mINFO[0m Creating environment hook '/home/jin/harco/ecvt2_ws/install/ecvt2_controller/share/ecvt2_controller/hook/cmake_prefix_path.ps1'
[36.007s] [34mcolcon.colcon_core.shell[0m [1;30mINFO[0m Creating environment descriptor '/home/jin/harco/ecvt2_ws/install/ecvt2_controller/share/ecvt2_controller/hook/cmake_prefix_path.dsv'
[36.007s] [34mcolcon.colcon_core.shell[0m [1;30mINFO[0m Creating environment hook '/home/jin/harco/ecvt2_ws/install/ecvt2_controller/share/ecvt2_controller/hook/cmake_prefix_path.sh'
[36.007s] [34mcolcon.colcon_core.environment[0m [1;30mLevel 1[0m checking '/home/jin/harco/ecvt2_ws/install/ecvt2_controller/lib'
[36.007s] [34mcolcon.colcon_core.environment[0m [1;30mLevel 1[0m checking '/home/jin/harco/ecvt2_ws/install/ecvt2_controller/bin'
[36.007s] [34mcolcon.colcon_core.environment[0m [1;30mLevel 1[0m checking '/home/jin/harco/ecvt2_ws/install/ecvt2_controller/lib/pkgconfig/ecvt2_controller.pc'
[36.008s] [34mcolcon.colcon_core.environment[0m [1;30mLevel 1[0m checking '/home/jin/harco/ecvt2_ws/install/ecvt2_controller/lib/python3.10/site-packages'
[36.008s] [34mcolcon.colcon_core.environment[0m [1;30mLevel 1[0m checking '/home/jin/harco/ecvt2_ws/install/ecvt2_controller/bin'
[36.008s] [34mcolcon.colcon_core.shell[0m [1;30mINFO[0m Creating package script '/home/jin/harco/ecvt2_ws/install/ecvt2_controller/share/ecvt2_controller/package.ps1'
[36.008s] [34mcolcon.colcon_core.shell[0m [1;30mINFO[0m Creating package descriptor '/home/jin/harco/ecvt2_ws/install/ecvt2_controller/share/ecvt2_controller/package.dsv'
[36.008s] [34mcolcon.colcon_core.shell[0m [1;30mINFO[0m Creating package script '/home/jin/harco/ecvt2_ws/install/ecvt2_controller/share/ecvt2_controller/package.sh'
[36.009s] [34mcolcon.colcon_core.shell[0m [1;30mINFO[0m Creating package script '/home/jin/harco/ecvt2_ws/install/ecvt2_controller/share/ecvt2_controller/package.bash'
[36.009s] [34mcolcon.colcon_core.shell[0m [1;30mINFO[0m Creating package script '/home/jin/harco/ecvt2_ws/install/ecvt2_controller/share/ecvt2_controller/package.zsh'
[36.009s] [34mcolcon.colcon_core.environment[0m [1;30mLevel 1[0m create_file_with_runtime_dependencies(/home/jin/harco/ecvt2_ws/install/ecvt2_controller/share/colcon-core/packages/ecvt2_controller)
[36.009s] [34mcolcon.colcon_core.environment[0m [1;30mLevel 1[0m create_environment_scripts_only(ecvt2_controller)
[36.009s] [34mcolcon.colcon_core.environment[0m [1;30mLevel 1[0m checking '/home/jin/harco/ecvt2_ws/install/ecvt2_controller' for CMake module files
[36.010s] [34mcolcon.colcon_core.environment[0m [1;30mLevel 1[0m checking '/home/jin/harco/ecvt2_ws/install/ecvt2_controller' for CMake config files
[36.010s] [34mcolcon.colcon_core.shell[0m [1;30mLevel 1[0m create_environment_hook('ecvt2_controller', 'cmake_prefix_path')
[36.010s] [34mcolcon.colcon_core.shell[0m [1;30mINFO[0m Creating environment hook '/home/jin/harco/ecvt2_ws/install/ecvt2_controller/share/ecvt2_controller/hook/cmake_prefix_path.ps1'
[36.010s] [34mcolcon.colcon_core.shell[0m [1;30mINFO[0m Creating environment descriptor '/home/jin/harco/ecvt2_ws/install/ecvt2_controller/share/ecvt2_controller/hook/cmake_prefix_path.dsv'
[36.010s] [34mcolcon.colcon_core.shell[0m [1;30mINFO[0m Creating environment hook '/home/jin/harco/ecvt2_ws/install/ecvt2_controller/share/ecvt2_controller/hook/cmake_prefix_path.sh'
[36.010s] [34mcolcon.colcon_core.environment[0m [1;30mLevel 1[0m checking '/home/jin/harco/ecvt2_ws/install/ecvt2_controller/lib'
[36.010s] [34mcolcon.colcon_core.environment[0m [1;30mLevel 1[0m checking '/home/jin/harco/ecvt2_ws/install/ecvt2_controller/bin'
[36.010s] [34mcolcon.colcon_core.environment[0m [1;30mLevel 1[0m checking '/home/jin/harco/ecvt2_ws/install/ecvt2_controller/lib/pkgconfig/ecvt2_controller.pc'
[36.011s] [34mcolcon.colcon_core.environment[0m [1;30mLevel 1[0m checking '/home/jin/harco/ecvt2_ws/install/ecvt2_controller/lib/python3.10/site-packages'
[36.011s] [34mcolcon.colcon_core.environment[0m [1;30mLevel 1[0m checking '/home/jin/harco/ecvt2_ws/install/ecvt2_controller/bin'
[36.011s] [34mcolcon.colcon_core.shell[0m [1;30mINFO[0m Creating package script '/home/jin/harco/ecvt2_ws/install/ecvt2_controller/share/ecvt2_controller/package.ps1'
[36.011s] [34mcolcon.colcon_core.shell[0m [1;30mINFO[0m Creating package descriptor '/home/jin/harco/ecvt2_ws/install/ecvt2_controller/share/ecvt2_controller/package.dsv'
[36.011s] [34mcolcon.colcon_core.shell[0m [1;30mINFO[0m Creating package script '/home/jin/harco/ecvt2_ws/install/ecvt2_controller/share/ecvt2_controller/package.sh'
[36.012s] [34mcolcon.colcon_core.shell[0m [1;30mINFO[0m Creating package script '/home/jin/harco/ecvt2_ws/install/ecvt2_controller/share/ecvt2_controller/package.bash'
[36.012s] [34mcolcon.colcon_core.shell[0m [1;30mINFO[0m Creating package script '/home/jin/harco/ecvt2_ws/install/ecvt2_controller/share/ecvt2_controller/package.zsh'
[36.012s] [34mcolcon.colcon_core.environment[0m [1;30mLevel 1[0m create_file_with_runtime_dependencies(/home/jin/harco/ecvt2_ws/install/ecvt2_controller/share/colcon-core/packages/ecvt2_controller)
[36.012s] [34mcolcon.colcon_parallel_executor.executor.parallel[0m [1;30mDEBUG[0m [32mclosing loop[0m
[36.012s] [34mcolcon.colcon_parallel_executor.executor.parallel[0m [1;30mDEBUG[0m [32mloop closed[0m
[36.012s] [34mcolcon.colcon_parallel_executor.executor.parallel[0m [1;30mDEBUG[0m [32mrun_until_complete finished with '0'[0m
[36.012s] [34mcolcon.colcon_core.event_reactor[0m [1;30mDEBUG[0m [32mjoining thread[0m
[36.015s] [34mcolcon.colcon_core.plugin_system[0m [1;30mINFO[0m Skipping extension 'colcon_notification.desktop_notification.terminal_notifier': Not used on non-Darwin systems
[36.015s] [34mcolcon.colcon_core.plugin_system[0m [1;30mINFO[0m Skipping extension 'colcon_notification.desktop_notification.win32': Not used on non-Windows systems
[36.015s] [34mcolcon.colcon_notification.desktop_notification[0m [1;30mINFO[0m Sending desktop notification using 'notify2'
[36.025s] [34mcolcon.colcon_core.event_reactor[0m [1;30mDEBUG[0m [32mjoined thread[0m
[36.025s] [34mcolcon.colcon_core.shell[0m [1;30mINFO[0m Creating prefix script '/home/jin/harco/ecvt2_ws/install/local_setup.ps1'
[36.026s] [34mcolcon.colcon_core.shell[0m [1;30mINFO[0m Creating prefix util module '/home/jin/harco/ecvt2_ws/install/_local_setup_util_ps1.py'
[36.027s] [34mcolcon.colcon_core.shell[0m [1;30mINFO[0m Creating prefix chain script '/home/jin/harco/ecvt2_ws/install/setup.ps1'
[36.027s] [34mcolcon.colcon_core.shell[0m [1;30mINFO[0m Creating prefix script '/home/jin/harco/ecvt2_ws/install/local_setup.sh'
[36.028s] [34mcolcon.colcon_core.shell[0m [1;30mINFO[0m Creating prefix util module '/home/jin/harco/ecvt2_ws/install/_local_setup_util_sh.py'
[36.028s] [34mcolcon.colcon_core.shell[0m [1;30mINFO[0m Creating prefix chain script '/home/jin/harco/ecvt2_ws/install/setup.sh'
[36.028s] [34mcolcon.colcon_core.shell[0m [1;30mINFO[0m Creating prefix script '/home/jin/harco/ecvt2_ws/install/local_setup.bash'
[36.029s] [34mcolcon.colcon_core.shell[0m [1;30mINFO[0m Creating prefix chain script '/home/jin/harco/ecvt2_ws/install/setup.bash'
[36.029s] [34mcolcon.colcon_core.shell[0m [1;30mINFO[0m Creating prefix script '/home/jin/harco/ecvt2_ws/install/local_setup.zsh'
[36.029s] [34mcolcon.colcon_core.shell[0m [1;30mINFO[0m Creating prefix chain script '/home/jin/harco/ecvt2_ws/install/setup.zsh'
