[0.009s] Invoking command in '/home/jin/harco/ecvt2_ws/build/ecvt2_controller': CMAKE_PREFIX_PATH=/opt/ros/humble /usr/bin/cmake --build /home/jin/harco/ecvt2_ws/build/ecvt2_controller -- -j20 -l20
[0.127s] -- Found ament_cmake: 1.3.12 (/opt/ros/humble/share/ament_cmake/cmake)
[0.127s] -- Override CMake install command with custom implementation using symlinks instead of copying resources
[0.127s] -- Found rclcpp: 16.0.16 (/opt/ros/humble/share/rclcpp/cmake)
[0.149s] -- Found rosidl_generator_c: 3.1.7 (/opt/ros/humble/share/rosidl_generator_c/cmake)
[0.151s] -- Found rosidl_adapter: 3.1.7 (/opt/ros/humble/share/rosidl_adapter/cmake)
[0.156s] -- Found rosidl_generator_cpp: 3.1.7 (/opt/ros/humble/share/rosidl_generator_cpp/cmake)
[0.163s] -- Using all available rosidl_typesupport_c: rosidl_typesupport_fastrtps_c;rosidl_typesupport_introspection_c
[0.171s] -- Using all available rosidl_typesupport_cpp: rosidl_typesupport_fastrtps_cpp;rosidl_typesupport_introspection_cpp
[0.197s] -- Found rmw_implementation_cmake: 6.1.2 (/opt/ros/humble/share/rmw_implementation_cmake/cmake)
[0.198s] -- Found rmw_fastrtps_cpp: 6.2.9 (/opt/ros/humble/share/rmw_fastrtps_cpp/cmake)
[0.260s] -- Using RMW implementation 'rmw_fastrtps_cpp' as default
[0.295s] -- Found geometry_msgs: 4.9.0 (/opt/ros/humble/share/geometry_msgs/cmake)
[0.304s] -- Found sensor_msgs: 4.9.0 (/opt/ros/humble/share/sensor_msgs/cmake)
[0.314s] -- Found visualization_msgs: 4.9.0 (/opt/ros/humble/share/visualization_msgs/cmake)
[0.326s] -- Found trajectory_msgs: 4.9.0 (/opt/ros/humble/share/trajectory_msgs/cmake)
[0.340s] -- pinocchio_default not FOUND.
[0.341s] -- pinocchio_parsers not FOUND.
[0.341s] -- pinocchio_casadi not FOUND.
[0.342s] -- boost_filesystem FOUND. boost_filesystem at /usr/lib/x86_64-linux-gnu/libboost_filesystem.so
[0.348s] -- Found Boost: /usr/include (found version "1.74.0") found components: filesystem serialization 
[0.349s] [33mCMake Warning at /opt/openrobots/lib/cmake/hpp-fcl/hpp-fclConfig.cmake:4 (message):
[0.349s]   Please update your CMake from 'hpp-fcl' to 'coal', or define
[0.349s]   COAL_DISABLE_HPP_FCL_WARNINGS
[0.349s] Call Stack (most recent call first):
[0.349s]   /usr/share/cmake-3.22/Modules/CMakeFindDependencyMacro.cmake:47 (find_package)
[0.349s]   /opt/openrobots/lib/cmake/pinocchio/pinocchioConfig.cmake:161 (find_dependency)
[0.349s]   CMakeLists.txt:20 (find_package)
[0.349s] 
[0.349s] [0m
[0.350s] -- coal not FOUND.
[0.353s] -- Found Boost: /usr/include (found version "1.74.0") found components: serialization filesystem 
[0.560s] -- Default C++ standard: 201703
[0.560s] -- C++ standard sufficient: Minimal required 11, currently defined: 17
[0.560s] -- CMAKE_CXX_STANDARD was not set: automatically set to currently defined standard 17
[0.561s] -- C++ standard sufficient: Minimal required 11, currently defined: 17
[0.571s] -- Found ament_lint_auto: 0.12.14 (/opt/ros/humble/share/ament_lint_auto/cmake)
[0.630s] -- Added test 'cppcheck' to perform static code analysis on C / C++ code
[0.630s] -- Configured cppcheck include dirs: $<BUILD_INTERFACE:/home/jin/harco/ecvt2_ws/ecvt2_controller/include>
[0.630s] -- Configured cppcheck exclude dirs and/or files: 
[0.630s] -- Added test 'lint_cmake' to check CMake code style
[0.631s] -- Added test 'uncrustify' to check C / C++ code style
[0.631s] -- Configured uncrustify additional arguments: 
[0.631s] -- Added test 'xmllint' to check XML markup files
[0.632s] -- Configuring done
[0.676s] -- Generating done
[0.688s] -- Build files have been written to: /home/jin/harco/ecvt2_ws/build/ecvt2_controller
[0.704s] [35m[1mConsolidate compiler generated dependencies of target teleop_goal_publisher[0m
[0.704s] [35m[1mConsolidate compiler generated dependencies of target com_trajectory_publisher[0m
[0.705s] [35m[1mConsolidate compiler generated dependencies of target kdl_utils[0m
[0.705s] [35m[1mConsolidate compiler generated dependencies of target wbc_hqp_lib[0m
[0.707s] [35m[1mConsolidate compiler generated dependencies of target live_upper_dynamics_node[0m
[0.708s] [  3%] [32mBuilding CXX object CMakeFiles/vp_sto_global_planner_node.dir/src/vp_sto_global_planner_node.cpp.o[0m
[0.715s] [ 11%] Built target wbc_hqp_lib
[0.717s] [ 19%] Built target teleop_goal_publisher
[0.717s] [ 26%] Built target com_trajectory_publisher
[0.721s] [ 34%] Built target kdl_utils
[0.728s] [ 42%] Built target live_upper_dynamics_node
[0.728s] [35m[1mConsolidate compiler generated dependencies of target wbc_hqp[0m
[0.728s] [35m[1mConsolidate compiler generated dependencies of target wbc_hqp_v3[0m
[0.728s] [35m[1mConsolidate compiler generated dependencies of target wbc_hqp_v2[0m
[0.728s] [35m[1mConsolidate compiler generated dependencies of target base_opt_controller[0m
[0.728s] [35m[1mConsolidate compiler generated dependencies of target base_arm_task_controller[0m
[0.728s] [35m[1mConsolidate compiler generated dependencies of target base_arm_task_controller_v2[0m
[0.732s] [35m[1mConsolidate compiler generated dependencies of target pin_test[0m
[0.740s] [ 57%] [32m[1mLinking CXX executable wbc_hqp_v2[0m
[0.740s] [ 57%] [32m[1mLinking CXX executable wbc_hqp[0m
[0.740s] [ 57%] [32m[1mLinking CXX executable base_arm_task_controller[0m
[0.740s] [ 57%] [32m[1mLinking CXX executable wbc_hqp_v3[0m
[0.741s] [ 61%] [32m[1mLinking CXX executable base_opt_controller[0m
[0.744s] [ 65%] [32m[1mLinking CXX executable base_arm_task_controller_v2[0m
[0.756s] [ 69%] [32m[1mLinking CXX executable pin_test[0m
[2.072s] [ 73%] Built target pin_test
[2.655s] [ 76%] Built target wbc_hqp
[2.658s] [ 80%] Built target base_arm_task_controller_v2
[2.726s] [ 84%] Built target base_arm_task_controller
[2.770s] [ 88%] Built target wbc_hqp_v2
[2.799s] [ 92%] Built target base_opt_controller
[2.828s] [ 96%] Built target wbc_hqp_v3
[4.188s] In file included from [01m[K/opt/openrobots/include/hpp/fcl/config.hh:1[m[K,
[4.188s]                  from [01m[K/opt/openrobots/include/pinocchio/serialization/eigen.hpp:20[m[K,
[4.188s]                  from [01m[K/opt/openrobots/include/pinocchio/serialization/fwd.hpp:11[m[K,
[4.188s]                  from [01m[K/opt/openrobots/include/pinocchio/multibody/joint/joint-composite.hpp:14[m[K,
[4.188s]                  from [01m[K/opt/openrobots/include/pinocchio/multibody/joint/joint-generic.hpp:9[m[K,
[4.188s]                  from [01m[K/opt/openrobots/include/pinocchio/multibody/model.hpp:17[m[K,
[4.188s]                  from [01m[K/opt/openrobots/include/pinocchio/parsers/urdf.hpp:9[m[K,
[4.188s]                  from [01m[K/home/jin/harco/ecvt2_ws/ecvt2_controller/src/vp_sto_global_planner_node.cpp:7[m[K:
[4.188s] [01m[K/opt/openrobots/include/hpp/fcl/coal.hpp:12:99:[m[K [01;36m[Knote: [m[K‘[01m[K#pragma message: Please update your includes from 'hpp/fcl' to 'coal' or define COAL_DISABLE_HPP_FCL_WARNINGS[m[K’
[4.188s]    12 |     "Please update your includes from 'hpp/fcl' to 'coal' or define COAL_DISABLE_HPP_FCL_WARNINGS"[01;36m[K)[m[K
[4.188s]       |                                                                                                   [01;36m[K^[m[K
[35.679s] [100%] [32m[1mLinking CXX executable vp_sto_global_planner_node[0m
[37.002s] [100%] Built target vp_sto_global_planner_node
[37.008s] Invoked command in '/home/jin/harco/ecvt2_ws/build/ecvt2_controller' returned '0': CMAKE_PREFIX_PATH=/opt/ros/humble /usr/bin/cmake --build /home/jin/harco/ecvt2_ws/build/ecvt2_controller -- -j20 -l20
[37.009s] Invoking command in '/home/jin/harco/ecvt2_ws/build/ecvt2_controller': CMAKE_PREFIX_PATH=/opt/ros/humble /usr/bin/cmake --install /home/jin/harco/ecvt2_ws/build/ecvt2_controller
[37.013s] -- Install configuration: ""
[37.013s] -- Execute custom install script
[37.013s] -- Up-to-date symlink: /home/jin/harco/ecvt2_ws/install/ecvt2_controller/lib/ecvt2_controller/teleop_goal_publisher
[37.013s] -- Up-to-date symlink: /home/jin/harco/ecvt2_ws/install/ecvt2_controller/lib/ecvt2_controller/live_upper_dynamics_node
[37.013s] -- Symlinking: /home/jin/harco/ecvt2_ws/install/ecvt2_controller/lib/ecvt2_controller/vp_sto_global_planner_node
[37.018s] -- Up-to-date symlink: /home/jin/harco/ecvt2_ws/install/ecvt2_controller/include/ecvt2_controller/kdl_utils.hpp
[37.018s] -- Up-to-date symlink: /home/jin/harco/ecvt2_ws/install/ecvt2_controller/include/ecvt2_controller/wbc_hqp_lib.hpp
[37.018s] -- Up-to-date symlink: /home/jin/harco/ecvt2_ws/install/ecvt2_controller/lib/libkdl_utils.a
[37.018s] -- Up-to-date symlink: /home/jin/harco/ecvt2_ws/install/ecvt2_controller/lib/libwbc_hqp_lib.a
[37.018s] -- Up-to-date symlink: /home/jin/harco/ecvt2_ws/install/ecvt2_controller/lib/ecvt2_controller/base_opt_controller
[37.018s] -- Up-to-date symlink: /home/jin/harco/ecvt2_ws/install/ecvt2_controller/lib/ecvt2_controller/wbc_hqp
[37.018s] -- Up-to-date symlink: /home/jin/harco/ecvt2_ws/install/ecvt2_controller/lib/ecvt2_controller/wbc_hqp_v2
[37.018s] -- Up-to-date symlink: /home/jin/harco/ecvt2_ws/install/ecvt2_controller/lib/ecvt2_controller/wbc_hqp_v3
[37.018s] -- Up-to-date symlink: /home/jin/harco/ecvt2_ws/install/ecvt2_controller/lib/ecvt2_controller/base_arm_task_controller
[37.018s] -- Up-to-date symlink: /home/jin/harco/ecvt2_ws/install/ecvt2_controller/lib/ecvt2_controller/base_arm_task_controller_v2
[37.018s] -- Up-to-date symlink: /home/jin/harco/ecvt2_ws/install/ecvt2_controller/lib/ecvt2_controller/teleop_goal_publisher
[37.019s] -- Up-to-date symlink: /home/jin/harco/ecvt2_ws/install/ecvt2_controller/lib/ecvt2_controller/com_trajectory_publisher
[37.019s] -- Up-to-date symlink: /home/jin/harco/ecvt2_ws/install/ecvt2_controller/lib/ecvt2_controller/pin_test
[37.019s] -- Up-to-date symlink: /home/jin/harco/ecvt2_ws/install/ecvt2_controller/share/ament_index/resource_index/package_run_dependencies/ecvt2_controller
[37.019s] -- Up-to-date symlink: /home/jin/harco/ecvt2_ws/install/ecvt2_controller/share/ament_index/resource_index/parent_prefix_path/ecvt2_controller
[37.019s] -- Up-to-date symlink: /home/jin/harco/ecvt2_ws/install/ecvt2_controller/share/ecvt2_controller/environment/ament_prefix_path.sh
[37.019s] -- Up-to-date symlink: /home/jin/harco/ecvt2_ws/install/ecvt2_controller/share/ecvt2_controller/environment/ament_prefix_path.dsv
[37.019s] -- Up-to-date symlink: /home/jin/harco/ecvt2_ws/install/ecvt2_controller/share/ecvt2_controller/environment/path.sh
[37.019s] -- Up-to-date symlink: /home/jin/harco/ecvt2_ws/install/ecvt2_controller/share/ecvt2_controller/environment/path.dsv
[37.019s] -- Up-to-date symlink: /home/jin/harco/ecvt2_ws/install/ecvt2_controller/share/ecvt2_controller/local_setup.bash
[37.019s] -- Up-to-date symlink: /home/jin/harco/ecvt2_ws/install/ecvt2_controller/share/ecvt2_controller/local_setup.sh
[37.019s] -- Up-to-date symlink: /home/jin/harco/ecvt2_ws/install/ecvt2_controller/share/ecvt2_controller/local_setup.zsh
[37.019s] -- Up-to-date symlink: /home/jin/harco/ecvt2_ws/install/ecvt2_controller/share/ecvt2_controller/local_setup.dsv
[37.019s] -- Symlinking: /home/jin/harco/ecvt2_ws/install/ecvt2_controller/share/ecvt2_controller/package.dsv
[37.025s] -- Up-to-date symlink: /home/jin/harco/ecvt2_ws/install/ecvt2_controller/share/ament_index/resource_index/packages/ecvt2_controller
[37.025s] -- Up-to-date symlink: /home/jin/harco/ecvt2_ws/install/ecvt2_controller/share/ecvt2_controller/cmake/ecvt2_controllerConfig.cmake
[37.025s] -- Up-to-date symlink: /home/jin/harco/ecvt2_ws/install/ecvt2_controller/share/ecvt2_controller/cmake/ecvt2_controllerConfig-version.cmake
[37.025s] -- Up-to-date symlink: /home/jin/harco/ecvt2_ws/install/ecvt2_controller/share/ecvt2_controller/package.xml
[37.026s] Invoked command in '/home/jin/harco/ecvt2_ws/build/ecvt2_controller' returned '0': CMAKE_PREFIX_PATH=/opt/ros/humble /usr/bin/cmake --install /home/jin/harco/ecvt2_ws/build/ecvt2_controller
