[0.008s] Invoking command in '/home/jin/harco/ecvt2_ws/build/ecvt2_controller': CMAKE_PREFIX_PATH=/opt/ros/humble /usr/bin/cmake --build /home/jin/harco/ecvt2_ws/build/ecvt2_controller -- -j20 -l20
[0.139s] [  7%] Built target wbc_hqp_lib
[0.139s] [ 15%] Built target teleop_goal_publisher
[0.139s] [ 23%] Built target com_trajectory_publisher
[0.139s] Consolidate compiler generated dependencies of target vp_sto_global_planner_node
[0.139s] [ 30%] Built target kdl_utils
[0.139s] [ 38%] Built target live_upper_dynamics_node
[0.139s] [ 42%] Building CXX object CMakeFiles/vp_sto_global_planner_node.dir/src/vp_sto_global_planner_node.cpp.o
[0.139s] [ 50%] Built target wbc_hqp_v3
[0.139s] [ 57%] Built target base_arm_task_controller_v2
[0.139s] [ 65%] Built target wbc_hqp_v2
[0.139s] [ 73%] Built target wbc_hqp
[0.139s] [ 80%] Built target base_opt_controller
[0.139s] [ 88%] Built target base_arm_task_controller
[0.139s] [ 96%] Built target pin_test
[2.975s] In file included from /opt/openrobots/include/hpp/fcl/config.hh:1,
[2.975s]                  from /opt/openrobots/include/pinocchio/serialization/eigen.hpp:20,
[2.975s]                  from /opt/openrobots/include/pinocchio/serialization/fwd.hpp:11,
[2.975s]                  from /opt/openrobots/include/pinocchio/multibody/joint/joint-composite.hpp:14,
[2.975s]                  from /opt/openrobots/include/pinocchio/multibody/joint/joint-generic.hpp:9,
[2.976s]                  from /opt/openrobots/include/pinocchio/multibody/model.hpp:17,
[2.976s]                  from /opt/openrobots/include/pinocchio/parsers/urdf.hpp:9,
[2.976s]                  from /home/jin/harco/ecvt2_ws/ecvt2_controller/src/vp_sto_global_planner_node.cpp:7:
[2.976s] /opt/openrobots/include/hpp/fcl/coal.hpp:12:99: note: ‘#pragma message: Please update your includes from 'hpp/fcl' to 'coal' or define COAL_DISABLE_HPP_FCL_WARNINGS’
[2.976s]    12 |     "Please update your includes from 'hpp/fcl' to 'coal' or define COAL_DISABLE_HPP_FCL_WARNINGS")
[2.976s]       |                                                                                                   ^
[36.888s] [100%] Linking CXX executable vp_sto_global_planner_node
[38.266s] [100%] Built target vp_sto_global_planner_node
[38.272s] Invoked command in '/home/jin/harco/ecvt2_ws/build/ecvt2_controller' returned '0': CMAKE_PREFIX_PATH=/opt/ros/humble /usr/bin/cmake --build /home/jin/harco/ecvt2_ws/build/ecvt2_controller -- -j20 -l20
[38.278s] Invoking command in '/home/jin/harco/ecvt2_ws/build/ecvt2_controller': CMAKE_PREFIX_PATH=/opt/ros/humble /usr/bin/cmake --install /home/jin/harco/ecvt2_ws/build/ecvt2_controller
[38.284s] -- Install configuration: ""
[38.284s] -- Execute custom install script
[38.284s] -- Up-to-date symlink: /home/jin/harco/ecvt2_ws/install/ecvt2_controller/lib/ecvt2_controller/teleop_goal_publisher
[38.285s] -- Up-to-date symlink: /home/jin/harco/ecvt2_ws/install/ecvt2_controller/lib/ecvt2_controller/live_upper_dynamics_node
[38.285s] -- Up-to-date symlink: /home/jin/harco/ecvt2_ws/install/ecvt2_controller/lib/ecvt2_controller/vp_sto_global_planner_node
[38.285s] -- Up-to-date symlink: /home/jin/harco/ecvt2_ws/install/ecvt2_controller/include/ecvt2_controller/kdl_utils.hpp
[38.285s] -- Up-to-date symlink: /home/jin/harco/ecvt2_ws/install/ecvt2_controller/include/ecvt2_controller/wbc_hqp_lib.hpp
[38.285s] -- Up-to-date symlink: /home/jin/harco/ecvt2_ws/install/ecvt2_controller/lib/libkdl_utils.a
[38.285s] -- Up-to-date symlink: /home/jin/harco/ecvt2_ws/install/ecvt2_controller/lib/libwbc_hqp_lib.a
[38.285s] -- Up-to-date symlink: /home/jin/harco/ecvt2_ws/install/ecvt2_controller/lib/ecvt2_controller/base_opt_controller
[38.285s] -- Up-to-date symlink: /home/jin/harco/ecvt2_ws/install/ecvt2_controller/lib/ecvt2_controller/wbc_hqp
[38.285s] -- Up-to-date symlink: /home/jin/harco/ecvt2_ws/install/ecvt2_controller/lib/ecvt2_controller/wbc_hqp_v2
[38.286s] -- Up-to-date symlink: /home/jin/harco/ecvt2_ws/install/ecvt2_controller/lib/ecvt2_controller/wbc_hqp_v3
[38.286s] -- Up-to-date symlink: /home/jin/harco/ecvt2_ws/install/ecvt2_controller/lib/ecvt2_controller/base_arm_task_controller
[38.286s] -- Up-to-date symlink: /home/jin/harco/ecvt2_ws/install/ecvt2_controller/lib/ecvt2_controller/base_arm_task_controller_v2
[38.286s] -- Up-to-date symlink: /home/jin/harco/ecvt2_ws/install/ecvt2_controller/lib/ecvt2_controller/teleop_goal_publisher
[38.286s] -- Up-to-date symlink: /home/jin/harco/ecvt2_ws/install/ecvt2_controller/lib/ecvt2_controller/com_trajectory_publisher
[38.286s] -- Up-to-date symlink: /home/jin/harco/ecvt2_ws/install/ecvt2_controller/lib/ecvt2_controller/pin_test
[38.286s] -- Up-to-date symlink: /home/jin/harco/ecvt2_ws/install/ecvt2_controller/share/ament_index/resource_index/package_run_dependencies/ecvt2_controller
[38.286s] -- Up-to-date symlink: /home/jin/harco/ecvt2_ws/install/ecvt2_controller/share/ament_index/resource_index/parent_prefix_path/ecvt2_controller
[38.286s] -- Up-to-date symlink: /home/jin/harco/ecvt2_ws/install/ecvt2_controller/share/ecvt2_controller/environment/ament_prefix_path.sh
[38.286s] -- Up-to-date symlink: /home/jin/harco/ecvt2_ws/install/ecvt2_controller/share/ecvt2_controller/environment/ament_prefix_path.dsv
[38.286s] -- Up-to-date symlink: /home/jin/harco/ecvt2_ws/install/ecvt2_controller/share/ecvt2_controller/environment/path.sh
[38.286s] -- Up-to-date symlink: /home/jin/harco/ecvt2_ws/install/ecvt2_controller/share/ecvt2_controller/environment/path.dsv
[38.287s] -- Up-to-date symlink: /home/jin/harco/ecvt2_ws/install/ecvt2_controller/share/ecvt2_controller/local_setup.bash
[38.287s] -- Up-to-date symlink: /home/jin/harco/ecvt2_ws/install/ecvt2_controller/share/ecvt2_controller/local_setup.sh
[38.287s] -- Up-to-date symlink: /home/jin/harco/ecvt2_ws/install/ecvt2_controller/share/ecvt2_controller/local_setup.zsh
[38.287s] -- Up-to-date symlink: /home/jin/harco/ecvt2_ws/install/ecvt2_controller/share/ecvt2_controller/local_setup.dsv
[38.287s] -- Symlinking: /home/jin/harco/ecvt2_ws/install/ecvt2_controller/share/ecvt2_controller/package.dsv
[38.291s] -- Up-to-date symlink: /home/jin/harco/ecvt2_ws/install/ecvt2_controller/share/ament_index/resource_index/packages/ecvt2_controller
[38.291s] -- Up-to-date symlink: /home/jin/harco/ecvt2_ws/install/ecvt2_controller/share/ecvt2_controller/cmake/ecvt2_controllerConfig.cmake
[38.291s] -- Up-to-date symlink: /home/jin/harco/ecvt2_ws/install/ecvt2_controller/share/ecvt2_controller/cmake/ecvt2_controllerConfig-version.cmake
[38.291s] -- Up-to-date symlink: /home/jin/harco/ecvt2_ws/install/ecvt2_controller/share/ecvt2_controller/package.xml
[38.292s] Invoked command in '/home/jin/harco/ecvt2_ws/build/ecvt2_controller' returned '0': CMAKE_PREFIX_PATH=/opt/ros/humble /usr/bin/cmake --install /home/jin/harco/ecvt2_ws/build/ecvt2_controller
