[0.009s] Invoking command in '/home/jin/harco/ecvt2_ws/build/ecvt2_controller': CMAKE_PREFIX_PATH=${CMAKE_PREFIX_PATH}:/home/jin/harco/ecvt2_ws/install/ecvt2_sim:/opt/ros/humble /usr/bin/cmake --build /home/jin/harco/ecvt2_ws/build/ecvt2_controller -- -j20 -l20
[0.083s] [  7%] Built target com_trajectory_publisher
[0.083s] [ 14%] Built target teleop_goal_publisher
[0.091s] [ 21%] Built target wbc_hqp_lib
[0.107s] [ 28%] Built target kdl_utils
[0.131s] Consolidate compiler generated dependencies of target vp_sto_global_planner_node
[0.158s] [ 35%] Built target live_upper_dynamics_node
[0.166s] [ 42%] Built target wbc_hqp
[0.171s] [ 50%] Built target base_opt_controller
[0.171s] [ 57%] Built target vp_sto_paper_global_planner_node
[0.184s] [ 60%] Building CXX object CMakeFiles/vp_sto_global_planner_node.dir/src/vp_sto_global_planner_node.cpp.o
[0.218s] [ 67%] Built target base_arm_task_controller
[0.221s] [ 75%] Built target pin_test
[0.238s] [ 82%] Built target wbc_hqp_v3
[0.241s] [ 89%] Built target base_arm_task_controller_v2
[0.260s] [ 96%] Built target wbc_hqp_v2
[6.385s] In file included from /opt/openrobots/include/hpp/fcl/config.hh:1,
[6.385s]                  from /opt/openrobots/include/pinocchio/serialization/eigen.hpp:20,
[6.385s]                  from /opt/openrobots/include/pinocchio/serialization/fwd.hpp:11,
[6.385s]                  from /opt/openrobots/include/pinocchio/multibody/joint/joint-composite.hpp:14,
[6.385s]                  from /opt/openrobots/include/pinocchio/multibody/joint/joint-generic.hpp:9,
[6.385s]                  from /opt/openrobots/include/pinocchio/multibody/model.hpp:17,
[6.385s]                  from /opt/openrobots/include/pinocchio/parsers/urdf.hpp:9,
[6.385s]                  from /home/jin/harco/ecvt2_ws/ecvt2_controller/src/vp_sto_global_planner_node.cpp:7:
[6.385s] /opt/openrobots/include/hpp/fcl/coal.hpp:12:99: note: ‘#pragma message: Please update your includes from 'hpp/fcl' to 'coal' or define COAL_DISABLE_HPP_FCL_WARNINGS’
[6.385s]    12 |     "Please update your includes from 'hpp/fcl' to 'coal' or define COAL_DISABLE_HPP_FCL_WARNINGS")
[6.385s]       |                                                                                                   ^
[74.783s] [100%] Linking CXX executable vp_sto_global_planner_node
[77.462s] [100%] Built target vp_sto_global_planner_node
[90.069s] Invoked command in '/home/jin/harco/ecvt2_ws/build/ecvt2_controller' returned '0': CMAKE_PREFIX_PATH=${CMAKE_PREFIX_PATH}:/home/jin/harco/ecvt2_ws/install/ecvt2_sim:/opt/ros/humble /usr/bin/cmake --build /home/jin/harco/ecvt2_ws/build/ecvt2_controller -- -j20 -l20
[90.079s] Invoking command in '/home/jin/harco/ecvt2_ws/build/ecvt2_controller': CMAKE_PREFIX_PATH=${CMAKE_PREFIX_PATH}:/home/jin/harco/ecvt2_ws/install/ecvt2_sim:/opt/ros/humble /usr/bin/cmake --install /home/jin/harco/ecvt2_ws/build/ecvt2_controller
[90.083s] -- Install configuration: ""
[90.084s] -- Execute custom install script
[90.084s] -- Up-to-date symlink: /home/jin/harco/ecvt2_ws/install/ecvt2_controller/lib/ecvt2_controller/teleop_goal_publisher
[90.084s] -- Up-to-date symlink: /home/jin/harco/ecvt2_ws/install/ecvt2_controller/lib/ecvt2_controller/live_upper_dynamics_node
[90.084s] -- Up-to-date symlink: /home/jin/harco/ecvt2_ws/install/ecvt2_controller/lib/ecvt2_controller/vp_sto_global_planner_node
[90.084s] -- Up-to-date symlink: /home/jin/harco/ecvt2_ws/install/ecvt2_controller/lib/ecvt2_controller/vp_sto_paper_global_planner_node
[90.084s] -- Up-to-date symlink: /home/jin/harco/ecvt2_ws/install/ecvt2_controller/include/ecvt2_controller/kdl_utils.hpp
[90.085s] -- Up-to-date symlink: /home/jin/harco/ecvt2_ws/install/ecvt2_controller/include/ecvt2_controller/wbc_hqp_lib.hpp
[90.085s] -- Up-to-date symlink: /home/jin/harco/ecvt2_ws/install/ecvt2_controller/lib/libkdl_utils.a
[90.085s] -- Up-to-date symlink: /home/jin/harco/ecvt2_ws/install/ecvt2_controller/lib/libwbc_hqp_lib.a
[90.085s] -- Up-to-date symlink: /home/jin/harco/ecvt2_ws/install/ecvt2_controller/lib/ecvt2_controller/base_opt_controller
[90.085s] -- Up-to-date symlink: /home/jin/harco/ecvt2_ws/install/ecvt2_controller/lib/ecvt2_controller/wbc_hqp
[90.085s] -- Up-to-date symlink: /home/jin/harco/ecvt2_ws/install/ecvt2_controller/lib/ecvt2_controller/wbc_hqp_v2
[90.085s] -- Up-to-date symlink: /home/jin/harco/ecvt2_ws/install/ecvt2_controller/lib/ecvt2_controller/wbc_hqp_v3
[90.085s] -- Up-to-date symlink: /home/jin/harco/ecvt2_ws/install/ecvt2_controller/lib/ecvt2_controller/base_arm_task_controller
[90.085s] -- Up-to-date symlink: /home/jin/harco/ecvt2_ws/install/ecvt2_controller/lib/ecvt2_controller/base_arm_task_controller_v2
[90.085s] -- Up-to-date symlink: /home/jin/harco/ecvt2_ws/install/ecvt2_controller/lib/ecvt2_controller/teleop_goal_publisher
[90.085s] -- Up-to-date symlink: /home/jin/harco/ecvt2_ws/install/ecvt2_controller/lib/ecvt2_controller/com_trajectory_publisher
[90.086s] -- Up-to-date symlink: /home/jin/harco/ecvt2_ws/install/ecvt2_controller/lib/ecvt2_controller/pin_test
[90.086s] -- Up-to-date symlink: /home/jin/harco/ecvt2_ws/install/ecvt2_controller/share/ament_index/resource_index/package_run_dependencies/ecvt2_controller
[90.086s] -- Up-to-date symlink: /home/jin/harco/ecvt2_ws/install/ecvt2_controller/share/ament_index/resource_index/parent_prefix_path/ecvt2_controller
[90.086s] -- Up-to-date symlink: /home/jin/harco/ecvt2_ws/install/ecvt2_controller/share/ecvt2_controller/environment/ament_prefix_path.sh
[90.086s] -- Up-to-date symlink: /home/jin/harco/ecvt2_ws/install/ecvt2_controller/share/ecvt2_controller/environment/ament_prefix_path.dsv
[90.086s] -- Up-to-date symlink: /home/jin/harco/ecvt2_ws/install/ecvt2_controller/share/ecvt2_controller/environment/path.sh
[90.086s] -- Up-to-date symlink: /home/jin/harco/ecvt2_ws/install/ecvt2_controller/share/ecvt2_controller/environment/path.dsv
[90.086s] -- Up-to-date symlink: /home/jin/harco/ecvt2_ws/install/ecvt2_controller/share/ecvt2_controller/local_setup.bash
[90.086s] -- Up-to-date symlink: /home/jin/harco/ecvt2_ws/install/ecvt2_controller/share/ecvt2_controller/local_setup.sh
[90.086s] -- Up-to-date symlink: /home/jin/harco/ecvt2_ws/install/ecvt2_controller/share/ecvt2_controller/local_setup.zsh
[90.086s] -- Up-to-date symlink: /home/jin/harco/ecvt2_ws/install/ecvt2_controller/share/ecvt2_controller/local_setup.dsv
[90.086s] -- Symlinking: /home/jin/harco/ecvt2_ws/install/ecvt2_controller/share/ecvt2_controller/package.dsv
[90.100s] -- Up-to-date symlink: /home/jin/harco/ecvt2_ws/install/ecvt2_controller/share/ament_index/resource_index/packages/ecvt2_controller
[90.100s] -- Up-to-date symlink: /home/jin/harco/ecvt2_ws/install/ecvt2_controller/share/ecvt2_controller/cmake/ecvt2_controllerConfig.cmake
[90.100s] -- Up-to-date symlink: /home/jin/harco/ecvt2_ws/install/ecvt2_controller/share/ecvt2_controller/cmake/ecvt2_controllerConfig-version.cmake
[90.100s] -- Up-to-date symlink: /home/jin/harco/ecvt2_ws/install/ecvt2_controller/share/ecvt2_controller/package.xml
[120.098s] Invoked command in '/home/jin/harco/ecvt2_ws/build/ecvt2_controller' returned '0': CMAKE_PREFIX_PATH=${CMAKE_PREFIX_PATH}:/home/jin/harco/ecvt2_ws/install/ecvt2_sim:/opt/ros/humble /usr/bin/cmake --install /home/jin/harco/ecvt2_ws/build/ecvt2_controller
