[0.010s] Invoking command in '/home/jin/harco/ecvt2_ws/build/ifopt': CMAKE_PREFIX_PATH=${CMAKE_PREFIX_PATH}:/home/jin/harco/ecvt2_ws/install/ecvt2_sim:/opt/ros/humble /usr/bin/cmake --build /home/jin/harco/ecvt2_ws/build/ifopt -- -j20 -l20
[0.134s] [ 33%] Built target ifopt_core
[0.134s] [ 58%] Built target ifopt_ipopt
[0.134s] [ 83%] Built target ifopt_core-test
[0.134s] [100%] Built target ifopt_ipopt-example
[0.136s] Invoked command in '/home/jin/harco/ecvt2_ws/build/ifopt' returned '0': CMAKE_PREFIX_PATH=${CMAKE_PREFIX_PATH}:/home/jin/harco/ecvt2_ws/install/ecvt2_sim:/opt/ros/humble /usr/bin/cmake --build /home/jin/harco/ecvt2_ws/build/ifopt -- -j20 -l20
[0.142s] Invoking command in '/home/jin/harco/ecvt2_ws/build/ifopt': CMAKE_PREFIX_PATH=${CMAKE_PREFIX_PATH}:/home/jin/harco/ecvt2_ws/install/ecvt2_sim:/opt/ros/humble /usr/bin/cmake --install /home/jin/harco/ecvt2_ws/build/ifopt
[0.147s] -- Install configuration: ""
[0.147s] -- Up-to-date: /home/jin/harco/ecvt2_ws/install/ifopt/share/ifopt/cmake/ifopt-config.cmake
[0.147s] -- Up-to-date: /home/jin/harco/ecvt2_ws/install/ifopt/share/ifopt/cmake/ifopt-config-version.cmake
[0.147s] -- Up-to-date: /home/jin/harco/ecvt2_ws/install/ifopt/share/ifopt/package.xml
[0.147s] -- Up-to-date: /home/jin/harco/ecvt2_ws/install/ifopt/lib/libifopt_core.so
[0.147s] -- Up-to-date: /home/jin/harco/ecvt2_ws/install/ifopt/include/ifopt
[0.147s] -- Up-to-date: /home/jin/harco/ecvt2_ws/install/ifopt/include/ifopt/cost_term.h
[0.148s] -- Up-to-date: /home/jin/harco/ecvt2_ws/install/ifopt/include/ifopt/problem.h
[0.148s] -- Up-to-date: /home/jin/harco/ecvt2_ws/install/ifopt/include/ifopt/bounds.h
[0.148s] -- Up-to-date: /home/jin/harco/ecvt2_ws/install/ifopt/include/ifopt/composite.h
[0.148s] -- Up-to-date: /home/jin/harco/ecvt2_ws/install/ifopt/include/ifopt/constraint_set.h
[0.148s] -- Up-to-date: /home/jin/harco/ecvt2_ws/install/ifopt/include/ifopt/variable_set.h
[0.148s] -- Up-to-date: /home/jin/harco/ecvt2_ws/install/ifopt/include/ifopt/solver.h
[0.148s] -- Up-to-date: /home/jin/harco/ecvt2_ws/install/ifopt/include/ifopt/test_vars_constr_cost.h
[0.148s] -- Up-to-date: /home/jin/harco/ecvt2_ws/install/ifopt/share/ifopt/cmake/ifopt_core-targets.cmake
[0.148s] -- Up-to-date: /home/jin/harco/ecvt2_ws/install/ifopt/share/ifopt/cmake/ifopt_core-targets-noconfig.cmake
[0.148s] -- Up-to-date: /home/jin/harco/ecvt2_ws/install/ifopt/lib/ifopt/ifopt_core-test
[0.148s] -- Up-to-date: /home/jin/harco/ecvt2_ws/install/ifopt/lib/libifopt_ipopt.so
[0.148s] -- Up-to-date: /home/jin/harco/ecvt2_ws/install/ifopt/lib/ifopt/ifopt_ipopt-example
[0.148s] -- Up-to-date: /home/jin/harco/ecvt2_ws/install/ifopt/include/ifopt
[0.149s] -- Up-to-date: /home/jin/harco/ecvt2_ws/install/ifopt/include/ifopt/ipopt_adapter.h
[0.149s] -- Up-to-date: /home/jin/harco/ecvt2_ws/install/ifopt/include/ifopt/ipopt_solver.h
[0.149s] -- Up-to-date: /home/jin/harco/ecvt2_ws/install/ifopt/share/ifopt/cmake/ifopt_ipopt-targets.cmake
[0.149s] -- Up-to-date: /home/jin/harco/ecvt2_ws/install/ifopt/share/ifopt/cmake/ifopt_ipopt-targets-noconfig.cmake
[0.149s] Invoked command in '/home/jin/harco/ecvt2_ws/build/ifopt' returned '0': CMAKE_PREFIX_PATH=${CMAKE_PREFIX_PATH}:/home/jin/harco/ecvt2_ws/install/ecvt2_sim:/opt/ros/humble /usr/bin/cmake --install /home/jin/harco/ecvt2_ws/build/ifopt
