[0.008s] Invoking command in '/home/jin/harco/ecvt2_ws/build/ecvt2_controller': CMAKE_PREFIX_PATH=/opt/ros/humble /usr/bin/cmake /home/jin/harco/ecvt2_ws/ecvt2_controller -DAMENT_CMAKE_SYMLINK_INSTALL=1 -DCMAKE_INSTALL_PREFIX=/home/jin/harco/ecvt2_ws/install/ecvt2_controller
[0.124s] -- The C compiler identification is GNU 11.4.0
[0.164s] -- The CXX compiler identification is GNU 11.4.0
[0.169s] -- Detecting C compiler ABI info
[0.214s] -- Detecting C compiler ABI info - done
[0.218s] -- Check for working C compiler: /usr/bin/cc - skipped
[0.218s] -- Detecting C compile features
[0.219s] -- Detecting C compile features - done
[0.221s] -- Detecting CXX compiler ABI info
[0.270s] -- Detecting CXX compiler ABI info - done
[0.275s] -- Check for working CXX compiler: /usr/bin/c++ - skipped
[0.275s] -- Detecting CXX compile features
[0.275s] -- Detecting CXX compile features - done
[0.277s] -- Found ament_cmake: 1.3.12 (/opt/ros/humble/share/ament_cmake/cmake)
[0.499s] -- Found Python3: /usr/bin/python3 (found version "3.10.12") found components: Interpreter 
[0.541s] -- Override CMake install command with custom implementation using symlinks instead of copying resources
[0.557s] -- Found rclcpp: 16.0.16 (/opt/ros/humble/share/rclcpp/cmake)
[0.583s] -- Found rosidl_generator_c: 3.1.7 (/opt/ros/humble/share/rosidl_generator_c/cmake)
[0.586s] -- Found rosidl_adapter: 3.1.7 (/opt/ros/humble/share/rosidl_adapter/cmake)
[0.591s] -- Found rosidl_generator_cpp: 3.1.7 (/opt/ros/humble/share/rosidl_generator_cpp/cmake)
[0.600s] -- Using all available rosidl_typesupport_c: rosidl_typesupport_fastrtps_c;rosidl_typesupport_introspection_c
[0.610s] -- Using all available rosidl_typesupport_cpp: rosidl_typesupport_fastrtps_cpp;rosidl_typesupport_introspection_cpp
[0.638s] -- Found rmw_implementation_cmake: 6.1.2 (/opt/ros/humble/share/rmw_implementation_cmake/cmake)
[0.640s] -- Found rmw_fastrtps_cpp: 6.2.9 (/opt/ros/humble/share/rmw_fastrtps_cpp/cmake)
[0.697s] -- Found OpenSSL: /usr/lib/x86_64-linux-gnu/libcrypto.so (found version "3.0.2")  
[0.711s] -- Found FastRTPS: /opt/ros/humble/include  
[0.731s] -- Using RMW implementation 'rmw_fastrtps_cpp' as default
[0.737s] -- Looking for pthread.h
[0.784s] -- Looking for pthread.h - found
[0.784s] -- Performing Test CMAKE_HAVE_LIBC_PTHREAD
[0.828s] -- Performing Test CMAKE_HAVE_LIBC_PTHREAD - Success
[0.829s] -- Found Threads: TRUE  
[0.862s] -- Found geometry_msgs: 4.9.0 (/opt/ros/humble/share/geometry_msgs/cmake)
[0.873s] -- Found sensor_msgs: 4.9.0 (/opt/ros/humble/share/sensor_msgs/cmake)
[0.887s] -- Found visualization_msgs: 4.9.0 (/opt/ros/humble/share/visualization_msgs/cmake)
[0.900s] -- Found trajectory_msgs: 4.9.0 (/opt/ros/humble/share/trajectory_msgs/cmake)
[0.913s] [31mCMake Error at CMakeLists.txt:18 (find_package):
[0.913s]   By not providing "Findosqp.cmake" in CMAKE_MODULE_PATH this project has
[0.913s]   asked CMake to find a package configuration file provided by "osqp", but
[0.914s]   CMake did not find one.
[0.914s] 
[0.914s]   Could not find a package configuration file provided by "osqp" with any of
[0.914s]   the following names:
[0.914s] 
[0.914s]     osqpConfig.cmake
[0.914s]     osqp-config.cmake
[0.914s] 
[0.914s]   Add the installation prefix of "osqp" to CMAKE_PREFIX_PATH or set
[0.914s]   "osqp_DIR" to a directory containing one of the above files.  If "osqp"
[0.914s]   provides a separate development package or SDK, be sure it has been
[0.914s]   installed.
[0.914s] 
[0.914s] [0m
[0.914s] -- Configuring incomplete, errors occurred!
[0.914s] See also "/home/jin/harco/ecvt2_ws/build/ecvt2_controller/CMakeFiles/CMakeOutput.log".
[0.919s] Invoked command in '/home/jin/harco/ecvt2_ws/build/ecvt2_controller' returned '1': CMAKE_PREFIX_PATH=/opt/ros/humble /usr/bin/cmake /home/jin/harco/ecvt2_ws/ecvt2_controller -DAMENT_CMAKE_SYMLINK_INSTALL=1 -DCMAKE_INSTALL_PREFIX=/home/jin/harco/ecvt2_ws/install/ecvt2_controller
