[0.071s] colcon DEBUG Command line arguments: ['/usr/bin/colcon', 'build', '--packages-select', 'ecvt2_controller']
[0.071s] colcon DEBUG Parsed command line arguments: Namespace(log_base=None, log_level=None, verb_name='build', build_base='build', install_base='install', merge_install=False, symlink_install=False, test_result_base=None, continue_on_error=False, executor='parallel', parallel_workers=20, event_handlers=None, ignore_user_meta=False, metas=['./colcon.meta'], base_paths=['.'], packages_ignore=None, packages_ignore_regex=None, paths=None, packages_up_to=None, packages_up_to_regex=None, packages_above=None, packages_above_and_dependencies=None, packages_above_depth=None, packages_select_by_dep=None, packages_skip_by_dep=None, packages_skip_up_to=None, packages_select_build_failed=False, packages_skip_build_finished=False, packages_select_test_failures=False, packages_skip_test_passed=False, packages_select=['ecvt2_controller'], packages_skip=None, packages_select_regex=None, packages_skip_regex=None, packages_start=None, packages_end=None, allow_overriding=[], cmake_args=None, cmake_target=None, cmake_target_skip_unavailable=False, cmake_clean_cache=False, cmake_clean_first=False, cmake_force_configure=False, ament_cmake_args=None, catkin_cmake_args=None, catkin_skip_building_tests=False, mixin_files=None, mixin=None, verb_parser=<colcon_mixin.mixin.mixin_argument.MixinArgumentDecorator object at 0x73217c142590>, verb_extension=<colcon_core.verb.build.BuildVerb object at 0x73217c1416f0>, main=<bound method BuildVerb.main of <colcon_core.verb.build.BuildVerb object at 0x73217c1416f0>>, mixin_verb=('build',))
[0.094s] colcon.colcon_core.package_discovery Level 1 discover_packages(colcon_meta) check parameters
[0.094s] colcon.colcon_core.package_discovery Level 1 discover_packages(recursive) check parameters
[0.094s] colcon.colcon_core.package_discovery Level 1 discover_packages(ignore) check parameters
[0.094s] colcon.colcon_core.package_discovery Level 1 discover_packages(path) check parameters
[0.094s] colcon.colcon_core.package_discovery Level 1 discover_packages(colcon_meta) discover
[0.094s] colcon.colcon_core.package_discovery Level 1 discover_packages(recursive) discover
[0.094s] colcon.colcon_core.package_discovery INFO Crawling recursively for packages in '/home/jin/harco/ecvt2_ws'
[0.094s] colcon.colcon_core.package_identification Level 1 _identify(.) by extensions ['ignore', 'ignore_ament_install']
[0.094s] colcon.colcon_core.package_identification Level 1 _identify(.) by extension 'ignore'
[0.095s] colcon.colcon_core.package_identification Level 1 _identify(.) by extension 'ignore_ament_install'
[0.095s] colcon.colcon_core.package_identification Level 1 _identify(.) by extensions ['colcon_pkg']
[0.095s] colcon.colcon_core.package_identification Level 1 _identify(.) by extension 'colcon_pkg'
[0.095s] colcon.colcon_core.package_identification Level 1 _identify(.) by extensions ['colcon_meta']
[0.095s] colcon.colcon_core.package_identification Level 1 _identify(.) by extension 'colcon_meta'
[0.095s] colcon.colcon_core.package_identification Level 1 _identify(.) by extensions ['ros']
[0.095s] colcon.colcon_core.package_identification Level 1 _identify(.) by extension 'ros'
[0.109s] colcon.colcon_core.package_identification Level 1 _identify(.) by extensions ['cmake', 'python']
[0.109s] colcon.colcon_core.package_identification Level 1 _identify(.) by extension 'cmake'
[0.109s] colcon.colcon_core.package_identification Level 1 _identify(.) by extension 'python'
[0.109s] colcon.colcon_core.package_identification Level 1 _identify(.) by extensions ['python_setup_py']
[0.109s] colcon.colcon_core.package_identification Level 1 _identify(.) by extension 'python_setup_py'
[0.109s] colcon.colcon_core.package_identification Level 1 _identify(build) by extensions ['ignore', 'ignore_ament_install']
[0.109s] colcon.colcon_core.package_identification Level 1 _identify(build) by extension 'ignore'
[0.109s] colcon.colcon_core.package_identification Level 1 _identify(build) ignored
[0.110s] colcon.colcon_core.package_identification Level 1 _identify(ecvt2_controller) by extensions ['ignore', 'ignore_ament_install']
[0.110s] colcon.colcon_core.package_identification Level 1 _identify(ecvt2_controller) by extension 'ignore'
[0.110s] colcon.colcon_core.package_identification Level 1 _identify(ecvt2_controller) by extension 'ignore_ament_install'
[0.110s] colcon.colcon_core.package_identification Level 1 _identify(ecvt2_controller) by extensions ['colcon_pkg']
[0.110s] colcon.colcon_core.package_identification Level 1 _identify(ecvt2_controller) by extension 'colcon_pkg'
[0.110s] colcon.colcon_core.package_identification Level 1 _identify(ecvt2_controller) by extensions ['colcon_meta']
[0.110s] colcon.colcon_core.package_identification Level 1 _identify(ecvt2_controller) by extension 'colcon_meta'
[0.110s] colcon.colcon_core.package_identification Level 1 _identify(ecvt2_controller) by extensions ['ros']
[0.110s] colcon.colcon_core.package_identification Level 1 _identify(ecvt2_controller) by extension 'ros'
[0.112s] colcon.colcon_core.package_identification DEBUG Package 'ecvt2_controller' with type 'ros.ament_cmake' and name 'ecvt2_controller'
[0.112s] colcon.colcon_core.package_identification Level 1 _identify(ecvt2_mjcf_v2) by extensions ['ignore', 'ignore_ament_install']
[0.112s] colcon.colcon_core.package_identification Level 1 _identify(ecvt2_mjcf_v2) by extension 'ignore'
[0.112s] colcon.colcon_core.package_identification Level 1 _identify(ecvt2_mjcf_v2) by extension 'ignore_ament_install'
[0.112s] colcon.colcon_core.package_identification Level 1 _identify(ecvt2_mjcf_v2) by extensions ['colcon_pkg']
[0.112s] colcon.colcon_core.package_identification Level 1 _identify(ecvt2_mjcf_v2) by extension 'colcon_pkg'
[0.112s] colcon.colcon_core.package_identification Level 1 _identify(ecvt2_mjcf_v2) by extensions ['colcon_meta']
[0.112s] colcon.colcon_core.package_identification Level 1 _identify(ecvt2_mjcf_v2) by extension 'colcon_meta'
[0.112s] colcon.colcon_core.package_identification Level 1 _identify(ecvt2_mjcf_v2) by extensions ['ros']
[0.112s] colcon.colcon_core.package_identification Level 1 _identify(ecvt2_mjcf_v2) by extension 'ros'
[0.112s] colcon.colcon_core.package_identification DEBUG Failed to parse potential ROS package manifest in'ecvt2_mjcf_v2': Error(s) in package 'ecvt2_mjcf_v2/package.xml':
Package name "simple_model_for_urdf.SLDASM" does not follow naming conventions
[0.112s] colcon.colcon_core.package_identification Level 1 _identify(ecvt2_mjcf_v2) by extensions ['cmake', 'python']
[0.112s] colcon.colcon_core.package_identification Level 1 _identify(ecvt2_mjcf_v2) by extension 'cmake'
[0.112s] colcon.colcon_core.package_identification Level 1 _identify(ecvt2_mjcf_v2) by extension 'python'
[0.112s] colcon.colcon_core.package_identification Level 1 _identify(ecvt2_mjcf_v2) by extensions ['python_setup_py']
[0.112s] colcon.colcon_core.package_identification Level 1 _identify(ecvt2_mjcf_v2) by extension 'python_setup_py'
[0.113s] colcon.colcon_core.package_identification Level 1 _identify(ecvt2_mjcf_v2/meshes) by extensions ['ignore', 'ignore_ament_install']
[0.113s] colcon.colcon_core.package_identification Level 1 _identify(ecvt2_mjcf_v2/meshes) by extension 'ignore'
[0.113s] colcon.colcon_core.package_identification Level 1 _identify(ecvt2_mjcf_v2/meshes) by extension 'ignore_ament_install'
[0.113s] colcon.colcon_core.package_identification Level 1 _identify(ecvt2_mjcf_v2/meshes) by extensions ['colcon_pkg']
[0.113s] colcon.colcon_core.package_identification Level 1 _identify(ecvt2_mjcf_v2/meshes) by extension 'colcon_pkg'
[0.113s] colcon.colcon_core.package_identification Level 1 _identify(ecvt2_mjcf_v2/meshes) by extensions ['colcon_meta']
[0.113s] colcon.colcon_core.package_identification Level 1 _identify(ecvt2_mjcf_v2/meshes) by extension 'colcon_meta'
[0.113s] colcon.colcon_core.package_identification Level 1 _identify(ecvt2_mjcf_v2/meshes) by extensions ['ros']
[0.113s] colcon.colcon_core.package_identification Level 1 _identify(ecvt2_mjcf_v2/meshes) by extension 'ros'
[0.113s] colcon.colcon_core.package_identification Level 1 _identify(ecvt2_mjcf_v2/meshes) by extensions ['cmake', 'python']
[0.113s] colcon.colcon_core.package_identification Level 1 _identify(ecvt2_mjcf_v2/meshes) by extension 'cmake'
[0.113s] colcon.colcon_core.package_identification Level 1 _identify(ecvt2_mjcf_v2/meshes) by extension 'python'
[0.113s] colcon.colcon_core.package_identification Level 1 _identify(ecvt2_mjcf_v2/meshes) by extensions ['python_setup_py']
[0.113s] colcon.colcon_core.package_identification Level 1 _identify(ecvt2_mjcf_v2/meshes) by extension 'python_setup_py'
[0.113s] colcon.colcon_core.package_identification Level 1 _identify(ecvt2_mjcf_v2/meshes/modified) by extensions ['ignore', 'ignore_ament_install']
[0.113s] colcon.colcon_core.package_identification Level 1 _identify(ecvt2_mjcf_v2/meshes/modified) by extension 'ignore'
[0.113s] colcon.colcon_core.package_identification Level 1 _identify(ecvt2_mjcf_v2/meshes/modified) by extension 'ignore_ament_install'
[0.113s] colcon.colcon_core.package_identification Level 1 _identify(ecvt2_mjcf_v2/meshes/modified) by extensions ['colcon_pkg']
[0.113s] colcon.colcon_core.package_identification Level 1 _identify(ecvt2_mjcf_v2/meshes/modified) by extension 'colcon_pkg'
[0.113s] colcon.colcon_core.package_identification Level 1 _identify(ecvt2_mjcf_v2/meshes/modified) by extensions ['colcon_meta']
[0.113s] colcon.colcon_core.package_identification Level 1 _identify(ecvt2_mjcf_v2/meshes/modified) by extension 'colcon_meta'
[0.113s] colcon.colcon_core.package_identification Level 1 _identify(ecvt2_mjcf_v2/meshes/modified) by extensions ['ros']
[0.113s] colcon.colcon_core.package_identification Level 1 _identify(ecvt2_mjcf_v2/meshes/modified) by extension 'ros'
[0.113s] colcon.colcon_core.package_identification Level 1 _identify(ecvt2_mjcf_v2/meshes/modified) by extensions ['cmake', 'python']
[0.113s] colcon.colcon_core.package_identification Level 1 _identify(ecvt2_mjcf_v2/meshes/modified) by extension 'cmake'
[0.113s] colcon.colcon_core.package_identification Level 1 _identify(ecvt2_mjcf_v2/meshes/modified) by extension 'python'
[0.113s] colcon.colcon_core.package_identification Level 1 _identify(ecvt2_mjcf_v2/meshes/modified) by extensions ['python_setup_py']
[0.113s] colcon.colcon_core.package_identification Level 1 _identify(ecvt2_mjcf_v2/meshes/modified) by extension 'python_setup_py'
[0.113s] colcon.colcon_core.package_identification Level 1 _identify(ecvt2_mjcf_v2/meshes/origin) by extensions ['ignore', 'ignore_ament_install']
[0.113s] colcon.colcon_core.package_identification Level 1 _identify(ecvt2_mjcf_v2/meshes/origin) by extension 'ignore'
[0.113s] colcon.colcon_core.package_identification Level 1 _identify(ecvt2_mjcf_v2/meshes/origin) by extension 'ignore_ament_install'
[0.113s] colcon.colcon_core.package_identification Level 1 _identify(ecvt2_mjcf_v2/meshes/origin) by extensions ['colcon_pkg']
[0.113s] colcon.colcon_core.package_identification Level 1 _identify(ecvt2_mjcf_v2/meshes/origin) by extension 'colcon_pkg'
[0.113s] colcon.colcon_core.package_identification Level 1 _identify(ecvt2_mjcf_v2/meshes/origin) by extensions ['colcon_meta']
[0.113s] colcon.colcon_core.package_identification Level 1 _identify(ecvt2_mjcf_v2/meshes/origin) by extension 'colcon_meta'
[0.113s] colcon.colcon_core.package_identification Level 1 _identify(ecvt2_mjcf_v2/meshes/origin) by extensions ['ros']
[0.113s] colcon.colcon_core.package_identification Level 1 _identify(ecvt2_mjcf_v2/meshes/origin) by extension 'ros'
[0.113s] colcon.colcon_core.package_identification Level 1 _identify(ecvt2_mjcf_v2/meshes/origin) by extensions ['cmake', 'python']
[0.113s] colcon.colcon_core.package_identification Level 1 _identify(ecvt2_mjcf_v2/meshes/origin) by extension 'cmake'
[0.113s] colcon.colcon_core.package_identification Level 1 _identify(ecvt2_mjcf_v2/meshes/origin) by extension 'python'
[0.114s] colcon.colcon_core.package_identification Level 1 _identify(ecvt2_mjcf_v2/meshes/origin) by extensions ['python_setup_py']
[0.114s] colcon.colcon_core.package_identification Level 1 _identify(ecvt2_mjcf_v2/meshes/origin) by extension 'python_setup_py'
[0.114s] colcon.colcon_core.package_identification Level 1 _identify(ecvt2_sim) by extensions ['ignore', 'ignore_ament_install']
[0.114s] colcon.colcon_core.package_identification Level 1 _identify(ecvt2_sim) by extension 'ignore'
[0.114s] colcon.colcon_core.package_identification Level 1 _identify(ecvt2_sim) by extension 'ignore_ament_install'
[0.114s] colcon.colcon_core.package_identification Level 1 _identify(ecvt2_sim) by extensions ['colcon_pkg']
[0.114s] colcon.colcon_core.package_identification Level 1 _identify(ecvt2_sim) by extension 'colcon_pkg'
[0.114s] colcon.colcon_core.package_identification Level 1 _identify(ecvt2_sim) by extensions ['colcon_meta']
[0.114s] colcon.colcon_core.package_identification Level 1 _identify(ecvt2_sim) by extension 'colcon_meta'
[0.114s] colcon.colcon_core.package_identification Level 1 _identify(ecvt2_sim) by extensions ['ros']
[0.114s] colcon.colcon_core.package_identification Level 1 _identify(ecvt2_sim) by extension 'ros'
[0.114s] colcon.colcon_core.package_identification DEBUG Package 'ecvt2_sim' with type 'ros.ament_python' and name 'ecvt2_sim'
[0.114s] colcon.colcon_core.package_identification Level 1 _identify(forestry_robot_mjcf) by extensions ['ignore', 'ignore_ament_install']
[0.114s] colcon.colcon_core.package_identification Level 1 _identify(forestry_robot_mjcf) by extension 'ignore'
[0.114s] colcon.colcon_core.package_identification Level 1 _identify(forestry_robot_mjcf) by extension 'ignore_ament_install'
[0.114s] colcon.colcon_core.package_identification Level 1 _identify(forestry_robot_mjcf) by extensions ['colcon_pkg']
[0.114s] colcon.colcon_core.package_identification Level 1 _identify(forestry_robot_mjcf) by extension 'colcon_pkg'
[0.114s] colcon.colcon_core.package_identification Level 1 _identify(forestry_robot_mjcf) by extensions ['colcon_meta']
[0.114s] colcon.colcon_core.package_identification Level 1 _identify(forestry_robot_mjcf) by extension 'colcon_meta'
[0.114s] colcon.colcon_core.package_identification Level 1 _identify(forestry_robot_mjcf) by extensions ['ros']
[0.114s] colcon.colcon_core.package_identification Level 1 _identify(forestry_robot_mjcf) by extension 'ros'
[0.115s] colcon.colcon_core.package_identification DEBUG Package 'forestry_robot_mjcf' with type 'ros.ament_cmake' and name 'forestry_robot_mjcf'
[0.115s] colcon.colcon_core.package_identification Level 1 _identify(install) by extensions ['ignore', 'ignore_ament_install']
[0.115s] colcon.colcon_core.package_identification Level 1 _identify(install) by extension 'ignore'
[0.115s] colcon.colcon_core.package_identification Level 1 _identify(install) ignored
[0.115s] colcon.colcon_core.package_identification Level 1 _identify(log) by extensions ['ignore', 'ignore_ament_install']
[0.115s] colcon.colcon_core.package_identification Level 1 _identify(log) by extension 'ignore'
[0.115s] colcon.colcon_core.package_identification Level 1 _identify(log) ignored
[0.115s] colcon.colcon_core.package_identification Level 1 _identify(passive_joint_figures) by extensions ['ignore', 'ignore_ament_install']
[0.115s] colcon.colcon_core.package_identification Level 1 _identify(passive_joint_figures) by extension 'ignore'
[0.115s] colcon.colcon_core.package_identification Level 1 _identify(passive_joint_figures) by extension 'ignore_ament_install'
[0.115s] colcon.colcon_core.package_identification Level 1 _identify(passive_joint_figures) by extensions ['colcon_pkg']
[0.115s] colcon.colcon_core.package_identification Level 1 _identify(passive_joint_figures) by extension 'colcon_pkg'
[0.115s] colcon.colcon_core.package_identification Level 1 _identify(passive_joint_figures) by extensions ['colcon_meta']
[0.115s] colcon.colcon_core.package_identification Level 1 _identify(passive_joint_figures) by extension 'colcon_meta'
[0.115s] colcon.colcon_core.package_identification Level 1 _identify(passive_joint_figures) by extensions ['ros']
[0.115s] colcon.colcon_core.package_identification Level 1 _identify(passive_joint_figures) by extension 'ros'
[0.115s] colcon.colcon_core.package_identification Level 1 _identify(passive_joint_figures) by extensions ['cmake', 'python']
[0.115s] colcon.colcon_core.package_identification Level 1 _identify(passive_joint_figures) by extension 'cmake'
[0.115s] colcon.colcon_core.package_identification Level 1 _identify(passive_joint_figures) by extension 'python'
[0.115s] colcon.colcon_core.package_identification Level 1 _identify(passive_joint_figures) by extensions ['python_setup_py']
[0.115s] colcon.colcon_core.package_identification Level 1 _identify(passive_joint_figures) by extension 'python_setup_py'
[0.115s] colcon.colcon_core.package_identification Level 1 _identify(src) by extensions ['ignore', 'ignore_ament_install']
[0.115s] colcon.colcon_core.package_identification Level 1 _identify(src) by extension 'ignore'
[0.116s] colcon.colcon_core.package_identification Level 1 _identify(src) by extension 'ignore_ament_install'
[0.116s] colcon.colcon_core.package_identification Level 1 _identify(src) by extensions ['colcon_pkg']
[0.116s] colcon.colcon_core.package_identification Level 1 _identify(src) by extension 'colcon_pkg'
[0.116s] colcon.colcon_core.package_identification Level 1 _identify(src) by extensions ['colcon_meta']
[0.116s] colcon.colcon_core.package_identification Level 1 _identify(src) by extension 'colcon_meta'
[0.116s] colcon.colcon_core.package_identification Level 1 _identify(src) by extensions ['ros']
[0.116s] colcon.colcon_core.package_identification Level 1 _identify(src) by extension 'ros'
[0.116s] colcon.colcon_core.package_identification Level 1 _identify(src) by extensions ['cmake', 'python']
[0.116s] colcon.colcon_core.package_identification Level 1 _identify(src) by extension 'cmake'
[0.116s] colcon.colcon_core.package_identification Level 1 _identify(src) by extension 'python'
[0.116s] colcon.colcon_core.package_identification Level 1 _identify(src) by extensions ['python_setup_py']
[0.116s] colcon.colcon_core.package_identification Level 1 _identify(src) by extension 'python_setup_py'
[0.116s] colcon.colcon_core.package_identification Level 1 _identify(src/ifopt) by extensions ['ignore', 'ignore_ament_install']
[0.116s] colcon.colcon_core.package_identification Level 1 _identify(src/ifopt) by extension 'ignore'
[0.116s] colcon.colcon_core.package_identification Level 1 _identify(src/ifopt) by extension 'ignore_ament_install'
[0.116s] colcon.colcon_core.package_identification Level 1 _identify(src/ifopt) by extensions ['colcon_pkg']
[0.116s] colcon.colcon_core.package_identification Level 1 _identify(src/ifopt) by extension 'colcon_pkg'
[0.116s] colcon.colcon_core.package_identification Level 1 _identify(src/ifopt) by extensions ['colcon_meta']
[0.116s] colcon.colcon_core.package_identification Level 1 _identify(src/ifopt) by extension 'colcon_meta'
[0.116s] colcon.colcon_core.package_identification Level 1 _identify(src/ifopt) by extensions ['ros']
[0.116s] colcon.colcon_core.package_identification Level 1 _identify(src/ifopt) by extension 'ros'
[0.118s] colcon.colcon_core.package_identification DEBUG Package 'src/ifopt' with type 'ros.cmake' and name 'ifopt'
[0.118s] colcon.colcon_core.package_discovery Level 1 discover_packages(recursive) using defaults
[0.118s] colcon.colcon_core.package_discovery Level 1 discover_packages(ignore) discover
[0.118s] colcon.colcon_core.package_discovery Level 1 discover_packages(ignore) using defaults
[0.118s] colcon.colcon_core.package_discovery Level 1 discover_packages(path) discover
[0.118s] colcon.colcon_core.package_discovery Level 1 discover_packages(path) using defaults
[0.129s] colcon.colcon_core.package_selection INFO Skipping not selected package 'ecvt2_sim' in 'ecvt2_sim'
[0.129s] colcon.colcon_core.package_selection INFO Skipping not selected package 'forestry_robot_mjcf' in 'forestry_robot_mjcf'
[0.130s] colcon.colcon_core.package_selection INFO Skipping not selected package 'ifopt' in 'src/ifopt'
[0.130s] colcon.colcon_core.package_discovery Level 1 discover_packages(prefix_path) check parameters
[0.130s] colcon.colcon_core.package_discovery Level 1 discover_packages(prefix_path) discover
[0.131s] colcon.colcon_installed_package_information.package_discovery DEBUG Found 4 installed packages in /home/jin/harco/ecvt2_ws/install
[0.132s] colcon.colcon_installed_package_information.package_discovery DEBUG Found 291 installed packages in /opt/ros/humble
[0.132s] colcon.colcon_core.package_discovery Level 1 discover_packages(prefix_path) using defaults
[0.160s] colcon.colcon_core.verb Level 5 set package 'ecvt2_controller' build argument 'cmake_args' from command line to 'None'
[0.160s] colcon.colcon_core.verb Level 5 set package 'ecvt2_controller' build argument 'cmake_target' from command line to 'None'
[0.160s] colcon.colcon_core.verb Level 5 set package 'ecvt2_controller' build argument 'cmake_target_skip_unavailable' from command line to 'False'
[0.160s] colcon.colcon_core.verb Level 5 set package 'ecvt2_controller' build argument 'cmake_clean_cache' from command line to 'False'
[0.160s] colcon.colcon_core.verb Level 5 set package 'ecvt2_controller' build argument 'cmake_clean_first' from command line to 'False'
[0.160s] colcon.colcon_core.verb Level 5 set package 'ecvt2_controller' build argument 'cmake_force_configure' from command line to 'False'
[0.160s] colcon.colcon_core.verb Level 5 set package 'ecvt2_controller' build argument 'ament_cmake_args' from command line to 'None'
[0.160s] colcon.colcon_core.verb Level 5 set package 'ecvt2_controller' build argument 'catkin_cmake_args' from command line to 'None'
[0.160s] colcon.colcon_core.verb Level 5 set package 'ecvt2_controller' build argument 'catkin_skip_building_tests' from command line to 'False'
[0.160s] colcon.colcon_core.verb DEBUG Building package 'ecvt2_controller' with the following arguments: {'ament_cmake_args': None, 'build_base': '/home/jin/harco/ecvt2_ws/build/ecvt2_controller', 'catkin_cmake_args': None, 'catkin_skip_building_tests': False, 'cmake_args': None, 'cmake_clean_cache': False, 'cmake_clean_first': False, 'cmake_force_configure': False, 'cmake_target': None, 'cmake_target_skip_unavailable': False, 'install_base': '/home/jin/harco/ecvt2_ws/install/ecvt2_controller', 'merge_install': False, 'path': '/home/jin/harco/ecvt2_ws/ecvt2_controller', 'symlink_install': False, 'test_result_base': None}
[0.160s] colcon.colcon_core.executor INFO Executing jobs using 'parallel' executor
[0.161s] colcon.colcon_parallel_executor.executor.parallel DEBUG run_until_complete
[0.161s] colcon.colcon_ros.task.ament_cmake.build INFO Building ROS package in '/home/jin/harco/ecvt2_ws/ecvt2_controller' with build type 'ament_cmake'
[0.161s] colcon.colcon_cmake.task.cmake.build INFO Building CMake package in '/home/jin/harco/ecvt2_ws/ecvt2_controller'
[0.162s] colcon.colcon_core.plugin_system INFO Skipping extension 'colcon_core.shell.bat': Not used on non-Windows systems
[0.162s] colcon.colcon_core.shell INFO Skip shell extension 'powershell' for command environment: Not usable outside of PowerShell
[0.162s] colcon.colcon_core.shell DEBUG Skip shell extension 'dsv' for command environment
[0.168s] colcon.colcon_core.event_handler.log_command DEBUG Invoking command in '/home/jin/harco/ecvt2_ws/build/ecvt2_controller': CMAKE_PREFIX_PATH=${CMAKE_PREFIX_PATH}:/home/jin/harco/ecvt2_ws/install/ecvt2_sim:/opt/ros/humble /usr/bin/cmake /home/jin/harco/ecvt2_ws/ecvt2_controller -DCMAKE_INSTALL_PREFIX=/home/jin/harco/ecvt2_ws/install/ecvt2_controller
[0.801s] colcon.colcon_core.event_handler.log_command DEBUG Invoked command in '/home/jin/harco/ecvt2_ws/build/ecvt2_controller' returned '0': CMAKE_PREFIX_PATH=${CMAKE_PREFIX_PATH}:/home/jin/harco/ecvt2_ws/install/ecvt2_sim:/opt/ros/humble /usr/bin/cmake /home/jin/harco/ecvt2_ws/ecvt2_controller -DCMAKE_INSTALL_PREFIX=/home/jin/harco/ecvt2_ws/install/ecvt2_controller
[0.803s] colcon.colcon_core.event_handler.log_command DEBUG Invoking command in '/home/jin/harco/ecvt2_ws/build/ecvt2_controller': CMAKE_PREFIX_PATH=${CMAKE_PREFIX_PATH}:/home/jin/harco/ecvt2_ws/install/ecvt2_sim:/opt/ros/humble /usr/bin/cmake --build /home/jin/harco/ecvt2_ws/build/ecvt2_controller -- -j20 -l20
[52.071s] colcon.colcon_core.event_handler.log_command DEBUG Invoked command in '/home/jin/harco/ecvt2_ws/build/ecvt2_controller' returned '0': CMAKE_PREFIX_PATH=${CMAKE_PREFIX_PATH}:/home/jin/harco/ecvt2_ws/install/ecvt2_sim:/opt/ros/humble /usr/bin/cmake --build /home/jin/harco/ecvt2_ws/build/ecvt2_controller -- -j20 -l20
[52.091s] colcon.colcon_core.event_handler.log_command DEBUG Invoking command in '/home/jin/harco/ecvt2_ws/build/ecvt2_controller': CMAKE_PREFIX_PATH=${CMAKE_PREFIX_PATH}:/home/jin/harco/ecvt2_ws/install/ecvt2_sim:/opt/ros/humble /usr/bin/cmake --install /home/jin/harco/ecvt2_ws/build/ecvt2_controller
[52.151s] colcon.colcon_core.environment Level 1 create_environment_scripts_only(ecvt2_controller)
[52.155s] colcon.colcon_core.event_handler.log_command DEBUG Invoked command in '/home/jin/harco/ecvt2_ws/build/ecvt2_controller' returned '0': CMAKE_PREFIX_PATH=${CMAKE_PREFIX_PATH}:/home/jin/harco/ecvt2_ws/install/ecvt2_sim:/opt/ros/humble /usr/bin/cmake --install /home/jin/harco/ecvt2_ws/build/ecvt2_controller
[52.156s] colcon.colcon_core.environment Level 1 checking '/home/jin/harco/ecvt2_ws/install/ecvt2_controller' for CMake module files
[52.157s] colcon.colcon_core.environment Level 1 checking '/home/jin/harco/ecvt2_ws/install/ecvt2_controller' for CMake config files
[52.157s] colcon.colcon_core.shell Level 1 create_environment_hook('ecvt2_controller', 'cmake_prefix_path')
[52.157s] colcon.colcon_core.shell INFO Creating environment hook '/home/jin/harco/ecvt2_ws/install/ecvt2_controller/share/ecvt2_controller/hook/cmake_prefix_path.ps1'
[52.164s] colcon.colcon_core.shell INFO Creating environment descriptor '/home/jin/harco/ecvt2_ws/install/ecvt2_controller/share/ecvt2_controller/hook/cmake_prefix_path.dsv'
[52.169s] colcon.colcon_core.shell INFO Creating environment hook '/home/jin/harco/ecvt2_ws/install/ecvt2_controller/share/ecvt2_controller/hook/cmake_prefix_path.sh'
[52.170s] colcon.colcon_core.environment Level 1 checking '/home/jin/harco/ecvt2_ws/install/ecvt2_controller/lib'
[52.170s] colcon.colcon_core.environment Level 1 checking '/home/jin/harco/ecvt2_ws/install/ecvt2_controller/bin'
[52.170s] colcon.colcon_core.environment Level 1 checking '/home/jin/harco/ecvt2_ws/install/ecvt2_controller/lib/pkgconfig/ecvt2_controller.pc'
[52.171s] colcon.colcon_core.environment Level 1 checking '/home/jin/harco/ecvt2_ws/install/ecvt2_controller/lib/python3.10/site-packages'
[52.172s] colcon.colcon_core.environment Level 1 checking '/home/jin/harco/ecvt2_ws/install/ecvt2_controller/bin'
[52.172s] colcon.colcon_core.shell INFO Creating package script '/home/jin/harco/ecvt2_ws/install/ecvt2_controller/share/ecvt2_controller/package.ps1'
[52.176s] colcon.colcon_core.shell INFO Creating package descriptor '/home/jin/harco/ecvt2_ws/install/ecvt2_controller/share/ecvt2_controller/package.dsv'
[52.177s] colcon.colcon_core.shell INFO Creating package script '/home/jin/harco/ecvt2_ws/install/ecvt2_controller/share/ecvt2_controller/package.sh'
[52.179s] colcon.colcon_core.shell INFO Creating package script '/home/jin/harco/ecvt2_ws/install/ecvt2_controller/share/ecvt2_controller/package.bash'
[52.184s] colcon.colcon_core.shell INFO Creating package script '/home/jin/harco/ecvt2_ws/install/ecvt2_controller/share/ecvt2_controller/package.zsh'
[52.185s] colcon.colcon_core.environment Level 1 create_file_with_runtime_dependencies(/home/jin/harco/ecvt2_ws/install/ecvt2_controller/share/colcon-core/packages/ecvt2_controller)
[52.186s] colcon.colcon_core.environment Level 1 create_environment_scripts_only(ecvt2_controller)
[52.187s] colcon.colcon_core.environment Level 1 checking '/home/jin/harco/ecvt2_ws/install/ecvt2_controller' for CMake module files
[52.188s] colcon.colcon_core.environment Level 1 checking '/home/jin/harco/ecvt2_ws/install/ecvt2_controller' for CMake config files
[52.192s] colcon.colcon_core.shell Level 1 create_environment_hook('ecvt2_controller', 'cmake_prefix_path')
[52.192s] colcon.colcon_core.shell INFO Creating environment hook '/home/jin/harco/ecvt2_ws/install/ecvt2_controller/share/ecvt2_controller/hook/cmake_prefix_path.ps1'
[52.193s] colcon.colcon_core.shell INFO Creating environment descriptor '/home/jin/harco/ecvt2_ws/install/ecvt2_controller/share/ecvt2_controller/hook/cmake_prefix_path.dsv'
[52.194s] colcon.colcon_core.shell INFO Creating environment hook '/home/jin/harco/ecvt2_ws/install/ecvt2_controller/share/ecvt2_controller/hook/cmake_prefix_path.sh'
[52.195s] colcon.colcon_core.environment Level 1 checking '/home/jin/harco/ecvt2_ws/install/ecvt2_controller/lib'
[52.195s] colcon.colcon_core.environment Level 1 checking '/home/jin/harco/ecvt2_ws/install/ecvt2_controller/bin'
[52.195s] colcon.colcon_core.environment Level 1 checking '/home/jin/harco/ecvt2_ws/install/ecvt2_controller/lib/pkgconfig/ecvt2_controller.pc'
[52.196s] colcon.colcon_core.environment Level 1 checking '/home/jin/harco/ecvt2_ws/install/ecvt2_controller/lib/python3.10/site-packages'
[52.196s] colcon.colcon_core.environment Level 1 checking '/home/jin/harco/ecvt2_ws/install/ecvt2_controller/bin'
[52.200s] colcon.colcon_core.shell INFO Creating package script '/home/jin/harco/ecvt2_ws/install/ecvt2_controller/share/ecvt2_controller/package.ps1'
[52.201s] colcon.colcon_core.shell INFO Creating package descriptor '/home/jin/harco/ecvt2_ws/install/ecvt2_controller/share/ecvt2_controller/package.dsv'
[52.202s] colcon.colcon_core.shell INFO Creating package script '/home/jin/harco/ecvt2_ws/install/ecvt2_controller/share/ecvt2_controller/package.sh'
[52.203s] colcon.colcon_core.shell INFO Creating package script '/home/jin/harco/ecvt2_ws/install/ecvt2_controller/share/ecvt2_controller/package.bash'
[52.207s] colcon.colcon_core.shell INFO Creating package script '/home/jin/harco/ecvt2_ws/install/ecvt2_controller/share/ecvt2_controller/package.zsh'
[52.208s] colcon.colcon_core.environment Level 1 create_file_with_runtime_dependencies(/home/jin/harco/ecvt2_ws/install/ecvt2_controller/share/colcon-core/packages/ecvt2_controller)
[52.208s] colcon.colcon_parallel_executor.executor.parallel DEBUG closing loop
[52.208s] colcon.colcon_parallel_executor.executor.parallel DEBUG loop closed
[52.208s] colcon.colcon_parallel_executor.executor.parallel DEBUG run_until_complete finished with '0'
[52.208s] colcon.colcon_core.event_reactor DEBUG joining thread
[52.221s] colcon.colcon_core.plugin_system INFO Skipping extension 'colcon_notification.desktop_notification.terminal_notifier': Not used on non-Darwin systems
[52.222s] colcon.colcon_core.plugin_system INFO Skipping extension 'colcon_notification.desktop_notification.win32': Not used on non-Windows systems
[52.222s] colcon.colcon_notification.desktop_notification INFO Sending desktop notification using 'notify2'
[52.222s] colcon.colcon_notification.desktop_notification.notify2 DEBUG Failed to initialize notify2: org.freedesktop.DBus.Error.AccessDenied: Failed to connect to socket /run/user/1000/bus: Operation not permitted
[52.223s] colcon.colcon_core.event_reactor DEBUG joined thread
[52.223s] colcon.colcon_core.shell INFO Creating prefix script '/home/jin/harco/ecvt2_ws/install/local_setup.ps1'
[52.225s] colcon.colcon_core.shell INFO Creating prefix util module '/home/jin/harco/ecvt2_ws/install/_local_setup_util_ps1.py'
[52.227s] colcon.colcon_core.shell INFO Creating prefix chain script '/home/jin/harco/ecvt2_ws/install/setup.ps1'
[52.231s] colcon.colcon_core.shell INFO Creating prefix script '/home/jin/harco/ecvt2_ws/install/local_setup.sh'
[52.233s] colcon.colcon_core.shell INFO Creating prefix util module '/home/jin/harco/ecvt2_ws/install/_local_setup_util_sh.py'
[52.235s] colcon.colcon_core.shell INFO Creating prefix chain script '/home/jin/harco/ecvt2_ws/install/setup.sh'
[52.238s] colcon.colcon_core.shell INFO Creating prefix script '/home/jin/harco/ecvt2_ws/install/local_setup.bash'
[52.240s] colcon.colcon_core.shell INFO Creating prefix chain script '/home/jin/harco/ecvt2_ws/install/setup.bash'
[52.242s] colcon.colcon_core.shell INFO Creating prefix script '/home/jin/harco/ecvt2_ws/install/local_setup.zsh'
[52.244s] colcon.colcon_core.shell INFO Creating prefix chain script '/home/jin/harco/ecvt2_ws/install/setup.zsh'
