[0.133s] Invoking command in '/home/jin/harco/ecvt2_ws/build/ecvt2_controller': CMAKE_PREFIX_PATH=/home/jin/harco/ecvt2_ws/install/ifopt:/opt/ros/humble LD_LIBRARY_PATH=/home/jin/harco/ecvt2_ws/install/ifopt/lib:${LD_LIBRARY_PATH} PKG_CONFIG_PATH=/home/jin/harco/ecvt2_ws/install/ifopt/lib/x86_64-linux-gnu/pkgconfig:/home/jin/harco/ecvt2_ws/install/ifopt/lib/pkgconfig /usr/bin/cmake --build /home/jin/harco/ecvt2_ws/build/ecvt2_controller -- -j20 -l20
[0.171s] [  6%] Built target com_trajectory_publisher
[0.176s] [ 18%] Built target wbc_hqp_lib
[0.176s] [ 18%] Built target teleop_goal_publisher
[0.179s] [ 25%] Built target kdl_utils
[0.179s] [ 31%] Built target live_upper_dynamics_node
[0.179s] Consolidate compiler generated dependencies of target vp_sto_global_planner_full_node
[0.185s] [ 37%] Built target vp_sto_paper_global_planner_node
[0.190s] [ 43%] Built target vp_sto_global_planner_node
[0.198s] [ 53%] Built target base_opt_controller
[0.198s] [ 53%] Building CXX object CMakeFiles/vp_sto_global_planner_full_node.dir/src/vp_sto_global_planner_full_node.cpp.o
[0.200s] [ 59%] Built target base_arm_task_controller_full
[0.200s] [ 65%] Built target base_arm_task_controller_v2
[0.200s] [ 71%] Built target wbc_hqp_v2
[0.200s] [ 78%] Built target base_arm_task_controller
[0.202s] [ 84%] Built target wbc_hqp
[0.204s] [ 90%] Built target wbc_hqp_v3
[0.209s] [ 96%] Built target pin_test
[3.467s] In file included from /opt/openrobots/include/hpp/fcl/config.hh:1,
[3.467s]                  from /opt/openrobots/include/pinocchio/serialization/eigen.hpp:20,
[3.468s]                  from /opt/openrobots/include/pinocchio/serialization/fwd.hpp:11,
[3.468s]                  from /opt/openrobots/include/pinocchio/multibody/joint/joint-composite.hpp:14,
[3.468s]                  from /opt/openrobots/include/pinocchio/multibody/joint/joint-generic.hpp:9,
[3.468s]                  from /opt/openrobots/include/pinocchio/multibody/model.hpp:17,
[3.468s]                  from /opt/openrobots/include/pinocchio/parsers/urdf.hpp:9,
[3.468s]                  from /home/jin/harco/ecvt2_ws/ecvt2_controller/src/vp_sto_global_planner_full_node.cpp:7:
[3.468s] /opt/openrobots/include/hpp/fcl/coal.hpp:12:99: note: ‘#pragma message: Please update your includes from 'hpp/fcl' to 'coal' or define COAL_DISABLE_HPP_FCL_WARNINGS’
[3.468s]    12 |     "Please update your includes from 'hpp/fcl' to 'coal' or define COAL_DISABLE_HPP_FCL_WARNINGS")
[3.468s]       |                                                                                                   ^
[47.236s] [100%] Linking CXX executable vp_sto_global_planner_full_node
[48.806s] [100%] Built target vp_sto_global_planner_full_node
[48.815s] Invoked command in '/home/jin/harco/ecvt2_ws/build/ecvt2_controller' returned '0': CMAKE_PREFIX_PATH=/home/jin/harco/ecvt2_ws/install/ifopt:/opt/ros/humble LD_LIBRARY_PATH=/home/jin/harco/ecvt2_ws/install/ifopt/lib:${LD_LIBRARY_PATH} PKG_CONFIG_PATH=/home/jin/harco/ecvt2_ws/install/ifopt/lib/x86_64-linux-gnu/pkgconfig:/home/jin/harco/ecvt2_ws/install/ifopt/lib/pkgconfig /usr/bin/cmake --build /home/jin/harco/ecvt2_ws/build/ecvt2_controller -- -j20 -l20
[48.821s] Invoking command in '/home/jin/harco/ecvt2_ws/build/ecvt2_controller': CMAKE_PREFIX_PATH=/home/jin/harco/ecvt2_ws/install/ifopt:/opt/ros/humble LD_LIBRARY_PATH=/home/jin/harco/ecvt2_ws/install/ifopt/lib:${LD_LIBRARY_PATH} PKG_CONFIG_PATH=/home/jin/harco/ecvt2_ws/install/ifopt/lib/x86_64-linux-gnu/pkgconfig:/home/jin/harco/ecvt2_ws/install/ifopt/lib/pkgconfig /usr/bin/cmake --install /home/jin/harco/ecvt2_ws/build/ecvt2_controller
[48.829s] -- Install configuration: ""
[48.829s] -- Execute custom install script
[48.829s] -- Up-to-date symlink: /home/jin/harco/ecvt2_ws/install/ecvt2_controller/lib/ecvt2_controller/teleop_goal_publisher
[48.829s] -- Up-to-date symlink: /home/jin/harco/ecvt2_ws/install/ecvt2_controller/lib/ecvt2_controller/live_upper_dynamics_node
[48.830s] -- Up-to-date symlink: /home/jin/harco/ecvt2_ws/install/ecvt2_controller/lib/ecvt2_controller/vp_sto_global_planner_node
[48.830s] -- Up-to-date symlink: /home/jin/harco/ecvt2_ws/install/ecvt2_controller/lib/ecvt2_controller/vp_sto_global_planner_full_node
[48.830s] -- Up-to-date symlink: /home/jin/harco/ecvt2_ws/install/ecvt2_controller/lib/ecvt2_controller/vp_sto_paper_global_planner_node
[48.831s] -- Up-to-date symlink: /home/jin/harco/ecvt2_ws/install/ecvt2_controller/include/ecvt2_controller/kdl_utils.hpp
[48.831s] -- Up-to-date symlink: /home/jin/harco/ecvt2_ws/install/ecvt2_controller/include/ecvt2_controller/wbc_hqp_lib.hpp
[48.831s] -- Up-to-date symlink: /home/jin/harco/ecvt2_ws/install/ecvt2_controller/lib/libkdl_utils.a
[48.831s] -- Up-to-date symlink: /home/jin/harco/ecvt2_ws/install/ecvt2_controller/lib/libwbc_hqp_lib.a
[48.831s] -- Up-to-date symlink: /home/jin/harco/ecvt2_ws/install/ecvt2_controller/lib/ecvt2_controller/base_opt_controller
[48.831s] -- Up-to-date symlink: /home/jin/harco/ecvt2_ws/install/ecvt2_controller/lib/ecvt2_controller/wbc_hqp
[48.831s] -- Up-to-date symlink: /home/jin/harco/ecvt2_ws/install/ecvt2_controller/lib/ecvt2_controller/wbc_hqp_v2
[48.831s] -- Up-to-date symlink: /home/jin/harco/ecvt2_ws/install/ecvt2_controller/lib/ecvt2_controller/wbc_hqp_v3
[48.832s] -- Up-to-date symlink: /home/jin/harco/ecvt2_ws/install/ecvt2_controller/lib/ecvt2_controller/base_arm_task_controller
[48.832s] -- Up-to-date symlink: /home/jin/harco/ecvt2_ws/install/ecvt2_controller/lib/ecvt2_controller/base_arm_task_controller_v2
[48.832s] -- Up-to-date symlink: /home/jin/harco/ecvt2_ws/install/ecvt2_controller/lib/ecvt2_controller/base_arm_task_controller_full
[48.832s] -- Up-to-date symlink: /home/jin/harco/ecvt2_ws/install/ecvt2_controller/lib/ecvt2_controller/teleop_goal_publisher
[48.832s] -- Up-to-date symlink: /home/jin/harco/ecvt2_ws/install/ecvt2_controller/lib/ecvt2_controller/com_trajectory_publisher
[48.832s] -- Up-to-date symlink: /home/jin/harco/ecvt2_ws/install/ecvt2_controller/lib/ecvt2_controller/pin_test
[48.832s] -- Up-to-date symlink: /home/jin/harco/ecvt2_ws/install/ecvt2_controller/share/ament_index/resource_index/package_run_dependencies/ecvt2_controller
[48.832s] -- Up-to-date symlink: /home/jin/harco/ecvt2_ws/install/ecvt2_controller/share/ament_index/resource_index/parent_prefix_path/ecvt2_controller
[48.833s] -- Up-to-date symlink: /home/jin/harco/ecvt2_ws/install/ecvt2_controller/share/ecvt2_controller/environment/ament_prefix_path.sh
[48.833s] -- Up-to-date symlink: /home/jin/harco/ecvt2_ws/install/ecvt2_controller/share/ecvt2_controller/environment/ament_prefix_path.dsv
[48.833s] -- Up-to-date symlink: /home/jin/harco/ecvt2_ws/install/ecvt2_controller/share/ecvt2_controller/environment/path.sh
[48.833s] -- Up-to-date symlink: /home/jin/harco/ecvt2_ws/install/ecvt2_controller/share/ecvt2_controller/environment/path.dsv
[48.833s] -- Up-to-date symlink: /home/jin/harco/ecvt2_ws/install/ecvt2_controller/share/ecvt2_controller/local_setup.bash
[48.833s] -- Up-to-date symlink: /home/jin/harco/ecvt2_ws/install/ecvt2_controller/share/ecvt2_controller/local_setup.sh
[48.833s] -- Up-to-date symlink: /home/jin/harco/ecvt2_ws/install/ecvt2_controller/share/ecvt2_controller/local_setup.zsh
[48.833s] -- Up-to-date symlink: /home/jin/harco/ecvt2_ws/install/ecvt2_controller/share/ecvt2_controller/local_setup.dsv
[48.833s] -- Symlinking: /home/jin/harco/ecvt2_ws/install/ecvt2_controller/share/ecvt2_controller/package.dsv
[48.839s] -- Up-to-date symlink: /home/jin/harco/ecvt2_ws/install/ecvt2_controller/share/ament_index/resource_index/packages/ecvt2_controller
[48.839s] -- Up-to-date symlink: /home/jin/harco/ecvt2_ws/install/ecvt2_controller/share/ecvt2_controller/cmake/ecvt2_controllerConfig.cmake
[48.839s] -- Up-to-date symlink: /home/jin/harco/ecvt2_ws/install/ecvt2_controller/share/ecvt2_controller/cmake/ecvt2_controllerConfig-version.cmake
[48.839s] -- Up-to-date symlink: /home/jin/harco/ecvt2_ws/install/ecvt2_controller/share/ecvt2_controller/package.xml
[48.840s] Invoked command in '/home/jin/harco/ecvt2_ws/build/ecvt2_controller' returned '0': CMAKE_PREFIX_PATH=/home/jin/harco/ecvt2_ws/install/ifopt:/opt/ros/humble LD_LIBRARY_PATH=/home/jin/harco/ecvt2_ws/install/ifopt/lib:${LD_LIBRARY_PATH} PKG_CONFIG_PATH=/home/jin/harco/ecvt2_ws/install/ifopt/lib/x86_64-linux-gnu/pkgconfig:/home/jin/harco/ecvt2_ws/install/ifopt/lib/pkgconfig /usr/bin/cmake --install /home/jin/harco/ecvt2_ws/build/ecvt2_controller
