[0.006s] Invoking command in '/home/jin/harco/ecvt2_ws/build/ecvt2_controller': CMAKE_PREFIX_PATH=${CMAKE_PREFIX_PATH}:/home/jin/harco/ecvt2_ws/install/ecvt2_sim:/opt/ros/humble /usr/bin/cmake /home/jin/harco/ecvt2_ws/ecvt2_controller -DAMENT_CMAKE_SYMLINK_INSTALL=1 -DCMAKE_INSTALL_PREFIX=/home/jin/harco/ecvt2_ws/install/ecvt2_controller
[0.012s] -- Found ament_cmake: 1.3.12 (/opt/ros/humble/share/ament_cmake/cmake)
[0.093s] -- Override CMake install command with custom implementation using symlinks instead of copying resources
[0.097s] -- Found rclcpp: 16.0.16 (/opt/ros/humble/share/rclcpp/cmake)
[0.114s] -- Found rosidl_generator_c: 3.1.7 (/opt/ros/humble/share/rosidl_generator_c/cmake)
[0.115s] -- Found rosidl_adapter: 3.1.7 (/opt/ros/humble/share/rosidl_adapter/cmake)
[0.118s] -- Found rosidl_generator_cpp: 3.1.7 (/opt/ros/humble/share/rosidl_generator_cpp/cmake)
[0.123s] -- Using all available rosidl_typesupport_c: rosidl_typesupport_fastrtps_c;rosidl_typesupport_introspection_c
[0.131s] -- Using all available rosidl_typesupport_cpp: rosidl_typesupport_fastrtps_cpp;rosidl_typesupport_introspection_cpp
[0.150s] -- Found rmw_implementation_cmake: 6.1.2 (/opt/ros/humble/share/rmw_implementation_cmake/cmake)
[0.150s] -- Found rmw_fastrtps_cpp: 6.2.9 (/opt/ros/humble/share/rmw_fastrtps_cpp/cmake)
[0.211s] -- Using RMW implementation 'rmw_fastrtps_cpp' as default
[0.238s] -- Found geometry_msgs: 4.9.0 (/opt/ros/humble/share/geometry_msgs/cmake)
[0.245s] -- Found sensor_msgs: 4.9.0 (/opt/ros/humble/share/sensor_msgs/cmake)
[0.255s] -- Found visualization_msgs: 4.9.0 (/opt/ros/humble/share/visualization_msgs/cmake)
[0.265s] -- Found trajectory_msgs: 4.9.0 (/opt/ros/humble/share/trajectory_msgs/cmake)
[0.276s] -- pinocchio_default FOUND. pinocchio_default at /opt/ros/humble/lib/x86_64-linux-gnu/libpinocchio_default.so
[0.276s] -- pinocchio_parsers FOUND. pinocchio_parsers at /opt/ros/humble/lib/x86_64-linux-gnu/libpinocchio_parsers.so
[0.277s] -- pinocchio_casadi not FOUND.
[0.278s] -- boost_filesystem FOUND. boost_filesystem at /usr/lib/x86_64-linux-gnu/libboost_filesystem.so
[0.284s] -- Found Boost: /usr/include (found version "1.74.0") found components: filesystem serialization 
[0.285s] [33mCMake Warning at /opt/openrobots/lib/cmake/hpp-fcl/hpp-fclConfig.cmake:4 (message):
[0.285s]   Please update your CMake from 'hpp-fcl' to 'coal', or define
[0.285s]   COAL_DISABLE_HPP_FCL_WARNINGS
[0.285s] Call Stack (most recent call first):
[0.285s]   /usr/share/cmake-3.22/Modules/CMakeFindDependencyMacro.cmake:47 (find_package)
[0.286s]   /opt/openrobots/lib/cmake/pinocchio/pinocchioConfig.cmake:161 (find_dependency)
[0.286s]   CMakeLists.txt:20 (find_package)
[0.286s] 
[0.286s] [0m
[0.287s] -- coal not FOUND.
[0.291s] -- Found Boost: /usr/include (found version "1.74.0") found components: serialization filesystem 
[0.473s] -- Default C++ standard: 201703
[0.473s] -- C++ standard sufficient: Minimal required 11, currently defined: 17
[0.473s] -- CMAKE_CXX_STANDARD was not set: automatically set to currently defined standard 17
[0.474s] -- C++ standard sufficient: Minimal required 11, currently defined: 17
[0.495s] -- Found ament_lint_auto: 0.12.14 (/opt/ros/humble/share/ament_lint_auto/cmake)
[0.552s] -- Added test 'cppcheck' to perform static code analysis on C / C++ code
[0.553s] -- Configured cppcheck include dirs: $<BUILD_INTERFACE:/home/jin/harco/ecvt2_ws/ecvt2_controller/include>
[0.553s] -- Configured cppcheck exclude dirs and/or files: 
[0.553s] -- Added test 'lint_cmake' to check CMake code style
[0.554s] -- Added test 'uncrustify' to check C / C++ code style
[0.554s] -- Configured uncrustify additional arguments: 
[0.554s] -- Added test 'xmllint' to check XML markup files
[0.555s] -- Configuring done
[0.568s] [33mCMake Warning at CMakeLists.txt:49 (add_executable):
[0.568s]   Cannot generate a safe runtime search path for target base_opt_controller
[0.568s]   because files in some directories may conflict with libraries in implicit
[0.568s]   directories:
[0.568s] 
[0.568s]     runtime library [liburdfdom_sensor.so.3.0] in /usr/lib/x86_64-linux-gnu may be hidden by files in:
[0.568s]       /opt/ros/humble/lib/x86_64-linux-gnu
[0.568s]     runtime library [liburdfdom_model_state.so.3.0] in /usr/lib/x86_64-linux-gnu may be hidden by files in:
[0.568s]       /opt/ros/humble/lib/x86_64-linux-gnu
[0.568s]     runtime library [liburdfdom_model.so.3.0] in /usr/lib/x86_64-linux-gnu may be hidden by files in:
[0.568s]       /opt/ros/humble/lib/x86_64-linux-gnu
[0.569s]     runtime library [liburdfdom_world.so.3.0] in /usr/lib/x86_64-linux-gnu may be hidden by files in:
[0.569s]       /opt/ros/humble/lib/x86_64-linux-gnu
[0.569s]     runtime library [liboctomap.so.1.9] in /usr/lib/x86_64-linux-gnu may be hidden by files in:
[0.569s]       /opt/ros/humble/lib/x86_64-linux-gnu
[0.569s]     runtime library [liboctomath.so.1.9] in /usr/lib/x86_64-linux-gnu may be hidden by files in:
[0.569s]       /opt/ros/humble/lib/x86_64-linux-gnu
[0.569s] 
[0.569s]   Some of these libraries may not be found correctly.
[0.569s] 
[0.569s] [0m
[0.569s] [33mCMake Warning at CMakeLists.txt:49 (add_executable):
[0.569s]   Cannot generate a safe runtime search path for target base_opt_controller
[0.569s]   because there is a cycle in the constraint graph:
[0.569s] 
[0.569s]     dir 0 is [/usr/local/lib]
[0.569s]     dir 1 is [/opt/ros/humble/lib]
[0.569s]     dir 2 is [/opt/ros/humble/lib/x86_64-linux-gnu]
[0.569s]       dir 3 must precede it due to runtime library [libpinocchio_parsers.so.3.9.0]
[0.569s]     dir 3 is [/opt/openrobots/lib]
[0.569s]       dir 2 must precede it due to runtime library [libpinocchio_default.so.3.9.0]
[0.569s] 
[0.569s]   Some of these libraries may not be found correctly.
[0.569s] 
[0.569s] [0m
[0.571s] [33mCMake Warning at CMakeLists.txt:60 (add_executable):
[0.571s]   Cannot generate a safe runtime search path for target wbc_hqp because files
[0.571s]   in some directories may conflict with libraries in implicit directories:
[0.571s] 
[0.571s]     runtime library [liburdfdom_sensor.so.3.0] in /usr/lib/x86_64-linux-gnu may be hidden by files in:
[0.571s]       /opt/ros/humble/lib/x86_64-linux-gnu
[0.571s]     runtime library [liburdfdom_model_state.so.3.0] in /usr/lib/x86_64-linux-gnu may be hidden by files in:
[0.571s]       /opt/ros/humble/lib/x86_64-linux-gnu
[0.571s]     runtime library [liburdfdom_model.so.3.0] in /usr/lib/x86_64-linux-gnu may be hidden by files in:
[0.571s]       /opt/ros/humble/lib/x86_64-linux-gnu
[0.571s]     runtime library [liburdfdom_world.so.3.0] in /usr/lib/x86_64-linux-gnu may be hidden by files in:
[0.571s]       /opt/ros/humble/lib/x86_64-linux-gnu
[0.571s]     runtime library [liboctomap.so.1.9] in /usr/lib/x86_64-linux-gnu may be hidden by files in:
[0.571s]       /opt/ros/humble/lib/x86_64-linux-gnu
[0.571s]     runtime library [liboctomath.so.1.9] in /usr/lib/x86_64-linux-gnu may be hidden by files in:
[0.571s]       /opt/ros/humble/lib/x86_64-linux-gnu
[0.571s] 
[0.571s]   Some of these libraries may not be found correctly.
[0.571s] 
[0.571s] [0m
[0.571s] [33mCMake Warning at CMakeLists.txt:60 (add_executable):
[0.572s]   Cannot generate a safe runtime search path for target wbc_hqp because there
[0.572s]   is a cycle in the constraint graph:
[0.572s] 
[0.572s]     dir 0 is [/usr/local/lib]
[0.572s]     dir 1 is [/opt/ros/humble/lib]
[0.572s]     dir 2 is [/opt/ros/humble/lib/x86_64-linux-gnu]
[0.572s]       dir 3 must precede it due to runtime library [libpinocchio_parsers.so.3.9.0]
[0.572s]     dir 3 is [/opt/openrobots/lib]
[0.572s]       dir 2 must precede it due to runtime library [libpinocchio_default.so.3.9.0]
[0.572s] 
[0.572s]   Some of these libraries may not be found correctly.
[0.572s] 
[0.572s] [0m
[0.574s] [33mCMake Warning at CMakeLists.txt:71 (add_executable):
[0.574s]   Cannot generate a safe runtime search path for target wbc_hqp_v2 because
[0.574s]   files in some directories may conflict with libraries in implicit
[0.574s]   directories:
[0.574s] 
[0.574s]     runtime library [liburdfdom_sensor.so.3.0] in /usr/lib/x86_64-linux-gnu may be hidden by files in:
[0.574s]       /opt/ros/humble/lib/x86_64-linux-gnu
[0.574s]     runtime library [liburdfdom_model_state.so.3.0] in /usr/lib/x86_64-linux-gnu may be hidden by files in:
[0.574s]       /opt/ros/humble/lib/x86_64-linux-gnu
[0.574s]     runtime library [liburdfdom_model.so.3.0] in /usr/lib/x86_64-linux-gnu may be hidden by files in:
[0.574s]       /opt/ros/humble/lib/x86_64-linux-gnu
[0.574s]     runtime library [liburdfdom_world.so.3.0] in /usr/lib/x86_64-linux-gnu may be hidden by files in:
[0.574s]       /opt/ros/humble/lib/x86_64-linux-gnu
[0.574s]     runtime library [liboctomap.so.1.9] in /usr/lib/x86_64-linux-gnu may be hidden by files in:
[0.574s]       /opt/ros/humble/lib/x86_64-linux-gnu
[0.574s]     runtime library [liboctomath.so.1.9] in /usr/lib/x86_64-linux-gnu may be hidden by files in:
[0.574s]       /opt/ros/humble/lib/x86_64-linux-gnu
[0.574s] 
[0.574s]   Some of these libraries may not be found correctly.
[0.574s] 
[0.574s] [0m
[0.574s] [33mCMake Warning at CMakeLists.txt:71 (add_executable):
[0.574s]   Cannot generate a safe runtime search path for target wbc_hqp_v2 because
[0.574s]   there is a cycle in the constraint graph:
[0.574s] 
[0.574s]     dir 0 is [/usr/local/lib]
[0.574s]     dir 1 is [/opt/ros/humble/lib]
[0.574s]     dir 2 is [/opt/ros/humble/lib/x86_64-linux-gnu]
[0.575s]       dir 3 must precede it due to runtime library [libpinocchio_parsers.so.3.9.0]
[0.575s]     dir 3 is [/opt/openrobots/lib]
[0.575s]       dir 2 must precede it due to runtime library [libpinocchio_default.so.3.9.0]
[0.575s] 
[0.575s]   Some of these libraries may not be found correctly.
[0.575s] 
[0.575s] [0m
[0.576s] [33mCMake Warning at CMakeLists.txt:83 (add_executable):
[0.576s]   Cannot generate a safe runtime search path for target wbc_hqp_v3 because
[0.576s]   files in some directories may conflict with libraries in implicit
[0.576s]   directories:
[0.576s] 
[0.577s]     runtime library [liburdfdom_sensor.so.3.0] in /usr/lib/x86_64-linux-gnu may be hidden by files in:
[0.577s]       /opt/ros/humble/lib/x86_64-linux-gnu
[0.577s]     runtime library [liburdfdom_model_state.so.3.0] in /usr/lib/x86_64-linux-gnu may be hidden by files in:
[0.577s]       /opt/ros/humble/lib/x86_64-linux-gnu
[0.577s]     runtime library [liburdfdom_model.so.3.0] in /usr/lib/x86_64-linux-gnu may be hidden by files in:
[0.577s]       /opt/ros/humble/lib/x86_64-linux-gnu
[0.577s]     runtime library [liburdfdom_world.so.3.0] in /usr/lib/x86_64-linux-gnu may be hidden by files in:
[0.577s]       /opt/ros/humble/lib/x86_64-linux-gnu
[0.577s]     runtime library [liboctomap.so.1.9] in /usr/lib/x86_64-linux-gnu may be hidden by files in:
[0.577s]       /opt/ros/humble/lib/x86_64-linux-gnu
[0.577s]     runtime library [liboctomath.so.1.9] in /usr/lib/x86_64-linux-gnu may be hidden by files in:
[0.577s]       /opt/ros/humble/lib/x86_64-linux-gnu
[0.577s] 
[0.577s]   Some of these libraries may not be found correctly.
[0.577s] 
[0.577s] [0m
[0.577s] [33mCMake Warning at CMakeLists.txt:83 (add_executable):
[0.577s]   Cannot generate a safe runtime search path for target wbc_hqp_v3 because
[0.577s]   there is a cycle in the constraint graph:
[0.577s] 
[0.577s]     dir 0 is [/usr/local/lib]
[0.577s]     dir 1 is [/opt/ros/humble/lib]
[0.577s]     dir 2 is [/opt/ros/humble/lib/x86_64-linux-gnu]
[0.577s]       dir 3 must precede it due to runtime library [libpinocchio_parsers.so.3.9.0]
[0.577s]     dir 3 is [/opt/openrobots/lib]
[0.577s]       dir 2 must precede it due to runtime library [libpinocchio_default.so.3.9.0]
[0.577s] 
[0.577s]   Some of these libraries may not be found correctly.
[0.577s] 
[0.577s] [0m
[0.579s] [33mCMake Warning at CMakeLists.txt:95 (add_executable):
[0.579s]   Cannot generate a safe runtime search path for target
[0.579s]   base_arm_task_controller because files in some directories may conflict
[0.579s]   with libraries in implicit directories:
[0.579s] 
[0.579s]     runtime library [liburdfdom_sensor.so.3.0] in /usr/lib/x86_64-linux-gnu may be hidden by files in:
[0.579s]       /opt/ros/humble/lib/x86_64-linux-gnu
[0.579s]     runtime library [liburdfdom_model_state.so.3.0] in /usr/lib/x86_64-linux-gnu may be hidden by files in:
[0.579s]       /opt/ros/humble/lib/x86_64-linux-gnu
[0.579s]     runtime library [liburdfdom_model.so.3.0] in /usr/lib/x86_64-linux-gnu may be hidden by files in:
[0.579s]       /opt/ros/humble/lib/x86_64-linux-gnu
[0.579s]     runtime library [liburdfdom_world.so.3.0] in /usr/lib/x86_64-linux-gnu may be hidden by files in:
[0.579s]       /opt/ros/humble/lib/x86_64-linux-gnu
[0.579s]     runtime library [liboctomap.so.1.9] in /usr/lib/x86_64-linux-gnu may be hidden by files in:
[0.580s]       /opt/ros/humble/lib/x86_64-linux-gnu
[0.580s]     runtime library [liboctomath.so.1.9] in /usr/lib/x86_64-linux-gnu may be hidden by files in:
[0.580s]       /opt/ros/humble/lib/x86_64-linux-gnu
[0.580s] 
[0.580s]   Some of these libraries may not be found correctly.
[0.580s] 
[0.580s] [0m
[0.580s] [33mCMake Warning at CMakeLists.txt:95 (add_executable):
[0.580s]   Cannot generate a safe runtime search path for target
[0.580s]   base_arm_task_controller because there is a cycle in the constraint graph:
[0.580s] 
[0.580s]     dir 0 is [/usr/local/lib]
[0.580s]     dir 1 is [/opt/ros/humble/lib]
[0.580s]     dir 2 is [/opt/ros/humble/lib/x86_64-linux-gnu]
[0.580s]       dir 3 must precede it due to runtime library [libpinocchio_parsers.so.3.9.0]
[0.580s]     dir 3 is [/opt/openrobots/lib]
[0.580s]       dir 2 must precede it due to runtime library [libpinocchio_default.so.3.9.0]
[0.580s] 
[0.580s]   Some of these libraries may not be found correctly.
[0.580s] 
[0.580s] [0m
[0.583s] [33mCMake Warning at CMakeLists.txt:106 (add_executable):
[0.583s]   Cannot generate a safe runtime search path for target
[0.583s]   base_arm_task_controller_v2 because files in some directories may conflict
[0.583s]   with libraries in implicit directories:
[0.583s] 
[0.584s]     runtime library [liburdfdom_sensor.so.3.0] in /usr/lib/x86_64-linux-gnu may be hidden by files in:
[0.584s]       /opt/ros/humble/lib/x86_64-linux-gnu
[0.584s]     runtime library [liburdfdom_model_state.so.3.0] in /usr/lib/x86_64-linux-gnu may be hidden by files in:
[0.584s]       /opt/ros/humble/lib/x86_64-linux-gnu
[0.584s]     runtime library [liburdfdom_model.so.3.0] in /usr/lib/x86_64-linux-gnu may be hidden by files in:
[0.584s]       /opt/ros/humble/lib/x86_64-linux-gnu
[0.584s]     runtime library [liburdfdom_world.so.3.0] in /usr/lib/x86_64-linux-gnu may be hidden by files in:
[0.584s]       /opt/ros/humble/lib/x86_64-linux-gnu
[0.584s]     runtime library [liboctomap.so.1.9] in /usr/lib/x86_64-linux-gnu may be hidden by files in:
[0.584s]       /opt/ros/humble/lib/x86_64-linux-gnu
[0.584s]     runtime library [liboctomath.so.1.9] in /usr/lib/x86_64-linux-gnu may be hidden by files in:
[0.584s]       /opt/ros/humble/lib/x86_64-linux-gnu
[0.584s] 
[0.584s]   Some of these libraries may not be found correctly.
[0.584s] 
[0.584s] [0m
[0.584s] [33mCMake Warning at CMakeLists.txt:106 (add_executable):
[0.584s]   Cannot generate a safe runtime search path for target
[0.584s]   base_arm_task_controller_v2 because there is a cycle in the constraint
[0.584s]   graph:
[0.584s] 
[0.584s]     dir 0 is [/usr/local/lib]
[0.584s]     dir 1 is [/opt/ros/humble/lib]
[0.584s]     dir 2 is [/opt/ros/humble/lib/x86_64-linux-gnu]
[0.584s]       dir 3 must precede it due to runtime library [libpinocchio_parsers.so.3.9.0]
[0.584s]     dir 3 is [/opt/openrobots/lib]
[0.584s]       dir 2 must precede it due to runtime library [libpinocchio_default.so.3.9.0]
[0.584s] 
[0.584s]   Some of these libraries may not be found correctly.
[0.584s] 
[0.584s] [0m
[0.588s] [33mCMake Warning at CMakeLists.txt:117 (add_executable):
[0.588s]   Cannot generate a safe runtime search path for target
[0.588s]   base_arm_task_controller_full because files in some directories may
[0.588s]   conflict with libraries in implicit directories:
[0.588s] 
[0.588s]     runtime library [liburdfdom_sensor.so.3.0] in /usr/lib/x86_64-linux-gnu may be hidden by files in:
[0.588s]       /opt/ros/humble/lib/x86_64-linux-gnu
[0.588s]     runtime library [liburdfdom_model_state.so.3.0] in /usr/lib/x86_64-linux-gnu may be hidden by files in:
[0.588s]       /opt/ros/humble/lib/x86_64-linux-gnu
[0.588s]     runtime library [liburdfdom_model.so.3.0] in /usr/lib/x86_64-linux-gnu may be hidden by files in:
[0.588s]       /opt/ros/humble/lib/x86_64-linux-gnu
[0.588s]     runtime library [liburdfdom_world.so.3.0] in /usr/lib/x86_64-linux-gnu may be hidden by files in:
[0.588s]       /opt/ros/humble/lib/x86_64-linux-gnu
[0.589s]     runtime library [liboctomap.so.1.9] in /usr/lib/x86_64-linux-gnu may be hidden by files in:
[0.589s]       /opt/ros/humble/lib/x86_64-linux-gnu
[0.589s]     runtime library [liboctomath.so.1.9] in /usr/lib/x86_64-linux-gnu may be hidden by files in:
[0.589s]       /opt/ros/humble/lib/x86_64-linux-gnu
[0.589s] 
[0.589s]   Some of these libraries may not be found correctly.
[0.589s] 
[0.589s] [0m
[0.589s] [33mCMake Warning at CMakeLists.txt:117 (add_executable):
[0.589s]   Cannot generate a safe runtime search path for target
[0.589s]   base_arm_task_controller_full because there is a cycle in the constraint
[0.589s]   graph:
[0.589s] 
[0.589s]     dir 0 is [/usr/local/lib]
[0.589s]     dir 1 is [/opt/ros/humble/lib]
[0.589s]     dir 2 is [/opt/ros/humble/lib/x86_64-linux-gnu]
[0.589s]       dir 3 must precede it due to runtime library [libpinocchio_parsers.so.3.9.0]
[0.589s]     dir 3 is [/opt/openrobots/lib]
[0.589s]       dir 2 must precede it due to runtime library [libpinocchio_default.so.3.9.0]
[0.589s] 
[0.589s]   Some of these libraries may not be found correctly.
[0.589s] 
[0.589s] [0m
[0.594s] [33mCMake Warning at CMakeLists.txt:141 (add_executable):
[0.594s]   Cannot generate a safe runtime search path for target pin_test because
[0.594s]   files in some directories may conflict with libraries in implicit
[0.594s]   directories:
[0.594s] 
[0.595s]     runtime library [liburdfdom_sensor.so.3.0] in /usr/lib/x86_64-linux-gnu may be hidden by files in:
[0.595s]       /opt/ros/humble/lib/x86_64-linux-gnu
[0.595s]     runtime library [liburdfdom_model_state.so.3.0] in /usr/lib/x86_64-linux-gnu may be hidden by files in:
[0.595s]       /opt/ros/humble/lib/x86_64-linux-gnu
[0.595s]     runtime library [liburdfdom_model.so.3.0] in /usr/lib/x86_64-linux-gnu may be hidden by files in:
[0.595s]       /opt/ros/humble/lib/x86_64-linux-gnu
[0.595s]     runtime library [liburdfdom_world.so.3.0] in /usr/lib/x86_64-linux-gnu may be hidden by files in:
[0.595s]       /opt/ros/humble/lib/x86_64-linux-gnu
[0.595s]     runtime library [liboctomap.so.1.9] in /usr/lib/x86_64-linux-gnu may be hidden by files in:
[0.595s]       /opt/ros/humble/lib/x86_64-linux-gnu
[0.595s]     runtime library [liboctomath.so.1.9] in /usr/lib/x86_64-linux-gnu may be hidden by files in:
[0.595s]       /opt/ros/humble/lib/x86_64-linux-gnu
[0.595s] 
[0.595s]   Some of these libraries may not be found correctly.
[0.595s] 
[0.595s] [0m
[0.595s] [33mCMake Warning at CMakeLists.txt:141 (add_executable):
[0.595s]   Cannot generate a safe runtime search path for target pin_test because
[0.595s]   there is a cycle in the constraint graph:
[0.595s] 
[0.595s]     dir 0 is [/opt/ros/humble/lib]
[0.595s]     dir 1 is [/opt/openrobots/lib]
[0.595s]       dir 2 must precede it due to runtime library [libpinocchio_default.so.3.9.0]
[0.595s]     dir 2 is [/opt/ros/humble/lib/x86_64-linux-gnu]
[0.595s]       dir 1 must precede it due to runtime library [libpinocchio_parsers.so.3.9.0]
[0.595s] 
[0.595s]   Some of these libraries may not be found correctly.
[0.595s] 
[0.595s] [0m
[0.605s] -- Generating done
[0.619s] -- Build files have been written to: /home/jin/harco/ecvt2_ws/build/ecvt2_controller
[0.626s] Invoked command in '/home/jin/harco/ecvt2_ws/build/ecvt2_controller' returned '0': CMAKE_PREFIX_PATH=${CMAKE_PREFIX_PATH}:/home/jin/harco/ecvt2_ws/install/ecvt2_sim:/opt/ros/humble /usr/bin/cmake /home/jin/harco/ecvt2_ws/ecvt2_controller -DAMENT_CMAKE_SYMLINK_INSTALL=1 -DCMAKE_INSTALL_PREFIX=/home/jin/harco/ecvt2_ws/install/ecvt2_controller
[0.627s] Invoking command in '/home/jin/harco/ecvt2_ws/build/ecvt2_controller': CMAKE_PREFIX_PATH=${CMAKE_PREFIX_PATH}:/home/jin/harco/ecvt2_ws/install/ecvt2_sim:/opt/ros/humble /usr/bin/cmake --build /home/jin/harco/ecvt2_ws/build/ecvt2_controller -- -j20 -l20
[0.657s] [35m[1mConsolidate compiler generated dependencies of target wbc_hqp_lib[0m
[0.657s] [35m[1mConsolidate compiler generated dependencies of target com_trajectory_publisher[0m
[0.658s] [35m[1mConsolidate compiler generated dependencies of target vp_sto_global_planner_full_node[0m
[0.658s] [35m[1mConsolidate compiler generated dependencies of target vp_sto_global_planner_node[0m
[0.658s] [35m[1mConsolidate compiler generated dependencies of target vp_sto_paper_global_planner_node[0m
[0.658s] [35m[1mConsolidate compiler generated dependencies of target teleop_goal_publisher[0m
[0.660s] [35m[1mConsolidate compiler generated dependencies of target kdl_utils[0m
[0.661s] [35m[1mConsolidate compiler generated dependencies of target live_upper_dynamics_node[0m
[0.667s] [  9%] Built target wbc_hqp_lib
[0.667s] [ 12%] Built target com_trajectory_publisher
[0.675s] [ 18%] Built target teleop_goal_publisher
[0.681s] [ 28%] Built target vp_sto_paper_global_planner_node
[0.681s] [ 31%] Built target vp_sto_global_planner_full_node
[0.681s] [ 37%] Built target kdl_utils
[0.686s] [ 43%] Built target vp_sto_global_planner_node
[0.687s] [35m[1mConsolidate compiler generated dependencies of target wbc_hqp[0m
[0.687s] [35m[1mConsolidate compiler generated dependencies of target base_opt_controller[0m
[0.687s] [35m[1mConsolidate compiler generated dependencies of target wbc_hqp_v2[0m
[0.688s] [35m[1mConsolidate compiler generated dependencies of target base_arm_task_controller_v2[0m
[0.688s] [35m[1mConsolidate compiler generated dependencies of target pin_test[0m
[0.689s] [35m[1mConsolidate compiler generated dependencies of target base_arm_task_controller[0m
[0.690s] [35m[1mConsolidate compiler generated dependencies of target base_arm_task_controller_full[0m
[0.690s] [35m[1mConsolidate compiler generated dependencies of target wbc_hqp_v3[0m
[0.695s] [ 50%] Built target live_upper_dynamics_node
[0.701s] [ 56%] Built target wbc_hqp
[0.701s] [ 62%] Built target base_opt_controller
[0.703s] [ 75%] Built target base_arm_task_controller
[0.703s] [ 75%] Built target wbc_hqp_v2
[0.703s] [ 81%] Built target base_arm_task_controller_full
[0.703s] [ 87%] Built target base_arm_task_controller_v2
[0.705s] [ 93%] Built target wbc_hqp_v3
[0.709s] [100%] Built target pin_test
[0.715s] Invoked command in '/home/jin/harco/ecvt2_ws/build/ecvt2_controller' returned '0': CMAKE_PREFIX_PATH=${CMAKE_PREFIX_PATH}:/home/jin/harco/ecvt2_ws/install/ecvt2_sim:/opt/ros/humble /usr/bin/cmake --build /home/jin/harco/ecvt2_ws/build/ecvt2_controller -- -j20 -l20
[0.717s] Invoking command in '/home/jin/harco/ecvt2_ws/build/ecvt2_controller': CMAKE_PREFIX_PATH=${CMAKE_PREFIX_PATH}:/home/jin/harco/ecvt2_ws/install/ecvt2_sim:/opt/ros/humble /usr/bin/cmake --install /home/jin/harco/ecvt2_ws/build/ecvt2_controller
[0.721s] -- Install configuration: ""
[0.722s] -- Execute custom install script
[0.722s] -- Up-to-date symlink: /home/jin/harco/ecvt2_ws/install/ecvt2_controller/lib/ecvt2_controller/teleop_goal_publisher
[0.722s] -- Up-to-date symlink: /home/jin/harco/ecvt2_ws/install/ecvt2_controller/lib/ecvt2_controller/live_upper_dynamics_node
[0.722s] -- Up-to-date symlink: /home/jin/harco/ecvt2_ws/install/ecvt2_controller/lib/ecvt2_controller/vp_sto_global_planner_node
[0.722s] -- Up-to-date symlink: /home/jin/harco/ecvt2_ws/install/ecvt2_controller/lib/ecvt2_controller/vp_sto_global_planner_full_node
[0.722s] -- Up-to-date symlink: /home/jin/harco/ecvt2_ws/install/ecvt2_controller/lib/ecvt2_controller/vp_sto_paper_global_planner_node
[0.722s] -- Up-to-date symlink: /home/jin/harco/ecvt2_ws/install/ecvt2_controller/include/ecvt2_controller/kdl_utils.hpp
[0.723s] -- Up-to-date symlink: /home/jin/harco/ecvt2_ws/install/ecvt2_controller/include/ecvt2_controller/wbc_hqp_lib.hpp
[0.723s] -- Up-to-date symlink: /home/jin/harco/ecvt2_ws/install/ecvt2_controller/lib/libkdl_utils.a
[0.723s] -- Up-to-date symlink: /home/jin/harco/ecvt2_ws/install/ecvt2_controller/lib/libwbc_hqp_lib.a
[0.723s] -- Up-to-date symlink: /home/jin/harco/ecvt2_ws/install/ecvt2_controller/lib/ecvt2_controller/base_opt_controller
[0.723s] -- Up-to-date symlink: /home/jin/harco/ecvt2_ws/install/ecvt2_controller/lib/ecvt2_controller/wbc_hqp
[0.723s] -- Up-to-date symlink: /home/jin/harco/ecvt2_ws/install/ecvt2_controller/lib/ecvt2_controller/wbc_hqp_v2
[0.723s] -- Up-to-date symlink: /home/jin/harco/ecvt2_ws/install/ecvt2_controller/lib/ecvt2_controller/wbc_hqp_v3
[0.723s] -- Up-to-date symlink: /home/jin/harco/ecvt2_ws/install/ecvt2_controller/lib/ecvt2_controller/base_arm_task_controller
[0.723s] -- Up-to-date symlink: /home/jin/harco/ecvt2_ws/install/ecvt2_controller/lib/ecvt2_controller/base_arm_task_controller_v2
[0.723s] -- Up-to-date symlink: /home/jin/harco/ecvt2_ws/install/ecvt2_controller/lib/ecvt2_controller/base_arm_task_controller_full
[0.723s] -- Up-to-date symlink: /home/jin/harco/ecvt2_ws/install/ecvt2_controller/lib/ecvt2_controller/teleop_goal_publisher
[0.723s] -- Up-to-date symlink: /home/jin/harco/ecvt2_ws/install/ecvt2_controller/lib/ecvt2_controller/com_trajectory_publisher
[0.724s] -- Up-to-date symlink: /home/jin/harco/ecvt2_ws/install/ecvt2_controller/lib/ecvt2_controller/pin_test
[0.724s] -- Up-to-date symlink: /home/jin/harco/ecvt2_ws/install/ecvt2_controller/share/ament_index/resource_index/package_run_dependencies/ecvt2_controller
[0.724s] -- Up-to-date symlink: /home/jin/harco/ecvt2_ws/install/ecvt2_controller/share/ament_index/resource_index/parent_prefix_path/ecvt2_controller
[0.724s] -- Up-to-date symlink: /home/jin/harco/ecvt2_ws/install/ecvt2_controller/share/ecvt2_controller/environment/ament_prefix_path.sh
[0.724s] -- Up-to-date symlink: /home/jin/harco/ecvt2_ws/install/ecvt2_controller/share/ecvt2_controller/environment/ament_prefix_path.dsv
[0.724s] -- Up-to-date symlink: /home/jin/harco/ecvt2_ws/install/ecvt2_controller/share/ecvt2_controller/environment/path.sh
[0.724s] -- Up-to-date symlink: /home/jin/harco/ecvt2_ws/install/ecvt2_controller/share/ecvt2_controller/environment/path.dsv
[0.724s] -- Up-to-date symlink: /home/jin/harco/ecvt2_ws/install/ecvt2_controller/share/ecvt2_controller/local_setup.bash
[0.724s] -- Up-to-date symlink: /home/jin/harco/ecvt2_ws/install/ecvt2_controller/share/ecvt2_controller/local_setup.sh
[0.724s] -- Up-to-date symlink: /home/jin/harco/ecvt2_ws/install/ecvt2_controller/share/ecvt2_controller/local_setup.zsh
[0.724s] -- Up-to-date symlink: /home/jin/harco/ecvt2_ws/install/ecvt2_controller/share/ecvt2_controller/local_setup.dsv
[0.724s] -- Symlinking: /home/jin/harco/ecvt2_ws/install/ecvt2_controller/share/ecvt2_controller/package.dsv
[0.730s] -- Up-to-date symlink: /home/jin/harco/ecvt2_ws/install/ecvt2_controller/share/ament_index/resource_index/packages/ecvt2_controller
[0.730s] -- Up-to-date symlink: /home/jin/harco/ecvt2_ws/install/ecvt2_controller/share/ecvt2_controller/cmake/ecvt2_controllerConfig.cmake
[0.730s] -- Up-to-date symlink: /home/jin/harco/ecvt2_ws/install/ecvt2_controller/share/ecvt2_controller/cmake/ecvt2_controllerConfig-version.cmake
[0.730s] -- Up-to-date symlink: /home/jin/harco/ecvt2_ws/install/ecvt2_controller/share/ecvt2_controller/package.xml
[0.731s] Invoked command in '/home/jin/harco/ecvt2_ws/build/ecvt2_controller' returned '0': CMAKE_PREFIX_PATH=${CMAKE_PREFIX_PATH}:/home/jin/harco/ecvt2_ws/install/ecvt2_sim:/opt/ros/humble /usr/bin/cmake --install /home/jin/harco/ecvt2_ws/build/ecvt2_controller
