[0.435s] Invoking command in '/home/jin/harco/ecvt2_ws/build/ecvt2_sim': PYTHONPATH=/home/jin/harco/ecvt2_ws/build/ecvt2_sim/prefix_override:/usr/lib/python3/dist-packages/colcon_core/task/python/colcon_distutils_commands:/home/jin/harco/ecvt2_ws/install/ecvt2_sim/lib/python3.10/site-packages:${PYTHONPATH} /usr/bin/python3 -W ignore:setup.py install is deprecated -W ignore:easy_install command is deprecated setup.py develop --editable --build-directory /home/jin/harco/ecvt2_ws/build/ecvt2_sim/build --no-deps symlink_data --force
[0.614s] running develop
[0.736s] running egg_info
[0.745s] writing ecvt2_sim.egg-info/PKG-INFO
[0.745s] writing dependency_links to ecvt2_sim.egg-info/dependency_links.txt
[0.746s] writing entry points to ecvt2_sim.egg-info/entry_points.txt
[0.746s] writing requirements to ecvt2_sim.egg-info/requires.txt
[0.746s] writing top-level names to ecvt2_sim.egg-info/top_level.txt
[0.764s] reading manifest file 'ecvt2_sim.egg-info/SOURCES.txt'
[0.764s] writing manifest file 'ecvt2_sim.egg-info/SOURCES.txt'
[0.800s] running build_ext
[0.800s] Creating /home/jin/harco/ecvt2_ws/install/ecvt2_sim/lib/python3.10/site-packages/ecvt2-sim.egg-link (link to .)
[0.800s] Installing robot_node script to /home/jin/harco/ecvt2_ws/install/ecvt2_sim/lib/ecvt2_sim
[0.801s] Installing sin_velocity_publisher script to /home/jin/harco/ecvt2_ws/install/ecvt2_sim/lib/ecvt2_sim
[0.801s] Installing test_robot_node script to /home/jin/harco/ecvt2_ws/install/ecvt2_sim/lib/ecvt2_sim
[0.801s] Installing test_upper_node script to /home/jin/harco/ecvt2_ws/install/ecvt2_sim/lib/ecvt2_sim
[0.801s] Installing upper_node script to /home/jin/harco/ecvt2_ws/install/ecvt2_sim/lib/ecvt2_sim
[0.801s] 
[0.801s] Installed /home/jin/harco/ecvt2_ws/build/ecvt2_sim
[0.801s] running symlink_data
[0.801s] symbolically linking /home/jin/harco/ecvt2_ws/build/ecvt2_sim/resource/ecvt2_sim -> /home/jin/harco/ecvt2_ws/install/ecvt2_sim/share/ament_index/resource_index/packages
[0.801s] symbolically linking /home/jin/harco/ecvt2_ws/build/ecvt2_sim/package.xml -> /home/jin/harco/ecvt2_ws/install/ecvt2_sim/share/ecvt2_sim
[0.801s] symbolically linking /home/jin/harco/ecvt2_ws/build/ecvt2_sim/launch/test_upper_bringup.launch.py -> /home/jin/harco/ecvt2_ws/install/ecvt2_sim/share/ecvt2_sim/launch
[0.801s] symbolically linking /home/jin/harco/ecvt2_ws/build/ecvt2_sim/launch/test_bringup.launch.py -> /home/jin/harco/ecvt2_ws/install/ecvt2_sim/share/ecvt2_sim/launch
[0.801s] symbolically linking /home/jin/harco/ecvt2_ws/build/ecvt2_sim/launch/bringup.launch.py -> /home/jin/harco/ecvt2_ws/install/ecvt2_sim/share/ecvt2_sim/launch
[0.801s] symbolically linking /home/jin/harco/ecvt2_ws/build/ecvt2_sim/launch/upper_bringup.launch.py -> /home/jin/harco/ecvt2_ws/install/ecvt2_sim/share/ecvt2_sim/launch
[0.802s] symbolically linking /home/jin/harco/ecvt2_ws/build/ecvt2_sim/rviz/ecvt.rviz -> /home/jin/harco/ecvt2_ws/install/ecvt2_sim/share/ecvt2_sim/rviz
[0.802s] symbolically linking /home/jin/harco/ecvt2_ws/build/ecvt2_sim/rviz/base_opt.rviz -> /home/jin/harco/ecvt2_ws/install/ecvt2_sim/share/ecvt2_sim/rviz
[0.821s] Invoked command in '/home/jin/harco/ecvt2_ws/build/ecvt2_sim' returned '0': PYTHONPATH=/home/jin/harco/ecvt2_ws/build/ecvt2_sim/prefix_override:/usr/lib/python3/dist-packages/colcon_core/task/python/colcon_distutils_commands:/home/jin/harco/ecvt2_ws/install/ecvt2_sim/lib/python3.10/site-packages:${PYTHONPATH} /usr/bin/python3 -W ignore:setup.py install is deprecated -W ignore:easy_install command is deprecated setup.py develop --editable --build-directory /home/jin/harco/ecvt2_ws/build/ecvt2_sim/build --no-deps symlink_data --force
