[0.009s] Invoking command in '/home/jin/harco/ecvt2_ws/build/ecvt2_controller': CMAKE_PREFIX_PATH=${CMAKE_PREFIX_PATH}:/home/jin/harco/ecvt2_ws/install/ecvt2_sim:/opt/ros/humble /usr/bin/cmake /home/jin/harco/ecvt2_ws/ecvt2_controller -DAMENT_CMAKE_SYMLINK_INSTALL=1 -DCMAKE_INSTALL_PREFIX=/home/jin/harco/ecvt2_ws/install/ecvt2_controller
[0.134s] -- Found ament_cmake: 1.3.12 (/opt/ros/humble/share/ament_cmake/cmake)
[0.134s] -- Override CMake install command with custom implementation using symlinks instead of copying resources
[0.134s] -- Found rclcpp: 16.0.16 (/opt/ros/humble/share/rclcpp/cmake)
[0.134s] -- Found rosidl_generator_c: 3.1.7 (/opt/ros/humble/share/rosidl_generator_c/cmake)
[0.134s] -- Found rosidl_adapter: 3.1.7 (/opt/ros/humble/share/rosidl_adapter/cmake)
[0.135s] -- Found rosidl_generator_cpp: 3.1.7 (/opt/ros/humble/share/rosidl_generator_cpp/cmake)
[0.135s] -- Using all available rosidl_typesupport_c: rosidl_typesupport_fastrtps_c;rosidl_typesupport_introspection_c
[0.138s] -- Using all available rosidl_typesupport_cpp: rosidl_typesupport_fastrtps_cpp;rosidl_typesupport_introspection_cpp
[0.159s] -- Found rmw_implementation_cmake: 6.1.2 (/opt/ros/humble/share/rmw_implementation_cmake/cmake)
[0.160s] -- Found rmw_fastrtps_cpp: 6.2.9 (/opt/ros/humble/share/rmw_fastrtps_cpp/cmake)
[0.226s] -- Using RMW implementation 'rmw_fastrtps_cpp' as default
[0.254s] -- Found geometry_msgs: 4.9.0 (/opt/ros/humble/share/geometry_msgs/cmake)
[0.262s] -- Found sensor_msgs: 4.9.0 (/opt/ros/humble/share/sensor_msgs/cmake)
[0.271s] -- Found visualization_msgs: 4.9.0 (/opt/ros/humble/share/visualization_msgs/cmake)
[0.282s] -- Found trajectory_msgs: 4.9.0 (/opt/ros/humble/share/trajectory_msgs/cmake)
[0.293s] -- pinocchio_default FOUND. pinocchio_default at /opt/ros/humble/lib/x86_64-linux-gnu/libpinocchio_default.so
[0.293s] -- pinocchio_parsers FOUND. pinocchio_parsers at /opt/ros/humble/lib/x86_64-linux-gnu/libpinocchio_parsers.so
[0.294s] -- pinocchio_casadi not FOUND.
[0.295s] -- boost_filesystem FOUND. boost_filesystem at /usr/lib/x86_64-linux-gnu/libboost_filesystem.so
[0.300s] -- Found Boost: /usr/include (found version "1.74.0") found components: filesystem serialization 
[0.300s] [33mCMake Warning at /opt/openrobots/lib/cmake/hpp-fcl/hpp-fclConfig.cmake:4 (message):
[0.301s]   Please update your CMake from 'hpp-fcl' to 'coal', or define
[0.301s]   COAL_DISABLE_HPP_FCL_WARNINGS
[0.301s] Call Stack (most recent call first):
[0.301s]   /usr/share/cmake-3.22/Modules/CMakeFindDependencyMacro.cmake:47 (find_package)
[0.301s]   /opt/openrobots/lib/cmake/pinocchio/pinocchioConfig.cmake:161 (find_dependency)
[0.301s]   CMakeLists.txt:20 (find_package)
[0.301s] 
[0.301s] [0m
[0.302s] -- coal not FOUND.
[0.306s] -- Found Boost: /usr/include (found version "1.74.0") found components: serialization filesystem 
[0.496s] -- Default C++ standard: 201703
[0.496s] -- C++ standard sufficient: Minimal required 11, currently defined: 17
[0.496s] -- CMAKE_CXX_STANDARD was not set: automatically set to currently defined standard 17
[0.497s] -- C++ standard sufficient: Minimal required 11, currently defined: 17
[0.509s] -- Found ament_lint_auto: 0.12.14 (/opt/ros/humble/share/ament_lint_auto/cmake)
[0.573s] -- Added test 'cppcheck' to perform static code analysis on C / C++ code
[0.573s] -- Configured cppcheck include dirs: $<BUILD_INTERFACE:/home/jin/harco/ecvt2_ws/ecvt2_controller/include>
[0.573s] -- Configured cppcheck exclude dirs and/or files: 
[0.573s] -- Added test 'lint_cmake' to check CMake code style
[0.574s] -- Added test 'uncrustify' to check C / C++ code style
[0.574s] -- Configured uncrustify additional arguments: 
[0.574s] -- Added test 'xmllint' to check XML markup files
[0.574s] -- Configuring done
[0.585s] [33mCMake Warning at CMakeLists.txt:48 (add_executable):
[0.585s]   Cannot generate a safe runtime search path for target base_opt_controller
[0.585s]   because files in some directories may conflict with libraries in implicit
[0.585s]   directories:
[0.585s] 
[0.585s]     runtime library [liburdfdom_sensor.so.3.0] in /usr/lib/x86_64-linux-gnu may be hidden by files in:
[0.585s]       /opt/ros/humble/lib/x86_64-linux-gnu
[0.586s]     runtime library [liburdfdom_model_state.so.3.0] in /usr/lib/x86_64-linux-gnu may be hidden by files in:
[0.586s]       /opt/ros/humble/lib/x86_64-linux-gnu
[0.586s]     runtime library [liburdfdom_model.so.3.0] in /usr/lib/x86_64-linux-gnu may be hidden by files in:
[0.586s]       /opt/ros/humble/lib/x86_64-linux-gnu
[0.586s]     runtime library [liburdfdom_world.so.3.0] in /usr/lib/x86_64-linux-gnu may be hidden by files in:
[0.586s]       /opt/ros/humble/lib/x86_64-linux-gnu
[0.586s]     runtime library [liboctomap.so.1.9] in /usr/lib/x86_64-linux-gnu may be hidden by files in:
[0.586s]       /opt/ros/humble/lib/x86_64-linux-gnu
[0.586s]     runtime library [liboctomath.so.1.9] in /usr/lib/x86_64-linux-gnu may be hidden by files in:
[0.586s]       /opt/ros/humble/lib/x86_64-linux-gnu
[0.586s] 
[0.586s]   Some of these libraries may not be found correctly.
[0.586s] 
[0.586s] [0m
[0.586s] [33mCMake Warning at CMakeLists.txt:48 (add_executable):
[0.586s]   Cannot generate a safe runtime search path for target base_opt_controller
[0.586s]   because there is a cycle in the constraint graph:
[0.587s] 
[0.587s]     dir 0 is [/usr/local/lib]
[0.587s]     dir 1 is [/opt/ros/humble/lib]
[0.587s]     dir 2 is [/opt/ros/humble/lib/x86_64-linux-gnu]
[0.587s]       dir 3 must precede it due to runtime library [libpinocchio_parsers.so.3.9.0]
[0.587s]     dir 3 is [/opt/openrobots/lib]
[0.587s]       dir 2 must precede it due to runtime library [libpinocchio_default.so.3.9.0]
[0.587s] 
[0.587s]   Some of these libraries may not be found correctly.
[0.587s] 
[0.587s] [0m
[0.588s] [33mCMake Warning at CMakeLists.txt:59 (add_executable):
[0.588s]   Cannot generate a safe runtime search path for target wbc_hqp because files
[0.588s]   in some directories may conflict with libraries in implicit directories:
[0.588s] 
[0.588s]     runtime library [liburdfdom_sensor.so.3.0] in /usr/lib/x86_64-linux-gnu may be hidden by files in:
[0.588s]       /opt/ros/humble/lib/x86_64-linux-gnu
[0.588s]     runtime library [liburdfdom_model_state.so.3.0] in /usr/lib/x86_64-linux-gnu may be hidden by files in:
[0.588s]       /opt/ros/humble/lib/x86_64-linux-gnu
[0.588s]     runtime library [liburdfdom_model.so.3.0] in /usr/lib/x86_64-linux-gnu may be hidden by files in:
[0.588s]       /opt/ros/humble/lib/x86_64-linux-gnu
[0.588s]     runtime library [liburdfdom_world.so.3.0] in /usr/lib/x86_64-linux-gnu may be hidden by files in:
[0.588s]       /opt/ros/humble/lib/x86_64-linux-gnu
[0.588s]     runtime library [liboctomap.so.1.9] in /usr/lib/x86_64-linux-gnu may be hidden by files in:
[0.588s]       /opt/ros/humble/lib/x86_64-linux-gnu
[0.589s]     runtime library [liboctomath.so.1.9] in /usr/lib/x86_64-linux-gnu may be hidden by files in:
[0.589s]       /opt/ros/humble/lib/x86_64-linux-gnu
[0.589s] 
[0.589s]   Some of these libraries may not be found correctly.
[0.589s] 
[0.589s] [0m
[0.589s] [33mCMake Warning at CMakeLists.txt:59 (add_executable):
[0.589s]   Cannot generate a safe runtime search path for target wbc_hqp because there
[0.589s]   is a cycle in the constraint graph:
[0.589s] 
[0.589s]     dir 0 is [/usr/local/lib]
[0.589s]     dir 1 is [/opt/ros/humble/lib]
[0.589s]     dir 2 is [/opt/ros/humble/lib/x86_64-linux-gnu]
[0.589s]       dir 3 must precede it due to runtime library [libpinocchio_parsers.so.3.9.0]
[0.589s]     dir 3 is [/opt/openrobots/lib]
[0.589s]       dir 2 must precede it due to runtime library [libpinocchio_default.so.3.9.0]
[0.590s] 
[0.590s]   Some of these libraries may not be found correctly.
[0.590s] 
[0.590s] [0m
[0.590s] [33mCMake Warning at CMakeLists.txt:70 (add_executable):
[0.590s]   Cannot generate a safe runtime search path for target wbc_hqp_v2 because
[0.591s]   files in some directories may conflict with libraries in implicit
[0.591s]   directories:
[0.591s] 
[0.591s]     runtime library [liburdfdom_sensor.so.3.0] in /usr/lib/x86_64-linux-gnu may be hidden by files in:
[0.591s]       /opt/ros/humble/lib/x86_64-linux-gnu
[0.591s]     runtime library [liburdfdom_model_state.so.3.0] in /usr/lib/x86_64-linux-gnu may be hidden by files in:
[0.591s]       /opt/ros/humble/lib/x86_64-linux-gnu
[0.591s]     runtime library [liburdfdom_model.so.3.0] in /usr/lib/x86_64-linux-gnu may be hidden by files in:
[0.591s]       /opt/ros/humble/lib/x86_64-linux-gnu
[0.591s]     runtime library [liburdfdom_world.so.3.0] in /usr/lib/x86_64-linux-gnu may be hidden by files in:
[0.591s]       /opt/ros/humble/lib/x86_64-linux-gnu
[0.591s]     runtime library [liboctomap.so.1.9] in /usr/lib/x86_64-linux-gnu may be hidden by files in:
[0.591s]       /opt/ros/humble/lib/x86_64-linux-gnu
[0.591s]     runtime library [liboctomath.so.1.9] in /usr/lib/x86_64-linux-gnu may be hidden by files in:
[0.591s]       /opt/ros/humble/lib/x86_64-linux-gnu
[0.591s] 
[0.592s]   Some of these libraries may not be found correctly.
[0.592s] 
[0.592s] [0m
[0.592s] [33mCMake Warning at CMakeLists.txt:70 (add_executable):
[0.592s]   Cannot generate a safe runtime search path for target wbc_hqp_v2 because
[0.592s]   there is a cycle in the constraint graph:
[0.592s] 
[0.592s]     dir 0 is [/usr/local/lib]
[0.592s]     dir 1 is [/opt/ros/humble/lib]
[0.592s]     dir 2 is [/opt/ros/humble/lib/x86_64-linux-gnu]
[0.592s]       dir 3 must precede it due to runtime library [libpinocchio_parsers.so.3.9.0]
[0.592s]     dir 3 is [/opt/openrobots/lib]
[0.592s]       dir 2 must precede it due to runtime library [libpinocchio_default.so.3.9.0]
[0.592s] 
[0.592s]   Some of these libraries may not be found correctly.
[0.592s] 
[0.592s] [0m
[0.593s] [33mCMake Warning at CMakeLists.txt:82 (add_executable):
[0.593s]   Cannot generate a safe runtime search path for target wbc_hqp_v3 because
[0.593s]   files in some directories may conflict with libraries in implicit
[0.593s]   directories:
[0.593s] 
[0.593s]     runtime library [liburdfdom_sensor.so.3.0] in /usr/lib/x86_64-linux-gnu may be hidden by files in:
[0.593s]       /opt/ros/humble/lib/x86_64-linux-gnu
[0.593s]     runtime library [liburdfdom_model_state.so.3.0] in /usr/lib/x86_64-linux-gnu may be hidden by files in:
[0.593s]       /opt/ros/humble/lib/x86_64-linux-gnu
[0.594s]     runtime library [liburdfdom_model.so.3.0] in /usr/lib/x86_64-linux-gnu may be hidden by files in:
[0.594s]       /opt/ros/humble/lib/x86_64-linux-gnu
[0.594s]     runtime library [liburdfdom_world.so.3.0] in /usr/lib/x86_64-linux-gnu may be hidden by files in:
[0.594s]       /opt/ros/humble/lib/x86_64-linux-gnu
[0.594s]     runtime library [liboctomap.so.1.9] in /usr/lib/x86_64-linux-gnu may be hidden by files in:
[0.594s]       /opt/ros/humble/lib/x86_64-linux-gnu
[0.594s]     runtime library [liboctomath.so.1.9] in /usr/lib/x86_64-linux-gnu may be hidden by files in:
[0.594s]       /opt/ros/humble/lib/x86_64-linux-gnu
[0.594s] 
[0.594s]   Some of these libraries may not be found correctly.
[0.594s] 
[0.594s] [0m
[0.594s] [33mCMake Warning at CMakeLists.txt:82 (add_executable):
[0.594s]   Cannot generate a safe runtime search path for target wbc_hqp_v3 because
[0.594s]   there is a cycle in the constraint graph:
[0.594s] 
[0.594s]     dir 0 is [/usr/local/lib]
[0.594s]     dir 1 is [/opt/ros/humble/lib]
[0.594s]     dir 2 is [/opt/ros/humble/lib/x86_64-linux-gnu]
[0.594s]       dir 3 must precede it due to runtime library [libpinocchio_parsers.so.3.9.0]
[0.594s]     dir 3 is [/opt/openrobots/lib]
[0.594s]       dir 2 must precede it due to runtime library [libpinocchio_default.so.3.9.0]
[0.594s] 
[0.594s]   Some of these libraries may not be found correctly.
[0.594s] 
[0.594s] [0m
[0.596s] [33mCMake Warning at CMakeLists.txt:94 (add_executable):
[0.596s]   Cannot generate a safe runtime search path for target
[0.596s]   base_arm_task_controller because files in some directories may conflict
[0.596s]   with libraries in implicit directories:
[0.596s] 
[0.596s]     runtime library [liburdfdom_sensor.so.3.0] in /usr/lib/x86_64-linux-gnu may be hidden by files in:
[0.596s]       /opt/ros/humble/lib/x86_64-linux-gnu
[0.597s]     runtime library [liburdfdom_model_state.so.3.0] in /usr/lib/x86_64-linux-gnu may be hidden by files in:
[0.597s]       /opt/ros/humble/lib/x86_64-linux-gnu
[0.597s]     runtime library [liburdfdom_model.so.3.0] in /usr/lib/x86_64-linux-gnu may be hidden by files in:
[0.597s]       /opt/ros/humble/lib/x86_64-linux-gnu
[0.597s]     runtime library [liburdfdom_world.so.3.0] in /usr/lib/x86_64-linux-gnu may be hidden by files in:
[0.597s]       /opt/ros/humble/lib/x86_64-linux-gnu
[0.597s]     runtime library [liboctomap.so.1.9] in /usr/lib/x86_64-linux-gnu may be hidden by files in:
[0.597s]       /opt/ros/humble/lib/x86_64-linux-gnu
[0.597s]     runtime library [liboctomath.so.1.9] in /usr/lib/x86_64-linux-gnu may be hidden by files in:
[0.597s]       /opt/ros/humble/lib/x86_64-linux-gnu
[0.597s] 
[0.597s]   Some of these libraries may not be found correctly.
[0.597s] 
[0.597s] [0m
[0.597s] [33mCMake Warning at CMakeLists.txt:94 (add_executable):
[0.597s]   Cannot generate a safe runtime search path for target
[0.597s]   base_arm_task_controller because there is a cycle in the constraint graph:
[0.598s] 
[0.598s]     dir 0 is [/usr/local/lib]
[0.598s]     dir 1 is [/opt/ros/humble/lib]
[0.598s]     dir 2 is [/opt/ros/humble/lib/x86_64-linux-gnu]
[0.598s]       dir 3 must precede it due to runtime library [libpinocchio_parsers.so.3.9.0]
[0.598s]     dir 3 is [/opt/openrobots/lib]
[0.598s]       dir 2 must precede it due to runtime library [libpinocchio_default.so.3.9.0]
[0.598s] 
[0.598s]   Some of these libraries may not be found correctly.
[0.598s] 
[0.598s] [0m
[0.599s] [33mCMake Warning at CMakeLists.txt:105 (add_executable):
[0.599s]   Cannot generate a safe runtime search path for target
[0.599s]   base_arm_task_controller_v2 because files in some directories may conflict
[0.599s]   with libraries in implicit directories:
[0.599s] 
[0.599s]     runtime library [liburdfdom_sensor.so.3.0] in /usr/lib/x86_64-linux-gnu may be hidden by files in:
[0.599s]       /opt/ros/humble/lib/x86_64-linux-gnu
[0.599s]     runtime library [liburdfdom_model_state.so.3.0] in /usr/lib/x86_64-linux-gnu may be hidden by files in:
[0.599s]       /opt/ros/humble/lib/x86_64-linux-gnu
[0.599s]     runtime library [liburdfdom_model.so.3.0] in /usr/lib/x86_64-linux-gnu may be hidden by files in:
[0.600s]       /opt/ros/humble/lib/x86_64-linux-gnu
[0.600s]     runtime library [liburdfdom_world.so.3.0] in /usr/lib/x86_64-linux-gnu may be hidden by files in:
[0.600s]       /opt/ros/humble/lib/x86_64-linux-gnu
[0.600s]     runtime library [liboctomap.so.1.9] in /usr/lib/x86_64-linux-gnu may be hidden by files in:
[0.600s]       /opt/ros/humble/lib/x86_64-linux-gnu
[0.600s]     runtime library [liboctomath.so.1.9] in /usr/lib/x86_64-linux-gnu may be hidden by files in:
[0.600s]       /opt/ros/humble/lib/x86_64-linux-gnu
[0.600s] 
[0.600s]   Some of these libraries may not be found correctly.
[0.600s] 
[0.600s] [0m
[0.600s] [33mCMake Warning at CMakeLists.txt:105 (add_executable):
[0.600s]   Cannot generate a safe runtime search path for target
[0.600s]   base_arm_task_controller_v2 because there is a cycle in the constraint
[0.600s]   graph:
[0.600s] 
[0.600s]     dir 0 is [/usr/local/lib]
[0.600s]     dir 1 is [/opt/ros/humble/lib]
[0.600s]     dir 2 is [/opt/ros/humble/lib/x86_64-linux-gnu]
[0.600s]       dir 3 must precede it due to runtime library [libpinocchio_parsers.so.3.9.0]
[0.600s]     dir 3 is [/opt/openrobots/lib]
[0.600s]       dir 2 must precede it due to runtime library [libpinocchio_default.so.3.9.0]
[0.600s] 
[0.600s]   Some of these libraries may not be found correctly.
[0.600s] 
[0.600s] [0m
[0.604s] [33mCMake Warning at CMakeLists.txt:129 (add_executable):
[0.604s]   Cannot generate a safe runtime search path for target pin_test because
[0.605s]   files in some directories may conflict with libraries in implicit
[0.605s]   directories:
[0.605s] 
[0.605s]     runtime library [liburdfdom_sensor.so.3.0] in /usr/lib/x86_64-linux-gnu may be hidden by files in:
[0.605s]       /opt/ros/humble/lib/x86_64-linux-gnu
[0.605s]     runtime library [liburdfdom_model_state.so.3.0] in /usr/lib/x86_64-linux-gnu may be hidden by files in:
[0.605s]       /opt/ros/humble/lib/x86_64-linux-gnu
[0.605s]     runtime library [liburdfdom_model.so.3.0] in /usr/lib/x86_64-linux-gnu may be hidden by files in:
[0.605s]       /opt/ros/humble/lib/x86_64-linux-gnu
[0.605s]     runtime library [liburdfdom_world.so.3.0] in /usr/lib/x86_64-linux-gnu may be hidden by files in:
[0.605s]       /opt/ros/humble/lib/x86_64-linux-gnu
[0.605s]     runtime library [liboctomap.so.1.9] in /usr/lib/x86_64-linux-gnu may be hidden by files in:
[0.605s]       /opt/ros/humble/lib/x86_64-linux-gnu
[0.605s]     runtime library [liboctomath.so.1.9] in /usr/lib/x86_64-linux-gnu may be hidden by files in:
[0.605s]       /opt/ros/humble/lib/x86_64-linux-gnu
[0.605s] 
[0.605s]   Some of these libraries may not be found correctly.
[0.606s] 
[0.606s] [0m
[0.606s] [33mCMake Warning at CMakeLists.txt:129 (add_executable):
[0.606s]   Cannot generate a safe runtime search path for target pin_test because
[0.606s]   there is a cycle in the constraint graph:
[0.606s] 
[0.606s]     dir 0 is [/opt/ros/humble/lib]
[0.606s]     dir 1 is [/opt/openrobots/lib]
[0.606s]       dir 2 must precede it due to runtime library [libpinocchio_default.so.3.9.0]
[0.606s]     dir 2 is [/opt/ros/humble/lib/x86_64-linux-gnu]
[0.606s]       dir 1 must precede it due to runtime library [libpinocchio_parsers.so.3.9.0]
[0.606s] 
[0.606s]   Some of these libraries may not be found correctly.
[0.606s] 
[0.606s] [0m
[0.610s] -- Generating done
[0.622s] -- Build files have been written to: /home/jin/harco/ecvt2_ws/build/ecvt2_controller
[0.627s] Invoked command in '/home/jin/harco/ecvt2_ws/build/ecvt2_controller' returned '0': CMAKE_PREFIX_PATH=${CMAKE_PREFIX_PATH}:/home/jin/harco/ecvt2_ws/install/ecvt2_sim:/opt/ros/humble /usr/bin/cmake /home/jin/harco/ecvt2_ws/ecvt2_controller -DAMENT_CMAKE_SYMLINK_INSTALL=1 -DCMAKE_INSTALL_PREFIX=/home/jin/harco/ecvt2_ws/install/ecvt2_controller
[0.629s] Invoking command in '/home/jin/harco/ecvt2_ws/build/ecvt2_controller': CMAKE_PREFIX_PATH=${CMAKE_PREFIX_PATH}:/home/jin/harco/ecvt2_ws/install/ecvt2_sim:/opt/ros/humble /usr/bin/cmake --build /home/jin/harco/ecvt2_ws/build/ecvt2_controller -- -j20 -l20
[0.654s] [35m[1mConsolidate compiler generated dependencies of target com_trajectory_publisher[0m
[0.655s] [35m[1mConsolidate compiler generated dependencies of target teleop_goal_publisher[0m
[0.655s] [35m[1mConsolidate compiler generated dependencies of target kdl_utils[0m
[0.656s] [35m[1mConsolidate compiler generated dependencies of target live_upper_dynamics_node[0m
[0.656s] [35m[1mConsolidate compiler generated dependencies of target vp_sto_global_planner_node[0m
[0.657s] [35m[1mConsolidate compiler generated dependencies of target wbc_hqp_lib[0m
[0.664s] [  7%] Built target com_trajectory_publisher
[0.666s] [ 15%] Built target teleop_goal_publisher
[0.667s] [ 23%] Built target wbc_hqp_lib
[0.672s] [ 30%] Built target kdl_utils
[0.676s] [ 38%] Built target vp_sto_global_planner_node
[0.677s] [ 46%] Built target live_upper_dynamics_node
[0.678s] [35m[1mConsolidate compiler generated dependencies of target wbc_hqp_v2[0m
[0.678s] [35m[1mConsolidate compiler generated dependencies of target wbc_hqp_v3[0m
[0.678s] [35m[1mConsolidate compiler generated dependencies of target base_arm_task_controller[0m
[0.679s] [35m[1mConsolidate compiler generated dependencies of target pin_test[0m
[0.680s] [35m[1mConsolidate compiler generated dependencies of target wbc_hqp[0m
[0.681s] [35m[1mConsolidate compiler generated dependencies of target base_opt_controller[0m
[0.681s] [35m[1mConsolidate compiler generated dependencies of target base_arm_task_controller_v2[0m
[0.689s] [ 53%] Built target wbc_hqp_v3
[0.689s] [ 61%] Built target wbc_hqp_v2
[0.691s] [ 69%] Built target base_opt_controller
[0.691s] [ 76%] Built target base_arm_task_controller
[0.692s] [ 84%] Built target wbc_hqp
[0.695s] [ 92%] Built target base_arm_task_controller_v2
[0.698s] [100%] Built target pin_test
[0.705s] Invoked command in '/home/jin/harco/ecvt2_ws/build/ecvt2_controller' returned '0': CMAKE_PREFIX_PATH=${CMAKE_PREFIX_PATH}:/home/jin/harco/ecvt2_ws/install/ecvt2_sim:/opt/ros/humble /usr/bin/cmake --build /home/jin/harco/ecvt2_ws/build/ecvt2_controller -- -j20 -l20
[0.707s] Invoking command in '/home/jin/harco/ecvt2_ws/build/ecvt2_controller': CMAKE_PREFIX_PATH=${CMAKE_PREFIX_PATH}:/home/jin/harco/ecvt2_ws/install/ecvt2_sim:/opt/ros/humble /usr/bin/cmake --install /home/jin/harco/ecvt2_ws/build/ecvt2_controller
[0.711s] -- Install configuration: ""
[0.711s] -- Execute custom install script
[0.711s] -- Up-to-date symlink: /home/jin/harco/ecvt2_ws/install/ecvt2_controller/lib/ecvt2_controller/teleop_goal_publisher
[0.712s] -- Up-to-date symlink: /home/jin/harco/ecvt2_ws/install/ecvt2_controller/lib/ecvt2_controller/live_upper_dynamics_node
[0.712s] -- Up-to-date symlink: /home/jin/harco/ecvt2_ws/install/ecvt2_controller/lib/ecvt2_controller/vp_sto_global_planner_node
[0.712s] -- Up-to-date symlink: /home/jin/harco/ecvt2_ws/install/ecvt2_controller/include/ecvt2_controller/kdl_utils.hpp
[0.712s] -- Up-to-date symlink: /home/jin/harco/ecvt2_ws/install/ecvt2_controller/include/ecvt2_controller/wbc_hqp_lib.hpp
[0.712s] -- Up-to-date symlink: /home/jin/harco/ecvt2_ws/install/ecvt2_controller/lib/libkdl_utils.a
[0.712s] -- Up-to-date symlink: /home/jin/harco/ecvt2_ws/install/ecvt2_controller/lib/libwbc_hqp_lib.a
[0.712s] -- Up-to-date symlink: /home/jin/harco/ecvt2_ws/install/ecvt2_controller/lib/ecvt2_controller/base_opt_controller
[0.713s] -- Up-to-date symlink: /home/jin/harco/ecvt2_ws/install/ecvt2_controller/lib/ecvt2_controller/wbc_hqp
[0.713s] -- Up-to-date symlink: /home/jin/harco/ecvt2_ws/install/ecvt2_controller/lib/ecvt2_controller/wbc_hqp_v2
[0.713s] -- Up-to-date symlink: /home/jin/harco/ecvt2_ws/install/ecvt2_controller/lib/ecvt2_controller/wbc_hqp_v3
[0.713s] -- Up-to-date symlink: /home/jin/harco/ecvt2_ws/install/ecvt2_controller/lib/ecvt2_controller/base_arm_task_controller
[0.713s] -- Up-to-date symlink: /home/jin/harco/ecvt2_ws/install/ecvt2_controller/lib/ecvt2_controller/base_arm_task_controller_v2
[0.713s] -- Up-to-date symlink: /home/jin/harco/ecvt2_ws/install/ecvt2_controller/lib/ecvt2_controller/teleop_goal_publisher
[0.713s] -- Up-to-date symlink: /home/jin/harco/ecvt2_ws/install/ecvt2_controller/lib/ecvt2_controller/com_trajectory_publisher
[0.713s] -- Up-to-date symlink: /home/jin/harco/ecvt2_ws/install/ecvt2_controller/lib/ecvt2_controller/pin_test
[0.713s] -- Up-to-date symlink: /home/jin/harco/ecvt2_ws/install/ecvt2_controller/share/ament_index/resource_index/package_run_dependencies/ecvt2_controller
[0.713s] -- Up-to-date symlink: /home/jin/harco/ecvt2_ws/install/ecvt2_controller/share/ament_index/resource_index/parent_prefix_path/ecvt2_controller
[0.713s] -- Up-to-date symlink: /home/jin/harco/ecvt2_ws/install/ecvt2_controller/share/ecvt2_controller/environment/ament_prefix_path.sh
[0.713s] -- Up-to-date symlink: /home/jin/harco/ecvt2_ws/install/ecvt2_controller/share/ecvt2_controller/environment/ament_prefix_path.dsv
[0.713s] -- Up-to-date symlink: /home/jin/harco/ecvt2_ws/install/ecvt2_controller/share/ecvt2_controller/environment/path.sh
[0.713s] -- Up-to-date symlink: /home/jin/harco/ecvt2_ws/install/ecvt2_controller/share/ecvt2_controller/environment/path.dsv
[0.713s] -- Up-to-date symlink: /home/jin/harco/ecvt2_ws/install/ecvt2_controller/share/ecvt2_controller/local_setup.bash
[0.714s] -- Up-to-date symlink: /home/jin/harco/ecvt2_ws/install/ecvt2_controller/share/ecvt2_controller/local_setup.sh
[0.714s] -- Up-to-date symlink: /home/jin/harco/ecvt2_ws/install/ecvt2_controller/share/ecvt2_controller/local_setup.zsh
[0.714s] -- Up-to-date symlink: /home/jin/harco/ecvt2_ws/install/ecvt2_controller/share/ecvt2_controller/local_setup.dsv
[0.714s] -- Symlinking: /home/jin/harco/ecvt2_ws/install/ecvt2_controller/share/ecvt2_controller/package.dsv
[0.719s] -- Up-to-date symlink: /home/jin/harco/ecvt2_ws/install/ecvt2_controller/share/ament_index/resource_index/packages/ecvt2_controller
[0.719s] -- Up-to-date symlink: /home/jin/harco/ecvt2_ws/install/ecvt2_controller/share/ecvt2_controller/cmake/ecvt2_controllerConfig.cmake
[0.719s] -- Up-to-date symlink: /home/jin/harco/ecvt2_ws/install/ecvt2_controller/share/ecvt2_controller/cmake/ecvt2_controllerConfig-version.cmake
[0.719s] -- Up-to-date symlink: /home/jin/harco/ecvt2_ws/install/ecvt2_controller/share/ecvt2_controller/package.xml
[0.721s] Invoked command in '/home/jin/harco/ecvt2_ws/build/ecvt2_controller' returned '0': CMAKE_PREFIX_PATH=${CMAKE_PREFIX_PATH}:/home/jin/harco/ecvt2_ws/install/ecvt2_sim:/opt/ros/humble /usr/bin/cmake --install /home/jin/harco/ecvt2_ws/build/ecvt2_controller
