[0.495s] Invoking command in '/home/jin/harco/ecvt2_ws/build/ecvt2_sim': PYTHONPATH=/home/jin/harco/ecvt2_ws/build/ecvt2_sim/prefix_override:/usr/lib/python3/dist-packages/colcon_core/task/python/colcon_distutils_commands:/home/jin/harco/ecvt2_ws/install/ecvt2_sim/lib/python3.10/site-packages:${PYTHONPATH} /usr/bin/python3 -W ignore:setup.py install is deprecated -W ignore:easy_install command is deprecated setup.py develop --editable --build-directory /home/jin/harco/ecvt2_ws/build/ecvt2_sim/build --no-deps symlink_data
[0.917s] running develop
[1.177s] running egg_info
[1.196s] writing ecvt2_sim.egg-info/PKG-INFO
[1.197s] writing dependency_links to ecvt2_sim.egg-info/dependency_links.txt
[1.197s] writing entry points to ecvt2_sim.egg-info/entry_points.txt
[1.198s] writing requirements to ecvt2_sim.egg-info/requires.txt
[1.198s] writing top-level names to ecvt2_sim.egg-info/top_level.txt
[1.239s] reading manifest file 'ecvt2_sim.egg-info/SOURCES.txt'
[1.241s] writing manifest file 'ecvt2_sim.egg-info/SOURCES.txt'
[1.320s] running build_ext
[1.320s] Creating /home/jin/harco/ecvt2_ws/install/ecvt2_sim/lib/python3.10/site-packages/ecvt2-sim.egg-link (link to .)
[1.321s] Installing plot_passive_csv script to /home/jin/harco/ecvt2_ws/install/ecvt2_sim/lib/ecvt2_sim
[1.322s] Installing plot_passive_joints script to /home/jin/harco/ecvt2_ws/install/ecvt2_sim/lib/ecvt2_sim
[1.322s] Installing robot_node script to /home/jin/harco/ecvt2_ws/install/ecvt2_sim/lib/ecvt2_sim
[1.322s] Installing sin_velocity_publisher script to /home/jin/harco/ecvt2_ws/install/ecvt2_sim/lib/ecvt2_sim
[1.322s] Installing test_robot_node script to /home/jin/harco/ecvt2_ws/install/ecvt2_sim/lib/ecvt2_sim
[1.322s] Installing test_upper_node script to /home/jin/harco/ecvt2_ws/install/ecvt2_sim/lib/ecvt2_sim
[1.323s] Installing upper_node script to /home/jin/harco/ecvt2_ws/install/ecvt2_sim/lib/ecvt2_sim
[1.323s] 
[1.323s] Installed /home/jin/harco/ecvt2_ws/build/ecvt2_sim
[1.323s] running symlink_data
[1.364s] Invoked command in '/home/jin/harco/ecvt2_ws/build/ecvt2_sim' returned '0': PYTHONPATH=/home/jin/harco/ecvt2_ws/build/ecvt2_sim/prefix_override:/usr/lib/python3/dist-packages/colcon_core/task/python/colcon_distutils_commands:/home/jin/harco/ecvt2_ws/install/ecvt2_sim/lib/python3.10/site-packages:${PYTHONPATH} /usr/bin/python3 -W ignore:setup.py install is deprecated -W ignore:easy_install command is deprecated setup.py develop --editable --build-directory /home/jin/harco/ecvt2_ws/build/ecvt2_sim/build --no-deps symlink_data
